Mplus VERSION 8.8 (Mac)
MUTHEN & MUTHEN
07/27/2025   9:40 PM

INPUT INSTRUCTIONS


    TITLE: Matched-pair Unconstrained Product Indicator

    DATA:
      FILE = matchupi_simdat_999.dat;
      FORMAT IS FREE;

    VARIABLE:
      NAMES = x1 x2 x3
      	    m1 m2 m3 m4 m5 m6
      	    m7 m8 m9 m10 m11 m12
      	    y1 y2 y3
      	    x1m10 x2m11 x3m12;
      USEVARIABLES = x1-x3m12;

    ANALYSIS:
      TYPE = general;
      ESTIMATOR = MLR;
    MODEL:
      !measurement model
      X BY x3 x2 x1;
      X (var_X);
      M BY m12 m11 m10 m9 m8 m7 m6 m5 m4 m3 m2 m1;
      M (var_M);
      Y BY y3 y2 y1;
      Y (resvar_Y);
      XM BY x3m12 x2m11 x1m10;
      XM (var_XM);

      !covariances between predictors
      X WITH M (cov_XM);
      X WITH XM (cov_XXM);
      M WITH XM (cov_MXM);

      !structural model
      Y ON X (b1);
      Y ON M (b2);
      Y ON XM (b3);

    MODEL CONSTRAINT:

      NEW(var_Y std_b1 std_b2 std_b3);
      var_Y = resvar_Y +
       (b1^2 * var_X +
        b2^2 * var_M +
        b3^2 * var_XM +
        2 * b1 * b2 * cov_XM +
        2 * b1 * b3 * cov_XXM +
        2 * b2 * b3 * cov_MXM);

        std_b1 = b1 * sqrt(var_X) / sqrt(var_Y);
        std_b2 = b2 * sqrt(var_M) / sqrt(var_Y);
        std_b3 = b3 * sqrt(var_X) * sqrt(var_M) / sqrt(var_Y);

    OUTPUT:
      sampstat tech1 CINTERVAL;

    SAVEDATA:
      RESULTS = matchupi_results_999.dat;




INPUT READING TERMINATED NORMALLY



Matched-pair Unconstrained Product Indicator

SUMMARY OF ANALYSIS

Number of groups                                                 1
Number of observations                                         100

Number of dependent variables                                   21
Number of independent variables                                  0
Number of continuous latent variables                            4

Observed dependent variables

  Continuous
   X1          X2          X3          M1          M2          M3
   M4          M5          M6          M7          M8          M9
   M10         M11         M12         Y1          Y2          Y3
   X1M10       X2M11       X3M12

Continuous latent variables
   X           M           Y           XM


Estimator                                                      MLR
Information matrix                                        OBSERVED
Maximum number of iterations                                  1000
Convergence criterion                                    0.500D-04
Maximum number of steepest descent iterations                   20

Input data file(s)
  matchupi_simdat_999.dat

Input data format  FREE


SAMPLE STATISTICS


     SAMPLE STATISTICS


           Means
              X1            X2            X3            M1            M2
              ________      ________      ________      ________      ________
                0.000         0.000         0.000         0.000         0.000


           Means
              M3            M4            M5            M6            M7
              ________      ________      ________      ________      ________
                0.000         0.000         0.000         0.000         0.000


           Means
              M8            M9            M10           M11           M12
              ________      ________      ________      ________      ________
                0.000         0.000         0.000         0.000         0.000


           Means
              Y1            Y2            Y3            X1M10         X2M11
              ________      ________      ________      ________      ________
                0.601         0.901         1.111         0.000         0.000


           Means
              X3M12
              ________
                0.000


           Covariances
              X1            X2            X3            M1            M2
              ________      ________      ________      ________      ________
 X1             0.250
 X2             0.074         0.245
 X3             0.080         0.066         0.250
 M1            -0.006         0.033         0.106         2.888
 M2            -0.072         0.003         0.002        -0.012         2.570
 M3            -0.049        -0.135         0.109        -0.292         0.379
 M4            -0.011         0.058         0.021         0.226         0.139
 M5             0.093         0.060         0.097        -0.035        -0.036
 M6             0.080         0.030         0.080         0.160        -0.020
 M7            -0.048         0.014        -0.022        -0.203         0.745
 M8             0.036        -0.170         0.084         0.000         0.238
 M9             0.010         0.051         0.170        -0.154         0.712
 M10            0.023         0.029         0.077         0.106         0.421
 M11           -0.044        -0.011         0.144        -0.099         0.605
 M12           -0.014        -0.060         0.124         0.227         0.677
 Y1             0.058        -0.018         0.149        -0.105         0.164
 Y2             0.118         0.025         0.070        -0.150         0.254
 Y3             0.158        -0.023         0.153        -0.058         0.222
 X1M10         -0.025        -0.032        -0.005         0.136        -0.026
 X2M11         -0.040        -0.002        -0.020         0.089         0.021
 X3M12          0.001        -0.019        -0.029         0.132        -0.001


           Covariances
              M3            M4            M5            M6            M7
              ________      ________      ________      ________      ________
 M3             2.526
 M4            -0.165         2.574
 M5             0.379        -0.117         2.340
 M6             0.290         0.080         0.530         2.280
 M7            -0.006        -0.042         0.201        -0.040         2.547
 M8             0.479         0.197         0.201         0.420         0.612
 M9             0.184         0.076         0.837         0.280         0.803
 M10            0.036        -0.263        -0.067        -0.020         0.786
 M11            0.196         0.040         0.413         0.210         0.397
 M12            0.390        -0.033         0.560         0.550         0.631
 Y1             0.146         0.077         0.116        -0.162        -0.034
 Y2             0.046         0.003         0.120         0.062         0.120
 Y3             0.436         0.000         0.167         0.042         0.141
 X1M10         -0.167        -0.065        -0.091        -0.072        -0.092
 X2M11          0.140        -0.012        -0.002         0.168        -0.080
 X3M12          0.174        -0.171        -0.066        -0.003        -0.215


           Covariances
              M8            M9            M10           M11           M12
              ________      ________      ________      ________      ________
 M8             2.262
 M9             0.494         2.480
 M10            0.525         0.362         2.062
 M11            0.476         0.349         0.464         2.268
 M12            0.780         0.879         0.606         1.037         2.185
 Y1             0.320         0.397         0.160         0.107         0.162
 Y2             0.180         0.248         0.242         0.118         0.254
 Y3             0.372         0.357         0.220         0.244         0.344
 X1M10         -0.087        -0.022        -0.176        -0.057        -0.156
 X2M11          0.131         0.057         0.000         0.175         0.077
 X3M12         -0.003        -0.172         0.031         0.014         0.049


           Covariances
              Y1            Y2            Y3            X1M10         X2M11
              ________      ________      ________      ________      ________
 Y1             0.750
 Y2             0.380         0.771
 Y3             0.553         0.605         1.232
 X1M10          0.119         0.050         0.012         0.536
 X2M11         -0.020         0.031         0.023         0.081         0.580
 X3M12          0.019         0.087         0.206         0.038         0.054


           Covariances
              X3M12
              ________
 X3M12          0.515


           Correlations
              X1            X2            X3            M1            M2
              ________      ________      ________      ________      ________
 X1             1.000
 X2             0.298         1.000
 X3             0.322         0.268         1.000
 M1            -0.008         0.039         0.125         1.000
 M2            -0.090         0.004         0.002        -0.004         1.000
 M3            -0.062        -0.171         0.138        -0.108         0.149
 M4            -0.014         0.073         0.026         0.083         0.054
 M5             0.121         0.079         0.127        -0.014        -0.015
 M6             0.106         0.040         0.106         0.062        -0.008
 M7            -0.060         0.018        -0.028        -0.075         0.291
 M8             0.047        -0.229         0.112         0.000         0.099
 M9             0.013         0.066         0.216        -0.057         0.282
 M10            0.032         0.040         0.107         0.044         0.183
 M11           -0.058        -0.015         0.191        -0.039         0.251
 M12           -0.018        -0.082         0.167         0.091         0.286
 Y1             0.133        -0.042         0.343        -0.072         0.118
 Y2             0.269         0.058         0.159        -0.100         0.180
 Y3             0.284        -0.041         0.276        -0.031         0.125
 X1M10         -0.069        -0.089        -0.014         0.109        -0.022
 X2M11         -0.104        -0.004        -0.054         0.069         0.017
 X3M12          0.003        -0.052        -0.081         0.108         0.000


           Correlations
              M3            M4            M5            M6            M7
              ________      ________      ________      ________      ________
 M3             1.000
 M4            -0.065         1.000
 M5             0.156        -0.048         1.000
 M6             0.121         0.033         0.229         1.000
 M7            -0.003        -0.016         0.082        -0.017         1.000
 M8             0.200         0.082         0.087         0.185         0.255
 M9             0.074         0.030         0.348         0.118         0.319
 M10            0.016        -0.114        -0.031        -0.009         0.343
 M11            0.082         0.017         0.179         0.092         0.165
 M12            0.166        -0.014         0.248         0.246         0.267
 Y1             0.106         0.056         0.088        -0.124        -0.024
 Y2             0.033         0.002         0.089         0.047         0.085
 Y3             0.247         0.000         0.098         0.025         0.080
 X1M10         -0.143        -0.055        -0.081        -0.065        -0.079
 X2M11          0.115        -0.010        -0.002         0.146        -0.066
 X3M12          0.153        -0.148        -0.061        -0.003        -0.188


           Correlations
              M8            M9            M10           M11           M12
              ________      ________      ________      ________      ________
 M8             1.000
 M9             0.209         1.000
 M10            0.243         0.160         1.000
 M11            0.210         0.147         0.215         1.000
 M12            0.351         0.377         0.286         0.466         1.000
 Y1             0.246         0.291         0.128         0.082         0.126
 Y2             0.136         0.180         0.192         0.089         0.195
 Y3             0.223         0.204         0.138         0.146         0.210
 X1M10         -0.079        -0.019        -0.168        -0.052        -0.144
 X2M11          0.114         0.048         0.000         0.153         0.068
 X3M12         -0.003        -0.152         0.030         0.013         0.046


           Correlations
              Y1            Y2            Y3            X1M10         X2M11
              ________      ________      ________      ________      ________
 Y1             1.000
 Y2             0.500         1.000
 Y3             0.575         0.621         1.000
 X1M10          0.188         0.078         0.015         1.000
 X2M11         -0.031         0.047         0.027         0.146         1.000
 X3M12          0.030         0.139         0.258         0.072         0.098


           Correlations
              X3M12
              ________
 X3M12          1.000


UNIVARIATE SAMPLE STATISTICS


     UNIVARIATE HIGHER-ORDER MOMENT DESCRIPTIVE STATISTICS

         Variable/         Mean/     Skewness/   Minimum/ % with                Percentiles
        Sample Size      Variance    Kurtosis    Maximum  Min/Max      20%/60%    40%/80%    Median

     X1                    0.000       0.080      -0.480   52.00%      -0.480     -0.480     -0.480
             100.000       0.250      -1.994       0.520   48.00%       0.520      0.520
     X2                    0.000       0.283      -0.430   57.00%      -0.430     -0.430     -0.430
             100.000       0.245      -1.920       0.570   43.00%       0.570      0.570
     X3                    0.000      -0.080      -0.520   48.00%      -0.520     -0.520      0.480
             100.000       0.250      -1.994       0.480   52.00%       0.480      0.480
     M1                    0.000      -0.172      -2.180   29.00%      -2.180     -1.180      0.320
             100.000       2.888      -1.680       1.820   38.00%       0.820      1.820
     M2                    0.000       0.061      -1.900   32.00%      -1.900     -0.900      0.100
             100.000       2.570      -1.582       2.100   25.00%       1.100      2.100
     M3                    0.000      -0.287      -2.290   23.00%      -2.290     -0.290      0.210
             100.000       2.526      -1.473       1.710   36.00%       0.710      1.710
     M4                    0.000      -0.195      -2.190   24.00%      -2.190     -1.190      0.810
             100.000       2.574      -1.584       1.810   32.00%       0.810      1.810
     M5                    0.000      -0.169      -2.140   23.00%      -2.140     -0.140     -0.140
             100.000       2.340      -1.462       1.860   27.00%       0.860      1.860
     M6                    0.000       0.087      -2.000   22.00%      -2.000     -1.000      0.000
             100.000       2.280      -1.430       2.000   27.00%       0.000      2.000
     M7                    0.000       0.157      -1.850   32.00%      -1.850     -0.850      0.150
             100.000       2.548      -1.525       2.150   26.00%       0.150      2.150
     M8                    0.000      -0.271      -2.280   19.00%      -1.280     -0.280      0.220
             100.000       2.262      -1.377       1.720   31.00%       0.720      1.720
     M9                    0.000       0.044      -2.020   25.00%      -2.020     -1.020     -0.020
             100.000       2.480      -1.526       1.980   30.00%      -0.020      1.980
     M10                   0.000       0.117      -1.910   23.00%      -1.910     -0.910      0.090
             100.000       2.062      -1.265       2.090   21.00%       0.090      2.090
     M11                   0.000      -0.155      -2.050   26.00%      -2.050     -0.050     -0.050
             100.000       2.267      -1.424       1.950   22.00%       0.950      1.950
     M12                   0.000      -0.120      -2.070   23.00%      -2.070     -0.070     -0.070
             100.000       2.185      -1.376       1.930   23.00%       0.930      1.930
     Y1                    0.601      -0.061      -1.852    1.00%      -0.118      0.345      0.607
             100.000       0.750      -0.042       2.911    1.00%       0.811      1.244
     Y2                    0.901      -0.014      -1.139    1.00%       0.039      0.622      0.884
             100.000       0.771      -0.554       2.949    1.00%       1.144      1.683
     Y3                    1.111       0.043      -1.466    1.00%       0.068      0.809      1.219
             100.000       1.232      -0.083       4.333    1.00%       1.373      1.931
     X1M10                 0.000      -0.172      -1.127   10.00%      -0.637     -0.157     -0.087
             100.000       0.536      -1.313       0.953   16.00%       0.323      0.803
     X2M11                 0.000       0.043      -1.157   13.00%      -0.827     -0.397     -0.017
             100.000       0.580      -1.267       1.123   13.00%       0.033      0.893
     X3M12                 0.000      -0.028      -1.026   10.00%      -1.016     -0.066      0.024
             100.000       0.515      -1.249       1.064   11.00%       0.024      0.894


     THIS ANALYSIS MAY HAVE MULTIPLE SOLUTIONS.  EXPLORE THIS USING RANDOM STARTS,
     FOR EXAMPLE, STARTS = 20.  USE A LARGE ENOUGH NUMBER OF STARTS SO THAT THE
     BEST FIT FUNCTION VALUE IS REPLICATED SEVERAL TIMES.


THE MODEL ESTIMATION TERMINATED NORMALLY

     THE STANDARD ERRORS OF THE MODEL PARAMETER ESTIMATES MAY NOT BE
     TRUSTWORTHY FOR SOME PARAMETERS DUE TO A NON-POSITIVE DEFINITE
     FIRST-ORDER DERIVATIVE PRODUCT MATRIX.  THIS MAY BE DUE TO THE STARTING
     VALUES BUT MAY ALSO BE AN INDICATION OF MODEL NONIDENTIFICATION.  THE
     CONDITION NUMBER IS      -0.476D-14.  PROBLEM INVOLVING THE FOLLOWING PARAMETER:
     Parameter 40, X2

     THIS IS MOST LIKELY DUE TO VARIABLE X1 BEING DICHOTOMOUS BUT
     DECLARED AS CONTINUOUS.




MODEL FIT INFORMATION

Number of Free Parameters                       69

Loglikelihood

          H0 Value                       -3061.797
          H0 Scaling Correction Factor      0.8897
            for MLR
          H1 Value                       -2965.476
          H1 Scaling Correction Factor      0.9668
            for MLR

Information Criteria

          Akaike (AIC)                    6261.595
          Bayesian (BIC)                  6441.351
          Sample-Size Adjusted BIC        6223.432
            (n* = (n + 2) / 24)

Chi-Square Test of Model Fit

          Value                            193.454*
          Degrees of Freedom                   183
          P-Value                           0.2840
          Scaling Correction Factor         0.9958
            for MLR

*   The chi-square value for MLM, MLMV, MLR, ULSMV, WLSM and WLSMV cannot be used
    for chi-square difference testing in the regular way.  MLM, MLR and WLSM
    chi-square difference testing is described on the Mplus website.  MLMV, WLSMV,
    and ULSMV difference testing is done using the DIFFTEST option.

RMSEA (Root Mean Square Error Of Approximation)

          Estimate                           0.024
          90 Percent C.I.                    0.000  0.051
          Probability RMSEA <= .05           0.940

CFI/TLI

          CFI                                0.954
          TLI                                0.947

Chi-Square Test of Model Fit for the Baseline Model

          Value                            435.041
          Degrees of Freedom                   210
          P-Value                           0.0000

SRMR (Standardized Root Mean Square Residual)

          Value                              0.074



MODEL RESULTS

                                                    Two-Tailed
                    Estimate       S.E.  Est./S.E.    P-Value

 X        BY
    X3                 1.000      0.000    999.000    999.000
    X2                 0.661      0.408      1.618      0.106
    X1                 1.074      0.822      1.306      0.192

 M        BY
    M12                1.000      0.000    999.000    999.000
    M11                0.696      0.130      5.360      0.000
    M10                0.529      0.169      3.133      0.002
    M9                 0.774      0.225      3.446      0.001
    M8                 0.654      0.191      3.430      0.001
    M7                 0.653      0.230      2.838      0.005
    M6                 0.324      0.163      1.992      0.046
    M5                 0.452      0.191      2.368      0.018
    M4                 0.015      0.176      0.088      0.930
    M3                 0.336      0.166      2.024      0.043
    M2                 0.604      0.190      3.172      0.002
    M1                -0.013      0.196     -0.067      0.947

 Y        BY
    Y3                 1.000      0.000    999.000    999.000
    Y2                 0.676      0.113      5.978      0.000
    Y1                 0.615      0.122      5.036      0.000

 XM       BY
    X3M12              1.000      0.000    999.000    999.000
    X2M11              0.340      0.668      0.509      0.611
    X1M10              0.796      0.776      1.026      0.305

 Y        ON
    X                  1.876      1.498      1.252      0.211
    M                  0.388      0.473      0.819      0.413
    XM                 2.357      3.623      0.651      0.515

 X        WITH
    M                  0.042      0.104      0.404      0.686
    XM                -0.021      0.029     -0.728      0.467

 M        WITH
    XM                -0.063      0.124     -0.506      0.613

 Intercepts
    X1                 0.000      0.050      0.000      1.000
    X2                 0.000      0.050      0.000      1.000
    X3                 0.000      0.050      0.000      1.000
    M1                 0.000      0.170      0.000      1.000
    M2                 0.000      0.160      0.000      1.000
    M3                 0.000      0.159      0.000      1.000
    M4                 0.000      0.160      0.000      1.000
    M5                 0.000      0.153      0.000      1.000
    M6                 0.000      0.151      0.000      1.000
    M7                 0.000      0.160      0.000      1.000
    M8                 0.000      0.150      0.000      1.000
    M9                 0.000      0.157      0.000      1.000
    M10                0.000      0.144      0.000      1.000
    M11                0.000      0.151      0.000      1.000
    M12                0.000      0.148      0.000      1.000
    Y1                 0.601      0.087      6.946      0.000
    Y2                 0.901      0.088     10.262      0.000
    Y3                 1.111      0.111     10.006      0.000
    X1M10              0.000      0.073      0.000      1.000
    X2M11              0.000      0.076      0.000      1.000
    X3M12              0.000      0.072      0.000      1.000

 Variances
    X                  0.085      0.071      1.196      0.232
    M                  1.187      0.325      3.650      0.000
    XM                 0.079      0.114      0.698      0.485

 Residual Variances
    X1                 0.151      0.074      2.043      0.041
    X2                 0.208      0.027      7.639      0.000
    X3                 0.164      0.072      2.289      0.022
    M1                 2.887      0.163     17.708      0.000
    M2                 2.137      0.241      8.880      0.000
    M3                 2.392      0.201     11.908      0.000
    M4                 2.574      0.166     15.485      0.000
    M5                 2.098      0.223      9.387      0.000
    M6                 2.155      0.200     10.760      0.000
    M7                 2.041      0.281      7.250      0.000
    M8                 1.754      0.253      6.919      0.000
    M9                 1.768      0.274      6.446      0.000
    M10                1.729      0.223      7.755      0.000
    M11                1.693      0.250      6.768      0.000
    M12                0.998      0.255      3.912      0.000
    Y1                 0.410      0.073      5.623      0.000
    Y2                 0.360      0.070      5.133      0.000
    Y3                 0.332      0.135      2.459      0.014
    X1M10              0.486      0.069      7.048      0.000
    X2M11              0.571      0.061      9.358      0.000
    X3M12              0.436      0.115      3.777      0.000
    Y                  0.222      0.665      0.334      0.738

New/Additional Parameters
    VAR_Y              0.900      0.220      4.087      0.000
    STD_B1             0.578      0.353      1.636      0.102
    STD_B2             0.445      0.523      0.852      0.394
    STD_B3             0.791      1.117      0.708      0.479


QUALITY OF NUMERICAL RESULTS

     Condition Number for the Information Matrix              0.261E-04
       (ratio of smallest to largest eigenvalue)


CONFIDENCE INTERVALS OF MODEL RESULTS

                  Lower .5%  Lower 2.5%    Lower 5%    Estimate    Upper 5%  Upper 2.5%   Upper .5%

 X        BY
    X3               1.000       1.000       1.000       1.000       1.000       1.000       1.000
    X2              -0.391      -0.139      -0.011       0.661       1.332       1.461       1.712
    X1              -1.044      -0.538      -0.279       1.074       2.427       2.686       3.193

 M        BY
    M12              1.000       1.000       1.000       1.000       1.000       1.000       1.000
    M11              0.361       0.441       0.482       0.696       0.909       0.950       1.030
    M10              0.094       0.198       0.251       0.529       0.807       0.860       0.964
    M9               0.195       0.334       0.405       0.774       1.144       1.215       1.353
    M8               0.163       0.280       0.340       0.654       0.968       1.028       1.145
    M7               0.060       0.202       0.275       0.653       1.032       1.105       1.246
    M6              -0.095       0.005       0.056       0.324       0.592       0.643       0.743
    M5              -0.040       0.078       0.138       0.452       0.766       0.826       0.944
    M4              -0.438      -0.330      -0.274       0.015       0.305       0.360       0.469
    M3              -0.092       0.011       0.063       0.336       0.609       0.662       0.764
    M2               0.114       0.231       0.291       0.604       0.918       0.978       1.095
    M1              -0.518      -0.397      -0.335      -0.013       0.309       0.371       0.492

 Y        BY
    Y3               1.000       1.000       1.000       1.000       1.000       1.000       1.000
    Y2               0.385       0.454       0.490       0.676       0.862       0.897       0.967
    Y1               0.300       0.375       0.414       0.615       0.815       0.854       0.929

 XM       BY
    X3M12            1.000       1.000       1.000       1.000       1.000       1.000       1.000
    X2M11           -1.382      -0.970      -0.759       0.340       1.440       1.650       2.062
    X1M10           -1.202      -0.724      -0.480       0.796       2.072       2.316       2.794

 Y        ON
    X               -1.984      -1.061      -0.589       1.876       4.341       4.813       5.736
    M               -0.832      -0.540      -0.391       0.388       1.166       1.315       1.607
    XM              -6.974      -4.743      -3.602       2.357       8.316       9.457      11.688

 X        WITH
    M               -0.226      -0.162      -0.129       0.042       0.213       0.246       0.310
    XM              -0.097      -0.079      -0.070      -0.021       0.027       0.036       0.054

 M        WITH
    XM              -0.383      -0.307      -0.267      -0.063       0.142       0.181       0.257

 Intercepts
    X1              -0.129      -0.098      -0.082       0.000       0.082       0.098       0.129
    X2              -0.128      -0.097      -0.081       0.000       0.081       0.097       0.128
    X3              -0.129      -0.098      -0.082       0.000       0.082       0.098       0.129
    M1              -0.438      -0.333      -0.280       0.000       0.280       0.333       0.438
    M2              -0.413      -0.314      -0.264       0.000       0.264       0.314       0.413
    M3              -0.409      -0.312      -0.261       0.000       0.261       0.312       0.409
    M4              -0.413      -0.314      -0.264       0.000       0.264       0.314       0.413
    M5              -0.394      -0.300      -0.252       0.000       0.252       0.300       0.394
    M6              -0.389      -0.296      -0.248       0.000       0.248       0.296       0.389
    M7              -0.411      -0.313      -0.263       0.000       0.263       0.313       0.411
    M8              -0.387      -0.295      -0.247       0.000       0.247       0.295       0.387
    M9              -0.406      -0.309      -0.259       0.000       0.259       0.309       0.406
    M10             -0.370      -0.281      -0.236       0.000       0.236       0.281       0.370
    M11             -0.388      -0.295      -0.248       0.000       0.248       0.295       0.388
    M12             -0.381      -0.290      -0.243       0.000       0.243       0.290       0.381
    Y1               0.378       0.432       0.459       0.601       0.744       0.771       0.825
    Y2               0.675       0.729       0.757       0.901       1.045       1.073       1.127
    Y3               0.825       0.893       0.928       1.111       1.293       1.328       1.396
    X1M10           -0.189      -0.144      -0.120       0.000       0.120       0.144       0.189
    X2M11           -0.196      -0.149      -0.125       0.000       0.125       0.149       0.196
    X3M12           -0.185      -0.141      -0.118       0.000       0.118       0.141       0.185

 Variances
    X               -0.099      -0.055      -0.032       0.085       0.203       0.225       0.269
    M                0.349       0.550       0.652       1.187       1.722       1.825       2.025
    XM              -0.214      -0.143      -0.108       0.079       0.267       0.302       0.372

 Residual Variances
    X1              -0.039       0.006       0.029       0.151       0.273       0.296       0.342
    X2               0.138       0.155       0.163       0.208       0.253       0.261       0.278
    X3              -0.021       0.024       0.046       0.164       0.282       0.305       0.349
    M1               2.467       2.568       2.619       2.887       3.156       3.207       3.307
    M2               1.517       1.665       1.741       2.137       2.532       2.608       2.756
    M3               1.874       1.998       2.061       2.392       2.722       2.785       2.909
    M4               2.146       2.248       2.300       2.574       2.847       2.899       3.002
    M5               1.522       1.660       1.730       2.098       2.466       2.536       2.674
    M6               1.639       1.763       1.826       2.155       2.485       2.548       2.671
    M7               1.316       1.489       1.578       2.041       2.504       2.592       2.766
    M8               1.101       1.257       1.337       1.754       2.171       2.251       2.407
    M9               1.062       1.230       1.317       1.768       2.219       2.306       2.474
    M10              1.155       1.292       1.362       1.729       2.096       2.166       2.304
    M11              1.049       1.203       1.282       1.693       2.105       2.184       2.338
    M12              0.341       0.498       0.578       0.998       1.417       1.498       1.655
    Y1               0.222       0.267       0.290       0.410       0.530       0.553       0.598
    Y2               0.179       0.223       0.245       0.360       0.475       0.497       0.541
    Y3              -0.016       0.067       0.110       0.332       0.554       0.597       0.680
    X1M10            0.308       0.351       0.373       0.486       0.600       0.621       0.664
    X2M11            0.414       0.451       0.471       0.571       0.671       0.691       0.728
    X3M12            0.139       0.210       0.246       0.436       0.626       0.662       0.733
    Y               -1.491      -1.081      -0.872       0.222       1.317       1.526       1.936

New/Additional Parameters
    VAR_Y            0.333       0.468       0.538       0.900       1.262       1.331       1.467
    STD_B1          -0.332      -0.114      -0.003       0.578       1.159       1.270       1.487
    STD_B2          -0.901      -0.579      -0.415       0.445       1.305       1.470       1.792
    STD_B3          -2.086      -1.398      -1.046       0.791       2.628       2.980       3.668


TECHNICAL 1 OUTPUT


     PARAMETER SPECIFICATION


           NU
              X1            X2            X3            M1            M2
              ________      ________      ________      ________      ________
                  1             2             3             4             5


           NU
              M3            M4            M5            M6            M7
              ________      ________      ________      ________      ________
                  6             7             8             9            10


           NU
              M8            M9            M10           M11           M12
              ________      ________      ________      ________      ________
                 11            12            13            14            15


           NU
              Y1            Y2            Y3            X1M10         X2M11
              ________      ________      ________      ________      ________
                 16            17            18            19            20


           NU
              X3M12
              ________
                 21


           LAMBDA
              X             M             Y             XM
              ________      ________      ________      ________
 X1                22             0             0             0
 X2                23             0             0             0
 X3                 0             0             0             0
 M1                 0            24             0             0
 M2                 0            25             0             0
 M3                 0            26             0             0
 M4                 0            27             0             0
 M5                 0            28             0             0
 M6                 0            29             0             0
 M7                 0            30             0             0
 M8                 0            31             0             0
 M9                 0            32             0             0
 M10                0            33             0             0
 M11                0            34             0             0
 M12                0             0             0             0
 Y1                 0             0            35             0
 Y2                 0             0            36             0
 Y3                 0             0             0             0
 X1M10              0             0             0            37
 X2M11              0             0             0            38
 X3M12              0             0             0             0


           THETA
              X1            X2            X3            M1            M2
              ________      ________      ________      ________      ________
 X1                39
 X2                 0            40
 X3                 0             0            41
 M1                 0             0             0            42
 M2                 0             0             0             0            43
 M3                 0             0             0             0             0
 M4                 0             0             0             0             0
 M5                 0             0             0             0             0
 M6                 0             0             0             0             0
 M7                 0             0             0             0             0
 M8                 0             0             0             0             0
 M9                 0             0             0             0             0
 M10                0             0             0             0             0
 M11                0             0             0             0             0
 M12                0             0             0             0             0
 Y1                 0             0             0             0             0
 Y2                 0             0             0             0             0
 Y3                 0             0             0             0             0
 X1M10              0             0             0             0             0
 X2M11              0             0             0             0             0
 X3M12              0             0             0             0             0


           THETA
              M3            M4            M5            M6            M7
              ________      ________      ________      ________      ________
 M3                44
 M4                 0            45
 M5                 0             0            46
 M6                 0             0             0            47
 M7                 0             0             0             0            48
 M8                 0             0             0             0             0
 M9                 0             0             0             0             0
 M10                0             0             0             0             0
 M11                0             0             0             0             0
 M12                0             0             0             0             0
 Y1                 0             0             0             0             0
 Y2                 0             0             0             0             0
 Y3                 0             0             0             0             0
 X1M10              0             0             0             0             0
 X2M11              0             0             0             0             0
 X3M12              0             0             0             0             0


           THETA
              M8            M9            M10           M11           M12
              ________      ________      ________      ________      ________
 M8                49
 M9                 0            50
 M10                0             0            51
 M11                0             0             0            52
 M12                0             0             0             0            53
 Y1                 0             0             0             0             0
 Y2                 0             0             0             0             0
 Y3                 0             0             0             0             0
 X1M10              0             0             0             0             0
 X2M11              0             0             0             0             0
 X3M12              0             0             0             0             0


           THETA
              Y1            Y2            Y3            X1M10         X2M11
              ________      ________      ________      ________      ________
 Y1                54
 Y2                 0            55
 Y3                 0             0            56
 X1M10              0             0             0            57
 X2M11              0             0             0             0            58
 X3M12              0             0             0             0             0


           THETA
              X3M12
              ________
 X3M12             59


           ALPHA
              X             M             Y             XM
              ________      ________      ________      ________
                  0             0             0             0


           BETA
              X             M             Y             XM
              ________      ________      ________      ________
 X                  0             0             0             0
 M                  0             0             0             0
 Y                 60            61             0            62
 XM                 0             0             0             0


           PSI
              X             M             Y             XM
              ________      ________      ________      ________
 X                 63
 M                 64            65
 Y                  0             0            66
 XM                67            68             0            69


     PARAMETER SPECIFICATION FOR THE ADDITIONAL PARAMETERS


           New/Additional Parameters
              VAR_Y         STD_B1        STD_B2        STD_B3
              ________      ________      ________      ________
                   70            71            72            73


     STARTING VALUES


           NU
              X1            X2            X3            M1            M2
              ________      ________      ________      ________      ________
                0.000         0.000         0.000         0.000         0.000


           NU
              M3            M4            M5            M6            M7
              ________      ________      ________      ________      ________
                0.000         0.000         0.000         0.000         0.000


           NU
              M8            M9            M10           M11           M12
              ________      ________      ________      ________      ________
                0.000         0.000         0.000         0.000         0.000


           NU
              Y1            Y2            Y3            X1M10         X2M11
              ________      ________      ________      ________      ________
                0.601         0.901         1.111         0.000         0.000


           NU
              X3M12
              ________
                0.000


           LAMBDA
              X             M             Y             XM
              ________      ________      ________      ________
 X1             1.108         0.000         0.000         0.000
 X2             0.915         0.000         0.000         0.000
 X3             1.000         0.000         0.000         0.000
 M1             0.000         1.000         0.000         0.000
 M2             0.000         1.000         0.000         0.000
 M3             0.000         1.000         0.000         0.000
 M4             0.000         1.000         0.000         0.000
 M5             0.000         1.000         0.000         0.000
 M6             0.000         1.000         0.000         0.000
 M7             0.000         1.000         0.000         0.000
 M8             0.000         1.000         0.000         0.000
 M9             0.000         1.000         0.000         0.000
 M10            0.000         1.000         0.000         0.000
 M11            0.000         1.000         0.000         0.000
 M12            0.000         1.000         0.000         0.000
 Y1             0.000         0.000         0.629         0.000
 Y2             0.000         0.000         0.688         0.000
 Y3             0.000         0.000         1.000         0.000
 X1M10          0.000         0.000         0.000         1.515
 X2M11          0.000         0.000         0.000         2.144
 X3M12          0.000         0.000         0.000         1.000


           THETA
              X1            X2            X3            M1            M2
              ________      ________      ________      ________      ________
 X1             0.125
 X2             0.000         0.123
 X3             0.000         0.000         0.125
 M1             0.000         0.000         0.000         1.444
 M2             0.000         0.000         0.000         0.000         1.285
 M3             0.000         0.000         0.000         0.000         0.000
 M4             0.000         0.000         0.000         0.000         0.000
 M5             0.000         0.000         0.000         0.000         0.000
 M6             0.000         0.000         0.000         0.000         0.000
 M7             0.000         0.000         0.000         0.000         0.000
 M8             0.000         0.000         0.000         0.000         0.000
 M9             0.000         0.000         0.000         0.000         0.000
 M10            0.000         0.000         0.000         0.000         0.000
 M11            0.000         0.000         0.000         0.000         0.000
 M12            0.000         0.000         0.000         0.000         0.000
 Y1             0.000         0.000         0.000         0.000         0.000
 Y2             0.000         0.000         0.000         0.000         0.000
 Y3             0.000         0.000         0.000         0.000         0.000
 X1M10          0.000         0.000         0.000         0.000         0.000
 X2M11          0.000         0.000         0.000         0.000         0.000
 X3M12          0.000         0.000         0.000         0.000         0.000


           THETA
              M3            M4            M5            M6            M7
              ________      ________      ________      ________      ________
 M3             1.263
 M4             0.000         1.287
 M5             0.000         0.000         1.170
 M6             0.000         0.000         0.000         1.140
 M7             0.000         0.000         0.000         0.000         1.274
 M8             0.000         0.000         0.000         0.000         0.000
 M9             0.000         0.000         0.000         0.000         0.000
 M10            0.000         0.000         0.000         0.000         0.000
 M11            0.000         0.000         0.000         0.000         0.000
 M12            0.000         0.000         0.000         0.000         0.000
 Y1             0.000         0.000         0.000         0.000         0.000
 Y2             0.000         0.000         0.000         0.000         0.000
 Y3             0.000         0.000         0.000         0.000         0.000
 X1M10          0.000         0.000         0.000         0.000         0.000
 X2M11          0.000         0.000         0.000         0.000         0.000
 X3M12          0.000         0.000         0.000         0.000         0.000


           THETA
              M8            M9            M10           M11           M12
              ________      ________      ________      ________      ________
 M8             1.131
 M9             0.000         1.240
 M10            0.000         0.000         1.031
 M11            0.000         0.000         0.000         1.134
 M12            0.000         0.000         0.000         0.000         1.093
 Y1             0.000         0.000         0.000         0.000         0.000
 Y2             0.000         0.000         0.000         0.000         0.000
 Y3             0.000         0.000         0.000         0.000         0.000
 X1M10          0.000         0.000         0.000         0.000         0.000
 X2M11          0.000         0.000         0.000         0.000         0.000
 X3M12          0.000         0.000         0.000         0.000         0.000


           THETA
              Y1            Y2            Y3            X1M10         X2M11
              ________      ________      ________      ________      ________
 Y1             0.375
 Y2             0.000         0.385
 Y3             0.000         0.000         0.616
 X1M10          0.000         0.000         0.000         0.268
 X2M11          0.000         0.000         0.000         0.000         0.290
 X3M12          0.000         0.000         0.000         0.000         0.000


           THETA
              X3M12
              ________
 X3M12          0.258


           ALPHA
              X             M             Y             XM
              ________      ________      ________      ________
                0.000         0.000         0.000         0.000


           BETA
              X             M             Y             XM
              ________      ________      ________      ________
 X              0.000         0.000         0.000         0.000
 M              0.000         0.000         0.000         0.000
 Y              0.000         0.000         0.000         0.000
 XM             0.000         0.000         0.000         0.000


           PSI
              X             M             Y             XM
              ________      ________      ________      ________
 X              0.050
 M              0.000         0.050
 Y              0.000         0.000         0.050
 XM             0.000         0.000         0.000         0.050


     STARTING VALUES FOR THE ADDITIONAL PARAMETERS


           New/Additional Parameters
              VAR_Y         STD_B1        STD_B2        STD_B3
              ________      ________      ________      ________
                0.500         0.500         0.500         0.500


RESULTS SAVING INFORMATION

  Order of data

    Parameter estimates
     (saved in order shown in Technical 1 output)
    Standard errors
     (saved in order shown in Technical 1 output)
    Number of Free Parameters
    H0 Loglikelihood
    H0 Scaling Correction Factor for MLR
    H1 Loglikelihood
    H1 Scaling Correction Factor for MLR
    Akaike (AIC)
    Bayesian (BIC)
    Sample-Size Adjusted BIC
    Chi-square : Value
    Chi-square : Degrees of Freedom
    Chi-square : P-Value
    Chi-square : Scaling Correction Factor for MLR/MLM/WLSM
    CFI
    TLI
    RMSEA : Estimate
    RMSEA : Low CI
    RMSEA : High CI
    RMSEA : Probability
    SRMR
    Condition Number

  Save file
    matchupi_results_999.dat

  Save file format           Free


     Beginning Time:  21:40:29
        Ending Time:  21:40:29
       Elapsed Time:  00:00:00



MUTHEN & MUTHEN
3463 Stoner Ave.
Los Angeles, CA  90066

Tel: (310) 391-9971
Fax: (310) 391-8971
Web: www.StatModel.com
Support: Support@StatModel.com

Copyright (c) 1998-2022 Muthen & Muthen
