Mplus VERSION 8.8 (Mac)
MUTHEN & MUTHEN
07/27/2025   6:57 PM

INPUT INSTRUCTIONS


    TITLE: Matched-pair Unconstrained Product Indicator

    DATA:
      FILE = matchupi_simdat_1708.dat;
      FORMAT IS FREE;

    VARIABLE:
      NAMES = x1 x2 x3
      	    m1 m2 m3 m4 m5 m6
      	    m7 m8 m9 m10 m11 m12
      	    y1 y2 y3
      	    x1m10 x2m11 x3m12;
      USEVARIABLES = x1-x3m12;

    ANALYSIS:
      TYPE = general;
      ESTIMATOR = MLR;
    MODEL:
      !measurement model
      X BY x3 x2 x1;
      X (var_X);
      M BY m12 m11 m10 m9 m8 m7 m6 m5 m4 m3 m2 m1;
      M (var_M);
      Y BY y3 y2 y1;
      Y (resvar_Y);
      XM BY x3m12 x2m11 x1m10;
      XM (var_XM);

      !covariances between predictors
      X WITH M (cov_XM);
      X WITH XM (cov_XXM);
      M WITH XM (cov_MXM);

      !structural model
      Y ON X (b1);
      Y ON M (b2);
      Y ON XM (b3);

    MODEL CONSTRAINT:

      NEW(var_Y std_b1 std_b2 std_b3);
      var_Y = resvar_Y +
       (b1^2 * var_X +
        b2^2 * var_M +
        b3^2 * var_XM +
        2 * b1 * b2 * cov_XM +
        2 * b1 * b3 * cov_XXM +
        2 * b2 * b3 * cov_MXM);

        std_b1 = b1 * sqrt(var_X) / sqrt(var_Y);
        std_b2 = b2 * sqrt(var_M) / sqrt(var_Y);
        std_b3 = b3 * sqrt(var_X) * sqrt(var_M) / sqrt(var_Y);

    OUTPUT:
      sampstat tech1 CINTERVAL;

    SAVEDATA:
      RESULTS = matchupi_results_1708.dat;




INPUT READING TERMINATED NORMALLY



Matched-pair Unconstrained Product Indicator

SUMMARY OF ANALYSIS

Number of groups                                                 1
Number of observations                                         100

Number of dependent variables                                   21
Number of independent variables                                  0
Number of continuous latent variables                            4

Observed dependent variables

  Continuous
   X1          X2          X3          M1          M2          M3
   M4          M5          M6          M7          M8          M9
   M10         M11         M12         Y1          Y2          Y3
   X1M10       X2M11       X3M12

Continuous latent variables
   X           M           Y           XM


Estimator                                                      MLR
Information matrix                                        OBSERVED
Maximum number of iterations                                  1000
Convergence criterion                                    0.500D-04
Maximum number of steepest descent iterations                   20

Input data file(s)
  matchupi_simdat_1708.dat

Input data format  FREE


SAMPLE STATISTICS


     SAMPLE STATISTICS


           Means
              X1            X2            X3            M1            M2
              ________      ________      ________      ________      ________
                0.000         0.000         0.000         0.000         0.000


           Means
              M3            M4            M5            M6            M7
              ________      ________      ________      ________      ________
                0.000         0.000         0.000         0.000         0.000


           Means
              M8            M9            M10           M11           M12
              ________      ________      ________      ________      ________
                0.000         0.000         0.000         0.000         0.000


           Means
              Y1            Y2            Y3            X1M10         X2M11
              ________      ________      ________      ________      ________
                0.550         0.862         1.012         0.000         0.000


           Means
              X3M12
              ________
                0.000


           Covariances
              X1            X2            X3            M1            M2
              ________      ________      ________      ________      ________
 X1             0.250
 X2             0.060         0.250
 X3             0.095         0.055         0.250
 M1             0.074         0.134         0.135         2.773
 M2             0.014         0.044         0.175        -0.152         2.422
 M3             0.047        -0.073         0.115        -0.148        -0.175
 M4             0.115         0.125         0.075         0.076         0.247
 M5             0.048         0.168        -0.060        -0.003         0.194
 M6            -0.029        -0.039        -0.020        -0.012        -0.055
 M7             0.038         0.068         0.030        -0.146         0.112
 M8             0.096         0.135         0.185         0.017         0.194
 M9             0.026         0.076         0.095        -0.041         0.286
 M10            0.125         0.125         0.105         0.201         0.211
 M11            0.076         0.156        -0.005         0.202         0.048
 M12            0.115         0.175         0.165         0.509         0.199
 Y1             0.059         0.050         0.070         0.047        -0.043
 Y2             0.093         0.069         0.152        -0.192         0.201
 Y3             0.081         0.154         0.149        -0.199         0.227
 X1M10          0.055        -0.035         0.000        -0.092         0.037
 X2M11         -0.041         0.003        -0.012         0.095         0.070
 X3M12          0.003         0.074         0.013         0.088         0.098


           Covariances
              M3            M4            M5            M6            M7
              ________      ________      ________      ________      ________
 M3             2.401
 M4             0.565         2.489
 M5             0.011         0.345         2.288
 M6             0.350         0.372         0.451         2.076
 M7             0.084         0.524         0.114         0.462         2.200
 M8            -0.099         0.181         0.199        -0.043         0.130
 M9             0.378         0.162         0.053         0.246         0.514
 M10            0.388         0.430         0.482         0.499         0.442
 M11            0.505         0.213         0.386         0.465         0.488
 M12            0.562         0.410         0.378         0.361         0.358
 Y1             0.094        -0.067        -0.089         0.199         0.156
 Y2             0.101        -0.089        -0.029         0.028         0.000
 Y3             0.205         0.148         0.150        -0.129         0.262
 X1M10          0.113        -0.209        -0.201        -0.100        -0.197
 X2M11         -0.025         0.021        -0.118        -0.126        -0.085
 X3M12         -0.093         0.062         0.017        -0.132        -0.091


           Covariances
              M8            M9            M10           M11           M12
              ________      ________      ________      ________      ________
 M8             2.548
 M9             0.456         2.225
 M10            0.629         0.599         2.310
 M11            0.455         0.624         0.619         2.282
 M12            0.431         0.851         0.930         0.941         2.290
 Y1             0.028         0.146         0.061         0.042         0.291
 Y2             0.377         0.204         0.257         0.060         0.293
 Y3             0.364         0.112         0.549         0.260         0.581
 X1M10         -0.061        -0.066         0.144         0.055         0.038
 X2M11          0.055         0.004        -0.117         0.010        -0.095
 X3M12          0.084        -0.003         0.016         0.094         0.074


           Covariances
              Y1            Y2            Y3            X1M10         X2M11
              ________      ________      ________      ________      ________
 Y1             0.732
 Y2             0.414         0.956
 Y3             0.345         0.651         1.245
 X1M10          0.039         0.116         0.124         0.545
 X2M11          0.045        -0.024         0.033         0.053         0.546
 X3M12         -0.017         0.168         0.119         0.053         0.064


           Covariances
              X3M12
              ________
 X3M12          0.562


           Correlations
              X1            X2            X3            M1            M2
              ________      ________      ________      ________      ________
 X1             1.000
 X2             0.240         1.000
 X3             0.380         0.220         1.000
 M1             0.089         0.161         0.162         1.000
 M2             0.018         0.057         0.225        -0.059         1.000
 M3             0.060        -0.095         0.148        -0.057        -0.072
 M4             0.145         0.158         0.095         0.029         0.101
 M5             0.064         0.222        -0.079        -0.001         0.082
 M6            -0.041        -0.055        -0.028        -0.005        -0.024
 M7             0.051         0.092         0.040        -0.059         0.049
 M8             0.120         0.170         0.232         0.006         0.078
 M9             0.034         0.102         0.127        -0.016         0.123
 M10            0.165         0.165         0.138         0.080         0.089
 M11            0.101         0.206        -0.007         0.080         0.020
 M12            0.152         0.231         0.218         0.202         0.085
 Y1             0.139         0.118         0.163         0.033        -0.032
 Y2             0.189         0.141         0.311        -0.118         0.132
 Y3             0.145         0.276         0.267        -0.107         0.131
 X1M10          0.149        -0.096         0.000        -0.075         0.032
 X2M11         -0.110         0.008        -0.034         0.077         0.061
 X3M12          0.007         0.199         0.034         0.070         0.084


           Correlations
              M3            M4            M5            M6            M7
              ________      ________      ________      ________      ________
 M3             1.000
 M4             0.231         1.000
 M5             0.005         0.144         1.000
 M6             0.157         0.164         0.207         1.000
 M7             0.037         0.224         0.051         0.216         1.000
 M8            -0.040         0.072         0.082        -0.019         0.055
 M9             0.164         0.069         0.023         0.114         0.232
 M10            0.165         0.179         0.210         0.228         0.196
 M11            0.216         0.089         0.169         0.213         0.218
 M12            0.240         0.172         0.165         0.165         0.160
 Y1             0.071        -0.050        -0.069         0.161         0.123
 Y2             0.067        -0.057        -0.019         0.020         0.000
 Y3             0.119         0.084         0.089        -0.080         0.158
 X1M10          0.099        -0.180        -0.180        -0.094        -0.180
 X2M11         -0.022         0.018        -0.106        -0.118        -0.078
 X3M12         -0.080         0.052         0.015        -0.122        -0.082


           Correlations
              M8            M9            M10           M11           M12
              ________      ________      ________      ________      ________
 M8             1.000
 M9             0.192         1.000
 M10            0.260         0.264         1.000
 M11            0.189         0.277         0.270         1.000
 M12            0.178         0.377         0.404         0.412         1.000
 Y1             0.020         0.114         0.047         0.033         0.225
 Y2             0.241         0.140         0.173         0.041         0.198
 Y3             0.204         0.067         0.324         0.154         0.344
 X1M10         -0.052        -0.060         0.129         0.049         0.034
 X2M11          0.046         0.003        -0.104         0.009        -0.085
 X3M12          0.070        -0.003         0.014         0.083         0.066


           Correlations
              Y1            Y2            Y3            X1M10         X2M11
              ________      ________      ________      ________      ________
 Y1             1.000
 Y2             0.495         1.000
 Y3             0.362         0.596         1.000
 X1M10          0.061         0.161         0.150         1.000
 X2M11          0.071        -0.033         0.040         0.097         1.000
 X3M12         -0.027         0.230         0.143         0.096         0.116


           Correlations
              X3M12
              ________
 X3M12          1.000


UNIVARIATE SAMPLE STATISTICS


     UNIVARIATE HIGHER-ORDER MOMENT DESCRIPTIVE STATISTICS

         Variable/         Mean/     Skewness/   Minimum/ % with                Percentiles
        Sample Size      Variance    Kurtosis    Maximum  Min/Max      20%/60%    40%/80%    Median

     X1                    0.000       0.040      -0.490   51.00%      -0.490     -0.490     -0.490
             100.000       0.250      -1.998       0.510   49.00%       0.510      0.510
     X2                    0.000       0.040      -0.490   51.00%      -0.490     -0.490     -0.490
             100.000       0.250      -1.998       0.510   49.00%       0.510      0.510
     X3                    0.000       0.000      -0.500   50.00%      -0.500     -0.500      0.000
             100.000       0.250      -2.000       0.500   50.00%       0.500      0.500
     M1                    0.000       0.090      -1.870   37.00%      -1.870     -0.870      0.130
             100.000       2.773      -1.632       2.130   28.00%       0.130      2.130
     M2                    0.000       0.118      -1.910   28.00%      -1.910     -0.910      0.090
             100.000       2.422      -1.474       2.090   26.00%       0.090      2.090
     M3                    0.000      -0.172      -2.170   23.00%      -2.170     -0.170     -0.170
             100.000       2.401      -1.472       1.830   30.00%       0.830      1.830
     M4                    0.000       0.111      -1.970   25.00%      -1.970     -0.970      0.030
             100.000       2.489      -1.546       2.030   29.00%       0.030      2.030
     M5                    0.000       0.116      -1.820   30.00%      -1.820     -0.820      0.180
             100.000       2.288      -1.463       2.180   19.00%       0.180      1.180
     M6                    0.000      -0.085      -2.060   22.00%      -2.060     -0.060     -0.060
             100.000       2.076      -1.261       1.940   23.00%      -0.060      1.940
     M7                    0.000       0.125      -1.800   30.00%      -1.800     -0.800      0.200
             100.000       2.200      -1.389       2.200   18.00%       0.200      1.200
     M8                    0.000      -0.067      -2.050   29.00%      -2.050     -0.050     -0.050
             100.000       2.547      -1.514       1.950   30.00%       0.950      1.950
     M9                    0.000      -0.138      -2.070   25.00%      -2.070     -0.070     -0.070
             100.000       2.225      -1.349       1.930   24.00%       0.930      1.930
     M10                   0.000       0.000      -2.010   25.00%      -2.010     -0.010     -0.010
             100.000       2.310      -1.420       1.990   26.00%      -0.010      1.990
     M11                   0.000      -0.048      -2.090   22.00%      -2.090     -0.090     -0.090
             100.000       2.282      -1.418       1.910   28.00%       0.910      1.910
     M12                   0.000       0.017      -1.990   24.00%      -1.990     -0.990      0.010
             100.000       2.290      -1.465       2.010   24.00%       1.010      2.010
     Y1                    0.550       0.211      -1.339    1.00%      -0.241      0.257      0.457
             100.000       0.732      -0.645       2.565    1.00%       0.704      1.322
     Y2                    0.862       0.146      -1.602    1.00%       0.066      0.597      0.791
             100.000       0.956      -0.218       3.314    1.00%       1.028      1.795
     Y3                    1.012       0.350      -1.384    1.00%       0.027      0.613      1.013
             100.000       1.245       0.089       4.536    1.00%       1.333      1.820
     X1M10                 0.000      -0.318      -1.170    8.00%      -0.670     -0.170      0.330
             100.000       0.545      -1.326       0.840   16.00%       0.340      0.830
     X2M11                 0.000      -0.215      -1.222    7.00%      -0.712     -0.202     -0.112
             100.000       0.546      -1.361       0.868   15.00%       0.378      0.818
     X3M12                 0.000      -0.199      -1.150    9.00%      -0.640     -0.130     -0.120
             100.000       0.562      -1.365       0.890   16.00%       0.370      0.860


     THIS ANALYSIS MAY HAVE MULTIPLE SOLUTIONS.  EXPLORE THIS USING RANDOM STARTS,
     FOR EXAMPLE, STARTS = 20.  USE A LARGE ENOUGH NUMBER OF STARTS SO THAT THE
     BEST FIT FUNCTION VALUE IS REPLICATED SEVERAL TIMES.


THE MODEL ESTIMATION TERMINATED NORMALLY

     THE STANDARD ERRORS OF THE MODEL PARAMETER ESTIMATES MAY NOT BE
     TRUSTWORTHY FOR SOME PARAMETERS DUE TO A NON-POSITIVE DEFINITE
     FIRST-ORDER DERIVATIVE PRODUCT MATRIX.  THIS MAY BE DUE TO THE STARTING
     VALUES BUT MAY ALSO BE AN INDICATION OF MODEL NONIDENTIFICATION.  THE
     CONDITION NUMBER IS       0.143D-14.  PROBLEM INVOLVING THE FOLLOWING PARAMETER:
     Parameter 40, X2

     THIS IS MOST LIKELY DUE TO VARIABLE X1 BEING DICHOTOMOUS BUT
     DECLARED AS CONTINUOUS.




MODEL FIT INFORMATION

Number of Free Parameters                       69

Loglikelihood

          H0 Value                       -3075.332
          H0 Scaling Correction Factor      0.8808
            for MLR
          H1 Value                       -2983.641
          H1 Scaling Correction Factor      0.9614
            for MLR

Information Criteria

          Akaike (AIC)                    6288.664
          Bayesian (BIC)                  6468.421
          Sample-Size Adjusted BIC        6250.502
            (n* = (n + 2) / 24)

Chi-Square Test of Model Fit

          Value                            184.903*
          Degrees of Freedom                   183
          P-Value                           0.4467
          Scaling Correction Factor         0.9918
            for MLR

*   The chi-square value for MLM, MLMV, MLR, ULSMV, WLSM and WLSMV cannot be used
    for chi-square difference testing in the regular way.  MLM, MLR and WLSM
    chi-square difference testing is described on the Mplus website.  MLMV, WLSMV,
    and ULSMV difference testing is done using the DIFFTEST option.

RMSEA (Root Mean Square Error Of Approximation)

          Estimate                           0.010
          90 Percent C.I.                    0.000  0.046
          Probability RMSEA <= .05           0.975

CFI/TLI

          CFI                                0.990
          TLI                                0.989

Chi-Square Test of Model Fit for the Baseline Model

          Value                            401.872
          Degrees of Freedom                   210
          P-Value                           0.0000

SRMR (Standardized Root Mean Square Residual)

          Value                              0.072



MODEL RESULTS

                                                    Two-Tailed
                    Estimate       S.E.  Est./S.E.    P-Value

 X        BY
    X3                 1.000      0.000    999.000    999.000
    X2                 0.649      0.302      2.148      0.032
    X1                 0.844      0.241      3.504      0.000

 M        BY
    M12                1.000      0.000    999.000    999.000
    M11                0.751      0.162      4.641      0.000
    M10                0.834      0.191      4.363      0.000
    M9                 0.678      0.165      4.102      0.000
    M8                 0.474      0.185      2.563      0.010
    M7                 0.448      0.195      2.300      0.021
    M6                 0.408      0.197      2.065      0.039
    M5                 0.358      0.186      1.928      0.054
    M4                 0.425      0.207      2.053      0.040
    M3                 0.446      0.176      2.530      0.011
    M2                 0.204      0.176      1.164      0.244
    M1                 0.197      0.182      1.086      0.277

 Y        BY
    Y3                 1.000      0.000    999.000    999.000
    Y2                 1.019      0.291      3.501      0.000
    Y1                 0.586      0.148      3.959      0.000

 XM       BY
    X3M12              1.000      0.000    999.000    999.000
    X2M11              0.478      0.650      0.735      0.462
    X1M10              0.877      0.927      0.946      0.344

 Y        ON
    X                  0.893      0.607      1.470      0.141
    M                  0.150      0.160      0.937      0.349
    XM                 1.252      1.227      1.020      0.308

 X        WITH
    M                  0.152      0.064      2.385      0.017
    XM                 0.014      0.035      0.388      0.698

 M        WITH
    XM                -0.001      0.106     -0.005      0.996

 Intercepts
    X1                 0.000      0.050      0.000      1.000
    X2                 0.000      0.050      0.000      1.000
    X3                 0.000      0.050      0.000      1.000
    M1                 0.000      0.167      0.000      1.000
    M2                 0.000      0.156      0.000      1.000
    M3                 0.000      0.155      0.000      1.000
    M4                 0.000      0.158      0.000      1.000
    M5                 0.000      0.151      0.000      1.000
    M6                 0.000      0.144      0.000      1.000
    M7                 0.000      0.148      0.000      1.000
    M8                 0.000      0.160      0.000      1.000
    M9                 0.000      0.149      0.000      1.000
    M10                0.000      0.152      0.000      1.000
    M11                0.000      0.151      0.000      1.000
    M12                0.000      0.151      0.000      1.000
    Y1                 0.550      0.086      6.424      0.000
    Y2                 0.862      0.098      8.817      0.000
    Y3                 1.012      0.112      9.071      0.000
    X1M10              0.000      0.074      0.000      1.000
    X2M11              0.000      0.074      0.000      1.000
    X3M12              0.000      0.075      0.000      1.000

 Variances
    X                  0.104      0.042      2.489      0.013
    M                  1.154      0.327      3.532      0.000
    XM                 0.083      0.103      0.810      0.418

 Residual Variances
    X1                 0.176      0.033      5.368      0.000
    X2                 0.206      0.029      7.064      0.000
    X3                 0.146      0.042      3.480      0.001
    M1                 2.728      0.187     14.608      0.000
    M2                 2.374      0.183     12.960      0.000
    M3                 2.172      0.204     10.661      0.000
    M4                 2.281      0.240      9.517      0.000
    M5                 2.140      0.196     10.895      0.000
    M6                 1.885      0.207      9.123      0.000
    M7                 1.968      0.217      9.089      0.000
    M8                 2.288      0.226     10.114      0.000
    M9                 1.695      0.219      7.748      0.000
    M10                1.507      0.232      6.504      0.000
    M11                1.631      0.255      6.407      0.000
    M12                1.136      0.298      3.810      0.000
    Y1                 0.510      0.088      5.830      0.000
    Y2                 0.285      0.147      1.936      0.053
    Y3                 0.599      0.169      3.540      0.000
    X1M10              0.481      0.085      5.659      0.000
    X2M11              0.527      0.067      7.866      0.000
    X3M12              0.479      0.104      4.589      0.000
    Y                  0.336      0.174      1.935      0.053

New/Additional Parameters
    VAR_Y              0.647      0.236      2.743      0.006
    STD_B1             0.358      0.217      1.649      0.099
    STD_B2             0.201      0.196      1.020      0.308
    STD_B3             0.540      0.540      1.000      0.317


QUALITY OF NUMERICAL RESULTS

     Condition Number for the Information Matrix              0.241E-03
       (ratio of smallest to largest eigenvalue)


CONFIDENCE INTERVALS OF MODEL RESULTS

                  Lower .5%  Lower 2.5%    Lower 5%    Estimate    Upper 5%  Upper 2.5%   Upper .5%

 X        BY
    X3               1.000       1.000       1.000       1.000       1.000       1.000       1.000
    X2              -0.129       0.057       0.152       0.649       1.146       1.241       1.427
    X1               0.224       0.372       0.448       0.844       1.241       1.317       1.465

 M        BY
    M12              1.000       1.000       1.000       1.000       1.000       1.000       1.000
    M11              0.334       0.434       0.485       0.751       1.017       1.068       1.167
    M10              0.342       0.459       0.520       0.834       1.149       1.209       1.327
    M9               0.252       0.354       0.406       0.678       0.949       1.001       1.103
    M8              -0.002       0.112       0.170       0.474       0.778       0.836       0.950
    M7              -0.054       0.066       0.128       0.448       0.769       0.831       0.951
    M6              -0.101       0.021       0.083       0.408       0.732       0.795       0.916
    M5              -0.120      -0.006       0.052       0.358       0.663       0.722       0.836
    M4              -0.108       0.019       0.084       0.425       0.765       0.830       0.957
    M3              -0.008       0.100       0.156       0.446       0.735       0.791       0.899
    M2              -0.248      -0.140      -0.084       0.204       0.493       0.548       0.656
    M1              -0.271      -0.159      -0.102       0.197       0.496       0.554       0.666

 Y        BY
    Y3               1.000       1.000       1.000       1.000       1.000       1.000       1.000
    Y2               0.269       0.449       0.540       1.019       1.498       1.590       1.769
    Y1               0.205       0.296       0.343       0.586       0.829       0.876       0.967

 XM       BY
    X3M12            1.000       1.000       1.000       1.000       1.000       1.000       1.000
    X2M11           -1.197      -0.796      -0.592       0.478       1.547       1.752       2.152
    X1M10           -1.510      -0.940      -0.648       0.877       2.402       2.694       3.265

 Y        ON
    X               -0.671      -0.297      -0.106       0.893       1.891       2.082       2.456
    M               -0.262      -0.164      -0.113       0.150       0.414       0.464       0.563
    XM              -1.908      -1.153      -0.766       1.252       3.271       3.657       4.413

 X        WITH
    M               -0.012       0.027       0.047       0.152       0.256       0.276       0.315
    XM              -0.077      -0.055      -0.044       0.014       0.072       0.083       0.104

 M        WITH
    XM              -0.274      -0.208      -0.175      -0.001       0.174       0.207       0.272

 Intercepts
    X1              -0.129      -0.098      -0.082       0.000       0.082       0.098       0.129
    X2              -0.129      -0.098      -0.082       0.000       0.082       0.098       0.129
    X3              -0.129      -0.098      -0.082       0.000       0.082       0.098       0.129
    M1              -0.429      -0.326      -0.274       0.000       0.274       0.326       0.429
    M2              -0.401      -0.305      -0.256       0.000       0.256       0.305       0.401
    M3              -0.399      -0.304      -0.255       0.000       0.255       0.304       0.399
    M4              -0.406      -0.309      -0.260       0.000       0.260       0.309       0.406
    M5              -0.390      -0.296      -0.249       0.000       0.249       0.296       0.390
    M6              -0.371      -0.282      -0.237       0.000       0.237       0.282       0.371
    M7              -0.382      -0.291      -0.244       0.000       0.244       0.291       0.382
    M8              -0.411      -0.313      -0.263       0.000       0.263       0.313       0.411
    M9              -0.384      -0.292      -0.245       0.000       0.245       0.292       0.384
    M10             -0.391      -0.298      -0.250       0.000       0.250       0.298       0.391
    M11             -0.389      -0.296      -0.248       0.000       0.248       0.296       0.389
    M12             -0.390      -0.297      -0.249       0.000       0.249       0.297       0.390
    Y1               0.329       0.382       0.409       0.550       0.690       0.717       0.770
    Y2               0.610       0.671       0.701       0.862       1.023       1.054       1.114
    Y3               0.725       0.794       0.829       1.012       1.196       1.231       1.300
    X1M10           -0.190      -0.145      -0.121       0.000       0.121       0.145       0.190
    X2M11           -0.190      -0.145      -0.122       0.000       0.122       0.145       0.190
    X3M12           -0.193      -0.147      -0.123       0.000       0.123       0.147       0.193

 Variances
    X               -0.004       0.022       0.035       0.104       0.173       0.186       0.212
    M                0.313       0.514       0.617       1.154       1.692       1.795       1.996
    XM              -0.181      -0.118      -0.086       0.083       0.252       0.284       0.347

 Residual Variances
    X1               0.091       0.111       0.122       0.176       0.229       0.240       0.260
    X2               0.131       0.149       0.158       0.206       0.254       0.263       0.281
    X3               0.038       0.064       0.077       0.146       0.215       0.228       0.254
    M1               2.247       2.362       2.421       2.728       3.035       3.094       3.209
    M2               1.902       2.015       2.072       2.374       2.675       2.733       2.845
    M3               1.647       1.773       1.837       2.172       2.507       2.571       2.697
    M4               1.664       1.811       1.887       2.281       2.675       2.751       2.898
    M5               1.634       1.755       1.817       2.140       2.463       2.525       2.646
    M6               1.352       1.480       1.545       1.885       2.224       2.289       2.417
    M7               1.410       1.544       1.612       1.968       2.324       2.392       2.526
    M8               1.706       1.845       1.916       2.288       2.660       2.732       2.871
    M9               1.132       1.266       1.335       1.695       2.055       2.124       2.259
    M10              0.910       1.052       1.125       1.507       1.888       1.961       2.103
    M11              0.976       1.132       1.213       1.631       2.050       2.130       2.287
    M12              0.368       0.551       0.645       1.136       1.626       1.720       1.903
    Y1               0.285       0.339       0.366       0.510       0.654       0.682       0.736
    Y2              -0.094      -0.004       0.043       0.285       0.527       0.573       0.663
    Y3               0.163       0.267       0.320       0.599       0.877       0.930       1.034
    X1M10            0.262       0.315       0.341       0.481       0.621       0.648       0.700
    X2M11            0.355       0.396       0.417       0.527       0.637       0.659       0.700
    X3M12            0.210       0.274       0.307       0.479       0.650       0.683       0.747
    Y               -0.111      -0.004       0.050       0.336       0.622       0.677       0.784

New/Additional Parameters
    VAR_Y            0.039       0.185       0.259       0.647       1.035       1.109       1.254
    STD_B1          -0.201      -0.067       0.001       0.358       0.716       0.784       0.918
    STD_B2          -0.306      -0.185      -0.123       0.201       0.524       0.586       0.707
    STD_B3          -0.851      -0.518      -0.348       0.540       1.428       1.598       1.931


TECHNICAL 1 OUTPUT


     PARAMETER SPECIFICATION


           NU
              X1            X2            X3            M1            M2
              ________      ________      ________      ________      ________
                  1             2             3             4             5


           NU
              M3            M4            M5            M6            M7
              ________      ________      ________      ________      ________
                  6             7             8             9            10


           NU
              M8            M9            M10           M11           M12
              ________      ________      ________      ________      ________
                 11            12            13            14            15


           NU
              Y1            Y2            Y3            X1M10         X2M11
              ________      ________      ________      ________      ________
                 16            17            18            19            20


           NU
              X3M12
              ________
                 21


           LAMBDA
              X             M             Y             XM
              ________      ________      ________      ________
 X1                22             0             0             0
 X2                23             0             0             0
 X3                 0             0             0             0
 M1                 0            24             0             0
 M2                 0            25             0             0
 M3                 0            26             0             0
 M4                 0            27             0             0
 M5                 0            28             0             0
 M6                 0            29             0             0
 M7                 0            30             0             0
 M8                 0            31             0             0
 M9                 0            32             0             0
 M10                0            33             0             0
 M11                0            34             0             0
 M12                0             0             0             0
 Y1                 0             0            35             0
 Y2                 0             0            36             0
 Y3                 0             0             0             0
 X1M10              0             0             0            37
 X2M11              0             0             0            38
 X3M12              0             0             0             0


           THETA
              X1            X2            X3            M1            M2
              ________      ________      ________      ________      ________
 X1                39
 X2                 0            40
 X3                 0             0            41
 M1                 0             0             0            42
 M2                 0             0             0             0            43
 M3                 0             0             0             0             0
 M4                 0             0             0             0             0
 M5                 0             0             0             0             0
 M6                 0             0             0             0             0
 M7                 0             0             0             0             0
 M8                 0             0             0             0             0
 M9                 0             0             0             0             0
 M10                0             0             0             0             0
 M11                0             0             0             0             0
 M12                0             0             0             0             0
 Y1                 0             0             0             0             0
 Y2                 0             0             0             0             0
 Y3                 0             0             0             0             0
 X1M10              0             0             0             0             0
 X2M11              0             0             0             0             0
 X3M12              0             0             0             0             0


           THETA
              M3            M4            M5            M6            M7
              ________      ________      ________      ________      ________
 M3                44
 M4                 0            45
 M5                 0             0            46
 M6                 0             0             0            47
 M7                 0             0             0             0            48
 M8                 0             0             0             0             0
 M9                 0             0             0             0             0
 M10                0             0             0             0             0
 M11                0             0             0             0             0
 M12                0             0             0             0             0
 Y1                 0             0             0             0             0
 Y2                 0             0             0             0             0
 Y3                 0             0             0             0             0
 X1M10              0             0             0             0             0
 X2M11              0             0             0             0             0
 X3M12              0             0             0             0             0


           THETA
              M8            M9            M10           M11           M12
              ________      ________      ________      ________      ________
 M8                49
 M9                 0            50
 M10                0             0            51
 M11                0             0             0            52
 M12                0             0             0             0            53
 Y1                 0             0             0             0             0
 Y2                 0             0             0             0             0
 Y3                 0             0             0             0             0
 X1M10              0             0             0             0             0
 X2M11              0             0             0             0             0
 X3M12              0             0             0             0             0


           THETA
              Y1            Y2            Y3            X1M10         X2M11
              ________      ________      ________      ________      ________
 Y1                54
 Y2                 0            55
 Y3                 0             0            56
 X1M10              0             0             0            57
 X2M11              0             0             0             0            58
 X3M12              0             0             0             0             0


           THETA
              X3M12
              ________
 X3M12             59


           ALPHA
              X             M             Y             XM
              ________      ________      ________      ________
                  0             0             0             0


           BETA
              X             M             Y             XM
              ________      ________      ________      ________
 X                  0             0             0             0
 M                  0             0             0             0
 Y                 60            61             0            62
 XM                 0             0             0             0


           PSI
              X             M             Y             XM
              ________      ________      ________      ________
 X                 63
 M                 64            65
 Y                  0             0            66
 XM                67            68             0            69


     PARAMETER SPECIFICATION FOR THE ADDITIONAL PARAMETERS


           New/Additional Parameters
              VAR_Y         STD_B1        STD_B2        STD_B3
              ________      ________      ________      ________
                   70            71            72            73


     STARTING VALUES


           NU
              X1            X2            X3            M1            M2
              ________      ________      ________      ________      ________
                0.000         0.000         0.000         0.000         0.000


           NU
              M3            M4            M5            M6            M7
              ________      ________      ________      ________      ________
                0.000         0.000         0.000         0.000         0.000


           NU
              M8            M9            M10           M11           M12
              ________      ________      ________      ________      ________
                0.000         0.000         0.000         0.000         0.000


           NU
              Y1            Y2            Y3            X1M10         X2M11
              ________      ________      ________      ________      ________
                0.550         0.862         1.012         0.000         0.000


           NU
              X3M12
              ________
                0.000


           LAMBDA
              X             M             Y             XM
              ________      ________      ________      ________
 X1             1.089         0.000         0.000         0.000
 X2             0.631         0.000         0.000         0.000
 X3             1.000         0.000         0.000         0.000
 M1             0.000         1.324         0.000         0.000
 M2             0.000         0.287         0.000         0.000
 M3             0.000         1.113         0.000         0.000
 M4             0.000        -0.245         0.000         0.000
 M5             0.000         0.644         0.000         0.000
 M6             0.000         0.160         0.000         0.000
 M7             0.000         0.366         0.000         0.000
 M8             0.000         0.672         0.000         0.000
 M9             0.000         0.685         0.000         0.000
 M10            0.000         0.688         0.000         0.000
 M11            0.000         0.643         0.000         0.000
 M12            0.000         1.000         0.000         0.000
 Y1             0.000         0.000         0.636         0.000
 Y2             0.000         0.000         1.198         0.000
 Y3             0.000         0.000         1.000         0.000
 X1M10          0.000         0.000         0.000         0.828
 X2M11          0.000         0.000         0.000         1.003
 X3M12          0.000         0.000         0.000         1.000


           THETA
              X1            X2            X3            M1            M2
              ________      ________      ________      ________      ________
 X1             0.125
 X2             0.000         0.125
 X3             0.000         0.000         0.125
 M1             0.000         0.000         0.000         1.387
 M2             0.000         0.000         0.000         0.000         1.211
 M3             0.000         0.000         0.000         0.000         0.000
 M4             0.000         0.000         0.000         0.000         0.000
 M5             0.000         0.000         0.000         0.000         0.000
 M6             0.000         0.000         0.000         0.000         0.000
 M7             0.000         0.000         0.000         0.000         0.000
 M8             0.000         0.000         0.000         0.000         0.000
 M9             0.000         0.000         0.000         0.000         0.000
 M10            0.000         0.000         0.000         0.000         0.000
 M11            0.000         0.000         0.000         0.000         0.000
 M12            0.000         0.000         0.000         0.000         0.000
 Y1             0.000         0.000         0.000         0.000         0.000
 Y2             0.000         0.000         0.000         0.000         0.000
 Y3             0.000         0.000         0.000         0.000         0.000
 X1M10          0.000         0.000         0.000         0.000         0.000
 X2M11          0.000         0.000         0.000         0.000         0.000
 X3M12          0.000         0.000         0.000         0.000         0.000


           THETA
              M3            M4            M5            M6            M7
              ________      ________      ________      ________      ________
 M3             1.201
 M4             0.000         1.245
 M5             0.000         0.000         1.144
 M6             0.000         0.000         0.000         1.038
 M7             0.000         0.000         0.000         0.000         1.100
 M8             0.000         0.000         0.000         0.000         0.000
 M9             0.000         0.000         0.000         0.000         0.000
 M10            0.000         0.000         0.000         0.000         0.000
 M11            0.000         0.000         0.000         0.000         0.000
 M12            0.000         0.000         0.000         0.000         0.000
 Y1             0.000         0.000         0.000         0.000         0.000
 Y2             0.000         0.000         0.000         0.000         0.000
 Y3             0.000         0.000         0.000         0.000         0.000
 X1M10          0.000         0.000         0.000         0.000         0.000
 X2M11          0.000         0.000         0.000         0.000         0.000
 X3M12          0.000         0.000         0.000         0.000         0.000


           THETA
              M8            M9            M10           M11           M12
              ________      ________      ________      ________      ________
 M8             1.274
 M9             0.000         1.113
 M10            0.000         0.000         1.155
 M11            0.000         0.000         0.000         1.141
 M12            0.000         0.000         0.000         0.000         1.145
 Y1             0.000         0.000         0.000         0.000         0.000
 Y2             0.000         0.000         0.000         0.000         0.000
 Y3             0.000         0.000         0.000         0.000         0.000
 X1M10          0.000         0.000         0.000         0.000         0.000
 X2M11          0.000         0.000         0.000         0.000         0.000
 X3M12          0.000         0.000         0.000         0.000         0.000


           THETA
              Y1            Y2            Y3            X1M10         X2M11
              ________      ________      ________      ________      ________
 Y1             0.366
 Y2             0.000         0.478
 Y3             0.000         0.000         0.623
 X1M10          0.000         0.000         0.000         0.273
 X2M11          0.000         0.000         0.000         0.000         0.273
 X3M12          0.000         0.000         0.000         0.000         0.000


           THETA
              X3M12
              ________
 X3M12          0.281


           ALPHA
              X             M             Y             XM
              ________      ________      ________      ________
                0.000         0.000         0.000         0.000


           BETA
              X             M             Y             XM
              ________      ________      ________      ________
 X              0.000         0.000         0.000         0.000
 M              0.000         0.000         0.000         0.000
 Y              0.000         0.000         0.000         0.000
 XM             0.000         0.000         0.000         0.000


           PSI
              X             M             Y             XM
              ________      ________      ________      ________
 X              0.050
 M              0.000         0.050
 Y              0.000         0.000         0.050
 XM             0.000         0.000         0.000         0.050


     STARTING VALUES FOR THE ADDITIONAL PARAMETERS


           New/Additional Parameters
              VAR_Y         STD_B1        STD_B2        STD_B3
              ________      ________      ________      ________
                0.500         0.500         0.500         0.500


RESULTS SAVING INFORMATION

  Order of data

    Parameter estimates
     (saved in order shown in Technical 1 output)
    Standard errors
     (saved in order shown in Technical 1 output)
    Number of Free Parameters
    H0 Loglikelihood
    H0 Scaling Correction Factor for MLR
    H1 Loglikelihood
    H1 Scaling Correction Factor for MLR
    Akaike (AIC)
    Bayesian (BIC)
    Sample-Size Adjusted BIC
    Chi-square : Value
    Chi-square : Degrees of Freedom
    Chi-square : P-Value
    Chi-square : Scaling Correction Factor for MLR/MLM/WLSM
    CFI
    TLI
    RMSEA : Estimate
    RMSEA : Low CI
    RMSEA : High CI
    RMSEA : Probability
    SRMR
    Condition Number

  Save file
    matchupi_results_1708.dat

  Save file format           Free


     Beginning Time:  18:57:41
        Ending Time:  18:57:43
       Elapsed Time:  00:00:02



MUTHEN & MUTHEN
3463 Stoner Ave.
Los Angeles, CA  90066

Tel: (310) 391-9971
Fax: (310) 391-8971
Web: www.StatModel.com
Support: Support@StatModel.com

Copyright (c) 1998-2022 Muthen & Muthen
