Mplus VERSION 8.8 (Mac)
MUTHEN & MUTHEN
07/27/2025   5:15 PM

INPUT INSTRUCTIONS


    TITLE: Matched-pair Unconstrained Product Indicator

    DATA:
      FILE = matchupi_simdat_620.dat;
      FORMAT IS FREE;

    VARIABLE:
      NAMES = x1 x2 x3
      	    m1 m2 m3 m4 m5 m6
      	    m7 m8 m9 m10 m11 m12
      	    y1 y2 y3
      	    x1m10 x2m11 x3m12;
      USEVARIABLES = x1-x3m12;

    ANALYSIS:
      TYPE = general;
      ESTIMATOR = MLR;
    MODEL:
      !measurement model
      X BY x3 x2 x1;
      X (var_X);
      M BY m12 m11 m10 m9 m8 m7 m6 m5 m4 m3 m2 m1;
      M (var_M);
      Y BY y3 y2 y1;
      Y (resvar_Y);
      XM BY x3m12 x2m11 x1m10;
      XM (var_XM);

      !covariances between predictors
      X WITH M (cov_XM);
      X WITH XM (cov_XXM);
      M WITH XM (cov_MXM);

      !structural model
      Y ON X (b1);
      Y ON M (b2);
      Y ON XM (b3);

    MODEL CONSTRAINT:

      NEW(var_Y std_b1 std_b2 std_b3);
      var_Y = resvar_Y +
       (b1^2 * var_X +
        b2^2 * var_M +
        b3^2 * var_XM +
        2 * b1 * b2 * cov_XM +
        2 * b1 * b3 * cov_XXM +
        2 * b2 * b3 * cov_MXM);

        std_b1 = b1 * sqrt(var_X) / sqrt(var_Y);
        std_b2 = b2 * sqrt(var_M) / sqrt(var_Y);
        std_b3 = b3 * sqrt(var_X) * sqrt(var_M) / sqrt(var_Y);

    OUTPUT:
      sampstat tech1 CINTERVAL;

    SAVEDATA:
      RESULTS = matchupi_results_620.dat;




INPUT READING TERMINATED NORMALLY



Matched-pair Unconstrained Product Indicator

SUMMARY OF ANALYSIS

Number of groups                                                 1
Number of observations                                         100

Number of dependent variables                                   21
Number of independent variables                                  0
Number of continuous latent variables                            4

Observed dependent variables

  Continuous
   X1          X2          X3          M1          M2          M3
   M4          M5          M6          M7          M8          M9
   M10         M11         M12         Y1          Y2          Y3
   X1M10       X2M11       X3M12

Continuous latent variables
   X           M           Y           XM


Estimator                                                      MLR
Information matrix                                        OBSERVED
Maximum number of iterations                                  1000
Convergence criterion                                    0.500D-04
Maximum number of steepest descent iterations                   20

Input data file(s)
  matchupi_simdat_620.dat

Input data format  FREE


SAMPLE STATISTICS


     SAMPLE STATISTICS


           Means
              X1            X2            X3            M1            M2
              ________      ________      ________      ________      ________
                0.000         0.000         0.000         0.000         0.000


           Means
              M3            M4            M5            M6            M7
              ________      ________      ________      ________      ________
                0.000         0.000         0.000         0.000         0.000


           Means
              M8            M9            M10           M11           M12
              ________      ________      ________      ________      ________
                0.000         0.000         0.000         0.000         0.000


           Means
              Y1            Y2            Y3            X1M10         X2M11
              ________      ________      ________      ________      ________
                0.671         0.831         1.161         0.000         0.000


           Means
              X3M12
              ________
                0.000


           Covariances
              X1            X2            X3            M1            M2
              ________      ________      ________      ________      ________
 X1             0.249
 X2             0.038         0.245
 X3             0.074         0.104         0.250
 M1             0.086         0.040         0.137         2.400
 M2             0.155         0.081         0.083         0.262         3.014
 M3             0.065         0.089        -0.013         0.168        -0.364
 M4             0.074         0.043         0.054         0.116         0.085
 M5             0.034         0.000         0.003        -0.190         0.188
 M6            -0.006         0.268         0.242         0.337        -0.119
 M7             0.039        -0.105         0.023         0.370         0.138
 M8             0.016         0.067         0.026         0.164        -0.515
 M9            -0.117         0.007         0.072         0.534         0.204
 M10            0.031         0.086         0.172         0.242         0.081
 M11           -0.080         0.110         0.170         0.400         0.050
 M12           -0.016         0.113         0.124         0.306         0.355
 Y1             0.073         0.061         0.096         0.529         0.110
 Y2             0.066         0.113         0.120         0.176         0.319
 Y3             0.157         0.130         0.185         0.128         0.015
 X1M10          0.032         0.028        -0.005        -0.073        -0.165
 X2M11          0.047        -0.015         0.106        -0.163        -0.051
 X3M12         -0.002        -0.047        -0.053        -0.083        -0.057


           Covariances
              M3            M4            M5            M6            M7
              ________      ________      ________      ________      ________
 M3             2.534
 M4             0.685         2.329
 M5             0.592         0.324         2.400
 M6             0.169         0.384         0.113         2.466
 M7            -0.058        -0.301        -0.210        -0.127         2.130
 M8             0.595         0.331         0.166         0.516        -0.389
 M9             0.016         0.213         0.546         0.388         0.316
 M10            0.329         0.346         0.398         0.466         0.103
 M11            0.110         0.120         0.370         0.650         0.160
 M12            0.155         0.229         0.574         0.644         0.069
 Y1             0.283         0.113         0.095        -0.024         0.124
 Y2             0.226         0.292         0.063         0.202        -0.126
 Y3             0.142         0.270         0.175         0.364        -0.122
 X1M10         -0.043         0.025        -0.139         0.245         0.003
 X2M11         -0.160         0.018         0.034         0.063         0.119
 X3M12         -0.059         0.004         0.059        -0.154         0.084


           Covariances
              M8            M9            M10           M11           M12
              ________      ________      ________      ________      ________
 M8             2.429
 M9             0.417         2.390
 M10            0.654         0.633         2.073
 M11            0.220         0.710         0.830         2.140
 M12            0.371         1.023         0.526         0.780         2.109
 Y1             0.233         0.278         0.232         0.163         0.271
 Y2             0.363         0.366         0.430         0.297         0.376
 Y3             0.422         0.314         0.428         0.256         0.402
 X1M10          0.191         0.180         0.233         0.239         0.115
 X2M11          0.068         0.036        -0.027        -0.030         0.102
 X3M12         -0.046        -0.020        -0.116        -0.160         0.130


           Covariances
              Y1            Y2            Y3            X1M10         X2M11
              ________      ________      ________      ________      ________
 Y1             0.726
 Y2             0.245         0.793
 Y3             0.364         0.655         1.422
 X1M10         -0.004         0.035         0.105         0.506
 X2M11         -0.059        -0.035        -0.072         0.048         0.517
 X3M12         -0.035        -0.015         0.020         0.085         0.043


           Covariances
              X3M12
              ________
 X3M12          0.522


           Correlations
              X1            X2            X3            M1            M2
              ________      ________      ________      ________      ________
 X1             1.000
 X2             0.153         1.000
 X3             0.298         0.419         1.000
 M1             0.111         0.052         0.177         1.000
 M2             0.179         0.094         0.096         0.098         1.000
 M3             0.082         0.113        -0.017         0.068        -0.132
 M4             0.097         0.057         0.071         0.049         0.032
 M5             0.044         0.000         0.004        -0.079         0.070
 M6            -0.008         0.345         0.309         0.138        -0.044
 M7             0.054        -0.146         0.031         0.163         0.054
 M8             0.020         0.087         0.033         0.068        -0.190
 M9            -0.152         0.009         0.093         0.223         0.076
 M10            0.043         0.121         0.240         0.108         0.032
 M11           -0.110         0.152         0.233         0.176         0.020
 M12           -0.022         0.157         0.171         0.136         0.141
 Y1             0.173         0.145         0.226         0.400         0.074
 Y2             0.149         0.257         0.269         0.127         0.206
 Y3             0.264         0.221         0.310         0.069         0.007
 X1M10          0.090         0.081        -0.014        -0.066        -0.133
 X2M11          0.132        -0.043         0.295        -0.147        -0.041
 X3M12         -0.005        -0.133        -0.147        -0.074        -0.045


           Correlations
              M3            M4            M5            M6            M7
              ________      ________      ________      ________      ________
 M3             1.000
 M4             0.282         1.000
 M5             0.240         0.137         1.000
 M6             0.068         0.160         0.047         1.000
 M7            -0.025        -0.135        -0.093        -0.055         1.000
 M8             0.240         0.139         0.069         0.211        -0.171
 M9             0.007         0.090         0.228         0.160         0.140
 M10            0.144         0.158         0.179         0.206         0.049
 M11            0.047         0.054         0.163         0.283         0.075
 M12            0.067         0.103         0.255         0.282         0.033
 Y1             0.209         0.087         0.072        -0.018         0.100
 Y2             0.159         0.215         0.046         0.144        -0.097
 Y3             0.075         0.149         0.095         0.194        -0.070
 X1M10         -0.038         0.023        -0.126         0.219         0.003
 X2M11         -0.140         0.017         0.031         0.056         0.114
 X3M12         -0.051         0.004         0.052        -0.136         0.080


           Correlations
              M8            M9            M10           M11           M12
              ________      ________      ________      ________      ________
 M8             1.000
 M9             0.173         1.000
 M10            0.291         0.284         1.000
 M11            0.096         0.314         0.394         1.000
 M12            0.164         0.456         0.252         0.367         1.000
 Y1             0.176         0.211         0.189         0.131         0.219
 Y2             0.261         0.266         0.336         0.228         0.290
 Y3             0.227         0.170         0.249         0.146         0.232
 X1M10          0.172         0.164         0.227         0.230         0.112
 X2M11          0.061         0.033        -0.026        -0.028         0.098
 X3M12         -0.041        -0.018        -0.111        -0.151         0.124


           Correlations
              Y1            Y2            Y3            X1M10         X2M11
              ________      ________      ________      ________      ________
 Y1             1.000
 Y2             0.323         1.000
 Y3             0.358         0.617         1.000
 X1M10         -0.007         0.055         0.124         1.000
 X2M11         -0.097        -0.055        -0.084         0.094         1.000
 X3M12         -0.057        -0.023         0.024         0.166         0.084


           Correlations
              X3M12
              ________
 X3M12          1.000


UNIVARIATE SAMPLE STATISTICS


     UNIVARIATE HIGHER-ORDER MOMENT DESCRIPTIVE STATISTICS

         Variable/         Mean/     Skewness/   Minimum/ % with                Percentiles
        Sample Size      Variance    Kurtosis    Maximum  Min/Max      20%/60%    40%/80%    Median

     X1                    0.000      -0.120      -0.530   47.00%      -0.530     -0.530      0.470
             100.000       0.249      -1.986       0.470   53.00%       0.470      0.470
     X2                    0.000      -0.283      -0.570   43.00%      -0.570     -0.570      0.430
             100.000       0.245      -1.920       0.430   57.00%       0.430      0.430
     X3                    0.000      -0.080      -0.520   48.00%      -0.520     -0.520      0.480
             100.000       0.250      -1.994       0.480   52.00%       0.480      0.480
     M1                    0.000      -0.170      -2.140   25.00%      -2.140     -0.140     -0.140
             100.000       2.400      -1.443       1.860   29.00%       0.860      1.860
     M2                    0.000       0.189      -1.840   38.00%      -1.840     -0.840     -0.840
             100.000       3.014      -1.709       2.160   33.00%       0.160      2.160
     M3                    0.000      -0.174      -2.160   26.00%      -2.160     -0.160     -0.160
             100.000       2.534      -1.509       1.840   32.00%       0.840      1.840
     M4                    0.000      -0.034      -2.030   24.00%      -2.030     -1.030     -0.030
             100.000       2.329      -1.486       1.970   25.00%       0.970      1.970
     M5                    0.000       0.121      -1.860   31.00%      -1.860     -0.860      0.140
             100.000       2.400      -1.440       2.140   24.00%       0.140      2.140
     M6                    0.000       0.199      -1.880   27.00%      -1.880     -0.880      0.120
             100.000       2.466      -1.500       2.120   27.00%       0.120      2.120
     M7                    0.000      -0.350      -2.360   17.00%      -1.360     -0.360      0.140
             100.000       2.130      -1.230       1.640   32.00%       0.640      1.640
     M8                    0.000       0.002      -1.970   28.00%      -1.970     -0.970      0.030
             100.000       2.429      -1.512       2.030   25.00%       1.030      2.030
     M9                    0.000       0.037      -1.900   30.00%      -1.900     -0.900      0.100
             100.000       2.390      -1.503       2.100   22.00%       1.100      2.100
     M10                   0.000      -0.228      -2.130   22.00%      -2.130     -0.130     -0.130
             100.000       2.073      -1.252       1.870   22.00%       0.870      1.870
     M11                   0.000       0.019      -2.000   22.00%      -2.000     -1.000      0.000
             100.000       2.140      -1.354       2.000   23.00%       0.000      2.000
     M12                   0.000      -0.072      -2.030   22.00%      -2.030     -0.030     -0.030
             100.000       2.109      -1.362       1.970   21.00%       0.970      1.970
     Y1                    0.671      -0.052      -1.429    1.00%      -0.045      0.448      0.665
             100.000       0.726      -0.329       2.578    1.00%       0.828      1.398
     Y2                    0.831       0.193      -1.234    1.00%       0.002      0.686      0.838
             100.000       0.793       0.147       3.379    1.00%       1.094      1.479
     Y3                    1.161      -0.007      -1.480    1.00%       0.057      0.975      1.171
             100.000       1.422      -0.417       3.809    1.00%       1.440      2.058
     X1M10                 0.000      -0.297      -1.149    7.00%      -0.629     -0.109      0.116
             100.000       0.506      -1.226       0.931   11.00%       0.341      0.821
     X2M11                 0.000      -0.200      -1.250    8.00%      -0.680     -0.110     -0.110
             100.000       0.517      -1.157       1.030   12.00%       0.320      0.750
     X3M12                 0.000       0.028      -1.032    9.00%      -1.022     -0.092     -0.027
             100.000       0.522      -1.217       1.098   13.00%       0.038      0.848


     THIS ANALYSIS MAY HAVE MULTIPLE SOLUTIONS.  EXPLORE THIS USING RANDOM STARTS,
     FOR EXAMPLE, STARTS = 20.  USE A LARGE ENOUGH NUMBER OF STARTS SO THAT THE
     BEST FIT FUNCTION VALUE IS REPLICATED SEVERAL TIMES.


     NO CONVERGENCE.  NUMBER OF ITERATIONS EXCEEDED.



MODEL RESULTS

                    Estimate

 X        BY
    X3                 1.000
    X2                 0.671
    X1                 0.446

 M        BY
    M12                1.000
    M11                0.966
    M10                0.972
    M9                 0.976
    M8                 0.668
    M7                 0.027
    M6                 0.800
    M5                 0.493
    M4                 0.439
    M3                 0.373
    M2                 0.148
    M1                 0.461

 Y        BY
    Y3                 1.000
    Y2                 0.770
    Y1                 0.426

 XM       BY
    X3M12              1.000
    X2M11              0.518
    X1M10             10.876

 Y        ON
    X                  0.771
    M                  0.477
    XM                -0.282

 X        WITH
    M                  0.139
    XM                 0.001

 M        WITH
    XM                 0.017

 Intercepts
    X1                 0.000
    X2                 0.000
    X3                 0.000
    M1                 0.000
    M2                 0.000
    M3                 0.000
    M4                 0.000
    M5                 0.000
    M6                 0.000
    M7                 0.000
    M8                 0.000
    M9                 0.000
    M10                0.000
    M11                0.000
    M12                0.000
    Y1                 0.671
    Y2                 0.831
    Y3                 1.161
    X1M10              0.000
    X2M11              0.001
    X3M12              0.001

 Variances
    X                  0.156
    M                  0.753
    XM                 0.009

 Residual Variances
    X1                 0.217
    X2                 0.175
    X3                 0.094
    M1                 2.251
    M2                 3.022
    M3                 2.424
    M4                 2.189
    M5                 2.235
    M6                 1.991
    M7                 2.136
    M8                 2.096
    M9                 1.668
    M10                1.360
    M11                1.438
    M12                1.363
    Y1                 0.573
    Y2                 0.296
    Y3                 0.585
    X1M10             -0.535
    X2M11              0.515
    X3M12              0.516
    Y                  0.474

New/Additional Parameters
    VAR_Y              0.837
    STD_B1             0.333
    STD_B2             0.453
    STD_B3            -0.106


MODEL COMMAND WITH FINAL ESTIMATES USED AS STARTING VALUES

     x BY x3@1;
     x BY x2*0.67094;
     x BY x1*0.44624;
     m BY m12@1;
     m BY m11*0.96631;
     m BY m10*0.97163;
     m BY m9*0.97630;
     m BY m8*0.66771;
     m BY m7*0.02685;
     m BY m6*0.79990;
     m BY m5*0.49260;
     m BY m4*0.43867;
     m BY m3*0.37270;
     m BY m2*0.14795;
     m BY m1*0.46149;
     y BY y3@1;
     y BY y2*0.77023;
     y BY y1*0.42610;
     xm BY x3m12@1;
     xm BY x2m11*0.51817;
     xm BY x1m10*10.87583;

     y ON x*0.77126 (b1);
     y ON m*0.47724 (b2);
     y ON xm*-0.28212 (b3);

     x WITH m*0.13878 (cov_xm);
     x WITH xm*0.00093 (cov_xxm);
     m WITH xm*0.01670 (cov_mxm);

     [ x1*-0.00012 ];
     [ x2*-0.00010 ];
     [ x3*-0.00014 ];
     [ m1*-0.00002 ];
     [ m2*-0.00001 ];
     [ m3*-0.00003 ];
     [ m4*-0.00003 ];
     [ m5*-0.00003 ];
     [ m6*-0.00002 ];
     [ m7*0.00001 ];
     [ m8*-0.00003 ];
     [ m9*-0.00003 ];
     [ m10*-0.00002 ];
     [ m11*-0.00002 ];
     [ m12*-0.00001 ];
     [ y1*0.67058 ];
     [ y2*0.83062 ];
     [ y3*1.16099 ];
     [ x1m10*0.00030 ];
     [ x2m11*0.00082 ];
     [ x3m12*0.00081 ];

     x1*0.21747;
     x2*0.17545;
     x3*0.09381;
     m1*2.25062;
     m2*3.02246;
     m3*2.42380;
     m4*2.18860;
     m5*2.23520;
     m6*1.99059;
     m7*2.13626;
     m8*2.09567;
     m9*1.66753;
     m10*1.36037;
     m11*1.43778;
     m12*1.36292;
     y1*0.57333;
     y2*0.29579;
     y3*0.58458;
     x1m10*-0.53523;
     x2m11*0.51496;
     x3m12*0.51636;
     x*0.15609 (var_x);
     m*0.75344 (var_m);
     y*0.47438 (resvar_y);
     xm*0.00880 (var_xm);

     ! NEW statements in MODEL CONSTRAINT
     NEW(var_y*0.83679);
     NEW(std_b1*0.33310);
     NEW(std_b2*0.45285);
     NEW(std_b3*-0.10576);




TECHNICAL 1 OUTPUT


     PARAMETER SPECIFICATION


           NU
              X1            X2            X3            M1            M2
              ________      ________      ________      ________      ________
                  1             2             3             4             5


           NU
              M3            M4            M5            M6            M7
              ________      ________      ________      ________      ________
                  6             7             8             9            10


           NU
              M8            M9            M10           M11           M12
              ________      ________      ________      ________      ________
                 11            12            13            14            15


           NU
              Y1            Y2            Y3            X1M10         X2M11
              ________      ________      ________      ________      ________
                 16            17            18            19            20


           NU
              X3M12
              ________
                 21


           LAMBDA
              X             M             Y             XM
              ________      ________      ________      ________
 X1                22             0             0             0
 X2                23             0             0             0
 X3                 0             0             0             0
 M1                 0            24             0             0
 M2                 0            25             0             0
 M3                 0            26             0             0
 M4                 0            27             0             0
 M5                 0            28             0             0
 M6                 0            29             0             0
 M7                 0            30             0             0
 M8                 0            31             0             0
 M9                 0            32             0             0
 M10                0            33             0             0
 M11                0            34             0             0
 M12                0             0             0             0
 Y1                 0             0            35             0
 Y2                 0             0            36             0
 Y3                 0             0             0             0
 X1M10              0             0             0            37
 X2M11              0             0             0            38
 X3M12              0             0             0             0


           THETA
              X1            X2            X3            M1            M2
              ________      ________      ________      ________      ________
 X1                39
 X2                 0            40
 X3                 0             0            41
 M1                 0             0             0            42
 M2                 0             0             0             0            43
 M3                 0             0             0             0             0
 M4                 0             0             0             0             0
 M5                 0             0             0             0             0
 M6                 0             0             0             0             0
 M7                 0             0             0             0             0
 M8                 0             0             0             0             0
 M9                 0             0             0             0             0
 M10                0             0             0             0             0
 M11                0             0             0             0             0
 M12                0             0             0             0             0
 Y1                 0             0             0             0             0
 Y2                 0             0             0             0             0
 Y3                 0             0             0             0             0
 X1M10              0             0             0             0             0
 X2M11              0             0             0             0             0
 X3M12              0             0             0             0             0


           THETA
              M3            M4            M5            M6            M7
              ________      ________      ________      ________      ________
 M3                44
 M4                 0            45
 M5                 0             0            46
 M6                 0             0             0            47
 M7                 0             0             0             0            48
 M8                 0             0             0             0             0
 M9                 0             0             0             0             0
 M10                0             0             0             0             0
 M11                0             0             0             0             0
 M12                0             0             0             0             0
 Y1                 0             0             0             0             0
 Y2                 0             0             0             0             0
 Y3                 0             0             0             0             0
 X1M10              0             0             0             0             0
 X2M11              0             0             0             0             0
 X3M12              0             0             0             0             0


           THETA
              M8            M9            M10           M11           M12
              ________      ________      ________      ________      ________
 M8                49
 M9                 0            50
 M10                0             0            51
 M11                0             0             0            52
 M12                0             0             0             0            53
 Y1                 0             0             0             0             0
 Y2                 0             0             0             0             0
 Y3                 0             0             0             0             0
 X1M10              0             0             0             0             0
 X2M11              0             0             0             0             0
 X3M12              0             0             0             0             0


           THETA
              Y1            Y2            Y3            X1M10         X2M11
              ________      ________      ________      ________      ________
 Y1                54
 Y2                 0            55
 Y3                 0             0            56
 X1M10              0             0             0            57
 X2M11              0             0             0             0            58
 X3M12              0             0             0             0             0


           THETA
              X3M12
              ________
 X3M12             59


           ALPHA
              X             M             Y             XM
              ________      ________      ________      ________
                  0             0             0             0


           BETA
              X             M             Y             XM
              ________      ________      ________      ________
 X                  0             0             0             0
 M                  0             0             0             0
 Y                 60            61             0            62
 XM                 0             0             0             0


           PSI
              X             M             Y             XM
              ________      ________      ________      ________
 X                 63
 M                 64            65
 Y                  0             0            66
 XM                67            68             0            69


     PARAMETER SPECIFICATION FOR THE ADDITIONAL PARAMETERS


           New/Additional Parameters
              VAR_Y         STD_B1        STD_B2        STD_B3
              ________      ________      ________      ________
                   70            71            72            73


     STARTING VALUES


           NU
              X1            X2            X3            M1            M2
              ________      ________      ________      ________      ________
                0.000         0.000         0.000         0.000         0.000


           NU
              M3            M4            M5            M6            M7
              ________      ________      ________      ________      ________
                0.000         0.000         0.000         0.000         0.000


           NU
              M8            M9            M10           M11           M12
              ________      ________      ________      ________      ________
                0.000         0.000         0.000         0.000         0.000


           NU
              Y1            Y2            Y3            X1M10         X2M11
              ________      ________      ________      ________      ________
                0.671         0.831         1.161         0.000         0.000


           NU
              X3M12
              ________
                0.000


           LAMBDA
              X             M             Y             XM
              ________      ________      ________      ________
 X1             0.366         0.000         0.000         0.000
 X2             0.509         0.000         0.000         0.000
 X3             1.000         0.000         0.000         0.000
 M1             0.000         0.983         0.000         0.000
 M2             0.000        -0.025         0.000         0.000
 M3             0.000        -0.121         0.000         0.000
 M4             0.000         0.264         0.000         0.000
 M5             0.000         0.572         0.000         0.000
 M6             0.000         0.579         0.000         0.000
 M7             0.000         0.429         0.000         0.000
 M8             0.000         0.303         0.000         0.000
 M9             0.000         0.912         0.000         0.000
 M10            0.000         0.857         0.000         0.000
 M11            0.000         0.795         0.000         0.000
 M12            0.000         1.000         0.000         0.000
 Y1             0.000         0.000         0.374         0.000
 Y2             0.000         0.000         0.674         0.000
 Y3             0.000         0.000         1.000         0.000
 X1M10          0.000         0.000         0.000         1.100
 X2M11          0.000         0.000         0.000         0.561
 X3M12          0.000         0.000         0.000         1.000


           THETA
              X1            X2            X3            M1            M2
              ________      ________      ________      ________      ________
 X1             0.125
 X2             0.000         0.123
 X3             0.000         0.000         0.125
 M1             0.000         0.000         0.000         1.200
 M2             0.000         0.000         0.000         0.000         1.507
 M3             0.000         0.000         0.000         0.000         0.000
 M4             0.000         0.000         0.000         0.000         0.000
 M5             0.000         0.000         0.000         0.000         0.000
 M6             0.000         0.000         0.000         0.000         0.000
 M7             0.000         0.000         0.000         0.000         0.000
 M8             0.000         0.000         0.000         0.000         0.000
 M9             0.000         0.000         0.000         0.000         0.000
 M10            0.000         0.000         0.000         0.000         0.000
 M11            0.000         0.000         0.000         0.000         0.000
 M12            0.000         0.000         0.000         0.000         0.000
 Y1             0.000         0.000         0.000         0.000         0.000
 Y2             0.000         0.000         0.000         0.000         0.000
 Y3             0.000         0.000         0.000         0.000         0.000
 X1M10          0.000         0.000         0.000         0.000         0.000
 X2M11          0.000         0.000         0.000         0.000         0.000
 X3M12          0.000         0.000         0.000         0.000         0.000


           THETA
              M3            M4            M5            M6            M7
              ________      ________      ________      ________      ________
 M3             1.267
 M4             0.000         1.165
 M5             0.000         0.000         1.200
 M6             0.000         0.000         0.000         1.233
 M7             0.000         0.000         0.000         0.000         1.065
 M8             0.000         0.000         0.000         0.000         0.000
 M9             0.000         0.000         0.000         0.000         0.000
 M10            0.000         0.000         0.000         0.000         0.000
 M11            0.000         0.000         0.000         0.000         0.000
 M12            0.000         0.000         0.000         0.000         0.000
 Y1             0.000         0.000         0.000         0.000         0.000
 Y2             0.000         0.000         0.000         0.000         0.000
 Y3             0.000         0.000         0.000         0.000         0.000
 X1M10          0.000         0.000         0.000         0.000         0.000
 X2M11          0.000         0.000         0.000         0.000         0.000
 X3M12          0.000         0.000         0.000         0.000         0.000


           THETA
              M8            M9            M10           M11           M12
              ________      ________      ________      ________      ________
 M8             1.215
 M9             0.000         1.195
 M10            0.000         0.000         1.037
 M11            0.000         0.000         0.000         1.070
 M12            0.000         0.000         0.000         0.000         1.055
 Y1             0.000         0.000         0.000         0.000         0.000
 Y2             0.000         0.000         0.000         0.000         0.000
 Y3             0.000         0.000         0.000         0.000         0.000
 X1M10          0.000         0.000         0.000         0.000         0.000
 X2M11          0.000         0.000         0.000         0.000         0.000
 X3M12          0.000         0.000         0.000         0.000         0.000


           THETA
              Y1            Y2            Y3            X1M10         X2M11
              ________      ________      ________      ________      ________
 Y1             0.363
 Y2             0.000         0.396
 Y3             0.000         0.000         0.711
 X1M10          0.000         0.000         0.000         0.253
 X2M11          0.000         0.000         0.000         0.000         0.258
 X3M12          0.000         0.000         0.000         0.000         0.000


           THETA
              X3M12
              ________
 X3M12          0.261


           ALPHA
              X             M             Y             XM
              ________      ________      ________      ________
                0.000         0.000         0.000         0.000


           BETA
              X             M             Y             XM
              ________      ________      ________      ________
 X              0.000         0.000         0.000         0.000
 M              0.000         0.000         0.000         0.000
 Y              0.000         0.000         0.000         0.000
 XM             0.000         0.000         0.000         0.000


           PSI
              X             M             Y             XM
              ________      ________      ________      ________
 X              0.050
 M              0.000         0.050
 Y              0.000         0.000         0.050
 XM             0.000         0.000         0.000         0.050


     STARTING VALUES FOR THE ADDITIONAL PARAMETERS


           New/Additional Parameters
              VAR_Y         STD_B1        STD_B2        STD_B3
              ________      ________      ________      ________
                0.500         0.500         0.500         0.500


RESULTS SAVING INFORMATION

    Model estimation did not terminate normally.  No results were saved.

     Beginning Time:  17:15:27
        Ending Time:  17:15:40
       Elapsed Time:  00:00:13



MUTHEN & MUTHEN
3463 Stoner Ave.
Los Angeles, CA  90066

Tel: (310) 391-9971
Fax: (310) 391-8971
Web: www.StatModel.com
Support: Support@StatModel.com

Copyright (c) 1998-2022 Muthen & Muthen
