Mplus VERSION 8.8 (Mac)
MUTHEN & MUTHEN
07/27/2025   3:48 PM

INPUT INSTRUCTIONS


    TITLE: Matched-pair Unconstrained Product Indicator

    DATA:
      FILE = matchupi_simdat_483.dat;
      FORMAT IS FREE;

    VARIABLE:
      NAMES = x1 x2 x3
      	    m1 m2 m3 m4 m5 m6
      	    m7 m8 m9 m10 m11 m12
      	    y1 y2 y3
      	    x1m10 x2m11 x3m12;
      USEVARIABLES = x1-x3m12;

    ANALYSIS:
      TYPE = general;
      ESTIMATOR = MLR;
    MODEL:
      !measurement model
      X BY x3 x2 x1;
      X (var_X);
      M BY m12 m11 m10 m9 m8 m7 m6 m5 m4 m3 m2 m1;
      M (var_M);
      Y BY y3 y2 y1;
      Y (resvar_Y);
      XM BY x3m12 x2m11 x1m10;
      XM (var_XM);

      !covariances between predictors
      X WITH M (cov_XM);
      X WITH XM (cov_XXM);
      M WITH XM (cov_MXM);

      !structural model
      Y ON X (b1);
      Y ON M (b2);
      Y ON XM (b3);

    MODEL CONSTRAINT:

      NEW(var_Y std_b1 std_b2 std_b3);
      var_Y = resvar_Y +
       (b1^2 * var_X +
        b2^2 * var_M +
        b3^2 * var_XM +
        2 * b1 * b2 * cov_XM +
        2 * b1 * b3 * cov_XXM +
        2 * b2 * b3 * cov_MXM);

        std_b1 = b1 * sqrt(var_X) / sqrt(var_Y);
        std_b2 = b2 * sqrt(var_M) / sqrt(var_Y);
        std_b3 = b3 * sqrt(var_X) * sqrt(var_M) / sqrt(var_Y);

    OUTPUT:
      sampstat tech1 CINTERVAL;

    SAVEDATA:
      RESULTS = matchupi_results_483.dat;




INPUT READING TERMINATED NORMALLY



Matched-pair Unconstrained Product Indicator

SUMMARY OF ANALYSIS

Number of groups                                                 1
Number of observations                                         100

Number of dependent variables                                   21
Number of independent variables                                  0
Number of continuous latent variables                            4

Observed dependent variables

  Continuous
   X1          X2          X3          M1          M2          M3
   M4          M5          M6          M7          M8          M9
   M10         M11         M12         Y1          Y2          Y3
   X1M10       X2M11       X3M12

Continuous latent variables
   X           M           Y           XM


Estimator                                                      MLR
Information matrix                                        OBSERVED
Maximum number of iterations                                  1000
Convergence criterion                                    0.500D-04
Maximum number of steepest descent iterations                   20

Input data file(s)
  matchupi_simdat_483.dat

Input data format  FREE


SAMPLE STATISTICS


     SAMPLE STATISTICS


           Means
              X1            X2            X3            M1            M2
              ________      ________      ________      ________      ________
                0.000         0.000         0.000         0.000         0.000


           Means
              M3            M4            M5            M6            M7
              ________      ________      ________      ________      ________
                0.000         0.000         0.000         0.000         0.000


           Means
              M8            M9            M10           M11           M12
              ________      ________      ________      ________      ________
                0.000         0.000         0.000         0.000         0.000


           Means
              Y1            Y2            Y3            X1M10         X2M11
              ________      ________      ________      ________      ________
                0.573         0.712         0.942         0.000         0.000


           Means
              X3M12
              ________
                0.000


           Covariances
              X1            X2            X3            M1            M2
              ________      ________      ________      ________      ________
 X1             0.248
 X2             0.085         0.250
 X3             0.092         0.085         0.248
 M1            -0.039        -0.084         0.039         2.602
 M2            -0.043        -0.033        -0.007         0.563         2.294
 M3             0.098         0.028         0.072        -0.312        -0.162
 M4             0.011         0.014        -0.011        -0.356         0.119
 M5             0.057        -0.028         0.153         0.016         0.255
 M6             0.004         0.071         0.106         0.027         0.303
 M7             0.066         0.021         0.074        -0.089         0.161
 M8             0.047         0.148         0.173        -0.154         0.234
 M9             0.043         0.095         0.047        -0.264         0.471
 M10            0.154         0.105         0.086        -0.173         0.444
 M11            0.042         0.050         0.108        -0.216         0.028
 M12            0.059         0.100         0.131         0.138         0.476
 Y1             0.100         0.077         0.072         0.034         0.089
 Y2             0.063         0.156         0.144         0.066         0.010
 Y3             0.110         0.196         0.148         0.019         0.243
 X1M10          0.025        -0.034        -0.010         0.247         0.076
 X2M11         -0.037        -0.001         0.004        -0.020         0.021
 X3M12          0.012         0.003        -0.013        -0.099         0.071


           Covariances
              M3            M4            M5            M6            M7
              ________      ________      ________      ________      ________
 M3             2.620
 M4             0.150         2.128
 M5            -0.168        -0.094         2.526
 M6             0.358        -0.059         0.311         2.540
 M7             0.200         0.375        -0.041         0.536         2.250
 M8             0.264         0.083         0.178         0.795         0.038
 M9             0.050        -0.062         0.424         0.613         0.295
 M10            0.656         0.245         0.579         0.736         0.547
 M11            0.002        -0.056         0.268         0.616         0.874
 M12            0.464         0.193         0.526         0.897         0.278
 Y1             0.192        -0.170        -0.040         0.082         0.012
 Y2            -0.119        -0.169         0.101         0.202        -0.169
 Y3             0.206         0.143         0.141         0.387         0.186
 X1M10         -0.173        -0.132        -0.106        -0.086        -0.167
 X2M11         -0.086        -0.172        -0.146        -0.117        -0.020
 X3M12          0.043         0.017        -0.115        -0.069        -0.026


           Covariances
              M8            M9            M10           M11           M12
              ________      ________      ________      ________      ________
 M8             2.308
 M9             0.529         2.087
 M10            0.795         0.639         2.189
 M11            0.573         0.542         0.661         2.058
 M12            0.794         0.759         0.749         0.671         2.100
 Y1             0.131         0.100         0.020         0.164         0.330
 Y2             0.370         0.275         0.133         0.041         0.185
 Y3             0.364         0.638         0.530         0.274         0.597
 X1M10         -0.007        -0.133        -0.199        -0.145        -0.049
 X2M11         -0.021        -0.007        -0.079         0.095        -0.185
 X3M12         -0.160        -0.095         0.022        -0.009        -0.050


           Covariances
              Y1            Y2            Y3            X1M10         X2M11
              ________      ________      ________      ________      ________
 Y1             0.793
 Y2             0.355         0.899
 Y3             0.409         0.685         1.454
 X1M10         -0.028        -0.043        -0.156         0.508
 X2M11         -0.068        -0.006        -0.109         0.061         0.510
 X3M12         -0.047         0.006        -0.003         0.048         0.103


           Covariances
              X3M12
              ________
 X3M12          0.522


           Correlations
              X1            X2            X3            M1            M2
              ________      ________      ________      ________      ________
 X1             1.000
 X2             0.343         1.000
 X3             0.369         0.340         1.000
 M1            -0.048        -0.104         0.048         1.000
 M2            -0.056        -0.044        -0.010         0.230         1.000
 M3             0.121         0.035         0.089        -0.119        -0.066
 M4             0.015         0.019        -0.015        -0.152         0.054
 M5             0.071        -0.035         0.194         0.006         0.106
 M6             0.006         0.090         0.133         0.011         0.126
 M7             0.088         0.028         0.099        -0.037         0.071
 M8             0.062         0.195         0.228        -0.063         0.102
 M9             0.060         0.132         0.065        -0.113         0.215
 M10            0.209         0.142         0.117        -0.072         0.198
 M11            0.058         0.069         0.152        -0.094         0.013
 M12            0.082         0.138         0.181         0.059         0.217
 Y1             0.225         0.173         0.163         0.023         0.066
 Y2             0.133         0.329         0.305         0.043         0.007
 Y3             0.182         0.326         0.246         0.010         0.133
 X1M10          0.069        -0.094        -0.029         0.215         0.070
 X2M11         -0.103        -0.003         0.010        -0.017         0.019
 X3M12          0.034         0.008        -0.035        -0.085         0.065


           Correlations
              M3            M4            M5            M6            M7
              ________      ________      ________      ________      ________
 M3             1.000
 M4             0.064         1.000
 M5            -0.065        -0.040         1.000
 M6             0.139        -0.025         0.123         1.000
 M7             0.082         0.171        -0.017         0.224         1.000
 M8             0.107         0.037         0.074         0.328         0.017
 M9             0.021        -0.030         0.185         0.266         0.136
 M10            0.274         0.113         0.246         0.312         0.246
 M11            0.001        -0.027         0.118         0.269         0.406
 M12            0.198         0.091         0.228         0.388         0.128
 Y1             0.133        -0.131        -0.028         0.058         0.009
 Y2            -0.078        -0.123         0.067         0.133        -0.119
 Y3             0.106         0.081         0.073         0.201         0.103
 X1M10         -0.150        -0.127        -0.093        -0.075        -0.156
 X2M11         -0.075        -0.166        -0.129        -0.103        -0.018
 X3M12          0.037         0.016        -0.100        -0.060        -0.024


           Correlations
              M8            M9            M10           M11           M12
              ________      ________      ________      ________      ________
 M8             1.000
 M9             0.241         1.000
 M10            0.354         0.299         1.000
 M11            0.263         0.261         0.311         1.000
 M12            0.361         0.363         0.350         0.323         1.000
 Y1             0.097         0.078         0.015         0.128         0.255
 Y2             0.257         0.201         0.095         0.030         0.135
 Y3             0.199         0.366         0.297         0.158         0.342
 X1M10         -0.006        -0.129        -0.189        -0.142        -0.047
 X2M11         -0.019        -0.007        -0.075         0.093        -0.179
 X3M12         -0.145        -0.091         0.020        -0.008        -0.048


           Correlations
              Y1            Y2            Y3            X1M10         X2M11
              ________      ________      ________      ________      ________
 Y1             1.000
 Y2             0.420         1.000
 Y3             0.381         0.599         1.000
 X1M10         -0.044        -0.064        -0.182         1.000
 X2M11         -0.108        -0.009        -0.127         0.120         1.000
 X3M12         -0.072         0.009        -0.003         0.093         0.201


           Correlations
              X3M12
              ________
 X3M12          1.000


UNIVARIATE SAMPLE STATISTICS


     UNIVARIATE HIGHER-ORDER MOMENT DESCRIPTIVE STATISTICS

         Variable/         Mean/     Skewness/   Minimum/ % with                Percentiles
        Sample Size      Variance    Kurtosis    Maximum  Min/Max      20%/60%    40%/80%    Median

     X1                    0.000       0.161      -0.460   54.00%      -0.460     -0.460     -0.460
             100.000       0.248      -1.974       0.540   46.00%       0.540      0.540
     X2                    0.000      -0.040      -0.510   49.00%      -0.510     -0.510      0.490
             100.000       0.250      -1.998       0.490   51.00%       0.490      0.490
     X3                    0.000      -0.161      -0.540   46.00%      -0.540     -0.540      0.460
             100.000       0.248      -1.974       0.460   54.00%       0.460      0.460
     M1                    0.000       0.003      -1.910   34.00%      -1.910     -0.910      0.090
             100.000       2.602      -1.604       2.090   24.00%       1.090      2.090
     M2                    0.000       0.220      -1.810   28.00%      -1.810     -0.810      0.190
             100.000       2.294      -1.401       2.190   22.00%       0.190      2.190
     M3                    0.000      -0.184      -2.200   26.00%      -2.200     -0.200     -0.200
             100.000       2.620      -1.530       1.800   36.00%       0.800      1.800
     M4                    0.000      -0.165      -2.150   20.00%      -2.150     -0.150     -0.150
             100.000       2.128      -1.328       1.850   25.00%       0.850      1.850
     M5                    0.000      -0.302      -2.290   23.00%      -2.290     -0.290      0.710
             100.000       2.526      -1.481       1.710   35.00%       0.710      1.710
     M6                    0.000       0.126      -1.860   32.00%      -1.860     -0.860      0.140
             100.000       2.540      -1.546       2.140   25.00%       0.140      2.140
     M7                    0.000       0.100      -1.900   26.00%      -1.900     -0.900      0.100
             100.000       2.250      -1.416       2.100   22.00%       0.100      2.100
     M8                    0.000      -0.135      -2.180   20.00%      -2.180     -0.180     -0.180
             100.000       2.308      -1.454       1.820   30.00%       0.820      1.820
     M9                    0.000       0.067      -1.950   22.00%      -1.950     -0.950      0.050
             100.000       2.087      -1.334       2.050   21.00%       0.050      2.050
     M10                   0.000      -0.004      -1.970   24.00%      -1.970     -0.970      0.030
             100.000       2.189      -1.419       2.030   21.00%       1.030      2.030
     M11                   0.000       0.031      -2.040   18.00%      -1.040     -1.040     -0.040
             100.000       2.058      -1.361       1.960   23.00%       0.960      1.960
     M12                   0.000       0.055      -1.980   21.00%      -1.980     -0.980      0.020
             100.000       2.100      -1.351       2.020   22.00%       0.020      2.020
     Y1                    0.573       0.288      -1.209    1.00%      -0.126      0.245      0.453
             100.000       0.793      -0.028       3.318    1.00%       0.773      1.276
     Y2                    0.712       0.204      -1.096    1.00%      -0.138      0.391      0.700
             100.000       0.899      -0.408       3.292    1.00%       0.865      1.514
     Y3                    0.942       0.149      -2.094    1.00%      -0.002      0.644      0.920
             100.000       1.454       0.478       4.541    1.00%       1.199      1.841
     X1M10                 0.000      -0.246      -1.222    8.00%      -0.682     -0.142     -0.122
             100.000       0.508      -1.217       0.938   13.00%       0.338      0.798
     X2M11                 0.000      -0.083      -1.049   18.00%      -0.559     -0.069     -0.029
             100.000       0.510      -1.348       0.991    9.00%       0.421      0.911
     X3M12                 0.000      -0.285      -1.218    8.00%      -0.678     -0.168      0.292
             100.000       0.522      -1.254       0.942   13.00%       0.292      0.752


     THIS ANALYSIS MAY HAVE MULTIPLE SOLUTIONS.  EXPLORE THIS USING RANDOM STARTS,
     FOR EXAMPLE, STARTS = 20.  USE A LARGE ENOUGH NUMBER OF STARTS SO THAT THE
     BEST FIT FUNCTION VALUE IS REPLICATED SEVERAL TIMES.


THE MODEL ESTIMATION TERMINATED NORMALLY

     THE STANDARD ERRORS OF THE MODEL PARAMETER ESTIMATES MAY NOT BE
     TRUSTWORTHY FOR SOME PARAMETERS DUE TO A NON-POSITIVE DEFINITE
     FIRST-ORDER DERIVATIVE PRODUCT MATRIX.  THIS MAY BE DUE TO THE STARTING
     VALUES BUT MAY ALSO BE AN INDICATION OF MODEL NONIDENTIFICATION.  THE
     CONDITION NUMBER IS       0.742D-15.  PROBLEM INVOLVING THE FOLLOWING PARAMETER:
     Parameter 40, X2

     THIS IS MOST LIKELY DUE TO VARIABLE X1 BEING DICHOTOMOUS BUT
     DECLARED AS CONTINUOUS.




MODEL FIT INFORMATION

Number of Free Parameters                       69

Loglikelihood

          H0 Value                       -3042.851
          H0 Scaling Correction Factor      0.9064
            for MLR
          H1 Value                       -2954.584
          H1 Scaling Correction Factor      0.9530
            for MLR

Information Criteria

          Akaike (AIC)                    6223.702
          Bayesian (BIC)                  6403.459
          Sample-Size Adjusted BIC        6185.540
            (n* = (n + 2) / 24)

Chi-Square Test of Model Fit

          Value                            181.891*
          Degrees of Freedom                   183
          P-Value                           0.5093
          Scaling Correction Factor         0.9706
            for MLR

*   The chi-square value for MLM, MLMV, MLR, ULSMV, WLSM and WLSMV cannot be used
    for chi-square difference testing in the regular way.  MLM, MLR and WLSM
    chi-square difference testing is described on the Mplus website.  MLMV, WLSMV,
    and ULSMV difference testing is done using the DIFFTEST option.

RMSEA (Root Mean Square Error Of Approximation)

          Estimate                           0.000
          90 Percent C.I.                    0.000  0.043
          Probability RMSEA <= .05           0.983

CFI/TLI

          CFI                                1.000
          TLI                                1.000

Chi-Square Test of Model Fit for the Baseline Model

          Value                            432.783
          Degrees of Freedom                   210
          P-Value                           0.0000

SRMR (Standardized Root Mean Square Residual)

          Value                              0.068



MODEL RESULTS

                                                    Two-Tailed
                    Estimate       S.E.  Est./S.E.    P-Value

 X        BY
    X3                 1.000      0.000    999.000    999.000
    X2                 1.016      0.295      3.451      0.001
    X1                 0.888      0.213      4.170      0.000

 M        BY
    M12                1.000      0.000    999.000    999.000
    M11                0.723      0.195      3.711      0.000
    M10                0.949      0.214      4.439      0.000
    M9                 0.780      0.180      4.324      0.000
    M8                 0.822      0.191      4.301      0.000
    M7                 0.477      0.212      2.248      0.025
    M6                 0.903      0.188      4.800      0.000
    M5                 0.463      0.201      2.302      0.021
    M4                 0.130      0.186      0.698      0.485
    M3                 0.381      0.212      1.797      0.072
    M2                 0.387      0.199      1.944      0.052
    M1                -0.086      0.205     -0.419      0.675

 Y        BY
    Y3                 1.000      0.000    999.000    999.000
    Y2                 0.686      0.183      3.747      0.000
    Y1                 0.446      0.155      2.880      0.004

 XM       BY
    X3M12              1.000      0.000    999.000    999.000
    X2M11              1.286      0.831      1.547      0.122
    X1M10              1.079      1.828      0.590      0.555

 Y        ON
    X                  1.524      0.626      2.434      0.015
    M                  0.248      0.230      1.081      0.280
    XM                -0.624      1.763     -0.354      0.723

 X        WITH
    M                  0.105      0.051      2.058      0.040
    XM                -0.006      0.018     -0.331      0.741

 M        WITH
    XM                -0.081      0.059     -1.371      0.170

 Intercepts
    X1                 0.000      0.050      0.000      1.000
    X2                 0.000      0.050      0.000      1.000
    X3                 0.000      0.050      0.000      1.000
    M1                 0.000      0.161      0.000      1.000
    M2                 0.000      0.151      0.000      1.000
    M3                 0.000      0.162      0.000      1.000
    M4                 0.000      0.146      0.000      1.000
    M5                 0.000      0.159      0.000      1.000
    M6                 0.000      0.159      0.000      1.000
    M7                 0.000      0.150      0.000      1.000
    M8                 0.000      0.152      0.000      1.000
    M9                 0.000      0.144      0.000      1.000
    M10                0.000      0.148      0.000      1.000
    M11                0.000      0.143      0.000      1.000
    M12                0.000      0.145      0.000      1.000
    Y1                 0.573      0.089      6.438      0.000
    Y2                 0.712      0.095      7.504      0.000
    Y3                 0.942      0.121      7.812      0.000
    X1M10              0.000      0.071      0.000      1.000
    X2M11              0.000      0.071      0.000      1.000
    X3M12              0.000      0.072      0.000      1.000

 Variances
    X                  0.092      0.032      2.845      0.004
    M                  0.934      0.265      3.519      0.000
    XM                 0.057      0.092      0.619      0.536

 Residual Variances
    X1                 0.176      0.030      5.846      0.000
    X2                 0.155      0.033      4.632      0.000
    X3                 0.156      0.032      4.871      0.000
    M1                 2.595      0.164     15.843      0.000
    M2                 2.154      0.214     10.083      0.000
    M3                 2.485      0.230     10.801      0.000
    M4                 2.112      0.174     12.151      0.000
    M5                 2.326      0.224     10.386      0.000
    M6                 1.778      0.229      7.763      0.000
    M7                 2.037      0.229      8.905      0.000
    M8                 1.677      0.223      7.517      0.000
    M9                 1.519      0.217      6.985      0.000
    M10                1.348      0.245      5.507      0.000
    M11                1.570      0.220      7.122      0.000
    M12                1.165      0.250      4.670      0.000
    Y1                 0.594      0.100      5.930      0.000
    Y2                 0.430      0.131      3.291      0.001
    Y3                 0.457      0.222      2.059      0.039
    X1M10              0.442      0.124      3.574      0.000
    X2M11              0.416      0.165      2.517      0.012
    X3M12              0.465      0.098      4.746      0.000
    Y                  0.588      0.196      3.006      0.003

New/Additional Parameters
    VAR_Y              0.997      0.303      3.288      0.001
    STD_B1             0.463      0.169      2.738      0.006
    STD_B2             0.240      0.222      1.083      0.279
    STD_B3            -0.183      0.506     -0.362      0.717


QUALITY OF NUMERICAL RESULTS

     Condition Number for the Information Matrix              0.102E-03
       (ratio of smallest to largest eigenvalue)


CONFIDENCE INTERVALS OF MODEL RESULTS

                  Lower .5%  Lower 2.5%    Lower 5%    Estimate    Upper 5%  Upper 2.5%   Upper .5%

 X        BY
    X3               1.000       1.000       1.000       1.000       1.000       1.000       1.000
    X2               0.258       0.439       0.532       1.016       1.501       1.594       1.775
    X1               0.340       0.471       0.538       0.888       1.239       1.306       1.437

 M        BY
    M12              1.000       1.000       1.000       1.000       1.000       1.000       1.000
    M11              0.221       0.341       0.403       0.723       1.044       1.105       1.225
    M10              0.398       0.530       0.597       0.949       1.300       1.368       1.499
    M9               0.315       0.426       0.483       0.780       1.077       1.134       1.245
    M8               0.329       0.447       0.507       0.822       1.136       1.196       1.314
    M7              -0.069       0.061       0.128       0.477       0.826       0.893       1.024
    M6               0.419       0.534       0.594       0.903       1.213       1.272       1.388
    M5              -0.055       0.069       0.132       0.463       0.794       0.857       0.981
    M4              -0.350      -0.235      -0.177       0.130       0.437       0.496       0.610
    M3              -0.165      -0.035       0.032       0.381       0.729       0.796       0.926
    M2              -0.126      -0.003       0.059       0.387       0.714       0.776       0.899
    M1              -0.615      -0.488      -0.424      -0.086       0.252       0.316       0.443

 Y        BY
    Y3               1.000       1.000       1.000       1.000       1.000       1.000       1.000
    Y2               0.214       0.327       0.385       0.686       0.987       1.045       1.158
    Y1               0.047       0.143       0.191       0.446       0.701       0.750       0.845

 XM       BY
    X3M12            1.000       1.000       1.000       1.000       1.000       1.000       1.000
    X2M11           -0.855      -0.343      -0.081       1.286       2.653       2.915       3.426
    X1M10           -3.630      -2.504      -1.928       1.079       4.087       4.663       5.788

 Y        ON
    X               -0.089       0.297       0.494       1.524       2.553       2.750       3.136
    M               -0.344      -0.202      -0.130       0.248       0.626       0.699       0.840
    XM              -5.165      -4.079      -3.524      -0.624       2.276       2.832       3.917

 X        WITH
    M               -0.026       0.005       0.021       0.105       0.189       0.205       0.237
    XM              -0.053      -0.042      -0.036      -0.006       0.024       0.030       0.041

 M        WITH
    XM              -0.233      -0.196      -0.178      -0.081       0.016       0.035       0.071

 Intercepts
    X1              -0.128      -0.098      -0.082       0.000       0.082       0.098       0.128
    X2              -0.129      -0.098      -0.082       0.000       0.082       0.098       0.129
    X3              -0.128      -0.098      -0.082       0.000       0.082       0.098       0.128
    M1              -0.415      -0.316      -0.265       0.000       0.265       0.316       0.415
    M2              -0.390      -0.297      -0.249       0.000       0.249       0.297       0.390
    M3              -0.417      -0.317      -0.266       0.000       0.266       0.317       0.417
    M4              -0.376      -0.286      -0.240       0.000       0.240       0.286       0.376
    M5              -0.409      -0.312      -0.261       0.000       0.261       0.312       0.409
    M6              -0.411      -0.312      -0.262       0.000       0.262       0.312       0.411
    M7              -0.386      -0.294      -0.247       0.000       0.247       0.294       0.386
    M8              -0.391      -0.298      -0.250       0.000       0.250       0.298       0.391
    M9              -0.372      -0.283      -0.238       0.000       0.238       0.283       0.372
    M10             -0.381      -0.290      -0.243       0.000       0.243       0.290       0.381
    M11             -0.370      -0.281      -0.236       0.000       0.236       0.281       0.370
    M12             -0.373      -0.284      -0.238       0.000       0.238       0.284       0.373
    Y1               0.344       0.399       0.427       0.573       0.720       0.748       0.803
    Y2               0.467       0.526       0.556       0.712       0.868       0.897       0.956
    Y3               0.631       0.706       0.744       0.942       1.140       1.178       1.253
    X1M10           -0.184      -0.140      -0.117       0.000       0.117       0.140       0.184
    X2M11           -0.184      -0.140      -0.117       0.000       0.117       0.140       0.184
    X3M12           -0.186      -0.142      -0.119       0.000       0.119       0.142       0.186

 Variances
    X                0.009       0.029       0.039       0.092       0.146       0.156       0.176
    M                0.250       0.414       0.497       0.934       1.371       1.455       1.618
    XM              -0.179      -0.123      -0.094       0.057       0.207       0.236       0.293

 Residual Variances
    X1               0.098       0.117       0.126       0.176       0.225       0.235       0.253
    X2               0.069       0.089       0.100       0.155       0.210       0.220       0.241
    X3               0.074       0.093       0.103       0.156       0.209       0.219       0.239
    M1               2.173       2.274       2.326       2.595       2.864       2.916       3.017
    M2               1.604       1.736       1.803       2.154       2.506       2.573       2.705
    M3               1.892       2.034       2.106       2.485       2.863       2.936       3.077
    M4               1.664       1.771       1.826       2.112       2.398       2.452       2.559
    M5               1.749       1.887       1.957       2.326       2.694       2.764       2.902
    M6               1.188       1.329       1.401       1.778       2.155       2.227       2.368
    M7               1.448       1.589       1.661       2.037       2.414       2.486       2.627
    M8               1.102       1.240       1.310       1.677       2.044       2.114       2.252
    M9               0.959       1.093       1.161       1.519       1.877       1.945       2.079
    M10              0.718       0.868       0.945       1.348       1.751       1.828       1.979
    M11              1.002       1.138       1.207       1.570       1.933       2.002       2.138
    M12              0.523       0.676       0.755       1.165       1.576       1.655       1.808
    Y1               0.336       0.398       0.429       0.594       0.759       0.791       0.852
    Y2               0.093       0.174       0.215       0.430       0.645       0.686       0.766
    Y3              -0.115       0.022       0.092       0.457       0.821       0.891       1.028
    X1M10            0.123       0.200       0.239       0.442       0.646       0.685       0.761
    X2M11           -0.010       0.092       0.144       0.416       0.688       0.740       0.842
    X3M12            0.213       0.273       0.304       0.465       0.626       0.657       0.718
    Y                0.084       0.205       0.266       0.588       0.910       0.971       1.092

New/Additional Parameters
    VAR_Y            0.216       0.403       0.498       0.997       1.496       1.592       1.779
    STD_B1           0.027       0.132       0.185       0.463       0.742       0.795       0.899
    STD_B2          -0.331      -0.195      -0.125       0.240       0.605       0.675       0.812
    STD_B3          -1.487      -1.175      -1.016      -0.183       0.649       0.809       1.120


TECHNICAL 1 OUTPUT


     PARAMETER SPECIFICATION


           NU
              X1            X2            X3            M1            M2
              ________      ________      ________      ________      ________
                  1             2             3             4             5


           NU
              M3            M4            M5            M6            M7
              ________      ________      ________      ________      ________
                  6             7             8             9            10


           NU
              M8            M9            M10           M11           M12
              ________      ________      ________      ________      ________
                 11            12            13            14            15


           NU
              Y1            Y2            Y3            X1M10         X2M11
              ________      ________      ________      ________      ________
                 16            17            18            19            20


           NU
              X3M12
              ________
                 21


           LAMBDA
              X             M             Y             XM
              ________      ________      ________      ________
 X1                22             0             0             0
 X2                23             0             0             0
 X3                 0             0             0             0
 M1                 0            24             0             0
 M2                 0            25             0             0
 M3                 0            26             0             0
 M4                 0            27             0             0
 M5                 0            28             0             0
 M6                 0            29             0             0
 M7                 0            30             0             0
 M8                 0            31             0             0
 M9                 0            32             0             0
 M10                0            33             0             0
 M11                0            34             0             0
 M12                0             0             0             0
 Y1                 0             0            35             0
 Y2                 0             0            36             0
 Y3                 0             0             0             0
 X1M10              0             0             0            37
 X2M11              0             0             0            38
 X3M12              0             0             0             0


           THETA
              X1            X2            X3            M1            M2
              ________      ________      ________      ________      ________
 X1                39
 X2                 0            40
 X3                 0             0            41
 M1                 0             0             0            42
 M2                 0             0             0             0            43
 M3                 0             0             0             0             0
 M4                 0             0             0             0             0
 M5                 0             0             0             0             0
 M6                 0             0             0             0             0
 M7                 0             0             0             0             0
 M8                 0             0             0             0             0
 M9                 0             0             0             0             0
 M10                0             0             0             0             0
 M11                0             0             0             0             0
 M12                0             0             0             0             0
 Y1                 0             0             0             0             0
 Y2                 0             0             0             0             0
 Y3                 0             0             0             0             0
 X1M10              0             0             0             0             0
 X2M11              0             0             0             0             0
 X3M12              0             0             0             0             0


           THETA
              M3            M4            M5            M6            M7
              ________      ________      ________      ________      ________
 M3                44
 M4                 0            45
 M5                 0             0            46
 M6                 0             0             0            47
 M7                 0             0             0             0            48
 M8                 0             0             0             0             0
 M9                 0             0             0             0             0
 M10                0             0             0             0             0
 M11                0             0             0             0             0
 M12                0             0             0             0             0
 Y1                 0             0             0             0             0
 Y2                 0             0             0             0             0
 Y3                 0             0             0             0             0
 X1M10              0             0             0             0             0
 X2M11              0             0             0             0             0
 X3M12              0             0             0             0             0


           THETA
              M8            M9            M10           M11           M12
              ________      ________      ________      ________      ________
 M8                49
 M9                 0            50
 M10                0             0            51
 M11                0             0             0            52
 M12                0             0             0             0            53
 Y1                 0             0             0             0             0
 Y2                 0             0             0             0             0
 Y3                 0             0             0             0             0
 X1M10              0             0             0             0             0
 X2M11              0             0             0             0             0
 X3M12              0             0             0             0             0


           THETA
              Y1            Y2            Y3            X1M10         X2M11
              ________      ________      ________      ________      ________
 Y1                54
 Y2                 0            55
 Y3                 0             0            56
 X1M10              0             0             0            57
 X2M11              0             0             0             0            58
 X3M12              0             0             0             0             0


           THETA
              X3M12
              ________
 X3M12             59


           ALPHA
              X             M             Y             XM
              ________      ________      ________      ________
                  0             0             0             0


           BETA
              X             M             Y             XM
              ________      ________      ________      ________
 X                  0             0             0             0
 M                  0             0             0             0
 Y                 60            61             0            62
 XM                 0             0             0             0


           PSI
              X             M             Y             XM
              ________      ________      ________      ________
 X                 63
 M                 64            65
 Y                  0             0            66
 XM                67            68             0            69


     PARAMETER SPECIFICATION FOR THE ADDITIONAL PARAMETERS


           New/Additional Parameters
              VAR_Y         STD_B1        STD_B2        STD_B3
              ________      ________      ________      ________
                   70            71            72            73


     STARTING VALUES


           NU
              X1            X2            X3            M1            M2
              ________      ________      ________      ________      ________
                0.000         0.000         0.000         0.000         0.000


           NU
              M3            M4            M5            M6            M7
              ________      ________      ________      ________      ________
                0.000         0.000         0.000         0.000         0.000


           NU
              M8            M9            M10           M11           M12
              ________      ________      ________      ________      ________
                0.000         0.000         0.000         0.000         0.000


           NU
              Y1            Y2            Y3            X1M10         X2M11
              ________      ________      ________      ________      ________
                0.573         0.712         0.942         0.000         0.000


           NU
              X3M12
              ________
                0.000


           LAMBDA
              X             M             Y             XM
              ________      ________      ________      ________
 X1             1.009         0.000         0.000         0.000
 X2             0.932         0.000         0.000         0.000
 X3             1.000         0.000         0.000         0.000
 M1             0.000        -2.929         0.000         0.000
 M2             0.000        -0.378         0.000         0.000
 M3             0.000         0.537         0.000         0.000
 M4             0.000        -0.367         0.000         0.000
 M5             0.000        -0.406         0.000         0.000
 M6             0.000         0.176         0.000         0.000
 M7             0.000         1.193         0.000         0.000
 M8             0.000         0.458         0.000         0.000
 M9             0.000        -0.794         0.000         0.000
 M10            0.000         0.948         0.000         0.000
 M11            0.000         0.494         0.000         0.000
 M12            0.000         1.000         0.000         0.000
 Y1             0.000         0.000         0.518         0.000
 Y2             0.000         0.000         0.867         0.000
 Y3             0.000         0.000         1.000         0.000
 X1M10          0.000         0.000         0.000         0.589
 X2M11          0.000         0.000         0.000         1.269
 X3M12          0.000         0.000         0.000         1.000


           THETA
              X1            X2            X3            M1            M2
              ________      ________      ________      ________      ________
 X1             0.124
 X2             0.000         0.125
 X3             0.000         0.000         0.124
 M1             0.000         0.000         0.000         1.301
 M2             0.000         0.000         0.000         0.000         1.147
 M3             0.000         0.000         0.000         0.000         0.000
 M4             0.000         0.000         0.000         0.000         0.000
 M5             0.000         0.000         0.000         0.000         0.000
 M6             0.000         0.000         0.000         0.000         0.000
 M7             0.000         0.000         0.000         0.000         0.000
 M8             0.000         0.000         0.000         0.000         0.000
 M9             0.000         0.000         0.000         0.000         0.000
 M10            0.000         0.000         0.000         0.000         0.000
 M11            0.000         0.000         0.000         0.000         0.000
 M12            0.000         0.000         0.000         0.000         0.000
 Y1             0.000         0.000         0.000         0.000         0.000
 Y2             0.000         0.000         0.000         0.000         0.000
 Y3             0.000         0.000         0.000         0.000         0.000
 X1M10          0.000         0.000         0.000         0.000         0.000
 X2M11          0.000         0.000         0.000         0.000         0.000
 X3M12          0.000         0.000         0.000         0.000         0.000


           THETA
              M3            M4            M5            M6            M7
              ________      ________      ________      ________      ________
 M3             1.310
 M4             0.000         1.064
 M5             0.000         0.000         1.263
 M6             0.000         0.000         0.000         1.270
 M7             0.000         0.000         0.000         0.000         1.125
 M8             0.000         0.000         0.000         0.000         0.000
 M9             0.000         0.000         0.000         0.000         0.000
 M10            0.000         0.000         0.000         0.000         0.000
 M11            0.000         0.000         0.000         0.000         0.000
 M12            0.000         0.000         0.000         0.000         0.000
 Y1             0.000         0.000         0.000         0.000         0.000
 Y2             0.000         0.000         0.000         0.000         0.000
 Y3             0.000         0.000         0.000         0.000         0.000
 X1M10          0.000         0.000         0.000         0.000         0.000
 X2M11          0.000         0.000         0.000         0.000         0.000
 X3M12          0.000         0.000         0.000         0.000         0.000


           THETA
              M8            M9            M10           M11           M12
              ________      ________      ________      ________      ________
 M8             1.154
 M9             0.000         1.044
 M10            0.000         0.000         1.095
 M11            0.000         0.000         0.000         1.029
 M12            0.000         0.000         0.000         0.000         1.050
 Y1             0.000         0.000         0.000         0.000         0.000
 Y2             0.000         0.000         0.000         0.000         0.000
 Y3             0.000         0.000         0.000         0.000         0.000
 X1M10          0.000         0.000         0.000         0.000         0.000
 X2M11          0.000         0.000         0.000         0.000         0.000
 X3M12          0.000         0.000         0.000         0.000         0.000


           THETA
              Y1            Y2            Y3            X1M10         X2M11
              ________      ________      ________      ________      ________
 Y1             0.397
 Y2             0.000         0.450
 Y3             0.000         0.000         0.727
 X1M10          0.000         0.000         0.000         0.254
 X2M11          0.000         0.000         0.000         0.000         0.255
 X3M12          0.000         0.000         0.000         0.000         0.000


           THETA
              X3M12
              ________
 X3M12          0.261


           ALPHA
              X             M             Y             XM
              ________      ________      ________      ________
                0.000         0.000         0.000         0.000


           BETA
              X             M             Y             XM
              ________      ________      ________      ________
 X              0.000         0.000         0.000         0.000
 M              0.000         0.000         0.000         0.000
 Y              0.000         0.000         0.000         0.000
 XM             0.000         0.000         0.000         0.000


           PSI
              X             M             Y             XM
              ________      ________      ________      ________
 X              0.050
 M              0.000         0.050
 Y              0.000         0.000         0.050
 XM             0.000         0.000         0.000         0.050


     STARTING VALUES FOR THE ADDITIONAL PARAMETERS


           New/Additional Parameters
              VAR_Y         STD_B1        STD_B2        STD_B3
              ________      ________      ________      ________
                0.500         0.500         0.500         0.500


RESULTS SAVING INFORMATION

  Order of data

    Parameter estimates
     (saved in order shown in Technical 1 output)
    Standard errors
     (saved in order shown in Technical 1 output)
    Number of Free Parameters
    H0 Loglikelihood
    H0 Scaling Correction Factor for MLR
    H1 Loglikelihood
    H1 Scaling Correction Factor for MLR
    Akaike (AIC)
    Bayesian (BIC)
    Sample-Size Adjusted BIC
    Chi-square : Value
    Chi-square : Degrees of Freedom
    Chi-square : P-Value
    Chi-square : Scaling Correction Factor for MLR/MLM/WLSM
    CFI
    TLI
    RMSEA : Estimate
    RMSEA : Low CI
    RMSEA : High CI
    RMSEA : Probability
    SRMR
    Condition Number

  Save file
    matchupi_results_483.dat

  Save file format           Free


     Beginning Time:  15:48:06
        Ending Time:  15:48:08
       Elapsed Time:  00:00:02



MUTHEN & MUTHEN
3463 Stoner Ave.
Los Angeles, CA  90066

Tel: (310) 391-9971
Fax: (310) 391-8971
Web: www.StatModel.com
Support: Support@StatModel.com

Copyright (c) 1998-2022 Muthen & Muthen
