Mplus VERSION 8.8 (Mac)
MUTHEN & MUTHEN
07/27/2025   9:08 PM

INPUT INSTRUCTIONS


    TITLE: Matched-pair Unconstrained Product Indicator

    DATA:
      FILE = matchupi_simdat_1591.dat;
      FORMAT IS FREE;

    VARIABLE:
      NAMES = x1 x2 x3
      	    m1 m2 m3 m4 m5 m6
      	    m7 m8 m9 m10 m11 m12
      	    y1 y2 y3
      	    x1m10 x2m11 x3m12;
      USEVARIABLES = x1-x3m12;

    ANALYSIS:
      TYPE = general;
      ESTIMATOR = MLR;
    MODEL:
      !measurement model
      X BY x3 x2 x1;
      X (var_X);
      M BY m12 m11 m10 m9 m8 m7 m6 m5 m4 m3 m2 m1;
      M (var_M);
      Y BY y3 y2 y1;
      Y (resvar_Y);
      XM BY x3m12 x2m11 x1m10;
      XM (var_XM);

      !covariances between predictors
      X WITH M (cov_XM);
      X WITH XM (cov_XXM);
      M WITH XM (cov_MXM);

      !structural model
      Y ON X (b1);
      Y ON M (b2);
      Y ON XM (b3);

    MODEL CONSTRAINT:

      NEW(var_Y std_b1 std_b2 std_b3);
      var_Y = resvar_Y +
       (b1^2 * var_X +
        b2^2 * var_M +
        b3^2 * var_XM +
        2 * b1 * b2 * cov_XM +
        2 * b1 * b3 * cov_XXM +
        2 * b2 * b3 * cov_MXM);

        std_b1 = b1 * sqrt(var_X) / sqrt(var_Y);
        std_b2 = b2 * sqrt(var_M) / sqrt(var_Y);
        std_b3 = b3 * sqrt(var_X) * sqrt(var_M) / sqrt(var_Y);

    OUTPUT:
      sampstat tech1 CINTERVAL;

    SAVEDATA:
      RESULTS = matchupi_results_1591.dat;




INPUT READING TERMINATED NORMALLY



Matched-pair Unconstrained Product Indicator

SUMMARY OF ANALYSIS

Number of groups                                                 1
Number of observations                                         100

Number of dependent variables                                   21
Number of independent variables                                  0
Number of continuous latent variables                            4

Observed dependent variables

  Continuous
   X1          X2          X3          M1          M2          M3
   M4          M5          M6          M7          M8          M9
   M10         M11         M12         Y1          Y2          Y3
   X1M10       X2M11       X3M12

Continuous latent variables
   X           M           Y           XM


Estimator                                                      MLR
Information matrix                                        OBSERVED
Maximum number of iterations                                  1000
Convergence criterion                                    0.500D-04
Maximum number of steepest descent iterations                   20

Input data file(s)
  matchupi_simdat_1591.dat

Input data format  FREE


SAMPLE STATISTICS


     SAMPLE STATISTICS


           Means
              X1            X2            X3            M1            M2
              ________      ________      ________      ________      ________
                0.000         0.000         0.000         0.000         0.000


           Means
              M3            M4            M5            M6            M7
              ________      ________      ________      ________      ________
                0.000         0.000         0.000         0.000         0.000


           Means
              M8            M9            M10           M11           M12
              ________      ________      ________      ________      ________
                0.000         0.000         0.000         0.000         0.000


           Means
              Y1            Y2            Y3            X1M10         X2M11
              ________      ________      ________      ________      ________
                0.554         0.736         1.073         0.000         0.000


           Means
              X3M12
              ________
                0.000


           Covariances
              X1            X2            X3            M1            M2
              ________      ________      ________      ________      ________
 X1             0.248
 X2             0.055         0.250
 X3             0.072         0.145         0.248
 M1            -0.021         0.077         0.071         2.648
 M2            -0.064        -0.123        -0.086        -0.424         2.477
 M3             0.079        -0.004        -0.039        -0.303         0.465
 M4             0.092         0.080         0.138        -0.064        -0.281
 M5            -0.059         0.060         0.029         0.283         0.195
 M6             0.037         0.111         0.053         0.238         0.042
 M7            -0.003        -0.013         0.103         0.208        -0.228
 M8             0.057         0.044        -0.007         0.307        -0.159
 M9            -0.050        -0.026         0.050         0.430        -0.300
 M10           -0.048         0.109         0.038         0.039         0.284
 M11            0.016         0.131         0.084         0.315        -0.483
 M12            0.015         0.161         0.125         0.302        -0.298
 Y1             0.021         0.059         0.051         0.262        -0.072
 Y2             0.096         0.073         0.117         0.148        -0.098
 Y3             0.040         0.046         0.138         0.237         0.380
 X1M10         -0.003         0.000         0.010         0.036         0.196
 X2M11         -0.081         0.003        -0.008         0.091         0.218
 X3M12          0.004        -0.067        -0.079        -0.090         0.201


           Covariances
              M3            M4            M5            M6            M7
              ________      ________      ________      ________      ________
 M3             2.488
 M4            -0.354         2.278
 M5             0.603        -0.081         2.220
 M6             0.228         0.323         0.202         2.354
 M7             0.128         0.558         0.244         0.103         2.086
 M8             0.477         0.198         0.479         0.334         0.180
 M9             0.229        -0.055         0.347         0.060         0.317
 M10            0.409         0.468         0.309        -0.005         0.643
 M11            0.025         0.524         0.672         0.692         0.609
 M12            0.192         0.585         0.512         0.700         0.485
 Y1            -0.072        -0.119         0.017         0.053        -0.020
 Y2             0.154         0.166         0.096         0.102         0.016
 Y3             0.354         0.065         0.370         0.338         0.003
 X1M10          0.199         0.112         0.044        -0.013        -0.033
 X2M11         -0.149         0.152        -0.022        -0.035         0.045
 X3M12         -0.024         0.030         0.108         0.101        -0.190


           Covariances
              M8            M9            M10           M11           M12
              ________      ________      ________      ________      ________
 M8             2.228
 M9             0.433         2.173
 M10            0.177         0.432         2.196
 M11            0.565         0.463         0.656         2.170
 M12            0.736         0.626         0.807         1.028         2.326
 Y1             0.242         0.013         0.062         0.162         0.246
 Y2             0.165         0.112         0.182         0.160         0.229
 Y3             0.295         0.113         0.121         0.375         0.245
 X1M10          0.061         0.020         0.145        -0.061         0.054
 X2M11         -0.112        -0.031         0.138        -0.014         0.009
 X3M12          0.244        -0.097         0.066         0.065         0.105


           Covariances
              Y1            Y2            Y3            X1M10         X2M11
              ________      ________      ________      ________      ________
 Y1             0.617
 Y2             0.325         1.077
 Y3             0.284         0.736         1.351
 X1M10         -0.007        -0.042        -0.065         0.566
 X2M11         -0.072        -0.118        -0.018         0.099         0.525
 X3M12         -0.015        -0.015         0.087         0.065         0.041


           Covariances
              X3M12
              ________
 X3M12          0.538


           Correlations
              X1            X2            X3            M1            M2
              ________      ________      ________      ________      ________
 X1             1.000
 X2             0.222         1.000
 X3             0.288         0.580         1.000
 M1            -0.026         0.094         0.088         1.000
 M2            -0.082        -0.156        -0.109        -0.166         1.000
 M3             0.101        -0.004        -0.050        -0.118         0.188
 M4             0.122         0.105         0.184        -0.026        -0.118
 M5            -0.080         0.080         0.039         0.117         0.083
 M6             0.048         0.144         0.070         0.095         0.017
 M7            -0.005        -0.018         0.144         0.089        -0.100
 M8             0.077         0.060        -0.009         0.127        -0.067
 M9            -0.068        -0.036         0.068         0.179        -0.129
 M10           -0.064         0.148         0.051         0.016         0.122
 M11            0.022         0.178         0.114         0.131        -0.208
 M12            0.020         0.211         0.164         0.122        -0.124
 Y1             0.054         0.151         0.130         0.205        -0.058
 Y2             0.186         0.140         0.226         0.088        -0.060
 Y3             0.069         0.079         0.239         0.125         0.208
 X1M10         -0.007         0.001         0.027         0.029         0.165
 X2M11         -0.223         0.007        -0.023         0.077         0.191
 X3M12          0.010        -0.182        -0.217        -0.076         0.174


           Correlations
              M3            M4            M5            M6            M7
              ________      ________      ________      ________      ________
 M3             1.000
 M4            -0.149         1.000
 M5             0.257        -0.036         1.000
 M6             0.094         0.140         0.088         1.000
 M7             0.056         0.256         0.113         0.047         1.000
 M8             0.203         0.088         0.215         0.146         0.084
 M9             0.099        -0.025         0.158         0.027         0.149
 M10            0.175         0.209         0.140        -0.002         0.300
 M11            0.011         0.236         0.306         0.306         0.286
 M12            0.080         0.254         0.226         0.299         0.220
 Y1            -0.058        -0.100         0.015         0.044        -0.017
 Y2             0.094         0.106         0.062         0.064         0.011
 Y3             0.193         0.037         0.213         0.189         0.002
 X1M10          0.168         0.098         0.040        -0.011        -0.031
 X2M11         -0.130         0.139        -0.020        -0.031         0.043
 X3M12         -0.021         0.027         0.099         0.090        -0.180


           Correlations
              M8            M9            M10           M11           M12
              ________      ________      ________      ________      ________
 M8             1.000
 M9             0.197         1.000
 M10            0.080         0.198         1.000
 M11            0.257         0.213         0.300         1.000
 M12            0.323         0.278         0.357         0.458         1.000
 Y1             0.206         0.011         0.053         0.140         0.205
 Y2             0.107         0.073         0.118         0.105         0.145
 Y3             0.170         0.066         0.070         0.219         0.138
 X1M10          0.055         0.018         0.130        -0.055         0.047
 X2M11         -0.104        -0.029         0.129        -0.013         0.008
 X3M12          0.223        -0.090         0.061         0.060         0.094


           Correlations
              Y1            Y2            Y3            X1M10         X2M11
              ________      ________      ________      ________      ________
 Y1             1.000
 Y2             0.399         1.000
 Y3             0.311         0.610         1.000
 X1M10         -0.012        -0.054        -0.075         1.000
 X2M11         -0.127        -0.157        -0.021         0.181         1.000
 X3M12         -0.026        -0.020         0.103         0.118         0.077


           Correlations
              X3M12
              ________
 X3M12          1.000


UNIVARIATE SAMPLE STATISTICS


     UNIVARIATE HIGHER-ORDER MOMENT DESCRIPTIVE STATISTICS

         Variable/         Mean/     Skewness/   Minimum/ % with                Percentiles
        Sample Size      Variance    Kurtosis    Maximum  Min/Max      20%/60%    40%/80%    Median

     X1                    0.000      -0.161      -0.540   46.00%      -0.540     -0.540      0.460
             100.000       0.248      -1.974       0.460   54.00%       0.460      0.460
     X2                    0.000       0.040      -0.490   51.00%      -0.490     -0.490     -0.490
             100.000       0.250      -1.998       0.510   49.00%       0.510      0.510
     X3                    0.000       0.161      -0.460   54.00%      -0.460     -0.460     -0.460
             100.000       0.248      -1.974       0.540   46.00%       0.540      0.540
     M1                    0.000      -0.131      -2.150   26.00%      -2.150     -1.150     -0.150
             100.000       2.648      -1.595       1.850   34.00%       0.850      1.850
     M2                    0.000      -0.290      -2.230   25.00%      -2.230     -0.230      0.770
             100.000       2.477      -1.451       1.770   31.00%       0.770      1.770
     M3                    0.000      -0.110      -2.150   24.00%      -2.150     -0.150     -0.150
             100.000       2.488      -1.501       1.850   33.00%       0.850      1.850
     M4                    0.000       0.068      -1.960   24.00%      -1.960     -0.960      0.040
             100.000       2.278      -1.448       2.040   24.00%       0.040      2.040
     M5                    0.000       0.016      -1.980   24.00%      -1.980     -0.980      0.020
             100.000       2.220      -1.405       2.020   23.00%       0.020      2.020
     M6                    0.000      -0.101      -2.080   24.00%      -2.080     -1.080     -0.080
             100.000       2.354      -1.486       1.920   26.00%       0.920      1.920
     M7                    0.000      -0.250      -2.210   19.00%      -1.210     -0.210     -0.210
             100.000       2.086      -1.279       1.790   25.00%       0.790      1.790
     M8                    0.000       0.049      -1.950   25.00%      -1.950     -0.950      0.050
             100.000       2.227      -1.390       2.050   23.00%       0.050      2.050
     M9                    0.000       0.131      -1.870   25.00%      -1.870     -0.870      0.130
             100.000       2.173      -1.393       2.130   20.00%       0.130      1.130
     M10                   0.000       0.103      -1.940   24.00%      -1.940     -0.940      0.060
             100.000       2.196      -1.343       2.060   24.00%       0.060      2.060
     M11                   0.000      -0.079      -2.100   20.00%      -2.100     -0.100     -0.100
             100.000       2.170      -1.397       1.900   25.00%       0.900      1.900
     M12                   0.000      -0.237      -2.120   26.00%      -2.120     -0.120     -0.120
             100.000       2.326      -1.421       1.880   24.00%       0.880      1.880
     Y1                    0.554       0.027      -1.876    1.00%      -0.105      0.287      0.570
             100.000       0.617       0.787       3.074    1.00%       0.760      1.145
     Y2                    0.736      -0.464      -2.635    1.00%       0.020      0.473      0.646
             100.000       1.077       0.966       3.351    1.00%       1.021      1.541
     Y3                    1.073       0.099      -1.565    1.00%       0.268      0.706      0.975
             100.000       1.351       0.075       4.271    1.00%       1.194      2.010
     X1M10                 0.000      -0.341      -1.270   11.00%      -0.990     -0.070      0.140
             100.000       0.566      -1.235       0.890   14.00%       0.350      0.850
     X2M11                 0.000      -0.167      -1.202    6.00%      -0.692     -0.182     -0.082
             100.000       0.525      -1.370       0.898   14.00%       0.328      0.838
     X3M12                 0.000       0.000      -1.065   12.00%      -0.845      0.015      0.015
             100.000       0.538      -1.313       1.095    8.00%       0.075      0.555


     THIS ANALYSIS MAY HAVE MULTIPLE SOLUTIONS.  EXPLORE THIS USING RANDOM STARTS,
     FOR EXAMPLE, STARTS = 20.  USE A LARGE ENOUGH NUMBER OF STARTS SO THAT THE
     BEST FIT FUNCTION VALUE IS REPLICATED SEVERAL TIMES.


THE MODEL ESTIMATION TERMINATED NORMALLY

     THE STANDARD ERRORS OF THE MODEL PARAMETER ESTIMATES MAY NOT BE
     TRUSTWORTHY FOR SOME PARAMETERS DUE TO A NON-POSITIVE DEFINITE
     FIRST-ORDER DERIVATIVE PRODUCT MATRIX.  THIS MAY BE DUE TO THE STARTING
     VALUES BUT MAY ALSO BE AN INDICATION OF MODEL NONIDENTIFICATION.  THE
     CONDITION NUMBER IS      -0.563D-17.  PROBLEM INVOLVING THE FOLLOWING PARAMETER:
     Parameter 40, X2

     THIS IS MOST LIKELY DUE TO VARIABLE X1 BEING DICHOTOMOUS BUT
     DECLARED AS CONTINUOUS.


     WARNING:  THE RESIDUAL COVARIANCE MATRIX (THETA) IS NOT POSITIVE DEFINITE.
     THIS COULD INDICATE A NEGATIVE VARIANCE/RESIDUAL VARIANCE FOR AN OBSERVED
     VARIABLE, A CORRELATION GREATER OR EQUAL TO ONE BETWEEN TWO OBSERVED
     VARIABLES, OR A LINEAR DEPENDENCY AMONG MORE THAN TWO OBSERVED VARIABLES.
     CHECK THE RESULTS SECTION FOR MORE INFORMATION.
     PROBLEM INVOLVING VARIABLE X3M12.




MODEL FIT INFORMATION

Number of Free Parameters                       69

Loglikelihood

          H0 Value                       -3050.820
          H0 Scaling Correction Factor      0.9063
            for MLR
          H1 Value                       -2950.533
          H1 Scaling Correction Factor      0.9636
            for MLR

Information Criteria

          Akaike (AIC)                    6239.640
          Bayesian (BIC)                  6419.397
          Sample-Size Adjusted BIC        6201.478
            (n* = (n + 2) / 24)

Chi-Square Test of Model Fit

          Value                            203.581*
          Degrees of Freedom                   183
          P-Value                           0.1418
          Scaling Correction Factor         0.9852
            for MLR

*   The chi-square value for MLM, MLMV, MLR, ULSMV, WLSM and WLSMV cannot be used
    for chi-square difference testing in the regular way.  MLM, MLR and WLSM
    chi-square difference testing is described on the Mplus website.  MLMV, WLSMV,
    and ULSMV difference testing is done using the DIFFTEST option.

RMSEA (Root Mean Square Error Of Approximation)

          Estimate                           0.034
          90 Percent C.I.                    0.000  0.057
          Probability RMSEA <= .05           0.860

CFI/TLI

          CFI                                0.910
          TLI                                0.897

Chi-Square Test of Model Fit for the Baseline Model

          Value                            438.727
          Degrees of Freedom                   210
          P-Value                           0.0000

SRMR (Standardized Root Mean Square Residual)

          Value                              0.076



MODEL RESULTS

                                                    Two-Tailed
                    Estimate       S.E.  Est./S.E.    P-Value

 X        BY
    X3                 1.000      0.000    999.000    999.000
    X2                 0.777      0.193      4.035      0.000
    X1                 0.375      0.144      2.607      0.009

 M        BY
    M12                1.000      0.000    999.000    999.000
    M11                0.919      0.193      4.773      0.000
    M10                0.597      0.177      3.374      0.001
    M9                 0.472      0.152      3.104      0.002
    M8                 0.567      0.148      3.837      0.000
    M7                 0.486      0.175      2.774      0.006
    M6                 0.497      0.185      2.678      0.007
    M5                 0.495      0.187      2.652      0.008
    M4                 0.446      0.167      2.662      0.008
    M3                 0.197      0.199      0.991      0.322
    M2                -0.228      0.210     -1.085      0.278
    M1                 0.301      0.170      1.771      0.077

 Y        BY
    Y3                 1.000      0.000    999.000    999.000
    Y2                 0.980      0.243      4.037      0.000
    Y1                 0.423      0.112      3.773      0.000

 XM       BY
    X3M12              1.000      0.000    999.000    999.000
    X2M11              0.036      0.553      0.066      0.947
    X1M10              0.065      0.836      0.077      0.938

 Y        ON
    X                  0.554      0.446      1.243      0.214
    M                  0.175      0.163      1.071      0.284
    XM                 0.055      0.625      0.089      0.929

 X        WITH
    M                  0.122      0.065      1.882      0.060
    XM                -0.078      0.034     -2.291      0.022

 M        WITH
    XM                 0.071      0.125      0.569      0.569

 Intercepts
    X1                 0.000      0.050      0.000      1.000
    X2                 0.000      0.050      0.000      1.000
    X3                 0.000      0.050      0.000      1.000
    M1                 0.000      0.163      0.000      1.000
    M2                 0.000      0.157      0.000      1.000
    M3                 0.000      0.158      0.000      1.000
    M4                 0.000      0.151      0.000      1.000
    M5                 0.000      0.149      0.000      1.000
    M6                 0.000      0.153      0.000      1.000
    M7                 0.000      0.144      0.000      1.000
    M8                 0.000      0.149      0.000      1.000
    M9                 0.000      0.147      0.000      1.000
    M10                0.000      0.148      0.000      1.000
    M11                0.000      0.147      0.000      1.000
    M12                0.000      0.152      0.000      1.000
    Y1                 0.554      0.079      7.053      0.000
    Y2                 0.736      0.104      7.093      0.000
    Y3                 1.073      0.116      9.230      0.000
    X1M10              0.000      0.075      0.000      1.000
    X2M11              0.000      0.072      0.000      1.000
    X3M12              0.000      0.073      0.000      1.000

 Variances
    X                  0.187      0.046      4.075      0.000
    M                  1.196      0.306      3.914      0.000
    XM                 1.003     12.624      0.079      0.937

 Residual Variances
    X1                 0.222      0.018     12.139      0.000
    X2                 0.137      0.036      3.830      0.000
    X3                 0.062      0.046      1.342      0.179
    M1                 2.539      0.188     13.482      0.000
    M2                 2.415      0.220     10.995      0.000
    M3                 2.441      0.175     13.927      0.000
    M4                 2.041      0.210      9.712      0.000
    M5                 1.927      0.228      8.449      0.000
    M6                 2.059      0.255      8.064      0.000
    M7                 1.803      0.229      7.876      0.000
    M8                 1.843      0.220      8.397      0.000
    M9                 1.907      0.188     10.135      0.000
    M10                1.770      0.258      6.864      0.000
    M11                1.159      0.247      4.687      0.000
    M12                1.130      0.250      4.522      0.000
    Y1                 0.484      0.081      5.938      0.000
    Y2                 0.358      0.158      2.271      0.023
    Y3                 0.602      0.193      3.114      0.002
    X1M10              0.562      0.060      9.314      0.000
    X2M11              0.524      0.047     11.075      0.000
    X3M12             -0.465     12.625     -0.037      0.971
    Y                  0.631      0.193      3.268      0.001

New/Additional Parameters
    VAR_Y              0.748      0.244      3.072      0.002
    STD_B1             0.277      0.214      1.293      0.196
    STD_B2             0.221      0.177      1.250      0.211
    STD_B3             0.030      0.342      0.089      0.929


QUALITY OF NUMERICAL RESULTS

     Condition Number for the Information Matrix              0.383E-05
       (ratio of smallest to largest eigenvalue)


CONFIDENCE INTERVALS OF MODEL RESULTS

                  Lower .5%  Lower 2.5%    Lower 5%    Estimate    Upper 5%  Upper 2.5%   Upper .5%

 X        BY
    X3               1.000       1.000       1.000       1.000       1.000       1.000       1.000
    X2               0.281       0.399       0.460       0.777       1.094       1.154       1.273
    X1               0.004       0.093       0.138       0.375       0.612       0.657       0.746

 M        BY
    M12              1.000       1.000       1.000       1.000       1.000       1.000       1.000
    M11              0.423       0.542       0.602       0.919       1.236       1.297       1.415
    M10              0.141       0.250       0.306       0.597       0.888       0.944       1.053
    M9               0.080       0.174       0.222       0.472       0.722       0.770       0.864
    M8               0.186       0.277       0.324       0.567       0.810       0.856       0.947
    M7               0.035       0.143       0.198       0.486       0.775       0.830       0.938
    M6               0.019       0.133       0.192       0.497       0.801       0.860       0.974
    M5               0.014       0.129       0.188       0.495       0.802       0.861       0.976
    M4               0.014       0.118       0.170       0.446       0.721       0.774       0.877
    M3              -0.315      -0.193      -0.130       0.197       0.523       0.586       0.708
    M2              -0.770      -0.641      -0.574      -0.228       0.118       0.184       0.314
    M1              -0.137      -0.032       0.021       0.301       0.581       0.634       0.739

 Y        BY
    Y3               1.000       1.000       1.000       1.000       1.000       1.000       1.000
    Y2               0.355       0.504       0.581       0.980       1.379       1.456       1.605
    Y1               0.134       0.203       0.238       0.423       0.607       0.642       0.711

 XM       BY
    X3M12            1.000       1.000       1.000       1.000       1.000       1.000       1.000
    X2M11           -1.388      -1.047      -0.873       0.036       0.946       1.120       1.460
    X1M10           -2.089      -1.574      -1.311       0.065       1.440       1.703       2.218

 Y        ON
    X               -0.594      -0.319      -0.179       0.554       1.287       1.428       1.702
    M               -0.246      -0.145      -0.094       0.175       0.444       0.495       0.596
    XM              -1.554      -1.169      -0.972       0.055       1.083       1.280       1.665

 X        WITH
    M               -0.045      -0.005       0.015       0.122       0.228       0.249       0.289
    XM              -0.166      -0.145      -0.134      -0.078      -0.022      -0.011       0.010

 M        WITH
    XM              -0.250      -0.173      -0.134       0.071       0.276       0.315       0.392

 Intercepts
    X1              -0.128      -0.098      -0.082       0.000       0.082       0.098       0.128
    X2              -0.129      -0.098      -0.082       0.000       0.082       0.098       0.129
    X3              -0.128      -0.098      -0.082       0.000       0.082       0.098       0.128
    M1              -0.419      -0.319      -0.268       0.000       0.268       0.319       0.419
    M2              -0.405      -0.308      -0.259       0.000       0.259       0.308       0.405
    M3              -0.406      -0.309      -0.259       0.000       0.259       0.309       0.406
    M4              -0.389      -0.296      -0.248       0.000       0.248       0.296       0.389
    M5              -0.384      -0.292      -0.245       0.000       0.245       0.292       0.384
    M6              -0.395      -0.301      -0.252       0.000       0.252       0.301       0.395
    M7              -0.372      -0.283      -0.238       0.000       0.238       0.283       0.372
    M8              -0.384      -0.293      -0.246       0.000       0.246       0.293       0.384
    M9              -0.380      -0.289      -0.242       0.000       0.242       0.289       0.380
    M10             -0.382      -0.290      -0.244       0.000       0.244       0.290       0.382
    M11             -0.379      -0.289      -0.242       0.000       0.242       0.289       0.379
    M12             -0.393      -0.299      -0.251       0.000       0.251       0.299       0.393
    Y1               0.352       0.400       0.425       0.554       0.683       0.708       0.757
    Y2               0.469       0.533       0.565       0.736       0.907       0.939       1.003
    Y3               0.773       0.845       0.882       1.073       1.264       1.300       1.372
    X1M10           -0.194      -0.148      -0.124       0.000       0.124       0.148       0.194
    X2M11           -0.187      -0.142      -0.119       0.000       0.119       0.142       0.187
    X3M12           -0.189      -0.144      -0.121       0.000       0.121       0.144       0.189

 Variances
    X                0.069       0.097       0.111       0.187       0.262       0.277       0.305
    M                0.409       0.597       0.693       1.196       1.699       1.795       1.983
    XM             -31.514     -23.740     -19.763       1.003      21.769      25.746      33.520

 Residual Variances
    X1               0.175       0.186       0.192       0.222       0.252       0.258       0.269
    X2               0.045       0.067       0.078       0.137       0.196       0.207       0.229
    X3              -0.057      -0.028      -0.014       0.062       0.137       0.151       0.180
    M1               2.054       2.170       2.229       2.539       2.849       2.908       3.024
    M2               1.849       1.984       2.053       2.415       2.776       2.845       2.981
    M3               1.990       2.098       2.153       2.441       2.730       2.785       2.893
    M4               1.500       1.629       1.695       2.041       2.387       2.453       2.582
    M5               1.339       1.480       1.552       1.927       2.302       2.374       2.514
    M6               1.401       1.558       1.639       2.059       2.479       2.559       2.716
    M7               1.213       1.354       1.427       1.803       2.180       2.252       2.393
    M8               1.278       1.413       1.482       1.843       2.204       2.274       2.409
    M9               1.422       1.538       1.597       1.907       2.216       2.275       2.391
    M10              1.106       1.264       1.346       1.770       2.194       2.275       2.434
    M11              0.522       0.675       0.753       1.159       1.566       1.644       1.797
    M12              0.486       0.640       0.719       1.130       1.540       1.619       1.773
    Y1               0.274       0.324       0.350       0.484       0.618       0.643       0.694
    Y2              -0.048       0.049       0.099       0.358       0.617       0.667       0.764
    Y3               0.104       0.223       0.284       0.602       0.920       0.981       1.100
    X1M10            0.407       0.444       0.463       0.562       0.661       0.680       0.718
    X2M11            0.402       0.431       0.446       0.524       0.601       0.616       0.645
    X3M12          -32.984     -25.210     -21.233      -0.465      20.302      24.279      32.054
    Y                0.134       0.253       0.313       0.631       0.949       1.010       1.129

New/Additional Parameters
    VAR_Y            0.121       0.271       0.348       0.748       1.149       1.226       1.376
    STD_B1          -0.275      -0.143      -0.075       0.277       0.629       0.697       0.829
    STD_B2          -0.235      -0.126      -0.070       0.221       0.512       0.568       0.677
    STD_B3          -0.850      -0.640      -0.532       0.030       0.593       0.700       0.911


TECHNICAL 1 OUTPUT


     PARAMETER SPECIFICATION


           NU
              X1            X2            X3            M1            M2
              ________      ________      ________      ________      ________
                  1             2             3             4             5


           NU
              M3            M4            M5            M6            M7
              ________      ________      ________      ________      ________
                  6             7             8             9            10


           NU
              M8            M9            M10           M11           M12
              ________      ________      ________      ________      ________
                 11            12            13            14            15


           NU
              Y1            Y2            Y3            X1M10         X2M11
              ________      ________      ________      ________      ________
                 16            17            18            19            20


           NU
              X3M12
              ________
                 21


           LAMBDA
              X             M             Y             XM
              ________      ________      ________      ________
 X1                22             0             0             0
 X2                23             0             0             0
 X3                 0             0             0             0
 M1                 0            24             0             0
 M2                 0            25             0             0
 M3                 0            26             0             0
 M4                 0            27             0             0
 M5                 0            28             0             0
 M6                 0            29             0             0
 M7                 0            30             0             0
 M8                 0            31             0             0
 M9                 0            32             0             0
 M10                0            33             0             0
 M11                0            34             0             0
 M12                0             0             0             0
 Y1                 0             0            35             0
 Y2                 0             0            36             0
 Y3                 0             0             0             0
 X1M10              0             0             0            37
 X2M11              0             0             0            38
 X3M12              0             0             0             0


           THETA
              X1            X2            X3            M1            M2
              ________      ________      ________      ________      ________
 X1                39
 X2                 0            40
 X3                 0             0            41
 M1                 0             0             0            42
 M2                 0             0             0             0            43
 M3                 0             0             0             0             0
 M4                 0             0             0             0             0
 M5                 0             0             0             0             0
 M6                 0             0             0             0             0
 M7                 0             0             0             0             0
 M8                 0             0             0             0             0
 M9                 0             0             0             0             0
 M10                0             0             0             0             0
 M11                0             0             0             0             0
 M12                0             0             0             0             0
 Y1                 0             0             0             0             0
 Y2                 0             0             0             0             0
 Y3                 0             0             0             0             0
 X1M10              0             0             0             0             0
 X2M11              0             0             0             0             0
 X3M12              0             0             0             0             0


           THETA
              M3            M4            M5            M6            M7
              ________      ________      ________      ________      ________
 M3                44
 M4                 0            45
 M5                 0             0            46
 M6                 0             0             0            47
 M7                 0             0             0             0            48
 M8                 0             0             0             0             0
 M9                 0             0             0             0             0
 M10                0             0             0             0             0
 M11                0             0             0             0             0
 M12                0             0             0             0             0
 Y1                 0             0             0             0             0
 Y2                 0             0             0             0             0
 Y3                 0             0             0             0             0
 X1M10              0             0             0             0             0
 X2M11              0             0             0             0             0
 X3M12              0             0             0             0             0


           THETA
              M8            M9            M10           M11           M12
              ________      ________      ________      ________      ________
 M8                49
 M9                 0            50
 M10                0             0            51
 M11                0             0             0            52
 M12                0             0             0             0            53
 Y1                 0             0             0             0             0
 Y2                 0             0             0             0             0
 Y3                 0             0             0             0             0
 X1M10              0             0             0             0             0
 X2M11              0             0             0             0             0
 X3M12              0             0             0             0             0


           THETA
              Y1            Y2            Y3            X1M10         X2M11
              ________      ________      ________      ________      ________
 Y1                54
 Y2                 0            55
 Y3                 0             0            56
 X1M10              0             0             0            57
 X2M11              0             0             0             0            58
 X3M12              0             0             0             0             0


           THETA
              X3M12
              ________
 X3M12             59


           ALPHA
              X             M             Y             XM
              ________      ________      ________      ________
                  0             0             0             0


           BETA
              X             M             Y             XM
              ________      ________      ________      ________
 X                  0             0             0             0
 M                  0             0             0             0
 Y                 60            61             0            62
 XM                 0             0             0             0


           PSI
              X             M             Y             XM
              ________      ________      ________      ________
 X                 63
 M                 64            65
 Y                  0             0            66
 XM                67            68             0            69


     PARAMETER SPECIFICATION FOR THE ADDITIONAL PARAMETERS


           New/Additional Parameters
              VAR_Y         STD_B1        STD_B2        STD_B3
              ________      ________      ________      ________
                   70            71            72            73


     STARTING VALUES


           NU
              X1            X2            X3            M1            M2
              ________      ________      ________      ________      ________
                0.000         0.000         0.000         0.000         0.000


           NU
              M3            M4            M5            M6            M7
              ________      ________      ________      ________      ________
                0.000         0.000         0.000         0.000         0.000


           NU
              M8            M9            M10           M11           M12
              ________      ________      ________      ________      ________
                0.000         0.000         0.000         0.000         0.000


           NU
              Y1            Y2            Y3            X1M10         X2M11
              ________      ________      ________      ________      ________
                0.554         0.736         1.073         0.000         0.000


           NU
              X3M12
              ________
                0.000


           LAMBDA
              X             M             Y             XM
              ________      ________      ________      ________
 X1             0.383         0.000         0.000         0.000
 X2             0.774         0.000         0.000         0.000
 X3             1.000         0.000         0.000         0.000
 M1             0.000         1.016         0.000         0.000
 M2             0.000        -0.596         0.000         0.000
 M3             0.000         0.435         0.000         0.000
 M4             0.000         0.551         0.000         0.000
 M5             0.000         0.230         0.000         0.000
 M6             0.000         0.123         0.000         0.000
 M7             0.000         0.300         0.000         0.000
 M8             0.000         0.450         0.000         0.000
 M9             0.000         0.692         0.000         0.000
 M10            0.000         0.022         0.000         0.000
 M11            0.000         1.190         0.000         0.000
 M12            0.000         1.000         0.000         0.000
 Y1             0.000         0.000         0.442         0.000
 Y2             0.000         0.000         1.143         0.000
 Y3             0.000         0.000         1.000         0.000
 X1M10          0.000         0.000         0.000         2.403
 X2M11          0.000         0.000         0.000         1.511
 X3M12          0.000         0.000         0.000         1.000


           THETA
              X1            X2            X3            M1            M2
              ________      ________      ________      ________      ________
 X1             0.124
 X2             0.000         0.125
 X3             0.000         0.000         0.124
 M1             0.000         0.000         0.000         1.324
 M2             0.000         0.000         0.000         0.000         1.239
 M3             0.000         0.000         0.000         0.000         0.000
 M4             0.000         0.000         0.000         0.000         0.000
 M5             0.000         0.000         0.000         0.000         0.000
 M6             0.000         0.000         0.000         0.000         0.000
 M7             0.000         0.000         0.000         0.000         0.000
 M8             0.000         0.000         0.000         0.000         0.000
 M9             0.000         0.000         0.000         0.000         0.000
 M10            0.000         0.000         0.000         0.000         0.000
 M11            0.000         0.000         0.000         0.000         0.000
 M12            0.000         0.000         0.000         0.000         0.000
 Y1             0.000         0.000         0.000         0.000         0.000
 Y2             0.000         0.000         0.000         0.000         0.000
 Y3             0.000         0.000         0.000         0.000         0.000
 X1M10          0.000         0.000         0.000         0.000         0.000
 X2M11          0.000         0.000         0.000         0.000         0.000
 X3M12          0.000         0.000         0.000         0.000         0.000


           THETA
              M3            M4            M5            M6            M7
              ________      ________      ________      ________      ________
 M3             1.244
 M4             0.000         1.139
 M5             0.000         0.000         1.110
 M6             0.000         0.000         0.000         1.177
 M7             0.000         0.000         0.000         0.000         1.043
 M8             0.000         0.000         0.000         0.000         0.000
 M9             0.000         0.000         0.000         0.000         0.000
 M10            0.000         0.000         0.000         0.000         0.000
 M11            0.000         0.000         0.000         0.000         0.000
 M12            0.000         0.000         0.000         0.000         0.000
 Y1             0.000         0.000         0.000         0.000         0.000
 Y2             0.000         0.000         0.000         0.000         0.000
 Y3             0.000         0.000         0.000         0.000         0.000
 X1M10          0.000         0.000         0.000         0.000         0.000
 X2M11          0.000         0.000         0.000         0.000         0.000
 X3M12          0.000         0.000         0.000         0.000         0.000


           THETA
              M8            M9            M10           M11           M12
              ________      ________      ________      ________      ________
 M8             1.114
 M9             0.000         1.087
 M10            0.000         0.000         1.098
 M11            0.000         0.000         0.000         1.085
 M12            0.000         0.000         0.000         0.000         1.163
 Y1             0.000         0.000         0.000         0.000         0.000
 Y2             0.000         0.000         0.000         0.000         0.000
 Y3             0.000         0.000         0.000         0.000         0.000
 X1M10          0.000         0.000         0.000         0.000         0.000
 X2M11          0.000         0.000         0.000         0.000         0.000
 X3M12          0.000         0.000         0.000         0.000         0.000


           THETA
              Y1            Y2            Y3            X1M10         X2M11
              ________      ________      ________      ________      ________
 Y1             0.309
 Y2             0.000         0.538
 Y3             0.000         0.000         0.675
 X1M10          0.000         0.000         0.000         0.283
 X2M11          0.000         0.000         0.000         0.000         0.262
 X3M12          0.000         0.000         0.000         0.000         0.000


           THETA
              X3M12
              ________
 X3M12          0.269


           ALPHA
              X             M             Y             XM
              ________      ________      ________      ________
                0.000         0.000         0.000         0.000


           BETA
              X             M             Y             XM
              ________      ________      ________      ________
 X              0.000         0.000         0.000         0.000
 M              0.000         0.000         0.000         0.000
 Y              0.000         0.000         0.000         0.000
 XM             0.000         0.000         0.000         0.000


           PSI
              X             M             Y             XM
              ________      ________      ________      ________
 X              0.050
 M              0.000         0.050
 Y              0.000         0.000         0.050
 XM             0.000         0.000         0.000         0.050


     STARTING VALUES FOR THE ADDITIONAL PARAMETERS


           New/Additional Parameters
              VAR_Y         STD_B1        STD_B2        STD_B3
              ________      ________      ________      ________
                0.500         0.500         0.500         0.500


RESULTS SAVING INFORMATION

  Order of data

    Parameter estimates
     (saved in order shown in Technical 1 output)
    Standard errors
     (saved in order shown in Technical 1 output)
    Number of Free Parameters
    H0 Loglikelihood
    H0 Scaling Correction Factor for MLR
    H1 Loglikelihood
    H1 Scaling Correction Factor for MLR
    Akaike (AIC)
    Bayesian (BIC)
    Sample-Size Adjusted BIC
    Chi-square : Value
    Chi-square : Degrees of Freedom
    Chi-square : P-Value
    Chi-square : Scaling Correction Factor for MLR/MLM/WLSM
    CFI
    TLI
    RMSEA : Estimate
    RMSEA : Low CI
    RMSEA : High CI
    RMSEA : Probability
    SRMR
    Condition Number

  Save file
    matchupi_results_1591.dat

  Save file format           Free


     Beginning Time:  21:08:00
        Ending Time:  21:08:02
       Elapsed Time:  00:00:02



MUTHEN & MUTHEN
3463 Stoner Ave.
Los Angeles, CA  90066

Tel: (310) 391-9971
Fax: (310) 391-8971
Web: www.StatModel.com
Support: Support@StatModel.com

Copyright (c) 1998-2022 Muthen & Muthen
