Mplus VERSION 8.8 (Mac)
MUTHEN & MUTHEN
07/27/2025   9:22 PM

INPUT INSTRUCTIONS


    TITLE: Matched-pair Unconstrained Product Indicator

    DATA:
      FILE = matchupi_simdat_1656.dat;
      FORMAT IS FREE;

    VARIABLE:
      NAMES = x1 x2 x3
      	    m1 m2 m3 m4 m5 m6
      	    m7 m8 m9 m10 m11 m12
      	    y1 y2 y3
      	    x1m10 x2m11 x3m12;
      USEVARIABLES = x1-x3m12;

    ANALYSIS:
      TYPE = general;
      ESTIMATOR = MLR;
    MODEL:
      !measurement model
      X BY x3 x2 x1;
      X (var_X);
      M BY m12 m11 m10 m9 m8 m7 m6 m5 m4 m3 m2 m1;
      M (var_M);
      Y BY y3 y2 y1;
      Y (resvar_Y);
      XM BY x3m12 x2m11 x1m10;
      XM (var_XM);

      !covariances between predictors
      X WITH M (cov_XM);
      X WITH XM (cov_XXM);
      M WITH XM (cov_MXM);

      !structural model
      Y ON X (b1);
      Y ON M (b2);
      Y ON XM (b3);

    MODEL CONSTRAINT:

      NEW(var_Y std_b1 std_b2 std_b3);
      var_Y = resvar_Y +
       (b1^2 * var_X +
        b2^2 * var_M +
        b3^2 * var_XM +
        2 * b1 * b2 * cov_XM +
        2 * b1 * b3 * cov_XXM +
        2 * b2 * b3 * cov_MXM);

        std_b1 = b1 * sqrt(var_X) / sqrt(var_Y);
        std_b2 = b2 * sqrt(var_M) / sqrt(var_Y);
        std_b3 = b3 * sqrt(var_X) * sqrt(var_M) / sqrt(var_Y);

    OUTPUT:
      sampstat tech1 CINTERVAL;

    SAVEDATA:
      RESULTS = matchupi_results_1656.dat;




INPUT READING TERMINATED NORMALLY



Matched-pair Unconstrained Product Indicator

SUMMARY OF ANALYSIS

Number of groups                                                 1
Number of observations                                         100

Number of dependent variables                                   21
Number of independent variables                                  0
Number of continuous latent variables                            4

Observed dependent variables

  Continuous
   X1          X2          X3          M1          M2          M3
   M4          M5          M6          M7          M8          M9
   M10         M11         M12         Y1          Y2          Y3
   X1M10       X2M11       X3M12

Continuous latent variables
   X           M           Y           XM


Estimator                                                      MLR
Information matrix                                        OBSERVED
Maximum number of iterations                                  1000
Convergence criterion                                    0.500D-04
Maximum number of steepest descent iterations                   20

Input data file(s)
  matchupi_simdat_1656.dat

Input data format  FREE


SAMPLE STATISTICS


     SAMPLE STATISTICS


           Means
              X1            X2            X3            M1            M2
              ________      ________      ________      ________      ________
                0.000         0.000         0.000         0.000         0.000


           Means
              M3            M4            M5            M6            M7
              ________      ________      ________      ________      ________
                0.000         0.000         0.000         0.000         0.000


           Means
              M8            M9            M10           M11           M12
              ________      ________      ________      ________      ________
                0.000         0.000         0.000         0.000         0.000


           Means
              Y1            Y2            Y3            X1M10         X2M11
              ________      ________      ________      ________      ________
                0.617         0.904         1.096         0.000         0.000


           Means
              X3M12
              ________
                0.000


           Covariances
              X1            X2            X3            M1            M2
              ________      ________      ________      ________      ________
 X1             0.248
 X2             0.047         0.248
 X3             0.053         0.102         0.248
 M1            -0.035         0.064        -0.134         2.726
 M2             0.098         0.102         0.218         0.045         2.738
 M3            -0.013         0.076         0.004         0.645        -0.018
 M4            -0.081        -0.101        -0.109         0.394         0.019
 M5            -0.036         0.007        -0.007         0.307        -0.146
 M6             0.082         0.117         0.003         0.630         0.377
 M7            -0.050        -0.060         0.080         0.370        -0.060
 M8             0.089         0.099         0.111         0.604         0.639
 M9            -0.049         0.161         0.169         0.443         0.396
 M10           -0.036         0.050         0.060         0.658         0.054
 M11            0.062         0.178         0.092         0.685         0.332
 M12            0.043         0.198         0.122         0.376         0.228
 Y1             0.016         0.029        -0.010         0.136        -0.026
 Y2             0.048         0.029         0.019         0.258         0.056
 Y3             0.120         0.086         0.055         0.087         0.097
 X1M10         -0.023        -0.059         0.012         0.012         0.042
 X2M11         -0.018        -0.018         0.035         0.037        -0.088
 X3M12         -0.003        -0.013         0.003         0.120        -0.214


           Covariances
              M3            M4            M5            M6            M7
              ________      ________      ________      ________      ________
 M3             2.626
 M4             0.346         2.552
 M5             0.671         0.671         2.280
 M6             0.386         0.533         0.464         2.841
 M7             0.560         0.300         0.540         0.070         2.260
 M8             0.636         0.052         0.091         0.103         0.230
 M9             0.707         0.354         0.485         0.289         0.150
 M10            0.646         0.468         0.734         0.768         0.260
 M11            0.768         0.381         0.756         0.403         0.470
 M12            0.689         0.081         0.763         0.618         0.340
 Y1             0.220         0.013         0.035         0.043         0.019
 Y2             0.275         0.253         0.110         0.329         0.135
 Y3             0.342         0.040        -0.016         0.026         0.154
 X1M10         -0.009         0.046         0.110         0.145         0.001
 X2M11          0.156         0.050         0.142         0.400         0.014
 X3M12          0.171         0.011        -0.073        -0.083         0.130


           Covariances
              M8            M9            M10           M11           M12
              ________      ________      ________      ________      ________
 M8             2.212
 M9             0.514         2.278
 M10            0.928         0.476         2.420
 M11            0.931         0.664         1.086         2.238
 M12            0.591         0.985         0.980         1.112         2.167
 Y1             0.153         0.234         0.147         0.189         0.213
 Y2             0.275         0.206         0.261         0.240         0.261
 Y3             0.250         0.129         0.034         0.232         0.320
 X1M10          0.118         0.056         0.112         0.080        -0.024
 X2M11          0.010         0.110         0.221         0.014         0.181
 X3M12          0.037        -0.163        -0.036         0.244        -0.015


           Covariances
              Y1            Y2            Y3            X1M10         X2M11
              ________      ________      ________      ________      ________
 Y1             0.714
 Y2             0.230         0.791
 Y3             0.334         0.493         1.147
 X1M10         -0.016        -0.066        -0.144         0.519
 X2M11         -0.020        -0.003        -0.056         0.103         0.521
 X3M12         -0.005        -0.035         0.057         0.033         0.020


           Covariances
              X3M12
              ________
 X3M12          0.597


           Correlations
              X1            X2            X3            M1            M2
              ________      ________      ________      ________      ________
 X1             1.000
 X2             0.190         1.000
 X3             0.214         0.414         1.000
 M1            -0.043         0.078        -0.163         1.000
 M2             0.119         0.124         0.265         0.016         1.000
 M3            -0.017         0.094         0.006         0.241        -0.007
 M4            -0.102        -0.127        -0.137         0.149         0.007
 M5            -0.047         0.009        -0.009         0.123        -0.058
 M6             0.097         0.139         0.004         0.226         0.135
 M7            -0.067        -0.080         0.107         0.149        -0.024
 M8             0.120         0.134         0.150         0.246         0.260
 M9            -0.066         0.214         0.226         0.178         0.158
 M10           -0.046         0.065         0.078         0.256         0.021
 M11            0.083         0.239         0.124         0.277         0.134
 M12            0.059         0.270         0.167         0.155         0.094
 Y1             0.039         0.068        -0.023         0.098        -0.019
 Y2             0.107         0.066         0.044         0.176         0.038
 Y3             0.225         0.161         0.103         0.049         0.055
 X1M10         -0.063        -0.164         0.034         0.010         0.035
 X2M11         -0.049        -0.050         0.098         0.031        -0.074
 X3M12         -0.007        -0.034         0.007         0.094        -0.168


           Correlations
              M3            M4            M5            M6            M7
              ________      ________      ________      ________      ________
 M3             1.000
 M4             0.134         1.000
 M5             0.274         0.278         1.000
 M6             0.141         0.198         0.182         1.000
 M7             0.230         0.125         0.238         0.028         1.000
 M8             0.264         0.022         0.040         0.041         0.103
 M9             0.289         0.147         0.213         0.113         0.066
 M10            0.256         0.188         0.312         0.293         0.111
 M11            0.317         0.160         0.334         0.160         0.209
 M12            0.289         0.034         0.343         0.249         0.154
 Y1             0.161         0.010         0.027         0.030         0.015
 Y2             0.191         0.178         0.082         0.219         0.101
 Y3             0.197         0.024        -0.010         0.014         0.096
 X1M10         -0.008         0.040         0.101         0.119         0.001
 X2M11          0.134         0.044         0.130         0.328         0.013
 X3M12          0.137         0.009        -0.062        -0.064         0.112


           Correlations
              M8            M9            M10           M11           M12
              ________      ________      ________      ________      ________
 M8             1.000
 M9             0.229         1.000
 M10            0.401         0.203         1.000
 M11            0.419         0.294         0.467         1.000
 M12            0.270         0.443         0.428         0.505         1.000
 Y1             0.122         0.184         0.112         0.149         0.171
 Y2             0.208         0.154         0.188         0.181         0.200
 Y3             0.157         0.080         0.020         0.145         0.203
 X1M10          0.110         0.052         0.100         0.074        -0.023
 X2M11          0.009         0.101         0.197         0.013         0.170
 X3M12          0.032        -0.140        -0.030         0.211        -0.013


           Correlations
              Y1            Y2            Y3            X1M10         X2M11
              ________      ________      ________      ________      ________
 Y1             1.000
 Y2             0.306         1.000
 Y3             0.369         0.518         1.000
 X1M10         -0.026        -0.102        -0.187         1.000
 X2M11         -0.033        -0.005        -0.073         0.198         1.000
 X3M12         -0.008        -0.051         0.069         0.060         0.037


           Correlations
              X3M12
              ________
 X3M12          1.000


UNIVARIATE SAMPLE STATISTICS


     UNIVARIATE HIGHER-ORDER MOMENT DESCRIPTIVE STATISTICS

         Variable/         Mean/     Skewness/   Minimum/ % with                Percentiles
        Sample Size      Variance    Kurtosis    Maximum  Min/Max      20%/60%    40%/80%    Median

     X1                    0.000       0.161      -0.460   54.00%      -0.460     -0.460     -0.460
             100.000       0.248      -1.974       0.540   46.00%       0.540      0.540
     X2                    0.000      -0.201      -0.550   45.00%      -0.550     -0.550      0.450
             100.000       0.247      -1.960       0.450   55.00%       0.450      0.450
     X3                    0.000       0.201      -0.450   55.00%      -0.450     -0.450     -0.450
             100.000       0.247      -1.960       0.550   45.00%       0.550      0.550
     M1                    0.000      -0.152      -2.120   30.00%      -2.120     -0.120     -0.120
             100.000       2.726      -1.601       1.880   33.00%       0.880      1.880
     M2                    0.000       0.064      -1.960   31.00%      -1.960     -0.960      0.040
             100.000       2.738      -1.640       2.040   31.00%       1.040      2.040
     M3                    0.000       0.186      -1.790   35.00%      -1.790     -0.790     -0.290
             100.000       2.626      -1.590       2.210   24.00%       0.210      2.210
     M4                    0.000      -0.244      -2.220   25.00%      -2.220     -0.220      0.280
             100.000       2.552      -1.511       1.780   33.00%       0.780      1.780
     M5                    0.000       0.099      -1.860   29.00%      -1.860     -0.860      0.140
             100.000       2.280      -1.419       2.140   21.00%       0.140      2.140
     M6                    0.000      -0.143      -2.170   28.00%      -2.170     -1.170     -0.170
             100.000       2.841      -1.667       1.830   38.00%       0.830      1.830
     M7                    0.000      -0.035      -2.000   25.00%      -2.000     -1.000      0.000
             100.000       2.260      -1.430       2.000   23.00%       1.000      2.000
     M8                    0.000      -0.362      -2.220   23.00%      -2.220     -0.220      0.780
             100.000       2.212      -1.302       1.780   24.00%       0.780      1.780
     M9                    0.000       0.152      -1.890   25.00%      -1.890     -0.890      0.110
             100.000       2.278      -1.436       2.110   23.00%       0.110      2.110
     M10                   0.000       0.427      -1.600   37.00%      -1.600     -0.600     -0.600
             100.000       2.420      -1.333       2.400   21.00%       0.400      2.400
     M11                   0.000      -0.050      -2.040   24.00%      -2.040     -0.040     -0.040
             100.000       2.238      -1.378       1.960   25.00%      -0.040      1.960
     M12                   0.000       0.105      -1.950   23.00%      -1.950     -0.950      0.050
             100.000       2.167      -1.330       2.050   24.00%       0.050      2.050
     Y1                    0.617       0.326      -1.324    1.00%      -0.247      0.445      0.640
             100.000       0.714       1.262       4.001    1.00%       0.886      1.288
     Y2                    0.904       0.319      -1.109    1.00%       0.197      0.552      0.787
             100.000       0.791       0.103       3.216    1.00%       1.044      1.657
     Y3                    1.096       0.237      -1.261    1.00%       0.122      0.801      1.089
             100.000       1.147      -0.066       4.141    1.00%       1.315      1.991
     X1M10                 0.000      -0.182      -1.195    7.00%      -0.645     -0.145     -0.095
             100.000       0.519      -1.210       1.005   13.00%       0.305      0.755
     X2M11                 0.000      -0.235      -1.256    6.00%      -0.706     -0.196     -0.156
             100.000       0.521      -1.235       0.944   15.00%       0.254      0.704
     X3M12                 0.000       0.055      -1.068   13.00%      -0.828     -0.288      0.252
             100.000       0.597      -1.313       1.332    8.00%       0.312      0.772


     THIS ANALYSIS MAY HAVE MULTIPLE SOLUTIONS.  EXPLORE THIS USING RANDOM STARTS,
     FOR EXAMPLE, STARTS = 20.  USE A LARGE ENOUGH NUMBER OF STARTS SO THAT THE
     BEST FIT FUNCTION VALUE IS REPLICATED SEVERAL TIMES.


THE MODEL ESTIMATION TERMINATED NORMALLY

     THE STANDARD ERRORS OF THE MODEL PARAMETER ESTIMATES MAY NOT BE
     TRUSTWORTHY FOR SOME PARAMETERS DUE TO A NON-POSITIVE DEFINITE
     FIRST-ORDER DERIVATIVE PRODUCT MATRIX.  THIS MAY BE DUE TO THE STARTING
     VALUES BUT MAY ALSO BE AN INDICATION OF MODEL NONIDENTIFICATION.  THE
     CONDITION NUMBER IS       0.828D-18.  PROBLEM INVOLVING THE FOLLOWING PARAMETER:
     Parameter 67, XM WITH X (equality/label)

     THIS IS MOST LIKELY DUE TO VARIABLE X1 BEING DICHOTOMOUS BUT
     DECLARED AS CONTINUOUS.




MODEL FIT INFORMATION

Number of Free Parameters                       69

Loglikelihood

          H0 Value                       -3058.746
          H0 Scaling Correction Factor      0.9029
            for MLR
          H1 Value                       -2968.968
          H1 Scaling Correction Factor      0.9681
            for MLR

Information Criteria

          Akaike (AIC)                    6255.492
          Bayesian (BIC)                  6435.249
          Sample-Size Adjusted BIC        6217.330
            (n* = (n + 2) / 24)

Chi-Square Test of Model Fit

          Value                            180.867*
          Degrees of Freedom                   183
          P-Value                           0.5307
          Scaling Correction Factor         0.9927
            for MLR

*   The chi-square value for MLM, MLMV, MLR, ULSMV, WLSM and WLSMV cannot be used
    for chi-square difference testing in the regular way.  MLM, MLR and WLSM
    chi-square difference testing is described on the Mplus website.  MLMV, WLSMV,
    and ULSMV difference testing is done using the DIFFTEST option.

RMSEA (Root Mean Square Error Of Approximation)

          Estimate                           0.000
          90 Percent C.I.                    0.000  0.043
          Probability RMSEA <= .05           0.985

CFI/TLI

          CFI                                1.000
          TLI                                1.000

Chi-Square Test of Model Fit for the Baseline Model

          Value                            434.606
          Degrees of Freedom                   210
          P-Value                           0.0000

SRMR (Standardized Root Mean Square Residual)

          Value                              0.072



MODEL RESULTS

                                                    Two-Tailed
                    Estimate       S.E.  Est./S.E.    P-Value

 X        BY
    X3                 1.000      0.000    999.000    999.000
    X2                 1.760      1.503      1.171      0.242
    X1                 0.511      0.292      1.747      0.081

 M        BY
    M12                1.000      0.000    999.000    999.000
    M11                1.077      0.158      6.812      0.000
    M10                0.971      0.177      5.495      0.000
    M9                 0.729      0.156      4.684      0.000
    M8                 0.742      0.178      4.167      0.000
    M7                 0.388      0.178      2.175      0.030
    M6                 0.575      0.175      3.293      0.001
    M5                 0.676      0.152      4.439      0.000
    M4                 0.363      0.205      1.776      0.076
    M3                 0.779      0.171      4.564      0.000
    M2                 0.257      0.207      1.240      0.215
    M1                 0.615      0.194      3.177      0.001

 Y        BY
    Y3                 1.000      0.000    999.000    999.000
    Y2                 0.780      0.223      3.491      0.000
    Y1                 0.504      0.177      2.849      0.004

 XM       BY
    X3M12              1.000      0.000    999.000    999.000
    X2M11              3.233      4.429      0.730      0.465
    X1M10              4.256      6.030      0.706      0.480

 Y        ON
    X                 -0.240      1.169     -0.206      0.837
    M                  0.416      0.225      1.852      0.064
    XM                -4.252      7.074     -0.601      0.548

 X        WITH
    M                  0.074      0.060      1.235      0.217
    XM                -0.005      0.008     -0.627      0.531

 M        WITH
    XM                 0.026      0.045      0.569      0.570

 Intercepts
    X1                 0.000      0.050      0.000      1.000
    X2                 0.000      0.050      0.000      1.000
    X3                 0.000      0.050      0.000      1.000
    M1                 0.000      0.165      0.000      1.000
    M2                 0.000      0.165      0.000      1.000
    M3                 0.000      0.162      0.000      1.000
    M4                 0.000      0.160      0.000      1.000
    M5                 0.000      0.151      0.000      1.000
    M6                 0.000      0.169      0.000      1.000
    M7                 0.000      0.150      0.000      1.000
    M8                 0.000      0.149      0.000      1.000
    M9                 0.000      0.151      0.000      1.000
    M10                0.000      0.156      0.000      1.000
    M11                0.000      0.150      0.000      1.000
    M12                0.000      0.147      0.000      1.000
    Y1                 0.617      0.085      7.300      0.000
    Y2                 0.904      0.089     10.168      0.000
    Y3                 1.096      0.107     10.233      0.000
    X1M10              0.000      0.072      0.000      1.000
    X2M11              0.000      0.072      0.000      1.000
    X3M12              0.000      0.077      0.000      1.000

 Variances
    X                  0.058      0.053      1.090      0.276
    M                  1.003      0.236      4.255      0.000
    XM                 0.007      0.020      0.376      0.707

 Residual Variances
    X1                 0.233      0.027      8.782      0.000
    X2                 0.067      0.152      0.444      0.657
    X3                 0.189      0.053      3.540      0.000
    M1                 2.346      0.226     10.394      0.000
    M2                 2.672      0.179     14.956      0.000
    M3                 2.017      0.266      7.575      0.000
    M4                 2.419      0.202     11.992      0.000
    M5                 1.822      0.207      8.815      0.000
    M6                 2.509      0.221     11.345      0.000
    M7                 2.109      0.182     11.606      0.000
    M8                 1.660      0.215      7.729      0.000
    M9                 1.746      0.232      7.516      0.000
    M10                1.474      0.251      5.871      0.000
    M11                1.075      0.203      5.301      0.000
    M12                1.165      0.176      6.629      0.000
    Y1                 0.554      0.085      6.496      0.000
    Y2                 0.407      0.144      2.835      0.005
    Y3                 0.515      0.198      2.601      0.009
    X1M10              0.384      0.116      3.309      0.001
    X2M11              0.443      0.090      4.926      0.000
    X3M12              0.590      0.052     11.251      0.000
    Y                  0.436      0.197      2.214      0.027

New/Additional Parameters
    VAR_Y              0.631      0.200      3.154      0.002
    STD_B1            -0.073      0.334     -0.218      0.827
    STD_B2             0.525      0.291      1.803      0.071
    STD_B3            -1.292      2.051     -0.630      0.529


QUALITY OF NUMERICAL RESULTS

     Condition Number for the Information Matrix              0.218E-06
       (ratio of smallest to largest eigenvalue)


CONFIDENCE INTERVALS OF MODEL RESULTS

                  Lower .5%  Lower 2.5%    Lower 5%    Estimate    Upper 5%  Upper 2.5%   Upper .5%

 X        BY
    X3               1.000       1.000       1.000       1.000       1.000       1.000       1.000
    X2              -2.112      -1.186      -0.713       1.760       4.233       4.706       5.632
    X1              -0.242      -0.062       0.030       0.511       0.991       1.083       1.263

 M        BY
    M12              1.000       1.000       1.000       1.000       1.000       1.000       1.000
    M11              0.670       0.767       0.817       1.077       1.337       1.387       1.484
    M10              0.516       0.625       0.680       0.971       1.262       1.317       1.426
    M9               0.328       0.424       0.473       0.729       0.985       1.034       1.129
    M8               0.283       0.393       0.449       0.742       1.035       1.091       1.200
    M7              -0.072       0.038       0.095       0.388       0.682       0.738       0.848
    M6               0.125       0.233       0.288       0.575       0.863       0.918       1.025
    M5               0.284       0.378       0.425       0.676       0.926       0.974       1.068
    M4              -0.164      -0.038       0.027       0.363       0.700       0.765       0.891
    M3               0.339       0.445       0.498       0.779       1.060       1.114       1.219
    M2              -0.276      -0.149      -0.084       0.257       0.597       0.662       0.790
    M1               0.116       0.236       0.297       0.615       0.934       0.995       1.114

 Y        BY
    Y3               1.000       1.000       1.000       1.000       1.000       1.000       1.000
    Y2               0.204       0.342       0.412       0.780       1.147       1.218       1.355
    Y1               0.048       0.157       0.213       0.504       0.795       0.851       0.960

 XM       BY
    X3M12            1.000       1.000       1.000       1.000       1.000       1.000       1.000
    X2M11           -8.175      -5.448      -4.053       3.233      10.519      11.914      14.641
    X1M10          -11.276      -7.563      -5.664       4.256      14.176      16.075      19.788

 Y        ON
    X               -3.251      -2.531      -2.163      -0.240       1.683       2.051       2.771
    M               -0.163      -0.024       0.046       0.416       0.786       0.857       0.995
    XM             -22.472     -18.116     -15.888      -4.252       7.384       9.612      13.968

 X        WITH
    M               -0.081      -0.044      -0.025       0.074       0.173       0.192       0.229
    XM              -0.027      -0.021      -0.019      -0.005       0.008       0.011       0.016

 M        WITH
    XM              -0.091      -0.063      -0.049       0.026       0.100       0.115       0.143

 Intercepts
    X1              -0.128      -0.098      -0.082       0.000       0.082       0.098       0.128
    X2              -0.128      -0.098      -0.082       0.000       0.082       0.098       0.128
    X3              -0.128      -0.098      -0.082       0.000       0.082       0.098       0.128
    M1              -0.425      -0.324      -0.272       0.000       0.272       0.324       0.425
    M2              -0.426      -0.324      -0.272       0.000       0.272       0.324       0.426
    M3              -0.417      -0.318      -0.267       0.000       0.267       0.318       0.417
    M4              -0.411      -0.313      -0.263       0.000       0.263       0.313       0.411
    M5              -0.389      -0.296      -0.248       0.000       0.248       0.296       0.389
    M6              -0.434      -0.330      -0.277       0.000       0.277       0.330       0.434
    M7              -0.387      -0.295      -0.247       0.000       0.247       0.295       0.387
    M8              -0.383      -0.291      -0.245       0.000       0.245       0.291       0.383
    M9              -0.389      -0.296      -0.248       0.000       0.248       0.296       0.389
    M10             -0.401      -0.305      -0.256       0.000       0.256       0.305       0.401
    M11             -0.385      -0.293      -0.246       0.000       0.246       0.293       0.385
    M12             -0.379      -0.289      -0.242       0.000       0.242       0.289       0.379
    Y1               0.399       0.451       0.478       0.617       0.756       0.783       0.835
    Y2               0.675       0.730       0.758       0.904       1.051       1.079       1.133
    Y3               0.820       0.886       0.920       1.096       1.272       1.306       1.372
    X1M10           -0.186      -0.141      -0.119       0.000       0.119       0.141       0.186
    X2M11           -0.186      -0.141      -0.119       0.000       0.119       0.141       0.186
    X3M12           -0.199      -0.151      -0.127       0.000       0.127       0.151       0.199

 Variances
    X               -0.079      -0.046      -0.030       0.058       0.146       0.163       0.195
    M                0.396       0.541       0.615       1.003       1.390       1.465       1.610
    XM              -0.044      -0.031      -0.025       0.007       0.040       0.046       0.059

 Residual Variances
    X1               0.165       0.181       0.190       0.233       0.277       0.285       0.302
    X2              -0.324      -0.231      -0.183       0.067       0.318       0.366       0.459
    X3               0.052       0.085       0.101       0.189       0.277       0.294       0.327
    M1               1.765       1.904       1.975       2.346       2.717       2.788       2.927
    M2               2.212       2.322       2.378       2.672       2.966       3.023       3.133
    M3               1.331       1.495       1.579       2.017       2.455       2.539       2.703
    M4               1.900       2.024       2.087       2.419       2.751       2.815       2.939
    M5               1.290       1.417       1.482       1.822       2.162       2.227       2.355
    M6               1.940       2.076       2.145       2.509       2.873       2.943       3.079
    M7               1.641       1.753       1.810       2.109       2.408       2.465       2.577
    M8               1.107       1.239       1.307       1.660       2.013       2.081       2.213
    M9               1.147       1.290       1.363       1.746       2.128       2.201       2.344
    M10              0.828       0.982       1.061       1.474       1.887       1.966       2.121
    M11              0.553       0.678       0.742       1.075       1.409       1.473       1.598
    M12              0.712       0.820       0.876       1.165       1.454       1.509       1.617
    Y1               0.334       0.387       0.413       0.554       0.694       0.721       0.773
    Y2               0.037       0.126       0.171       0.407       0.643       0.689       0.777
    Y3               0.005       0.127       0.189       0.515       0.841       0.904       1.026
    X1M10            0.085       0.157       0.193       0.384       0.575       0.612       0.683
    X2M11            0.211       0.267       0.295       0.443       0.591       0.619       0.675
    X3M12            0.455       0.487       0.503       0.590       0.676       0.692       0.725
    Y               -0.071       0.050       0.112       0.436       0.760       0.822       0.944

New/Additional Parameters
    VAR_Y            0.116       0.239       0.302       0.631       0.961       1.024       1.147
    STD_B1          -0.933      -0.727      -0.622      -0.073       0.476       0.581       0.787
    STD_B2          -0.225      -0.046       0.046       0.525       1.003       1.095       1.274
    STD_B3          -6.574      -5.311      -4.665      -1.292       2.082       2.728       3.990


TECHNICAL 1 OUTPUT


     PARAMETER SPECIFICATION


           NU
              X1            X2            X3            M1            M2
              ________      ________      ________      ________      ________
                  1             2             3             4             5


           NU
              M3            M4            M5            M6            M7
              ________      ________      ________      ________      ________
                  6             7             8             9            10


           NU
              M8            M9            M10           M11           M12
              ________      ________      ________      ________      ________
                 11            12            13            14            15


           NU
              Y1            Y2            Y3            X1M10         X2M11
              ________      ________      ________      ________      ________
                 16            17            18            19            20


           NU
              X3M12
              ________
                 21


           LAMBDA
              X             M             Y             XM
              ________      ________      ________      ________
 X1                22             0             0             0
 X2                23             0             0             0
 X3                 0             0             0             0
 M1                 0            24             0             0
 M2                 0            25             0             0
 M3                 0            26             0             0
 M4                 0            27             0             0
 M5                 0            28             0             0
 M6                 0            29             0             0
 M7                 0            30             0             0
 M8                 0            31             0             0
 M9                 0            32             0             0
 M10                0            33             0             0
 M11                0            34             0             0
 M12                0             0             0             0
 Y1                 0             0            35             0
 Y2                 0             0            36             0
 Y3                 0             0             0             0
 X1M10              0             0             0            37
 X2M11              0             0             0            38
 X3M12              0             0             0             0


           THETA
              X1            X2            X3            M1            M2
              ________      ________      ________      ________      ________
 X1                39
 X2                 0            40
 X3                 0             0            41
 M1                 0             0             0            42
 M2                 0             0             0             0            43
 M3                 0             0             0             0             0
 M4                 0             0             0             0             0
 M5                 0             0             0             0             0
 M6                 0             0             0             0             0
 M7                 0             0             0             0             0
 M8                 0             0             0             0             0
 M9                 0             0             0             0             0
 M10                0             0             0             0             0
 M11                0             0             0             0             0
 M12                0             0             0             0             0
 Y1                 0             0             0             0             0
 Y2                 0             0             0             0             0
 Y3                 0             0             0             0             0
 X1M10              0             0             0             0             0
 X2M11              0             0             0             0             0
 X3M12              0             0             0             0             0


           THETA
              M3            M4            M5            M6            M7
              ________      ________      ________      ________      ________
 M3                44
 M4                 0            45
 M5                 0             0            46
 M6                 0             0             0            47
 M7                 0             0             0             0            48
 M8                 0             0             0             0             0
 M9                 0             0             0             0             0
 M10                0             0             0             0             0
 M11                0             0             0             0             0
 M12                0             0             0             0             0
 Y1                 0             0             0             0             0
 Y2                 0             0             0             0             0
 Y3                 0             0             0             0             0
 X1M10              0             0             0             0             0
 X2M11              0             0             0             0             0
 X3M12              0             0             0             0             0


           THETA
              M8            M9            M10           M11           M12
              ________      ________      ________      ________      ________
 M8                49
 M9                 0            50
 M10                0             0            51
 M11                0             0             0            52
 M12                0             0             0             0            53
 Y1                 0             0             0             0             0
 Y2                 0             0             0             0             0
 Y3                 0             0             0             0             0
 X1M10              0             0             0             0             0
 X2M11              0             0             0             0             0
 X3M12              0             0             0             0             0


           THETA
              Y1            Y2            Y3            X1M10         X2M11
              ________      ________      ________      ________      ________
 Y1                54
 Y2                 0            55
 Y3                 0             0            56
 X1M10              0             0             0            57
 X2M11              0             0             0             0            58
 X3M12              0             0             0             0             0


           THETA
              X3M12
              ________
 X3M12             59


           ALPHA
              X             M             Y             XM
              ________      ________      ________      ________
                  0             0             0             0


           BETA
              X             M             Y             XM
              ________      ________      ________      ________
 X                  0             0             0             0
 M                  0             0             0             0
 Y                 60            61             0            62
 XM                 0             0             0             0


           PSI
              X             M             Y             XM
              ________      ________      ________      ________
 X                 63
 M                 64            65
 Y                  0             0            66
 XM                67            68             0            69


     PARAMETER SPECIFICATION FOR THE ADDITIONAL PARAMETERS


           New/Additional Parameters
              VAR_Y         STD_B1        STD_B2        STD_B3
              ________      ________      ________      ________
                   70            71            72            73


     STARTING VALUES


           NU
              X1            X2            X3            M1            M2
              ________      ________      ________      ________      ________
                0.000         0.000         0.000         0.000         0.000


           NU
              M3            M4            M5            M6            M7
              ________      ________      ________      ________      ________
                0.000         0.000         0.000         0.000         0.000


           NU
              M8            M9            M10           M11           M12
              ________      ________      ________      ________      ________
                0.000         0.000         0.000         0.000         0.000


           NU
              Y1            Y2            Y3            X1M10         X2M11
              ________      ________      ________      ________      ________
                0.617         0.904         1.096         0.000         0.000


           NU
              X3M12
              ________
                0.000


           LAMBDA
              X             M             Y             XM
              ________      ________      ________      ________
 X1             0.459         0.000         0.000         0.000
 X2             0.887         0.000         0.000         0.000
 X3             1.000         0.000         0.000         0.000
 M1             0.000         0.904         0.000         0.000
 M2             0.000         0.414         0.000         0.000
 M3             0.000         0.873         0.000         0.000
 M4             0.000         0.539         0.000         0.000
 M5             0.000         0.725         0.000         0.000
 M6             0.000         0.487         0.000         0.000
 M7             0.000         0.393         0.000         0.000
 M8             0.000         0.784         0.000         0.000
 M9             0.000         0.565         0.000         0.000
 M10            0.000         1.069         0.000         0.000
 M11            0.000         0.992         0.000         0.000
 M12            0.000         1.000         0.000         0.000
 Y1             0.000         0.000         0.466         0.000
 Y2             0.000         0.000         0.689         0.000
 Y3             0.000         0.000         1.000         0.000
 X1M10          0.000         0.000         0.000         5.038
 X2M11          0.000         0.000         0.000         3.085
 X3M12          0.000         0.000         0.000         1.000


           THETA
              X1            X2            X3            M1            M2
              ________      ________      ________      ________      ________
 X1             0.124
 X2             0.000         0.124
 X3             0.000         0.000         0.124
 M1             0.000         0.000         0.000         1.363
 M2             0.000         0.000         0.000         0.000         1.369
 M3             0.000         0.000         0.000         0.000         0.000
 M4             0.000         0.000         0.000         0.000         0.000
 M5             0.000         0.000         0.000         0.000         0.000
 M6             0.000         0.000         0.000         0.000         0.000
 M7             0.000         0.000         0.000         0.000         0.000
 M8             0.000         0.000         0.000         0.000         0.000
 M9             0.000         0.000         0.000         0.000         0.000
 M10            0.000         0.000         0.000         0.000         0.000
 M11            0.000         0.000         0.000         0.000         0.000
 M12            0.000         0.000         0.000         0.000         0.000
 Y1             0.000         0.000         0.000         0.000         0.000
 Y2             0.000         0.000         0.000         0.000         0.000
 Y3             0.000         0.000         0.000         0.000         0.000
 X1M10          0.000         0.000         0.000         0.000         0.000
 X2M11          0.000         0.000         0.000         0.000         0.000
 X3M12          0.000         0.000         0.000         0.000         0.000


           THETA
              M3            M4            M5            M6            M7
              ________      ________      ________      ________      ________
 M3             1.313
 M4             0.000         1.276
 M5             0.000         0.000         1.140
 M6             0.000         0.000         0.000         1.421
 M7             0.000         0.000         0.000         0.000         1.130
 M8             0.000         0.000         0.000         0.000         0.000
 M9             0.000         0.000         0.000         0.000         0.000
 M10            0.000         0.000         0.000         0.000         0.000
 M11            0.000         0.000         0.000         0.000         0.000
 M12            0.000         0.000         0.000         0.000         0.000
 Y1             0.000         0.000         0.000         0.000         0.000
 Y2             0.000         0.000         0.000         0.000         0.000
 Y3             0.000         0.000         0.000         0.000         0.000
 X1M10          0.000         0.000         0.000         0.000         0.000
 X2M11          0.000         0.000         0.000         0.000         0.000
 X3M12          0.000         0.000         0.000         0.000         0.000


           THETA
              M8            M9            M10           M11           M12
              ________      ________      ________      ________      ________
 M8             1.106
 M9             0.000         1.139
 M10            0.000         0.000         1.210
 M11            0.000         0.000         0.000         1.119
 M12            0.000         0.000         0.000         0.000         1.084
 Y1             0.000         0.000         0.000         0.000         0.000
 Y2             0.000         0.000         0.000         0.000         0.000
 Y3             0.000         0.000         0.000         0.000         0.000
 X1M10          0.000         0.000         0.000         0.000         0.000
 X2M11          0.000         0.000         0.000         0.000         0.000
 X3M12          0.000         0.000         0.000         0.000         0.000


           THETA
              Y1            Y2            Y3            X1M10         X2M11
              ________      ________      ________      ________      ________
 Y1             0.357
 Y2             0.000         0.395
 Y3             0.000         0.000         0.573
 X1M10          0.000         0.000         0.000         0.260
 X2M11          0.000         0.000         0.000         0.000         0.260
 X3M12          0.000         0.000         0.000         0.000         0.000


           THETA
              X3M12
              ________
 X3M12          0.298


           ALPHA
              X             M             Y             XM
              ________      ________      ________      ________
                0.000         0.000         0.000         0.000


           BETA
              X             M             Y             XM
              ________      ________      ________      ________
 X              0.000         0.000         0.000         0.000
 M              0.000         0.000         0.000         0.000
 Y              0.000         0.000         0.000         0.000
 XM             0.000         0.000         0.000         0.000


           PSI
              X             M             Y             XM
              ________      ________      ________      ________
 X              0.050
 M              0.000         0.050
 Y              0.000         0.000         0.050
 XM             0.000         0.000         0.000         0.050


     STARTING VALUES FOR THE ADDITIONAL PARAMETERS


           New/Additional Parameters
              VAR_Y         STD_B1        STD_B2        STD_B3
              ________      ________      ________      ________
                0.500         0.500         0.500         0.500


RESULTS SAVING INFORMATION

  Order of data

    Parameter estimates
     (saved in order shown in Technical 1 output)
    Standard errors
     (saved in order shown in Technical 1 output)
    Number of Free Parameters
    H0 Loglikelihood
    H0 Scaling Correction Factor for MLR
    H1 Loglikelihood
    H1 Scaling Correction Factor for MLR
    Akaike (AIC)
    Bayesian (BIC)
    Sample-Size Adjusted BIC
    Chi-square : Value
    Chi-square : Degrees of Freedom
    Chi-square : P-Value
    Chi-square : Scaling Correction Factor for MLR/MLM/WLSM
    CFI
    TLI
    RMSEA : Estimate
    RMSEA : Low CI
    RMSEA : High CI
    RMSEA : Probability
    SRMR
    Condition Number

  Save file
    matchupi_results_1656.dat

  Save file format           Free


     Beginning Time:  21:22:24
        Ending Time:  21:22:25
       Elapsed Time:  00:00:01



MUTHEN & MUTHEN
3463 Stoner Ave.
Los Angeles, CA  90066

Tel: (310) 391-9971
Fax: (310) 391-8971
Web: www.StatModel.com
Support: Support@StatModel.com

Copyright (c) 1998-2022 Muthen & Muthen
