Mplus VERSION 8.8 (Mac)
MUTHEN & MUTHEN
07/27/2025   5:35 PM

INPUT INSTRUCTIONS


    TITLE: Matched-pair Unconstrained Product Indicator

    DATA:
      FILE = matchupi_simdat_893.dat;
      FORMAT IS FREE;

    VARIABLE:
      NAMES = x1 x2 x3
      	    m1 m2 m3 m4 m5 m6
      	    m7 m8 m9 m10 m11 m12
      	    y1 y2 y3
      	    x1m10 x2m11 x3m12;
      USEVARIABLES = x1-x3m12;

    ANALYSIS:
      TYPE = general;
      ESTIMATOR = MLR;
    MODEL:
      !measurement model
      X BY x3 x2 x1;
      X (var_X);
      M BY m12 m11 m10 m9 m8 m7 m6 m5 m4 m3 m2 m1;
      M (var_M);
      Y BY y3 y2 y1;
      Y (resvar_Y);
      XM BY x3m12 x2m11 x1m10;
      XM (var_XM);

      !covariances between predictors
      X WITH M (cov_XM);
      X WITH XM (cov_XXM);
      M WITH XM (cov_MXM);

      !structural model
      Y ON X (b1);
      Y ON M (b2);
      Y ON XM (b3);

    MODEL CONSTRAINT:

      NEW(var_Y std_b1 std_b2 std_b3);
      var_Y = resvar_Y +
       (b1^2 * var_X +
        b2^2 * var_M +
        b3^2 * var_XM +
        2 * b1 * b2 * cov_XM +
        2 * b1 * b3 * cov_XXM +
        2 * b2 * b3 * cov_MXM);

        std_b1 = b1 * sqrt(var_X) / sqrt(var_Y);
        std_b2 = b2 * sqrt(var_M) / sqrt(var_Y);
        std_b3 = b3 * sqrt(var_X) * sqrt(var_M) / sqrt(var_Y);

    OUTPUT:
      sampstat tech1 CINTERVAL;

    SAVEDATA:
      RESULTS = matchupi_results_893.dat;




INPUT READING TERMINATED NORMALLY



Matched-pair Unconstrained Product Indicator

SUMMARY OF ANALYSIS

Number of groups                                                 1
Number of observations                                         100

Number of dependent variables                                   21
Number of independent variables                                  0
Number of continuous latent variables                            4

Observed dependent variables

  Continuous
   X1          X2          X3          M1          M2          M3
   M4          M5          M6          M7          M8          M9
   M10         M11         M12         Y1          Y2          Y3
   X1M10       X2M11       X3M12

Continuous latent variables
   X           M           Y           XM


Estimator                                                      MLR
Information matrix                                        OBSERVED
Maximum number of iterations                                  1000
Convergence criterion                                    0.500D-04
Maximum number of steepest descent iterations                   20

Input data file(s)
  matchupi_simdat_893.dat

Input data format  FREE


SAMPLE STATISTICS


     SAMPLE STATISTICS


           Means
              X1            X2            X3            M1            M2
              ________      ________      ________      ________      ________
                0.000         0.000         0.000         0.000         0.000


           Means
              M3            M4            M5            M6            M7
              ________      ________      ________      ________      ________
                0.000         0.000         0.000         0.000         0.000


           Means
              M8            M9            M10           M11           M12
              ________      ________      ________      ________      ________
                0.000         0.000         0.000         0.000         0.000


           Means
              Y1            Y2            Y3            X1M10         X2M11
              ________      ________      ________      ________      ________
                0.588         0.898         1.172         0.000         0.000


           Means
              X3M12
              ________
                0.000


           Covariances
              X1            X2            X3            M1            M2
              ________      ________      ________      ________      ________
 X1             0.250
 X2             0.040         0.248
 X3             0.050         0.102         0.246
 M1            -0.020         0.047         0.095         2.294
 M2             0.070         0.056        -0.098        -0.079         2.700
 M3             0.115        -0.005         0.084         0.261        -0.001
 M4             0.045        -0.041         0.088        -0.321         0.455
 M5             0.050         0.053         0.031         0.386         0.575
 M6             0.035         0.015        -0.006        -0.089        -0.171
 M7             0.110         0.045        -0.093        -0.110         0.317
 M8             0.025         0.201         0.142        -0.209         0.475
 M9            -0.010         0.075         0.087        -0.010        -0.063
 M10            0.130         0.040         0.066        -0.091         0.236
 M11           -0.010         0.083         0.025        -0.044         0.049
 M12            0.150         0.214         0.138         0.219         0.680
 Y1            -0.030         0.003         0.040         0.074        -0.109
 Y2             0.031         0.026         0.062         0.328         0.242
 Y3             0.098         0.023         0.101         0.110         0.203
 X1M10          0.003        -0.013        -0.017        -0.164         0.117
 X2M11         -0.029         0.007        -0.047         0.096        -0.034
 X3M12          0.000         0.026        -0.035        -0.050         0.030


           Covariances
              M3            M4            M5            M6            M7
              ________      ________      ________      ________      ________
 M3             2.770
 M4             0.119         2.518
 M5            -0.028        -0.440         2.328
 M6            -0.320         0.319        -0.088         2.690
 M7             0.111         0.113         0.048         0.261         2.446
 M8             0.311         0.432         0.390         0.121         0.237
 M9             0.211         0.173         0.198        -0.019         0.326
 M10            0.228         0.364         0.553         0.448         0.529
 M11            0.519         0.461         0.324         0.399         0.790
 M12            0.511         0.415         0.335         0.401         0.533
 Y1            -0.071         0.255        -0.055         0.058         0.103
 Y2             0.184         0.306        -0.025         0.067         0.075
 Y3             0.237         0.203         0.129         0.275         0.157
 X1M10          0.015        -0.067        -0.052         0.154         0.196
 X2M11          0.030        -0.002        -0.162         0.074         0.018
 X3M12         -0.004         0.100        -0.074         0.205         0.059


           Covariances
              M8            M9            M10           M11           M12
              ________      ________      ________      ________      ________
 M8             2.218
 M9             0.387         1.966
 M10            0.826         0.249         2.222
 M11            0.469         0.530         0.761         2.314
 M12            1.205         0.663         0.974         0.651         2.140
 Y1             0.178         0.045         0.125         0.214         0.301
 Y2             0.158         0.119         0.089         0.146         0.188
 Y3             0.207         0.044         0.312        -0.059         0.390
 X1M10          0.092        -0.032         0.050        -0.016         0.129
 X2M11         -0.168        -0.025        -0.212        -0.001         0.050
 X3M12         -0.062         0.098        -0.052        -0.038         0.142


           Covariances
              Y1            Y2            Y3            X1M10         X2M11
              ________      ________      ________      ________      ________
 Y1             0.809
 Y2             0.429         1.097
 Y3             0.406         0.666         1.282
 X1M10          0.048        -0.024        -0.018         0.493
 X2M11          0.028        -0.063        -0.027         0.012         0.568
 X3M12         -0.005        -0.154        -0.121         0.008         0.032


           Covariances
              X3M12
              ________
 X3M12          0.539


           Correlations
              X1            X2            X3            M1            M2
              ________      ________      ________      ________      ________
 X1             1.000
 X2             0.161         1.000
 X3             0.201         0.414         1.000
 M1            -0.026         0.062         0.126         1.000
 M2             0.085         0.068        -0.121        -0.032         1.000
 M3             0.138        -0.006         0.102         0.103        -0.001
 M4             0.057        -0.051         0.112        -0.134         0.174
 M5             0.066         0.069         0.041         0.167         0.229
 M6             0.043         0.019        -0.007        -0.036        -0.064
 M7             0.141         0.058        -0.120        -0.046         0.123
 M8             0.034         0.270         0.192        -0.093         0.194
 M9            -0.014         0.108         0.125        -0.005        -0.027
 M10            0.174         0.053         0.089        -0.040         0.096
 M11           -0.013         0.110         0.033        -0.019         0.020
 M12            0.205         0.294         0.191         0.099         0.283
 Y1            -0.067         0.006         0.089         0.055        -0.074
 Y2             0.060         0.050         0.119         0.207         0.140
 Y3             0.173         0.040         0.179         0.064         0.109
 X1M10          0.009        -0.038        -0.048        -0.155         0.102
 X2M11         -0.076         0.018        -0.126         0.084        -0.027
 X3M12          0.000         0.070        -0.096        -0.045         0.025


           Correlations
              M3            M4            M5            M6            M7
              ________      ________      ________      ________      ________
 M3             1.000
 M4             0.045         1.000
 M5            -0.011        -0.182         1.000
 M6            -0.117         0.123        -0.035         1.000
 M7             0.043         0.046         0.020         0.102         1.000
 M8             0.126         0.183         0.172         0.050         0.102
 M9             0.091         0.078         0.093        -0.008         0.149
 M10            0.092         0.154         0.243         0.183         0.227
 M11            0.205         0.191         0.140         0.160         0.332
 M12            0.210         0.179         0.150         0.167         0.233
 Y1            -0.048         0.179        -0.040         0.039         0.073
 Y2             0.106         0.184        -0.016         0.039         0.046
 Y3             0.126         0.113         0.075         0.148         0.089
 X1M10          0.013        -0.060        -0.049         0.134         0.178
 X2M11          0.024        -0.002        -0.141         0.060         0.015
 X3M12         -0.003         0.086        -0.066         0.171         0.052


           Correlations
              M8            M9            M10           M11           M12
              ________      ________      ________      ________      ________
 M8             1.000
 M9             0.185         1.000
 M10            0.372         0.119         1.000
 M11            0.207         0.248         0.336         1.000
 M12            0.553         0.323         0.446         0.293         1.000
 Y1             0.133         0.036         0.093         0.156         0.229
 Y2             0.101         0.081         0.057         0.091         0.123
 Y3             0.123         0.028         0.185        -0.034         0.236
 X1M10          0.088        -0.032         0.047        -0.015         0.126
 X2M11         -0.150        -0.024        -0.189         0.000         0.045
 X3M12         -0.056         0.095        -0.048        -0.034         0.132


           Correlations
              Y1            Y2            Y3            X1M10         X2M11
              ________      ________      ________      ________      ________
 Y1             1.000
 Y2             0.455         1.000
 Y3             0.399         0.562         1.000
 X1M10          0.075        -0.032        -0.023         1.000
 X2M11          0.042        -0.079        -0.031         0.023         1.000
 X3M12         -0.008        -0.200        -0.146         0.016         0.058


           Correlations
              X3M12
              ________
 X3M12          1.000


UNIVARIATE SAMPLE STATISTICS


     UNIVARIATE HIGHER-ORDER MOMENT DESCRIPTIVE STATISTICS

         Variable/         Mean/     Skewness/   Minimum/ % with                Percentiles
        Sample Size      Variance    Kurtosis    Maximum  Min/Max      20%/60%    40%/80%    Median

     X1                    0.000       0.000      -0.500   50.00%      -0.500     -0.500      0.000
             100.000       0.250      -2.000       0.500   50.00%       0.500      0.500
     X2                    0.000       0.161      -0.460   54.00%      -0.460     -0.460     -0.460
             100.000       0.248      -1.974       0.540   46.00%       0.540      0.540
     X3                    0.000      -0.242      -0.560   44.00%      -0.560     -0.560      0.440
             100.000       0.246      -1.942       0.440   56.00%       0.440      0.440
     M1                    0.000       0.066      -1.920   27.00%      -1.920     -0.920      0.080
             100.000       2.294      -1.425       2.080   23.00%       0.080      2.080
     M2                    0.000      -0.211      -2.140   30.00%      -2.140     -0.140      0.860
             100.000       2.700      -1.595       1.860   31.00%       0.860      1.860
     M3                    0.000      -0.029      -2.010   32.00%      -2.010     -1.010     -0.010
             100.000       2.770      -1.653       1.990   31.00%       0.990      1.990
     M4                    0.000      -0.121      -2.110   26.00%      -2.110     -0.110     -0.110
             100.000       2.518      -1.536       1.890   30.00%       0.890      1.890
     M5                    0.000       0.187      -1.820   29.00%      -1.820     -0.820      0.180
             100.000       2.328      -1.430       2.180   22.00%       0.180      2.180
     M6                    0.000      -0.002      -2.010   30.00%      -2.010     -1.010     -0.010
             100.000       2.690      -1.617       1.990   31.00%       0.990      1.990
     M7                    0.000       0.121      -1.880   29.00%      -1.880     -0.880      0.120
             100.000       2.446      -1.524       2.120   24.00%       0.120      2.120
     M8                    0.000       0.062      -1.890   28.00%      -1.890     -0.890      0.110
             100.000       2.218      -1.366       2.110   21.00%       0.110      2.110
     M9                    0.000      -0.004      -1.880   25.00%      -1.880     -0.880      0.120
             100.000       1.966      -1.290       2.120   15.00%       0.120      1.120
     M10                   0.000      -0.197      -2.240   19.00%      -1.240     -0.240     -0.240
             100.000       2.222      -1.353       1.760   31.00%       0.760      1.760
     M11                   0.000      -0.084      -2.080   23.00%      -2.080     -1.080     -0.080
             100.000       2.314      -1.467       1.920   26.00%       0.920      1.920
     M12                   0.000       0.147      -1.860   25.00%      -1.860     -0.860      0.140
             100.000       2.140      -1.348       2.140   20.00%       0.140      1.140
     Y1                    0.588       0.264      -1.326    1.00%      -0.240      0.218      0.486
             100.000       0.809      -0.596       2.755    1.00%       0.770      1.492
     Y2                    0.898      -0.355      -2.153    1.00%       0.129      0.750      0.993
             100.000       1.097       0.685       3.533    1.00%       1.193      1.737
     Y3                    1.172       0.254      -1.130    1.00%       0.184      0.746      1.111
             100.000       1.282      -0.325       4.487    1.00%       1.429      2.066
     X1M10                 0.000      -0.192      -1.337    4.00%      -0.777     -0.217     -0.077
             100.000       0.493      -1.267       0.903   13.00%       0.343      0.803
     X2M11                 0.000      -0.204      -1.206    9.00%      -0.966     -0.126     -0.046
             100.000       0.568      -1.388       0.954   13.00%       0.414      0.874
     X3M12                 0.000      -0.142      -1.250    5.00%      -0.750     -0.250     -0.010
             100.000       0.539      -1.337       0.990   14.00%       0.250      0.750


     THIS ANALYSIS MAY HAVE MULTIPLE SOLUTIONS.  EXPLORE THIS USING RANDOM STARTS,
     FOR EXAMPLE, STARTS = 20.  USE A LARGE ENOUGH NUMBER OF STARTS SO THAT THE
     BEST FIT FUNCTION VALUE IS REPLICATED SEVERAL TIMES.


THE MODEL ESTIMATION TERMINATED NORMALLY

     THE STANDARD ERRORS OF THE MODEL PARAMETER ESTIMATES MAY NOT BE
     TRUSTWORTHY FOR SOME PARAMETERS DUE TO A NON-POSITIVE DEFINITE
     FIRST-ORDER DERIVATIVE PRODUCT MATRIX.  THIS MAY BE DUE TO THE STARTING
     VALUES BUT MAY ALSO BE AN INDICATION OF MODEL NONIDENTIFICATION.  THE
     CONDITION NUMBER IS      -0.421D-19.  PROBLEM INVOLVING THE FOLLOWING PARAMETER:
     Parameter 40, X2

     THIS IS MOST LIKELY DUE TO VARIABLE X1 BEING DICHOTOMOUS BUT
     DECLARED AS CONTINUOUS.


     WARNING:  THE LATENT VARIABLE COVARIANCE MATRIX (PSI) IS NOT POSITIVE
     DEFINITE.  THIS COULD INDICATE A NEGATIVE VARIANCE/RESIDUAL VARIANCE FOR A
     LATENT VARIABLE, A CORRELATION GREATER OR EQUAL TO ONE BETWEEN TWO LATENT
     VARIABLES, OR A LINEAR DEPENDENCY AMONG MORE THAN TWO LATENT VARIABLES.
     CHECK THE TECH4 OUTPUT FOR MORE INFORMATION.
     PROBLEM INVOLVING VARIABLE Y.




MODEL FIT INFORMATION

Number of Free Parameters                       69

Loglikelihood

          H0 Value                       -3088.714
          H0 Scaling Correction Factor      0.8734
            for MLR
          H1 Value                       -2991.807
          H1 Scaling Correction Factor      0.9624
            for MLR

Information Criteria

          Akaike (AIC)                    6315.429
          Bayesian (BIC)                  6495.185
          Sample-Size Adjusted BIC        6277.266
            (n* = (n + 2) / 24)

Chi-Square Test of Model Fit

          Value                            194.596*
          Degrees of Freedom                   183
          P-Value                           0.2649
          Scaling Correction Factor         0.9960
            for MLR

*   The chi-square value for MLM, MLMV, MLR, ULSMV, WLSM and WLSMV cannot be used
    for chi-square difference testing in the regular way.  MLM, MLR and WLSM
    chi-square difference testing is described on the Mplus website.  MLMV, WLSMV,
    and ULSMV difference testing is done using the DIFFTEST option.

RMSEA (Root Mean Square Error Of Approximation)

          Estimate                           0.025
          90 Percent C.I.                    0.000  0.052
          Probability RMSEA <= .05           0.933

CFI/TLI

          CFI                                0.942
          TLI                                0.933

Chi-Square Test of Model Fit for the Baseline Model

          Value                            409.569
          Degrees of Freedom                   210
          P-Value                           0.0000

SRMR (Standardized Root Mean Square Residual)

          Value                              0.071



MODEL RESULTS

                                                    Two-Tailed
                    Estimate       S.E.  Est./S.E.    P-Value

 X        BY
    X3                 1.000      0.000    999.000    999.000
    X2                 1.010      0.515      1.960      0.050
    X1                 0.495      0.238      2.081      0.037

 M        BY
    M12                1.000      0.000    999.000    999.000
    M11                0.466      0.175      2.659      0.008
    M10                0.622      0.166      3.754      0.000
    M9                 0.385      0.119      3.240      0.001
    M8                 0.727      0.125      5.809      0.000
    M7                 0.356      0.154      2.311      0.021
    M6                 0.241      0.139      1.730      0.084
    M5                 0.245      0.141      1.737      0.082
    M4                 0.298      0.158      1.885      0.059
    M3                 0.298      0.146      2.037      0.042
    M2                 0.372      0.138      2.691      0.007
    M1                 0.065      0.140      0.465      0.642

 Y        BY
    Y3                 1.000      0.000    999.000    999.000
    Y2                 0.991      0.225      4.397      0.000
    Y1                 0.615      0.140      4.381      0.000

 XM       BY
    X3M12              1.000      0.000    999.000    999.000
    X2M11              0.214      0.832      0.257      0.797
    X1M10              0.516      0.756      0.683      0.494

 Y        ON
    X                 -1.358     10.517     -0.129      0.897
    M                  0.709      3.859      0.184      0.854
    XM                -5.423     35.900     -0.151      0.880

 X        WITH
    M                  0.172      0.057      3.008      0.003
    XM                -0.012      0.040     -0.293      0.770

 M        WITH
    XM                 0.112      0.141      0.798      0.425

 Intercepts
    X1                 0.000      0.050      0.000      1.000
    X2                 0.000      0.050      0.000      1.000
    X3                 0.000      0.050      0.000      1.000
    M1                 0.000      0.151      0.000      1.000
    M2                 0.000      0.164      0.000      1.000
    M3                 0.000      0.166      0.000      1.000
    M4                 0.000      0.159      0.000      1.000
    M5                 0.000      0.153      0.000      1.000
    M6                 0.000      0.164      0.000      1.000
    M7                 0.000      0.156      0.000      1.000
    M8                 0.000      0.149      0.000      1.000
    M9                 0.000      0.140      0.000      1.000
    M10                0.000      0.149      0.000      1.000
    M11                0.000      0.152      0.000      1.000
    M12                0.000      0.146      0.000      1.000
    Y1                 0.588      0.090      6.533      0.000
    Y2                 0.898      0.105      8.572      0.000
    Y3                 1.172      0.113     10.350      0.000
    X1M10              0.000      0.070      0.000      1.000
    X2M11              0.000      0.075      0.000      1.000
    X3M12              0.000      0.073      0.000      1.000

 Variances
    X                  0.099      0.056      1.767      0.077
    M                  1.626      0.311      5.230      0.000
    XM                 0.036      0.140      0.257      0.797

 Residual Variances
    X1                 0.226      0.020     11.255      0.000
    X2                 0.148      0.056      2.626      0.009
    X3                 0.148      0.056      2.645      0.008
    M1                 2.287      0.177     12.950      0.000
    M2                 2.476      0.197     12.544      0.000
    M3                 2.626      0.196     13.380      0.000
    M4                 2.374      0.191     12.402      0.000
    M5                 2.230      0.193     11.532      0.000
    M6                 2.595      0.186     13.977      0.000
    M7                 2.239      0.222     10.106      0.000
    M8                 1.359      0.194      6.993      0.000
    M9                 1.725      0.192      8.982      0.000
    M10                1.592      0.243      6.562      0.000
    M11                1.960      0.245      8.013      0.000
    M12                0.515      0.269      1.912      0.056
    Y1                 0.553      0.081      6.819      0.000
    Y2                 0.431      0.149      2.897      0.004
    Y3                 0.605      0.168      3.607      0.000
    X1M10              0.483      0.054      8.914      0.000
    X2M11              0.566      0.045     12.492      0.000
    X3M12              0.503      0.144      3.490      0.000
    Y                 -0.014      3.990     -0.004      0.997

New/Additional Parameters
    VAR_Y              0.677      0.214      3.168      0.002
    STD_B1            -0.519      4.012     -0.129      0.897
    STD_B2             1.098      5.958      0.184      0.854
    STD_B3            -2.640     17.420     -0.152      0.880


QUALITY OF NUMERICAL RESULTS

     Condition Number for the Information Matrix              0.639E-07
       (ratio of smallest to largest eigenvalue)


CONFIDENCE INTERVALS OF MODEL RESULTS

                  Lower .5%  Lower 2.5%    Lower 5%    Estimate    Upper 5%  Upper 2.5%   Upper .5%

 X        BY
    X3               1.000       1.000       1.000       1.000       1.000       1.000       1.000
    X2              -0.317       0.000       0.162       1.010       1.857       2.020       2.337
    X1              -0.118       0.029       0.104       0.495       0.886       0.961       1.107

 M        BY
    M12              1.000       1.000       1.000       1.000       1.000       1.000       1.000
    M11              0.015       0.123       0.178       0.466       0.754       0.810       0.917
    M10              0.195       0.297       0.350       0.622       0.895       0.947       1.050
    M9               0.079       0.152       0.189       0.385       0.580       0.618       0.691
    M8               0.405       0.482       0.521       0.727       0.933       0.972       1.049
    M7              -0.041       0.054       0.103       0.356       0.610       0.659       0.754
    M6              -0.118      -0.032       0.012       0.241       0.471       0.515       0.600
    M5              -0.118      -0.031       0.013       0.245       0.477       0.522       0.609
    M4              -0.109      -0.012       0.038       0.298       0.558       0.607       0.705
    M3              -0.079       0.011       0.057       0.298       0.538       0.584       0.674
    M2               0.016       0.101       0.145       0.372       0.599       0.643       0.728
    M1              -0.296      -0.210      -0.166       0.065       0.296       0.341       0.427

 Y        BY
    Y3               1.000       1.000       1.000       1.000       1.000       1.000       1.000
    Y2               0.411       0.549       0.620       0.991       1.362       1.433       1.572
    Y1               0.253       0.340       0.384       0.615       0.846       0.890       0.977

 XM       BY
    X3M12            1.000       1.000       1.000       1.000       1.000       1.000       1.000
    X2M11           -1.930      -1.418      -1.155       0.214       1.583       1.845       2.358
    X1M10           -1.430      -0.965      -0.727       0.516       1.760       1.998       2.463

 Y        ON
    X              -28.447     -21.971     -18.658      -1.358      15.942      19.255      25.731
    M               -9.231      -6.854      -5.639       0.709       7.057       8.272      10.649
    XM             -97.894     -75.787     -64.478      -5.423      53.632      64.941      87.048

 X        WITH
    M                0.025       0.060       0.078       0.172       0.265       0.283       0.318
    XM              -0.116      -0.091      -0.078      -0.012       0.055       0.067       0.092

 M        WITH
    XM              -0.250      -0.164      -0.119       0.112       0.344       0.388       0.475

 Intercepts
    X1              -0.129      -0.098      -0.082       0.000       0.082       0.098       0.129
    X2              -0.128      -0.098      -0.082       0.000       0.082       0.098       0.128
    X3              -0.128      -0.097      -0.082       0.000       0.082       0.097       0.128
    M1              -0.390      -0.297      -0.249       0.000       0.249       0.297       0.390
    M2              -0.423      -0.322      -0.270       0.000       0.270       0.322       0.423
    M3              -0.429      -0.326      -0.274       0.000       0.274       0.326       0.429
    M4              -0.409      -0.311      -0.261       0.000       0.261       0.311       0.409
    M5              -0.393      -0.299      -0.251       0.000       0.251       0.299       0.393
    M6              -0.422      -0.321      -0.270       0.000       0.270       0.321       0.422
    M7              -0.403      -0.307      -0.257       0.000       0.257       0.307       0.403
    M8              -0.384      -0.292      -0.245       0.000       0.245       0.292       0.384
    M9              -0.361      -0.275      -0.231       0.000       0.231       0.275       0.361
    M10             -0.384      -0.292      -0.245       0.000       0.245       0.292       0.384
    M11             -0.392      -0.298      -0.250       0.000       0.250       0.298       0.392
    M12             -0.377      -0.287      -0.241       0.000       0.241       0.287       0.377
    Y1               0.356       0.411       0.440       0.588       0.736       0.764       0.820
    Y2               0.628       0.693       0.725       0.898       1.070       1.103       1.168
    Y3               0.880       0.950       0.986       1.172       1.358       1.394       1.464
    X1M10           -0.181      -0.138      -0.115       0.000       0.115       0.138       0.181
    X2M11           -0.194      -0.148      -0.124       0.000       0.124       0.148       0.194
    X3M12           -0.189      -0.144      -0.121       0.000       0.121       0.144       0.189

 Variances
    X               -0.045      -0.011       0.007       0.099       0.191       0.208       0.243
    M                0.825       1.017       1.114       1.626       2.137       2.235       2.427
    XM              -0.325      -0.238      -0.194       0.036       0.266       0.310       0.397

 Residual Variances
    X1               0.174       0.187       0.193       0.226       0.259       0.265       0.278
    X2               0.003       0.037       0.055       0.148       0.240       0.258       0.293
    X3               0.004       0.038       0.056       0.148       0.239       0.257       0.291
    M1               1.832       1.941       1.996       2.287       2.577       2.633       2.741
    M2               1.967       2.089       2.151       2.476       2.800       2.862       2.984
    M3               2.120       2.241       2.303       2.626       2.949       3.011       3.132
    M4               1.881       1.999       2.059       2.374       2.689       2.749       2.867
    M5               1.732       1.851       1.912       2.230       2.548       2.609       2.728
    M6               2.117       2.231       2.290       2.595       2.901       2.959       3.074
    M7               1.668       1.805       1.875       2.239       2.604       2.673       2.810
    M8               0.858       0.978       1.039       1.359       1.678       1.739       1.859
    M9               1.230       1.349       1.409       1.725       2.041       2.101       2.220
    M10              0.967       1.117       1.193       1.592       1.992       2.068       2.218
    M11              1.330       1.481       1.558       1.960       2.363       2.440       2.591
    M12             -0.179      -0.013       0.072       0.515       0.957       1.042       1.208
    Y1               0.344       0.394       0.420       0.553       0.687       0.712       0.762
    Y2               0.048       0.139       0.186       0.431       0.676       0.723       0.814
    Y3               0.173       0.276       0.329       0.605       0.880       0.933       1.036
    X1M10            0.344       0.377       0.394       0.483       0.572       0.589       0.623
    X2M11            0.449       0.477       0.492       0.566       0.641       0.655       0.683
    X3M12            0.132       0.220       0.266       0.503       0.740       0.785       0.874
    Y              -10.291      -7.834      -6.577      -0.014       6.549       7.806      10.263

New/Additional Parameters
    VAR_Y            0.127       0.258       0.326       0.677       1.029       1.097       1.228
    STD_B1         -10.853      -8.382      -7.119      -0.519       6.081       7.345       9.816
    STD_B2         -14.248     -10.579      -8.703       1.098      10.899      12.776      16.445
    STD_B3         -47.510     -36.783     -31.296      -2.640      26.015      31.502      42.229


TECHNICAL 1 OUTPUT


     PARAMETER SPECIFICATION


           NU
              X1            X2            X3            M1            M2
              ________      ________      ________      ________      ________
                  1             2             3             4             5


           NU
              M3            M4            M5            M6            M7
              ________      ________      ________      ________      ________
                  6             7             8             9            10


           NU
              M8            M9            M10           M11           M12
              ________      ________      ________      ________      ________
                 11            12            13            14            15


           NU
              Y1            Y2            Y3            X1M10         X2M11
              ________      ________      ________      ________      ________
                 16            17            18            19            20


           NU
              X3M12
              ________
                 21


           LAMBDA
              X             M             Y             XM
              ________      ________      ________      ________
 X1                22             0             0             0
 X2                23             0             0             0
 X3                 0             0             0             0
 M1                 0            24             0             0
 M2                 0            25             0             0
 M3                 0            26             0             0
 M4                 0            27             0             0
 M5                 0            28             0             0
 M6                 0            29             0             0
 M7                 0            30             0             0
 M8                 0            31             0             0
 M9                 0            32             0             0
 M10                0            33             0             0
 M11                0            34             0             0
 M12                0             0             0             0
 Y1                 0             0            35             0
 Y2                 0             0            36             0
 Y3                 0             0             0             0
 X1M10              0             0             0            37
 X2M11              0             0             0            38
 X3M12              0             0             0             0


           THETA
              X1            X2            X3            M1            M2
              ________      ________      ________      ________      ________
 X1                39
 X2                 0            40
 X3                 0             0            41
 M1                 0             0             0            42
 M2                 0             0             0             0            43
 M3                 0             0             0             0             0
 M4                 0             0             0             0             0
 M5                 0             0             0             0             0
 M6                 0             0             0             0             0
 M7                 0             0             0             0             0
 M8                 0             0             0             0             0
 M9                 0             0             0             0             0
 M10                0             0             0             0             0
 M11                0             0             0             0             0
 M12                0             0             0             0             0
 Y1                 0             0             0             0             0
 Y2                 0             0             0             0             0
 Y3                 0             0             0             0             0
 X1M10              0             0             0             0             0
 X2M11              0             0             0             0             0
 X3M12              0             0             0             0             0


           THETA
              M3            M4            M5            M6            M7
              ________      ________      ________      ________      ________
 M3                44
 M4                 0            45
 M5                 0             0            46
 M6                 0             0             0            47
 M7                 0             0             0             0            48
 M8                 0             0             0             0             0
 M9                 0             0             0             0             0
 M10                0             0             0             0             0
 M11                0             0             0             0             0
 M12                0             0             0             0             0
 Y1                 0             0             0             0             0
 Y2                 0             0             0             0             0
 Y3                 0             0             0             0             0
 X1M10              0             0             0             0             0
 X2M11              0             0             0             0             0
 X3M12              0             0             0             0             0


           THETA
              M8            M9            M10           M11           M12
              ________      ________      ________      ________      ________
 M8                49
 M9                 0            50
 M10                0             0            51
 M11                0             0             0            52
 M12                0             0             0             0            53
 Y1                 0             0             0             0             0
 Y2                 0             0             0             0             0
 Y3                 0             0             0             0             0
 X1M10              0             0             0             0             0
 X2M11              0             0             0             0             0
 X3M12              0             0             0             0             0


           THETA
              Y1            Y2            Y3            X1M10         X2M11
              ________      ________      ________      ________      ________
 Y1                54
 Y2                 0            55
 Y3                 0             0            56
 X1M10              0             0             0            57
 X2M11              0             0             0             0            58
 X3M12              0             0             0             0             0


           THETA
              X3M12
              ________
 X3M12             59


           ALPHA
              X             M             Y             XM
              ________      ________      ________      ________
                  0             0             0             0


           BETA
              X             M             Y             XM
              ________      ________      ________      ________
 X                  0             0             0             0
 M                  0             0             0             0
 Y                 60            61             0            62
 XM                 0             0             0             0


           PSI
              X             M             Y             XM
              ________      ________      ________      ________
 X                 63
 M                 64            65
 Y                  0             0            66
 XM                67            68             0            69


     PARAMETER SPECIFICATION FOR THE ADDITIONAL PARAMETERS


           New/Additional Parameters
              VAR_Y         STD_B1        STD_B2        STD_B3
              ________      ________      ________      ________
                   70            71            72            73


     STARTING VALUES


           NU
              X1            X2            X3            M1            M2
              ________      ________      ________      ________      ________
                0.000         0.000         0.000         0.000         0.000


           NU
              M3            M4            M5            M6            M7
              ________      ________      ________      ________      ________
                0.000         0.000         0.000         0.000         0.000


           NU
              M8            M9            M10           M11           M12
              ________      ________      ________      ________      ________
                0.000         0.000         0.000         0.000         0.000


           NU
              Y1            Y2            Y3            X1M10         X2M11
              ________      ________      ________      ________      ________
                0.588         0.898         1.172         0.000         0.000


           NU
              X3M12
              ________
                0.000


           LAMBDA
              X             M             Y             XM
              ________      ________      ________      ________
 X1             0.391         0.000         0.000         0.000
 X2             0.800         0.000         0.000         0.000
 X3             1.000         0.000         0.000         0.000
 M1             0.000         1.000         0.000         0.000
 M2             0.000         1.000         0.000         0.000
 M3             0.000         1.000         0.000         0.000
 M4             0.000         1.000         0.000         0.000
 M5             0.000         1.000         0.000         0.000
 M6             0.000         1.000         0.000         0.000
 M7             0.000         1.000         0.000         0.000
 M8             0.000         1.000         0.000         0.000
 M9             0.000         1.000         0.000         0.000
 M10            0.000         1.000         0.000         0.000
 M11            0.000         1.000         0.000         0.000
 M12            0.000         1.000         0.000         0.000
 Y1             0.000         0.000         0.644         0.000
 Y2             0.000         0.000         1.055         0.000
 Y3             0.000         0.000         1.000         0.000
 X1M10          0.000         0.000         0.000         0.374
 X2M11          0.000         0.000         0.000         1.411
 X3M12          0.000         0.000         0.000         1.000


           THETA
              X1            X2            X3            M1            M2
              ________      ________      ________      ________      ________
 X1             0.125
 X2             0.000         0.124
 X3             0.000         0.000         0.123
 M1             0.000         0.000         0.000         1.147
 M2             0.000         0.000         0.000         0.000         1.350
 M3             0.000         0.000         0.000         0.000         0.000
 M4             0.000         0.000         0.000         0.000         0.000
 M5             0.000         0.000         0.000         0.000         0.000
 M6             0.000         0.000         0.000         0.000         0.000
 M7             0.000         0.000         0.000         0.000         0.000
 M8             0.000         0.000         0.000         0.000         0.000
 M9             0.000         0.000         0.000         0.000         0.000
 M10            0.000         0.000         0.000         0.000         0.000
 M11            0.000         0.000         0.000         0.000         0.000
 M12            0.000         0.000         0.000         0.000         0.000
 Y1             0.000         0.000         0.000         0.000         0.000
 Y2             0.000         0.000         0.000         0.000         0.000
 Y3             0.000         0.000         0.000         0.000         0.000
 X1M10          0.000         0.000         0.000         0.000         0.000
 X2M11          0.000         0.000         0.000         0.000         0.000
 X3M12          0.000         0.000         0.000         0.000         0.000


           THETA
              M3            M4            M5            M6            M7
              ________      ________      ________      ________      ________
 M3             1.385
 M4             0.000         1.259
 M5             0.000         0.000         1.164
 M6             0.000         0.000         0.000         1.345
 M7             0.000         0.000         0.000         0.000         1.223
 M8             0.000         0.000         0.000         0.000         0.000
 M9             0.000         0.000         0.000         0.000         0.000
 M10            0.000         0.000         0.000         0.000         0.000
 M11            0.000         0.000         0.000         0.000         0.000
 M12            0.000         0.000         0.000         0.000         0.000
 Y1             0.000         0.000         0.000         0.000         0.000
 Y2             0.000         0.000         0.000         0.000         0.000
 Y3             0.000         0.000         0.000         0.000         0.000
 X1M10          0.000         0.000         0.000         0.000         0.000
 X2M11          0.000         0.000         0.000         0.000         0.000
 X3M12          0.000         0.000         0.000         0.000         0.000


           THETA
              M8            M9            M10           M11           M12
              ________      ________      ________      ________      ________
 M8             1.109
 M9             0.000         0.983
 M10            0.000         0.000         1.111
 M11            0.000         0.000         0.000         1.157
 M12            0.000         0.000         0.000         0.000         1.070
 Y1             0.000         0.000         0.000         0.000         0.000
 Y2             0.000         0.000         0.000         0.000         0.000
 Y3             0.000         0.000         0.000         0.000         0.000
 X1M10          0.000         0.000         0.000         0.000         0.000
 X2M11          0.000         0.000         0.000         0.000         0.000
 X3M12          0.000         0.000         0.000         0.000         0.000


           THETA
              Y1            Y2            Y3            X1M10         X2M11
              ________      ________      ________      ________      ________
 Y1             0.405
 Y2             0.000         0.548
 Y3             0.000         0.000         0.641
 X1M10          0.000         0.000         0.000         0.246
 X2M11          0.000         0.000         0.000         0.000         0.284
 X3M12          0.000         0.000         0.000         0.000         0.000


           THETA
              X3M12
              ________
 X3M12          0.269


           ALPHA
              X             M             Y             XM
              ________      ________      ________      ________
                0.000         0.000         0.000         0.000


           BETA
              X             M             Y             XM
              ________      ________      ________      ________
 X              0.000         0.000         0.000         0.000
 M              0.000         0.000         0.000         0.000
 Y              0.000         0.000         0.000         0.000
 XM             0.000         0.000         0.000         0.000


           PSI
              X             M             Y             XM
              ________      ________      ________      ________
 X              0.050
 M              0.000         0.050
 Y              0.000         0.000         0.050
 XM             0.000         0.000         0.000         0.050


     STARTING VALUES FOR THE ADDITIONAL PARAMETERS


           New/Additional Parameters
              VAR_Y         STD_B1        STD_B2        STD_B3
              ________      ________      ________      ________
                0.500         0.500         0.500         0.500


RESULTS SAVING INFORMATION

  Order of data

    Parameter estimates
     (saved in order shown in Technical 1 output)
    Standard errors
     (saved in order shown in Technical 1 output)
    Number of Free Parameters
    H0 Loglikelihood
    H0 Scaling Correction Factor for MLR
    H1 Loglikelihood
    H1 Scaling Correction Factor for MLR
    Akaike (AIC)
    Bayesian (BIC)
    Sample-Size Adjusted BIC
    Chi-square : Value
    Chi-square : Degrees of Freedom
    Chi-square : P-Value
    Chi-square : Scaling Correction Factor for MLR/MLM/WLSM
    CFI
    TLI
    RMSEA : Estimate
    RMSEA : Low CI
    RMSEA : High CI
    RMSEA : Probability
    SRMR
    Condition Number

  Save file
    matchupi_results_893.dat

  Save file format           Free


     Beginning Time:  17:35:33
        Ending Time:  17:35:35
       Elapsed Time:  00:00:02



MUTHEN & MUTHEN
3463 Stoner Ave.
Los Angeles, CA  90066

Tel: (310) 391-9971
Fax: (310) 391-8971
Web: www.StatModel.com
Support: Support@StatModel.com

Copyright (c) 1998-2022 Muthen & Muthen
