Mplus VERSION 8.8 (Mac)
MUTHEN & MUTHEN
07/27/2025   5:17 PM

INPUT INSTRUCTIONS


    TITLE: Matched-pair Unconstrained Product Indicator

    DATA:
      FILE = matchupi_simdat_298.dat;
      FORMAT IS FREE;

    VARIABLE:
      NAMES = x1 x2 x3
      	    m1 m2 m3 m4 m5 m6
      	    m7 m8 m9 m10 m11 m12
      	    y1 y2 y3
      	    x1m10 x2m11 x3m12;
      USEVARIABLES = x1-x3m12;

    ANALYSIS:
      TYPE = general;
      ESTIMATOR = MLR;
    MODEL:
      !measurement model
      X BY x3 x2 x1;
      X (var_X);
      M BY m12 m11 m10 m9 m8 m7 m6 m5 m4 m3 m2 m1;
      M (var_M);
      Y BY y3 y2 y1;
      Y (resvar_Y);
      XM BY x3m12 x2m11 x1m10;
      XM (var_XM);

      !covariances between predictors
      X WITH M (cov_XM);
      X WITH XM (cov_XXM);
      M WITH XM (cov_MXM);

      !structural model
      Y ON X (b1);
      Y ON M (b2);
      Y ON XM (b3);

    MODEL CONSTRAINT:

      NEW(var_Y std_b1 std_b2 std_b3);
      var_Y = resvar_Y +
       (b1^2 * var_X +
        b2^2 * var_M +
        b3^2 * var_XM +
        2 * b1 * b2 * cov_XM +
        2 * b1 * b3 * cov_XXM +
        2 * b2 * b3 * cov_MXM);

        std_b1 = b1 * sqrt(var_X) / sqrt(var_Y);
        std_b2 = b2 * sqrt(var_M) / sqrt(var_Y);
        std_b3 = b3 * sqrt(var_X) * sqrt(var_M) / sqrt(var_Y);

    OUTPUT:
      sampstat tech1 CINTERVAL;

    SAVEDATA:
      RESULTS = matchupi_results_298.dat;




INPUT READING TERMINATED NORMALLY



Matched-pair Unconstrained Product Indicator

SUMMARY OF ANALYSIS

Number of groups                                                 1
Number of observations                                         100

Number of dependent variables                                   21
Number of independent variables                                  0
Number of continuous latent variables                            4

Observed dependent variables

  Continuous
   X1          X2          X3          M1          M2          M3
   M4          M5          M6          M7          M8          M9
   M10         M11         M12         Y1          Y2          Y3
   X1M10       X2M11       X3M12

Continuous latent variables
   X           M           Y           XM


Estimator                                                      MLR
Information matrix                                        OBSERVED
Maximum number of iterations                                  1000
Convergence criterion                                    0.500D-04
Maximum number of steepest descent iterations                   20

Input data file(s)
  matchupi_simdat_298.dat

Input data format  FREE


SAMPLE STATISTICS


     SAMPLE STATISTICS


           Means
              X1            X2            X3            M1            M2
              ________      ________      ________      ________      ________
                0.000         0.000         0.000         0.000         0.000


           Means
              M3            M4            M5            M6            M7
              ________      ________      ________      ________      ________
                0.000         0.000         0.000         0.000         0.000


           Means
              M8            M9            M10           M11           M12
              ________      ________      ________      ________      ________
                0.000         0.000         0.000         0.000         0.000


           Means
              Y1            Y2            Y3            X1M10         X2M11
              ________      ________      ________      ________      ________
                0.600         0.857         1.059         0.000         0.000


           Means
              X3M12
              ________
                0.000


           Covariances
              X1            X2            X3            M1            M2
              ________      ________      ________      ________      ________
 X1             0.238
 X2             0.059         0.250
 X3             0.069         0.120         0.250
 M1             0.005         0.006         0.116         2.622
 M2             0.059        -0.044         0.016         0.568         2.773
 M3            -0.039        -0.032         0.018         0.440         0.397
 M4             0.024         0.145         0.115        -0.209        -0.209
 M5            -0.084         0.045         0.125        -0.091         0.339
 M6             0.110         0.182         0.062        -0.046         0.297
 M7             0.074         0.057         0.177        -0.055         0.098
 M8             0.050         0.000        -0.020         0.200         0.070
 M9            -0.055         0.118         0.118         0.206         0.155
 M10            0.024         0.245         0.085         0.141         0.341
 M11            0.075         0.104         0.224         0.048         0.022
 M12            0.040         0.150         0.130         0.230         0.180
 Y1             0.013         0.091         0.100         0.051         0.008
 Y2             0.099         0.017         0.035        -0.055         0.011
 Y3             0.032         0.133         0.152        -0.010        -0.037
 X1M10         -0.010         0.003         0.003         0.106        -0.055
 X2M11          0.035         0.002        -0.018         0.322        -0.012
 X3M12          0.005        -0.035        -0.012        -0.057         0.215


           Covariances
              M3            M4            M5            M6            M7
              ________      ________      ________      ________      ________
 M3             2.661
 M4            -0.017         2.490
 M5             0.137         0.150         2.410
 M6             0.221         0.432         0.358         2.508
 M7             0.104         0.312         0.318         0.089         2.361
 M8             0.320         0.550         0.390         0.630         0.100
 M9             0.551         0.263         0.497         0.611         0.194
 M10            0.303         0.000        -0.100         0.462         0.372
 M11            0.430         0.409         0.781         0.386         0.695
 M12            0.170         0.020         0.240         0.880         0.410
 Y1             0.273         0.091         0.244         0.064         0.100
 Y2            -0.154        -0.065         0.212         0.077         0.070
 Y3            -0.004         0.180         0.378         0.127         0.266
 X1M10         -0.026         0.042         0.051        -0.065        -0.103
 X2M11          0.157        -0.177        -0.039        -0.014        -0.156
 X3M12         -0.215        -0.130         0.038         0.087        -0.108


           Covariances
              M8            M9            M10           M11           M12
              ________      ________      ________      ________      ________
 M8             2.640
 M9             0.360         2.377
 M10            0.900         0.653         2.870
 M11            0.370         0.434         0.549         2.182
 M12            0.630         0.840         1.030         1.000         2.360
 Y1             0.206         0.137         0.382         0.365         0.381
 Y2             0.118         0.214         0.166         0.359         0.326
 Y3            -0.017         0.082         0.182         0.517         0.243
 X1M10          0.121        -0.197        -0.103        -0.158        -0.066
 X2M11         -0.001        -0.228        -0.096        -0.154        -0.147
 X3M12         -0.071        -0.191        -0.039         0.038         0.039


           Covariances
              Y1            Y2            Y3            X1M10         X2M11
              ________      ________      ________      ________      ________
 Y1             0.680
 Y2             0.318         0.865
 Y3             0.377         0.514         1.181
 X1M10         -0.073        -0.146        -0.129         0.572
 X2M11         -0.010        -0.033        -0.059         0.218         0.531
 X3M12         -0.054        -0.055        -0.130         0.112         0.029


           Covariances
              X3M12
              ________
 X3M12          0.674


           Correlations
              X1            X2            X3            M1            M2
              ________      ________      ________      ________      ________
 X1             1.000
 X2             0.242         1.000
 X3             0.283         0.480         1.000
 M1             0.006         0.007         0.143         1.000
 M2             0.073        -0.052         0.020         0.211         1.000
 M3            -0.049        -0.039         0.022         0.167         0.146
 M4             0.031         0.184         0.146        -0.082        -0.079
 M5            -0.111         0.058         0.161        -0.036         0.131
 M6             0.142         0.230         0.078        -0.018         0.112
 M7             0.098         0.074         0.230        -0.022         0.038
 M8             0.063         0.000        -0.025         0.076         0.026
 M9            -0.074         0.153         0.153         0.082         0.060
 M10            0.029         0.289         0.100         0.051         0.121
 M11            0.104         0.141         0.303         0.020         0.009
 M12            0.053         0.195         0.169         0.092         0.070
 Y1             0.031         0.221         0.242         0.039         0.006
 Y2             0.218         0.037         0.076        -0.037         0.007
 Y3             0.060         0.245         0.280        -0.006        -0.020
 X1M10         -0.028         0.007         0.007         0.086        -0.044
 X2M11          0.099         0.006        -0.051         0.272        -0.010
 X3M12          0.013        -0.085        -0.030        -0.043         0.157


           Correlations
              M3            M4            M5            M6            M7
              ________      ________      ________      ________      ________
 M3             1.000
 M4            -0.006         1.000
 M5             0.054         0.061         1.000
 M6             0.085         0.173         0.146         1.000
 M7             0.041         0.129         0.133         0.037         1.000
 M8             0.121         0.215         0.155         0.245         0.040
 M9             0.219         0.108         0.208         0.250         0.082
 M10            0.110         0.000        -0.038         0.172         0.143
 M11            0.178         0.176         0.341         0.165         0.306
 M12            0.068         0.008         0.101         0.362         0.174
 Y1             0.203         0.070         0.191         0.049         0.079
 Y2            -0.102        -0.044         0.147         0.052         0.049
 Y3            -0.002         0.105         0.224         0.074         0.159
 X1M10         -0.021         0.035         0.044        -0.054        -0.089
 X2M11          0.132        -0.154        -0.035        -0.012        -0.139
 X3M12         -0.161        -0.100         0.030         0.067        -0.085


           Correlations
              M8            M9            M10           M11           M12
              ________      ________      ________      ________      ________
 M8             1.000
 M9             0.144         1.000
 M10            0.327         0.250         1.000
 M11            0.154         0.191         0.219         1.000
 M12            0.252         0.355         0.396         0.441         1.000
 Y1             0.154         0.108         0.274         0.300         0.301
 Y2             0.078         0.149         0.106         0.262         0.228
 Y3            -0.010         0.049         0.099         0.322         0.146
 X1M10          0.099        -0.169        -0.081        -0.142        -0.057
 X2M11         -0.001        -0.203        -0.078        -0.143        -0.131
 X3M12         -0.053        -0.151        -0.028         0.032         0.031


           Correlations
              Y1            Y2            Y3            X1M10         X2M11
              ________      ________      ________      ________      ________
 Y1             1.000
 Y2             0.415         1.000
 Y3             0.420         0.508         1.000
 X1M10         -0.117        -0.207        -0.157         1.000
 X2M11         -0.017        -0.049        -0.074         0.396         1.000
 X3M12         -0.080        -0.072        -0.146         0.181         0.048


           Correlations
              X3M12
              ________
 X3M12          1.000


UNIVARIATE SAMPLE STATISTICS


     UNIVARIATE HIGHER-ORDER MOMENT DESCRIPTIVE STATISTICS

         Variable/         Mean/     Skewness/   Minimum/ % with                Percentiles
        Sample Size      Variance    Kurtosis    Maximum  Min/Max      20%/60%    40%/80%    Median

     X1                    0.000       0.451      -0.390   61.00%      -0.390     -0.390     -0.390
             100.000       0.238      -1.797       0.610   39.00%      -0.390      0.610
     X2                    0.000       0.040      -0.490   51.00%      -0.490     -0.490     -0.490
             100.000       0.250      -1.998       0.510   49.00%       0.510      0.510
     X3                    0.000       0.040      -0.490   51.00%      -0.490     -0.490     -0.490
             100.000       0.250      -1.998       0.510   49.00%       0.510      0.510
     M1                    0.000      -0.047      -2.090   25.00%      -2.090     -1.090     -0.090
             100.000       2.622      -1.631       1.910   32.00%       0.910      1.910
     M2                    0.000      -0.090      -2.130   27.00%      -2.130     -1.130     -0.130
             100.000       2.773      -1.663       1.870   36.00%       0.870      1.870
     M3                    0.000      -0.346      -2.330   25.00%      -2.330     -0.330      0.670
             100.000       2.661      -1.492       1.670   39.00%       0.670      1.670
     M4                    0.000      -0.029      -1.990   29.00%      -1.990     -0.990      0.010
             100.000       2.490      -1.535       2.010   26.00%       1.010      2.010
     M5                    0.000      -0.001      -2.010   26.00%      -2.010     -1.010     -0.010
             100.000       2.410      -1.490       1.990   27.00%       0.990      1.990
     M6                    0.000      -0.206      -2.180   25.00%      -2.180     -0.180     -0.180
             100.000       2.508      -1.511       1.820   31.00%       0.820      1.820
     M7                    0.000      -0.104      -2.170   20.00%      -2.170     -1.170     -0.170
             100.000       2.361      -1.501       1.830   31.00%       0.830      1.830
     M8                    0.000      -0.028      -2.000   30.00%      -2.000     -1.000      0.000
             100.000       2.640      -1.623       2.000   28.00%       1.000      2.000
     M9                    0.000      -0.326      -2.270   23.00%      -2.270     -0.270      0.730
             100.000       2.377      -1.376       1.730   31.00%       0.730      1.730
     M10                   0.000      -0.034      -1.990   35.00%      -1.990     -0.990      0.010
             100.000       2.870      -1.691       2.010   31.00%       1.010      2.010
     M11                   0.000       0.136      -1.910   23.00%      -1.910     -0.910      0.090
             100.000       2.182      -1.395       2.090   22.00%       0.090      2.090
     M12                   0.000       0.033      -2.000   25.00%      -2.000     -1.000      0.000
             100.000       2.360      -1.456       2.000   27.00%       0.000      2.000
     Y1                    0.600       0.281      -1.649    1.00%      -0.035      0.416      0.578
             100.000       0.680       1.210       3.506    1.00%       0.712      1.222
     Y2                    0.857       0.177      -1.324    1.00%       0.083      0.613      0.846
             100.000       0.865      -0.228       3.175    1.00%       1.100      1.614
     Y3                    1.059       0.743      -1.173    1.00%       0.258      0.691      0.917
             100.000       1.181       0.870       4.625    1.00%       1.131      1.848
     X1M10                 0.000      -0.270      -1.150    9.00%      -1.110     -0.130     -0.130
             100.000       0.572      -1.353       0.890   15.00%       0.360      0.850
     X2M11                 0.000      -0.174      -1.128   11.00%      -0.638     -0.148     -0.058
             100.000       0.531      -1.352       0.962   11.00%       0.342      0.832
     X3M12                 0.000      -0.074      -1.238   13.00%      -0.808     -0.418     -0.018
             100.000       0.674      -1.410       1.202   12.00%       0.362      0.752


     THIS ANALYSIS MAY HAVE MULTIPLE SOLUTIONS.  EXPLORE THIS USING RANDOM STARTS,
     FOR EXAMPLE, STARTS = 20.  USE A LARGE ENOUGH NUMBER OF STARTS SO THAT THE
     BEST FIT FUNCTION VALUE IS REPLICATED SEVERAL TIMES.


THE MODEL ESTIMATION TERMINATED NORMALLY

     THE STANDARD ERRORS OF THE MODEL PARAMETER ESTIMATES MAY NOT BE
     TRUSTWORTHY FOR SOME PARAMETERS DUE TO A NON-POSITIVE DEFINITE
     FIRST-ORDER DERIVATIVE PRODUCT MATRIX.  THIS MAY BE DUE TO THE STARTING
     VALUES BUT MAY ALSO BE AN INDICATION OF MODEL NONIDENTIFICATION.  THE
     CONDITION NUMBER IS       0.211D-19.  PROBLEM INVOLVING THE FOLLOWING PARAMETER:
     Parameter 40, X2

     THIS IS MOST LIKELY DUE TO VARIABLE X1 BEING DICHOTOMOUS BUT
     DECLARED AS CONTINUOUS.




MODEL FIT INFORMATION

Number of Free Parameters                       69

Loglikelihood

          H0 Value                       -3105.649
          H0 Scaling Correction Factor      0.8855
            for MLR
          H1 Value                       -3003.931
          H1 Scaling Correction Factor      0.9642
            for MLR

Information Criteria

          Akaike (AIC)                    6349.298
          Bayesian (BIC)                  6529.055
          Sample-Size Adjusted BIC        6311.135
            (n* = (n + 2) / 24)

Chi-Square Test of Model Fit

          Value                            204.694*
          Degrees of Freedom                   183
          P-Value                           0.1300
          Scaling Correction Factor         0.9938
            for MLR

*   The chi-square value for MLM, MLMV, MLR, ULSMV, WLSM and WLSMV cannot be used
    for chi-square difference testing in the regular way.  MLM, MLR and WLSM
    chi-square difference testing is described on the Mplus website.  MLMV, WLSMV,
    and ULSMV difference testing is done using the DIFFTEST option.

RMSEA (Root Mean Square Error Of Approximation)

          Estimate                           0.034
          90 Percent C.I.                    0.000  0.058
          Probability RMSEA <= .05           0.849

CFI/TLI

          CFI                                0.903
          TLI                                0.888

Chi-Square Test of Model Fit for the Baseline Model

          Value                            433.266
          Degrees of Freedom                   210
          P-Value                           0.0000

SRMR (Standardized Root Mean Square Residual)

          Value                              0.073



MODEL RESULTS

                                                    Two-Tailed
                    Estimate       S.E.  Est./S.E.    P-Value

 X        BY
    X3                 1.000      0.000    999.000    999.000
    X2                 0.875      0.245      3.567      0.000
    X1                 0.479      0.171      2.800      0.005

 M        BY
    M12                1.000      0.000    999.000    999.000
    M11                0.870      0.215      4.051      0.000
    M10                0.771      0.153      5.030      0.000
    M9                 0.675      0.179      3.774      0.000
    M8                 0.558      0.188      2.959      0.003
    M7                 0.449      0.193      2.331      0.020
    M6                 0.635      0.200      3.174      0.002
    M5                 0.457      0.227      2.012      0.044
    M4                 0.274      0.214      1.279      0.201
    M3                 0.322      0.199      1.620      0.105
    M2                 0.194      0.189      1.025      0.305
    M1                 0.145      0.191      0.762      0.446

 Y        BY
    Y3                 1.000      0.000    999.000    999.000
    Y2                 0.802      0.156      5.133      0.000
    Y1                 0.667      0.169      3.945      0.000

 XM       BY
    X3M12              1.000      0.000    999.000    999.000
    X2M11              1.949      1.194      1.632      0.103
    X1M10              4.455      4.466      0.998      0.318

 Y        ON
    X                  0.528      0.387      1.366      0.172
    M                  0.249      0.137      1.817      0.069
    XM                -1.017      0.774     -1.313      0.189

 X        WITH
    M                  0.169      0.059      2.865      0.004
    XM                 0.000      0.008      0.006      0.995

 M        WITH
    XM                -0.025      0.052     -0.483      0.629

 Intercepts
    X1                 0.000      0.049      0.000      1.000
    X2                 0.000      0.050      0.000      1.000
    X3                 0.000      0.050      0.000      1.000
    M1                 0.000      0.162      0.000      1.000
    M2                 0.000      0.167      0.000      1.000
    M3                 0.000      0.163      0.000      1.000
    M4                 0.000      0.158      0.000      1.000
    M5                 0.000      0.155      0.000      1.000
    M6                 0.000      0.158      0.000      1.000
    M7                 0.000      0.154      0.000      1.000
    M8                 0.000      0.162      0.000      1.000
    M9                 0.000      0.154      0.000      1.000
    M10                0.000      0.169      0.000      1.000
    M11                0.000      0.148      0.000      1.000
    M12                0.000      0.154      0.000      1.000
    Y1                 0.600      0.082      7.275      0.000
    Y2                 0.857      0.093      9.221      0.000
    Y3                 1.059      0.109      9.743      0.000
    X1M10              0.000      0.076      0.000      1.000
    X2M11              0.000      0.073      0.000      1.000
    X3M12              0.000      0.082      0.000      1.000

 Variances
    X                  0.138      0.044      3.150      0.002
    M                  1.117      0.325      3.439      0.001
    XM                 0.025      0.033      0.758      0.448

 Residual Variances
    X1                 0.206      0.022      9.273      0.000
    X2                 0.144      0.036      3.951      0.000
    X3                 0.111      0.044      2.530      0.011
    M1                 2.598      0.164     15.798      0.000
    M2                 2.731      0.177     15.410      0.000
    M3                 2.545      0.229     11.104      0.000
    M4                 2.406      0.189     12.716      0.000
    M5                 2.177      0.239      9.098      0.000
    M6                 2.057      0.295      6.983      0.000
    M7                 2.136      0.213     10.049      0.000
    M8                 2.293      0.241      9.498      0.000
    M9                 1.867      0.262      7.120      0.000
    M10                2.205      0.307      7.188      0.000
    M11                1.336      0.255      5.232      0.000
    M12                1.243      0.289      4.299      0.000
    Y1                 0.411      0.094      4.360      0.000
    Y2                 0.477      0.106      4.478      0.000
    Y3                 0.577      0.142      4.076      0.000
    X1M10              0.073      0.472      0.156      0.876
    X2M11              0.436      0.107      4.057      0.000
    X3M12              0.649      0.061     10.561      0.000
    Y                  0.413      0.169      2.443      0.015

New/Additional Parameters
    VAR_Y              0.604      0.201      3.012      0.003
    STD_B1             0.253      0.169      1.496      0.135
    STD_B2             0.339      0.182      1.868      0.062
    STD_B3            -0.515      0.389     -1.322      0.186


QUALITY OF NUMERICAL RESULTS

     Condition Number for the Information Matrix              0.410E-05
       (ratio of smallest to largest eigenvalue)


CONFIDENCE INTERVALS OF MODEL RESULTS

                  Lower .5%  Lower 2.5%    Lower 5%    Estimate    Upper 5%  Upper 2.5%   Upper .5%

 X        BY
    X3               1.000       1.000       1.000       1.000       1.000       1.000       1.000
    X2               0.243       0.394       0.471       0.875       1.278       1.355       1.506
    X1               0.038       0.144       0.198       0.479       0.761       0.815       0.920

 M        BY
    M12              1.000       1.000       1.000       1.000       1.000       1.000       1.000
    M11              0.317       0.449       0.517       0.870       1.223       1.291       1.423
    M10              0.376       0.471       0.519       0.771       1.024       1.072       1.166
    M9               0.214       0.325       0.381       0.675       0.970       1.026       1.136
    M8               0.072       0.188       0.248       0.558       0.867       0.927       1.043
    M7              -0.047       0.071       0.132       0.449       0.765       0.826       0.945
    M6               0.120       0.243       0.306       0.635       0.965       1.028       1.151
    M5              -0.128       0.012       0.083       0.457       0.830       0.902       1.041
    M4              -0.277      -0.146      -0.078       0.274       0.626       0.693       0.825
    M3              -0.190      -0.068      -0.005       0.322       0.650       0.712       0.835
    M2              -0.293      -0.176      -0.117       0.194       0.504       0.563       0.680
    M1              -0.346      -0.229      -0.169       0.145       0.460       0.520       0.637

 Y        BY
    Y3               1.000       1.000       1.000       1.000       1.000       1.000       1.000
    Y2               0.399       0.496       0.545       0.802       1.059       1.108       1.204
    Y1               0.232       0.336       0.389       0.667       0.945       0.998       1.102

 XM       BY
    X3M12            1.000       1.000       1.000       1.000       1.000       1.000       1.000
    X2M11           -1.127      -0.392      -0.016       1.949       3.913       4.289       5.024
    X1M10           -7.049      -4.298      -2.892       4.455      11.802      13.209      15.959

 Y        ON
    X               -0.468      -0.230      -0.108       0.528       1.164       1.286       1.524
    M               -0.104      -0.020       0.024       0.249       0.475       0.518       0.603
    XM              -3.011      -2.534      -2.290      -1.017       0.257       0.501       0.977

 X        WITH
    M                0.017       0.054       0.072       0.169       0.267       0.285       0.322
    XM              -0.020      -0.016      -0.013       0.000       0.013       0.016       0.021

 M        WITH
    XM              -0.159      -0.127      -0.110      -0.025       0.060       0.077       0.109

 Intercepts
    X1              -0.126      -0.096      -0.080       0.000       0.080       0.096       0.126
    X2              -0.129      -0.098      -0.082       0.000       0.082       0.098       0.129
    X3              -0.129      -0.098      -0.082       0.000       0.082       0.098       0.129
    M1              -0.417      -0.317      -0.266       0.000       0.266       0.317       0.417
    M2              -0.429      -0.326      -0.274       0.000       0.274       0.326       0.429
    M3              -0.420      -0.320      -0.268       0.000       0.268       0.320       0.420
    M4              -0.406      -0.309      -0.260       0.000       0.260       0.309       0.406
    M5              -0.400      -0.304      -0.255       0.000       0.255       0.304       0.400
    M6              -0.408      -0.310      -0.260       0.000       0.260       0.310       0.408
    M7              -0.396      -0.301      -0.253       0.000       0.253       0.301       0.396
    M8              -0.419      -0.318      -0.267       0.000       0.267       0.318       0.419
    M9              -0.397      -0.302      -0.254       0.000       0.254       0.302       0.397
    M10             -0.436      -0.332      -0.279       0.000       0.279       0.332       0.436
    M11             -0.380      -0.290      -0.243       0.000       0.243       0.290       0.380
    M12             -0.396      -0.301      -0.253       0.000       0.253       0.301       0.396
    Y1               0.387       0.438       0.464       0.600       0.736       0.762       0.812
    Y2               0.618       0.675       0.705       0.857       1.010       1.040       1.097
    Y3               0.779       0.846       0.880       1.059       1.238       1.272       1.339
    X1M10           -0.195      -0.148      -0.124       0.000       0.124       0.148       0.195
    X2M11           -0.188      -0.143      -0.120       0.000       0.120       0.143       0.188
    X3M12           -0.211      -0.161      -0.135       0.000       0.135       0.161       0.211

 Variances
    X                0.025       0.052       0.066       0.138       0.211       0.225       0.252
    M                0.280       0.480       0.583       1.117       1.652       1.754       1.954
    XM              -0.060      -0.040      -0.029       0.025       0.080       0.090       0.110

 Residual Variances
    X1               0.149       0.163       0.170       0.206       0.243       0.250       0.263
    X2               0.050       0.073       0.084       0.144       0.204       0.215       0.238
    X3              -0.002       0.025       0.039       0.111       0.184       0.198       0.225
    M1               2.175       2.276       2.328       2.598       2.869       2.921       3.022
    M2               2.275       2.384       2.440       2.731       3.023       3.079       3.188
    M3               1.955       2.096       2.168       2.545       2.922       2.994       3.135
    M4               1.919       2.035       2.095       2.406       2.717       2.777       2.894
    M5               1.561       1.708       1.783       2.177       2.570       2.646       2.793
    M6               1.298       1.479       1.572       2.057       2.541       2.634       2.815
    M7               1.589       1.720       1.786       2.136       2.486       2.553       2.684
    M8               1.671       1.820       1.896       2.293       2.690       2.766       2.914
    M9               1.192       1.353       1.436       1.867       2.299       2.381       2.543
    M10              1.415       1.604       1.700       2.205       2.710       2.806       2.995
    M11              0.678       0.836       0.916       1.336       1.757       1.837       1.994
    M12              0.498       0.676       0.767       1.243       1.718       1.809       1.987
    Y1               0.168       0.226       0.256       0.411       0.567       0.596       0.654
    Y2               0.202       0.268       0.301       0.477       0.652       0.685       0.751
    Y3               0.212       0.300       0.344       0.577       0.810       0.854       0.942
    X1M10           -1.141      -0.851      -0.702       0.073       0.849       0.998       1.288
    X2M11            0.159       0.225       0.259       0.436       0.613       0.647       0.713
    X3M12            0.490       0.528       0.548       0.649       0.750       0.769       0.807
    Y               -0.022       0.082       0.135       0.413       0.691       0.744       0.848

New/Additional Parameters
    VAR_Y            0.087       0.211       0.274       0.604       0.934       0.997       1.121
    STD_B1          -0.183      -0.078      -0.025       0.253       0.531       0.584       0.688
    STD_B2          -0.128      -0.017       0.041       0.339       0.638       0.695       0.807
    STD_B3          -1.517      -1.277      -1.155      -0.515       0.126       0.248       0.488


TECHNICAL 1 OUTPUT


     PARAMETER SPECIFICATION


           NU
              X1            X2            X3            M1            M2
              ________      ________      ________      ________      ________
                  1             2             3             4             5


           NU
              M3            M4            M5            M6            M7
              ________      ________      ________      ________      ________
                  6             7             8             9            10


           NU
              M8            M9            M10           M11           M12
              ________      ________      ________      ________      ________
                 11            12            13            14            15


           NU
              Y1            Y2            Y3            X1M10         X2M11
              ________      ________      ________      ________      ________
                 16            17            18            19            20


           NU
              X3M12
              ________
                 21


           LAMBDA
              X             M             Y             XM
              ________      ________      ________      ________
 X1                22             0             0             0
 X2                23             0             0             0
 X3                 0             0             0             0
 M1                 0            24             0             0
 M2                 0            25             0             0
 M3                 0            26             0             0
 M4                 0            27             0             0
 M5                 0            28             0             0
 M6                 0            29             0             0
 M7                 0            30             0             0
 M8                 0            31             0             0
 M9                 0            32             0             0
 M10                0            33             0             0
 M11                0            34             0             0
 M12                0             0             0             0
 Y1                 0             0            35             0
 Y2                 0             0            36             0
 Y3                 0             0             0             0
 X1M10              0             0             0            37
 X2M11              0             0             0            38
 X3M12              0             0             0             0


           THETA
              X1            X2            X3            M1            M2
              ________      ________      ________      ________      ________
 X1                39
 X2                 0            40
 X3                 0             0            41
 M1                 0             0             0            42
 M2                 0             0             0             0            43
 M3                 0             0             0             0             0
 M4                 0             0             0             0             0
 M5                 0             0             0             0             0
 M6                 0             0             0             0             0
 M7                 0             0             0             0             0
 M8                 0             0             0             0             0
 M9                 0             0             0             0             0
 M10                0             0             0             0             0
 M11                0             0             0             0             0
 M12                0             0             0             0             0
 Y1                 0             0             0             0             0
 Y2                 0             0             0             0             0
 Y3                 0             0             0             0             0
 X1M10              0             0             0             0             0
 X2M11              0             0             0             0             0
 X3M12              0             0             0             0             0


           THETA
              M3            M4            M5            M6            M7
              ________      ________      ________      ________      ________
 M3                44
 M4                 0            45
 M5                 0             0            46
 M6                 0             0             0            47
 M7                 0             0             0             0            48
 M8                 0             0             0             0             0
 M9                 0             0             0             0             0
 M10                0             0             0             0             0
 M11                0             0             0             0             0
 M12                0             0             0             0             0
 Y1                 0             0             0             0             0
 Y2                 0             0             0             0             0
 Y3                 0             0             0             0             0
 X1M10              0             0             0             0             0
 X2M11              0             0             0             0             0
 X3M12              0             0             0             0             0


           THETA
              M8            M9            M10           M11           M12
              ________      ________      ________      ________      ________
 M8                49
 M9                 0            50
 M10                0             0            51
 M11                0             0             0            52
 M12                0             0             0             0            53
 Y1                 0             0             0             0             0
 Y2                 0             0             0             0             0
 Y3                 0             0             0             0             0
 X1M10              0             0             0             0             0
 X2M11              0             0             0             0             0
 X3M12              0             0             0             0             0


           THETA
              Y1            Y2            Y3            X1M10         X2M11
              ________      ________      ________      ________      ________
 Y1                54
 Y2                 0            55
 Y3                 0             0            56
 X1M10              0             0             0            57
 X2M11              0             0             0             0            58
 X3M12              0             0             0             0             0


           THETA
              X3M12
              ________
 X3M12             59


           ALPHA
              X             M             Y             XM
              ________      ________      ________      ________
                  0             0             0             0


           BETA
              X             M             Y             XM
              ________      ________      ________      ________
 X                  0             0             0             0
 M                  0             0             0             0
 Y                 60            61             0            62
 XM                 0             0             0             0


           PSI
              X             M             Y             XM
              ________      ________      ________      ________
 X                 63
 M                 64            65
 Y                  0             0            66
 XM                67            68             0            69


     PARAMETER SPECIFICATION FOR THE ADDITIONAL PARAMETERS


           New/Additional Parameters
              VAR_Y         STD_B1        STD_B2        STD_B3
              ________      ________      ________      ________
                   70            71            72            73


     STARTING VALUES


           NU
              X1            X2            X3            M1            M2
              ________      ________      ________      ________      ________
                0.000         0.000         0.000         0.000         0.000


           NU
              M3            M4            M5            M6            M7
              ________      ________      ________      ________      ________
                0.000         0.000         0.000         0.000         0.000


           NU
              M8            M9            M10           M11           M12
              ________      ________      ________      ________      ________
                0.000         0.000         0.000         0.000         0.000


           NU
              Y1            Y2            Y3            X1M10         X2M11
              ________      ________      ________      ________      ________
                0.600         0.857         1.059         0.000         0.000


           NU
              X3M12
              ________
                0.000


           LAMBDA
              X             M             Y             XM
              ________      ________      ________      ________
 X1             0.491         0.000         0.000         0.000
 X2             0.855         0.000         0.000         0.000
 X3             1.000         0.000         0.000         0.000
 M1             0.000         2.276         0.000         0.000
 M2             0.000         0.950         0.000         0.000
 M3             0.000         1.650         0.000         0.000
 M4             0.000        -0.567         0.000         0.000
 M5             0.000         0.855         0.000         0.000
 M6             0.000         1.333         0.000         0.000
 M7             0.000         0.112         0.000         0.000
 M8             0.000         0.106         0.000         0.000
 M9             0.000         0.870         0.000         0.000
 M10            0.000         2.378         0.000         0.000
 M11            0.000         0.317         0.000         0.000
 M12            0.000         1.000         0.000         0.000
 Y1             0.000         0.000         0.619         0.000
 Y2             0.000         0.000         0.845         0.000
 Y3             0.000         0.000         1.000         0.000
 X1M10          0.000         0.000         0.000         7.583
 X2M11          0.000         0.000         0.000         1.949
 X3M12          0.000         0.000         0.000         1.000


           THETA
              X1            X2            X3            M1            M2
              ________      ________      ________      ________      ________
 X1             0.119
 X2             0.000         0.125
 X3             0.000         0.000         0.125
 M1             0.000         0.000         0.000         1.311
 M2             0.000         0.000         0.000         0.000         1.387
 M3             0.000         0.000         0.000         0.000         0.000
 M4             0.000         0.000         0.000         0.000         0.000
 M5             0.000         0.000         0.000         0.000         0.000
 M6             0.000         0.000         0.000         0.000         0.000
 M7             0.000         0.000         0.000         0.000         0.000
 M8             0.000         0.000         0.000         0.000         0.000
 M9             0.000         0.000         0.000         0.000         0.000
 M10            0.000         0.000         0.000         0.000         0.000
 M11            0.000         0.000         0.000         0.000         0.000
 M12            0.000         0.000         0.000         0.000         0.000
 Y1             0.000         0.000         0.000         0.000         0.000
 Y2             0.000         0.000         0.000         0.000         0.000
 Y3             0.000         0.000         0.000         0.000         0.000
 X1M10          0.000         0.000         0.000         0.000         0.000
 X2M11          0.000         0.000         0.000         0.000         0.000
 X3M12          0.000         0.000         0.000         0.000         0.000


           THETA
              M3            M4            M5            M6            M7
              ________      ________      ________      ________      ________
 M3             1.331
 M4             0.000         1.245
 M5             0.000         0.000         1.205
 M6             0.000         0.000         0.000         1.254
 M7             0.000         0.000         0.000         0.000         1.181
 M8             0.000         0.000         0.000         0.000         0.000
 M9             0.000         0.000         0.000         0.000         0.000
 M10            0.000         0.000         0.000         0.000         0.000
 M11            0.000         0.000         0.000         0.000         0.000
 M12            0.000         0.000         0.000         0.000         0.000
 Y1             0.000         0.000         0.000         0.000         0.000
 Y2             0.000         0.000         0.000         0.000         0.000
 Y3             0.000         0.000         0.000         0.000         0.000
 X1M10          0.000         0.000         0.000         0.000         0.000
 X2M11          0.000         0.000         0.000         0.000         0.000
 X3M12          0.000         0.000         0.000         0.000         0.000


           THETA
              M8            M9            M10           M11           M12
              ________      ________      ________      ________      ________
 M8             1.320
 M9             0.000         1.189
 M10            0.000         0.000         1.435
 M11            0.000         0.000         0.000         1.091
 M12            0.000         0.000         0.000         0.000         1.180
 Y1             0.000         0.000         0.000         0.000         0.000
 Y2             0.000         0.000         0.000         0.000         0.000
 Y3             0.000         0.000         0.000         0.000         0.000
 X1M10          0.000         0.000         0.000         0.000         0.000
 X2M11          0.000         0.000         0.000         0.000         0.000
 X3M12          0.000         0.000         0.000         0.000         0.000


           THETA
              Y1            Y2            Y3            X1M10         X2M11
              ________      ________      ________      ________      ________
 Y1             0.340
 Y2             0.000         0.432
 Y3             0.000         0.000         0.591
 X1M10          0.000         0.000         0.000         0.286
 X2M11          0.000         0.000         0.000         0.000         0.266
 X3M12          0.000         0.000         0.000         0.000         0.000


           THETA
              X3M12
              ________
 X3M12          0.337


           ALPHA
              X             M             Y             XM
              ________      ________      ________      ________
                0.000         0.000         0.000         0.000


           BETA
              X             M             Y             XM
              ________      ________      ________      ________
 X              0.000         0.000         0.000         0.000
 M              0.000         0.000         0.000         0.000
 Y              0.000         0.000         0.000         0.000
 XM             0.000         0.000         0.000         0.000


           PSI
              X             M             Y             XM
              ________      ________      ________      ________
 X              0.050
 M              0.000         0.050
 Y              0.000         0.000         0.050
 XM             0.000         0.000         0.000         0.050


     STARTING VALUES FOR THE ADDITIONAL PARAMETERS


           New/Additional Parameters
              VAR_Y         STD_B1        STD_B2        STD_B3
              ________      ________      ________      ________
                0.500         0.500         0.500         0.500


RESULTS SAVING INFORMATION

  Order of data

    Parameter estimates
     (saved in order shown in Technical 1 output)
    Standard errors
     (saved in order shown in Technical 1 output)
    Number of Free Parameters
    H0 Loglikelihood
    H0 Scaling Correction Factor for MLR
    H1 Loglikelihood
    H1 Scaling Correction Factor for MLR
    Akaike (AIC)
    Bayesian (BIC)
    Sample-Size Adjusted BIC
    Chi-square : Value
    Chi-square : Degrees of Freedom
    Chi-square : P-Value
    Chi-square : Scaling Correction Factor for MLR/MLM/WLSM
    CFI
    TLI
    RMSEA : Estimate
    RMSEA : Low CI
    RMSEA : High CI
    RMSEA : Probability
    SRMR
    Condition Number

  Save file
    matchupi_results_298.dat

  Save file format           Free


     Beginning Time:  17:17:57
        Ending Time:  17:17:59
       Elapsed Time:  00:00:02



MUTHEN & MUTHEN
3463 Stoner Ave.
Los Angeles, CA  90066

Tel: (310) 391-9971
Fax: (310) 391-8971
Web: www.StatModel.com
Support: Support@StatModel.com

Copyright (c) 1998-2022 Muthen & Muthen
