Mplus VERSION 8.8 (Mac)
MUTHEN & MUTHEN
07/27/2025   9:26 PM

INPUT INSTRUCTIONS


    TITLE: Matched-pair Unconstrained Product Indicator

    DATA:
      FILE = matchupi_simdat_1657.dat;
      FORMAT IS FREE;

    VARIABLE:
      NAMES = x1 x2 x3
      	    m1 m2 m3 m4 m5 m6
      	    m7 m8 m9 m10 m11 m12
      	    y1 y2 y3
      	    x1m10 x2m11 x3m12;
      USEVARIABLES = x1-x3m12;

    ANALYSIS:
      TYPE = general;
      ESTIMATOR = MLR;
    MODEL:
      !measurement model
      X BY x3 x2 x1;
      X (var_X);
      M BY m12 m11 m10 m9 m8 m7 m6 m5 m4 m3 m2 m1;
      M (var_M);
      Y BY y3 y2 y1;
      Y (resvar_Y);
      XM BY x3m12 x2m11 x1m10;
      XM (var_XM);

      !covariances between predictors
      X WITH M (cov_XM);
      X WITH XM (cov_XXM);
      M WITH XM (cov_MXM);

      !structural model
      Y ON X (b1);
      Y ON M (b2);
      Y ON XM (b3);

    MODEL CONSTRAINT:

      NEW(var_Y std_b1 std_b2 std_b3);
      var_Y = resvar_Y +
       (b1^2 * var_X +
        b2^2 * var_M +
        b3^2 * var_XM +
        2 * b1 * b2 * cov_XM +
        2 * b1 * b3 * cov_XXM +
        2 * b2 * b3 * cov_MXM);

        std_b1 = b1 * sqrt(var_X) / sqrt(var_Y);
        std_b2 = b2 * sqrt(var_M) / sqrt(var_Y);
        std_b3 = b3 * sqrt(var_X) * sqrt(var_M) / sqrt(var_Y);

    OUTPUT:
      sampstat tech1 CINTERVAL;

    SAVEDATA:
      RESULTS = matchupi_results_1657.dat;




INPUT READING TERMINATED NORMALLY



Matched-pair Unconstrained Product Indicator

SUMMARY OF ANALYSIS

Number of groups                                                 1
Number of observations                                         100

Number of dependent variables                                   21
Number of independent variables                                  0
Number of continuous latent variables                            4

Observed dependent variables

  Continuous
   X1          X2          X3          M1          M2          M3
   M4          M5          M6          M7          M8          M9
   M10         M11         M12         Y1          Y2          Y3
   X1M10       X2M11       X3M12

Continuous latent variables
   X           M           Y           XM


Estimator                                                      MLR
Information matrix                                        OBSERVED
Maximum number of iterations                                  1000
Convergence criterion                                    0.500D-04
Maximum number of steepest descent iterations                   20

Input data file(s)
  matchupi_simdat_1657.dat

Input data format  FREE


SAMPLE STATISTICS


     SAMPLE STATISTICS


           Means
              X1            X2            X3            M1            M2
              ________      ________      ________      ________      ________
                0.000         0.000         0.000         0.000         0.000


           Means
              M3            M4            M5            M6            M7
              ________      ________      ________      ________      ________
                0.000         0.000         0.000         0.000         0.000


           Means
              M8            M9            M10           M11           M12
              ________      ________      ________      ________      ________
                0.000         0.000         0.000         0.000         0.000


           Means
              Y1            Y2            Y3            X1M10         X2M11
              ________      ________      ________      ________      ________
                0.476         0.865         1.152         0.000         0.000


           Means
              X3M12
              ________
                0.000


           Covariances
              X1            X2            X3            M1            M2
              ________      ________      ________      ________      ________
 X1             0.249
 X2             0.020         0.250
 X3             0.070         0.090         0.250
 M1             0.074         0.039         0.041         2.846
 M2             0.039         0.110         0.070        -0.118         2.780
 M3             0.040        -0.027        -0.003        -0.292         0.074
 M4             0.015         0.035         0.025         0.139         0.220
 M5             0.010        -0.160        -0.030         0.490         0.570
 M6             0.007        -0.086         0.016         0.132         0.021
 M7            -0.001         0.070         0.090        -0.058         0.520
 M8            -0.008         0.056         0.104        -0.089         0.198
 M9            -0.083         0.148         0.092        -0.218         0.535
 M10           -0.077         0.012         0.038        -0.051         0.775
 M11           -0.001         0.047         0.073        -0.155         0.296
 M12            0.021         0.060         0.090        -0.022         0.570
 Y1             0.014         0.065         0.069         0.109        -0.075
 Y2             0.039         0.125         0.087         0.249         0.038
 Y3             0.101         0.107         0.108        -0.071         0.053
 X1M10          0.052         0.038         0.002         0.038         0.031
 X2M11          0.043        -0.001         0.021         0.024         0.171
 X3M12         -0.005         0.026         0.072         0.055        -0.219


           Covariances
              M3            M4            M5            M6            M7
              ________      ________      ________      ________      ________
 M3             2.418
 M4            -0.027         2.790
 M5             0.140         0.120         2.860
 M6             0.312         0.229         0.420         2.505
 M7            -0.066        -0.090         0.290         0.051         2.500
 M8             0.041         0.291        -0.010        -0.024         0.558
 M9             0.284         0.073         0.360         0.549         1.235
 M10            0.283         0.162         0.410         0.107         0.405
 M11            0.343         0.592         0.210         0.365         0.636
 M12            0.576         0.450         0.470         0.229         0.580
 Y1             0.227         0.184         0.044        -0.160         0.131
 Y2             0.288         0.200         0.266         0.039         0.322
 Y3             0.316         0.009         0.260         0.064         0.600
 X1M10         -0.040         0.048        -0.050         0.051        -0.144
 X2M11          0.060         0.006         0.179         0.210         0.039
 X3M12         -0.114        -0.211        -0.100        -0.005        -0.004


           Covariances
              M8            M9            M10           M11           M12
              ________      ________      ________      ________      ________
 M8             2.282
 M9             0.676         2.537
 M10            0.648         0.565         2.282
 M11            0.691         0.723         1.000         2.106
 M12            0.562         0.595         1.005         1.034         2.240
 Y1             0.210         0.051         0.239         0.295         0.154
 Y2             0.275         0.226         0.201         0.346         0.351
 Y3             0.585         0.486         0.342         0.424         0.328
 X1M10         -0.108         0.013         0.031        -0.027        -0.101
 X2M11         -0.126         0.076         0.028         0.083        -0.014
 X3M12          0.076         0.033        -0.087        -0.050        -0.084


           Covariances
              Y1            Y2            Y3            X1M10         X2M11
              ________      ________      ________      ________      ________
 Y1             0.684
 Y2             0.452         1.018
 Y3             0.443         0.745         1.267
 X1M10         -0.038        -0.046        -0.083         0.550
 X2M11          0.002        -0.038         0.022         0.121         0.522
 X3M12          0.034         0.028        -0.053         0.117         0.027


           Covariances
              X3M12
              ________
 X3M12          0.557


           Correlations
              X1            X2            X3            M1            M2
              ________      ________      ________      ________      ________
 X1             1.000
 X2             0.081         1.000
 X3             0.279         0.361         1.000
 M1             0.087         0.046         0.049         1.000
 M2             0.047         0.132         0.084        -0.042         1.000
 M3             0.052        -0.034        -0.004        -0.111         0.028
 M4             0.018         0.042         0.030         0.049         0.079
 M5             0.012        -0.189        -0.035         0.172         0.202
 M6             0.009        -0.108         0.020         0.049         0.008
 M7            -0.001         0.089         0.114        -0.022         0.197
 M8            -0.010         0.074         0.138        -0.035         0.079
 M9            -0.105         0.185         0.116        -0.081         0.201
 M10           -0.102         0.016         0.050        -0.020         0.308
 M11           -0.002         0.065         0.100        -0.063         0.122
 M12            0.028         0.080         0.121        -0.009         0.229
 Y1             0.035         0.157         0.166         0.078        -0.054
 Y2             0.078         0.248         0.172         0.147         0.022
 Y3             0.180         0.191         0.192        -0.038         0.028
 X1M10          0.139         0.102         0.005         0.031         0.025
 X2M11          0.120        -0.003         0.059         0.020         0.142
 X3M12         -0.012         0.070         0.193         0.043        -0.176


           Correlations
              M3            M4            M5            M6            M7
              ________      ________      ________      ________      ________
 M3             1.000
 M4            -0.010         1.000
 M5             0.053         0.042         1.000
 M6             0.127         0.087         0.157         1.000
 M7            -0.027        -0.034         0.108         0.021         1.000
 M8             0.018         0.115        -0.004        -0.010         0.234
 M9             0.115         0.027         0.134         0.218         0.490
 M10            0.121         0.064         0.160         0.045         0.170
 M11            0.152         0.244         0.086         0.159         0.277
 M12            0.248         0.180         0.186         0.097         0.245
 Y1             0.177         0.133         0.031        -0.122         0.100
 Y2             0.183         0.119         0.156         0.025         0.202
 Y3             0.181         0.005         0.136         0.036         0.337
 X1M10         -0.035         0.039        -0.040         0.043        -0.123
 X2M11          0.054         0.005         0.147         0.184         0.034
 X3M12         -0.098        -0.169        -0.079        -0.004        -0.004


           Correlations
              M8            M9            M10           M11           M12
              ________      ________      ________      ________      ________
 M8             1.000
 M9             0.281         1.000
 M10            0.284         0.235         1.000
 M11            0.315         0.313         0.456         1.000
 M12            0.249         0.250         0.444         0.476         1.000
 Y1             0.168         0.039         0.191         0.246         0.124
 Y2             0.180         0.141         0.132         0.236         0.233
 Y3             0.344         0.271         0.201         0.259         0.194
 X1M10         -0.097         0.011         0.028        -0.025        -0.091
 X2M11         -0.116         0.066         0.026         0.079        -0.013
 X3M12          0.068         0.028        -0.077        -0.046        -0.075


           Correlations
              Y1            Y2            Y3            X1M10         X2M11
              ________      ________      ________      ________      ________
 Y1             1.000
 Y2             0.541         1.000
 Y3             0.476         0.656         1.000
 X1M10         -0.062        -0.061        -0.099         1.000
 X2M11          0.003        -0.052         0.027         0.227         1.000
 X3M12          0.056         0.038        -0.063         0.212         0.050


           Correlations
              X3M12
              ________
 X3M12          1.000


UNIVARIATE SAMPLE STATISTICS


     UNIVARIATE HIGHER-ORDER MOMENT DESCRIPTIVE STATISTICS

         Variable/         Mean/     Skewness/   Minimum/ % with                Percentiles
        Sample Size      Variance    Kurtosis    Maximum  Min/Max      20%/60%    40%/80%    Median

     X1                    0.000       0.120      -0.470   53.00%      -0.470     -0.470     -0.470
             100.000       0.249      -1.986       0.530   47.00%       0.530      0.530
     X2                    0.000      -0.040      -0.510   49.00%      -0.510     -0.510      0.490
             100.000       0.250      -1.998       0.490   51.00%       0.490      0.490
     X3                    0.000       0.040      -0.490   51.00%      -0.490     -0.490     -0.490
             100.000       0.250      -1.998       0.510   49.00%       0.510      0.510
     M1                    0.000      -0.114      -2.120   30.00%      -2.120     -1.120     -0.120
             100.000       2.846      -1.667       1.880   36.00%       0.880      1.880
     M2                    0.000       0.032      -1.980   32.00%      -1.980     -0.980      0.020
             100.000       2.780      -1.646       2.020   32.00%       1.020      2.020
     M3                    0.000       0.254      -1.680   37.00%      -1.680     -0.680      0.320
             100.000       2.418      -1.466       2.320   19.00%       0.320      1.320
     M4                    0.000      -0.016      -2.010   32.00%      -2.010     -1.010     -0.010
             100.000       2.790      -1.655       1.990   32.00%       0.990      1.990
     M5                    0.000       0.025      -2.000   32.00%      -2.000     -1.000      0.000
             100.000       2.860      -1.682       2.000   34.00%       1.000      2.000
     M6                    0.000      -0.055      -2.070   25.00%      -2.070     -1.070     -0.070
             100.000       2.505      -1.570       1.930   29.00%       0.930      1.930
     M7                    0.000       0.018      -1.980   28.00%      -1.980     -0.980      0.020
             100.000       2.500      -1.544       2.020   27.00%       1.020      2.020
     M8                    0.000       0.066      -1.910   26.00%      -1.910     -0.910      0.090
             100.000       2.282      -1.483       2.090   21.00%       1.090      2.090
     M9                    0.000       0.224      -1.730   37.00%      -1.730     -0.730      0.270
             100.000       2.537      -1.516       2.270   22.00%       0.270      2.270
     M10                   0.000       0.220      -1.760   30.00%      -1.760     -0.760     -0.260
             100.000       2.282      -1.435       2.240   19.00%       0.240      1.240
     M11                   0.000       0.192      -1.790   27.00%      -1.790     -0.790      0.210
             100.000       2.106      -1.313       2.210   18.00%       0.210      1.210
     M12                   0.000       0.055      -2.020   21.00%      -2.020     -1.020     -0.020
             100.000       2.240      -1.433       1.980   26.00%      -0.020      1.980
     Y1                    0.476       0.430      -1.265    1.00%      -0.319      0.174      0.468
             100.000       0.684       0.125       2.860    1.00%       0.654      1.102
     Y2                    0.865       0.232      -1.433    1.00%      -0.021      0.581      0.778
             100.000       1.018      -0.082       3.657    1.00%       0.971      1.781
     Y3                    1.152       0.344      -1.246    1.00%       0.150      0.817      1.178
             100.000       1.267       0.254       4.853    1.00%       1.440      2.032
     X1M10                 0.000      -0.175      -1.120    7.00%      -1.060     -0.100     -0.080
             100.000       0.550      -1.392       0.920   13.00%       0.410      0.900
     X2M11                 0.000      -0.158      -1.174    8.00%      -0.924     -0.154      0.056
             100.000       0.522      -1.282       1.036   10.00%       0.356      0.866
     X3M12                 0.000       0.122      -0.976   13.00%      -0.856     -0.326     -0.036
             100.000       0.557      -1.420       1.264    6.00%       0.204      0.904


     THIS ANALYSIS MAY HAVE MULTIPLE SOLUTIONS.  EXPLORE THIS USING RANDOM STARTS,
     FOR EXAMPLE, STARTS = 20.  USE A LARGE ENOUGH NUMBER OF STARTS SO THAT THE
     BEST FIT FUNCTION VALUE IS REPLICATED SEVERAL TIMES.


THE MODEL ESTIMATION TERMINATED NORMALLY

     THE STANDARD ERRORS OF THE MODEL PARAMETER ESTIMATES MAY NOT BE
     TRUSTWORTHY FOR SOME PARAMETERS DUE TO A NON-POSITIVE DEFINITE
     FIRST-ORDER DERIVATIVE PRODUCT MATRIX.  THIS MAY BE DUE TO THE STARTING
     VALUES BUT MAY ALSO BE AN INDICATION OF MODEL NONIDENTIFICATION.  THE
     CONDITION NUMBER IS      -0.656D-13.  PROBLEM INVOLVING THE FOLLOWING PARAMETER:
     Parameter 40, X2

     THIS IS MOST LIKELY DUE TO VARIABLE X1 BEING DICHOTOMOUS BUT
     DECLARED AS CONTINUOUS.




MODEL FIT INFORMATION

Number of Free Parameters                       69

Loglikelihood

          H0 Value                       -3088.427
          H0 Scaling Correction Factor      0.8481
            for MLR
          H1 Value                       -3004.459
          H1 Scaling Correction Factor      0.9503
            for MLR

Information Criteria

          Akaike (AIC)                    6314.854
          Bayesian (BIC)                  6494.611
          Sample-Size Adjusted BIC        6276.691
            (n* = (n + 2) / 24)

Chi-Square Test of Model Fit

          Value                            169.825*
          Degrees of Freedom                   183
          P-Value                           0.7488
          Scaling Correction Factor         0.9889
            for MLR

*   The chi-square value for MLM, MLMV, MLR, ULSMV, WLSM and WLSMV cannot be used
    for chi-square difference testing in the regular way.  MLM, MLR and WLSM
    chi-square difference testing is described on the Mplus website.  MLMV, WLSMV,
    and ULSMV difference testing is done using the DIFFTEST option.

RMSEA (Root Mean Square Error Of Approximation)

          Estimate                           0.000
          90 Percent C.I.                    0.000  0.033
          Probability RMSEA <= .05           0.997

CFI/TLI

          CFI                                1.000
          TLI                                1.000

Chi-Square Test of Model Fit for the Baseline Model

          Value                            434.628
          Degrees of Freedom                   210
          P-Value                           0.0000

SRMR (Standardized Root Mean Square Residual)

          Value                              0.068



MODEL RESULTS

                                                    Two-Tailed
                    Estimate       S.E.  Est./S.E.    P-Value

 X        BY
    X3                 1.000      0.000    999.000    999.000
    X2                 0.756      0.336      2.250      0.024
    X1                 0.504      0.208      2.420      0.016

 M        BY
    M12                1.000      0.000    999.000    999.000
    M11                1.022      0.151      6.774      0.000
    M10                0.927      0.149      6.214      0.000
    M9                 0.816      0.236      3.457      0.001
    M8                 0.687      0.184      3.733      0.000
    M7                 0.722      0.229      3.149      0.002
    M6                 0.272      0.199      1.370      0.171
    M5                 0.392      0.210      1.862      0.063
    M4                 0.360      0.219      1.645      0.100
    M3                 0.367      0.175      2.096      0.036
    M2                 0.535      0.193      2.774      0.006
    M1                -0.068      0.187     -0.364      0.716

 Y        BY
    Y3                 1.000      0.000    999.000    999.000
    Y2                 0.926      0.133      6.961      0.000
    Y1                 0.576      0.106      5.437      0.000

 XM       BY
    X3M12              1.000      0.000    999.000    999.000
    X2M11              0.936      0.708      1.322      0.186
    X1M10              2.057      2.398      0.858      0.391

 Y        ON
    X                  0.920      0.722      1.273      0.203
    M                  0.335      0.151      2.220      0.026
    XM                -0.607      0.707     -0.860      0.390

 X        WITH
    M                  0.069      0.057      1.218      0.223
    XM                 0.018      0.038      0.463      0.643

 M        WITH
    XM                -0.020      0.057     -0.354      0.724

 Intercepts
    X1                 0.000      0.050      0.000      1.000
    X2                 0.000      0.050      0.000      1.000
    X3                 0.000      0.050      0.000      1.000
    M1                 0.000      0.169      0.000      1.000
    M2                 0.000      0.167      0.000      1.000
    M3                 0.000      0.155      0.000      1.000
    M4                 0.000      0.167      0.000      1.000
    M5                 0.000      0.169      0.000      1.000
    M6                 0.000      0.158      0.000      1.000
    M7                 0.000      0.158      0.000      1.000
    M8                 0.000      0.151      0.000      1.000
    M9                 0.000      0.159      0.000      1.000
    M10                0.000      0.151      0.000      1.000
    M11                0.000      0.145      0.000      1.000
    M12                0.000      0.150      0.000      1.000
    Y1                 0.476      0.083      5.762      0.000
    Y2                 0.865      0.101      8.578      0.000
    Y3                 1.152      0.113     10.236      0.000
    X1M10              0.000      0.074      0.000      1.000
    X2M11              0.000      0.072      0.000      1.000
    X3M12              0.000      0.075      0.000      1.000

 Variances
    X                  0.117      0.056      2.087      0.037
    M                  0.965      0.249      3.876      0.000
    XM                 0.058      0.080      0.721      0.471

 Residual Variances
    X1                 0.219      0.024      9.175      0.000
    X2                 0.183      0.037      4.923      0.000
    X3                 0.133      0.056      2.363      0.018
    M1                 2.841      0.165     17.175      0.000
    M2                 2.504      0.233     10.750      0.000
    M3                 2.287      0.205     11.175      0.000
    M4                 2.665      0.216     12.357      0.000
    M5                 2.712      0.212     12.766      0.000
    M6                 2.434      0.192     12.685      0.000
    M7                 1.997      0.242      8.263      0.000
    M8                 1.826      0.222      8.225      0.000
    M9                 1.895      0.294      6.435      0.000
    M10                1.453      0.240      6.051      0.000
    M11                1.098      0.195      5.628      0.000
    M12                1.274      0.209      6.103      0.000
    Y1                 0.416      0.074      5.596      0.000
    Y2                 0.326      0.098      3.322      0.001
    Y3                 0.460      0.127      3.615      0.000
    X1M10              0.304      0.274      1.111      0.266
    X2M11              0.472      0.057      8.343      0.000
    X3M12              0.499      0.075      6.624      0.000
    Y                  0.548      0.161      3.398      0.001

New/Additional Parameters
    VAR_Y              0.807      0.223      3.618      0.000
    STD_B1             0.351      0.199      1.758      0.079
    STD_B2             0.366      0.135      2.711      0.007
    STD_B3            -0.227      0.247     -0.921      0.357


QUALITY OF NUMERICAL RESULTS

     Condition Number for the Information Matrix              0.485E-04
       (ratio of smallest to largest eigenvalue)


CONFIDENCE INTERVALS OF MODEL RESULTS

                  Lower .5%  Lower 2.5%    Lower 5%    Estimate    Upper 5%  Upper 2.5%   Upper .5%

 X        BY
    X3               1.000       1.000       1.000       1.000       1.000       1.000       1.000
    X2              -0.109       0.097       0.203       0.756       1.308       1.414       1.621
    X1              -0.032       0.096       0.161       0.504       0.846       0.912       1.040

 M        BY
    M12              1.000       1.000       1.000       1.000       1.000       1.000       1.000
    M11              0.633       0.726       0.774       1.022       1.270       1.318       1.411
    M10              0.543       0.635       0.682       0.927       1.172       1.219       1.311
    M9               0.208       0.353       0.428       0.816       1.204       1.278       1.423
    M8               0.213       0.326       0.384       0.687       0.990       1.048       1.162
    M7               0.131       0.272       0.345       0.722       1.099       1.171       1.312
    M6              -0.240      -0.117      -0.055       0.272       0.599       0.662       0.784
    M5              -0.150      -0.021       0.046       0.392       0.738       0.805       0.934
    M4              -0.204      -0.069       0.000       0.360       0.720       0.789       0.924
    M3              -0.084       0.024       0.079       0.367       0.656       0.711       0.819
    M2               0.038       0.157       0.218       0.535       0.852       0.912       1.031
    M1              -0.550      -0.435      -0.376      -0.068       0.240       0.299       0.414

 Y        BY
    Y3               1.000       1.000       1.000       1.000       1.000       1.000       1.000
    Y2               0.583       0.665       0.707       0.926       1.145       1.187       1.269
    Y1               0.303       0.368       0.402       0.576       0.750       0.784       0.849

 XM       BY
    X3M12            1.000       1.000       1.000       1.000       1.000       1.000       1.000
    X2M11           -0.887      -0.451      -0.228       0.936       2.100       2.322       2.758
    X1M10           -4.119      -2.643      -1.887       2.057       6.002       6.757       8.234

 Y        ON
    X               -0.941      -0.496      -0.269       0.920       2.108       2.336       2.781
    M               -0.054       0.039       0.087       0.335       0.583       0.630       0.723
    XM              -2.427      -1.992      -1.770      -0.607       0.555       0.777       1.212

 X        WITH
    M               -0.077      -0.042      -0.024       0.069       0.163       0.180       0.215
    XM              -0.081      -0.058      -0.045       0.018       0.081       0.093       0.117

 M        WITH
    XM              -0.166      -0.131      -0.113      -0.020       0.073       0.091       0.126

 Intercepts
    X1              -0.129      -0.098      -0.082       0.000       0.082       0.098       0.129
    X2              -0.129      -0.098      -0.082       0.000       0.082       0.098       0.129
    X3              -0.129      -0.098      -0.082       0.000       0.082       0.098       0.129
    M1              -0.435      -0.331      -0.277       0.000       0.277       0.331       0.435
    M2              -0.429      -0.327      -0.274       0.000       0.274       0.327       0.429
    M3              -0.401      -0.305      -0.256       0.000       0.256       0.305       0.401
    M4              -0.430      -0.327      -0.275       0.000       0.275       0.327       0.430
    M5              -0.436      -0.331      -0.278       0.000       0.278       0.331       0.436
    M6              -0.408      -0.310      -0.260       0.000       0.260       0.310       0.408
    M7              -0.407      -0.310      -0.260       0.000       0.260       0.310       0.407
    M8              -0.389      -0.296      -0.248       0.000       0.248       0.296       0.389
    M9              -0.410      -0.312      -0.262       0.000       0.262       0.312       0.410
    M10             -0.389      -0.296      -0.249       0.000       0.249       0.296       0.389
    M11             -0.374      -0.284      -0.239       0.000       0.239       0.284       0.374
    M12             -0.385      -0.293      -0.246       0.000       0.246       0.293       0.385
    Y1               0.263       0.314       0.340       0.476       0.612       0.639       0.689
    Y2               0.606       0.668       0.699       0.865       1.031       1.063       1.125
    Y3               0.862       0.931       0.967       1.152       1.337       1.373       1.442
    X1M10           -0.191      -0.145      -0.122       0.000       0.122       0.145       0.191
    X2M11           -0.186      -0.142      -0.119       0.000       0.119       0.142       0.186
    X3M12           -0.192      -0.146      -0.123       0.000       0.123       0.146       0.192

 Variances
    X               -0.027       0.007       0.025       0.117       0.210       0.227       0.262
    M                0.324       0.477       0.556       0.965       1.375       1.453       1.607
    XM              -0.149      -0.100      -0.074       0.058       0.190       0.215       0.265

 Residual Variances
    X1               0.158       0.172       0.180       0.219       0.259       0.266       0.281
    X2               0.087       0.110       0.122       0.183       0.244       0.256       0.279
    X3              -0.012       0.023       0.040       0.133       0.225       0.243       0.277
    M1               2.415       2.517       2.569       2.841       3.113       3.165       3.267
    M2               1.904       2.047       2.121       2.504       2.887       2.960       3.103
    M3               1.760       1.886       1.951       2.287       2.624       2.688       2.814
    M4               2.109       2.242       2.310       2.665       3.020       3.088       3.220
    M5               2.165       2.295       2.362       2.712       3.061       3.128       3.259
    M6               1.939       2.058       2.118       2.434       2.749       2.810       2.928
    M7               1.374       1.523       1.599       1.997       2.394       2.471       2.619
    M8               1.254       1.391       1.461       1.826       2.191       2.261       2.398
    M9               1.136       1.318       1.410       1.895       2.379       2.472       2.653
    M10              0.834       0.982       1.058       1.453       1.848       1.923       2.071
    M11              0.595       0.715       0.777       1.098       1.419       1.480       1.600
    M12              0.736       0.865       0.931       1.274       1.618       1.683       1.812
    Y1               0.225       0.270       0.294       0.416       0.538       0.562       0.608
    Y2               0.073       0.134       0.165       0.326       0.487       0.518       0.579
    Y3               0.132       0.210       0.250       0.460       0.669       0.709       0.787
    X1M10           -0.401      -0.232      -0.146       0.304       0.755       0.841       1.010
    X2M11            0.326       0.361       0.379       0.472       0.565       0.582       0.617
    X3M12            0.305       0.352       0.375       0.499       0.623       0.647       0.694
    Y                0.133       0.232       0.282       0.548       0.813       0.863       0.963

New/Additional Parameters
    VAR_Y            0.233       0.370       0.440       0.807       1.174       1.244       1.382
    STD_B1          -0.163      -0.040       0.023       0.351       0.679       0.741       0.864
    STD_B2           0.018       0.101       0.144       0.366       0.588       0.631       0.714
    STD_B3          -0.863      -0.711      -0.634      -0.227       0.179       0.256       0.408


TECHNICAL 1 OUTPUT


     PARAMETER SPECIFICATION


           NU
              X1            X2            X3            M1            M2
              ________      ________      ________      ________      ________
                  1             2             3             4             5


           NU
              M3            M4            M5            M6            M7
              ________      ________      ________      ________      ________
                  6             7             8             9            10


           NU
              M8            M9            M10           M11           M12
              ________      ________      ________      ________      ________
                 11            12            13            14            15


           NU
              Y1            Y2            Y3            X1M10         X2M11
              ________      ________      ________      ________      ________
                 16            17            18            19            20


           NU
              X3M12
              ________
                 21


           LAMBDA
              X             M             Y             XM
              ________      ________      ________      ________
 X1                22             0             0             0
 X2                23             0             0             0
 X3                 0             0             0             0
 M1                 0            24             0             0
 M2                 0            25             0             0
 M3                 0            26             0             0
 M4                 0            27             0             0
 M5                 0            28             0             0
 M6                 0            29             0             0
 M7                 0            30             0             0
 M8                 0            31             0             0
 M9                 0            32             0             0
 M10                0            33             0             0
 M11                0            34             0             0
 M12                0             0             0             0
 Y1                 0             0            35             0
 Y2                 0             0            36             0
 Y3                 0             0             0             0
 X1M10              0             0             0            37
 X2M11              0             0             0            38
 X3M12              0             0             0             0


           THETA
              X1            X2            X3            M1            M2
              ________      ________      ________      ________      ________
 X1                39
 X2                 0            40
 X3                 0             0            41
 M1                 0             0             0            42
 M2                 0             0             0             0            43
 M3                 0             0             0             0             0
 M4                 0             0             0             0             0
 M5                 0             0             0             0             0
 M6                 0             0             0             0             0
 M7                 0             0             0             0             0
 M8                 0             0             0             0             0
 M9                 0             0             0             0             0
 M10                0             0             0             0             0
 M11                0             0             0             0             0
 M12                0             0             0             0             0
 Y1                 0             0             0             0             0
 Y2                 0             0             0             0             0
 Y3                 0             0             0             0             0
 X1M10              0             0             0             0             0
 X2M11              0             0             0             0             0
 X3M12              0             0             0             0             0


           THETA
              M3            M4            M5            M6            M7
              ________      ________      ________      ________      ________
 M3                44
 M4                 0            45
 M5                 0             0            46
 M6                 0             0             0            47
 M7                 0             0             0             0            48
 M8                 0             0             0             0             0
 M9                 0             0             0             0             0
 M10                0             0             0             0             0
 M11                0             0             0             0             0
 M12                0             0             0             0             0
 Y1                 0             0             0             0             0
 Y2                 0             0             0             0             0
 Y3                 0             0             0             0             0
 X1M10              0             0             0             0             0
 X2M11              0             0             0             0             0
 X3M12              0             0             0             0             0


           THETA
              M8            M9            M10           M11           M12
              ________      ________      ________      ________      ________
 M8                49
 M9                 0            50
 M10                0             0            51
 M11                0             0             0            52
 M12                0             0             0             0            53
 Y1                 0             0             0             0             0
 Y2                 0             0             0             0             0
 Y3                 0             0             0             0             0
 X1M10              0             0             0             0             0
 X2M11              0             0             0             0             0
 X3M12              0             0             0             0             0


           THETA
              Y1            Y2            Y3            X1M10         X2M11
              ________      ________      ________      ________      ________
 Y1                54
 Y2                 0            55
 Y3                 0             0            56
 X1M10              0             0             0            57
 X2M11              0             0             0             0            58
 X3M12              0             0             0             0             0


           THETA
              X3M12
              ________
 X3M12             59


           ALPHA
              X             M             Y             XM
              ________      ________      ________      ________
                  0             0             0             0


           BETA
              X             M             Y             XM
              ________      ________      ________      ________
 X                  0             0             0             0
 M                  0             0             0             0
 Y                 60            61             0            62
 XM                 0             0             0             0


           PSI
              X             M             Y             XM
              ________      ________      ________      ________
 X                 63
 M                 64            65
 Y                  0             0            66
 XM                67            68             0            69


     PARAMETER SPECIFICATION FOR THE ADDITIONAL PARAMETERS


           New/Additional Parameters
              VAR_Y         STD_B1        STD_B2        STD_B3
              ________      ________      ________      ________
                   70            71            72            73


     STARTING VALUES


           NU
              X1            X2            X3            M1            M2
              ________      ________      ________      ________      ________
                0.000         0.000         0.000         0.000         0.000


           NU
              M3            M4            M5            M6            M7
              ________      ________      ________      ________      ________
                0.000         0.000         0.000         0.000         0.000


           NU
              M8            M9            M10           M11           M12
              ________      ________      ________      ________      ________
                0.000         0.000         0.000         0.000         0.000


           NU
              Y1            Y2            Y3            X1M10         X2M11
              ________      ________      ________      ________      ________
                0.476         0.865         1.152         0.000         0.000


           NU
              X3M12
              ________
                0.000


           LAMBDA
              X             M             Y             XM
              ________      ________      ________      ________
 X1             0.225         0.000         0.000         0.000
 X2             0.291         0.000         0.000         0.000
 X3             1.000         0.000         0.000         0.000
 M1             0.000        -2.563         0.000         0.000
 M2             0.000        -0.750         0.000         0.000
 M3             0.000         0.428         0.000         0.000
 M4             0.000         0.059         0.000         0.000
 M5             0.000        -0.081         0.000         0.000
 M6             0.000         0.101         0.000         0.000
 M7             0.000         1.499         0.000         0.000
 M8             0.000         1.213         0.000         0.000
 M9             0.000         0.800         0.000         0.000
 M10            0.000         1.145         0.000         0.000
 M11            0.000         0.590         0.000         0.000
 M12            0.000         1.000         0.000         0.000
 Y1             0.000         0.000         0.607         0.000
 Y2             0.000         0.000         1.020         0.000
 Y3             0.000         0.000         1.000         0.000
 X1M10          0.000         0.000         0.000         4.499
 X2M11          0.000         0.000         0.000         1.035
 X3M12          0.000         0.000         0.000         1.000


           THETA
              X1            X2            X3            M1            M2
              ________      ________      ________      ________      ________
 X1             0.125
 X2             0.000         0.125
 X3             0.000         0.000         0.125
 M1             0.000         0.000         0.000         1.423
 M2             0.000         0.000         0.000         0.000         1.390
 M3             0.000         0.000         0.000         0.000         0.000
 M4             0.000         0.000         0.000         0.000         0.000
 M5             0.000         0.000         0.000         0.000         0.000
 M6             0.000         0.000         0.000         0.000         0.000
 M7             0.000         0.000         0.000         0.000         0.000
 M8             0.000         0.000         0.000         0.000         0.000
 M9             0.000         0.000         0.000         0.000         0.000
 M10            0.000         0.000         0.000         0.000         0.000
 M11            0.000         0.000         0.000         0.000         0.000
 M12            0.000         0.000         0.000         0.000         0.000
 Y1             0.000         0.000         0.000         0.000         0.000
 Y2             0.000         0.000         0.000         0.000         0.000
 Y3             0.000         0.000         0.000         0.000         0.000
 X1M10          0.000         0.000         0.000         0.000         0.000
 X2M11          0.000         0.000         0.000         0.000         0.000
 X3M12          0.000         0.000         0.000         0.000         0.000


           THETA
              M3            M4            M5            M6            M7
              ________      ________      ________      ________      ________
 M3             1.209
 M4             0.000         1.395
 M5             0.000         0.000         1.430
 M6             0.000         0.000         0.000         1.253
 M7             0.000         0.000         0.000         0.000         1.250
 M8             0.000         0.000         0.000         0.000         0.000
 M9             0.000         0.000         0.000         0.000         0.000
 M10            0.000         0.000         0.000         0.000         0.000
 M11            0.000         0.000         0.000         0.000         0.000
 M12            0.000         0.000         0.000         0.000         0.000
 Y1             0.000         0.000         0.000         0.000         0.000
 Y2             0.000         0.000         0.000         0.000         0.000
 Y3             0.000         0.000         0.000         0.000         0.000
 X1M10          0.000         0.000         0.000         0.000         0.000
 X2M11          0.000         0.000         0.000         0.000         0.000
 X3M12          0.000         0.000         0.000         0.000         0.000


           THETA
              M8            M9            M10           M11           M12
              ________      ________      ________      ________      ________
 M8             1.141
 M9             0.000         1.269
 M10            0.000         0.000         1.141
 M11            0.000         0.000         0.000         1.053
 M12            0.000         0.000         0.000         0.000         1.120
 Y1             0.000         0.000         0.000         0.000         0.000
 Y2             0.000         0.000         0.000         0.000         0.000
 Y3             0.000         0.000         0.000         0.000         0.000
 X1M10          0.000         0.000         0.000         0.000         0.000
 X2M11          0.000         0.000         0.000         0.000         0.000
 X3M12          0.000         0.000         0.000         0.000         0.000


           THETA
              Y1            Y2            Y3            X1M10         X2M11
              ________      ________      ________      ________      ________
 Y1             0.342
 Y2             0.000         0.509
 Y3             0.000         0.000         0.633
 X1M10          0.000         0.000         0.000         0.275
 X2M11          0.000         0.000         0.000         0.000         0.261
 X3M12          0.000         0.000         0.000         0.000         0.000


           THETA
              X3M12
              ________
 X3M12          0.279


           ALPHA
              X             M             Y             XM
              ________      ________      ________      ________
                0.000         0.000         0.000         0.000


           BETA
              X             M             Y             XM
              ________      ________      ________      ________
 X              0.000         0.000         0.000         0.000
 M              0.000         0.000         0.000         0.000
 Y              0.000         0.000         0.000         0.000
 XM             0.000         0.000         0.000         0.000


           PSI
              X             M             Y             XM
              ________      ________      ________      ________
 X              0.050
 M              0.000         0.050
 Y              0.000         0.000         0.050
 XM             0.000         0.000         0.000         0.050


     STARTING VALUES FOR THE ADDITIONAL PARAMETERS


           New/Additional Parameters
              VAR_Y         STD_B1        STD_B2        STD_B3
              ________      ________      ________      ________
                0.500         0.500         0.500         0.500


RESULTS SAVING INFORMATION

  Order of data

    Parameter estimates
     (saved in order shown in Technical 1 output)
    Standard errors
     (saved in order shown in Technical 1 output)
    Number of Free Parameters
    H0 Loglikelihood
    H0 Scaling Correction Factor for MLR
    H1 Loglikelihood
    H1 Scaling Correction Factor for MLR
    Akaike (AIC)
    Bayesian (BIC)
    Sample-Size Adjusted BIC
    Chi-square : Value
    Chi-square : Degrees of Freedom
    Chi-square : P-Value
    Chi-square : Scaling Correction Factor for MLR/MLM/WLSM
    CFI
    TLI
    RMSEA : Estimate
    RMSEA : Low CI
    RMSEA : High CI
    RMSEA : Probability
    SRMR
    Condition Number

  Save file
    matchupi_results_1657.dat

  Save file format           Free


     Beginning Time:  21:26:27
        Ending Time:  21:26:28
       Elapsed Time:  00:00:01



MUTHEN & MUTHEN
3463 Stoner Ave.
Los Angeles, CA  90066

Tel: (310) 391-9971
Fax: (310) 391-8971
Web: www.StatModel.com
Support: Support@StatModel.com

Copyright (c) 1998-2022 Muthen & Muthen
