Mplus VERSION 8.8 (Mac)
MUTHEN & MUTHEN
07/27/2025   3:30 PM

INPUT INSTRUCTIONS


    TITLE: Matched-pair Unconstrained Product Indicator

    DATA:
      FILE = matchupi_simdat_1148.dat;
      FORMAT IS FREE;

    VARIABLE:
      NAMES = x1 x2 x3
      	    m1 m2 m3 m4 m5 m6
      	    m7 m8 m9 m10 m11 m12
      	    y1 y2 y3
      	    x1m10 x2m11 x3m12;
      USEVARIABLES = x1-x3m12;

    ANALYSIS:
      TYPE = general;
      ESTIMATOR = MLR;
    MODEL:
      !measurement model
      X BY x3 x2 x1;
      X (var_X);
      M BY m12 m11 m10 m9 m8 m7 m6 m5 m4 m3 m2 m1;
      M (var_M);
      Y BY y3 y2 y1;
      Y (resvar_Y);
      XM BY x3m12 x2m11 x1m10;
      XM (var_XM);

      !covariances between predictors
      X WITH M (cov_XM);
      X WITH XM (cov_XXM);
      M WITH XM (cov_MXM);

      !structural model
      Y ON X (b1);
      Y ON M (b2);
      Y ON XM (b3);

    MODEL CONSTRAINT:

      NEW(var_Y std_b1 std_b2 std_b3);
      var_Y = resvar_Y +
       (b1^2 * var_X +
        b2^2 * var_M +
        b3^2 * var_XM +
        2 * b1 * b2 * cov_XM +
        2 * b1 * b3 * cov_XXM +
        2 * b2 * b3 * cov_MXM);

        std_b1 = b1 * sqrt(var_X) / sqrt(var_Y);
        std_b2 = b2 * sqrt(var_M) / sqrt(var_Y);
        std_b3 = b3 * sqrt(var_X) * sqrt(var_M) / sqrt(var_Y);

    OUTPUT:
      sampstat tech1 CINTERVAL;

    SAVEDATA:
      RESULTS = matchupi_results_1148.dat;




INPUT READING TERMINATED NORMALLY



Matched-pair Unconstrained Product Indicator

SUMMARY OF ANALYSIS

Number of groups                                                 1
Number of observations                                         100

Number of dependent variables                                   21
Number of independent variables                                  0
Number of continuous latent variables                            4

Observed dependent variables

  Continuous
   X1          X2          X3          M1          M2          M3
   M4          M5          M6          M7          M8          M9
   M10         M11         M12         Y1          Y2          Y3
   X1M10       X2M11       X3M12

Continuous latent variables
   X           M           Y           XM


Estimator                                                      MLR
Information matrix                                        OBSERVED
Maximum number of iterations                                  1000
Convergence criterion                                    0.500D-04
Maximum number of steepest descent iterations                   20

Input data file(s)
  matchupi_simdat_1148.dat

Input data format  FREE


SAMPLE STATISTICS


     SAMPLE STATISTICS


           Means
              X1            X2            X3            M1            M2
              ________      ________      ________      ________      ________
                0.000         0.000         0.000         0.000         0.000


           Means
              M3            M4            M5            M6            M7
              ________      ________      ________      ________      ________
                0.000         0.000         0.000         0.000         0.000


           Means
              M8            M9            M10           M11           M12
              ________      ________      ________      ________      ________
                0.000         0.000         0.000         0.000         0.000


           Means
              Y1            Y2            Y3            X1M10         X2M11
              ________      ________      ________      ________      ________
                0.565         0.905         1.135         0.000         0.000


           Means
              X3M12
              ________
                0.000


           Covariances
              X1            X2            X3            M1            M2
              ________      ________      ________      ________      ________
 X1             0.250
 X2             0.085         0.247
 X3             0.105         0.139         0.250
 M1             0.105         0.055         0.103         2.586
 M2            -0.025        -0.075         0.053        -0.110         2.814
 M3             0.070         0.004         0.019        -0.045         0.297
 M4             0.030         0.086         0.111         0.195         0.103
 M5             0.040         0.031        -0.030         0.514         0.024
 M6             0.035         0.011        -0.066         0.231         0.503
 M7             0.025         0.044         0.093         0.776         0.320
 M8             0.155        -0.095        -0.025         0.438         0.018
 M9             0.065         0.000         0.094         0.161         0.313
 M10            0.180         0.015         0.139         0.499         0.531
 M11            0.055        -0.025         0.115         0.192         0.292
 M12            0.095         0.100         0.084         0.207         0.329
 Y1             0.064         0.074         0.077         0.224        -0.227
 Y2             0.067         0.071         0.098         0.357         0.023
 Y3             0.161         0.046         0.153         0.155         0.339
 X1M10          0.050         0.073         0.002        -0.124        -0.220
 X2M11         -0.006        -0.002         0.077        -0.011        -0.014
 X3M12          0.000         0.002        -0.013         0.008        -0.113


           Covariances
              M3            M4            M5            M6            M7
              ________      ________      ________      ________      ________
 M3             2.626
 M4             0.184         2.466
 M5             0.132         0.578         2.460
 M6            -0.131         0.111         0.322         2.482
 M7            -0.065         0.325         0.344         0.251         2.126
 M8             0.469         0.401         0.660         0.129         0.068
 M9            -0.161         0.581         0.442         0.242         0.551
 M10            0.698         0.612         0.632         0.291         0.419
 M11            0.281         0.429         0.590         0.681         0.482
 M12           -0.023         0.523         0.412         0.740         0.467
 Y1            -0.040         0.155         0.052         0.054         0.185
 Y2            -0.235         0.135         0.051         0.344         0.191
 Y3             0.018         0.324        -0.093         0.054         0.292
 X1M10         -0.003        -0.028        -0.166        -0.257        -0.002
 X2M11         -0.219         0.049        -0.155        -0.098        -0.002
 X3M12         -0.016        -0.059         0.065         0.000         0.130


           Covariances
              M8            M9            M10           M11           M12
              ________      ________      ________      ________      ________
 M8             2.610
 M9             0.189         2.402
 M10            0.869         0.691         2.450
 M11            0.680         0.541         0.941         2.350
 M12            0.709         0.520         0.919         0.991         2.158
 Y1             0.123         0.173         0.240         0.275         0.168
 Y2             0.179         0.229         0.351         0.156         0.404
 Y3             0.309         0.335         0.703         0.358         0.481
 X1M10          0.070        -0.022        -0.122        -0.023        -0.015
 X2M11          0.075        -0.005         0.084        -0.017        -0.019
 X3M12         -0.068         0.103        -0.024         0.084        -0.016


           Covariances
              Y1            Y2            Y3            X1M10         X2M11
              ________      ________      ________      ________      ________
 Y1             0.617
 Y2             0.410         1.106
 Y3             0.460         0.612         1.214
 X1M10         -0.127        -0.162        -0.171         0.532
 X2M11         -0.040        -0.062        -0.066         0.115         0.579
 X3M12         -0.025        -0.180        -0.184         0.154         0.103


           Covariances
              X3M12
              ________
 X3M12          0.580


           Correlations
              X1            X2            X3            M1            M2
              ________      ________      ________      ________      ________
 X1             1.000
 X2             0.342         1.000
 X3             0.420         0.561         1.000
 M1             0.131         0.068         0.128         1.000
 M2            -0.030        -0.089         0.063        -0.041         1.000
 M3             0.086         0.005         0.023        -0.017         0.109
 M4             0.038         0.110         0.142         0.077         0.039
 M5             0.051         0.040        -0.038         0.204         0.009
 M6             0.044         0.013        -0.084         0.091         0.190
 M7             0.034         0.061         0.127         0.331         0.131
 M8             0.192        -0.119        -0.031         0.169         0.007
 M9             0.084         0.001         0.121         0.065         0.120
 M10            0.230         0.019         0.178         0.198         0.202
 M11            0.072        -0.032         0.150         0.078         0.114
 M12            0.129         0.136         0.114         0.088         0.134
 Y1             0.164         0.188         0.196         0.177        -0.172
 Y2             0.128         0.136         0.186         0.211         0.013
 Y3             0.292         0.084         0.277         0.087         0.183
 X1M10          0.137         0.201         0.005        -0.106        -0.180
 X2M11         -0.015        -0.006         0.201        -0.009        -0.011
 X3M12          0.000         0.007        -0.033         0.007        -0.089


           Correlations
              M3            M4            M5            M6            M7
              ________      ________      ________      ________      ________
 M3             1.000
 M4             0.072         1.000
 M5             0.052         0.235         1.000
 M6            -0.051         0.045         0.130         1.000
 M7            -0.028         0.142         0.151         0.109         1.000
 M8             0.179         0.158         0.261         0.051         0.029
 M9            -0.064         0.239         0.182         0.099         0.244
 M10            0.275         0.249         0.257         0.118         0.184
 M11            0.113         0.178         0.245         0.282         0.216
 M12           -0.010         0.227         0.179         0.320         0.218
 Y1            -0.031         0.126         0.042         0.044         0.161
 Y2            -0.138         0.082         0.031         0.208         0.124
 Y3             0.010         0.187        -0.054         0.031         0.182
 X1M10         -0.003        -0.024        -0.145        -0.224        -0.002
 X2M11         -0.178         0.041        -0.130        -0.082        -0.001
 X3M12         -0.013        -0.049         0.055         0.000         0.117


           Correlations
              M8            M9            M10           M11           M12
              ________      ________      ________      ________      ________
 M8             1.000
 M9             0.076         1.000
 M10            0.344         0.285         1.000
 M11            0.275         0.228         0.392         1.000
 M12            0.299         0.228         0.400         0.440         1.000
 Y1             0.097         0.142         0.195         0.229         0.145
 Y2             0.106         0.140         0.213         0.097         0.262
 Y3             0.173         0.196         0.408         0.212         0.297
 X1M10          0.060        -0.019        -0.107        -0.021        -0.014
 X2M11          0.061        -0.004         0.071        -0.015        -0.017
 X3M12         -0.055         0.087        -0.020         0.072        -0.014


           Correlations
              Y1            Y2            Y3            X1M10         X2M11
              ________      ________      ________      ________      ________
 Y1             1.000
 Y2             0.497         1.000
 Y3             0.532         0.528         1.000
 X1M10         -0.222        -0.211        -0.213         1.000
 X2M11         -0.067        -0.077        -0.079         0.207         1.000
 X3M12         -0.041        -0.225        -0.219         0.278         0.178


           Correlations
              X3M12
              ________
 X3M12          1.000


UNIVARIATE SAMPLE STATISTICS


     UNIVARIATE HIGHER-ORDER MOMENT DESCRIPTIVE STATISTICS

         Variable/         Mean/     Skewness/   Minimum/ % with                Percentiles
        Sample Size      Variance    Kurtosis    Maximum  Min/Max      20%/60%    40%/80%    Median

     X1                    0.000       0.000      -0.500   50.00%      -0.500     -0.500      0.000
             100.000       0.250      -2.000       0.500   50.00%       0.500      0.500
     X2                    0.000       0.201      -0.450   55.00%      -0.450     -0.450     -0.450
             100.000       0.247      -1.960       0.550   45.00%       0.550      0.550
     X3                    0.000       0.040      -0.490   51.00%      -0.490     -0.490     -0.490
             100.000       0.250      -1.998       0.510   49.00%       0.510      0.510
     M1                    0.000       0.199      -1.790   35.00%      -1.790     -0.790      0.210
             100.000       2.586      -1.529       2.210   25.00%       0.210      2.210
     M2                    0.000       0.148      -1.810   39.00%      -1.810     -0.810      0.190
             100.000       2.814      -1.650       2.190   27.00%       0.190      2.190
     M3                    0.000       0.096      -1.880   33.00%      -1.880     -0.880      0.120
             100.000       2.626      -1.595       2.120   26.00%       1.120      2.120
     M4                    0.000      -0.183      -2.120   26.00%      -2.120     -0.120      0.380
             100.000       2.466      -1.525       1.880   27.00%       0.880      1.880
     M5                    0.000      -0.018      -2.020   27.00%      -2.020     -1.020     -0.020
             100.000       2.460      -1.502       1.980   28.00%       0.980      1.980
     M6                    0.000       0.087      -1.910   30.00%      -1.910     -0.910      0.090
             100.000       2.482      -1.505       2.090   26.00%       0.090      2.090
     M7                    0.000       0.174      -1.790   28.00%      -1.790     -0.790      0.210
             100.000       2.126      -1.323       2.210   18.00%       0.210      1.210
     M8                    0.000       0.002      -1.990   29.00%      -1.990     -0.990      0.010
             100.000       2.610      -1.613       2.010   28.00%       1.010      2.010
     M9                    0.000       0.037      -1.910   30.00%      -1.910     -0.910      0.090
             100.000       2.402      -1.491       2.090   23.00%       0.090      2.090
     M10                   0.000       0.056      -1.900   30.00%      -1.900     -0.900      0.100
             100.000       2.450      -1.541       2.100   23.00%       1.100      2.100
     M11                   0.000       0.050      -2.010   23.00%      -2.010     -1.010     -0.010
             100.000       2.350      -1.489       1.990   27.00%       0.990      1.990
     M12                   0.000       0.115      -1.890   24.00%      -1.890     -0.890      0.110
             100.000       2.158      -1.399       2.110   20.00%       0.110      1.110
     Y1                    0.565      -0.017      -1.913    1.00%      -0.019      0.359      0.562
             100.000       0.617       0.552       2.659    1.00%       0.718      1.137
     Y2                    0.905      -0.281      -2.535    1.00%       0.019      0.573      0.911
             100.000       1.106       0.020       3.111    1.00%       1.210      1.865
     Y3                    1.135      -0.337      -2.037    1.00%       0.215      0.887      1.194
             100.000       1.214      -0.003       3.391    1.00%       1.370      2.089
     X1M10                 0.000      -0.178      -1.118    9.00%      -0.628     -0.138     -0.028
             100.000       0.532      -1.349       0.992   11.00%       0.352      0.842
     X2M11                 0.000       0.030      -1.081   11.00%      -0.871     -0.421      0.024
             100.000       0.579      -1.429       1.119   11.00%       0.479      0.929
     X3M12                 0.000      -0.373      -1.230    9.00%      -0.730     -0.230      0.270
             100.000       0.580      -1.359       0.870   14.00%       0.370      0.770


     THIS ANALYSIS MAY HAVE MULTIPLE SOLUTIONS.  EXPLORE THIS USING RANDOM STARTS,
     FOR EXAMPLE, STARTS = 20.  USE A LARGE ENOUGH NUMBER OF STARTS SO THAT THE
     BEST FIT FUNCTION VALUE IS REPLICATED SEVERAL TIMES.


THE MODEL ESTIMATION TERMINATED NORMALLY

     THE STANDARD ERRORS OF THE MODEL PARAMETER ESTIMATES MAY NOT BE
     TRUSTWORTHY FOR SOME PARAMETERS DUE TO A NON-POSITIVE DEFINITE
     FIRST-ORDER DERIVATIVE PRODUCT MATRIX.  THIS MAY BE DUE TO THE STARTING
     VALUES BUT MAY ALSO BE AN INDICATION OF MODEL NONIDENTIFICATION.  THE
     CONDITION NUMBER IS      -0.722D-13.  PROBLEM INVOLVING THE FOLLOWING PARAMETER:
     Parameter 40, X2

     THIS IS MOST LIKELY DUE TO VARIABLE X1 BEING DICHOTOMOUS BUT
     DECLARED AS CONTINUOUS.




MODEL FIT INFORMATION

Number of Free Parameters                       69

Loglikelihood

          H0 Value                       -3061.164
          H0 Scaling Correction Factor      0.8822
            for MLR
          H1 Value                       -2960.378
          H1 Scaling Correction Factor      0.9636
            for MLR

Information Criteria

          Akaike (AIC)                    6260.328
          Bayesian (BIC)                  6440.085
          Sample-Size Adjusted BIC        6222.165
            (n* = (n + 2) / 24)

Chi-Square Test of Model Fit

          Value                            202.728*
          Degrees of Freedom                   183
          P-Value                           0.1513
          Scaling Correction Factor         0.9943
            for MLR

*   The chi-square value for MLM, MLMV, MLR, ULSMV, WLSM and WLSMV cannot be used
    for chi-square difference testing in the regular way.  MLM, MLR and WLSM
    chi-square difference testing is described on the Mplus website.  MLMV, WLSMV,
    and ULSMV difference testing is done using the DIFFTEST option.

RMSEA (Root Mean Square Error Of Approximation)

          Estimate                           0.033
          90 Percent C.I.                    0.000  0.057
          Probability RMSEA <= .05           0.869

CFI/TLI

          CFI                                0.931
          TLI                                0.921

Chi-Square Test of Model Fit for the Baseline Model

          Value                            496.812
          Degrees of Freedom                   210
          P-Value                           0.0000

SRMR (Standardized Root Mean Square Residual)

          Value                              0.069



MODEL RESULTS

                                                    Two-Tailed
                    Estimate       S.E.  Est./S.E.    P-Value

 X        BY
    X3                 1.000      0.000    999.000    999.000
    X2                 0.822      0.161      5.117      0.000
    X1                 0.654      0.164      3.981      0.000

 M        BY
    M12                1.000      0.000    999.000    999.000
    M11                1.004      0.199      5.047      0.000
    M10                1.147      0.254      4.515      0.000
    M9                 0.668      0.210      3.176      0.001
    M8                 0.757      0.209      3.624      0.000
    M7                 0.560      0.198      2.827      0.005
    M6                 0.525      0.171      3.067      0.002
    M5                 0.628      0.240      2.622      0.009
    M4                 0.628      0.190      3.297      0.001
    M3                 0.267      0.234      1.139      0.255
    M2                 0.382      0.213      1.799      0.072
    M1                 0.462      0.220      2.097      0.036

 Y        BY
    Y3                 1.000      0.000    999.000    999.000
    Y2                 0.816      0.141      5.772      0.000
    Y1                 0.601      0.113      5.328      0.000

 XM       BY
    X3M12              1.000      0.000    999.000    999.000
    X2M11              0.774      0.389      1.990      0.047
    X1M10              1.332      0.677      1.968      0.049

 Y        ON
    X                  0.793      0.359      2.213      0.027
    M                  0.337      0.134      2.506      0.012
    XM                -1.241      0.535     -2.320      0.020

 X        WITH
    M                  0.085      0.057      1.497      0.134
    XM                 0.022      0.025      0.866      0.387

 M        WITH
    XM                -0.032      0.065     -0.494      0.621

 Intercepts
    X1                 0.000      0.050      0.000      1.000
    X2                 0.000      0.050      0.000      1.000
    X3                 0.000      0.050      0.000      1.000
    M1                 0.000      0.161      0.000      1.000
    M2                 0.000      0.168      0.000      1.000
    M3                 0.000      0.162      0.000      1.000
    M4                 0.000      0.157      0.000      1.000
    M5                 0.000      0.157      0.000      1.000
    M6                 0.000      0.158      0.000      1.000
    M7                 0.000      0.146      0.000      1.000
    M8                 0.000      0.162      0.000      1.000
    M9                 0.000      0.155      0.000      1.000
    M10                0.000      0.157      0.000      1.000
    M11                0.000      0.153      0.000      1.000
    M12                0.000      0.147      0.000      1.000
    Y1                 0.565      0.079      7.196      0.000
    Y2                 0.905      0.105      8.600      0.000
    Y3                 1.135      0.110     10.305      0.000
    X1M10              0.000      0.073      0.000      1.000
    X2M11              0.000      0.076      0.000      1.000
    X3M12              0.000      0.076      0.000      1.000

 Variances
    X                  0.166      0.038      4.394      0.000
    M                  0.865      0.269      3.218      0.001
    XM                 0.117      0.077      1.520      0.128

 Residual Variances
    X1                 0.179      0.028      6.465      0.000
    X2                 0.136      0.031      4.306      0.000
    X3                 0.084      0.038      2.231      0.026
    M1                 2.402      0.211     11.398      0.000
    M2                 2.688      0.210     12.791      0.000
    M3                 2.564      0.189     13.562      0.000
    M4                 2.125      0.208     10.196      0.000
    M5                 2.118      0.255      8.308      0.000
    M6                 2.244      0.211     10.640      0.000
    M7                 1.855      0.205      9.068      0.000
    M8                 2.114      0.238      8.895      0.000
    M9                 2.016      0.235      8.584      0.000
    M10                1.312      0.318      4.124      0.000
    M11                1.478      0.223      6.625      0.000
    M12                1.293      0.253      5.111      0.000
    Y1                 0.337      0.065      5.194      0.000
    Y2                 0.591      0.125      4.733      0.000
    Y3                 0.441      0.141      3.117      0.002
    X1M10              0.325      0.120      2.698      0.007
    X2M11              0.509      0.064      8.016      0.000
    X3M12              0.463      0.085      5.435      0.000
    Y                  0.361      0.126      2.865      0.004

New/Additional Parameters
    VAR_Y              0.773      0.171      4.526      0.000
    STD_B1             0.367      0.145      2.532      0.011
    STD_B2             0.356      0.133      2.685      0.007
    STD_B3            -0.534      0.234     -2.280      0.023


QUALITY OF NUMERICAL RESULTS

     Condition Number for the Information Matrix              0.358E-03
       (ratio of smallest to largest eigenvalue)


CONFIDENCE INTERVALS OF MODEL RESULTS

                  Lower .5%  Lower 2.5%    Lower 5%    Estimate    Upper 5%  Upper 2.5%   Upper .5%

 X        BY
    X3               1.000       1.000       1.000       1.000       1.000       1.000       1.000
    X2               0.408       0.507       0.557       0.822       1.086       1.136       1.235
    X1               0.231       0.332       0.384       0.654       0.924       0.976       1.077

 M        BY
    M12              1.000       1.000       1.000       1.000       1.000       1.000       1.000
    M11              0.492       0.614       0.677       1.004       1.331       1.394       1.517
    M10              0.493       0.649       0.729       1.147       1.565       1.645       1.801
    M9               0.126       0.256       0.322       0.668       1.013       1.080       1.209
    M8               0.219       0.348       0.413       0.757       1.101       1.166       1.295
    M7               0.050       0.172       0.234       0.560       0.886       0.948       1.070
    M6               0.084       0.189       0.243       0.525       0.806       0.860       0.966
    M5               0.011       0.159       0.234       0.628       1.022       1.098       1.245
    M4               0.137       0.255       0.315       0.628       0.941       1.001       1.118
    M3              -0.337      -0.192      -0.119       0.267       0.652       0.726       0.870
    M2              -0.165      -0.034       0.033       0.382       0.732       0.799       0.930
    M1              -0.105       0.030       0.099       0.462       0.824       0.893       1.029

 Y        BY
    Y3               1.000       1.000       1.000       1.000       1.000       1.000       1.000
    Y2               0.452       0.539       0.584       0.816       1.049       1.093       1.181
    Y1               0.311       0.380       0.416       0.601       0.787       0.822       0.892

 XM       BY
    X3M12            1.000       1.000       1.000       1.000       1.000       1.000       1.000
    X2M11           -0.228       0.012       0.134       0.774       1.413       1.536       1.775
    X1M10           -0.411       0.006       0.219       1.332       2.445       2.658       3.075

 Y        ON
    X               -0.130       0.091       0.204       0.793       1.383       1.496       1.717
    M               -0.009       0.073       0.116       0.337       0.558       0.600       0.683
    XM              -2.618      -2.288      -2.120      -1.241      -0.361      -0.193       0.137

 X        WITH
    M               -0.062      -0.026      -0.008       0.085       0.179       0.197       0.232
    XM              -0.043      -0.027      -0.020       0.022       0.063       0.071       0.086

 M        WITH
    XM              -0.201      -0.161      -0.140      -0.032       0.075       0.096       0.136

 Intercepts
    X1              -0.129      -0.098      -0.082       0.000       0.082       0.098       0.129
    X2              -0.128      -0.098      -0.082       0.000       0.082       0.098       0.128
    X3              -0.129      -0.098      -0.082       0.000       0.082       0.098       0.129
    M1              -0.414      -0.315      -0.265       0.000       0.265       0.315       0.414
    M2              -0.432      -0.329      -0.276       0.000       0.276       0.329       0.432
    M3              -0.417      -0.318      -0.267       0.000       0.267       0.318       0.417
    M4              -0.404      -0.308      -0.258       0.000       0.258       0.308       0.404
    M5              -0.404      -0.307      -0.258       0.000       0.258       0.307       0.404
    M6              -0.406      -0.309      -0.259       0.000       0.259       0.309       0.406
    M7              -0.376      -0.286      -0.240       0.000       0.240       0.286       0.376
    M8              -0.416      -0.317      -0.266       0.000       0.266       0.317       0.416
    M9              -0.399      -0.304      -0.255       0.000       0.255       0.304       0.399
    M10             -0.403      -0.307      -0.257       0.000       0.257       0.307       0.403
    M11             -0.395      -0.300      -0.252       0.000       0.252       0.300       0.395
    M12             -0.378      -0.288      -0.242       0.000       0.242       0.288       0.378
    Y1               0.363       0.411       0.436       0.565       0.694       0.719       0.767
    Y2               0.634       0.698       0.732       0.905       1.078       1.111       1.176
    Y3               0.852       0.919       0.954       1.135       1.317       1.351       1.419
    X1M10           -0.188      -0.143      -0.120       0.000       0.120       0.143       0.188
    X2M11           -0.196      -0.149      -0.125       0.000       0.125       0.149       0.196
    X3M12           -0.196      -0.149      -0.125       0.000       0.125       0.149       0.196

 Variances
    X                0.069       0.092       0.104       0.166       0.228       0.240       0.263
    M                0.173       0.338       0.423       0.865       1.307       1.391       1.557
    XM              -0.081      -0.034      -0.010       0.117       0.243       0.267       0.314

 Residual Variances
    X1               0.108       0.125       0.134       0.179       0.225       0.233       0.250
    X2               0.054       0.074       0.084       0.136       0.187       0.197       0.217
    X3              -0.013       0.010       0.022       0.084       0.146       0.158       0.181
    M1               1.859       1.989       2.055       2.402       2.748       2.815       2.944
    M2               2.146       2.276       2.342       2.688       3.033       3.099       3.229
    M3               2.077       2.193       2.253       2.564       2.875       2.935       3.051
    M4               1.588       1.716       1.782       2.125       2.468       2.533       2.662
    M5               1.462       1.619       1.699       2.118       2.538       2.618       2.775
    M6               1.701       1.830       1.897       2.244       2.591       2.657       2.787
    M7               1.328       1.454       1.518       1.855       2.191       2.256       2.382
    M8               1.502       1.649       1.723       2.114       2.506       2.580       2.727
    M9               1.411       1.556       1.630       2.016       2.403       2.477       2.622
    M10              0.493       0.689       0.789       1.312       1.836       1.936       2.132
    M11              0.903       1.041       1.111       1.478       1.845       1.915       2.053
    M12              0.641       0.797       0.877       1.293       1.709       1.789       1.945
    Y1               0.170       0.210       0.230       0.337       0.444       0.464       0.504
    Y2               0.270       0.346       0.386       0.591       0.797       0.836       0.913
    Y3               0.077       0.164       0.208       0.441       0.673       0.718       0.805
    X1M10            0.015       0.089       0.127       0.325       0.523       0.561       0.635
    X2M11            0.346       0.385       0.405       0.509       0.614       0.634       0.673
    X3M12            0.244       0.296       0.323       0.463       0.604       0.631       0.683
    Y                0.036       0.114       0.154       0.361       0.569       0.608       0.686

New/Additional Parameters
    VAR_Y            0.333       0.438       0.492       0.773       1.054       1.108       1.213
    STD_B1          -0.006       0.083       0.129       0.367       0.606       0.652       0.741
    STD_B2           0.014       0.096       0.138       0.356       0.574       0.616       0.698
    STD_B3          -1.138      -0.994      -0.920      -0.534      -0.149      -0.075       0.069


TECHNICAL 1 OUTPUT


     PARAMETER SPECIFICATION


           NU
              X1            X2            X3            M1            M2
              ________      ________      ________      ________      ________
                  1             2             3             4             5


           NU
              M3            M4            M5            M6            M7
              ________      ________      ________      ________      ________
                  6             7             8             9            10


           NU
              M8            M9            M10           M11           M12
              ________      ________      ________      ________      ________
                 11            12            13            14            15


           NU
              Y1            Y2            Y3            X1M10         X2M11
              ________      ________      ________      ________      ________
                 16            17            18            19            20


           NU
              X3M12
              ________
                 21


           LAMBDA
              X             M             Y             XM
              ________      ________      ________      ________
 X1                22             0             0             0
 X2                23             0             0             0
 X3                 0             0             0             0
 M1                 0            24             0             0
 M2                 0            25             0             0
 M3                 0            26             0             0
 M4                 0            27             0             0
 M5                 0            28             0             0
 M6                 0            29             0             0
 M7                 0            30             0             0
 M8                 0            31             0             0
 M9                 0            32             0             0
 M10                0            33             0             0
 M11                0            34             0             0
 M12                0             0             0             0
 Y1                 0             0            35             0
 Y2                 0             0            36             0
 Y3                 0             0             0             0
 X1M10              0             0             0            37
 X2M11              0             0             0            38
 X3M12              0             0             0             0


           THETA
              X1            X2            X3            M1            M2
              ________      ________      ________      ________      ________
 X1                39
 X2                 0            40
 X3                 0             0            41
 M1                 0             0             0            42
 M2                 0             0             0             0            43
 M3                 0             0             0             0             0
 M4                 0             0             0             0             0
 M5                 0             0             0             0             0
 M6                 0             0             0             0             0
 M7                 0             0             0             0             0
 M8                 0             0             0             0             0
 M9                 0             0             0             0             0
 M10                0             0             0             0             0
 M11                0             0             0             0             0
 M12                0             0             0             0             0
 Y1                 0             0             0             0             0
 Y2                 0             0             0             0             0
 Y3                 0             0             0             0             0
 X1M10              0             0             0             0             0
 X2M11              0             0             0             0             0
 X3M12              0             0             0             0             0


           THETA
              M3            M4            M5            M6            M7
              ________      ________      ________      ________      ________
 M3                44
 M4                 0            45
 M5                 0             0            46
 M6                 0             0             0            47
 M7                 0             0             0             0            48
 M8                 0             0             0             0             0
 M9                 0             0             0             0             0
 M10                0             0             0             0             0
 M11                0             0             0             0             0
 M12                0             0             0             0             0
 Y1                 0             0             0             0             0
 Y2                 0             0             0             0             0
 Y3                 0             0             0             0             0
 X1M10              0             0             0             0             0
 X2M11              0             0             0             0             0
 X3M12              0             0             0             0             0


           THETA
              M8            M9            M10           M11           M12
              ________      ________      ________      ________      ________
 M8                49
 M9                 0            50
 M10                0             0            51
 M11                0             0             0            52
 M12                0             0             0             0            53
 Y1                 0             0             0             0             0
 Y2                 0             0             0             0             0
 Y3                 0             0             0             0             0
 X1M10              0             0             0             0             0
 X2M11              0             0             0             0             0
 X3M12              0             0             0             0             0


           THETA
              Y1            Y2            Y3            X1M10         X2M11
              ________      ________      ________      ________      ________
 Y1                54
 Y2                 0            55
 Y3                 0             0            56
 X1M10              0             0             0            57
 X2M11              0             0             0             0            58
 X3M12              0             0             0             0             0


           THETA
              X3M12
              ________
 X3M12             59


           ALPHA
              X             M             Y             XM
              ________      ________      ________      ________
                  0             0             0             0


           BETA
              X             M             Y             XM
              ________      ________      ________      ________
 X                  0             0             0             0
 M                  0             0             0             0
 Y                 60            61             0            62
 XM                 0             0             0             0


           PSI
              X             M             Y             XM
              ________      ________      ________      ________
 X                 63
 M                 64            65
 Y                  0             0            66
 XM                67            68             0            69


     PARAMETER SPECIFICATION FOR THE ADDITIONAL PARAMETERS


           New/Additional Parameters
              VAR_Y         STD_B1        STD_B2        STD_B3
              ________      ________      ________      ________
                   70            71            72            73


     STARTING VALUES


           NU
              X1            X2            X3            M1            M2
              ________      ________      ________      ________      ________
                0.000         0.000         0.000         0.000         0.000


           NU
              M3            M4            M5            M6            M7
              ________      ________      ________      ________      ________
                0.000         0.000         0.000         0.000         0.000


           NU
              M8            M9            M10           M11           M12
              ________      ________      ________      ________      ________
                0.000         0.000         0.000         0.000         0.000


           NU
              Y1            Y2            Y3            X1M10         X2M11
              ________      ________      ________      ________      ________
                0.565         0.905         1.135         0.000         0.000


           NU
              X3M12
              ________
                0.000


           LAMBDA
              X             M             Y             XM
              ________      ________      ________      ________
 X1             0.609         0.000         0.000         0.000
 X2             0.810         0.000         0.000         0.000
 X3             1.000         0.000         0.000         0.000
 M1             0.000         1.450         0.000         0.000
 M2             0.000         0.456         0.000         0.000
 M3             0.000         0.304         0.000         0.000
 M4             0.000         0.661         0.000         0.000
 M5             0.000         0.869         0.000         0.000
 M6             0.000         0.179         0.000         0.000
 M7             0.000         0.600         0.000         0.000
 M8             0.000         0.575         0.000         0.000
 M9             0.000         0.864         0.000         0.000
 M10            0.000         0.756         0.000         0.000
 M11            0.000         1.034         0.000         0.000
 M12            0.000         1.000         0.000         0.000
 Y1             0.000         0.000         0.670         0.000
 Y2             0.000         0.000         0.892         0.000
 Y3             0.000         0.000         1.000         0.000
 X1M10          0.000         0.000         0.000         1.117
 X2M11          0.000         0.000         0.000         0.745
 X3M12          0.000         0.000         0.000         1.000


           THETA
              X1            X2            X3            M1            M2
              ________      ________      ________      ________      ________
 X1             0.125
 X2             0.000         0.124
 X3             0.000         0.000         0.125
 M1             0.000         0.000         0.000         1.293
 M2             0.000         0.000         0.000         0.000         1.407
 M3             0.000         0.000         0.000         0.000         0.000
 M4             0.000         0.000         0.000         0.000         0.000
 M5             0.000         0.000         0.000         0.000         0.000
 M6             0.000         0.000         0.000         0.000         0.000
 M7             0.000         0.000         0.000         0.000         0.000
 M8             0.000         0.000         0.000         0.000         0.000
 M9             0.000         0.000         0.000         0.000         0.000
 M10            0.000         0.000         0.000         0.000         0.000
 M11            0.000         0.000         0.000         0.000         0.000
 M12            0.000         0.000         0.000         0.000         0.000
 Y1             0.000         0.000         0.000         0.000         0.000
 Y2             0.000         0.000         0.000         0.000         0.000
 Y3             0.000         0.000         0.000         0.000         0.000
 X1M10          0.000         0.000         0.000         0.000         0.000
 X2M11          0.000         0.000         0.000         0.000         0.000
 X3M12          0.000         0.000         0.000         0.000         0.000


           THETA
              M3            M4            M5            M6            M7
              ________      ________      ________      ________      ________
 M3             1.313
 M4             0.000         1.233
 M5             0.000         0.000         1.230
 M6             0.000         0.000         0.000         1.241
 M7             0.000         0.000         0.000         0.000         1.063
 M8             0.000         0.000         0.000         0.000         0.000
 M9             0.000         0.000         0.000         0.000         0.000
 M10            0.000         0.000         0.000         0.000         0.000
 M11            0.000         0.000         0.000         0.000         0.000
 M12            0.000         0.000         0.000         0.000         0.000
 Y1             0.000         0.000         0.000         0.000         0.000
 Y2             0.000         0.000         0.000         0.000         0.000
 Y3             0.000         0.000         0.000         0.000         0.000
 X1M10          0.000         0.000         0.000         0.000         0.000
 X2M11          0.000         0.000         0.000         0.000         0.000
 X3M12          0.000         0.000         0.000         0.000         0.000


           THETA
              M8            M9            M10           M11           M12
              ________      ________      ________      ________      ________
 M8             1.305
 M9             0.000         1.201
 M10            0.000         0.000         1.225
 M11            0.000         0.000         0.000         1.175
 M12            0.000         0.000         0.000         0.000         1.079
 Y1             0.000         0.000         0.000         0.000         0.000
 Y2             0.000         0.000         0.000         0.000         0.000
 Y3             0.000         0.000         0.000         0.000         0.000
 X1M10          0.000         0.000         0.000         0.000         0.000
 X2M11          0.000         0.000         0.000         0.000         0.000
 X3M12          0.000         0.000         0.000         0.000         0.000


           THETA
              Y1            Y2            Y3            X1M10         X2M11
              ________      ________      ________      ________      ________
 Y1             0.308
 Y2             0.000         0.553
 Y3             0.000         0.000         0.607
 X1M10          0.000         0.000         0.000         0.266
 X2M11          0.000         0.000         0.000         0.000         0.290
 X3M12          0.000         0.000         0.000         0.000         0.000


           THETA
              X3M12
              ________
 X3M12          0.290


           ALPHA
              X             M             Y             XM
              ________      ________      ________      ________
                0.000         0.000         0.000         0.000


           BETA
              X             M             Y             XM
              ________      ________      ________      ________
 X              0.000         0.000         0.000         0.000
 M              0.000         0.000         0.000         0.000
 Y              0.000         0.000         0.000         0.000
 XM             0.000         0.000         0.000         0.000


           PSI
              X             M             Y             XM
              ________      ________      ________      ________
 X              0.050
 M              0.000         0.050
 Y              0.000         0.000         0.050
 XM             0.000         0.000         0.000         0.050


     STARTING VALUES FOR THE ADDITIONAL PARAMETERS


           New/Additional Parameters
              VAR_Y         STD_B1        STD_B2        STD_B3
              ________      ________      ________      ________
                0.500         0.500         0.500         0.500


RESULTS SAVING INFORMATION

  Order of data

    Parameter estimates
     (saved in order shown in Technical 1 output)
    Standard errors
     (saved in order shown in Technical 1 output)
    Number of Free Parameters
    H0 Loglikelihood
    H0 Scaling Correction Factor for MLR
    H1 Loglikelihood
    H1 Scaling Correction Factor for MLR
    Akaike (AIC)
    Bayesian (BIC)
    Sample-Size Adjusted BIC
    Chi-square : Value
    Chi-square : Degrees of Freedom
    Chi-square : P-Value
    Chi-square : Scaling Correction Factor for MLR/MLM/WLSM
    CFI
    TLI
    RMSEA : Estimate
    RMSEA : Low CI
    RMSEA : High CI
    RMSEA : Probability
    SRMR
    Condition Number

  Save file
    matchupi_results_1148.dat

  Save file format           Free


     Beginning Time:  15:30:33
        Ending Time:  15:30:34
       Elapsed Time:  00:00:01



MUTHEN & MUTHEN
3463 Stoner Ave.
Los Angeles, CA  90066

Tel: (310) 391-9971
Fax: (310) 391-8971
Web: www.StatModel.com
Support: Support@StatModel.com

Copyright (c) 1998-2022 Muthen & Muthen
