Mplus VERSION 8.8 (Mac)
MUTHEN & MUTHEN
07/27/2025   9:44 PM

INPUT INSTRUCTIONS


    TITLE: Matched-pair Unconstrained Product Indicator

    DATA:
      FILE = matchupi_simdat_1869.dat;
      FORMAT IS FREE;

    VARIABLE:
      NAMES = x1 x2 x3
      	    m1 m2 m3 m4 m5 m6
      	    m7 m8 m9 m10 m11 m12
      	    y1 y2 y3
      	    x1m10 x2m11 x3m12;
      USEVARIABLES = x1-x3m12;

    ANALYSIS:
      TYPE = general;
      ESTIMATOR = MLR;
    MODEL:
      !measurement model
      X BY x3 x2 x1;
      X (var_X);
      M BY m12 m11 m10 m9 m8 m7 m6 m5 m4 m3 m2 m1;
      M (var_M);
      Y BY y3 y2 y1;
      Y (resvar_Y);
      XM BY x3m12 x2m11 x1m10;
      XM (var_XM);

      !covariances between predictors
      X WITH M (cov_XM);
      X WITH XM (cov_XXM);
      M WITH XM (cov_MXM);

      !structural model
      Y ON X (b1);
      Y ON M (b2);
      Y ON XM (b3);

    MODEL CONSTRAINT:

      NEW(var_Y std_b1 std_b2 std_b3);
      var_Y = resvar_Y +
       (b1^2 * var_X +
        b2^2 * var_M +
        b3^2 * var_XM +
        2 * b1 * b2 * cov_XM +
        2 * b1 * b3 * cov_XXM +
        2 * b2 * b3 * cov_MXM);

        std_b1 = b1 * sqrt(var_X) / sqrt(var_Y);
        std_b2 = b2 * sqrt(var_M) / sqrt(var_Y);
        std_b3 = b3 * sqrt(var_X) * sqrt(var_M) / sqrt(var_Y);

    OUTPUT:
      sampstat tech1 CINTERVAL;

    SAVEDATA:
      RESULTS = matchupi_results_1869.dat;




INPUT READING TERMINATED NORMALLY



Matched-pair Unconstrained Product Indicator

SUMMARY OF ANALYSIS

Number of groups                                                 1
Number of observations                                         250

Number of dependent variables                                   21
Number of independent variables                                  0
Number of continuous latent variables                            4

Observed dependent variables

  Continuous
   X1          X2          X3          M1          M2          M3
   M4          M5          M6          M7          M8          M9
   M10         M11         M12         Y1          Y2          Y3
   X1M10       X2M11       X3M12

Continuous latent variables
   X           M           Y           XM


Estimator                                                      MLR
Information matrix                                        OBSERVED
Maximum number of iterations                                  1000
Convergence criterion                                    0.500D-04
Maximum number of steepest descent iterations                   20

Input data file(s)
  matchupi_simdat_1869.dat

Input data format  FREE


SAMPLE STATISTICS


     SAMPLE STATISTICS


           Means
              X1            X2            X3            M1            M2
              ________      ________      ________      ________      ________
                0.000         0.000         0.000         0.000         0.000


           Means
              M3            M4            M5            M6            M7
              ________      ________      ________      ________      ________
                0.000         0.000         0.000         0.000         0.000


           Means
              M8            M9            M10           M11           M12
              ________      ________      ________      ________      ________
                0.000         0.000         0.000         0.000         0.000


           Means
              Y1            Y2            Y3            X1M10         X2M11
              ________      ________      ________      ________      ________
                0.641         0.857         1.171         0.000         0.000


           Means
              X3M12
              ________
                0.000


           Covariances
              X1            X2            X3            M1            M2
              ________      ________      ________      ________      ________
 X1             0.250
 X2             0.048         0.250
 X3             0.084         0.090         0.250
 M1            -0.008         0.112         0.128         2.743
 M2             0.000         0.048        -0.012        -0.016         2.656
 M3            -0.080        -0.076        -0.089         0.289         0.264
 M4             0.041         0.019         0.066         0.154        -0.176
 M5            -0.044        -0.044         0.048        -0.020         0.000
 M6             0.044         0.024         0.092         0.148         0.020
 M7             0.132        -0.032         0.028         0.377        -0.024
 M8             0.012         0.004         0.100         0.509         0.332
 M9            -0.007         0.075         0.142         0.034         0.284
 M10            0.063        -0.051         0.088         0.153         0.088
 M11            0.056         0.032         0.141         0.495         0.032
 M12            0.065         0.080         0.127         0.403         0.160
 Y1             0.018         0.027         0.055         0.179        -0.122
 Y2            -0.003         0.040         0.078         0.025         0.011
 Y3             0.042         0.050         0.099         0.115         0.135
 X1M10         -0.008        -0.013        -0.005         0.006        -0.034
 X2M11         -0.030         0.001        -0.006        -0.010        -0.102
 X3M12         -0.001         0.030        -0.013         0.081        -0.157


           Covariances
              M3            M4            M5            M6            M7
              ________      ________      ________      ________      ________
 M3             2.710
 M4             0.208         2.519
 M5             0.191         0.198         2.544
 M6             0.220         0.104         0.364         2.352
 M7             0.583         0.142         0.252         0.072         2.695
 M8             0.427         0.206         0.336         0.188         0.691
 M9             0.339         0.424         0.665         0.396         0.374
 M10            0.341         0.341         0.326         0.188         0.675
 M11            0.385         0.281         0.525         0.608         0.545
 M12            0.475         0.161         0.466         0.408         0.637
 Y1            -0.003         0.156         0.181         0.013         0.251
 Y2             0.101         0.215         0.032        -0.033         0.373
 Y3             0.224         0.321         0.131         0.133         0.330
 X1M10         -0.015        -0.077        -0.012         0.008        -0.019
 X2M11         -0.111         0.009         0.134        -0.048        -0.167
 X3M12         -0.119        -0.120         0.077         0.014         0.100


           Covariances
              M8            M9            M10           M11           M12
              ________      ________      ________      ________      ________
 M8             2.343
 M9             0.518         2.426
 M10            0.631         0.731         2.239
 M11            0.561         0.637         0.748         2.279
 M12            0.793         0.835         0.799         1.068         2.243
 Y1             0.101         0.242         0.166         0.138         0.199
 Y2             0.195         0.298         0.174         0.201         0.347
 Y3             0.280         0.468         0.369         0.321         0.488
 X1M10         -0.082        -0.093         0.039         0.076         0.059
 X2M11         -0.130         0.013         0.047         0.153         0.019
 X3M12         -0.055        -0.008         0.003         0.127         0.085


           Covariances
              Y1            Y2            Y3            X1M10         X2M11
              ________      ________      ________      ________      ________
 Y1             0.679
 Y2             0.370         0.996
 Y3             0.426         0.573         1.248
 X1M10         -0.122        -0.082        -0.110         0.541
 X2M11         -0.020        -0.029         0.006         0.104         0.572
 X3M12         -0.055        -0.081        -0.016         0.088         0.052


           Covariances
              X3M12
              ________
 X3M12          0.555


           Correlations
              X1            X2            X3            M1            M2
              ________      ________      ________      ________      ________
 X1             1.000
 X2             0.192         1.000
 X3             0.336         0.361         1.000
 M1            -0.009         0.135         0.155         1.000
 M2             0.000         0.059        -0.015        -0.006         1.000
 M3            -0.098        -0.092        -0.108         0.106         0.098
 M4             0.051         0.024         0.083         0.058        -0.068
 M5            -0.055        -0.055         0.060        -0.007         0.000
 M6             0.057         0.031         0.120         0.058         0.008
 M7             0.161        -0.039         0.034         0.138        -0.009
 M8             0.015         0.006         0.130         0.201         0.133
 M9            -0.009         0.096         0.182         0.013         0.112
 M10            0.084        -0.069         0.118         0.062         0.036
 M11            0.075         0.042         0.186         0.198         0.013
 M12            0.087         0.106         0.170         0.163         0.066
 Y1             0.045         0.065         0.134         0.131        -0.091
 Y2            -0.006         0.080         0.157         0.015         0.007
 Y3             0.076         0.090         0.178         0.062         0.074
 X1M10         -0.023        -0.035        -0.014         0.005        -0.028
 X2M11         -0.079         0.002        -0.016        -0.008        -0.083
 X3M12         -0.003         0.080        -0.036         0.066        -0.129


           Correlations
              M3            M4            M5            M6            M7
              ________      ________      ________      ________      ________
 M3             1.000
 M4             0.080         1.000
 M5             0.073         0.078         1.000
 M6             0.087         0.043         0.149         1.000
 M7             0.216         0.055         0.096         0.029         1.000
 M8             0.169         0.085         0.137         0.080         0.275
 M9             0.132         0.172         0.268         0.166         0.146
 M10            0.138         0.144         0.137         0.082         0.275
 M11            0.155         0.117         0.218         0.263         0.220
 M12            0.193         0.068         0.195         0.178         0.259
 Y1            -0.003         0.119         0.138         0.010         0.186
 Y2             0.062         0.136         0.020        -0.021         0.228
 Y3             0.122         0.181         0.074         0.078         0.180
 X1M10         -0.012        -0.066        -0.010         0.007        -0.016
 X2M11         -0.089         0.008         0.111        -0.041        -0.135
 X3M12         -0.097        -0.101         0.065         0.012         0.082


           Correlations
              M8            M9            M10           M11           M12
              ________      ________      ________      ________      ________
 M8             1.000
 M9             0.217         1.000
 M10            0.275         0.314         1.000
 M11            0.243         0.271         0.331         1.000
 M12            0.346         0.358         0.357         0.473         1.000
 Y1             0.080         0.188         0.134         0.111         0.161
 Y2             0.127         0.191         0.117         0.134         0.232
 Y3             0.164         0.269         0.221         0.191         0.292
 X1M10         -0.073        -0.081         0.036         0.069         0.054
 X2M11         -0.112         0.011         0.042         0.134         0.017
 X3M12         -0.048        -0.007         0.002         0.112         0.076


           Correlations
              Y1            Y2            Y3            X1M10         X2M11
              ________      ________      ________      ________      ________
 Y1             1.000
 Y2             0.450         1.000
 Y3             0.463         0.514         1.000
 X1M10         -0.202        -0.112        -0.134         1.000
 X2M11         -0.033        -0.039         0.007         0.186         1.000
 X3M12         -0.089        -0.109        -0.019         0.160         0.093


           Correlations
              X3M12
              ________
 X3M12          1.000


UNIVARIATE SAMPLE STATISTICS


     UNIVARIATE HIGHER-ORDER MOMENT DESCRIPTIVE STATISTICS

         Variable/         Mean/     Skewness/   Minimum/ % with                Percentiles
        Sample Size      Variance    Kurtosis    Maximum  Min/Max      20%/60%    40%/80%    Median

     X1                    0.000      -0.032      -0.508   49.20%      -0.508     -0.508      0.492
             250.000       0.250      -1.999       0.492   50.80%       0.492      0.492
     X2                    0.000       0.048      -0.488   51.20%      -0.488     -0.488     -0.488
             250.000       0.250      -1.998       0.512   48.80%       0.512      0.512
     X3                    0.000      -0.080      -0.520   48.00%      -0.520     -0.520      0.480
             250.000       0.250      -1.994       0.480   52.00%       0.480      0.480
     M1                    0.000       0.033      -1.976   31.60%      -1.976     -0.976      0.024
             250.000       2.743      -1.633       2.024   31.20%       1.024      2.024
     M2                    0.000      -0.011      -2.000   30.40%      -2.000     -1.000      0.000
             250.000       2.656      -1.603       2.000   29.60%       1.000      2.000
     M3                    0.000      -0.053      -2.040   30.80%      -2.040     -1.040     -0.040
             250.000       2.710      -1.610       1.960   31.60%       0.960      1.960
     M4                    0.000       0.110      -1.904   30.00%      -1.904     -0.904      0.096
             250.000       2.519      -1.523       2.096   26.80%       0.096      2.096
     M5                    0.000      -0.038      -2.016   28.40%      -2.016     -1.016     -0.016
             250.000       2.544      -1.567       1.984   27.60%       0.984      1.984
     M6                    0.000       0.000      -2.000   25.20%      -2.000     -1.000      0.000
             250.000       2.352      -1.482       2.000   25.20%       1.000      2.000
     M7                    0.000      -0.017      -2.024   29.60%      -2.024     -1.024     -0.024
             250.000       2.695      -1.625       1.976   31.20%       0.976      1.976
     M8                    0.000       0.013      -2.024   23.60%      -2.024     -1.024     -0.024
             250.000       2.343      -1.474       1.976   26.80%       0.976      1.976
     M9                    0.000       0.101      -1.920   27.60%      -1.920     -0.920      0.080
             250.000       2.426      -1.497       2.080   25.60%       0.080      2.080
     M10                   0.000       0.098      -1.884   26.80%      -1.884     -0.884      0.116
             250.000       2.239      -1.407       2.116   21.20%       0.116      2.116
     M11                   0.000       0.054      -1.968   24.80%      -1.968     -0.968      0.032
             250.000       2.279      -1.413       2.032   24.80%       0.032      2.032
     M12                   0.000      -0.140      -2.132   22.00%      -2.132     -0.132     -0.132
             250.000       2.243      -1.384       1.868   26.80%       0.868      1.868
     Y1                    0.641      -0.244      -2.711    0.40%      -0.073      0.427      0.631
             250.000       0.679       0.357       2.766    0.40%       0.833      1.362
     Y2                    0.857      -0.079      -1.540    0.40%      -0.058      0.631      0.935
             250.000       0.996      -0.532       3.152    0.40%       1.162      1.752
     Y3                    1.171      -0.119      -1.791    0.40%       0.247      0.848      1.229
             250.000       1.248      -0.325       3.812    0.40%       1.541      2.101
     X1M10                 0.000      -0.228      -1.151    9.60%      -0.671     -0.191     -0.059
             250.000       0.541      -1.290       0.981   12.40%       0.289      0.769
     X2M11                 0.000      -0.068      -1.039   14.00%      -1.023     -0.047     -0.015
             250.000       0.572      -1.397       1.009   14.80%       0.441      0.929
     X3M12                 0.000      -0.175      -1.138   10.00%      -0.990     -0.122     -0.006
             250.000       0.555      -1.366       0.978   11.20%       0.386      0.894


     THIS ANALYSIS MAY HAVE MULTIPLE SOLUTIONS.  EXPLORE THIS USING RANDOM STARTS,
     FOR EXAMPLE, STARTS = 20.  USE A LARGE ENOUGH NUMBER OF STARTS SO THAT THE
     BEST FIT FUNCTION VALUE IS REPLICATED SEVERAL TIMES.


THE MODEL ESTIMATION TERMINATED NORMALLY

     THE STANDARD ERRORS OF THE MODEL PARAMETER ESTIMATES MAY NOT BE
     TRUSTWORTHY FOR SOME PARAMETERS DUE TO A NON-POSITIVE DEFINITE
     FIRST-ORDER DERIVATIVE PRODUCT MATRIX.  THIS MAY BE DUE TO THE STARTING
     VALUES BUT MAY ALSO BE AN INDICATION OF MODEL NONIDENTIFICATION.  THE
     CONDITION NUMBER IS      -0.615D-13.  PROBLEM INVOLVING THE FOLLOWING PARAMETER:
     Parameter 40, X2

     THIS IS MOST LIKELY DUE TO VARIABLE X1 BEING DICHOTOMOUS BUT
     DECLARED AS CONTINUOUS.




MODEL FIT INFORMATION

Number of Free Parameters                       69

Loglikelihood

          H0 Value                       -7751.232
          H0 Scaling Correction Factor      0.8413
            for MLR
          H1 Value                       -7643.529
          H1 Scaling Correction Factor      0.9659
            for MLR

Information Criteria

          Akaike (AIC)                   15640.464
          Bayesian (BIC)                 15883.445
          Sample-Size Adjusted BIC       15664.709
            (n* = (n + 2) / 24)

Chi-Square Test of Model Fit

          Value                            212.677*
          Degrees of Freedom                   183
          P-Value                           0.0657
          Scaling Correction Factor         1.0128
            for MLR

*   The chi-square value for MLM, MLMV, MLR, ULSMV, WLSM and WLSMV cannot be used
    for chi-square difference testing in the regular way.  MLM, MLR and WLSM
    chi-square difference testing is described on the Mplus website.  MLMV, WLSMV,
    and ULSMV difference testing is done using the DIFFTEST option.

RMSEA (Root Mean Square Error Of Approximation)

          Estimate                           0.025
          90 Percent C.I.                    0.000  0.039
          Probability RMSEA <= .05           0.999

CFI/TLI

          CFI                                0.948
          TLI                                0.941

Chi-Square Test of Model Fit for the Baseline Model

          Value                            783.085
          Degrees of Freedom                   210
          P-Value                           0.0000

SRMR (Standardized Root Mean Square Residual)

          Value                              0.052



MODEL RESULTS

                                                    Two-Tailed
                    Estimate       S.E.  Est./S.E.    P-Value

 X        BY
    X3                 1.000      0.000    999.000    999.000
    X2                 0.472      0.144      3.284      0.001
    X1                 0.440      0.139      3.158      0.002

 M        BY
    M12                1.000      0.000    999.000    999.000
    M11                0.888      0.091      9.810      0.000
    M10                0.756      0.095      7.988      0.000
    M9                 0.758      0.108      7.034      0.000
    M8                 0.688      0.102      6.736      0.000
    M7                 0.633      0.105      6.049      0.000
    M6                 0.384      0.104      3.709      0.000
    M5                 0.470      0.102      4.633      0.000
    M4                 0.301      0.110      2.746      0.006
    M3                 0.432      0.109      3.977      0.000
    M2                 0.133      0.117      1.139      0.255
    M1                 0.370      0.108      3.415      0.001

 Y        BY
    Y3                 1.000      0.000    999.000    999.000
    Y2                 0.814      0.113      7.233      0.000
    Y1                 0.622      0.074      8.415      0.000

 XM       BY
    X3M12              1.000      0.000    999.000    999.000
    X2M11              1.022      0.523      1.953      0.051
    X1M10              2.314      1.757      1.317      0.188

 Y        ON
    X                  0.227      0.178      1.274      0.203
    M                  0.354      0.081      4.368      0.000
    XM                -1.307      0.646     -2.023      0.043

 X        WITH
    M                  0.129      0.039      3.315      0.001
    XM                -0.004      0.011     -0.374      0.708

 M        WITH
    XM                 0.010      0.033      0.286      0.775

 Intercepts
    X1                 0.000      0.032      0.000      1.000
    X2                 0.000      0.032      0.000      1.000
    X3                 0.000      0.032      0.000      1.000
    M1                 0.000      0.105      0.000      1.000
    M2                 0.000      0.103      0.000      1.000
    M3                 0.000      0.104      0.000      1.000
    M4                 0.000      0.100      0.000      1.000
    M5                 0.000      0.101      0.000      1.000
    M6                 0.000      0.097      0.000      1.000
    M7                 0.000      0.104      0.000      1.000
    M8                 0.000      0.097      0.000      1.000
    M9                 0.000      0.099      0.000      1.000
    M10                0.000      0.095      0.000      1.000
    M11                0.000      0.095      0.000      1.000
    M12                0.000      0.095      0.000      1.000
    Y1                 0.641      0.052     12.295      0.000
    Y2                 0.857      0.063     13.569      0.000
    Y3                 1.171      0.071     16.573      0.000
    X1M10              0.000      0.047      0.000      1.000
    X2M11              0.000      0.048      0.000      1.000
    X3M12              0.000      0.047      0.000      1.000

 Variances
    X                  0.192      0.051      3.735      0.000
    M                  1.112      0.158      7.030      0.000
    XM                 0.042      0.041      1.007      0.314

 Residual Variances
    X1                 0.213      0.016     13.149      0.000
    X2                 0.207      0.017     11.903      0.000
    X3                 0.058      0.051      1.121      0.262
    M1                 2.591      0.131     19.722      0.000
    M2                 2.636      0.109     24.109      0.000
    M3                 2.502      0.136     18.457      0.000
    M4                 2.418      0.120     20.110      0.000
    M5                 2.298      0.133     17.243      0.000
    M6                 2.188      0.123     17.781      0.000
    M7                 2.250      0.149     15.085      0.000
    M8                 1.817      0.158     11.490      0.000
    M9                 1.786      0.162     11.035      0.000
    M10                1.603      0.139     11.497      0.000
    M11                1.402      0.144      9.746      0.000
    M12                1.131      0.139      8.144      0.000
    Y1                 0.407      0.062      6.593      0.000
    Y2                 0.529      0.083      6.386      0.000
    Y3                 0.544      0.100      5.420      0.000
    X1M10              0.319      0.141      2.259      0.024
    X2M11              0.529      0.037     14.232      0.000
    X3M12              0.514      0.048     10.797      0.000
    Y                  0.470      0.103      4.549      0.000

New/Additional Parameters
    VAR_Y              0.704      0.123      5.708      0.000
    STD_B1             0.118      0.088      1.349      0.177
    STD_B2             0.444      0.090      4.927      0.000
    STD_B3            -0.719      0.357     -2.016      0.044


QUALITY OF NUMERICAL RESULTS

     Condition Number for the Information Matrix              0.317E-04
       (ratio of smallest to largest eigenvalue)


CONFIDENCE INTERVALS OF MODEL RESULTS

                  Lower .5%  Lower 2.5%    Lower 5%    Estimate    Upper 5%  Upper 2.5%   Upper .5%

 X        BY
    X3               1.000       1.000       1.000       1.000       1.000       1.000       1.000
    X2               0.102       0.190       0.236       0.472       0.709       0.754       0.843
    X1               0.081       0.167       0.211       0.440       0.669       0.713       0.799

 M        BY
    M12              1.000       1.000       1.000       1.000       1.000       1.000       1.000
    M11              0.655       0.711       0.739       0.888       1.037       1.066       1.121
    M10              0.512       0.571       0.601       0.756       0.912       0.942       1.000
    M9               0.481       0.547       0.581       0.758       0.936       0.970       1.036
    M8               0.425       0.488       0.520       0.688       0.856       0.888       0.951
    M7               0.363       0.428       0.461       0.633       0.805       0.838       0.902
    M6               0.117       0.181       0.214       0.384       0.554       0.587       0.651
    M5               0.209       0.271       0.303       0.470       0.637       0.669       0.732
    M4               0.019       0.086       0.121       0.301       0.481       0.516       0.583
    M3               0.152       0.219       0.254       0.432       0.611       0.646       0.713
    M2              -0.167      -0.096      -0.059       0.133       0.325       0.361       0.433
    M1               0.091       0.158       0.192       0.370       0.548       0.582       0.649

 Y        BY
    Y3               1.000       1.000       1.000       1.000       1.000       1.000       1.000
    Y2               0.524       0.594       0.629       0.814       1.000       1.035       1.105
    Y1               0.431       0.477       0.500       0.622       0.743       0.767       0.812

 XM       BY
    X3M12            1.000       1.000       1.000       1.000       1.000       1.000       1.000
    X2M11           -0.326      -0.004       0.161       1.022       1.882       2.047       2.369
    X1M10           -2.211      -1.129      -0.576       2.314       5.203       5.757       6.838

 Y        ON
    X               -0.232      -0.122      -0.066       0.227       0.520       0.576       0.685
    M                0.145       0.195       0.220       0.354       0.487       0.512       0.562
    XM              -2.971      -2.573      -2.370      -1.307      -0.244      -0.040       0.357

 X        WITH
    M                0.029       0.053       0.065       0.129       0.192       0.205       0.229
    XM              -0.032      -0.025      -0.022      -0.004       0.014       0.017       0.024

 M        WITH
    XM              -0.077      -0.056      -0.046       0.010       0.065       0.075       0.096

 Intercepts
    X1              -0.081      -0.062      -0.052       0.000       0.052       0.062       0.081
    X2              -0.081      -0.062      -0.052       0.000       0.052       0.062       0.081
    X3              -0.081      -0.062      -0.052       0.000       0.052       0.062       0.081
    M1              -0.270      -0.205      -0.172       0.000       0.172       0.205       0.270
    M2              -0.265      -0.202      -0.170       0.000       0.170       0.202       0.265
    M3              -0.268      -0.204      -0.171       0.000       0.171       0.204       0.268
    M4              -0.259      -0.197      -0.165       0.000       0.165       0.197       0.259
    M5              -0.260      -0.198      -0.166       0.000       0.166       0.198       0.260
    M6              -0.250      -0.190      -0.160       0.000       0.160       0.190       0.250
    M7              -0.267      -0.204      -0.171       0.000       0.171       0.204       0.267
    M8              -0.249      -0.190      -0.159       0.000       0.159       0.190       0.249
    M9              -0.254      -0.193      -0.162       0.000       0.162       0.193       0.254
    M10             -0.244      -0.185      -0.156       0.000       0.156       0.185       0.244
    M11             -0.246      -0.187      -0.157       0.000       0.157       0.187       0.246
    M12             -0.244      -0.186      -0.156       0.000       0.156       0.186       0.244
    Y1               0.507       0.539       0.555       0.641       0.727       0.743       0.775
    Y2               0.694       0.733       0.753       0.857       0.960       0.980       1.019
    Y3               0.989       1.032       1.055       1.171       1.287       1.309       1.353
    X1M10           -0.120      -0.091      -0.077       0.000       0.077       0.091       0.120
    X2M11           -0.123      -0.094      -0.079       0.000       0.079       0.094       0.123
    X3M12           -0.121      -0.092      -0.078       0.000       0.078       0.092       0.121

 Variances
    X                0.060       0.091       0.107       0.192       0.276       0.293       0.324
    M                0.704       0.802       0.852       1.112       1.372       1.422       1.519
    XM              -0.065      -0.039      -0.026       0.042       0.109       0.122       0.148

 Residual Variances
    X1               0.171       0.181       0.186       0.213       0.239       0.244       0.254
    X2               0.162       0.173       0.178       0.207       0.236       0.241       0.252
    X3              -0.075      -0.043      -0.027       0.058       0.142       0.159       0.190
    M1               2.253       2.334       2.375       2.591       2.807       2.849       2.930
    M2               2.355       2.422       2.457       2.636       2.816       2.851       2.918
    M3               2.153       2.237       2.279       2.502       2.726       2.768       2.852
    M4               2.108       2.182       2.220       2.418       2.616       2.654       2.728
    M5               1.955       2.037       2.079       2.298       2.517       2.559       2.641
    M6               1.871       1.947       1.986       2.188       2.391       2.429       2.505
    M7               1.866       1.958       2.005       2.250       2.496       2.543       2.635
    M8               1.410       1.507       1.557       1.817       2.077       2.127       2.224
    M9               1.369       1.469       1.520       1.786       2.052       2.103       2.203
    M10              1.244       1.329       1.373       1.603       1.832       1.876       1.962
    M11              1.031       1.120       1.165       1.402       1.639       1.684       1.772
    M12              0.773       0.859       0.902       1.131       1.359       1.403       1.489
    Y1               0.248       0.286       0.306       0.407       0.509       0.528       0.566
    Y2               0.316       0.367       0.393       0.529       0.666       0.692       0.743
    Y3               0.285       0.347       0.379       0.544       0.709       0.740       0.802
    X1M10           -0.045       0.042       0.087       0.319       0.551       0.596       0.683
    X2M11            0.433       0.456       0.468       0.529       0.590       0.602       0.624
    X3M12            0.391       0.421       0.436       0.514       0.592       0.607       0.637
    Y                0.204       0.267       0.300       0.470       0.640       0.672       0.736

New/Additional Parameters
    VAR_Y            0.386       0.462       0.501       0.704       0.907       0.946       1.022
    STD_B1          -0.108      -0.054      -0.026       0.118       0.263       0.291       0.345
    STD_B2           0.212       0.268       0.296       0.444       0.593       0.621       0.677
    STD_B3          -1.638      -1.419      -1.306      -0.719      -0.133      -0.020       0.200


TECHNICAL 1 OUTPUT


     PARAMETER SPECIFICATION


           NU
              X1            X2            X3            M1            M2
              ________      ________      ________      ________      ________
                  1             2             3             4             5


           NU
              M3            M4            M5            M6            M7
              ________      ________      ________      ________      ________
                  6             7             8             9            10


           NU
              M8            M9            M10           M11           M12
              ________      ________      ________      ________      ________
                 11            12            13            14            15


           NU
              Y1            Y2            Y3            X1M10         X2M11
              ________      ________      ________      ________      ________
                 16            17            18            19            20


           NU
              X3M12
              ________
                 21


           LAMBDA
              X             M             Y             XM
              ________      ________      ________      ________
 X1                22             0             0             0
 X2                23             0             0             0
 X3                 0             0             0             0
 M1                 0            24             0             0
 M2                 0            25             0             0
 M3                 0            26             0             0
 M4                 0            27             0             0
 M5                 0            28             0             0
 M6                 0            29             0             0
 M7                 0            30             0             0
 M8                 0            31             0             0
 M9                 0            32             0             0
 M10                0            33             0             0
 M11                0            34             0             0
 M12                0             0             0             0
 Y1                 0             0            35             0
 Y2                 0             0            36             0
 Y3                 0             0             0             0
 X1M10              0             0             0            37
 X2M11              0             0             0            38
 X3M12              0             0             0             0


           THETA
              X1            X2            X3            M1            M2
              ________      ________      ________      ________      ________
 X1                39
 X2                 0            40
 X3                 0             0            41
 M1                 0             0             0            42
 M2                 0             0             0             0            43
 M3                 0             0             0             0             0
 M4                 0             0             0             0             0
 M5                 0             0             0             0             0
 M6                 0             0             0             0             0
 M7                 0             0             0             0             0
 M8                 0             0             0             0             0
 M9                 0             0             0             0             0
 M10                0             0             0             0             0
 M11                0             0             0             0             0
 M12                0             0             0             0             0
 Y1                 0             0             0             0             0
 Y2                 0             0             0             0             0
 Y3                 0             0             0             0             0
 X1M10              0             0             0             0             0
 X2M11              0             0             0             0             0
 X3M12              0             0             0             0             0


           THETA
              M3            M4            M5            M6            M7
              ________      ________      ________      ________      ________
 M3                44
 M4                 0            45
 M5                 0             0            46
 M6                 0             0             0            47
 M7                 0             0             0             0            48
 M8                 0             0             0             0             0
 M9                 0             0             0             0             0
 M10                0             0             0             0             0
 M11                0             0             0             0             0
 M12                0             0             0             0             0
 Y1                 0             0             0             0             0
 Y2                 0             0             0             0             0
 Y3                 0             0             0             0             0
 X1M10              0             0             0             0             0
 X2M11              0             0             0             0             0
 X3M12              0             0             0             0             0


           THETA
              M8            M9            M10           M11           M12
              ________      ________      ________      ________      ________
 M8                49
 M9                 0            50
 M10                0             0            51
 M11                0             0             0            52
 M12                0             0             0             0            53
 Y1                 0             0             0             0             0
 Y2                 0             0             0             0             0
 Y3                 0             0             0             0             0
 X1M10              0             0             0             0             0
 X2M11              0             0             0             0             0
 X3M12              0             0             0             0             0


           THETA
              Y1            Y2            Y3            X1M10         X2M11
              ________      ________      ________      ________      ________
 Y1                54
 Y2                 0            55
 Y3                 0             0            56
 X1M10              0             0             0            57
 X2M11              0             0             0             0            58
 X3M12              0             0             0             0             0


           THETA
              X3M12
              ________
 X3M12             59


           ALPHA
              X             M             Y             XM
              ________      ________      ________      ________
                  0             0             0             0


           BETA
              X             M             Y             XM
              ________      ________      ________      ________
 X                  0             0             0             0
 M                  0             0             0             0
 Y                 60            61             0            62
 XM                 0             0             0             0


           PSI
              X             M             Y             XM
              ________      ________      ________      ________
 X                 63
 M                 64            65
 Y                  0             0            66
 XM                67            68             0            69


     PARAMETER SPECIFICATION FOR THE ADDITIONAL PARAMETERS


           New/Additional Parameters
              VAR_Y         STD_B1        STD_B2        STD_B3
              ________      ________      ________      ________
                   70            71            72            73


     STARTING VALUES


           NU
              X1            X2            X3            M1            M2
              ________      ________      ________      ________      ________
                0.000         0.000         0.000         0.000         0.000


           NU
              M3            M4            M5            M6            M7
              ________      ________      ________      ________      ________
                0.000         0.000         0.000         0.000         0.000


           NU
              M8            M9            M10           M11           M12
              ________      ________      ________      ________      ________
                0.000         0.000         0.000         0.000         0.000


           NU
              Y1            Y2            Y3            X1M10         X2M11
              ________      ________      ________      ________      ________
                0.641         0.857         1.171         0.000         0.000


           NU
              X3M12
              ________
                0.000


           LAMBDA
              X             M             Y             XM
              ________      ________      ________      ________
 X1             0.533         0.000         0.000         0.000
 X2             0.574         0.000         0.000         0.000
 X3             1.000         0.000         0.000         0.000
 M1             0.000         0.758         0.000         0.000
 M2             0.000         0.152         0.000         0.000
 M3             0.000         0.552         0.000         0.000
 M4             0.000         0.191         0.000         0.000
 M5             0.000         0.431         0.000         0.000
 M6             0.000         0.387         0.000         0.000
 M7             0.000         0.784         0.000         0.000
 M8             0.000         0.823         0.000         0.000
 M9             0.000         0.614         0.000         0.000
 M10            0.000         0.845         0.000         0.000
 M11            0.000         0.930         0.000         0.000
 M12            0.000         1.000         0.000         0.000
 Y1             0.000         0.000         0.646         0.000
 Y2             0.000         0.000         0.868         0.000
 Y3             0.000         0.000         1.000         0.000
 X1M10          0.000         0.000         0.000         1.977
 X2M11          0.000         0.000         0.000         1.179
 X3M12          0.000         0.000         0.000         1.000


           THETA
              X1            X2            X3            M1            M2
              ________      ________      ________      ________      ________
 X1             0.125
 X2             0.000         0.125
 X3             0.000         0.000         0.125
 M1             0.000         0.000         0.000         1.372
 M2             0.000         0.000         0.000         0.000         1.328
 M3             0.000         0.000         0.000         0.000         0.000
 M4             0.000         0.000         0.000         0.000         0.000
 M5             0.000         0.000         0.000         0.000         0.000
 M6             0.000         0.000         0.000         0.000         0.000
 M7             0.000         0.000         0.000         0.000         0.000
 M8             0.000         0.000         0.000         0.000         0.000
 M9             0.000         0.000         0.000         0.000         0.000
 M10            0.000         0.000         0.000         0.000         0.000
 M11            0.000         0.000         0.000         0.000         0.000
 M12            0.000         0.000         0.000         0.000         0.000
 Y1             0.000         0.000         0.000         0.000         0.000
 Y2             0.000         0.000         0.000         0.000         0.000
 Y3             0.000         0.000         0.000         0.000         0.000
 X1M10          0.000         0.000         0.000         0.000         0.000
 X2M11          0.000         0.000         0.000         0.000         0.000
 X3M12          0.000         0.000         0.000         0.000         0.000


           THETA
              M3            M4            M5            M6            M7
              ________      ________      ________      ________      ________
 M3             1.355
 M4             0.000         1.259
 M5             0.000         0.000         1.272
 M6             0.000         0.000         0.000         1.176
 M7             0.000         0.000         0.000         0.000         1.348
 M8             0.000         0.000         0.000         0.000         0.000
 M9             0.000         0.000         0.000         0.000         0.000
 M10            0.000         0.000         0.000         0.000         0.000
 M11            0.000         0.000         0.000         0.000         0.000
 M12            0.000         0.000         0.000         0.000         0.000
 Y1             0.000         0.000         0.000         0.000         0.000
 Y2             0.000         0.000         0.000         0.000         0.000
 Y3             0.000         0.000         0.000         0.000         0.000
 X1M10          0.000         0.000         0.000         0.000         0.000
 X2M11          0.000         0.000         0.000         0.000         0.000
 X3M12          0.000         0.000         0.000         0.000         0.000


           THETA
              M8            M9            M10           M11           M12
              ________      ________      ________      ________      ________
 M8             1.172
 M9             0.000         1.213
 M10            0.000         0.000         1.119
 M11            0.000         0.000         0.000         1.139
 M12            0.000         0.000         0.000         0.000         1.121
 Y1             0.000         0.000         0.000         0.000         0.000
 Y2             0.000         0.000         0.000         0.000         0.000
 Y3             0.000         0.000         0.000         0.000         0.000
 X1M10          0.000         0.000         0.000         0.000         0.000
 X2M11          0.000         0.000         0.000         0.000         0.000
 X3M12          0.000         0.000         0.000         0.000         0.000


           THETA
              Y1            Y2            Y3            X1M10         X2M11
              ________      ________      ________      ________      ________
 Y1             0.340
 Y2             0.000         0.498
 Y3             0.000         0.000         0.624
 X1M10          0.000         0.000         0.000         0.271
 X2M11          0.000         0.000         0.000         0.000         0.286
 X3M12          0.000         0.000         0.000         0.000         0.000


           THETA
              X3M12
              ________
 X3M12          0.278


           ALPHA
              X             M             Y             XM
              ________      ________      ________      ________
                0.000         0.000         0.000         0.000


           BETA
              X             M             Y             XM
              ________      ________      ________      ________
 X              0.000         0.000         0.000         0.000
 M              0.000         0.000         0.000         0.000
 Y              0.000         0.000         0.000         0.000
 XM             0.000         0.000         0.000         0.000


           PSI
              X             M             Y             XM
              ________      ________      ________      ________
 X              0.050
 M              0.000         0.050
 Y              0.000         0.000         0.050
 XM             0.000         0.000         0.000         0.050


     STARTING VALUES FOR THE ADDITIONAL PARAMETERS


           New/Additional Parameters
              VAR_Y         STD_B1        STD_B2        STD_B3
              ________      ________      ________      ________
                0.500         0.500         0.500         0.500


RESULTS SAVING INFORMATION

  Order of data

    Parameter estimates
     (saved in order shown in Technical 1 output)
    Standard errors
     (saved in order shown in Technical 1 output)
    Number of Free Parameters
    H0 Loglikelihood
    H0 Scaling Correction Factor for MLR
    H1 Loglikelihood
    H1 Scaling Correction Factor for MLR
    Akaike (AIC)
    Bayesian (BIC)
    Sample-Size Adjusted BIC
    Chi-square : Value
    Chi-square : Degrees of Freedom
    Chi-square : P-Value
    Chi-square : Scaling Correction Factor for MLR/MLM/WLSM
    CFI
    TLI
    RMSEA : Estimate
    RMSEA : Low CI
    RMSEA : High CI
    RMSEA : Probability
    SRMR
    Condition Number

  Save file
    matchupi_results_1869.dat

  Save file format           Free


     Beginning Time:  21:44:54
        Ending Time:  21:44:55
       Elapsed Time:  00:00:01



MUTHEN & MUTHEN
3463 Stoner Ave.
Los Angeles, CA  90066

Tel: (310) 391-9971
Fax: (310) 391-8971
Web: www.StatModel.com
Support: Support@StatModel.com

Copyright (c) 1998-2022 Muthen & Muthen
