Mplus VERSION 8.8 (Mac)
MUTHEN & MUTHEN
07/27/2025   9:55 PM

INPUT INSTRUCTIONS


    TITLE: Matched-pair Unconstrained Product Indicator

    DATA:
      FILE = matchupi_simdat_1272.dat;
      FORMAT IS FREE;

    VARIABLE:
      NAMES = x1 x2 x3
      	    m1 m2 m3 m4 m5 m6
      	    m7 m8 m9 m10 m11 m12
      	    y1 y2 y3
      	    x1m10 x2m11 x3m12;
      USEVARIABLES = x1-x3m12;

    ANALYSIS:
      TYPE = general;
      ESTIMATOR = MLR;
    MODEL:
      !measurement model
      X BY x3 x2 x1;
      X (var_X);
      M BY m12 m11 m10 m9 m8 m7 m6 m5 m4 m3 m2 m1;
      M (var_M);
      Y BY y3 y2 y1;
      Y (resvar_Y);
      XM BY x3m12 x2m11 x1m10;
      XM (var_XM);

      !covariances between predictors
      X WITH M (cov_XM);
      X WITH XM (cov_XXM);
      M WITH XM (cov_MXM);

      !structural model
      Y ON X (b1);
      Y ON M (b2);
      Y ON XM (b3);

    MODEL CONSTRAINT:

      NEW(var_Y std_b1 std_b2 std_b3);
      var_Y = resvar_Y +
       (b1^2 * var_X +
        b2^2 * var_M +
        b3^2 * var_XM +
        2 * b1 * b2 * cov_XM +
        2 * b1 * b3 * cov_XXM +
        2 * b2 * b3 * cov_MXM);

        std_b1 = b1 * sqrt(var_X) / sqrt(var_Y);
        std_b2 = b2 * sqrt(var_M) / sqrt(var_Y);
        std_b3 = b3 * sqrt(var_X) * sqrt(var_M) / sqrt(var_Y);

    OUTPUT:
      sampstat tech1 CINTERVAL;

    SAVEDATA:
      RESULTS = matchupi_results_1272.dat;




INPUT READING TERMINATED NORMALLY



Matched-pair Unconstrained Product Indicator

SUMMARY OF ANALYSIS

Number of groups                                                 1
Number of observations                                         250

Number of dependent variables                                   21
Number of independent variables                                  0
Number of continuous latent variables                            4

Observed dependent variables

  Continuous
   X1          X2          X3          M1          M2          M3
   M4          M5          M6          M7          M8          M9
   M10         M11         M12         Y1          Y2          Y3
   X1M10       X2M11       X3M12

Continuous latent variables
   X           M           Y           XM


Estimator                                                      MLR
Information matrix                                        OBSERVED
Maximum number of iterations                                  1000
Convergence criterion                                    0.500D-04
Maximum number of steepest descent iterations                   20

Input data file(s)
  matchupi_simdat_1272.dat

Input data format  FREE


SAMPLE STATISTICS


     SAMPLE STATISTICS


           Means
              X1            X2            X3            M1            M2
              ________      ________      ________      ________      ________
                0.000         0.000         0.000         0.000         0.000


           Means
              M3            M4            M5            M6            M7
              ________      ________      ________      ________      ________
                0.000         0.000         0.000         0.000         0.000


           Means
              M8            M9            M10           M11           M12
              ________      ________      ________      ________      ________
                0.000         0.000         0.000         0.000         0.000


           Means
              Y1            Y2            Y3            X1M10         X2M11
              ________      ________      ________      ________      ________
                0.651         0.823         1.126         0.000         0.000


           Means
              X3M12
              ________
                0.000


           Covariances
              X1            X2            X3            M1            M2
              ________      ________      ________      ________      ________
 X1             0.250
 X2             0.057         0.248
 X3             0.056         0.087         0.250
 M1             0.113        -0.027        -0.031         2.844
 M2            -0.027        -0.002        -0.011        -0.119         2.590
 M3            -0.018        -0.027        -0.002        -0.161         0.075
 M4             0.000         0.055         0.029         0.072        -0.086
 M5            -0.052        -0.017        -0.024         0.023         0.199
 M6             0.105         0.018         0.185        -0.219         0.224
 M7             0.037         0.060         0.089         0.047         0.144
 M8            -0.039         0.075         0.004        -0.114         0.290
 M9             0.097         0.126         0.049         0.045         0.248
 M10            0.035         0.003         0.031         0.069         0.223
 M11            0.007         0.060         0.075        -0.134         0.236
 M12           -0.001         0.026         0.092         0.095         0.306
 Y1             0.051         0.057         0.062        -0.109        -0.102
 Y2             0.083         0.079         0.078        -0.044        -0.115
 Y3             0.066         0.062         0.095        -0.093        -0.129
 X1M10         -0.036        -0.008         0.002         0.084         0.187
 X2M11         -0.060        -0.005        -0.019        -0.038         0.115
 X3M12          0.001         0.011         0.021         0.079        -0.062


           Covariances
              M3            M4            M5            M6            M7
              ________      ________      ________      ________      ________
 M3             2.580
 M4             0.369         2.501
 M5             0.020         0.186         2.536
 M6             0.117        -0.130         0.361         2.461
 M7             0.391         0.494         0.427         0.243         2.346
 M8             0.016         0.656         0.447         0.275         0.589
 M9             0.277         0.362         0.405         0.281         0.499
 M10            0.489         0.571         0.333         0.510         0.578
 M11            0.357         0.517         0.609         0.401         0.591
 M12            0.460         0.411         0.573         0.653         0.739
 Y1            -0.039         0.079         0.151         0.068         0.123
 Y2             0.040         0.163         0.297         0.218         0.188
 Y3             0.100         0.282         0.246         0.338         0.254
 X1M10         -0.010         0.117         0.098         0.095         0.073
 X2M11         -0.077        -0.131        -0.057        -0.003         0.043
 X3M12          0.226         0.024         0.103        -0.119         0.031


           Covariances
              M8            M9            M10           M11           M12
              ________      ________      ________      ________      ________
 M8             2.255
 M9             0.407         2.309
 M10            0.606         0.566         2.467
 M11            0.667         0.781         0.906         2.184
 M12            0.661         0.889         0.869         0.992         2.262
 Y1             0.150         0.061         0.074         0.203         0.161
 Y2             0.274         0.118         0.146         0.339         0.155
 Y3             0.455         0.149         0.210         0.440         0.305
 X1M10          0.075        -0.050         0.054        -0.051         0.054
 X2M11          0.103         0.019         0.024         0.022         0.083
 X3M12         -0.052         0.165         0.041         0.114         0.099


           Covariances
              Y1            Y2            Y3            X1M10         X2M11
              ________      ________      ________      ________      ________
 Y1             0.683
 Y2             0.369         0.937
 Y3             0.393         0.608         1.285
 X1M10         -0.041         0.004         0.007         0.558
 X2M11         -0.024        -0.050        -0.033         0.040         0.536
 X3M12          0.014        -0.019         0.012         0.067         0.008


           Covariances
              X3M12
              ________
 X3M12          0.616


           Correlations
              X1            X2            X3            M1            M2
              ________      ________      ________      ________      ________
 X1             1.000
 X2             0.228         1.000
 X3             0.223         0.348         1.000
 M1             0.134        -0.032        -0.037         1.000
 M2            -0.034        -0.003        -0.014        -0.044         1.000
 M3            -0.022        -0.033        -0.002        -0.059         0.029
 M4             0.000         0.070         0.036         0.027        -0.034
 M5            -0.065        -0.021        -0.030         0.009         0.078
 M6             0.133         0.023         0.236        -0.083         0.089
 M7             0.049         0.079         0.116         0.018         0.058
 M8            -0.053         0.100         0.006        -0.045         0.120
 M9             0.127         0.166         0.065         0.018         0.101
 M10            0.044         0.004         0.040         0.026         0.088
 M11            0.009         0.081         0.101        -0.054         0.099
 M12           -0.001         0.034         0.122         0.037         0.126
 Y1             0.123         0.139         0.150        -0.078        -0.077
 Y2             0.172         0.165         0.162        -0.027        -0.074
 Y3             0.117         0.109         0.168        -0.049        -0.071
 X1M10         -0.097        -0.022         0.006         0.067         0.155
 X2M11         -0.165        -0.014        -0.052        -0.031         0.097
 X3M12          0.003         0.027         0.053         0.060        -0.049


           Correlations
              M3            M4            M5            M6            M7
              ________      ________      ________      ________      ________
 M3             1.000
 M4             0.145         1.000
 M5             0.008         0.074         1.000
 M6             0.046        -0.053         0.145         1.000
 M7             0.159         0.204         0.175         0.101         1.000
 M8             0.006         0.276         0.187         0.117         0.256
 M9             0.113         0.150         0.168         0.118         0.214
 M10            0.194         0.230         0.133         0.207         0.240
 M11            0.150         0.221         0.259         0.173         0.261
 M12            0.191         0.173         0.239         0.277         0.321
 Y1            -0.029         0.060         0.115         0.053         0.097
 Y2             0.026         0.106         0.193         0.144         0.127
 Y3             0.055         0.157         0.136         0.190         0.146
 X1M10         -0.008         0.099         0.083         0.081         0.064
 X2M11         -0.065        -0.113        -0.049        -0.003         0.038
 X3M12          0.179         0.019         0.082        -0.097         0.026


           Correlations
              M8            M9            M10           M11           M12
              ________      ________      ________      ________      ________
 M8             1.000
 M9             0.178         1.000
 M10            0.257         0.237         1.000
 M11            0.300         0.348         0.390         1.000
 M12            0.293         0.389         0.368         0.446         1.000
 Y1             0.121         0.049         0.057         0.167         0.130
 Y2             0.189         0.080         0.096         0.237         0.106
 Y3             0.267         0.086         0.118         0.263         0.179
 X1M10          0.067        -0.044         0.046        -0.046         0.048
 X2M11          0.094         0.017         0.021         0.020         0.075
 X3M12         -0.044         0.138         0.033         0.098         0.084


           Correlations
              Y1            Y2            Y3            X1M10         X2M11
              ________      ________      ________      ________      ________
 Y1             1.000
 Y2             0.462         1.000
 Y3             0.419         0.554         1.000
 X1M10         -0.067         0.005         0.009         1.000
 X2M11         -0.040        -0.070        -0.040         0.073         1.000
 X3M12          0.022        -0.025         0.014         0.114         0.014


           Correlations
              X3M12
              ________
 X3M12          1.000


UNIVARIATE SAMPLE STATISTICS


     UNIVARIATE HIGHER-ORDER MOMENT DESCRIPTIVE STATISTICS

         Variable/         Mean/     Skewness/   Minimum/ % with                Percentiles
        Sample Size      Variance    Kurtosis    Maximum  Min/Max      20%/60%    40%/80%    Median

     X1                    0.000       0.064      -0.484   51.60%      -0.484     -0.484     -0.484
             250.000       0.250      -1.996       0.516   48.40%       0.516      0.516
     X2                    0.000      -0.177      -0.544   45.60%      -0.544     -0.544      0.456
             250.000       0.248      -1.969       0.456   54.40%       0.456      0.456
     X3                    0.000       0.048      -0.488   51.20%      -0.488     -0.488     -0.488
             250.000       0.250      -1.998       0.512   48.80%       0.512      0.512
     M1                    0.000      -0.046      -2.064   30.80%      -2.064     -1.064     -0.064
             250.000       2.844      -1.670       1.936   35.20%       0.936      1.936
     M2                    0.000      -0.084      -2.048   28.80%      -2.048     -1.048     -0.048
             250.000       2.590      -1.585       1.952   28.40%       0.952      1.952
     M3                    0.000       0.009      -2.012   28.40%      -2.012     -1.012     -0.012
             250.000       2.580      -1.553       1.988   30.40%       0.988      1.988
     M4                    0.000       0.132      -1.876   30.40%      -1.876     -0.876      0.124
             250.000       2.501      -1.519       2.124   25.60%       0.124      2.124
     M5                    0.000       0.027      -2.016   26.00%      -2.016     -1.016     -0.016
             250.000       2.536      -1.570       1.984   29.60%       0.984      1.984
     M6                    0.000       0.058      -1.916   30.00%      -1.916     -0.916      0.084
             250.000       2.461      -1.511       2.084   24.80%       0.084      2.084
     M7                    0.000      -0.068      -2.080   23.20%      -2.080     -1.080     -0.080
             250.000       2.346      -1.475       1.920   27.20%       0.920      1.920
     M8                    0.000       0.002      -2.032   22.40%      -2.032     -1.032     -0.032
             250.000       2.255      -1.426       1.968   25.60%       0.968      1.968
     M9                    0.000       0.053      -1.916   27.60%      -1.916     -0.916      0.084
             250.000       2.309      -1.447       2.084   22.40%       0.084      2.084
     M10                   0.000       0.063      -1.928   28.80%      -1.928     -0.928      0.072
             250.000       2.467      -1.530       2.072   25.20%       1.072      2.072
     M11                   0.000       0.070      -1.912   25.60%      -1.912     -0.912      0.088
             250.000       2.184      -1.368       2.088   21.20%       0.088      2.088
     M12                   0.000       0.061      -1.960   24.00%      -1.960     -0.960      0.040
             250.000       2.262      -1.439       2.040   23.60%       0.040      2.040
     Y1                    0.651       0.033      -2.144    0.40%      -0.046      0.490      0.697
             250.000       0.683       0.787       3.256    0.40%       0.848      1.225
     Y2                    0.823      -0.053      -2.069    0.40%      -0.025      0.546      0.791
             250.000       0.937       0.192       3.665    0.40%       1.077      1.658
     Y3                    1.126      -0.177      -3.064    0.40%       0.282      0.830      1.115
             250.000       1.285       0.217       3.790    0.40%       1.354      2.077
     X1M10                 0.000      -0.142      -1.095   10.40%      -0.599     -0.111     -0.071
             250.000       0.558      -1.403       0.953   14.80%       0.377      0.865
     X2M11                 0.000      -0.170      -1.196    8.80%      -0.932     -0.108     -0.020
             250.000       0.536      -1.286       0.980   12.00%       0.436      0.892
     X3M12                 0.000      -0.028      -1.038   11.20%      -1.030     -0.514      0.002
             250.000       0.616      -1.522       1.034   14.00%       0.414      0.898


     THIS ANALYSIS MAY HAVE MULTIPLE SOLUTIONS.  EXPLORE THIS USING RANDOM STARTS,
     FOR EXAMPLE, STARTS = 20.  USE A LARGE ENOUGH NUMBER OF STARTS SO THAT THE
     BEST FIT FUNCTION VALUE IS REPLICATED SEVERAL TIMES.


THE MODEL ESTIMATION TERMINATED NORMALLY

     THE STANDARD ERRORS OF THE MODEL PARAMETER ESTIMATES MAY NOT BE
     TRUSTWORTHY FOR SOME PARAMETERS DUE TO A NON-POSITIVE DEFINITE
     FIRST-ORDER DERIVATIVE PRODUCT MATRIX.  THIS MAY BE DUE TO THE STARTING
     VALUES BUT MAY ALSO BE AN INDICATION OF MODEL NONIDENTIFICATION.  THE
     CONDITION NUMBER IS       0.492D-15.  PROBLEM INVOLVING THE FOLLOWING PARAMETER:
     Parameter 40, X2

     THIS IS MOST LIKELY DUE TO VARIABLE X1 BEING DICHOTOMOUS BUT
     DECLARED AS CONTINUOUS.




MODEL FIT INFORMATION

Number of Free Parameters                       69

Loglikelihood

          H0 Value                       -7738.721
          H0 Scaling Correction Factor      0.8878
            for MLR
          H1 Value                       -7635.859
          H1 Scaling Correction Factor      0.9621
            for MLR

Information Criteria

          Akaike (AIC)                   15615.442
          Bayesian (BIC)                 15858.423
          Sample-Size Adjusted BIC       15639.687
            (n* = (n + 2) / 24)

Chi-Square Test of Model Fit

          Value                            207.777*
          Degrees of Freedom                   183
          P-Value                           0.1011
          Scaling Correction Factor         0.9901
            for MLR

*   The chi-square value for MLM, MLMV, MLR, ULSMV, WLSM and WLSMV cannot be used
    for chi-square difference testing in the regular way.  MLM, MLR and WLSM
    chi-square difference testing is described on the Mplus website.  MLMV, WLSMV,
    and ULSMV difference testing is done using the DIFFTEST option.

RMSEA (Root Mean Square Error Of Approximation)

          Estimate                           0.023
          90 Percent C.I.                    0.000  0.038
          Probability RMSEA <= .05           1.000

CFI/TLI

          CFI                                0.956
          TLI                                0.949

Chi-Square Test of Model Fit for the Baseline Model

          Value                            772.506
          Degrees of Freedom                   210
          P-Value                           0.0000

SRMR (Standardized Root Mean Square Residual)

          Value                              0.052



MODEL RESULTS

                                                    Two-Tailed
                    Estimate       S.E.  Est./S.E.    P-Value

 X        BY
    X3                 1.000      0.000    999.000    999.000
    X2                 0.951      0.204      4.673      0.000
    X1                 0.674      0.195      3.462      0.001

 M        BY
    M12                1.000      0.000    999.000    999.000
    M11                0.959      0.105      9.137      0.000
    M10                0.832      0.111      7.472      0.000
    M9                 0.725      0.093      7.767      0.000
    M8                 0.684      0.116      5.905      0.000
    M7                 0.681      0.097      6.996      0.000
    M6                 0.471      0.109      4.318      0.000
    M5                 0.547      0.117      4.677      0.000
    M4                 0.513      0.117      4.402      0.000
    M3                 0.375      0.118      3.189      0.001
    M2                 0.248      0.114      2.174      0.030
    M1                -0.022      0.120     -0.188      0.851

 Y        BY
    Y3                 1.000      0.000    999.000    999.000
    Y2                 0.905      0.143      6.316      0.000
    Y1                 0.595      0.083      7.166      0.000

 XM       BY
    X3M12              1.000      0.000    999.000    999.000
    X2M11              0.687      1.473      0.466      0.641
    X1M10              1.118      1.276      0.876      0.381

 Y        ON
    X                  0.821      0.352      2.332      0.020
    M                  0.284      0.118      2.410      0.016
    XM                -0.561      1.107     -0.507      0.612

 X        WITH
    M                  0.062      0.031      1.954      0.051
    XM                -0.006      0.021     -0.298      0.765

 M        WITH
    XM                 0.060      0.088      0.679      0.497

 Intercepts
    X1                 0.000      0.032      0.000      1.000
    X2                 0.000      0.032      0.000      1.000
    X3                 0.000      0.032      0.000      1.000
    M1                 0.000      0.107      0.000      1.000
    M2                 0.000      0.102      0.000      1.000
    M3                 0.000      0.102      0.000      1.000
    M4                 0.000      0.100      0.000      1.000
    M5                 0.000      0.101      0.000      1.000
    M6                 0.000      0.099      0.000      1.000
    M7                 0.000      0.097      0.000      1.000
    M8                 0.000      0.095      0.000      1.000
    M9                 0.000      0.096      0.000      1.000
    M10                0.000      0.099      0.000      1.000
    M11                0.000      0.093      0.000      1.000
    M12                0.000      0.095      0.000      1.000
    Y1                 0.651      0.052     12.458      0.000
    Y2                 0.823      0.061     13.446      0.000
    Y3                 1.126      0.072     15.709      0.000
    X1M10              0.000      0.047      0.000      1.000
    X2M11              0.000      0.046      0.000      1.000
    X3M12              0.000      0.050      0.000      1.000

 Variances
    X                  0.089      0.025      3.557      0.000
    M                  1.057      0.162      6.527      0.000
    XM                 0.048      0.097      0.499      0.618

 Residual Variances
    X1                 0.209      0.017     12.084      0.000
    X2                 0.168      0.023      7.383      0.000
    X3                 0.161      0.025      6.494      0.000
    M1                 2.843      0.103     27.482      0.000
    M2                 2.525      0.114     22.216      0.000
    M3                 2.431      0.134     18.165      0.000
    M4                 2.222      0.139     15.989      0.000
    M5                 2.220      0.139     15.978      0.000
    M6                 2.226      0.136     16.426      0.000
    M7                 1.855      0.136     13.684      0.000
    M8                 1.761      0.150     11.770      0.000
    M9                 1.754      0.151     11.598      0.000
    M10                1.735      0.157     11.052      0.000
    M11                1.213      0.138      8.801      0.000
    M12                1.205      0.130      9.268      0.000
    Y1                 0.444      0.053      8.371      0.000
    Y2                 0.386      0.085      4.551      0.000
    Y3                 0.612      0.120      5.091      0.000
    X1M10              0.498      0.081      6.112      0.000
    X2M11              0.514      0.065      7.888      0.000
    X3M12              0.568      0.098      5.819      0.000
    Y                  0.497      0.121      4.100      0.000

New/Additional Parameters
    VAR_Y              0.673      0.156      4.303      0.000
    STD_B1             0.298      0.122      2.445      0.015
    STD_B2             0.356      0.130      2.748      0.006
    STD_B3            -0.209      0.407     -0.513      0.608


QUALITY OF NUMERICAL RESULTS

     Condition Number for the Information Matrix              0.914E-04
       (ratio of smallest to largest eigenvalue)


CONFIDENCE INTERVALS OF MODEL RESULTS

                  Lower .5%  Lower 2.5%    Lower 5%    Estimate    Upper 5%  Upper 2.5%   Upper .5%

 X        BY
    X3               1.000       1.000       1.000       1.000       1.000       1.000       1.000
    X2               0.427       0.552       0.616       0.951       1.286       1.350       1.475
    X1               0.173       0.293       0.354       0.674       0.995       1.056       1.176

 M        BY
    M12              1.000       1.000       1.000       1.000       1.000       1.000       1.000
    M11              0.688       0.753       0.786       0.959       1.131       1.164       1.229
    M10              0.545       0.614       0.649       0.832       1.015       1.050       1.119
    M9               0.484       0.542       0.571       0.725       0.878       0.907       0.965
    M8               0.385       0.457       0.493       0.684       0.874       0.911       0.982
    M7               0.430       0.490       0.521       0.681       0.841       0.872       0.932
    M6               0.190       0.257       0.292       0.471       0.651       0.685       0.753
    M5               0.246       0.318       0.355       0.547       0.739       0.776       0.848
    M4               0.213       0.285       0.321       0.513       0.705       0.741       0.813
    M3               0.072       0.144       0.182       0.375       0.568       0.605       0.678
    M2              -0.046       0.024       0.060       0.248       0.436       0.472       0.542
    M1              -0.330      -0.257      -0.219      -0.022       0.174       0.212       0.285

 Y        BY
    Y3               1.000       1.000       1.000       1.000       1.000       1.000       1.000
    Y2               0.536       0.624       0.669       0.905       1.141       1.186       1.274
    Y1               0.381       0.432       0.458       0.595       0.731       0.758       0.809

 XM       BY
    X3M12            1.000       1.000       1.000       1.000       1.000       1.000       1.000
    X2M11           -3.108      -2.201      -1.737       0.687       3.111       3.575       4.482
    X1M10           -2.170      -1.384      -0.982       1.118       3.217       3.619       4.405

 Y        ON
    X               -0.086       0.131       0.242       0.821       1.399       1.510       1.727
    M               -0.020       0.053       0.090       0.284       0.478       0.516       0.588
    XM              -3.412      -2.730      -2.381      -0.561       1.260       1.609       2.290

 X        WITH
    M               -0.020       0.000       0.010       0.062       0.113       0.123       0.143
    XM              -0.061      -0.048      -0.041      -0.006       0.029       0.035       0.049

 M        WITH
    XM              -0.167      -0.113      -0.085       0.060       0.205       0.232       0.286

 Intercepts
    X1              -0.081      -0.062      -0.052       0.000       0.052       0.062       0.081
    X2              -0.081      -0.062      -0.052       0.000       0.052       0.062       0.081
    X3              -0.081      -0.062      -0.052       0.000       0.052       0.062       0.081
    M1              -0.275      -0.209      -0.175       0.000       0.175       0.209       0.275
    M2              -0.262      -0.199      -0.167       0.000       0.167       0.199       0.262
    M3              -0.262      -0.199      -0.167       0.000       0.167       0.199       0.262
    M4              -0.258      -0.196      -0.165       0.000       0.165       0.196       0.258
    M5              -0.259      -0.197      -0.166       0.000       0.166       0.197       0.259
    M6              -0.256      -0.194      -0.163       0.000       0.163       0.194       0.256
    M7              -0.249      -0.190      -0.159       0.000       0.159       0.190       0.249
    M8              -0.245      -0.186      -0.156       0.000       0.156       0.186       0.245
    M9              -0.248      -0.188      -0.158       0.000       0.158       0.188       0.248
    M10             -0.256      -0.195      -0.163       0.000       0.163       0.195       0.256
    M11             -0.241      -0.183      -0.154       0.000       0.154       0.183       0.241
    M12             -0.245      -0.186      -0.156       0.000       0.156       0.186       0.245
    Y1               0.516       0.549       0.565       0.651       0.737       0.753       0.786
    Y2               0.665       0.703       0.722       0.823       0.924       0.943       0.981
    Y3               0.942       0.986       1.008       1.126       1.244       1.267       1.311
    X1M10           -0.122      -0.093      -0.078       0.000       0.078       0.093       0.122
    X2M11           -0.119      -0.091      -0.076       0.000       0.076       0.091       0.119
    X3M12           -0.128      -0.097      -0.082       0.000       0.082       0.097       0.128

 Variances
    X                0.024       0.040       0.048       0.089       0.130       0.137       0.153
    M                0.640       0.740       0.791       1.057       1.324       1.375       1.474
    XM              -0.201      -0.141      -0.111       0.048       0.207       0.238       0.298

 Residual Variances
    X1               0.165       0.175       0.181       0.209       0.238       0.243       0.254
    X2               0.109       0.123       0.131       0.168       0.205       0.213       0.227
    X3               0.097       0.113       0.120       0.161       0.202       0.210       0.225
    M1               2.577       2.641       2.673       2.843       3.014       3.046       3.110
    M2               2.232       2.302       2.338       2.525       2.712       2.747       2.817
    M3               2.087       2.169       2.211       2.431       2.651       2.694       2.776
    M4               1.864       1.950       1.994       2.222       2.451       2.495       2.580
    M5               1.862       1.947       1.991       2.220       2.448       2.492       2.577
    M6               1.877       1.960       2.003       2.226       2.449       2.492       2.575
    M7               1.506       1.589       1.632       1.855       2.078       2.121       2.204
    M8               1.375       1.468       1.515       1.761       2.007       2.054       2.146
    M9               1.364       1.457       1.505       1.754       2.003       2.050       2.143
    M10              1.331       1.428       1.477       1.735       1.994       2.043       2.140
    M11              0.858       0.943       0.986       1.213       1.439       1.483       1.568
    M12              0.870       0.950       0.991       1.205       1.419       1.460       1.540
    Y1               0.308       0.340       0.357       0.444       0.532       0.548       0.581
    Y2               0.167       0.220       0.246       0.386       0.525       0.552       0.604
    Y3               0.302       0.376       0.414       0.612       0.809       0.847       0.921
    X1M10            0.288       0.338       0.364       0.498       0.632       0.658       0.708
    X2M11            0.346       0.386       0.406       0.514       0.621       0.641       0.681
    X3M12            0.317       0.377       0.407       0.568       0.728       0.759       0.819
    Y                0.185       0.260       0.298       0.497       0.697       0.735       0.810

New/Additional Parameters
    VAR_Y            0.270       0.367       0.416       0.673       0.931       0.980       1.076
    STD_B1          -0.016       0.059       0.097       0.298       0.498       0.536       0.611
    STD_B2           0.022       0.102       0.143       0.356       0.570       0.610       0.690
    STD_B3          -1.258      -1.007      -0.879      -0.209       0.461       0.589       0.840


TECHNICAL 1 OUTPUT


     PARAMETER SPECIFICATION


           NU
              X1            X2            X3            M1            M2
              ________      ________      ________      ________      ________
                  1             2             3             4             5


           NU
              M3            M4            M5            M6            M7
              ________      ________      ________      ________      ________
                  6             7             8             9            10


           NU
              M8            M9            M10           M11           M12
              ________      ________      ________      ________      ________
                 11            12            13            14            15


           NU
              Y1            Y2            Y3            X1M10         X2M11
              ________      ________      ________      ________      ________
                 16            17            18            19            20


           NU
              X3M12
              ________
                 21


           LAMBDA
              X             M             Y             XM
              ________      ________      ________      ________
 X1                22             0             0             0
 X2                23             0             0             0
 X3                 0             0             0             0
 M1                 0            24             0             0
 M2                 0            25             0             0
 M3                 0            26             0             0
 M4                 0            27             0             0
 M5                 0            28             0             0
 M6                 0            29             0             0
 M7                 0            30             0             0
 M8                 0            31             0             0
 M9                 0            32             0             0
 M10                0            33             0             0
 M11                0            34             0             0
 M12                0             0             0             0
 Y1                 0             0            35             0
 Y2                 0             0            36             0
 Y3                 0             0             0             0
 X1M10              0             0             0            37
 X2M11              0             0             0            38
 X3M12              0             0             0             0


           THETA
              X1            X2            X3            M1            M2
              ________      ________      ________      ________      ________
 X1                39
 X2                 0            40
 X3                 0             0            41
 M1                 0             0             0            42
 M2                 0             0             0             0            43
 M3                 0             0             0             0             0
 M4                 0             0             0             0             0
 M5                 0             0             0             0             0
 M6                 0             0             0             0             0
 M7                 0             0             0             0             0
 M8                 0             0             0             0             0
 M9                 0             0             0             0             0
 M10                0             0             0             0             0
 M11                0             0             0             0             0
 M12                0             0             0             0             0
 Y1                 0             0             0             0             0
 Y2                 0             0             0             0             0
 Y3                 0             0             0             0             0
 X1M10              0             0             0             0             0
 X2M11              0             0             0             0             0
 X3M12              0             0             0             0             0


           THETA
              M3            M4            M5            M6            M7
              ________      ________      ________      ________      ________
 M3                44
 M4                 0            45
 M5                 0             0            46
 M6                 0             0             0            47
 M7                 0             0             0             0            48
 M8                 0             0             0             0             0
 M9                 0             0             0             0             0
 M10                0             0             0             0             0
 M11                0             0             0             0             0
 M12                0             0             0             0             0
 Y1                 0             0             0             0             0
 Y2                 0             0             0             0             0
 Y3                 0             0             0             0             0
 X1M10              0             0             0             0             0
 X2M11              0             0             0             0             0
 X3M12              0             0             0             0             0


           THETA
              M8            M9            M10           M11           M12
              ________      ________      ________      ________      ________
 M8                49
 M9                 0            50
 M10                0             0            51
 M11                0             0             0            52
 M12                0             0             0             0            53
 Y1                 0             0             0             0             0
 Y2                 0             0             0             0             0
 Y3                 0             0             0             0             0
 X1M10              0             0             0             0             0
 X2M11              0             0             0             0             0
 X3M12              0             0             0             0             0


           THETA
              Y1            Y2            Y3            X1M10         X2M11
              ________      ________      ________      ________      ________
 Y1                54
 Y2                 0            55
 Y3                 0             0            56
 X1M10              0             0             0            57
 X2M11              0             0             0             0            58
 X3M12              0             0             0             0             0


           THETA
              X3M12
              ________
 X3M12             59


           ALPHA
              X             M             Y             XM
              ________      ________      ________      ________
                  0             0             0             0


           BETA
              X             M             Y             XM
              ________      ________      ________      ________
 X                  0             0             0             0
 M                  0             0             0             0
 Y                 60            61             0            62
 XM                 0             0             0             0


           PSI
              X             M             Y             XM
              ________      ________      ________      ________
 X                 63
 M                 64            65
 Y                  0             0            66
 XM                67            68             0            69


     PARAMETER SPECIFICATION FOR THE ADDITIONAL PARAMETERS


           New/Additional Parameters
              VAR_Y         STD_B1        STD_B2        STD_B3
              ________      ________      ________      ________
                   70            71            72            73


     STARTING VALUES


           NU
              X1            X2            X3            M1            M2
              ________      ________      ________      ________      ________
                0.000         0.000         0.000         0.000         0.000


           NU
              M3            M4            M5            M6            M7
              ________      ________      ________      ________      ________
                0.000         0.000         0.000         0.000         0.000


           NU
              M8            M9            M10           M11           M12
              ________      ________      ________      ________      ________
                0.000         0.000         0.000         0.000         0.000


           NU
              Y1            Y2            Y3            X1M10         X2M11
              ________      ________      ________      ________      ________
                0.651         0.823         1.126         0.000         0.000


           NU
              X3M12
              ________
                0.000


           LAMBDA
              X             M             Y             XM
              ________      ________      ________      ________
 X1             0.655         0.000         0.000         0.000
 X2             1.016         0.000         0.000         0.000
 X3             1.000         0.000         0.000         0.000
 M1             0.000         1.000         0.000         0.000
 M2             0.000         1.000         0.000         0.000
 M3             0.000         1.000         0.000         0.000
 M4             0.000         1.000         0.000         0.000
 M5             0.000         1.000         0.000         0.000
 M6             0.000         1.000         0.000         0.000
 M7             0.000         1.000         0.000         0.000
 M8             0.000         1.000         0.000         0.000
 M9             0.000         1.000         0.000         0.000
 M10            0.000         1.000         0.000         0.000
 M11            0.000         1.000         0.000         0.000
 M12            0.000         1.000         0.000         0.000
 Y1             0.000         0.000         0.607         0.000
 Y2             0.000         0.000         0.940         0.000
 Y3             0.000         0.000         1.000         0.000
 X1M10          0.000         0.000         0.000         4.852
 X2M11          0.000         0.000         0.000         0.599
 X3M12          0.000         0.000         0.000         1.000


           THETA
              X1            X2            X3            M1            M2
              ________      ________      ________      ________      ________
 X1             0.125
 X2             0.000         0.124
 X3             0.000         0.000         0.125
 M1             0.000         0.000         0.000         1.422
 M2             0.000         0.000         0.000         0.000         1.295
 M3             0.000         0.000         0.000         0.000         0.000
 M4             0.000         0.000         0.000         0.000         0.000
 M5             0.000         0.000         0.000         0.000         0.000
 M6             0.000         0.000         0.000         0.000         0.000
 M7             0.000         0.000         0.000         0.000         0.000
 M8             0.000         0.000         0.000         0.000         0.000
 M9             0.000         0.000         0.000         0.000         0.000
 M10            0.000         0.000         0.000         0.000         0.000
 M11            0.000         0.000         0.000         0.000         0.000
 M12            0.000         0.000         0.000         0.000         0.000
 Y1             0.000         0.000         0.000         0.000         0.000
 Y2             0.000         0.000         0.000         0.000         0.000
 Y3             0.000         0.000         0.000         0.000         0.000
 X1M10          0.000         0.000         0.000         0.000         0.000
 X2M11          0.000         0.000         0.000         0.000         0.000
 X3M12          0.000         0.000         0.000         0.000         0.000


           THETA
              M3            M4            M5            M6            M7
              ________      ________      ________      ________      ________
 M3             1.290
 M4             0.000         1.250
 M5             0.000         0.000         1.268
 M6             0.000         0.000         0.000         1.230
 M7             0.000         0.000         0.000         0.000         1.173
 M8             0.000         0.000         0.000         0.000         0.000
 M9             0.000         0.000         0.000         0.000         0.000
 M10            0.000         0.000         0.000         0.000         0.000
 M11            0.000         0.000         0.000         0.000         0.000
 M12            0.000         0.000         0.000         0.000         0.000
 Y1             0.000         0.000         0.000         0.000         0.000
 Y2             0.000         0.000         0.000         0.000         0.000
 Y3             0.000         0.000         0.000         0.000         0.000
 X1M10          0.000         0.000         0.000         0.000         0.000
 X2M11          0.000         0.000         0.000         0.000         0.000
 X3M12          0.000         0.000         0.000         0.000         0.000


           THETA
              M8            M9            M10           M11           M12
              ________      ________      ________      ________      ________
 M8             1.127
 M9             0.000         1.154
 M10            0.000         0.000         1.233
 M11            0.000         0.000         0.000         1.092
 M12            0.000         0.000         0.000         0.000         1.131
 Y1             0.000         0.000         0.000         0.000         0.000
 Y2             0.000         0.000         0.000         0.000         0.000
 Y3             0.000         0.000         0.000         0.000         0.000
 X1M10          0.000         0.000         0.000         0.000         0.000
 X2M11          0.000         0.000         0.000         0.000         0.000
 X3M12          0.000         0.000         0.000         0.000         0.000


           THETA
              Y1            Y2            Y3            X1M10         X2M11
              ________      ________      ________      ________      ________
 Y1             0.341
 Y2             0.000         0.468
 Y3             0.000         0.000         0.642
 X1M10          0.000         0.000         0.000         0.279
 X2M11          0.000         0.000         0.000         0.000         0.268
 X3M12          0.000         0.000         0.000         0.000         0.000


           THETA
              X3M12
              ________
 X3M12          0.308


           ALPHA
              X             M             Y             XM
              ________      ________      ________      ________
                0.000         0.000         0.000         0.000


           BETA
              X             M             Y             XM
              ________      ________      ________      ________
 X              0.000         0.000         0.000         0.000
 M              0.000         0.000         0.000         0.000
 Y              0.000         0.000         0.000         0.000
 XM             0.000         0.000         0.000         0.000


           PSI
              X             M             Y             XM
              ________      ________      ________      ________
 X              0.050
 M              0.000         0.050
 Y              0.000         0.000         0.050
 XM             0.000         0.000         0.000         0.050


     STARTING VALUES FOR THE ADDITIONAL PARAMETERS


           New/Additional Parameters
              VAR_Y         STD_B1        STD_B2        STD_B3
              ________      ________      ________      ________
                0.500         0.500         0.500         0.500


RESULTS SAVING INFORMATION

  Order of data

    Parameter estimates
     (saved in order shown in Technical 1 output)
    Standard errors
     (saved in order shown in Technical 1 output)
    Number of Free Parameters
    H0 Loglikelihood
    H0 Scaling Correction Factor for MLR
    H1 Loglikelihood
    H1 Scaling Correction Factor for MLR
    Akaike (AIC)
    Bayesian (BIC)
    Sample-Size Adjusted BIC
    Chi-square : Value
    Chi-square : Degrees of Freedom
    Chi-square : P-Value
    Chi-square : Scaling Correction Factor for MLR/MLM/WLSM
    CFI
    TLI
    RMSEA : Estimate
    RMSEA : Low CI
    RMSEA : High CI
    RMSEA : Probability
    SRMR
    Condition Number

  Save file
    matchupi_results_1272.dat

  Save file format           Free


     Beginning Time:  21:55:57
        Ending Time:  21:55:58
       Elapsed Time:  00:00:01



MUTHEN & MUTHEN
3463 Stoner Ave.
Los Angeles, CA  90066

Tel: (310) 391-9971
Fax: (310) 391-8971
Web: www.StatModel.com
Support: Support@StatModel.com

Copyright (c) 1998-2022 Muthen & Muthen
