Mplus VERSION 8.8 (Mac)
MUTHEN & MUTHEN
07/27/2025   7:40 PM

INPUT INSTRUCTIONS


    TITLE: Matched-pair Unconstrained Product Indicator

    DATA:
      FILE = matchupi_simdat_1710.dat;
      FORMAT IS FREE;

    VARIABLE:
      NAMES = x1 x2 x3
      	    m1 m2 m3 m4 m5 m6
      	    m7 m8 m9 m10 m11 m12
      	    y1 y2 y3
      	    x1m10 x2m11 x3m12;
      USEVARIABLES = x1-x3m12;

    ANALYSIS:
      TYPE = general;
      ESTIMATOR = MLR;
    MODEL:
      !measurement model
      X BY x3 x2 x1;
      X (var_X);
      M BY m12 m11 m10 m9 m8 m7 m6 m5 m4 m3 m2 m1;
      M (var_M);
      Y BY y3 y2 y1;
      Y (resvar_Y);
      XM BY x3m12 x2m11 x1m10;
      XM (var_XM);

      !covariances between predictors
      X WITH M (cov_XM);
      X WITH XM (cov_XXM);
      M WITH XM (cov_MXM);

      !structural model
      Y ON X (b1);
      Y ON M (b2);
      Y ON XM (b3);

    MODEL CONSTRAINT:

      NEW(var_Y std_b1 std_b2 std_b3);
      var_Y = resvar_Y +
       (b1^2 * var_X +
        b2^2 * var_M +
        b3^2 * var_XM +
        2 * b1 * b2 * cov_XM +
        2 * b1 * b3 * cov_XXM +
        2 * b2 * b3 * cov_MXM);

        std_b1 = b1 * sqrt(var_X) / sqrt(var_Y);
        std_b2 = b2 * sqrt(var_M) / sqrt(var_Y);
        std_b3 = b3 * sqrt(var_X) * sqrt(var_M) / sqrt(var_Y);

    OUTPUT:
      sampstat tech1 CINTERVAL;

    SAVEDATA:
      RESULTS = matchupi_results_1710.dat;




INPUT READING TERMINATED NORMALLY



Matched-pair Unconstrained Product Indicator

SUMMARY OF ANALYSIS

Number of groups                                                 1
Number of observations                                         100

Number of dependent variables                                   21
Number of independent variables                                  0
Number of continuous latent variables                            4

Observed dependent variables

  Continuous
   X1          X2          X3          M1          M2          M3
   M4          M5          M6          M7          M8          M9
   M10         M11         M12         Y1          Y2          Y3
   X1M10       X2M11       X3M12

Continuous latent variables
   X           M           Y           XM


Estimator                                                      MLR
Information matrix                                        OBSERVED
Maximum number of iterations                                  1000
Convergence criterion                                    0.500D-04
Maximum number of steepest descent iterations                   20

Input data file(s)
  matchupi_simdat_1710.dat

Input data format  FREE


SAMPLE STATISTICS


     SAMPLE STATISTICS


           Means
              X1            X2            X3            M1            M2
              ________      ________      ________      ________      ________
                0.000         0.000         0.000         0.000         0.000


           Means
              M3            M4            M5            M6            M7
              ________      ________      ________      ________      ________
                0.000         0.000         0.000         0.000         0.000


           Means
              M8            M9            M10           M11           M12
              ________      ________      ________      ________      ________
                0.000         0.000         0.000         0.000         0.000


           Means
              Y1            Y2            Y3            X1M10         X2M11
              ________      ________      ________      ________      ________
                0.613         0.850         1.033         0.000         0.000


           Means
              X3M12
              ________
                0.000


           Covariances
              X1            X2            X3            M1            M2
              ________      ________      ________      ________      ________
 X1             0.248
 X2             0.007         0.247
 X3             0.030         0.125         0.250
 M1            -0.065         0.004        -0.010         2.666
 M2             0.018        -0.080        -0.100         0.156         2.780
 M3             0.075        -0.066        -0.085         0.439         0.098
 M4            -0.088         0.038        -0.025         0.038        -0.186
 M5             0.006         0.004        -0.035         0.266        -0.156
 M6            -0.070         0.099         0.095        -0.016        -0.126
 M7            -0.018         0.127         0.070        -0.317         0.718
 M8            -0.034         0.074        -0.035        -0.254         0.274
 M9             0.002         0.027         0.055        -0.230         0.116
 M10            0.076         0.085         0.180        -0.148        -0.110
 M11            0.030         0.137         0.170        -0.131         0.158
 M12            0.017         0.144         0.120         0.110         0.356
 Y1             0.003         0.126         0.137        -0.254         0.045
 Y2             0.013         0.079         0.076        -0.022         0.076
 Y3            -0.007         0.045         0.084         0.171         0.253
 X1M10          0.007        -0.006         0.000        -0.115         0.128
 X2M11         -0.027        -0.014        -0.016        -0.032         0.058
 X3M12          0.006         0.055         0.045         0.188        -0.024


           Covariances
              M3            M4            M5            M6            M7
              ________      ________      ________      ________      ________
 M3             2.430
 M4             0.041         2.545
 M5             0.340         0.292         2.709
 M6             0.189         0.179         0.116         2.413
 M7             0.119         0.344         0.008         0.502         2.696
 M8             0.040         0.242         0.479         0.296         0.868
 M9             0.428         0.552         0.485         0.688         0.910
 M10            0.551         0.463         0.733         0.673         0.746
 M11            0.537         0.058         0.052         0.286         0.494
 M12            0.601         0.104         0.602         0.280         0.575
 Y1            -0.076         0.214        -0.182         0.047         0.379
 Y2             0.104         0.116        -0.103        -0.021         0.399
 Y3             0.017         0.063        -0.065         0.224         0.402
 X1M10         -0.108         0.071        -0.046        -0.063         0.053
 X2M11         -0.101         0.068         0.022         0.111         0.098
 X3M12         -0.096         0.070         0.243         0.010         0.223


           Covariances
              M8            M9            M10           M11           M12
              ________      ________      ________      ________      ________
 M8             2.609
 M9             0.585         2.561
 M10            0.233         0.817         2.510
 M11            0.382         0.876         0.856         1.912
 M12            0.772         1.114         0.712         1.071         2.294
 Y1             0.014         0.279         0.174         0.435         0.282
 Y2            -0.008         0.103         0.016         0.204         0.093
 Y3             0.117         0.180         0.065         0.283         0.275
 X1M10          0.099        -0.066        -0.094        -0.073        -0.051
 X2M11          0.092         0.144         0.025         0.100         0.096
 X3M12          0.219         0.079         0.066         0.131         0.047


           Covariances
              Y1            Y2            Y3            X1M10         X2M11
              ________      ________      ________      ________      ________
 Y1             0.762
 Y2             0.421         0.909
 Y3             0.467         0.575         1.271
 X1M10         -0.025        -0.002        -0.007         0.559
 X2M11         -0.029         0.099         0.031         0.117         0.445
 X3M12          0.012         0.058         0.082         0.115         0.086


           Covariances
              X3M12
              ________
 X3M12          0.623


           Correlations
              X1            X2            X3            M1            M2
              ________      ________      ________      ________      ________
 X1             1.000
 X2             0.028         1.000
 X3             0.120         0.503         1.000
 M1            -0.080         0.005        -0.012         1.000
 M2             0.022        -0.096        -0.120         0.057         1.000
 M3             0.097        -0.084        -0.109         0.172         0.038
 M4            -0.110         0.049        -0.031         0.015        -0.070
 M5             0.008         0.004        -0.043         0.099        -0.057
 M6            -0.090         0.127         0.122        -0.006        -0.049
 M7            -0.022         0.155         0.085        -0.118         0.262
 M8            -0.042         0.091        -0.043        -0.096         0.102
 M9             0.002         0.033         0.069        -0.088         0.043
 M10            0.096         0.108         0.227        -0.057        -0.042
 M11            0.044         0.199         0.246        -0.058         0.069
 M12            0.022         0.191         0.158         0.044         0.141
 Y1             0.006         0.291         0.314        -0.178         0.031
 Y2             0.027         0.167         0.159        -0.014         0.048
 Y3            -0.013         0.081         0.149         0.093         0.135
 X1M10          0.019        -0.016         0.000        -0.094         0.103
 X2M11         -0.082        -0.041        -0.048        -0.030         0.052
 X3M12          0.015         0.140         0.115         0.146        -0.018


           Correlations
              M3            M4            M5            M6            M7
              ________      ________      ________      ________      ________
 M3             1.000
 M4             0.016         1.000
 M5             0.132         0.111         1.000
 M6             0.078         0.072         0.045         1.000
 M7             0.047         0.131         0.003         0.197         1.000
 M8             0.016         0.094         0.180         0.118         0.327
 M9             0.172         0.216         0.184         0.277         0.346
 M10            0.223         0.183         0.281         0.273         0.287
 M11            0.249         0.026         0.023         0.133         0.218
 M12            0.254         0.043         0.242         0.119         0.231
 Y1            -0.056         0.154        -0.127         0.035         0.264
 Y2             0.070         0.076        -0.065        -0.014         0.255
 Y3             0.010         0.035        -0.035         0.128         0.217
 X1M10         -0.093         0.060        -0.038        -0.054         0.043
 X2M11         -0.098         0.064         0.020         0.107         0.090
 X3M12         -0.078         0.056         0.187         0.008         0.172


           Correlations
              M8            M9            M10           M11           M12
              ________      ________      ________      ________      ________
 M8             1.000
 M9             0.226         1.000
 M10            0.091         0.322         1.000
 M11            0.171         0.396         0.391         1.000
 M12            0.316         0.459         0.297         0.511         1.000
 Y1             0.010         0.200         0.126         0.361         0.214
 Y2            -0.005         0.068         0.010         0.154         0.064
 Y3             0.064         0.099         0.036         0.182         0.161
 X1M10          0.082        -0.055        -0.079        -0.070        -0.045
 X2M11          0.086         0.135         0.024         0.108         0.095
 X3M12          0.171         0.063         0.053         0.120         0.039


           Correlations
              Y1            Y2            Y3            X1M10         X2M11
              ________      ________      ________      ________      ________
 Y1             1.000
 Y2             0.506         1.000
 Y3             0.475         0.535         1.000
 X1M10         -0.039        -0.003        -0.008         1.000
 X2M11         -0.050         0.156         0.041         0.234         1.000
 X3M12          0.017         0.077         0.092         0.195         0.163


           Correlations
              X3M12
              ________
 X3M12          1.000


UNIVARIATE SAMPLE STATISTICS


     UNIVARIATE HIGHER-ORDER MOMENT DESCRIPTIVE STATISTICS

         Variable/         Mean/     Skewness/   Minimum/ % with                Percentiles
        Sample Size      Variance    Kurtosis    Maximum  Min/Max      20%/60%    40%/80%    Median

     X1                    0.000       0.161      -0.460   54.00%      -0.460     -0.460     -0.460
             100.000       0.248      -1.974       0.540   46.00%       0.540      0.540
     X2                    0.000      -0.201      -0.550   45.00%      -0.550     -0.550      0.450
             100.000       0.247      -1.960       0.450   55.00%       0.450      0.450
     X3                    0.000       0.000      -0.500   50.00%      -0.500     -0.500      0.000
             100.000       0.250      -2.000       0.500   50.00%       0.500      0.500
     M1                    0.000      -0.124      -2.120   27.00%      -2.120     -1.120     -0.120
             100.000       2.666      -1.622       1.880   32.00%       0.880      1.880
     M2                    0.000      -0.163      -2.200   26.00%      -2.200     -1.200     -0.200
             100.000       2.780      -1.650       1.800   38.00%       0.800      1.800
     M3                    0.000      -0.017      -2.010   27.00%      -2.010     -1.010     -0.010
             100.000       2.430      -1.491       1.990   27.00%       0.990      1.990
     M4                    0.000       0.055      -1.930   30.00%      -1.930     -0.930      0.070
             100.000       2.545      -1.571       2.070   26.00%       1.070      2.070
     M5                    0.000      -0.075      -2.030   32.00%      -2.030     -1.030     -0.030
             100.000       2.709      -1.614       1.970   30.00%       0.970      1.970
     M6                    0.000      -0.137      -2.130   24.00%      -2.130     -0.130     -0.130
             100.000       2.413      -1.487       1.870   29.00%       0.870      1.870
     M7                    0.000      -0.110      -2.060   31.00%      -2.060     -1.060     -0.060
             100.000       2.696      -1.614       1.940   30.00%       0.940      1.940
     M8                    0.000      -0.034      -2.030   29.00%      -2.030     -1.030     -0.030
             100.000       2.609      -1.576       1.970   30.00%       0.970      1.970
     M9                    0.000      -0.147      -2.170   25.00%      -2.170     -0.170     -0.170
             100.000       2.561      -1.531       1.830   34.00%       0.830      1.830
     M10                   0.000       0.059      -1.900   32.00%      -1.900     -0.900      0.100
             100.000       2.510      -1.523       2.100   25.00%       0.100      2.100
     M11                   0.000      -0.314      -2.260   17.00%      -1.260     -0.260     -0.260
             100.000       1.912      -1.091       1.740   24.00%       0.740      1.740
     M12                   0.000       0.136      -1.920   25.00%      -1.920     -0.920      0.080
             100.000       2.294      -1.410       2.080   25.00%       0.080      2.080
     Y1                    0.613      -0.050      -1.973    1.00%      -0.061      0.411      0.572
             100.000       0.762       0.231       2.633    1.00%       0.753      1.230
     Y2                    0.850       0.431      -1.187    1.00%      -0.110      0.579      0.815
             100.000       0.909       0.155       3.536    1.00%       1.025      1.533
     Y3                    1.033       0.024      -2.341    1.00%       0.130      0.661      0.936
             100.000       1.271       0.423       4.165    1.00%       1.221      1.965
     X1M10                 0.000      -0.243      -1.160   11.00%      -1.080     -0.160     -0.080
             100.000       0.559      -1.327       0.920   14.00%       0.340      0.840
     X2M11                 0.000      -0.104      -1.154    8.00%      -0.544     -0.254      0.006
             100.000       0.445      -0.978       1.106    9.00%       0.196      0.646
     X3M12                 0.000      -0.225      -1.102   15.00%      -1.042     -0.122     -0.022
             100.000       0.623      -1.433       1.058   12.00%       0.338      0.798


     THIS ANALYSIS MAY HAVE MULTIPLE SOLUTIONS.  EXPLORE THIS USING RANDOM STARTS,
     FOR EXAMPLE, STARTS = 20.  USE A LARGE ENOUGH NUMBER OF STARTS SO THAT THE
     BEST FIT FUNCTION VALUE IS REPLICATED SEVERAL TIMES.


THE MODEL ESTIMATION TERMINATED NORMALLY

     THE STANDARD ERRORS OF THE MODEL PARAMETER ESTIMATES MAY NOT BE
     TRUSTWORTHY FOR SOME PARAMETERS DUE TO A NON-POSITIVE DEFINITE
     FIRST-ORDER DERIVATIVE PRODUCT MATRIX.  THIS MAY BE DUE TO THE STARTING
     VALUES BUT MAY ALSO BE AN INDICATION OF MODEL NONIDENTIFICATION.  THE
     CONDITION NUMBER IS      -0.389D-17.  PROBLEM INVOLVING THE FOLLOWING PARAMETER:
     Parameter 40, X2

     THIS IS MOST LIKELY DUE TO VARIABLE X1 BEING DICHOTOMOUS BUT
     DECLARED AS CONTINUOUS.




MODEL FIT INFORMATION

Number of Free Parameters                       69

Loglikelihood

          H0 Value                       -3093.163
          H0 Scaling Correction Factor      0.9330
            for MLR
          H1 Value                       -3004.015
          H1 Scaling Correction Factor      0.9516
            for MLR

Information Criteria

          Akaike (AIC)                    6324.325
          Bayesian (BIC)                  6504.082
          Sample-Size Adjusted BIC        6286.162
            (n* = (n + 2) / 24)

Chi-Square Test of Model Fit

          Value                            185.997*
          Degrees of Freedom                   183
          P-Value                           0.4244
          Scaling Correction Factor         0.9586
            for MLR

*   The chi-square value for MLM, MLMV, MLR, ULSMV, WLSM and WLSMV cannot be used
    for chi-square difference testing in the regular way.  MLM, MLR and WLSM
    chi-square difference testing is described on the Mplus website.  MLMV, WLSMV,
    and ULSMV difference testing is done using the DIFFTEST option.

RMSEA (Root Mean Square Error Of Approximation)

          Estimate                           0.013
          90 Percent C.I.                    0.000  0.046
          Probability RMSEA <= .05           0.972

CFI/TLI

          CFI                                0.986
          TLI                                0.984

Chi-Square Test of Model Fit for the Baseline Model

          Value                            431.141
          Degrees of Freedom                   210
          P-Value                           0.0000

SRMR (Standardized Root Mean Square Residual)

          Value                              0.072



MODEL RESULTS

                                                    Two-Tailed
                    Estimate       S.E.  Est./S.E.    P-Value

 X        BY
    X3                 1.000      0.000    999.000    999.000
    X2                 0.839      0.304      2.763      0.006
    X1                 0.147      0.154      0.953      0.341

 M        BY
    M12                1.000      0.000    999.000    999.000
    M11                0.863      0.135      6.410      0.000
    M10                0.812      0.192      4.231      0.000
    M9                 1.004      0.192      5.234      0.000
    M8                 0.568      0.171      3.320      0.001
    M7                 0.730      0.204      3.585      0.000
    M6                 0.456      0.194      2.345      0.019
    M5                 0.389      0.188      2.069      0.039
    M4                 0.286      0.193      1.480      0.139
    M3                 0.436      0.177      2.464      0.014
    M2                 0.197      0.191      1.034      0.301
    M1                -0.081      0.183     -0.442      0.659

 Y        BY
    Y3                 1.000      0.000    999.000    999.000
    Y2                 0.883      0.166      5.306      0.000
    Y1                 0.825      0.233      3.537      0.000

 XM       BY
    X3M12              1.000      0.000    999.000    999.000
    X2M11              1.138      1.943      0.586      0.558
    X1M10              1.057      0.840      1.259      0.208

 Y        ON
    X                  0.642      0.364      1.761      0.078
    M                  0.171      0.133      1.285      0.199
    XM                 0.106      0.691      0.153      0.878

 X        WITH
    M                  0.116      0.060      1.931      0.053
    XM                 0.004      0.044      0.090      0.928

 M        WITH
    XM                 0.057      0.098      0.581      0.561

 Intercepts
    X1                 0.000      0.050      0.000      1.000
    X2                 0.000      0.050      0.000      1.000
    X3                 0.000      0.050      0.000      1.000
    M1                 0.000      0.163      0.000      1.000
    M2                 0.000      0.167      0.000      1.000
    M3                 0.000      0.156      0.000      1.000
    M4                 0.000      0.160      0.000      1.000
    M5                 0.000      0.165      0.000      1.000
    M6                 0.000      0.155      0.000      1.000
    M7                 0.000      0.164      0.000      1.000
    M8                 0.000      0.162      0.000      1.000
    M9                 0.000      0.160      0.000      1.000
    M10                0.000      0.158      0.000      1.000
    M11                0.000      0.138      0.000      1.000
    M12                0.000      0.151      0.000      1.000
    Y1                 0.613      0.087      7.019      0.000
    Y2                 0.850      0.095      8.913      0.000
    Y3                 1.033      0.113      9.163      0.000
    X1M10              0.000      0.075      0.000      1.000
    X2M11              0.000      0.067      0.000      1.000
    X3M12              0.000      0.079      0.000      1.000

 Variances
    X                  0.149      0.057      2.618      0.009
    M                  1.083      0.272      3.974      0.000
    XM                 0.092      0.165      0.560      0.576

 Residual Variances
    X1                 0.245      0.008     30.059      0.000
    X2                 0.142      0.044      3.244      0.001
    X3                 0.101      0.057      1.773      0.076
    M1                 2.658      0.167     15.963      0.000
    M2                 2.738      0.171     16.021      0.000
    M3                 2.224      0.227      9.803      0.000
    M4                 2.456      0.186     13.191      0.000
    M5                 2.545      0.213     11.962      0.000
    M6                 2.188      0.220      9.950      0.000
    M7                 2.120      0.287      7.386      0.000
    M8                 2.260      0.250      9.048      0.000
    M9                 1.470      0.289      5.089      0.000
    M10                1.797      0.268      6.697      0.000
    M11                1.105      0.224      4.926      0.000
    M12                1.211      0.245      4.948      0.000
    Y1                 0.356      0.127      2.809      0.005
    Y2                 0.444      0.101      4.375      0.000
    Y3                 0.675      0.178      3.785      0.000
    X1M10              0.456      0.143      3.182      0.001
    X2M11              0.325      0.206      1.579      0.114
    X3M12              0.531      0.164      3.232      0.001
    Y                  0.474      0.202      2.350      0.019

New/Additional Parameters
    VAR_Y              0.596      0.201      2.963      0.003
    STD_B1             0.321      0.169      1.897      0.058
    STD_B2             0.231      0.179      1.291      0.197
    STD_B3             0.055      0.358      0.154      0.878


QUALITY OF NUMERICAL RESULTS

     Condition Number for the Information Matrix              0.320E-03
       (ratio of smallest to largest eigenvalue)


CONFIDENCE INTERVALS OF MODEL RESULTS

                  Lower .5%  Lower 2.5%    Lower 5%    Estimate    Upper 5%  Upper 2.5%   Upper .5%

 X        BY
    X3               1.000       1.000       1.000       1.000       1.000       1.000       1.000
    X2               0.057       0.244       0.340       0.839       1.339       1.435       1.622
    X1              -0.251      -0.156      -0.107       0.147       0.401       0.450       0.545

 M        BY
    M12              1.000       1.000       1.000       1.000       1.000       1.000       1.000
    M11              0.516       0.599       0.642       0.863       1.085       1.127       1.210
    M10              0.318       0.436       0.496       0.812       1.127       1.188       1.306
    M9               0.510       0.628       0.688       1.004       1.319       1.380       1.498
    M8               0.127       0.232       0.286       0.568       0.849       0.903       1.008
    M7               0.205       0.331       0.395       0.730       1.065       1.129       1.254
    M6              -0.045       0.075       0.136       0.456       0.776       0.837       0.957
    M5              -0.095       0.021       0.080       0.389       0.699       0.758       0.874
    M4              -0.212      -0.093      -0.032       0.286       0.604       0.665       0.784
    M3              -0.020       0.089       0.145       0.436       0.726       0.782       0.891
    M2              -0.294      -0.176      -0.116       0.197       0.511       0.571       0.688
    M1              -0.553      -0.440      -0.383      -0.081       0.221       0.278       0.391

 Y        BY
    Y3               1.000       1.000       1.000       1.000       1.000       1.000       1.000
    Y2               0.455       0.557       0.609       0.883       1.157       1.210       1.312
    Y1               0.224       0.368       0.441       0.825       1.209       1.283       1.426

 XM       BY
    X3M12            1.000       1.000       1.000       1.000       1.000       1.000       1.000
    X2M11           -3.866      -2.670      -2.058       1.138       4.334       4.946       6.142
    X1M10           -1.106      -0.589      -0.324       1.057       2.439       2.703       3.220

 Y        ON
    X               -0.297      -0.073       0.042       0.642       1.241       1.356       1.580
    M               -0.172      -0.090      -0.048       0.171       0.390       0.432       0.514
    XM              -1.674      -1.249      -1.031       0.106       1.243       1.460       1.886

 X        WITH
    M               -0.039      -0.002       0.017       0.116       0.215       0.234       0.271
    XM              -0.110      -0.083      -0.069       0.004       0.077       0.091       0.118

 M        WITH
    XM              -0.196      -0.135      -0.104       0.057       0.218       0.249       0.310

 Intercepts
    X1              -0.128      -0.098      -0.082       0.000       0.082       0.098       0.128
    X2              -0.128      -0.098      -0.082       0.000       0.082       0.098       0.128
    X3              -0.129      -0.098      -0.082       0.000       0.082       0.098       0.129
    M1              -0.421      -0.320      -0.269       0.000       0.269       0.320       0.421
    M2              -0.429      -0.327      -0.274       0.000       0.274       0.327       0.429
    M3              -0.402      -0.306      -0.256       0.000       0.256       0.306       0.402
    M4              -0.411      -0.313      -0.262       0.000       0.262       0.313       0.411
    M5              -0.424      -0.323      -0.271       0.000       0.271       0.323       0.424
    M6              -0.400      -0.304      -0.256       0.000       0.256       0.304       0.400
    M7              -0.423      -0.322      -0.270       0.000       0.270       0.322       0.423
    M8              -0.416      -0.317      -0.266       0.000       0.266       0.317       0.416
    M9              -0.412      -0.314      -0.263       0.000       0.263       0.314       0.412
    M10             -0.408      -0.311      -0.261       0.000       0.261       0.311       0.408
    M11             -0.356      -0.271      -0.227       0.000       0.227       0.271       0.356
    M12             -0.390      -0.297      -0.249       0.000       0.249       0.297       0.390
    Y1               0.388       0.441       0.469       0.613       0.756       0.784       0.837
    Y2               0.604       0.663       0.693       0.850       1.006       1.037       1.095
    Y3               0.743       0.812       0.848       1.033       1.219       1.254       1.323
    X1M10           -0.193      -0.147      -0.123       0.000       0.123       0.147       0.193
    X2M11           -0.172      -0.131      -0.110       0.000       0.110       0.131       0.172
    X3M12           -0.203      -0.155      -0.130       0.000       0.130       0.155       0.203

 Variances
    X                0.002       0.037       0.055       0.149       0.243       0.261       0.296
    M                0.381       0.549       0.635       1.083       1.531       1.617       1.785
    XM              -0.332      -0.230      -0.179       0.092       0.363       0.415       0.516

 Residual Variances
    X1               0.224       0.229       0.232       0.245       0.259       0.261       0.266
    X2               0.029       0.056       0.070       0.142       0.215       0.229       0.256
    X3              -0.046      -0.011       0.007       0.101       0.195       0.213       0.248
    M1               2.230       2.332       2.385       2.658       2.932       2.985       3.087
    M2               2.298       2.403       2.457       2.738       3.019       3.073       3.178
    M3               1.640       1.780       1.851       2.224       2.598       2.669       2.809
    M4               1.977       2.091       2.150       2.456       2.763       2.821       2.936
    M5               1.997       2.128       2.195       2.545       2.895       2.962       3.093
    M6               1.622       1.757       1.826       2.188       2.550       2.619       2.754
    M7               1.380       1.557       1.647       2.120       2.592       2.682       2.859
    M8               1.617       1.771       1.849       2.260       2.671       2.750       2.904
    M9               0.726       0.904       0.995       1.470       1.945       2.036       2.214
    M10              1.106       1.271       1.355       1.797       2.238       2.322       2.487
    M11              0.527       0.666       0.736       1.105       1.475       1.545       1.683
    M12              0.581       0.731       0.808       1.211       1.613       1.690       1.841
    Y1               0.030       0.108       0.147       0.356       0.564       0.604       0.682
    Y2               0.183       0.245       0.277       0.444       0.611       0.643       0.705
    Y3               0.216       0.326       0.382       0.675       0.969       1.025       1.135
    X1M10            0.087       0.175       0.220       0.456       0.692       0.737       0.825
    X2M11           -0.205      -0.079      -0.014       0.325       0.664       0.729       0.856
    X3M12            0.108       0.209       0.261       0.531       0.801       0.853       0.954
    Y               -0.045       0.079       0.142       0.474       0.805       0.869       0.993

New/Additional Parameters
    VAR_Y            0.078       0.202       0.265       0.596       0.926       0.990       1.114
    STD_B1          -0.115      -0.011       0.043       0.321       0.599       0.653       0.757
    STD_B2          -0.230      -0.120      -0.063       0.231       0.524       0.581       0.691
    STD_B3          -0.867      -0.646      -0.533       0.055       0.644       0.756       0.977


TECHNICAL 1 OUTPUT


     PARAMETER SPECIFICATION


           NU
              X1            X2            X3            M1            M2
              ________      ________      ________      ________      ________
                  1             2             3             4             5


           NU
              M3            M4            M5            M6            M7
              ________      ________      ________      ________      ________
                  6             7             8             9            10


           NU
              M8            M9            M10           M11           M12
              ________      ________      ________      ________      ________
                 11            12            13            14            15


           NU
              Y1            Y2            Y3            X1M10         X2M11
              ________      ________      ________      ________      ________
                 16            17            18            19            20


           NU
              X3M12
              ________
                 21


           LAMBDA
              X             M             Y             XM
              ________      ________      ________      ________
 X1                22             0             0             0
 X2                23             0             0             0
 X3                 0             0             0             0
 M1                 0            24             0             0
 M2                 0            25             0             0
 M3                 0            26             0             0
 M4                 0            27             0             0
 M5                 0            28             0             0
 M6                 0            29             0             0
 M7                 0            30             0             0
 M8                 0            31             0             0
 M9                 0            32             0             0
 M10                0            33             0             0
 M11                0            34             0             0
 M12                0             0             0             0
 Y1                 0             0            35             0
 Y2                 0             0            36             0
 Y3                 0             0             0             0
 X1M10              0             0             0            37
 X2M11              0             0             0            38
 X3M12              0             0             0             0


           THETA
              X1            X2            X3            M1            M2
              ________      ________      ________      ________      ________
 X1                39
 X2                 0            40
 X3                 0             0            41
 M1                 0             0             0            42
 M2                 0             0             0             0            43
 M3                 0             0             0             0             0
 M4                 0             0             0             0             0
 M5                 0             0             0             0             0
 M6                 0             0             0             0             0
 M7                 0             0             0             0             0
 M8                 0             0             0             0             0
 M9                 0             0             0             0             0
 M10                0             0             0             0             0
 M11                0             0             0             0             0
 M12                0             0             0             0             0
 Y1                 0             0             0             0             0
 Y2                 0             0             0             0             0
 Y3                 0             0             0             0             0
 X1M10              0             0             0             0             0
 X2M11              0             0             0             0             0
 X3M12              0             0             0             0             0


           THETA
              M3            M4            M5            M6            M7
              ________      ________      ________      ________      ________
 M3                44
 M4                 0            45
 M5                 0             0            46
 M6                 0             0             0            47
 M7                 0             0             0             0            48
 M8                 0             0             0             0             0
 M9                 0             0             0             0             0
 M10                0             0             0             0             0
 M11                0             0             0             0             0
 M12                0             0             0             0             0
 Y1                 0             0             0             0             0
 Y2                 0             0             0             0             0
 Y3                 0             0             0             0             0
 X1M10              0             0             0             0             0
 X2M11              0             0             0             0             0
 X3M12              0             0             0             0             0


           THETA
              M8            M9            M10           M11           M12
              ________      ________      ________      ________      ________
 M8                49
 M9                 0            50
 M10                0             0            51
 M11                0             0             0            52
 M12                0             0             0             0            53
 Y1                 0             0             0             0             0
 Y2                 0             0             0             0             0
 Y3                 0             0             0             0             0
 X1M10              0             0             0             0             0
 X2M11              0             0             0             0             0
 X3M12              0             0             0             0             0


           THETA
              Y1            Y2            Y3            X1M10         X2M11
              ________      ________      ________      ________      ________
 Y1                54
 Y2                 0            55
 Y3                 0             0            56
 X1M10              0             0             0            57
 X2M11              0             0             0             0            58
 X3M12              0             0             0             0             0


           THETA
              X3M12
              ________
 X3M12             59


           ALPHA
              X             M             Y             XM
              ________      ________      ________      ________
                  0             0             0             0


           BETA
              X             M             Y             XM
              ________      ________      ________      ________
 X                  0             0             0             0
 M                  0             0             0             0
 Y                 60            61             0            62
 XM                 0             0             0             0


           PSI
              X             M             Y             XM
              ________      ________      ________      ________
 X                 63
 M                 64            65
 Y                  0             0            66
 XM                67            68             0            69


     PARAMETER SPECIFICATION FOR THE ADDITIONAL PARAMETERS


           New/Additional Parameters
              VAR_Y         STD_B1        STD_B2        STD_B3
              ________      ________      ________      ________
                   70            71            72            73


     STARTING VALUES


           NU
              X1            X2            X3            M1            M2
              ________      ________      ________      ________      ________
                0.000         0.000         0.000         0.000         0.000


           NU
              M3            M4            M5            M6            M7
              ________      ________      ________      ________      ________
                0.000         0.000         0.000         0.000         0.000


           NU
              M8            M9            M10           M11           M12
              ________      ________      ________      ________      ________
                0.000         0.000         0.000         0.000         0.000


           NU
              Y1            Y2            Y3            X1M10         X2M11
              ________      ________      ________      ________      ________
                0.613         0.850         1.033         0.000         0.000


           NU
              X3M12
              ________
                0.000


           LAMBDA
              X             M             Y             XM
              ________      ________      ________      ________
 X1             0.056         0.000         0.000         0.000
 X2             0.233         0.000         0.000         0.000
 X3             1.000         0.000         0.000         0.000
 M1             0.000        -4.039         0.000         0.000
 M2             0.000         0.852         0.000         0.000
 M3             0.000        -0.682         0.000         0.000
 M4             0.000         1.825         0.000         0.000
 M5             0.000        -0.465         0.000         0.000
 M6             0.000         2.320         0.000         0.000
 M7             0.000         2.909         0.000         0.000
 M8             0.000         0.634         0.000         0.000
 M9             0.000         0.562         0.000         0.000
 M10            0.000        -0.124         0.000         0.000
 M11            0.000         0.774         0.000         0.000
 M12            0.000         1.000         0.000         0.000
 Y1             0.000         0.000         0.733         0.000
 Y2             0.000         0.000         0.901         0.000
 Y3             0.000         0.000         1.000         0.000
 X1M10          0.000         0.000         0.000         1.360
 X2M11          0.000         0.000         0.000         1.013
 X3M12          0.000         0.000         0.000         1.000


           THETA
              X1            X2            X3            M1            M2
              ________      ________      ________      ________      ________
 X1             0.124
 X2             0.000         0.124
 X3             0.000         0.000         0.125
 M1             0.000         0.000         0.000         1.333
 M2             0.000         0.000         0.000         0.000         1.390
 M3             0.000         0.000         0.000         0.000         0.000
 M4             0.000         0.000         0.000         0.000         0.000
 M5             0.000         0.000         0.000         0.000         0.000
 M6             0.000         0.000         0.000         0.000         0.000
 M7             0.000         0.000         0.000         0.000         0.000
 M8             0.000         0.000         0.000         0.000         0.000
 M9             0.000         0.000         0.000         0.000         0.000
 M10            0.000         0.000         0.000         0.000         0.000
 M11            0.000         0.000         0.000         0.000         0.000
 M12            0.000         0.000         0.000         0.000         0.000
 Y1             0.000         0.000         0.000         0.000         0.000
 Y2             0.000         0.000         0.000         0.000         0.000
 Y3             0.000         0.000         0.000         0.000         0.000
 X1M10          0.000         0.000         0.000         0.000         0.000
 X2M11          0.000         0.000         0.000         0.000         0.000
 X3M12          0.000         0.000         0.000         0.000         0.000


           THETA
              M3            M4            M5            M6            M7
              ________      ________      ________      ________      ________
 M3             1.215
 M4             0.000         1.273
 M5             0.000         0.000         1.355
 M6             0.000         0.000         0.000         1.207
 M7             0.000         0.000         0.000         0.000         1.348
 M8             0.000         0.000         0.000         0.000         0.000
 M9             0.000         0.000         0.000         0.000         0.000
 M10            0.000         0.000         0.000         0.000         0.000
 M11            0.000         0.000         0.000         0.000         0.000
 M12            0.000         0.000         0.000         0.000         0.000
 Y1             0.000         0.000         0.000         0.000         0.000
 Y2             0.000         0.000         0.000         0.000         0.000
 Y3             0.000         0.000         0.000         0.000         0.000
 X1M10          0.000         0.000         0.000         0.000         0.000
 X2M11          0.000         0.000         0.000         0.000         0.000
 X3M12          0.000         0.000         0.000         0.000         0.000


           THETA
              M8            M9            M10           M11           M12
              ________      ________      ________      ________      ________
 M8             1.305
 M9             0.000         1.281
 M10            0.000         0.000         1.255
 M11            0.000         0.000         0.000         0.956
 M12            0.000         0.000         0.000         0.000         1.147
 Y1             0.000         0.000         0.000         0.000         0.000
 Y2             0.000         0.000         0.000         0.000         0.000
 Y3             0.000         0.000         0.000         0.000         0.000
 X1M10          0.000         0.000         0.000         0.000         0.000
 X2M11          0.000         0.000         0.000         0.000         0.000
 X3M12          0.000         0.000         0.000         0.000         0.000


           THETA
              Y1            Y2            Y3            X1M10         X2M11
              ________      ________      ________      ________      ________
 Y1             0.381
 Y2             0.000         0.454
 Y3             0.000         0.000         0.635
 X1M10          0.000         0.000         0.000         0.280
 X2M11          0.000         0.000         0.000         0.000         0.222
 X3M12          0.000         0.000         0.000         0.000         0.000


           THETA
              X3M12
              ________
 X3M12          0.311


           ALPHA
              X             M             Y             XM
              ________      ________      ________      ________
                0.000         0.000         0.000         0.000


           BETA
              X             M             Y             XM
              ________      ________      ________      ________
 X              0.000         0.000         0.000         0.000
 M              0.000         0.000         0.000         0.000
 Y              0.000         0.000         0.000         0.000
 XM             0.000         0.000         0.000         0.000


           PSI
              X             M             Y             XM
              ________      ________      ________      ________
 X              0.050
 M              0.000         0.050
 Y              0.000         0.000         0.050
 XM             0.000         0.000         0.000         0.050


     STARTING VALUES FOR THE ADDITIONAL PARAMETERS


           New/Additional Parameters
              VAR_Y         STD_B1        STD_B2        STD_B3
              ________      ________      ________      ________
                0.500         0.500         0.500         0.500


RESULTS SAVING INFORMATION

  Order of data

    Parameter estimates
     (saved in order shown in Technical 1 output)
    Standard errors
     (saved in order shown in Technical 1 output)
    Number of Free Parameters
    H0 Loglikelihood
    H0 Scaling Correction Factor for MLR
    H1 Loglikelihood
    H1 Scaling Correction Factor for MLR
    Akaike (AIC)
    Bayesian (BIC)
    Sample-Size Adjusted BIC
    Chi-square : Value
    Chi-square : Degrees of Freedom
    Chi-square : P-Value
    Chi-square : Scaling Correction Factor for MLR/MLM/WLSM
    CFI
    TLI
    RMSEA : Estimate
    RMSEA : Low CI
    RMSEA : High CI
    RMSEA : Probability
    SRMR
    Condition Number

  Save file
    matchupi_results_1710.dat

  Save file format           Free


     Beginning Time:  19:40:37
        Ending Time:  19:40:39
       Elapsed Time:  00:00:02



MUTHEN & MUTHEN
3463 Stoner Ave.
Los Angeles, CA  90066

Tel: (310) 391-9971
Fax: (310) 391-8971
Web: www.StatModel.com
Support: Support@StatModel.com

Copyright (c) 1998-2022 Muthen & Muthen
