Mplus VERSION 8.8 (Mac)
MUTHEN & MUTHEN
07/27/2025   2:41 PM

INPUT INSTRUCTIONS


    TITLE: Matched-pair Unconstrained Product Indicator

    DATA:
      FILE = matchupi_simdat_80.dat;
      FORMAT IS FREE;

    VARIABLE:
      NAMES = x1 x2 x3
      	    m1 m2 m3 m4 m5 m6
      	    m7 m8 m9 m10 m11 m12
      	    y1 y2 y3
      	    x1m10 x2m11 x3m12;
      USEVARIABLES = x1-x3m12;

    ANALYSIS:
      TYPE = general;
      ESTIMATOR = MLR;
    MODEL:
      !measurement model
      X BY x3 x2 x1;
      X (var_X);
      M BY m12 m11 m10 m9 m8 m7 m6 m5 m4 m3 m2 m1;
      M (var_M);
      Y BY y3 y2 y1;
      Y (resvar_Y);
      XM BY x3m12 x2m11 x1m10;
      XM (var_XM);

      !covariances between predictors
      X WITH M (cov_XM);
      X WITH XM (cov_XXM);
      M WITH XM (cov_MXM);

      !structural model
      Y ON X (b1);
      Y ON M (b2);
      Y ON XM (b3);

    MODEL CONSTRAINT:

      NEW(var_Y std_b1 std_b2 std_b3);
      var_Y = resvar_Y +
       (b1^2 * var_X +
        b2^2 * var_M +
        b3^2 * var_XM +
        2 * b1 * b2 * cov_XM +
        2 * b1 * b3 * cov_XXM +
        2 * b2 * b3 * cov_MXM);

        std_b1 = b1 * sqrt(var_X) / sqrt(var_Y);
        std_b2 = b2 * sqrt(var_M) / sqrt(var_Y);
        std_b3 = b3 * sqrt(var_X) * sqrt(var_M) / sqrt(var_Y);

    OUTPUT:
      sampstat tech1 CINTERVAL;

    SAVEDATA:
      RESULTS = matchupi_results_80.dat;




INPUT READING TERMINATED NORMALLY



Matched-pair Unconstrained Product Indicator

SUMMARY OF ANALYSIS

Number of groups                                                 1
Number of observations                                         100

Number of dependent variables                                   21
Number of independent variables                                  0
Number of continuous latent variables                            4

Observed dependent variables

  Continuous
   X1          X2          X3          M1          M2          M3
   M4          M5          M6          M7          M8          M9
   M10         M11         M12         Y1          Y2          Y3
   X1M10       X2M11       X3M12

Continuous latent variables
   X           M           Y           XM


Estimator                                                      MLR
Information matrix                                        OBSERVED
Maximum number of iterations                                  1000
Convergence criterion                                    0.500D-04
Maximum number of steepest descent iterations                   20

Input data file(s)
  matchupi_simdat_80.dat

Input data format  FREE


SAMPLE STATISTICS


     SAMPLE STATISTICS


           Means
              X1            X2            X3            M1            M2
              ________      ________      ________      ________      ________
                0.000         0.000         0.000         0.000         0.000


           Means
              M3            M4            M5            M6            M7
              ________      ________      ________      ________      ________
                0.000         0.000         0.000         0.000         0.000


           Means
              M8            M9            M10           M11           M12
              ________      ________      ________      ________      ________
                0.000         0.000         0.000         0.000         0.000


           Means
              Y1            Y2            Y3            X1M10         X2M11
              ________      ________      ________      ________      ________
                0.568         0.835         1.068         0.000         0.000


           Means
              X3M12
              ________
                0.000


           Covariances
              X1            X2            X3            M1            M2
              ________      ________      ________      ________      ________
 X1             0.245
 X2             0.085         0.245
 X3             0.091         0.131         0.244
 M1             0.035         0.135         0.148         2.412
 M2             0.068        -0.062         0.049        -0.237         2.761
 M3            -0.037        -0.018         0.045        -0.305        -0.162
 M4             0.094         0.014         0.096        -0.542        -0.007
 M5             0.067         0.037         0.113         0.337         0.560
 M6             0.067         0.067         0.163         0.501         0.303
 M7             0.047         0.147         0.124         0.270         0.279
 M8             0.008         0.068         0.110         0.096        -0.090
 M9             0.065         0.165         0.163        -0.067         0.101
 M10            0.150         0.090         0.081         0.389         0.506
 M11           -0.010         0.010         0.089         0.171         0.634
 M12           -0.001         0.059         0.122         0.506         0.577
 Y1            -0.002        -0.014         0.053         0.032         0.420
 Y2             0.049         0.010         0.054         0.056         0.325
 Y3             0.022         0.015         0.063         0.000         0.282
 X1M10          0.015        -0.001         0.019        -0.004        -0.290
 X2M11          0.018        -0.001         0.017         0.097        -0.003
 X3M12         -0.021        -0.014        -0.046         0.013        -0.042


           Covariances
              M3            M4            M5            M6            M7
              ________      ________      ________      ________      ________
 M3             2.667
 M4             0.262         2.630
 M5            -0.158         0.180         2.309
 M6             0.230         0.020         0.481         2.658
 M7            -0.025        -0.062         0.185         0.633         2.368
 M8             0.640         0.291         0.206         0.365         0.092
 M9             0.253         0.442         0.145         0.216         0.477
 M10            0.495         0.299         0.454         0.524         0.535
 M11            0.735         0.011         0.486         0.716         0.545
 M12            0.315         0.230         0.831         0.609         0.556
 Y1             0.159         0.023         0.290         0.317         0.063
 Y2             0.076         0.137         0.262         0.526         0.137
 Y3             0.224         0.112         0.186         0.190         0.133
 X1M10          0.319        -0.160        -0.027        -0.134        -0.110
 X2M11          0.391        -0.134         0.106         0.134         0.082
 X3M12          0.131        -0.066        -0.051        -0.138         0.057


           Covariances
              M8            M9            M10           M11           M12
              ________      ________      ________      ________      ________
 M8             2.426
 M9             0.042         2.308
 M10            0.287         0.541         2.560
 M11            0.453         0.619         0.820         2.140
 M12            0.472         0.563         0.847         1.353         2.460
 Y1             0.248        -0.011         0.177         0.278         0.423
 Y2             0.284         0.185         0.258         0.313         0.544
 Y3             0.220         0.489         0.316         0.380         0.513
 X1M10          0.065         0.010         0.244         0.088        -0.048
 X2M11          0.273        -0.010         0.115         0.162         0.059
 X3M12          0.063         0.047         0.017         0.066         0.153


           Covariances
              Y1            Y2            Y3            X1M10         X2M11
              ________      ________      ________      ________      ________
 Y1             0.939
 Y2             0.384         0.815
 Y3             0.356         0.550         1.195
 X1M10         -0.079        -0.015         0.033         0.577
 X2M11         -0.001         0.049         0.132         0.173         0.502
 X3M12         -0.007        -0.025        -0.095         0.142         0.161


           Covariances
              X3M12
              ________
 X3M12          0.603


           Correlations
              X1            X2            X3            M1            M2
              ________      ________      ________      ________      ________
 X1             1.000
 X2             0.347         1.000
 X3             0.371         0.534         1.000
 M1             0.045         0.175         0.193         1.000
 M2             0.083        -0.075         0.059        -0.092         1.000
 M3            -0.046        -0.022         0.056        -0.120        -0.060
 M4             0.117         0.018         0.120        -0.215        -0.002
 M5             0.089         0.049         0.150         0.143         0.222
 M6             0.083         0.083         0.203         0.198         0.112
 M7             0.062         0.193         0.164         0.113         0.109
 M8             0.011         0.089         0.144         0.040        -0.035
 M9             0.087         0.220         0.217        -0.028         0.040
 M10            0.190         0.114         0.103         0.157         0.190
 M11           -0.014         0.014         0.123         0.075         0.261
 M12           -0.002         0.075         0.157         0.208         0.221
 Y1            -0.004        -0.029         0.111         0.021         0.261
 Y2             0.110         0.022         0.121         0.040         0.217
 Y3             0.040         0.028         0.117         0.000         0.155
 X1M10          0.039        -0.004         0.052        -0.003        -0.230
 X2M11          0.050        -0.004         0.049         0.088        -0.003
 X3M12         -0.055        -0.038        -0.119         0.011        -0.033


           Correlations
              M3            M4            M5            M6            M7
              ________      ________      ________      ________      ________
 M3             1.000
 M4             0.099         1.000
 M5            -0.063         0.073         1.000
 M6             0.086         0.007         0.194         1.000
 M7            -0.010        -0.025         0.079         0.252         1.000
 M8             0.252         0.115         0.087         0.144         0.038
 M9             0.102         0.179         0.063         0.087         0.204
 M10            0.189         0.115         0.187         0.201         0.217
 M11            0.308         0.005         0.219         0.300         0.242
 M12            0.123         0.090         0.349         0.238         0.231
 Y1             0.101         0.014         0.197         0.201         0.042
 Y2             0.052         0.094         0.191         0.357         0.099
 Y3             0.126         0.063         0.112         0.106         0.079
 X1M10          0.257        -0.130        -0.024        -0.108        -0.094
 X2M11          0.338        -0.116         0.099         0.116         0.076
 X3M12          0.103        -0.052        -0.044        -0.109         0.048


           Correlations
              M8            M9            M10           M11           M12
              ________      ________      ________      ________      ________
 M8             1.000
 M9             0.018         1.000
 M10            0.115         0.223         1.000
 M11            0.199         0.279         0.350         1.000
 M12            0.193         0.236         0.338         0.590         1.000
 Y1             0.165        -0.008         0.114         0.196         0.278
 Y2             0.202         0.135         0.178         0.237         0.384
 Y3             0.129         0.295         0.180         0.238         0.299
 X1M10          0.055         0.008         0.201         0.079        -0.040
 X2M11          0.247        -0.009         0.102         0.156         0.053
 X3M12          0.052         0.040         0.014         0.059         0.125


           Correlations
              Y1            Y2            Y3            X1M10         X2M11
              ________      ________      ________      ________      ________
 Y1             1.000
 Y2             0.439         1.000
 Y3             0.336         0.557         1.000
 X1M10         -0.107        -0.021         0.040         1.000
 X2M11         -0.002         0.077         0.170         0.321         1.000
 X3M12         -0.009        -0.036        -0.112         0.240         0.294


           Correlations
              X3M12
              ________
 X3M12          1.000


UNIVARIATE SAMPLE STATISTICS


     UNIVARIATE HIGHER-ORDER MOMENT DESCRIPTIVE STATISTICS

         Variable/         Mean/     Skewness/   Minimum/ % with                Percentiles
        Sample Size      Variance    Kurtosis    Maximum  Min/Max      20%/60%    40%/80%    Median

     X1                    0.000      -0.283      -0.570   43.00%      -0.570     -0.570      0.430
             100.000       0.245      -1.920       0.430   57.00%       0.430      0.430
     X2                    0.000      -0.283      -0.570   43.00%      -0.570     -0.570      0.430
             100.000       0.245      -1.920       0.430   57.00%       0.430      0.430
     X3                    0.000       0.324      -0.420   58.00%      -0.420     -0.420     -0.420
             100.000       0.244      -1.895       0.580   42.00%       0.580      0.580
     M1                    0.000      -0.273      -2.220   25.00%      -2.220     -0.220     -0.220
             100.000       2.412      -1.388       1.780   31.00%       0.780      1.780
     M2                    0.000       0.336      -1.670   41.00%      -1.670     -1.670     -0.670
             100.000       2.761      -1.541       2.330   26.00%       0.330      2.330
     M3                    0.000       0.185      -1.750   39.00%      -1.750     -0.750      0.250
             100.000       2.667      -1.599       2.250   23.00%       0.250      2.250
     M4                    0.000      -0.016      -2.010   29.00%      -2.010     -1.010     -0.010
             100.000       2.630      -1.613       1.990   29.00%       0.990      1.990
     M5                    0.000       0.051      -1.970   25.00%      -1.970     -0.970      0.030
             100.000       2.309      -1.440       2.030   25.00%       0.030      2.030
     M6                    0.000      -0.120      -2.040   32.00%      -2.040     -0.040     -0.040
             100.000       2.658      -1.597       1.960   28.00%       0.960      1.960
     M7                    0.000      -0.237      -2.180   24.00%      -2.180     -0.180     -0.180
             100.000       2.368      -1.430       1.820   28.00%       0.820      1.820
     M8                    0.000       0.089      -1.880   31.00%      -1.880     -0.880      0.120
             100.000       2.426      -1.472       2.120   24.00%       0.120      2.120
     M9                    0.000       0.117      -1.850   29.00%      -1.850     -0.850      0.150
             100.000       2.308      -1.448       2.150   21.00%       0.150      2.150
     M10                   0.000      -0.156      -2.140   26.00%      -2.140     -0.140     -0.140
             100.000       2.560      -1.555       1.860   31.00%       0.860      1.860
     M11                   0.000       0.090      -1.860   27.00%      -1.860     -0.860      0.140
             100.000       2.140      -1.344       2.140   19.00%       0.140      1.140
     M12                   0.000      -0.033      -2.020   27.00%      -2.020     -1.020     -0.020
             100.000       2.460      -1.522       1.980   27.00%       0.980      1.980
     Y1                    0.568       0.273      -1.330    1.00%      -0.398      0.272      0.556
             100.000       0.939      -0.697       3.054    1.00%       0.915      1.389
     Y2                    0.835      -0.046      -1.860    1.00%       0.100      0.587      0.867
             100.000       0.815       0.540       3.352    1.00%       0.982      1.643
     Y3                    1.068      -0.189      -1.900    1.00%       0.171      0.674      0.883
             100.000       1.195      -0.079       3.611    1.00%       1.423      1.984
     X1M10                 0.000      -0.272      -1.293    9.00%      -0.953     -0.133      0.097
             100.000       0.577      -1.255       1.027   13.00%       0.307      0.727
     X2M11                 0.000       0.103      -1.230    4.00%      -0.810     -0.380      0.050
             100.000       0.502      -1.326       1.050   10.00%       0.050      0.910
     X3M12                 0.000      -0.290      -1.210   10.00%      -1.070     -0.070      0.220
             100.000       0.603      -1.306       1.070   13.00%       0.500      0.650


     THIS ANALYSIS MAY HAVE MULTIPLE SOLUTIONS.  EXPLORE THIS USING RANDOM STARTS,
     FOR EXAMPLE, STARTS = 20.  USE A LARGE ENOUGH NUMBER OF STARTS SO THAT THE
     BEST FIT FUNCTION VALUE IS REPLICATED SEVERAL TIMES.


THE MODEL ESTIMATION TERMINATED NORMALLY

     THE STANDARD ERRORS OF THE MODEL PARAMETER ESTIMATES MAY NOT BE
     TRUSTWORTHY FOR SOME PARAMETERS DUE TO A NON-POSITIVE DEFINITE
     FIRST-ORDER DERIVATIVE PRODUCT MATRIX.  THIS MAY BE DUE TO THE STARTING
     VALUES BUT MAY ALSO BE AN INDICATION OF MODEL NONIDENTIFICATION.  THE
     CONDITION NUMBER IS      -0.232D-14.  PROBLEM INVOLVING THE FOLLOWING PARAMETER:
     Parameter 40, X2

     THIS IS MOST LIKELY DUE TO VARIABLE X1 BEING DICHOTOMOUS BUT
     DECLARED AS CONTINUOUS.




MODEL FIT INFORMATION

Number of Free Parameters                       69

Loglikelihood

          H0 Value                       -3077.186
          H0 Scaling Correction Factor      0.8735
            for MLR
          H1 Value                       -2985.486
          H1 Scaling Correction Factor      0.9550
            for MLR

Information Criteria

          Akaike (AIC)                    6292.373
          Bayesian (BIC)                  6472.130
          Sample-Size Adjusted BIC        6254.210
            (n* = (n + 2) / 24)

Chi-Square Test of Model Fit

          Value                            186.054*
          Degrees of Freedom                   183
          P-Value                           0.4232
          Scaling Correction Factor         0.9857
            for MLR

*   The chi-square value for MLM, MLMV, MLR, ULSMV, WLSM and WLSMV cannot be used
    for chi-square difference testing in the regular way.  MLM, MLR and WLSM
    chi-square difference testing is described on the Mplus website.  MLMV, WLSMV,
    and ULSMV difference testing is done using the DIFFTEST option.

RMSEA (Root Mean Square Error Of Approximation)

          Estimate                           0.013
          90 Percent C.I.                    0.000  0.046
          Probability RMSEA <= .05           0.972

CFI/TLI

          CFI                                0.988
          TLI                                0.986

Chi-Square Test of Model Fit for the Baseline Model

          Value                            461.332
          Degrees of Freedom                   210
          P-Value                           0.0000

SRMR (Standardized Root Mean Square Residual)

          Value                              0.074



MODEL RESULTS

                                                    Two-Tailed
                    Estimate       S.E.  Est./S.E.    P-Value

 X        BY
    X3                 1.000      0.000    999.000    999.000
    X2                 0.826      0.251      3.288      0.001
    X1                 0.588      0.202      2.914      0.004

 M        BY
    M12                1.000      0.000    999.000    999.000
    M11                0.901      0.147      6.126      0.000
    M10                0.666      0.149      4.473      0.000
    M9                 0.444      0.160      2.767      0.006
    M8                 0.372      0.150      2.474      0.013
    M7                 0.438      0.146      2.995      0.003
    M6                 0.572      0.158      3.619      0.000
    M5                 0.492      0.130      3.793      0.000
    M4                 0.138      0.151      0.908      0.364
    M3                 0.355      0.194      1.832      0.067
    M2                 0.430      0.162      2.657      0.008
    M1                 0.252      0.165      1.531      0.126

 Y        BY
    Y3                 1.000      0.000    999.000    999.000
    Y2                 1.024      0.206      4.975      0.000
    Y1                 0.706      0.178      3.958      0.000

 XM       BY
    X3M12              1.000      0.000    999.000    999.000
    X2M11              1.315      0.777      1.692      0.091
    X1M10              1.015      0.362      2.808      0.005

 Y        ON
    X                 -0.002      0.244     -0.007      0.995
    M                  0.352      0.103      3.413      0.001
    XM                -0.116      0.298     -0.389      0.698

 X        WITH
    M                  0.129      0.077      1.690      0.091
    XM                 0.002      0.027      0.059      0.953

 M        WITH
    XM                 0.089      0.088      1.013      0.311

 Intercepts
    X1                 0.000      0.050      0.000      1.000
    X2                 0.000      0.050      0.000      1.000
    X3                 0.000      0.049      0.000      1.000
    M1                 0.000      0.155      0.000      1.000
    M2                 0.000      0.166      0.000      1.000
    M3                 0.000      0.163      0.000      1.000
    M4                 0.000      0.162      0.000      1.000
    M5                 0.000      0.152      0.000      1.000
    M6                 0.000      0.163      0.000      1.000
    M7                 0.000      0.154      0.000      1.000
    M8                 0.000      0.156      0.000      1.000
    M9                 0.000      0.152      0.000      1.000
    M10                0.000      0.160      0.000      1.000
    M11                0.000      0.146      0.000      1.000
    M12                0.000      0.157      0.000      1.000
    Y1                 0.568      0.097      5.858      0.000
    Y2                 0.835      0.090      9.249      0.000
    Y3                 1.068      0.109      9.770      0.000
    X1M10              0.000      0.076      0.000      1.000
    X2M11              0.000      0.071      0.000      1.000
    X3M12              0.000      0.078      0.000      1.000

 Variances
    X                  0.159      0.049      3.224      0.001
    M                  1.399      0.283      4.938      0.000
    XM                 0.128      0.090      1.417      0.157

 Residual Variances
    X1                 0.190      0.027      7.062      0.000
    X2                 0.137      0.039      3.491      0.000
    X3                 0.085      0.048      1.750      0.080
    M1                 2.323      0.215     10.823      0.000
    M2                 2.503      0.240     10.419      0.000
    M3                 2.491      0.224     11.106      0.000
    M4                 2.603      0.168     15.527      0.000
    M5                 1.970      0.217      9.092      0.000
    M6                 2.200      0.238      9.263      0.000
    M7                 2.099      0.198     10.584      0.000
    M8                 2.232      0.208     10.748      0.000
    M9                 2.032      0.222      9.144      0.000
    M10                1.939      0.259      7.486      0.000
    M11                1.005      0.248      4.057      0.000
    M12                1.061      0.237      4.482      0.000
    Y1                 0.674      0.105      6.434      0.000
    Y2                 0.257      0.093      2.761      0.006
    Y3                 0.663      0.151      4.391      0.000
    X1M10              0.445      0.093      4.787      0.000
    X2M11              0.280      0.133      2.113      0.035
    X3M12              0.474      0.095      5.015      0.000
    Y                  0.365      0.136      2.680      0.007

New/Additional Parameters
    VAR_Y              0.532      0.190      2.795      0.005
    STD_B1            -0.001      0.133     -0.007      0.995
    STD_B2             0.570      0.107      5.318      0.000
    STD_B3            -0.075      0.196     -0.382      0.702


QUALITY OF NUMERICAL RESULTS

     Condition Number for the Information Matrix              0.404E-03
       (ratio of smallest to largest eigenvalue)


CONFIDENCE INTERVALS OF MODEL RESULTS

                  Lower .5%  Lower 2.5%    Lower 5%    Estimate    Upper 5%  Upper 2.5%   Upper .5%

 X        BY
    X3               1.000       1.000       1.000       1.000       1.000       1.000       1.000
    X2               0.179       0.334       0.413       0.826       1.239       1.318       1.473
    X1               0.068       0.192       0.256       0.588       0.920       0.983       1.107

 M        BY
    M12              1.000       1.000       1.000       1.000       1.000       1.000       1.000
    M11              0.522       0.613       0.659       0.901       1.143       1.190       1.280
    M10              0.283       0.374       0.421       0.666       0.911       0.958       1.050
    M9               0.031       0.129       0.180       0.444       0.708       0.759       0.857
    M8              -0.015       0.077       0.125       0.372       0.619       0.666       0.758
    M7               0.061       0.151       0.198       0.438       0.679       0.725       0.815
    M6               0.165       0.262       0.312       0.572       0.833       0.882       0.980
    M5               0.158       0.238       0.279       0.492       0.706       0.747       0.827
    M4              -0.253      -0.159      -0.112       0.138       0.387       0.434       0.528
    M3              -0.144      -0.025       0.036       0.355       0.674       0.735       0.855
    M2               0.013       0.113       0.164       0.430       0.696       0.747       0.847
    M1              -0.172      -0.071      -0.019       0.252       0.523       0.575       0.676

 Y        BY
    Y3               1.000       1.000       1.000       1.000       1.000       1.000       1.000
    Y2               0.494       0.620       0.685       1.024       1.362       1.427       1.554
    Y1               0.246       0.356       0.412       0.706       0.999       1.055       1.165

 XM       BY
    X3M12            1.000       1.000       1.000       1.000       1.000       1.000       1.000
    X2M11           -0.686      -0.208       0.037       1.315       2.593       2.838       3.316
    X1M10            0.084       0.307       0.420       1.015       1.610       1.724       1.947

 Y        ON
    X               -0.630      -0.480      -0.403      -0.002       0.400       0.477       0.627
    M                0.086       0.150       0.182       0.352       0.521       0.554       0.617
    XM              -0.882      -0.699      -0.605      -0.116       0.374       0.468       0.651

 X        WITH
    M               -0.068      -0.021       0.003       0.129       0.255       0.279       0.326
    XM              -0.069      -0.052      -0.043       0.002       0.047       0.055       0.072

 M        WITH
    XM              -0.138      -0.084      -0.056       0.089       0.234       0.262       0.317

 Intercepts
    X1              -0.128      -0.097      -0.081       0.000       0.081       0.097       0.128
    X2              -0.128      -0.097      -0.081       0.000       0.081       0.097       0.128
    X3              -0.127      -0.097      -0.081       0.000       0.081       0.097       0.127
    M1              -0.400      -0.304      -0.255       0.000       0.255       0.304       0.400
    M2              -0.428      -0.326      -0.273       0.000       0.273       0.326       0.428
    M3              -0.421      -0.320      -0.269       0.000       0.269       0.320       0.421
    M4              -0.418      -0.318      -0.267       0.000       0.267       0.318       0.418
    M5              -0.391      -0.298      -0.250       0.000       0.250       0.298       0.391
    M6              -0.420      -0.320      -0.268       0.000       0.268       0.320       0.420
    M7              -0.396      -0.302      -0.253       0.000       0.253       0.302       0.396
    M8              -0.401      -0.305      -0.256       0.000       0.256       0.305       0.401
    M9              -0.391      -0.298      -0.250       0.000       0.250       0.298       0.391
    M10             -0.412      -0.314      -0.263       0.000       0.263       0.314       0.412
    M11             -0.377      -0.287      -0.241       0.000       0.241       0.287       0.377
    M12             -0.404      -0.307      -0.258       0.000       0.258       0.307       0.404
    Y1               0.318       0.378       0.408       0.568       0.727       0.758       0.817
    Y2               0.602       0.658       0.686       0.835       0.983       1.012       1.067
    Y3               0.787       0.854       0.888       1.068       1.248       1.282       1.350
    X1M10           -0.196      -0.149      -0.125       0.000       0.125       0.149       0.196
    X2M11           -0.182      -0.139      -0.117       0.000       0.117       0.139       0.182
    X3M12           -0.200      -0.152      -0.128       0.000       0.128       0.152       0.200

 Variances
    X                0.032       0.062       0.078       0.159       0.240       0.256       0.286
    M                0.669       0.843       0.933       1.399       1.865       1.954       2.128
    XM              -0.105      -0.049      -0.021       0.128       0.277       0.306       0.361

 Residual Variances
    X1               0.121       0.137       0.146       0.190       0.234       0.243       0.260
    X2               0.036       0.060       0.072       0.137       0.201       0.213       0.238
    X3              -0.040      -0.010       0.005       0.085       0.164       0.180       0.209
    M1               1.770       1.902       1.970       2.323       2.676       2.743       2.875
    M2               1.884       2.032       2.108       2.503       2.898       2.973       3.121
    M3               1.913       2.051       2.122       2.491       2.860       2.931       3.069
    M4               2.172       2.275       2.328       2.603       2.879       2.932       3.035
    M5               1.412       1.545       1.614       1.970       2.326       2.395       2.528
    M6               1.588       1.735       1.809       2.200       2.591       2.666       2.812
    M7               1.588       1.710       1.773       2.099       2.425       2.488       2.610
    M8               1.697       1.825       1.891       2.232       2.574       2.640       2.768
    M9               1.459       1.596       1.666       2.032       2.397       2.467       2.604
    M10              1.272       1.432       1.513       1.939       2.365       2.447       2.607
    M11              0.367       0.519       0.597       1.005       1.412       1.490       1.642
    M12              0.451       0.597       0.672       1.061       1.450       1.525       1.671
    Y1               0.404       0.469       0.502       0.674       0.847       0.880       0.944
    Y2               0.017       0.075       0.104       0.257       0.411       0.440       0.498
    Y3               0.274       0.367       0.415       0.663       0.912       0.959       1.052
    X1M10            0.205       0.262       0.292       0.445       0.597       0.627       0.684
    X2M11           -0.061       0.020       0.062       0.280       0.498       0.540       0.622
    X3M12            0.231       0.289       0.319       0.474       0.630       0.660       0.718
    Y                0.014       0.098       0.141       0.365       0.588       0.631       0.715

New/Additional Parameters
    VAR_Y            0.042       0.159       0.219       0.532       0.845       0.905       1.022
    STD_B1          -0.345      -0.262      -0.220      -0.001       0.219       0.261       0.343
    STD_B2           0.294       0.360       0.394       0.570       0.747       0.781       0.847
    STD_B3          -0.578      -0.458      -0.396      -0.075       0.247       0.308       0.429


TECHNICAL 1 OUTPUT


     PARAMETER SPECIFICATION


           NU
              X1            X2            X3            M1            M2
              ________      ________      ________      ________      ________
                  1             2             3             4             5


           NU
              M3            M4            M5            M6            M7
              ________      ________      ________      ________      ________
                  6             7             8             9            10


           NU
              M8            M9            M10           M11           M12
              ________      ________      ________      ________      ________
                 11            12            13            14            15


           NU
              Y1            Y2            Y3            X1M10         X2M11
              ________      ________      ________      ________      ________
                 16            17            18            19            20


           NU
              X3M12
              ________
                 21


           LAMBDA
              X             M             Y             XM
              ________      ________      ________      ________
 X1                22             0             0             0
 X2                23             0             0             0
 X3                 0             0             0             0
 M1                 0            24             0             0
 M2                 0            25             0             0
 M3                 0            26             0             0
 M4                 0            27             0             0
 M5                 0            28             0             0
 M6                 0            29             0             0
 M7                 0            30             0             0
 M8                 0            31             0             0
 M9                 0            32             0             0
 M10                0            33             0             0
 M11                0            34             0             0
 M12                0             0             0             0
 Y1                 0             0            35             0
 Y2                 0             0            36             0
 Y3                 0             0             0             0
 X1M10              0             0             0            37
 X2M11              0             0             0            38
 X3M12              0             0             0             0


           THETA
              X1            X2            X3            M1            M2
              ________      ________      ________      ________      ________
 X1                39
 X2                 0            40
 X3                 0             0            41
 M1                 0             0             0            42
 M2                 0             0             0             0            43
 M3                 0             0             0             0             0
 M4                 0             0             0             0             0
 M5                 0             0             0             0             0
 M6                 0             0             0             0             0
 M7                 0             0             0             0             0
 M8                 0             0             0             0             0
 M9                 0             0             0             0             0
 M10                0             0             0             0             0
 M11                0             0             0             0             0
 M12                0             0             0             0             0
 Y1                 0             0             0             0             0
 Y2                 0             0             0             0             0
 Y3                 0             0             0             0             0
 X1M10              0             0             0             0             0
 X2M11              0             0             0             0             0
 X3M12              0             0             0             0             0


           THETA
              M3            M4            M5            M6            M7
              ________      ________      ________      ________      ________
 M3                44
 M4                 0            45
 M5                 0             0            46
 M6                 0             0             0            47
 M7                 0             0             0             0            48
 M8                 0             0             0             0             0
 M9                 0             0             0             0             0
 M10                0             0             0             0             0
 M11                0             0             0             0             0
 M12                0             0             0             0             0
 Y1                 0             0             0             0             0
 Y2                 0             0             0             0             0
 Y3                 0             0             0             0             0
 X1M10              0             0             0             0             0
 X2M11              0             0             0             0             0
 X3M12              0             0             0             0             0


           THETA
              M8            M9            M10           M11           M12
              ________      ________      ________      ________      ________
 M8                49
 M9                 0            50
 M10                0             0            51
 M11                0             0             0            52
 M12                0             0             0             0            53
 Y1                 0             0             0             0             0
 Y2                 0             0             0             0             0
 Y3                 0             0             0             0             0
 X1M10              0             0             0             0             0
 X2M11              0             0             0             0             0
 X3M12              0             0             0             0             0


           THETA
              Y1            Y2            Y3            X1M10         X2M11
              ________      ________      ________      ________      ________
 Y1                54
 Y2                 0            55
 Y3                 0             0            56
 X1M10              0             0             0            57
 X2M11              0             0             0             0            58
 X3M12              0             0             0             0             0


           THETA
              X3M12
              ________
 X3M12             59


           ALPHA
              X             M             Y             XM
              ________      ________      ________      ________
                  0             0             0             0


           BETA
              X             M             Y             XM
              ________      ________      ________      ________
 X                  0             0             0             0
 M                  0             0             0             0
 Y                 60            61             0            62
 XM                 0             0             0             0


           PSI
              X             M             Y             XM
              ________      ________      ________      ________
 X                 63
 M                 64            65
 Y                  0             0            66
 XM                67            68             0            69


     PARAMETER SPECIFICATION FOR THE ADDITIONAL PARAMETERS


           New/Additional Parameters
              VAR_Y         STD_B1        STD_B2        STD_B3
              ________      ________      ________      ________
                   70            71            72            73


     STARTING VALUES


           NU
              X1            X2            X3            M1            M2
              ________      ________      ________      ________      ________
                0.000         0.000         0.000         0.000         0.000


           NU
              M3            M4            M5            M6            M7
              ________      ________      ________      ________      ________
                0.000         0.000         0.000         0.000         0.000


           NU
              M8            M9            M10           M11           M12
              ________      ________      ________      ________      ________
                0.000         0.000         0.000         0.000         0.000


           NU
              Y1            Y2            Y3            X1M10         X2M11
              ________      ________      ________      ________      ________
                0.568         0.835         1.068         0.000         0.000


           NU
              X3M12
              ________
                0.000


           LAMBDA
              X             M             Y             XM
              ________      ________      ________      ________
 X1             0.652         0.000         0.000         0.000
 X2             0.939         0.000         0.000         0.000
 X3             1.000         0.000         0.000         0.000
 M1             0.000         2.039         0.000         0.000
 M2             0.000         1.032         0.000         0.000
 M3             0.000         0.048         0.000         0.000
 M4             0.000         0.059         0.000         0.000
 M5             0.000         0.853         0.000         0.000
 M6             0.000         0.826         0.000         0.000
 M7             0.000         0.942         0.000         0.000
 M8             0.000         0.195         0.000         0.000
 M9             0.000         0.180         0.000         0.000
 M10            0.000         0.352         0.000         0.000
 M11            0.000         1.076         0.000         0.000
 M12            0.000         1.000         0.000         0.000
 Y1             0.000         0.000         0.698         0.000
 Y2             0.000         0.000         1.079         0.000
 Y3             0.000         0.000         1.000         0.000
 X1M10          0.000         0.000         0.000         1.069
 X2M11          0.000         0.000         0.000         1.219
 X3M12          0.000         0.000         0.000         1.000


           THETA
              X1            X2            X3            M1            M2
              ________      ________      ________      ________      ________
 X1             0.123
 X2             0.000         0.123
 X3             0.000         0.000         0.122
 M1             0.000         0.000         0.000         1.206
 M2             0.000         0.000         0.000         0.000         1.381
 M3             0.000         0.000         0.000         0.000         0.000
 M4             0.000         0.000         0.000         0.000         0.000
 M5             0.000         0.000         0.000         0.000         0.000
 M6             0.000         0.000         0.000         0.000         0.000
 M7             0.000         0.000         0.000         0.000         0.000
 M8             0.000         0.000         0.000         0.000         0.000
 M9             0.000         0.000         0.000         0.000         0.000
 M10            0.000         0.000         0.000         0.000         0.000
 M11            0.000         0.000         0.000         0.000         0.000
 M12            0.000         0.000         0.000         0.000         0.000
 Y1             0.000         0.000         0.000         0.000         0.000
 Y2             0.000         0.000         0.000         0.000         0.000
 Y3             0.000         0.000         0.000         0.000         0.000
 X1M10          0.000         0.000         0.000         0.000         0.000
 X2M11          0.000         0.000         0.000         0.000         0.000
 X3M12          0.000         0.000         0.000         0.000         0.000


           THETA
              M3            M4            M5            M6            M7
              ________      ________      ________      ________      ________
 M3             1.334
 M4             0.000         1.315
 M5             0.000         0.000         1.155
 M6             0.000         0.000         0.000         1.329
 M7             0.000         0.000         0.000         0.000         1.184
 M8             0.000         0.000         0.000         0.000         0.000
 M9             0.000         0.000         0.000         0.000         0.000
 M10            0.000         0.000         0.000         0.000         0.000
 M11            0.000         0.000         0.000         0.000         0.000
 M12            0.000         0.000         0.000         0.000         0.000
 Y1             0.000         0.000         0.000         0.000         0.000
 Y2             0.000         0.000         0.000         0.000         0.000
 Y3             0.000         0.000         0.000         0.000         0.000
 X1M10          0.000         0.000         0.000         0.000         0.000
 X2M11          0.000         0.000         0.000         0.000         0.000
 X3M12          0.000         0.000         0.000         0.000         0.000


           THETA
              M8            M9            M10           M11           M12
              ________      ________      ________      ________      ________
 M8             1.213
 M9             0.000         1.154
 M10            0.000         0.000         1.280
 M11            0.000         0.000         0.000         1.070
 M12            0.000         0.000         0.000         0.000         1.230
 Y1             0.000         0.000         0.000         0.000         0.000
 Y2             0.000         0.000         0.000         0.000         0.000
 Y3             0.000         0.000         0.000         0.000         0.000
 X1M10          0.000         0.000         0.000         0.000         0.000
 X2M11          0.000         0.000         0.000         0.000         0.000
 X3M12          0.000         0.000         0.000         0.000         0.000


           THETA
              Y1            Y2            Y3            X1M10         X2M11
              ________      ________      ________      ________      ________
 Y1             0.470
 Y2             0.000         0.407
 Y3             0.000         0.000         0.598
 X1M10          0.000         0.000         0.000         0.288
 X2M11          0.000         0.000         0.000         0.000         0.251
 X3M12          0.000         0.000         0.000         0.000         0.000


           THETA
              X3M12
              ________
 X3M12          0.301


           ALPHA
              X             M             Y             XM
              ________      ________      ________      ________
                0.000         0.000         0.000         0.000


           BETA
              X             M             Y             XM
              ________      ________      ________      ________
 X              0.000         0.000         0.000         0.000
 M              0.000         0.000         0.000         0.000
 Y              0.000         0.000         0.000         0.000
 XM             0.000         0.000         0.000         0.000


           PSI
              X             M             Y             XM
              ________      ________      ________      ________
 X              0.050
 M              0.000         0.050
 Y              0.000         0.000         0.050
 XM             0.000         0.000         0.000         0.050


     STARTING VALUES FOR THE ADDITIONAL PARAMETERS


           New/Additional Parameters
              VAR_Y         STD_B1        STD_B2        STD_B3
              ________      ________      ________      ________
                0.500         0.500         0.500         0.500


RESULTS SAVING INFORMATION

  Order of data

    Parameter estimates
     (saved in order shown in Technical 1 output)
    Standard errors
     (saved in order shown in Technical 1 output)
    Number of Free Parameters
    H0 Loglikelihood
    H0 Scaling Correction Factor for MLR
    H1 Loglikelihood
    H1 Scaling Correction Factor for MLR
    Akaike (AIC)
    Bayesian (BIC)
    Sample-Size Adjusted BIC
    Chi-square : Value
    Chi-square : Degrees of Freedom
    Chi-square : P-Value
    Chi-square : Scaling Correction Factor for MLR/MLM/WLSM
    CFI
    TLI
    RMSEA : Estimate
    RMSEA : Low CI
    RMSEA : High CI
    RMSEA : Probability
    SRMR
    Condition Number

  Save file
    matchupi_results_80.dat

  Save file format           Free


     Beginning Time:  14:41:34
        Ending Time:  14:41:35
       Elapsed Time:  00:00:01



MUTHEN & MUTHEN
3463 Stoner Ave.
Los Angeles, CA  90066

Tel: (310) 391-9971
Fax: (310) 391-8971
Web: www.StatModel.com
Support: Support@StatModel.com

Copyright (c) 1998-2022 Muthen & Muthen
