Mplus VERSION 8.8 (Mac)
MUTHEN & MUTHEN
07/27/2025   3:38 PM

INPUT INSTRUCTIONS


    TITLE: Matched-pair Unconstrained Product Indicator

    DATA:
      FILE = matchupi_simdat_1752.dat;
      FORMAT IS FREE;

    VARIABLE:
      NAMES = x1 x2 x3
      	    m1 m2 m3 m4 m5 m6
      	    m7 m8 m9 m10 m11 m12
      	    y1 y2 y3
      	    x1m10 x2m11 x3m12;
      USEVARIABLES = x1-x3m12;

    ANALYSIS:
      TYPE = general;
      ESTIMATOR = MLR;
    MODEL:
      !measurement model
      X BY x3 x2 x1;
      X (var_X);
      M BY m12 m11 m10 m9 m8 m7 m6 m5 m4 m3 m2 m1;
      M (var_M);
      Y BY y3 y2 y1;
      Y (resvar_Y);
      XM BY x3m12 x2m11 x1m10;
      XM (var_XM);

      !covariances between predictors
      X WITH M (cov_XM);
      X WITH XM (cov_XXM);
      M WITH XM (cov_MXM);

      !structural model
      Y ON X (b1);
      Y ON M (b2);
      Y ON XM (b3);

    MODEL CONSTRAINT:

      NEW(var_Y std_b1 std_b2 std_b3);
      var_Y = resvar_Y +
       (b1^2 * var_X +
        b2^2 * var_M +
        b3^2 * var_XM +
        2 * b1 * b2 * cov_XM +
        2 * b1 * b3 * cov_XXM +
        2 * b2 * b3 * cov_MXM);

        std_b1 = b1 * sqrt(var_X) / sqrt(var_Y);
        std_b2 = b2 * sqrt(var_M) / sqrt(var_Y);
        std_b3 = b3 * sqrt(var_X) * sqrt(var_M) / sqrt(var_Y);

    OUTPUT:
      sampstat tech1 CINTERVAL;

    SAVEDATA:
      RESULTS = matchupi_results_1752.dat;




INPUT READING TERMINATED NORMALLY



Matched-pair Unconstrained Product Indicator

SUMMARY OF ANALYSIS

Number of groups                                                 1
Number of observations                                         100

Number of dependent variables                                   21
Number of independent variables                                  0
Number of continuous latent variables                            4

Observed dependent variables

  Continuous
   X1          X2          X3          M1          M2          M3
   M4          M5          M6          M7          M8          M9
   M10         M11         M12         Y1          Y2          Y3
   X1M10       X2M11       X3M12

Continuous latent variables
   X           M           Y           XM


Estimator                                                      MLR
Information matrix                                        OBSERVED
Maximum number of iterations                                  1000
Convergence criterion                                    0.500D-04
Maximum number of steepest descent iterations                   20

Input data file(s)
  matchupi_simdat_1752.dat

Input data format  FREE


SAMPLE STATISTICS


     SAMPLE STATISTICS


           Means
              X1            X2            X3            M1            M2
              ________      ________      ________      ________      ________
                0.000         0.000         0.000         0.000         0.000


           Means
              M3            M4            M5            M6            M7
              ________      ________      ________      ________      ________
                0.000         0.000         0.000         0.000         0.000


           Means
              M8            M9            M10           M11           M12
              ________      ________      ________      ________      ________
                0.000         0.000         0.000         0.000         0.000


           Means
              Y1            Y2            Y3            X1M10         X2M11
              ________      ________      ________      ________      ________
                0.759         0.804         1.062         0.000         0.000


           Means
              X3M12
              ________
                0.000


           Covariances
              X1            X2            X3            M1            M2
              ________      ________      ________      ________      ________
 X1             0.244
 X2             0.053         0.249
 X3             0.059         0.098         0.245
 M1            -0.083        -0.150         0.034         2.644
 M2             0.040         0.004         0.128         0.689         2.726
 M3            -0.058        -0.079         0.031         0.233         0.028
 M4             0.157        -0.011         0.067        -0.206         0.515
 M5            -0.009         0.139         0.046         0.417         0.216
 M6             0.150         0.179         0.113        -0.191         0.236
 M7             0.116         0.125        -0.034        -0.173         0.219
 M8             0.169         0.097         0.017        -0.052        -0.079
 M9            -0.050         0.010        -0.080         0.210         0.500
 M10            0.053         0.021         0.113        -0.074         0.195
 M11           -0.004         0.065         0.076        -0.033         0.199
 M12            0.055         0.008        -0.004         0.200         0.307
 Y1             0.019         0.091         0.093         0.196         0.153
 Y2             0.121         0.104         0.139         0.268         0.248
 Y3             0.087         0.067         0.104         0.123         0.088
 X1M10         -0.022        -0.036         0.001         0.074        -0.029
 X2M11         -0.012        -0.004         0.067         0.087         0.112
 X3M12         -0.009        -0.066         0.010         0.030        -0.008


           Covariances
              M3            M4            M5            M6            M7
              ________      ________      ________      ________      ________
 M3             2.500
 M4            -0.309         2.698
 M5            -0.079         0.088         2.248
 M6             0.358        -0.215         0.131         2.056
 M7             0.340         0.400         0.395         0.364         2.390
 M8             0.195         0.100         0.112        -0.099         0.658
 M9             0.500         0.160         0.500         0.390         0.770
 M10           -0.051         0.462         0.562         0.425         0.670
 M11            0.380         0.200         0.435         0.474         0.960
 M12           -0.059         0.158         0.487         0.147         0.651
 Y1            -0.001        -0.049        -0.020         0.177         0.095
 Y2             0.017         0.029        -0.042         0.215         0.242
 Y3            -0.109         0.131        -0.109         0.213         0.133
 X1M10          0.092         0.055        -0.157         0.078        -0.018
 X2M11         -0.051        -0.019        -0.282        -0.172        -0.047
 X3M12         -0.042         0.217         0.077        -0.092        -0.083


           Covariances
              M8            M9            M10           M11           M12
              ________      ________      ________      ________      ________
 M8             2.442
 M9             0.630         2.780
 M10            0.150         0.540         2.258
 M11            0.688         0.700         0.580         1.930
 M12            0.214         1.050         0.602         0.791         1.916
 Y1             0.039        -0.056         0.117         0.097        -0.066
 Y2             0.394         0.318         0.151         0.228         0.203
 Y3             0.200         0.025         0.126         0.276         0.325
 X1M10         -0.056        -0.074        -0.059         0.085        -0.004
 X2M11          0.091        -0.041        -0.315         0.038        -0.083
 X3M12          0.017        -0.035        -0.037        -0.026        -0.069


           Covariances
              Y1            Y2            Y3            X1M10         X2M11
              ________      ________      ________      ________      ________
 Y1             0.760
 Y2             0.307         0.980
 Y3             0.267         0.564         1.173
 X1M10         -0.060        -0.026         0.014         0.470
 X2M11          0.108         0.144         0.083         0.095         0.474
 X3M12         -0.022         0.021         0.114         0.069         0.095


           Covariances
              X3M12
              ________
 X3M12          0.553


           Correlations
              X1            X2            X3            M1            M2
              ________      ________      ________      ________      ________
 X1             1.000
 X2             0.214         1.000
 X3             0.243         0.396         1.000
 M1            -0.103        -0.185         0.042         1.000
 M2             0.049         0.004         0.157         0.257         1.000
 M3            -0.075        -0.101         0.040         0.091         0.011
 M4             0.193        -0.014         0.083        -0.077         0.190
 M5            -0.012         0.185         0.063         0.171         0.087
 M6             0.211         0.250         0.160        -0.082         0.100
 M7             0.152         0.162        -0.045        -0.069         0.086
 M8             0.219         0.125         0.022        -0.020        -0.031
 M9            -0.061         0.012        -0.097         0.077         0.182
 M10            0.072         0.028         0.152        -0.030         0.079
 M11           -0.006         0.094         0.110        -0.015         0.087
 M12            0.081         0.012        -0.006         0.089         0.134
 Y1             0.044         0.209         0.216         0.138         0.106
 Y2             0.248         0.210         0.283         0.166         0.152
 Y3             0.162         0.124         0.194         0.070         0.049
 X1M10         -0.066        -0.106         0.002         0.066        -0.026
 X2M11         -0.035        -0.011         0.196         0.077         0.098
 X3M12         -0.023        -0.178         0.027         0.024        -0.007


           Correlations
              M3            M4            M5            M6            M7
              ________      ________      ________      ________      ________
 M3             1.000
 M4            -0.119         1.000
 M5            -0.033         0.036         1.000
 M6             0.158        -0.091         0.061         1.000
 M7             0.139         0.158         0.171         0.164         1.000
 M8             0.079         0.039         0.048        -0.044         0.272
 M9             0.190         0.058         0.200         0.163         0.299
 M10           -0.021         0.187         0.249         0.197         0.288
 M11            0.173         0.088         0.209         0.238         0.447
 M12           -0.027         0.069         0.235         0.074         0.304
 Y1             0.000        -0.034        -0.015         0.142         0.070
 Y2             0.011         0.018        -0.028         0.152         0.158
 Y3            -0.064         0.074        -0.067         0.137         0.079
 X1M10          0.085         0.049        -0.153         0.079        -0.017
 X2M11         -0.047        -0.017        -0.274        -0.174        -0.044
 X3M12         -0.036         0.178         0.069        -0.086        -0.073


           Correlations
              M8            M9            M10           M11           M12
              ________      ________      ________      ________      ________
 M8             1.000
 M9             0.242         1.000
 M10            0.064         0.216         1.000
 M11            0.317         0.302         0.278         1.000
 M12            0.099         0.455         0.290         0.411         1.000
 Y1             0.029        -0.038         0.089         0.080        -0.054
 Y2             0.255         0.193         0.101         0.166         0.148
 Y3             0.118         0.014         0.077         0.184         0.217
 X1M10         -0.052        -0.064        -0.057         0.089        -0.004
 X2M11          0.085        -0.036        -0.304         0.040        -0.087
 X3M12          0.014        -0.028        -0.033        -0.025        -0.067


           Correlations
              Y1            Y2            Y3            X1M10         X2M11
              ________      ________      ________      ________      ________
 Y1             1.000
 Y2             0.356         1.000
 Y3             0.282         0.526         1.000
 X1M10         -0.100        -0.038         0.019         1.000
 X2M11          0.179         0.211         0.112         0.200         1.000
 X3M12         -0.033         0.029         0.142         0.136         0.186


           Correlations
              X3M12
              ________
 X3M12          1.000


UNIVARIATE SAMPLE STATISTICS


     UNIVARIATE HIGHER-ORDER MOMENT DESCRIPTIVE STATISTICS

         Variable/         Mean/     Skewness/   Minimum/ % with                Percentiles
        Sample Size      Variance    Kurtosis    Maximum  Min/Max      20%/60%    40%/80%    Median

     X1                    0.000      -0.324      -0.580   42.00%      -0.580     -0.580      0.420
             100.000       0.244      -1.895       0.420   58.00%       0.420      0.420
     X2                    0.000      -0.120      -0.530   47.00%      -0.530     -0.530      0.470
             100.000       0.249      -1.986       0.470   53.00%       0.470      0.470
     X3                    0.000      -0.283      -0.570   43.00%      -0.570     -0.570      0.430
             100.000       0.245      -1.920       0.430   57.00%       0.430      0.430
     M1                    0.000       0.348      -1.660   39.00%      -1.660     -0.660     -0.660
             100.000       2.644      -1.497       2.340   24.00%       0.340      2.340
     M2                    0.000       0.165      -1.880   32.00%      -1.880     -0.880      0.120
             100.000       2.726      -1.613       2.120   30.00%       0.120      2.120
     M3                    0.000       0.033      -1.980   28.00%      -1.980     -0.980      0.020
             100.000       2.500      -1.524       2.020   28.00%       0.020      2.020
     M4                    0.000      -0.010      -2.040   29.00%      -2.040     -1.040     -0.040
             100.000       2.698      -1.610       1.960   33.00%       0.960      1.960
     M5                    0.000      -0.524      -2.550   15.00%      -1.550     -0.550      0.450
             100.000       2.247      -1.222       1.450   41.00%       1.450      1.450
     M6                    0.000      -0.461      -2.380   17.00%      -1.380     -0.380      0.620
             100.000       2.056      -1.139       1.620   28.00%       0.620      1.620
     M7                    0.000       0.065      -1.990   25.00%      -1.990     -0.990      0.010
             100.000       2.390      -1.467       2.010   28.00%       0.010      2.010
     M8                    0.000       0.244      -1.760   32.00%      -1.760     -0.760     -0.760
             100.000       2.442      -1.487       2.240   22.00%       0.240      2.240
     M9                    0.000       0.000      -2.000   31.00%      -2.000     -1.000      0.000
             100.000       2.780      -1.678       2.000   31.00%       1.000      2.000
     M10                   0.000       0.050      -1.960   25.00%      -1.960     -0.960      0.040
             100.000       2.258      -1.403       2.040   24.00%       0.040      2.040
     M11                   0.000      -0.027      -1.990   21.00%      -1.990      0.010      0.010
             100.000       1.930      -1.194       2.010   19.00%       0.010      1.010
     M12                   0.000      -0.085      -2.060   20.00%      -2.060     -0.060     -0.060
             100.000       1.916      -1.134       1.940   21.00%      -0.060      1.940
     Y1                    0.759       0.577      -1.131    1.00%       0.032      0.444      0.653
             100.000       0.760       0.606       3.716    1.00%       0.834      1.455
     Y2                    0.804      -0.010      -1.766    1.00%      -0.032      0.500      0.750
             100.000       0.980      -0.190       3.499    1.00%       0.974      1.721
     Y3                    1.062       0.006      -1.722    1.00%       0.204      0.676      1.027
             100.000       1.173      -0.196       3.665    1.00%       1.302      2.017
     X1M10                 0.000       0.011      -1.102    9.00%      -0.882     -0.022     -0.022
             100.000       0.470      -1.015       1.178    8.00%       0.038      0.608
     X2M11                 0.000       0.004      -1.131    6.00%      -0.601     -0.071     -0.061
             100.000       0.474      -1.192       0.989   12.00%      -0.061      0.879
     X3M12                 0.000      -0.098      -1.236    9.00%      -0.876     -0.076     -0.036
             100.000       0.553      -1.241       1.084   12.00%       0.384      0.804


     THIS ANALYSIS MAY HAVE MULTIPLE SOLUTIONS.  EXPLORE THIS USING RANDOM STARTS,
     FOR EXAMPLE, STARTS = 20.  USE A LARGE ENOUGH NUMBER OF STARTS SO THAT THE
     BEST FIT FUNCTION VALUE IS REPLICATED SEVERAL TIMES.


THE MODEL ESTIMATION TERMINATED NORMALLY

     THE STANDARD ERRORS OF THE MODEL PARAMETER ESTIMATES MAY NOT BE
     TRUSTWORTHY FOR SOME PARAMETERS DUE TO A NON-POSITIVE DEFINITE
     FIRST-ORDER DERIVATIVE PRODUCT MATRIX.  THIS MAY BE DUE TO THE STARTING
     VALUES BUT MAY ALSO BE AN INDICATION OF MODEL NONIDENTIFICATION.  THE
     CONDITION NUMBER IS       0.111D-16.  PROBLEM INVOLVING THE FOLLOWING PARAMETER:
     Parameter 40, X2

     THIS IS MOST LIKELY DUE TO VARIABLE X1 BEING DICHOTOMOUS BUT
     DECLARED AS CONTINUOUS.


     WARNING:  THE RESIDUAL COVARIANCE MATRIX (THETA) IS NOT POSITIVE DEFINITE.
     THIS COULD INDICATE A NEGATIVE VARIANCE/RESIDUAL VARIANCE FOR AN OBSERVED
     VARIABLE, A CORRELATION GREATER OR EQUAL TO ONE BETWEEN TWO OBSERVED
     VARIABLES, OR A LINEAR DEPENDENCY AMONG MORE THAN TWO OBSERVED VARIABLES.
     CHECK THE RESULTS SECTION FOR MORE INFORMATION.
     PROBLEM INVOLVING VARIABLE X2M11.




MODEL FIT INFORMATION

Number of Free Parameters                       69

Loglikelihood

          H0 Value                       -3065.281
          H0 Scaling Correction Factor      0.9012
            for MLR
          H1 Value                       -2959.201
          H1 Scaling Correction Factor      0.9577
            for MLR

Information Criteria

          Akaike (AIC)                    6268.562
          Bayesian (BIC)                  6448.319
          Sample-Size Adjusted BIC        6230.400
            (n* = (n + 2) / 24)

Chi-Square Test of Model Fit

          Value                            216.706*
          Degrees of Freedom                   183
          P-Value                           0.0447
          Scaling Correction Factor         0.9790
            for MLR

*   The chi-square value for MLM, MLMV, MLR, ULSMV, WLSM and WLSMV cannot be used
    for chi-square difference testing in the regular way.  MLM, MLR and WLSM
    chi-square difference testing is described on the Mplus website.  MLMV, WLSMV,
    and ULSMV difference testing is done using the DIFFTEST option.

RMSEA (Root Mean Square Error Of Approximation)

          Estimate                           0.043
          90 Percent C.I.                    0.007  0.064
          Probability RMSEA <= .05           0.688

CFI/TLI

          CFI                                0.843
          TLI                                0.820

Chi-Square Test of Model Fit for the Baseline Model

          Value                            425.139
          Degrees of Freedom                   210
          P-Value                           0.0000

SRMR (Standardized Root Mean Square Residual)

          Value                              0.077



MODEL RESULTS

                                                    Two-Tailed
                    Estimate       S.E.  Est./S.E.    P-Value

 X        BY
    X3                 1.000      0.000    999.000    999.000
    X2                 0.809      0.247      3.273      0.001
    X1                 0.556      0.254      2.189      0.029

 M        BY
    M12                1.000      0.000    999.000    999.000
    M11                1.116      0.219      5.108      0.000
    M10                0.863      0.263      3.286      0.001
    M9                 1.134      0.199      5.698      0.000
    M8                 0.638      0.261      2.447      0.014
    M7                 1.113      0.288      3.863      0.000
    M6                 0.507      0.236      2.152      0.031
    M5                 0.626      0.239      2.623      0.009
    M4                 0.321      0.246      1.303      0.193
    M3                 0.308      0.247      1.246      0.213
    M2                 0.404      0.260      1.555      0.120
    M1                 0.106      0.261      0.405      0.685

 Y        BY
    Y3                 1.000      0.000    999.000    999.000
    Y2                 1.263      0.289      4.370      0.000
    Y1                 0.574      0.177      3.234      0.001

 XM       BY
    X3M12              1.000      0.000    999.000    999.000
    X2M11              6.499     20.272      0.321      0.749
    X1M10              1.035      0.941      1.100      0.271

 Y        ON
    X                  0.842      0.399      2.108      0.035
    M                  0.215      0.141      1.529      0.126
    XM                 1.074      0.885      1.213      0.225

 X        WITH
    M                  0.051      0.045      1.142      0.254
    XM                 0.006      0.015      0.380      0.704

 M        WITH
    XM                -0.011      0.038     -0.297      0.767

 Intercepts
    X1                 0.000      0.049      0.000      1.000
    X2                 0.000      0.050      0.000      1.000
    X3                 0.000      0.050      0.000      1.000
    M1                 0.000      0.163      0.000      1.000
    M2                 0.000      0.165      0.000      1.000
    M3                 0.000      0.158      0.000      1.000
    M4                 0.000      0.164      0.000      1.000
    M5                 0.000      0.150      0.000      1.000
    M6                 0.000      0.143      0.000      1.000
    M7                 0.000      0.155      0.000      1.000
    M8                 0.000      0.156      0.000      1.000
    M9                 0.000      0.167      0.000      1.000
    M10                0.000      0.150      0.000      1.000
    M11                0.000      0.139      0.000      1.000
    M12                0.000      0.138      0.000      1.000
    Y1                 0.759      0.087      8.701      0.000
    Y2                 0.804      0.099      8.120      0.000
    Y3                 1.062      0.108      9.810      0.000
    X1M10              0.000      0.069      0.000      1.000
    X2M11              0.000      0.069      0.000      1.000
    X3M12              0.000      0.074      0.000      1.000

 Variances
    X                  0.117      0.043      2.745      0.006
    M                  0.678      0.232      2.927      0.003
    XM                 0.014      0.053      0.269      0.788

 Residual Variances
    X1                 0.207      0.025      8.228      0.000
    X2                 0.173      0.032      5.387      0.000
    X3                 0.128      0.042      3.033      0.002
    M1                 2.637      0.187     14.134      0.000
    M2                 2.615      0.198     13.200      0.000
    M3                 2.436      0.196     12.400      0.000
    M4                 2.629      0.194     13.563      0.000
    M5                 1.982      0.202      9.810      0.000
    M6                 1.881      0.190      9.910      0.000
    M7                 1.550      0.261      5.937      0.000
    M8                 2.166      0.221      9.804      0.000
    M9                 1.909      0.299      6.384      0.000
    M10                1.754      0.284      6.171      0.000
    M11                1.086      0.205      5.298      0.000
    M12                1.239      0.216      5.741      0.000
    Y1                 0.614      0.109      5.640      0.000
    Y2                 0.276      0.146      1.888      0.059
    Y3                 0.731      0.131      5.567      0.000
    X1M10              0.455      0.056      8.161      0.000
    X2M11             -0.124      1.558     -0.080      0.937
    X3M12              0.539      0.059      9.137      0.000
    Y                  0.287      0.109      2.637      0.008

New/Additional Parameters
    VAR_Y              0.442      0.162      2.732      0.006
    STD_B1             0.433      0.155      2.803      0.005
    STD_B2             0.267      0.169      1.580      0.114
    STD_B3             0.455      0.385      1.183      0.237


QUALITY OF NUMERICAL RESULTS

     Condition Number for the Information Matrix              0.151E-06
       (ratio of smallest to largest eigenvalue)


CONFIDENCE INTERVALS OF MODEL RESULTS

                  Lower .5%  Lower 2.5%    Lower 5%    Estimate    Upper 5%  Upper 2.5%   Upper .5%

 X        BY
    X3               1.000       1.000       1.000       1.000       1.000       1.000       1.000
    X2               0.172       0.324       0.402       0.809       1.215       1.293       1.445
    X1              -0.098       0.058       0.138       0.556       0.973       1.053       1.209

 M        BY
    M12              1.000       1.000       1.000       1.000       1.000       1.000       1.000
    M11              0.553       0.688       0.757       1.116       1.476       1.544       1.679
    M10              0.186       0.348       0.431       0.863       1.295       1.377       1.539
    M9               0.621       0.744       0.806       1.134       1.461       1.523       1.646
    M8              -0.033       0.127       0.209       0.638       1.067       1.149       1.310
    M7               0.371       0.548       0.639       1.113       1.587       1.678       1.855
    M6              -0.100       0.045       0.119       0.507       0.894       0.969       1.114
    M5               0.011       0.158       0.233       0.626       1.019       1.094       1.241
    M4              -0.313      -0.162      -0.084       0.321       0.726       0.803       0.955
    M3              -0.328      -0.176      -0.098       0.308       0.713       0.791       0.943
    M2              -0.265      -0.105      -0.023       0.404       0.831       0.913       1.073
    M1              -0.568      -0.406      -0.324       0.106       0.536       0.618       0.779

 Y        BY
    Y3               1.000       1.000       1.000       1.000       1.000       1.000       1.000
    Y2               0.519       0.697       0.788       1.263       1.738       1.830       2.007
    Y1               0.117       0.226       0.282       0.574       0.866       0.921       1.031

 XM       BY
    X3M12            1.000       1.000       1.000       1.000       1.000       1.000       1.000
    X2M11          -45.718     -33.234     -26.848       6.499      39.847      46.233      58.717
    X1M10           -1.388      -0.809      -0.512       1.035       2.582       2.878       3.457

 Y        ON
    X               -0.187       0.059       0.185       0.842       1.499       1.624       1.870
    M               -0.147      -0.061      -0.016       0.215       0.447       0.491       0.578
    XM              -1.206      -0.661      -0.382       1.074       2.530       2.808       3.353

 X        WITH
    M               -0.064      -0.037      -0.023       0.051       0.125       0.139       0.167
    XM              -0.034      -0.024      -0.019       0.006       0.031       0.036       0.045

 M        WITH
    XM              -0.110      -0.086      -0.074      -0.011       0.052       0.064       0.087

 Intercepts
    X1              -0.127      -0.097      -0.081       0.000       0.081       0.097       0.127
    X2              -0.129      -0.098      -0.082       0.000       0.082       0.098       0.129
    X3              -0.128      -0.097      -0.081       0.000       0.081       0.097       0.128
    M1              -0.419      -0.319      -0.268       0.000       0.268       0.319       0.419
    M2              -0.425      -0.324      -0.272       0.000       0.272       0.324       0.425
    M3              -0.407      -0.310      -0.260       0.000       0.260       0.310       0.407
    M4              -0.423      -0.322      -0.270       0.000       0.270       0.322       0.423
    M5              -0.386      -0.294      -0.247       0.000       0.247       0.294       0.386
    M6              -0.369      -0.281      -0.236       0.000       0.236       0.281       0.369
    M7              -0.398      -0.303      -0.254       0.000       0.254       0.303       0.398
    M8              -0.403      -0.306      -0.257       0.000       0.257       0.306       0.403
    M9              -0.429      -0.327      -0.274       0.000       0.274       0.327       0.429
    M10             -0.387      -0.295      -0.247       0.000       0.247       0.295       0.387
    M11             -0.358      -0.272      -0.229       0.000       0.229       0.272       0.358
    M12             -0.357      -0.271      -0.228       0.000       0.228       0.271       0.357
    Y1               0.534       0.588       0.615       0.759       0.902       0.929       0.983
    Y2               0.549       0.610       0.641       0.804       0.967       0.998       1.059
    Y3               0.783       0.850       0.884       1.062       1.240       1.275       1.341
    X1M10           -0.177      -0.134      -0.113       0.000       0.113       0.134       0.177
    X2M11           -0.177      -0.135      -0.113       0.000       0.113       0.135       0.177
    X3M12           -0.192      -0.146      -0.122       0.000       0.122       0.146       0.192

 Variances
    X                0.007       0.033       0.047       0.117       0.187       0.201       0.227
    M                0.081       0.224       0.297       0.678       1.059       1.132       1.274
    XM              -0.121      -0.089      -0.072       0.014       0.101       0.117       0.150

 Residual Variances
    X1               0.143       0.158       0.166       0.207       0.249       0.257       0.272
    X2               0.090       0.110       0.120       0.173       0.225       0.235       0.255
    X3               0.019       0.045       0.059       0.128       0.197       0.211       0.237
    M1               2.156       2.271       2.330       2.637       2.944       3.002       3.117
    M2               2.105       2.227       2.289       2.615       2.941       3.003       3.125
    M3               1.930       2.051       2.112       2.436       2.759       2.820       2.941
    M4               2.129       2.249       2.310       2.629       2.948       3.009       3.128
    M5               1.461       1.586       1.649       1.982       2.314       2.378       2.502
    M6               1.392       1.509       1.569       1.881       2.194       2.254       2.370
    M7               0.877       1.038       1.120       1.550       1.979       2.062       2.222
    M8               1.597       1.733       1.803       2.166       2.530       2.599       2.735
    M9               1.139       1.323       1.417       1.909       2.401       2.495       2.679
    M10              1.022       1.197       1.286       1.754       2.221       2.311       2.486
    M11              0.558       0.684       0.748       1.086       1.423       1.487       1.613
    M12              0.683       0.816       0.884       1.239       1.593       1.661       1.794
    Y1               0.334       0.401       0.435       0.614       0.794       0.828       0.895
    Y2              -0.100      -0.011       0.035       0.276       0.516       0.562       0.652
    Y3               0.393       0.473       0.515       0.731       0.947       0.988       1.069
    X1M10            0.311       0.346       0.363       0.455       0.547       0.564       0.599
    X2M11           -4.136      -3.177      -2.686      -0.124       2.438       2.929       3.888
    X3M12            0.387       0.423       0.442       0.539       0.636       0.655       0.691
    Y                0.007       0.074       0.108       0.287       0.467       0.501       0.568

New/Additional Parameters
    VAR_Y            0.025       0.125       0.176       0.442       0.708       0.759       0.858
    STD_B1           0.035       0.130       0.179       0.433       0.688       0.736       0.831
    STD_B2          -0.168      -0.064      -0.011       0.267       0.544       0.597       0.701
    STD_B3          -0.536      -0.299      -0.178       0.455       1.088       1.209       1.446


TECHNICAL 1 OUTPUT


     PARAMETER SPECIFICATION


           NU
              X1            X2            X3            M1            M2
              ________      ________      ________      ________      ________
                  1             2             3             4             5


           NU
              M3            M4            M5            M6            M7
              ________      ________      ________      ________      ________
                  6             7             8             9            10


           NU
              M8            M9            M10           M11           M12
              ________      ________      ________      ________      ________
                 11            12            13            14            15


           NU
              Y1            Y2            Y3            X1M10         X2M11
              ________      ________      ________      ________      ________
                 16            17            18            19            20


           NU
              X3M12
              ________
                 21


           LAMBDA
              X             M             Y             XM
              ________      ________      ________      ________
 X1                22             0             0             0
 X2                23             0             0             0
 X3                 0             0             0             0
 M1                 0            24             0             0
 M2                 0            25             0             0
 M3                 0            26             0             0
 M4                 0            27             0             0
 M5                 0            28             0             0
 M6                 0            29             0             0
 M7                 0            30             0             0
 M8                 0            31             0             0
 M9                 0            32             0             0
 M10                0            33             0             0
 M11                0            34             0             0
 M12                0             0             0             0
 Y1                 0             0            35             0
 Y2                 0             0            36             0
 Y3                 0             0             0             0
 X1M10              0             0             0            37
 X2M11              0             0             0            38
 X3M12              0             0             0             0


           THETA
              X1            X2            X3            M1            M2
              ________      ________      ________      ________      ________
 X1                39
 X2                 0            40
 X3                 0             0            41
 M1                 0             0             0            42
 M2                 0             0             0             0            43
 M3                 0             0             0             0             0
 M4                 0             0             0             0             0
 M5                 0             0             0             0             0
 M6                 0             0             0             0             0
 M7                 0             0             0             0             0
 M8                 0             0             0             0             0
 M9                 0             0             0             0             0
 M10                0             0             0             0             0
 M11                0             0             0             0             0
 M12                0             0             0             0             0
 Y1                 0             0             0             0             0
 Y2                 0             0             0             0             0
 Y3                 0             0             0             0             0
 X1M10              0             0             0             0             0
 X2M11              0             0             0             0             0
 X3M12              0             0             0             0             0


           THETA
              M3            M4            M5            M6            M7
              ________      ________      ________      ________      ________
 M3                44
 M4                 0            45
 M5                 0             0            46
 M6                 0             0             0            47
 M7                 0             0             0             0            48
 M8                 0             0             0             0             0
 M9                 0             0             0             0             0
 M10                0             0             0             0             0
 M11                0             0             0             0             0
 M12                0             0             0             0             0
 Y1                 0             0             0             0             0
 Y2                 0             0             0             0             0
 Y3                 0             0             0             0             0
 X1M10              0             0             0             0             0
 X2M11              0             0             0             0             0
 X3M12              0             0             0             0             0


           THETA
              M8            M9            M10           M11           M12
              ________      ________      ________      ________      ________
 M8                49
 M9                 0            50
 M10                0             0            51
 M11                0             0             0            52
 M12                0             0             0             0            53
 Y1                 0             0             0             0             0
 Y2                 0             0             0             0             0
 Y3                 0             0             0             0             0
 X1M10              0             0             0             0             0
 X2M11              0             0             0             0             0
 X3M12              0             0             0             0             0


           THETA
              Y1            Y2            Y3            X1M10         X2M11
              ________      ________      ________      ________      ________
 Y1                54
 Y2                 0            55
 Y3                 0             0            56
 X1M10              0             0             0            57
 X2M11              0             0             0             0            58
 X3M12              0             0             0             0             0


           THETA
              X3M12
              ________
 X3M12             59


           ALPHA
              X             M             Y             XM
              ________      ________      ________      ________
                  0             0             0             0


           BETA
              X             M             Y             XM
              ________      ________      ________      ________
 X                  0             0             0             0
 M                  0             0             0             0
 Y                 60            61             0            62
 XM                 0             0             0             0


           PSI
              X             M             Y             XM
              ________      ________      ________      ________
 X                 63
 M                 64            65
 Y                  0             0            66
 XM                67            68             0            69


     PARAMETER SPECIFICATION FOR THE ADDITIONAL PARAMETERS


           New/Additional Parameters
              VAR_Y         STD_B1        STD_B2        STD_B3
              ________      ________      ________      ________
                   70            71            72            73


     STARTING VALUES


           NU
              X1            X2            X3            M1            M2
              ________      ________      ________      ________      ________
                0.000         0.000         0.000         0.000         0.000


           NU
              M3            M4            M5            M6            M7
              ________      ________      ________      ________      ________
                0.000         0.000         0.000         0.000         0.000


           NU
              M8            M9            M10           M11           M12
              ________      ________      ________      ________      ________
                0.000         0.000         0.000         0.000         0.000


           NU
              Y1            Y2            Y3            X1M10         X2M11
              ________      ________      ________      ________      ________
                0.759         0.804         1.062         0.000         0.000


           NU
              X3M12
              ________
                0.000


           LAMBDA
              X             M             Y             XM
              ________      ________      ________      ________
 X1             0.537         0.000         0.000         0.000
 X2             0.886         0.000         0.000         0.000
 X3             1.000         0.000         0.000         0.000
 M1             0.000         4.925         0.000         0.000
 M2             0.000         0.222         0.000         0.000
 M3             0.000        -0.556         0.000         0.000
 M4             0.000         0.840         0.000         0.000
 M5             0.000         0.595         0.000         0.000
 M6             0.000         0.781         0.000         0.000
 M7             0.000         0.131         0.000         0.000
 M8             0.000        -0.690         0.000         0.000
 M9             0.000         2.494         0.000         0.000
 M10            0.000        -0.124         0.000         0.000
 M11            0.000         0.277         0.000         0.000
 M12            0.000         1.000         0.000         0.000
 Y1             0.000         0.000         0.544         0.000
 Y2             0.000         0.000         1.151         0.000
 Y3             0.000         0.000         1.000         0.000
 X1M10          0.000         0.000         0.000         0.994
 X2M11          0.000         0.000         0.000         1.363
 X3M12          0.000         0.000         0.000         1.000


           THETA
              X1            X2            X3            M1            M2
              ________      ________      ________      ________      ________
 X1             0.122
 X2             0.000         0.125
 X3             0.000         0.000         0.123
 M1             0.000         0.000         0.000         1.322
 M2             0.000         0.000         0.000         0.000         1.363
 M3             0.000         0.000         0.000         0.000         0.000
 M4             0.000         0.000         0.000         0.000         0.000
 M5             0.000         0.000         0.000         0.000         0.000
 M6             0.000         0.000         0.000         0.000         0.000
 M7             0.000         0.000         0.000         0.000         0.000
 M8             0.000         0.000         0.000         0.000         0.000
 M9             0.000         0.000         0.000         0.000         0.000
 M10            0.000         0.000         0.000         0.000         0.000
 M11            0.000         0.000         0.000         0.000         0.000
 M12            0.000         0.000         0.000         0.000         0.000
 Y1             0.000         0.000         0.000         0.000         0.000
 Y2             0.000         0.000         0.000         0.000         0.000
 Y3             0.000         0.000         0.000         0.000         0.000
 X1M10          0.000         0.000         0.000         0.000         0.000
 X2M11          0.000         0.000         0.000         0.000         0.000
 X3M12          0.000         0.000         0.000         0.000         0.000


           THETA
              M3            M4            M5            M6            M7
              ________      ________      ________      ________      ________
 M3             1.250
 M4             0.000         1.349
 M5             0.000         0.000         1.124
 M6             0.000         0.000         0.000         1.028
 M7             0.000         0.000         0.000         0.000         1.195
 M8             0.000         0.000         0.000         0.000         0.000
 M9             0.000         0.000         0.000         0.000         0.000
 M10            0.000         0.000         0.000         0.000         0.000
 M11            0.000         0.000         0.000         0.000         0.000
 M12            0.000         0.000         0.000         0.000         0.000
 Y1             0.000         0.000         0.000         0.000         0.000
 Y2             0.000         0.000         0.000         0.000         0.000
 Y3             0.000         0.000         0.000         0.000         0.000
 X1M10          0.000         0.000         0.000         0.000         0.000
 X2M11          0.000         0.000         0.000         0.000         0.000
 X3M12          0.000         0.000         0.000         0.000         0.000


           THETA
              M8            M9            M10           M11           M12
              ________      ________      ________      ________      ________
 M8             1.221
 M9             0.000         1.390
 M10            0.000         0.000         1.129
 M11            0.000         0.000         0.000         0.965
 M12            0.000         0.000         0.000         0.000         0.958
 Y1             0.000         0.000         0.000         0.000         0.000
 Y2             0.000         0.000         0.000         0.000         0.000
 Y3             0.000         0.000         0.000         0.000         0.000
 X1M10          0.000         0.000         0.000         0.000         0.000
 X2M11          0.000         0.000         0.000         0.000         0.000
 X3M12          0.000         0.000         0.000         0.000         0.000


           THETA
              Y1            Y2            Y3            X1M10         X2M11
              ________      ________      ________      ________      ________
 Y1             0.380
 Y2             0.000         0.490
 Y3             0.000         0.000         0.586
 X1M10          0.000         0.000         0.000         0.235
 X2M11          0.000         0.000         0.000         0.000         0.237
 X3M12          0.000         0.000         0.000         0.000         0.000


           THETA
              X3M12
              ________
 X3M12          0.277


           ALPHA
              X             M             Y             XM
              ________      ________      ________      ________
                0.000         0.000         0.000         0.000


           BETA
              X             M             Y             XM
              ________      ________      ________      ________
 X              0.000         0.000         0.000         0.000
 M              0.000         0.000         0.000         0.000
 Y              0.000         0.000         0.000         0.000
 XM             0.000         0.000         0.000         0.000


           PSI
              X             M             Y             XM
              ________      ________      ________      ________
 X              0.050
 M              0.000         0.050
 Y              0.000         0.000         0.050
 XM             0.000         0.000         0.000         0.050


     STARTING VALUES FOR THE ADDITIONAL PARAMETERS


           New/Additional Parameters
              VAR_Y         STD_B1        STD_B2        STD_B3
              ________      ________      ________      ________
                0.500         0.500         0.500         0.500


RESULTS SAVING INFORMATION

  Order of data

    Parameter estimates
     (saved in order shown in Technical 1 output)
    Standard errors
     (saved in order shown in Technical 1 output)
    Number of Free Parameters
    H0 Loglikelihood
    H0 Scaling Correction Factor for MLR
    H1 Loglikelihood
    H1 Scaling Correction Factor for MLR
    Akaike (AIC)
    Bayesian (BIC)
    Sample-Size Adjusted BIC
    Chi-square : Value
    Chi-square : Degrees of Freedom
    Chi-square : P-Value
    Chi-square : Scaling Correction Factor for MLR/MLM/WLSM
    CFI
    TLI
    RMSEA : Estimate
    RMSEA : Low CI
    RMSEA : High CI
    RMSEA : Probability
    SRMR
    Condition Number

  Save file
    matchupi_results_1752.dat

  Save file format           Free


     Beginning Time:  15:38:40
        Ending Time:  15:38:42
       Elapsed Time:  00:00:02



MUTHEN & MUTHEN
3463 Stoner Ave.
Los Angeles, CA  90066

Tel: (310) 391-9971
Fax: (310) 391-8971
Web: www.StatModel.com
Support: Support@StatModel.com

Copyright (c) 1998-2022 Muthen & Muthen
