Mplus VERSION 8.8 (Mac)
MUTHEN & MUTHEN
07/27/2025   2:59 PM

INPUT INSTRUCTIONS


    TITLE: Matched-pair Unconstrained Product Indicator

    DATA:
      FILE = matchupi_simdat_146.dat;
      FORMAT IS FREE;

    VARIABLE:
      NAMES = x1 x2 x3
      	    m1 m2 m3 m4 m5 m6
      	    m7 m8 m9 m10 m11 m12
      	    y1 y2 y3
      	    x1m10 x2m11 x3m12;
      USEVARIABLES = x1-x3m12;

    ANALYSIS:
      TYPE = general;
      ESTIMATOR = MLR;
    MODEL:
      !measurement model
      X BY x3 x2 x1;
      X (var_X);
      M BY m12 m11 m10 m9 m8 m7 m6 m5 m4 m3 m2 m1;
      M (var_M);
      Y BY y3 y2 y1;
      Y (resvar_Y);
      XM BY x3m12 x2m11 x1m10;
      XM (var_XM);

      !covariances between predictors
      X WITH M (cov_XM);
      X WITH XM (cov_XXM);
      M WITH XM (cov_MXM);

      !structural model
      Y ON X (b1);
      Y ON M (b2);
      Y ON XM (b3);

    MODEL CONSTRAINT:

      NEW(var_Y std_b1 std_b2 std_b3);
      var_Y = resvar_Y +
       (b1^2 * var_X +
        b2^2 * var_M +
        b3^2 * var_XM +
        2 * b1 * b2 * cov_XM +
        2 * b1 * b3 * cov_XXM +
        2 * b2 * b3 * cov_MXM);

        std_b1 = b1 * sqrt(var_X) / sqrt(var_Y);
        std_b2 = b2 * sqrt(var_M) / sqrt(var_Y);
        std_b3 = b3 * sqrt(var_X) * sqrt(var_M) / sqrt(var_Y);

    OUTPUT:
      sampstat tech1 CINTERVAL;

    SAVEDATA:
      RESULTS = matchupi_results_146.dat;




INPUT READING TERMINATED NORMALLY



Matched-pair Unconstrained Product Indicator

SUMMARY OF ANALYSIS

Number of groups                                                 1
Number of observations                                         100

Number of dependent variables                                   21
Number of independent variables                                  0
Number of continuous latent variables                            4

Observed dependent variables

  Continuous
   X1          X2          X3          M1          M2          M3
   M4          M5          M6          M7          M8          M9
   M10         M11         M12         Y1          Y2          Y3
   X1M10       X2M11       X3M12

Continuous latent variables
   X           M           Y           XM


Estimator                                                      MLR
Information matrix                                        OBSERVED
Maximum number of iterations                                  1000
Convergence criterion                                    0.500D-04
Maximum number of steepest descent iterations                   20

Input data file(s)
  matchupi_simdat_146.dat

Input data format  FREE


SAMPLE STATISTICS


     SAMPLE STATISTICS


           Means
              X1            X2            X3            M1            M2
              ________      ________      ________      ________      ________
                0.000         0.000         0.000         0.000         0.000


           Means
              M3            M4            M5            M6            M7
              ________      ________      ________      ________      ________
                0.000         0.000         0.000         0.000         0.000


           Means
              M8            M9            M10           M11           M12
              ________      ________      ________      ________      ________
                0.000         0.000         0.000         0.000         0.000


           Means
              Y1            Y2            Y3            X1M10         X2M11
              ________      ________      ________      ________      ________
                0.653         0.780         1.019         0.000         0.000


           Means
              X3M12
              ________
                0.000


           Covariances
              X1            X2            X3            M1            M2
              ________      ________      ________      ________      ________
 X1             0.250
 X2             0.010         0.249
 X3             0.070         0.051         0.249
 M1             0.034        -0.082         0.062         2.642
 M2            -0.065         0.036         0.033        -0.344         2.547
 M3            -0.039         0.106         0.284         0.413         0.147
 M4             0.054         0.047        -0.056        -0.534         0.138
 M5            -0.006        -0.021         0.071        -0.252         0.323
 M6            -0.025         0.044         0.036         0.153         0.291
 M7             0.020         0.019        -0.069         0.032         0.071
 M8            -0.019         0.088         0.092        -0.125         0.413
 M9            -0.034        -0.047         0.007         0.086         0.044
 M10           -0.049         0.016         0.054         0.283         0.077
 M11           -0.001        -0.016         0.026         0.367         0.383
 M12            0.003         0.122         0.038        -0.101         0.118
 Y1            -0.005         0.030        -0.010        -0.284        -0.022
 Y2             0.023        -0.006         0.162        -0.081         0.107
 Y3             0.085         0.093         0.170         0.169        -0.023
 X1M10         -0.091        -0.018         0.002         0.095         0.009
 X2M11          0.016         0.001         0.006        -0.014        -0.072
 X3M12         -0.001        -0.040        -0.006        -0.041        -0.068


           Covariances
              M3            M4            M5            M6            M7
              ________      ________      ________      ________      ________
 M3             2.840
 M4             0.067         2.468
 M5            -0.082        -0.036         2.713
 M6             0.096         0.052         0.364         2.849
 M7            -0.253         0.031         0.283         0.049         2.540
 M8             0.482        -0.017         0.388         0.508         0.009
 M9             0.050         0.154         0.349         0.428         0.179
 M10           -0.090         0.297         0.698         0.686         0.347
 M11            0.500         0.253         0.292         0.664         0.003
 M12            0.212         0.139         0.720         0.877         0.475
 Y1             0.192         0.120         0.082         0.279        -0.082
 Y2             0.549         0.153         0.054         0.046        -0.245
 Y3             0.662         0.256         0.039         0.154         0.019
 X1M10          0.065        -0.312         0.049         0.188         0.252
 X2M11         -0.207        -0.042         0.031         0.317        -0.047
 X3M12         -0.153        -0.072        -0.009         0.017         0.017


           Covariances
              M8            M9            M10           M11           M12
              ________      ________      ________      ________      ________
 M8             1.996
 M9             0.196         2.445
 M10            0.642         0.690         2.200
 M11            0.648         0.230         1.000         2.060
 M12            0.594         0.396         0.932         0.998         2.177
 Y1             0.192         0.338         0.027        -0.150         0.134
 Y2             0.140        -0.109        -0.178         0.013         0.045
 Y3             0.247        -0.055         0.238         0.313         0.470
 X1M10          0.056        -0.100        -0.036         0.017         0.079
 X2M11          0.094         0.068         0.095        -0.037         0.058
 X3M12         -0.153         0.025        -0.014         0.093        -0.033


           Covariances
              Y1            Y2            Y3            X1M10         X2M11
              ________      ________      ________      ________      ________
 Y1             0.678
 Y2             0.229         1.034
 Y3             0.301         0.551         1.068
 X1M10         -0.047        -0.036        -0.089         0.546
 X2M11          0.002        -0.050        -0.112         0.097         0.515
 X3M12         -0.012        -0.169        -0.080         0.099         0.050


           Covariances
              X3M12
              ________
 X3M12          0.547


           Correlations
              X1            X2            X3            M1            M2
              ________      ________      ________      ________      ________
 X1             1.000
 X2             0.041         1.000
 X3             0.279         0.204         1.000
 M1             0.042        -0.101         0.077         1.000
 M2            -0.082         0.046         0.042        -0.133         1.000
 M3            -0.046         0.126         0.338         0.151         0.055
 M4             0.069         0.059        -0.072        -0.209         0.055
 M5            -0.008        -0.026         0.086        -0.094         0.123
 M6            -0.029         0.052         0.043         0.056         0.108
 M7             0.025         0.024        -0.087         0.012         0.028
 M8            -0.027         0.125         0.130        -0.054         0.183
 M9            -0.044        -0.060         0.009         0.034         0.017
 M10           -0.066         0.021         0.073         0.117         0.033
 M11           -0.002        -0.022         0.036         0.157         0.167
 M12            0.004         0.166         0.052        -0.042         0.050
 Y1            -0.012         0.073        -0.025        -0.212        -0.017
 Y2             0.046        -0.012         0.319        -0.049         0.066
 Y3             0.164         0.181         0.329         0.101        -0.014
 X1M10         -0.246        -0.050         0.006         0.079         0.007
 X2M11          0.045         0.003         0.016        -0.012        -0.063
 X3M12         -0.003        -0.108        -0.015        -0.034        -0.057


           Correlations
              M3            M4            M5            M6            M7
              ________      ________      ________      ________      ________
 M3             1.000
 M4             0.025         1.000
 M5            -0.029        -0.014         1.000
 M6             0.034         0.019         0.131         1.000
 M7            -0.094         0.012         0.108         0.018         1.000
 M8             0.202        -0.008         0.167         0.213         0.004
 M9             0.019         0.062         0.136         0.162         0.072
 M10           -0.036         0.127         0.286         0.274         0.147
 M11            0.207         0.112         0.123         0.274         0.001
 M12            0.085         0.060         0.296         0.352         0.202
 Y1             0.138         0.093         0.060         0.201        -0.063
 Y2             0.320         0.096         0.032         0.027        -0.151
 Y3             0.380         0.158         0.023         0.088         0.011
 X1M10          0.053        -0.269         0.040         0.151         0.214
 X2M11         -0.171        -0.037         0.026         0.262        -0.041
 X3M12         -0.123        -0.062        -0.007         0.013         0.014


           Correlations
              M8            M9            M10           M11           M12
              ________      ________      ________      ________      ________
 M8             1.000
 M9             0.089         1.000
 M10            0.306         0.298         1.000
 M11            0.320         0.102         0.469         1.000
 M12            0.285         0.172         0.426         0.471         1.000
 Y1             0.165         0.263         0.022        -0.126         0.111
 Y2             0.098        -0.068        -0.118         0.009         0.030
 Y3             0.169        -0.034         0.155         0.211         0.308
 X1M10          0.054        -0.086        -0.033         0.016         0.073
 X2M11          0.093         0.061         0.089        -0.036         0.054
 X3M12         -0.146         0.022        -0.013         0.088        -0.030


           Correlations
              Y1            Y2            Y3            X1M10         X2M11
              ________      ________      ________      ________      ________
 Y1             1.000
 Y2             0.274         1.000
 Y3             0.354         0.524         1.000
 X1M10         -0.077        -0.048        -0.116         1.000
 X2M11          0.003        -0.069        -0.151         0.183         1.000
 X3M12         -0.020        -0.225        -0.105         0.182         0.094


           Correlations
              X3M12
              ________
 X3M12          1.000


UNIVARIATE SAMPLE STATISTICS


     UNIVARIATE HIGHER-ORDER MOMENT DESCRIPTIVE STATISTICS

         Variable/         Mean/     Skewness/   Minimum/ % with                Percentiles
        Sample Size      Variance    Kurtosis    Maximum  Min/Max      20%/60%    40%/80%    Median

     X1                    0.000       0.040      -0.490   51.00%      -0.490     -0.490     -0.490
             100.000       0.250      -1.998       0.510   49.00%       0.510      0.510
     X2                    0.000      -0.120      -0.530   47.00%      -0.530     -0.530      0.470
             100.000       0.249      -1.986       0.470   53.00%       0.470      0.470
     X3                    0.000       0.120      -0.470   53.00%      -0.470     -0.470     -0.470
             100.000       0.249      -1.986       0.530   47.00%       0.530      0.530
     M1                    0.000       0.103      -1.910   32.00%      -1.910     -0.910      0.090
             100.000       2.642      -1.567       2.090   29.00%       0.090      2.090
     M2                    0.000       0.037      -1.950   30.00%      -1.950     -0.950      0.050
             100.000       2.547      -1.554       2.050   27.00%       1.050      2.050
     M3                    0.000      -0.045      -2.140   26.00%      -2.140     -1.140     -0.140
             100.000       2.840      -1.690       1.860   40.00%       0.860      1.860
     M4                    0.000       0.021      -1.950   29.00%      -1.950     -0.950      0.050
             100.000       2.467      -1.533       2.050   25.00%       1.050      2.050
     M5                    0.000       0.034      -1.870   37.00%      -1.870     -0.870      0.130
             100.000       2.713      -1.661       2.130   24.00%       1.130      2.130
     M6                    0.000      -0.022      -2.030   32.00%      -2.030     -1.030     -0.030
             100.000       2.849      -1.674       1.970   34.00%       0.970      1.970
     M7                    0.000      -0.048      -2.020   29.00%      -2.020     -1.020     -0.020
             100.000       2.540      -1.544       1.980   28.00%       0.980      1.980
     M8                    0.000      -0.106      -2.060   21.00%      -2.060     -0.060     -0.060
             100.000       1.996      -1.226       1.940   21.00%      -0.060      1.940
     M9                    0.000      -0.053      -2.070   25.00%      -2.070     -1.070     -0.070
             100.000       2.445      -1.509       1.930   29.00%       0.930      1.930
     M10                   0.000      -0.168      -2.140   21.00%      -2.140     -0.140     -0.140
             100.000       2.200      -1.392       1.860   25.00%       0.860      1.860
     M11                   0.000       0.185      -1.860   23.00%      -1.860     -0.860      0.140
             100.000       2.060      -1.279       2.140   20.00%       0.140      1.140
     M12                   0.000       0.138      -1.770   31.00%      -1.770     -0.770      0.230
             100.000       2.177      -1.374       2.230   17.00%       0.230      1.230
     Y1                    0.653      -0.097      -1.769    1.00%       0.013      0.534      0.750
             100.000       0.678       0.557       2.960    1.00%       0.870      1.205
     Y2                    0.780      -0.207      -1.502    1.00%      -0.075      0.620      0.975
             100.000       1.034       0.077       3.738    1.00%       1.226      1.522
     Y3                    1.019      -0.309      -1.859    1.00%       0.058      0.799      1.028
             100.000       1.068       0.086       3.205    1.00%       1.223      1.926
     X1M10                 0.000      -0.062      -1.086    8.00%      -0.976     -0.146      0.084
             100.000       0.546      -1.341       1.144    9.00%       0.324      0.794
     X2M11                 0.000      -0.035      -1.118   10.00%      -0.858     -0.388      0.082
             100.000       0.515      -1.266       1.022   10.00%       0.082      0.552
     X3M12                 0.000       0.056      -1.043   11.00%      -0.863     -0.373      0.047
             100.000       0.547      -1.388       1.097   10.00%       0.117      0.607


     THIS ANALYSIS MAY HAVE MULTIPLE SOLUTIONS.  EXPLORE THIS USING RANDOM STARTS,
     FOR EXAMPLE, STARTS = 20.  USE A LARGE ENOUGH NUMBER OF STARTS SO THAT THE
     BEST FIT FUNCTION VALUE IS REPLICATED SEVERAL TIMES.


THE MODEL ESTIMATION TERMINATED NORMALLY

     THE STANDARD ERRORS OF THE MODEL PARAMETER ESTIMATES MAY NOT BE
     TRUSTWORTHY FOR SOME PARAMETERS DUE TO A NON-POSITIVE DEFINITE
     FIRST-ORDER DERIVATIVE PRODUCT MATRIX.  THIS MAY BE DUE TO THE STARTING
     VALUES BUT MAY ALSO BE AN INDICATION OF MODEL NONIDENTIFICATION.  THE
     CONDITION NUMBER IS      -0.220D-13.  PROBLEM INVOLVING THE FOLLOWING PARAMETER:
     Parameter 40, X2

     THIS IS MOST LIKELY DUE TO VARIABLE X1 BEING DICHOTOMOUS BUT
     DECLARED AS CONTINUOUS.




MODEL FIT INFORMATION

Number of Free Parameters                       69

Loglikelihood

          H0 Value                       -3097.463
          H0 Scaling Correction Factor      0.8520
            for MLR
          H1 Value                       -2987.838
          H1 Scaling Correction Factor      0.9560
            for MLR

Information Criteria

          Akaike (AIC)                    6332.927
          Bayesian (BIC)                  6512.684
          Sample-Size Adjusted BIC        6294.764
            (n* = (n + 2) / 24)

Chi-Square Test of Model Fit

          Value                            220.307*
          Degrees of Freedom                   183
          P-Value                           0.0310
          Scaling Correction Factor         0.9952
            for MLR

*   The chi-square value for MLM, MLMV, MLR, ULSMV, WLSM and WLSMV cannot be used
    for chi-square difference testing in the regular way.  MLM, MLR and WLSM
    chi-square difference testing is described on the Mplus website.  MLMV, WLSMV,
    and ULSMV difference testing is done using the DIFFTEST option.

RMSEA (Root Mean Square Error Of Approximation)

          Estimate                           0.045
          90 Percent C.I.                    0.015  0.066
          Probability RMSEA <= .05           0.630

CFI/TLI

          CFI                                0.819
          TLI                                0.793

Chi-Square Test of Model Fit for the Baseline Model

          Value                            416.645
          Degrees of Freedom                   210
          P-Value                           0.0000

SRMR (Standardized Root Mean Square Residual)

          Value                              0.082



MODEL RESULTS

                                                    Two-Tailed
                    Estimate       S.E.  Est./S.E.    P-Value

 X        BY
    X3                 1.000      0.000    999.000    999.000
    X2                 0.365      0.271      1.346      0.178
    X1                 0.472      0.270      1.747      0.081

 M        BY
    M12                1.000      0.000    999.000    999.000
    M11                0.910      0.189      4.813      0.000
    M10                0.929      0.180      5.172      0.000
    M9                 0.399      0.178      2.245      0.025
    M8                 0.617      0.170      3.622      0.000
    M7                 0.239      0.163      1.466      0.143
    M6                 0.731      0.171      4.266      0.000
    M5                 0.533      0.184      2.892      0.004
    M4                 0.179      0.185      0.964      0.335
    M3                 0.277      0.221      1.252      0.211
    M2                 0.229      0.180      1.275      0.202
    M1                 0.117      0.206      0.565      0.572

 Y        BY
    Y3                 1.000      0.000    999.000    999.000
    Y2                 0.523      0.171      3.049      0.002
    Y1                 0.285      0.119      2.407      0.016

 XM       BY
    X3M12              1.000      0.000    999.000    999.000
    X2M11              1.475      1.495      0.987      0.324
    X1M10              1.481      0.792      1.870      0.061

 Y        ON
    X                  1.065      0.632      1.686      0.092
    M                  0.317      0.128      2.478      0.013
    XM                -1.607      1.492     -1.077      0.281

 X        WITH
    M                  0.055      0.065      0.842      0.400
    XM                -0.004      0.025     -0.183      0.855

 M        WITH
    XM                 0.031      0.056      0.557      0.577

 Intercepts
    X1                 0.000      0.050      0.000      1.000
    X2                 0.000      0.050      0.000      1.000
    X3                 0.000      0.050      0.000      1.000
    M1                 0.000      0.163      0.000      1.000
    M2                 0.000      0.160      0.000      1.000
    M3                 0.000      0.169      0.000      1.000
    M4                 0.000      0.157      0.000      1.000
    M5                 0.000      0.165      0.000      1.000
    M6                 0.000      0.169      0.000      1.000
    M7                 0.000      0.159      0.000      1.000
    M8                 0.000      0.141      0.000      1.000
    M9                 0.000      0.156      0.000      1.000
    M10                0.000      0.148      0.000      1.000
    M11                0.000      0.144      0.000      1.000
    M12                0.000      0.148      0.000      1.000
    Y1                 0.653      0.082      7.931      0.000
    Y2                 0.780      0.102      7.676      0.000
    Y3                 1.019      0.103      9.865      0.000
    X1M10              0.000      0.074      0.000      1.000
    X2M11              0.000      0.072      0.000      1.000
    X3M12              0.000      0.074      0.000      1.000

 Variances
    X                  0.141      0.090      1.574      0.116
    M                  1.088      0.289      3.771      0.000
    XM                 0.047      0.061      0.768      0.442

 Residual Variances
    X1                 0.218      0.024      9.265      0.000
    X2                 0.230      0.020     11.556      0.000
    X3                 0.108      0.090      1.201      0.230
    M1                 2.627      0.180     14.612      0.000
    M2                 2.490      0.179     13.942      0.000
    M3                 2.757      0.192     14.337      0.000
    M4                 2.433      0.175     13.864      0.000
    M5                 2.404      0.244      9.834      0.000
    M6                 2.267      0.264      8.598      0.000
    M7                 2.478      0.190     13.009      0.000
    M8                 1.582      0.216      7.328      0.000
    M9                 2.272      0.196     11.577      0.000
    M10                1.262      0.196      6.446      0.000
    M11                1.160      0.218      5.335      0.000
    M12                1.089      0.288      3.784      0.000
    Y1                 0.592      0.096      6.146      0.000
    Y2                 0.745      0.174      4.276      0.000
    Y3                 0.014      0.294      0.047      0.962
    X1M10              0.443      0.104      4.277      0.000
    X2M11              0.413      0.100      4.122      0.000
    X3M12              0.500      0.068      7.355      0.000
    Y                  0.643      0.278      2.312      0.021

New/Additional Parameters
    VAR_Y              1.054      0.324      3.256      0.001
    STD_B1             0.390      0.143      2.723      0.006
    STD_B2             0.322      0.123      2.612      0.009
    STD_B3            -0.614      0.638     -0.962      0.336


QUALITY OF NUMERICAL RESULTS

     Condition Number for the Information Matrix              0.715E-04
       (ratio of smallest to largest eigenvalue)


CONFIDENCE INTERVALS OF MODEL RESULTS

                  Lower .5%  Lower 2.5%    Lower 5%    Estimate    Upper 5%  Upper 2.5%   Upper .5%

 X        BY
    X3               1.000       1.000       1.000       1.000       1.000       1.000       1.000
    X2              -0.333      -0.166      -0.081       0.365       0.811       0.896       1.063
    X1              -0.224      -0.057       0.028       0.472       0.916       1.001       1.168

 M        BY
    M12              1.000       1.000       1.000       1.000       1.000       1.000       1.000
    M11              0.423       0.539       0.599       0.910       1.220       1.280       1.396
    M10              0.466       0.577       0.633       0.929       1.224       1.281       1.391
    M9              -0.059       0.051       0.107       0.399       0.692       0.748       0.858
    M8               0.178       0.283       0.337       0.617       0.898       0.951       1.056
    M7              -0.181      -0.080      -0.029       0.239       0.506       0.558       0.658
    M6               0.290       0.395       0.449       0.731       1.013       1.067       1.173
    M5               0.058       0.172       0.230       0.533       0.837       0.895       1.008
    M4              -0.299      -0.184      -0.126       0.179       0.483       0.542       0.656
    M3              -0.293      -0.157      -0.087       0.277       0.641       0.711       0.847
    M2              -0.234      -0.123      -0.066       0.229       0.524       0.581       0.692
    M1              -0.415      -0.288      -0.223       0.117       0.456       0.521       0.648

 Y        BY
    Y3               1.000       1.000       1.000       1.000       1.000       1.000       1.000
    Y2               0.081       0.187       0.241       0.523       0.805       0.859       0.965
    Y1              -0.020       0.053       0.090       0.285       0.480       0.518       0.591

 XM       BY
    X3M12            1.000       1.000       1.000       1.000       1.000       1.000       1.000
    X2M11           -2.376      -1.455      -0.984       1.475       3.935       4.406       5.326
    X1M10           -0.559      -0.071       0.179       1.481       2.784       3.033       3.521

 Y        ON
    X               -0.562      -0.173       0.026       1.065       2.104       2.303       2.692
    M               -0.013       0.066       0.107       0.317       0.528       0.568       0.647
    XM              -5.451      -4.532      -4.062      -1.607       0.847       1.317       2.236

 X        WITH
    M               -0.113      -0.073      -0.052       0.055       0.162       0.182       0.222
    XM              -0.068      -0.053      -0.045      -0.004       0.036       0.044       0.059

 M        WITH
    XM              -0.114      -0.079      -0.061       0.031       0.124       0.142       0.176

 Intercepts
    X1              -0.129      -0.098      -0.082       0.000       0.082       0.098       0.129
    X2              -0.129      -0.098      -0.082       0.000       0.082       0.098       0.129
    X3              -0.129      -0.098      -0.082       0.000       0.082       0.098       0.129
    M1              -0.419      -0.319      -0.267       0.000       0.267       0.319       0.419
    M2              -0.411      -0.313      -0.263       0.000       0.263       0.313       0.411
    M3              -0.434      -0.330      -0.277       0.000       0.277       0.330       0.434
    M4              -0.405      -0.308      -0.258       0.000       0.258       0.308       0.405
    M5              -0.424      -0.323      -0.271       0.000       0.271       0.323       0.424
    M6              -0.435      -0.331      -0.278       0.000       0.278       0.331       0.435
    M7              -0.410      -0.312      -0.262       0.000       0.262       0.312       0.410
    M8              -0.364      -0.277      -0.232       0.000       0.232       0.277       0.364
    M9              -0.403      -0.306      -0.257       0.000       0.257       0.306       0.403
    M10             -0.382      -0.291      -0.244       0.000       0.244       0.291       0.382
    M11             -0.370      -0.281      -0.236       0.000       0.236       0.281       0.370
    M12             -0.380      -0.289      -0.243       0.000       0.243       0.289       0.380
    Y1               0.441       0.492       0.518       0.653       0.789       0.815       0.865
    Y2               0.518       0.581       0.613       0.780       0.948       0.980       1.042
    Y3               0.753       0.817       0.849       1.019       1.189       1.222       1.286
    X1M10           -0.190      -0.145      -0.122       0.000       0.122       0.145       0.190
    X2M11           -0.185      -0.141      -0.118       0.000       0.118       0.141       0.185
    X3M12           -0.191      -0.145      -0.122       0.000       0.122       0.145       0.191

 Variances
    X               -0.090      -0.035      -0.006       0.141       0.289       0.318       0.373
    M                0.345       0.523       0.613       1.088       1.563       1.654       1.831
    XM              -0.110      -0.073      -0.053       0.047       0.147       0.166       0.204

 Residual Variances
    X1               0.158       0.172       0.180       0.218       0.257       0.265       0.279
    X2               0.179       0.191       0.197       0.230       0.263       0.269       0.282
    X3              -0.123      -0.068      -0.040       0.108       0.255       0.283       0.338
    M1               2.164       2.275       2.331       2.627       2.923       2.979       3.090
    M2               2.030       2.140       2.197       2.490       2.784       2.841       2.951
    M3               2.262       2.380       2.441       2.757       3.073       3.134       3.252
    M4               1.981       2.089       2.144       2.433       2.721       2.777       2.885
    M5               1.774       1.925       2.002       2.404       2.806       2.883       3.033
    M6               1.588       1.750       1.834       2.267       2.701       2.784       2.947
    M7               1.987       2.104       2.164       2.478       2.791       2.851       2.968
    M8               1.026       1.159       1.227       1.582       1.937       2.005       2.138
    M9               1.766       1.887       1.949       2.272       2.594       2.656       2.777
    M10              0.758       0.878       0.940       1.262       1.584       1.646       1.766
    M11              0.600       0.734       0.803       1.160       1.518       1.587       1.721
    M12              0.348       0.525       0.616       1.089       1.563       1.653       1.830
    Y1               0.344       0.403       0.434       0.592       0.751       0.781       0.841
    Y2               0.296       0.404       0.459       0.745       1.032       1.087       1.194
    Y3              -0.744      -0.563      -0.470       0.014       0.498       0.591       0.772
    X1M10            0.176       0.240       0.273       0.443       0.613       0.646       0.710
    X2M11            0.155       0.217       0.248       0.413       0.578       0.610       0.671
    X3M12            0.325       0.367       0.388       0.500       0.612       0.634       0.676
    Y               -0.073       0.098       0.185       0.643       1.100       1.188       1.359

New/Additional Parameters
    VAR_Y            0.220       0.420       0.522       1.054       1.587       1.689       1.888
    STD_B1           0.021       0.109       0.154       0.390       0.626       0.671       0.759
    STD_B2           0.005       0.080       0.119       0.322       0.525       0.564       0.640
    STD_B3          -2.259      -1.865      -1.664      -0.614       0.436       0.637       1.030


TECHNICAL 1 OUTPUT


     PARAMETER SPECIFICATION


           NU
              X1            X2            X3            M1            M2
              ________      ________      ________      ________      ________
                  1             2             3             4             5


           NU
              M3            M4            M5            M6            M7
              ________      ________      ________      ________      ________
                  6             7             8             9            10


           NU
              M8            M9            M10           M11           M12
              ________      ________      ________      ________      ________
                 11            12            13            14            15


           NU
              Y1            Y2            Y3            X1M10         X2M11
              ________      ________      ________      ________      ________
                 16            17            18            19            20


           NU
              X3M12
              ________
                 21


           LAMBDA
              X             M             Y             XM
              ________      ________      ________      ________
 X1                22             0             0             0
 X2                23             0             0             0
 X3                 0             0             0             0
 M1                 0            24             0             0
 M2                 0            25             0             0
 M3                 0            26             0             0
 M4                 0            27             0             0
 M5                 0            28             0             0
 M6                 0            29             0             0
 M7                 0            30             0             0
 M8                 0            31             0             0
 M9                 0            32             0             0
 M10                0            33             0             0
 M11                0            34             0             0
 M12                0             0             0             0
 Y1                 0             0            35             0
 Y2                 0             0            36             0
 Y3                 0             0             0             0
 X1M10              0             0             0            37
 X2M11              0             0             0            38
 X3M12              0             0             0             0


           THETA
              X1            X2            X3            M1            M2
              ________      ________      ________      ________      ________
 X1                39
 X2                 0            40
 X3                 0             0            41
 M1                 0             0             0            42
 M2                 0             0             0             0            43
 M3                 0             0             0             0             0
 M4                 0             0             0             0             0
 M5                 0             0             0             0             0
 M6                 0             0             0             0             0
 M7                 0             0             0             0             0
 M8                 0             0             0             0             0
 M9                 0             0             0             0             0
 M10                0             0             0             0             0
 M11                0             0             0             0             0
 M12                0             0             0             0             0
 Y1                 0             0             0             0             0
 Y2                 0             0             0             0             0
 Y3                 0             0             0             0             0
 X1M10              0             0             0             0             0
 X2M11              0             0             0             0             0
 X3M12              0             0             0             0             0


           THETA
              M3            M4            M5            M6            M7
              ________      ________      ________      ________      ________
 M3                44
 M4                 0            45
 M5                 0             0            46
 M6                 0             0             0            47
 M7                 0             0             0             0            48
 M8                 0             0             0             0             0
 M9                 0             0             0             0             0
 M10                0             0             0             0             0
 M11                0             0             0             0             0
 M12                0             0             0             0             0
 Y1                 0             0             0             0             0
 Y2                 0             0             0             0             0
 Y3                 0             0             0             0             0
 X1M10              0             0             0             0             0
 X2M11              0             0             0             0             0
 X3M12              0             0             0             0             0


           THETA
              M8            M9            M10           M11           M12
              ________      ________      ________      ________      ________
 M8                49
 M9                 0            50
 M10                0             0            51
 M11                0             0             0            52
 M12                0             0             0             0            53
 Y1                 0             0             0             0             0
 Y2                 0             0             0             0             0
 Y3                 0             0             0             0             0
 X1M10              0             0             0             0             0
 X2M11              0             0             0             0             0
 X3M12              0             0             0             0             0


           THETA
              Y1            Y2            Y3            X1M10         X2M11
              ________      ________      ________      ________      ________
 Y1                54
 Y2                 0            55
 Y3                 0             0            56
 X1M10              0             0             0            57
 X2M11              0             0             0             0            58
 X3M12              0             0             0             0             0


           THETA
              X3M12
              ________
 X3M12             59


           ALPHA
              X             M             Y             XM
              ________      ________      ________      ________
                  0             0             0             0


           BETA
              X             M             Y             XM
              ________      ________      ________      ________
 X                  0             0             0             0
 M                  0             0             0             0
 Y                 60            61             0            62
 XM                 0             0             0             0


           PSI
              X             M             Y             XM
              ________      ________      ________      ________
 X                 63
 M                 64            65
 Y                  0             0            66
 XM                67            68             0            69


     PARAMETER SPECIFICATION FOR THE ADDITIONAL PARAMETERS


           New/Additional Parameters
              VAR_Y         STD_B1        STD_B2        STD_B3
              ________      ________      ________      ________
                   70            71            72            73


     STARTING VALUES


           NU
              X1            X2            X3            M1            M2
              ________      ________      ________      ________      ________
                0.000         0.000         0.000         0.000         0.000


           NU
              M3            M4            M5            M6            M7
              ________      ________      ________      ________      ________
                0.000         0.000         0.000         0.000         0.000


           NU
              M8            M9            M10           M11           M12
              ________      ________      ________      ________      ________
                0.000         0.000         0.000         0.000         0.000


           NU
              Y1            Y2            Y3            X1M10         X2M11
              ________      ________      ________      ________      ________
                0.653         0.780         1.019         0.000         0.000


           NU
              X3M12
              ________
                0.000


           LAMBDA
              X             M             Y             XM
              ________      ________      ________      ________
 X1             0.202         0.000         0.000         0.000
 X2             0.148         0.000         0.000         0.000
 X3             1.000         0.000         0.000         0.000
 M1             0.000         2.522         0.000         0.000
 M2             0.000        -0.162         0.000         0.000
 M3             0.000        -0.019         0.000         0.000
 M4             0.000         0.615         0.000         0.000
 M5             0.000        -0.226         0.000         0.000
 M6             0.000         0.038         0.000         0.000
 M7             0.000        -0.524         0.000         0.000
 M8             0.000         0.725         0.000         0.000
 M9             0.000         0.269         0.000         0.000
 M10            0.000         0.182         0.000         0.000
 M11            0.000         0.442         0.000         0.000
 M12            0.000         1.000         0.000         0.000
 Y1             0.000         0.000         0.416         0.000
 Y2             0.000         0.000         0.761         0.000
 Y3             0.000         0.000         1.000         0.000
 X1M10          0.000         0.000         0.000         1.954
 X2M11          0.000         0.000         0.000         0.981
 X3M12          0.000         0.000         0.000         1.000


           THETA
              X1            X2            X3            M1            M2
              ________      ________      ________      ________      ________
 X1             0.125
 X2             0.000         0.125
 X3             0.000         0.000         0.125
 M1             0.000         0.000         0.000         1.321
 M2             0.000         0.000         0.000         0.000         1.274
 M3             0.000         0.000         0.000         0.000         0.000
 M4             0.000         0.000         0.000         0.000         0.000
 M5             0.000         0.000         0.000         0.000         0.000
 M6             0.000         0.000         0.000         0.000         0.000
 M7             0.000         0.000         0.000         0.000         0.000
 M8             0.000         0.000         0.000         0.000         0.000
 M9             0.000         0.000         0.000         0.000         0.000
 M10            0.000         0.000         0.000         0.000         0.000
 M11            0.000         0.000         0.000         0.000         0.000
 M12            0.000         0.000         0.000         0.000         0.000
 Y1             0.000         0.000         0.000         0.000         0.000
 Y2             0.000         0.000         0.000         0.000         0.000
 Y3             0.000         0.000         0.000         0.000         0.000
 X1M10          0.000         0.000         0.000         0.000         0.000
 X2M11          0.000         0.000         0.000         0.000         0.000
 X3M12          0.000         0.000         0.000         0.000         0.000


           THETA
              M3            M4            M5            M6            M7
              ________      ________      ________      ________      ________
 M3             1.420
 M4             0.000         1.234
 M5             0.000         0.000         1.357
 M6             0.000         0.000         0.000         1.425
 M7             0.000         0.000         0.000         0.000         1.270
 M8             0.000         0.000         0.000         0.000         0.000
 M9             0.000         0.000         0.000         0.000         0.000
 M10            0.000         0.000         0.000         0.000         0.000
 M11            0.000         0.000         0.000         0.000         0.000
 M12            0.000         0.000         0.000         0.000         0.000
 Y1             0.000         0.000         0.000         0.000         0.000
 Y2             0.000         0.000         0.000         0.000         0.000
 Y3             0.000         0.000         0.000         0.000         0.000
 X1M10          0.000         0.000         0.000         0.000         0.000
 X2M11          0.000         0.000         0.000         0.000         0.000
 X3M12          0.000         0.000         0.000         0.000         0.000


           THETA
              M8            M9            M10           M11           M12
              ________      ________      ________      ________      ________
 M8             0.998
 M9             0.000         1.223
 M10            0.000         0.000         1.100
 M11            0.000         0.000         0.000         1.030
 M12            0.000         0.000         0.000         0.000         1.089
 Y1             0.000         0.000         0.000         0.000         0.000
 Y2             0.000         0.000         0.000         0.000         0.000
 Y3             0.000         0.000         0.000         0.000         0.000
 X1M10          0.000         0.000         0.000         0.000         0.000
 X2M11          0.000         0.000         0.000         0.000         0.000
 X3M12          0.000         0.000         0.000         0.000         0.000


           THETA
              Y1            Y2            Y3            X1M10         X2M11
              ________      ________      ________      ________      ________
 Y1             0.339
 Y2             0.000         0.517
 Y3             0.000         0.000         0.534
 X1M10          0.000         0.000         0.000         0.273
 X2M11          0.000         0.000         0.000         0.000         0.258
 X3M12          0.000         0.000         0.000         0.000         0.000


           THETA
              X3M12
              ________
 X3M12          0.274


           ALPHA
              X             M             Y             XM
              ________      ________      ________      ________
                0.000         0.000         0.000         0.000


           BETA
              X             M             Y             XM
              ________      ________      ________      ________
 X              0.000         0.000         0.000         0.000
 M              0.000         0.000         0.000         0.000
 Y              0.000         0.000         0.000         0.000
 XM             0.000         0.000         0.000         0.000


           PSI
              X             M             Y             XM
              ________      ________      ________      ________
 X              0.050
 M              0.000         0.050
 Y              0.000         0.000         0.050
 XM             0.000         0.000         0.000         0.050


     STARTING VALUES FOR THE ADDITIONAL PARAMETERS


           New/Additional Parameters
              VAR_Y         STD_B1        STD_B2        STD_B3
              ________      ________      ________      ________
                0.500         0.500         0.500         0.500


RESULTS SAVING INFORMATION

  Order of data

    Parameter estimates
     (saved in order shown in Technical 1 output)
    Standard errors
     (saved in order shown in Technical 1 output)
    Number of Free Parameters
    H0 Loglikelihood
    H0 Scaling Correction Factor for MLR
    H1 Loglikelihood
    H1 Scaling Correction Factor for MLR
    Akaike (AIC)
    Bayesian (BIC)
    Sample-Size Adjusted BIC
    Chi-square : Value
    Chi-square : Degrees of Freedom
    Chi-square : P-Value
    Chi-square : Scaling Correction Factor for MLR/MLM/WLSM
    CFI
    TLI
    RMSEA : Estimate
    RMSEA : Low CI
    RMSEA : High CI
    RMSEA : Probability
    SRMR
    Condition Number

  Save file
    matchupi_results_146.dat

  Save file format           Free


     Beginning Time:  14:59:30
        Ending Time:  14:59:32
       Elapsed Time:  00:00:02



MUTHEN & MUTHEN
3463 Stoner Ave.
Los Angeles, CA  90066

Tel: (310) 391-9971
Fax: (310) 391-8971
Web: www.StatModel.com
Support: Support@StatModel.com

Copyright (c) 1998-2022 Muthen & Muthen
