Mplus VERSION 8.8 (Mac)
MUTHEN & MUTHEN
07/27/2025   3:52 PM

INPUT INSTRUCTIONS


    TITLE: Matched-pair Unconstrained Product Indicator

    DATA:
      FILE = matchupi_simdat_1820.dat;
      FORMAT IS FREE;

    VARIABLE:
      NAMES = x1 x2 x3
      	    m1 m2 m3 m4 m5 m6
      	    m7 m8 m9 m10 m11 m12
      	    y1 y2 y3
      	    x1m10 x2m11 x3m12;
      USEVARIABLES = x1-x3m12;

    ANALYSIS:
      TYPE = general;
      ESTIMATOR = MLR;
    MODEL:
      !measurement model
      X BY x3 x2 x1;
      X (var_X);
      M BY m12 m11 m10 m9 m8 m7 m6 m5 m4 m3 m2 m1;
      M (var_M);
      Y BY y3 y2 y1;
      Y (resvar_Y);
      XM BY x3m12 x2m11 x1m10;
      XM (var_XM);

      !covariances between predictors
      X WITH M (cov_XM);
      X WITH XM (cov_XXM);
      M WITH XM (cov_MXM);

      !structural model
      Y ON X (b1);
      Y ON M (b2);
      Y ON XM (b3);

    MODEL CONSTRAINT:

      NEW(var_Y std_b1 std_b2 std_b3);
      var_Y = resvar_Y +
       (b1^2 * var_X +
        b2^2 * var_M +
        b3^2 * var_XM +
        2 * b1 * b2 * cov_XM +
        2 * b1 * b3 * cov_XXM +
        2 * b2 * b3 * cov_MXM);

        std_b1 = b1 * sqrt(var_X) / sqrt(var_Y);
        std_b2 = b2 * sqrt(var_M) / sqrt(var_Y);
        std_b3 = b3 * sqrt(var_X) * sqrt(var_M) / sqrt(var_Y);

    OUTPUT:
      sampstat tech1 CINTERVAL;

    SAVEDATA:
      RESULTS = matchupi_results_1820.dat;




INPUT READING TERMINATED NORMALLY



Matched-pair Unconstrained Product Indicator

SUMMARY OF ANALYSIS

Number of groups                                                 1
Number of observations                                         100

Number of dependent variables                                   21
Number of independent variables                                  0
Number of continuous latent variables                            4

Observed dependent variables

  Continuous
   X1          X2          X3          M1          M2          M3
   M4          M5          M6          M7          M8          M9
   M10         M11         M12         Y1          Y2          Y3
   X1M10       X2M11       X3M12

Continuous latent variables
   X           M           Y           XM


Estimator                                                      MLR
Information matrix                                        OBSERVED
Maximum number of iterations                                  1000
Convergence criterion                                    0.500D-04
Maximum number of steepest descent iterations                   20

Input data file(s)
  matchupi_simdat_1820.dat

Input data format  FREE


SAMPLE STATISTICS


     SAMPLE STATISTICS


           Means
              X1            X2            X3            M1            M2
              ________      ________      ________      ________      ________
                0.000         0.000         0.000         0.000         0.000


           Means
              M3            M4            M5            M6            M7
              ________      ________      ________      ________      ________
                0.000         0.000         0.000         0.000         0.000


           Means
              M8            M9            M10           M11           M12
              ________      ________      ________      ________      ________
                0.000         0.000         0.000         0.000         0.000


           Means
              Y1            Y2            Y3            X1M10         X2M11
              ________      ________      ________      ________      ________
                0.554         0.984         1.115         0.000         0.000


           Means
              X3M12
              ________
                0.000


           Covariances
              X1            X2            X3            M1            M2
              ________      ________      ________      ________      ________
 X1             0.240
 X2             0.072         0.244
 X3             0.074         0.115         0.246
 M1             0.062        -0.020         0.097         2.766
 M2            -0.002         0.018        -0.021        -0.258         2.720
 M3            -0.174        -0.020        -0.076         0.133         0.256
 M4            -0.062         0.128        -0.011        -0.498         0.230
 M5             0.020         0.133         0.146         0.308        -0.123
 M6             0.014         0.018         0.132         0.065         0.486
 M7             0.006         0.037         0.028         0.445         0.029
 M8            -0.014         0.167         0.088         0.065         0.099
 M9            -0.038         0.151         0.169         0.442         0.161
 M10           -0.082         0.135         0.133         0.494         0.023
 M11           -0.112         0.179         0.071         0.208        -0.171
 M12           -0.108         0.200         0.127         0.456        -0.078
 Y1            -0.003         0.052         0.061         0.171         0.047
 Y2             0.017         0.048         0.127         0.237        -0.051
 Y3             0.109         0.087         0.128         0.094         0.155
 X1M10          0.023         0.007        -0.015         0.124         0.080
 X2M11          0.038        -0.029         0.018         0.117         0.024
 X3M12          0.016         0.061         0.030        -0.098        -0.081


           Covariances
              M3            M4            M5            M6            M7
              ________      ________      ________      ________      ________
 M3             2.494
 M4             0.266         2.360
 M5            -0.149        -0.013         2.567
 M6             0.260         0.586         0.558         2.346
 M7             0.122         0.059         0.044         0.062         2.338
 M8             0.362         0.599         0.154         0.412         0.348
 M9             0.783         0.441         0.550         0.725         0.193
 M10            0.455         0.223         0.410         0.747         0.255
 M11            0.497         0.509         0.390         0.615         0.727
 M12            0.453         0.262         0.238         0.415         0.385
 Y1            -0.096        -0.015         0.027         0.046        -0.009
 Y2             0.098         0.096        -0.103         0.210        -0.041
 Y3            -0.044         0.118         0.066         0.195         0.192
 X1M10         -0.074         0.011        -0.045         0.011         0.045
 X2M11         -0.078        -0.138        -0.148        -0.094        -0.123
 X3M12         -0.025         0.292        -0.139        -0.043         0.154


           Covariances
              M8            M9            M10           M11           M12
              ________      ________      ________      ________      ________
 M8             2.478
 M9             0.153         2.445
 M10            0.225         0.751         2.353
 M11            0.497         0.745         1.099         2.145
 M12            0.655         1.232         0.864         1.268         2.146
 Y1            -0.027         0.203         0.080         0.041         0.173
 Y2             0.068         0.536         0.406         0.350         0.372
 Y3            -0.075         0.156         0.186         0.233         0.120
 X1M10          0.101         0.115        -0.010         0.244         0.061
 X2M11          0.011         0.073        -0.038        -0.152         0.137
 X3M12          0.189         0.103         0.017         0.117         0.128


           Covariances
              Y1            Y2            Y3            X1M10         X2M11
              ________      ________      ________      ________      ________
 Y1             0.494
 Y2             0.317         1.113
 Y3             0.372         0.711         1.420
 X1M10          0.005         0.245         0.033         0.505
 X2M11         -0.021         0.092         0.032         0.066         0.515
 X3M12         -0.019         0.079         0.061         0.081         0.035


           Covariances
              X3M12
              ________
 X3M12          0.555


           Correlations
              X1            X2            X3            M1            M2
              ________      ________      ________      ________      ________
 X1             1.000
 X2             0.298         1.000
 X3             0.304         0.470         1.000
 M1             0.076        -0.025         0.118         1.000
 M2            -0.002         0.023        -0.026        -0.094         1.000
 M3            -0.225        -0.026        -0.097         0.051         0.098
 M4            -0.082         0.169        -0.015        -0.195         0.091
 M5             0.025         0.168         0.184         0.116        -0.047
 M6             0.019         0.024         0.174         0.026         0.192
 M7             0.008         0.049         0.036         0.175         0.012
 M8            -0.018         0.215         0.112         0.025         0.038
 M9            -0.050         0.195         0.218         0.170         0.063
 M10           -0.109         0.179         0.174         0.194         0.009
 M11           -0.156         0.248         0.097         0.086        -0.071
 M12           -0.151         0.276         0.175         0.187        -0.032
 Y1            -0.007         0.150         0.176         0.146         0.041
 Y2             0.034         0.093         0.243         0.135        -0.029
 Y3             0.186         0.148         0.216         0.047         0.079
 X1M10          0.067         0.021        -0.043         0.105         0.068
 X2M11          0.108        -0.081         0.050         0.098         0.020
 X3M12          0.045         0.166         0.080        -0.079        -0.066


           Correlations
              M3            M4            M5            M6            M7
              ________      ________      ________      ________      ________
 M3             1.000
 M4             0.110         1.000
 M5            -0.059        -0.005         1.000
 M6             0.108         0.249         0.228         1.000
 M7             0.051         0.025         0.018         0.026         1.000
 M8             0.146         0.248         0.061         0.171         0.145
 M9             0.317         0.184         0.220         0.303         0.081
 M10            0.188         0.094         0.167         0.318         0.109
 M11            0.215         0.226         0.166         0.274         0.325
 M12            0.196         0.117         0.101         0.185         0.172
 Y1            -0.087        -0.014         0.024         0.043        -0.008
 Y2             0.059         0.059        -0.061         0.130        -0.026
 Y3            -0.023         0.065         0.035         0.107         0.105
 X1M10         -0.066         0.010        -0.039         0.010         0.042
 X2M11         -0.069        -0.126        -0.129        -0.086        -0.112
 X3M12         -0.021         0.255        -0.117        -0.038         0.135


           Correlations
              M8            M9            M10           M11           M12
              ________      ________      ________      ________      ________
 M8             1.000
 M9             0.062         1.000
 M10            0.093         0.313         1.000
 M11            0.216         0.325         0.489         1.000
 M12            0.284         0.538         0.385         0.591         1.000
 Y1            -0.024         0.185         0.074         0.040         0.168
 Y2             0.041         0.325         0.251         0.226         0.241
 Y3            -0.040         0.084         0.102         0.134         0.069
 X1M10          0.091         0.103        -0.009         0.234         0.059
 X2M11          0.010         0.065        -0.035        -0.145         0.130
 X3M12          0.162         0.089         0.015         0.107         0.117


           Correlations
              Y1            Y2            Y3            X1M10         X2M11
              ________      ________      ________      ________      ________
 Y1             1.000
 Y2             0.427         1.000
 Y3             0.445         0.566         1.000
 X1M10          0.010         0.326         0.039         1.000
 X2M11         -0.042         0.122         0.037         0.130         1.000
 X3M12         -0.036         0.101         0.068         0.153         0.065


           Correlations
              X3M12
              ________
 X3M12          1.000


UNIVARIATE SAMPLE STATISTICS


     UNIVARIATE HIGHER-ORDER MOMENT DESCRIPTIVE STATISTICS

         Variable/         Mean/     Skewness/   Minimum/ % with                Percentiles
        Sample Size      Variance    Kurtosis    Maximum  Min/Max      20%/60%    40%/80%    Median

     X1                    0.000      -0.408      -0.600   40.00%      -0.600     -0.600      0.400
             100.000       0.240      -1.833       0.400   60.00%       0.400      0.400
     X2                    0.000      -0.324      -0.580   42.00%      -0.580     -0.580      0.420
             100.000       0.244      -1.895       0.420   58.00%       0.420      0.420
     X3                    0.000      -0.242      -0.560   44.00%      -0.560     -0.560      0.440
             100.000       0.246      -1.942       0.440   56.00%       0.440      0.440
     M1                    0.000       0.126      -1.880   34.00%      -1.880     -0.880      0.120
             100.000       2.766      -1.643       2.120   29.00%       1.120      2.120
     M2                    0.000      -0.045      -2.020   31.00%      -2.020     -1.020     -0.020
             100.000       2.720      -1.641       1.980   30.00%       0.980      1.980
     M3                    0.000      -0.223      -2.190   24.00%      -2.190     -0.190      0.810
             100.000       2.494      -1.531       1.810   30.00%       0.810      1.810
     M4                    0.000      -0.083      -2.020   27.00%      -2.020     -0.020     -0.020
             100.000       2.360      -1.474       1.980   24.00%       0.980      1.980
     M5                    0.000      -0.216      -2.150   29.00%      -2.150     -0.150     -0.150
             100.000       2.568      -1.487       1.850   31.00%       0.850      1.850
     M6                    0.000      -0.072      -2.210   17.00%      -1.210     -1.210     -0.210
             100.000       2.346      -1.528       1.790   34.00%       0.790      1.790
     M7                    0.000      -0.067      -2.040   26.00%      -2.040     -0.040     -0.040
             100.000       2.338      -1.428       1.960   26.00%       0.960      1.960
     M8                    0.000       0.026      -2.040   25.00%      -2.040     -1.040     -0.040
             100.000       2.478      -1.509       1.960   31.00%      -0.040      1.960
     M9                    0.000       0.132      -1.930   27.00%      -1.930     -0.930      0.070
             100.000       2.445      -1.475       2.070   28.00%       0.070      2.070
     M10                   0.000       0.119      -1.870   29.00%      -1.870     -0.870      0.130
             100.000       2.353      -1.448       2.130   23.00%       0.130      2.130
     M11                   0.000      -0.026      -2.070   19.00%      -1.070     -1.070     -0.070
             100.000       2.145      -1.420       1.930   24.00%       0.930      1.930
     M12                   0.000       0.075      -1.880   25.00%      -1.880     -0.880      0.120
             100.000       2.146      -1.426       2.120   18.00%       1.120      1.120
     Y1                    0.554       0.039      -1.015    1.00%      -0.049      0.341      0.514
             100.000       0.494      -0.294       2.470    1.00%       0.701      1.164
     Y2                    0.984       0.247      -1.607    1.00%       0.164      0.702      1.001
             100.000       1.113       0.719       4.356    1.00%       1.233      1.699
     Y3                    1.115       0.532      -1.343    1.00%       0.026      0.851      1.081
             100.000       1.420       0.856       5.005    1.00%       1.375      1.957
     X1M10                 0.000      -0.417      -1.314    7.00%      -0.954     -0.074      0.366
             100.000       0.505      -1.125       0.926   11.00%       0.366      0.806
     X2M11                 0.000      -0.338      -1.299    9.00%      -0.629     -0.209      0.211
             100.000       0.515      -1.007       1.021   13.00%       0.211      0.631
     X3M12                 0.000       0.095      -1.196   10.00%      -0.666     -0.266      0.004
             100.000       0.555      -1.190       1.204    9.00%       0.134      0.934


     THIS ANALYSIS MAY HAVE MULTIPLE SOLUTIONS.  EXPLORE THIS USING RANDOM STARTS,
     FOR EXAMPLE, STARTS = 20.  USE A LARGE ENOUGH NUMBER OF STARTS SO THAT THE
     BEST FIT FUNCTION VALUE IS REPLICATED SEVERAL TIMES.


THE MODEL ESTIMATION TERMINATED NORMALLY

     THE STANDARD ERRORS OF THE MODEL PARAMETER ESTIMATES MAY NOT BE
     TRUSTWORTHY FOR SOME PARAMETERS DUE TO A NON-POSITIVE DEFINITE
     FIRST-ORDER DERIVATIVE PRODUCT MATRIX.  THIS MAY BE DUE TO THE STARTING
     VALUES BUT MAY ALSO BE AN INDICATION OF MODEL NONIDENTIFICATION.  THE
     CONDITION NUMBER IS      -0.310D-16.  PROBLEM INVOLVING THE FOLLOWING PARAMETER:
     Parameter 40, X2

     THIS IS MOST LIKELY DUE TO VARIABLE X1 BEING DICHOTOMOUS BUT
     DECLARED AS CONTINUOUS.




MODEL FIT INFORMATION

Number of Free Parameters                       69

Loglikelihood

          H0 Value                       -3052.048
          H0 Scaling Correction Factor      0.8841
            for MLR
          H1 Value                       -2938.190
          H1 Scaling Correction Factor      0.9599
            for MLR

Information Criteria

          Akaike (AIC)                    6242.097
          Bayesian (BIC)                  6421.854
          Sample-Size Adjusted BIC        6203.934
            (n* = (n + 2) / 24)

Chi-Square Test of Model Fit

          Value                            230.380*
          Degrees of Freedom                   183
          P-Value                           0.0101
          Scaling Correction Factor         0.9884
            for MLR

*   The chi-square value for MLM, MLMV, MLR, ULSMV, WLSM and WLSMV cannot be used
    for chi-square difference testing in the regular way.  MLM, MLR and WLSM
    chi-square difference testing is described on the Mplus website.  MLMV, WLSMV,
    and ULSMV difference testing is done using the DIFFTEST option.

RMSEA (Root Mean Square Error Of Approximation)

          Estimate                           0.051
          90 Percent C.I.                    0.026  0.070
          Probability RMSEA <= .05           0.459

CFI/TLI

          CFI                                0.834
          TLI                                0.810

Chi-Square Test of Model Fit for the Baseline Model

          Value                            496.149
          Degrees of Freedom                   210
          P-Value                           0.0000

SRMR (Standardized Root Mean Square Residual)

          Value                              0.079



MODEL RESULTS

                                                    Two-Tailed
                    Estimate       S.E.  Est./S.E.    P-Value

 X        BY
    X3                 1.000      0.000    999.000    999.000
    X2                 0.838      0.420      1.992      0.046
    X1                 0.491      0.219      2.241      0.025

 M        BY
    M12                1.000      0.000    999.000    999.000
    M11                0.978      0.120      8.173      0.000
    M10                0.801      0.152      5.284      0.000
    M9                 0.857      0.129      6.642      0.000
    M8                 0.428      0.153      2.788      0.005
    M7                 0.364      0.169      2.157      0.031
    M6                 0.533      0.171      3.122      0.002
    M5                 0.320      0.173      1.847      0.065
    M4                 0.337      0.163      2.066      0.039
    M3                 0.422      0.168      2.519      0.012
    M2                 0.008      0.171      0.044      0.965
    M1                 0.320      0.168      1.912      0.056

 Y        BY
    Y3                 1.000      0.000    999.000    999.000
    Y2                 1.268      0.531      2.389      0.017
    Y1                 0.459      0.108      4.252      0.000

 XM       BY
    X3M12              1.000      0.000    999.000    999.000
    X2M11              0.857      0.816      1.051      0.293
    X1M10              2.917      3.005      0.971      0.332

 Y        ON
    X                  0.464      0.402      1.156      0.248
    M                  0.129      0.100      1.289      0.197
    XM                 1.837      1.521      1.207      0.227

 X        WITH
    M                  0.132      0.059      2.228      0.026
    XM                 0.002      0.016      0.106      0.916

 M        WITH
    XM                 0.041      0.060      0.673      0.501

 Intercepts
    X1                 0.000      0.049      0.000      1.000
    X2                 0.000      0.049      0.000      1.000
    X3                 0.000      0.050      0.000      1.000
    M1                 0.000      0.166      0.000      1.000
    M2                 0.000      0.165      0.000      1.000
    M3                 0.000      0.158      0.000      1.000
    M4                 0.000      0.154      0.000      1.000
    M5                 0.000      0.160      0.000      1.000
    M6                 0.000      0.153      0.000      1.000
    M7                 0.000      0.153      0.000      1.000
    M8                 0.000      0.157      0.000      1.000
    M9                 0.000      0.156      0.000      1.000
    M10                0.000      0.153      0.000      1.000
    M11                0.000      0.146      0.000      1.000
    M12                0.000      0.146      0.000      1.000
    Y1                 0.554      0.070      7.879      0.000
    Y2                 0.984      0.105      9.331      0.000
    Y3                 1.115      0.119      9.352      0.000
    X1M10              0.000      0.071      0.000      1.000
    X2M11              0.000      0.072      0.000      1.000
    X3M12              0.000      0.074      0.000      1.000

 Variances
    X                  0.143      0.067      2.126      0.033
    M                  1.229      0.244      5.042      0.000
    XM                 0.028      0.041      0.678      0.498

 Residual Variances
    X1                 0.206      0.024      8.531      0.000
    X2                 0.143      0.059      2.411      0.016
    X3                 0.103      0.067      1.530      0.126
    M1                 2.639      0.196     13.434      0.000
    M2                 2.720      0.163     16.678      0.000
    M3                 2.275      0.227     10.004      0.000
    M4                 2.220      0.194     11.471      0.000
    M5                 2.442      0.207     11.810      0.000
    M6                 1.997      0.221      9.031      0.000
    M7                 2.175      0.204     10.651      0.000
    M8                 2.254      0.207     10.871      0.000
    M9                 1.542      0.256      6.036      0.000
    M10                1.565      0.235      6.651      0.000
    M11                0.969      0.227      4.265      0.000
    M12                0.917      0.210      4.373      0.000
    Y1                 0.374      0.071      5.283      0.000
    Y2                 0.201      0.313      0.644      0.520
    Y3                 0.853      0.267      3.192      0.001
    X1M10              0.271      0.216      1.252      0.211
    X2M11              0.494      0.061      8.062      0.000
    X3M12              0.527      0.063      8.403      0.000
    Y                  0.385      0.274      1.403      0.160

New/Additional Parameters
    VAR_Y              0.567      0.335      1.693      0.090
    STD_B1             0.233      0.193      1.208      0.227
    STD_B2             0.190      0.143      1.327      0.184
    STD_B3             1.023      0.982      1.041      0.298


QUALITY OF NUMERICAL RESULTS

     Condition Number for the Information Matrix              0.120E-04
       (ratio of smallest to largest eigenvalue)


CONFIDENCE INTERVALS OF MODEL RESULTS

                  Lower .5%  Lower 2.5%    Lower 5%    Estimate    Upper 5%  Upper 2.5%   Upper .5%

 X        BY
    X3               1.000       1.000       1.000       1.000       1.000       1.000       1.000
    X2              -0.245       0.014       0.146       0.838       1.529       1.662       1.920
    X1              -0.073       0.061       0.130       0.491       0.851       0.920       1.054

 M        BY
    M12              1.000       1.000       1.000       1.000       1.000       1.000       1.000
    M11              0.670       0.744       0.781       0.978       1.175       1.213       1.287
    M10              0.410       0.504       0.551       0.801       1.050       1.098       1.191
    M9               0.525       0.604       0.645       0.857       1.069       1.110       1.189
    M8               0.033       0.127       0.175       0.428       0.680       0.728       0.823
    M7              -0.071       0.033       0.086       0.364       0.642       0.695       0.800
    M6               0.093       0.198       0.252       0.533       0.813       0.867       0.972
    M5              -0.126      -0.020       0.035       0.320       0.605       0.660       0.766
    M4              -0.083       0.017       0.069       0.337       0.606       0.657       0.757
    M3              -0.009       0.094       0.147       0.422       0.698       0.751       0.854
    M2              -0.434      -0.328      -0.274       0.008       0.289       0.343       0.449
    M1              -0.111      -0.008       0.045       0.320       0.596       0.649       0.752

 Y        BY
    Y3               1.000       1.000       1.000       1.000       1.000       1.000       1.000
    Y2              -0.099       0.227       0.395       1.268       2.140       2.308       2.634
    Y1               0.181       0.247       0.281       0.459       0.636       0.670       0.737

 XM       BY
    X3M12            1.000       1.000       1.000       1.000       1.000       1.000       1.000
    X2M11           -1.244      -0.741      -0.484       0.857       2.199       2.456       2.958
    X1M10           -4.823      -2.973      -2.026       2.917       7.860       8.806      10.657

 Y        ON
    X               -0.571      -0.323      -0.197       0.464       1.125       1.252       1.499
    M               -0.129      -0.067      -0.036       0.129       0.294       0.325       0.387
    XM              -2.082      -1.145      -0.666       1.837       4.339       4.819       5.755

 X        WITH
    M               -0.021       0.016       0.034       0.132       0.229       0.248       0.284
    XM              -0.039      -0.029      -0.024       0.002       0.028       0.033       0.043

 M        WITH
    XM              -0.115      -0.078      -0.059       0.041       0.140       0.159       0.196

 Intercepts
    X1              -0.126      -0.096      -0.081       0.000       0.081       0.096       0.126
    X2              -0.127      -0.097      -0.081       0.000       0.081       0.097       0.127
    X3              -0.128      -0.097      -0.082       0.000       0.082       0.097       0.128
    M1              -0.428      -0.326      -0.274       0.000       0.274       0.326       0.428
    M2              -0.425      -0.323      -0.271       0.000       0.271       0.323       0.425
    M3              -0.407      -0.310      -0.260       0.000       0.260       0.310       0.407
    M4              -0.396      -0.301      -0.253       0.000       0.253       0.301       0.396
    M5              -0.413      -0.314      -0.264       0.000       0.264       0.314       0.413
    M6              -0.395      -0.300      -0.252       0.000       0.252       0.300       0.395
    M7              -0.394      -0.300      -0.252       0.000       0.252       0.300       0.394
    M8              -0.406      -0.309      -0.259       0.000       0.259       0.309       0.406
    M9              -0.403      -0.306      -0.257       0.000       0.257       0.306       0.403
    M10             -0.395      -0.301      -0.252       0.000       0.252       0.301       0.395
    M11             -0.377      -0.287      -0.241       0.000       0.241       0.287       0.377
    M12             -0.377      -0.287      -0.241       0.000       0.241       0.287       0.377
    Y1               0.373       0.416       0.438       0.554       0.669       0.691       0.735
    Y2               0.713       0.778       0.811       0.984       1.158       1.191       1.256
    Y3               0.808       0.881       0.919       1.115       1.311       1.348       1.422
    X1M10           -0.183      -0.139      -0.117       0.000       0.117       0.139       0.183
    X2M11           -0.185      -0.141      -0.118       0.000       0.118       0.141       0.185
    X3M12           -0.192      -0.146      -0.123       0.000       0.123       0.146       0.192

 Variances
    X               -0.030       0.011       0.032       0.143       0.254       0.275       0.317
    M                0.601       0.751       0.828       1.229       1.630       1.707       1.857
    XM              -0.077      -0.052      -0.039       0.028       0.094       0.107       0.132

 Residual Variances
    X1               0.143       0.158       0.166       0.206       0.245       0.253       0.268
    X2              -0.010       0.027       0.045       0.143       0.241       0.259       0.296
    X3              -0.071      -0.029      -0.008       0.103       0.214       0.235       0.277
    M1               2.133       2.254       2.316       2.639       2.963       3.024       3.145
    M2               2.300       2.400       2.451       2.720       2.988       3.039       3.140
    M3               1.689       1.829       1.901       2.275       2.649       2.720       2.860
    M4               1.721       1.841       1.902       2.220       2.538       2.599       2.718
    M5               1.909       2.036       2.102       2.442       2.782       2.847       2.974
    M6               1.428       1.564       1.634       1.997       2.361       2.431       2.567
    M7               1.649       1.775       1.839       2.175       2.511       2.576       2.701
    M8               1.720       1.847       1.913       2.254       2.595       2.660       2.788
    M9               0.884       1.042       1.122       1.542       1.963       2.043       2.201
    M10              0.959       1.104       1.178       1.565       1.953       2.027       2.172
    M11              0.384       0.524       0.595       0.969       1.343       1.414       1.554
    M12              0.377       0.506       0.572       0.917       1.261       1.327       1.457
    Y1               0.192       0.236       0.258       0.374       0.491       0.513       0.557
    Y2              -0.604      -0.412      -0.313       0.201       0.716       0.814       1.007
    Y3               0.165       0.329       0.413       0.853       1.293       1.377       1.542
    X1M10           -0.287      -0.153      -0.085       0.271       0.627       0.695       0.828
    X2M11            0.336       0.374       0.394       0.494       0.595       0.615       0.652
    X3M12            0.366       0.404       0.424       0.527       0.630       0.650       0.689
    Y               -0.322      -0.153      -0.066       0.385       0.836       0.922       1.091

New/Additional Parameters
    VAR_Y           -0.296      -0.089       0.016       0.567       1.118       1.224       1.430
    STD_B1          -0.264      -0.145      -0.084       0.233       0.551       0.612       0.731
    STD_B2          -0.179      -0.091      -0.046       0.190       0.426       0.471       0.559
    STD_B3          -1.507      -0.902      -0.593       1.023       2.639       2.949       3.554


TECHNICAL 1 OUTPUT


     PARAMETER SPECIFICATION


           NU
              X1            X2            X3            M1            M2
              ________      ________      ________      ________      ________
                  1             2             3             4             5


           NU
              M3            M4            M5            M6            M7
              ________      ________      ________      ________      ________
                  6             7             8             9            10


           NU
              M8            M9            M10           M11           M12
              ________      ________      ________      ________      ________
                 11            12            13            14            15


           NU
              Y1            Y2            Y3            X1M10         X2M11
              ________      ________      ________      ________      ________
                 16            17            18            19            20


           NU
              X3M12
              ________
                 21


           LAMBDA
              X             M             Y             XM
              ________      ________      ________      ________
 X1                22             0             0             0
 X2                23             0             0             0
 X3                 0             0             0             0
 M1                 0            24             0             0
 M2                 0            25             0             0
 M3                 0            26             0             0
 M4                 0            27             0             0
 M5                 0            28             0             0
 M6                 0            29             0             0
 M7                 0            30             0             0
 M8                 0            31             0             0
 M9                 0            32             0             0
 M10                0            33             0             0
 M11                0            34             0             0
 M12                0             0             0             0
 Y1                 0             0            35             0
 Y2                 0             0            36             0
 Y3                 0             0             0             0
 X1M10              0             0             0            37
 X2M11              0             0             0            38
 X3M12              0             0             0             0


           THETA
              X1            X2            X3            M1            M2
              ________      ________      ________      ________      ________
 X1                39
 X2                 0            40
 X3                 0             0            41
 M1                 0             0             0            42
 M2                 0             0             0             0            43
 M3                 0             0             0             0             0
 M4                 0             0             0             0             0
 M5                 0             0             0             0             0
 M6                 0             0             0             0             0
 M7                 0             0             0             0             0
 M8                 0             0             0             0             0
 M9                 0             0             0             0             0
 M10                0             0             0             0             0
 M11                0             0             0             0             0
 M12                0             0             0             0             0
 Y1                 0             0             0             0             0
 Y2                 0             0             0             0             0
 Y3                 0             0             0             0             0
 X1M10              0             0             0             0             0
 X2M11              0             0             0             0             0
 X3M12              0             0             0             0             0


           THETA
              M3            M4            M5            M6            M7
              ________      ________      ________      ________      ________
 M3                44
 M4                 0            45
 M5                 0             0            46
 M6                 0             0             0            47
 M7                 0             0             0             0            48
 M8                 0             0             0             0             0
 M9                 0             0             0             0             0
 M10                0             0             0             0             0
 M11                0             0             0             0             0
 M12                0             0             0             0             0
 Y1                 0             0             0             0             0
 Y2                 0             0             0             0             0
 Y3                 0             0             0             0             0
 X1M10              0             0             0             0             0
 X2M11              0             0             0             0             0
 X3M12              0             0             0             0             0


           THETA
              M8            M9            M10           M11           M12
              ________      ________      ________      ________      ________
 M8                49
 M9                 0            50
 M10                0             0            51
 M11                0             0             0            52
 M12                0             0             0             0            53
 Y1                 0             0             0             0             0
 Y2                 0             0             0             0             0
 Y3                 0             0             0             0             0
 X1M10              0             0             0             0             0
 X2M11              0             0             0             0             0
 X3M12              0             0             0             0             0


           THETA
              Y1            Y2            Y3            X1M10         X2M11
              ________      ________      ________      ________      ________
 Y1                54
 Y2                 0            55
 Y3                 0             0            56
 X1M10              0             0             0            57
 X2M11              0             0             0             0            58
 X3M12              0             0             0             0             0


           THETA
              X3M12
              ________
 X3M12             59


           ALPHA
              X             M             Y             XM
              ________      ________      ________      ________
                  0             0             0             0


           BETA
              X             M             Y             XM
              ________      ________      ________      ________
 X                  0             0             0             0
 M                  0             0             0             0
 Y                 60            61             0            62
 XM                 0             0             0             0


           PSI
              X             M             Y             XM
              ________      ________      ________      ________
 X                 63
 M                 64            65
 Y                  0             0            66
 XM                67            68             0            69


     PARAMETER SPECIFICATION FOR THE ADDITIONAL PARAMETERS


           New/Additional Parameters
              VAR_Y         STD_B1        STD_B2        STD_B3
              ________      ________      ________      ________
                   70            71            72            73


     STARTING VALUES


           NU
              X1            X2            X3            M1            M2
              ________      ________      ________      ________      ________
                0.000         0.000         0.000         0.000         0.000


           NU
              M3            M4            M5            M6            M7
              ________      ________      ________      ________      ________
                0.000         0.000         0.000         0.000         0.000


           NU
              M8            M9            M10           M11           M12
              ________      ________      ________      ________      ________
                0.000         0.000         0.000         0.000         0.000


           NU
              Y1            Y2            Y3            X1M10         X2M11
              ________      ________      ________      ________      ________
                0.554         0.984         1.115         0.000         0.000


           NU
              X3M12
              ________
                0.000


           LAMBDA
              X             M             Y             XM
              ________      ________      ________      ________
 X1             0.625         0.000         0.000         0.000
 X2             0.973         0.000         0.000         0.000
 X3             1.000         0.000         0.000         0.000
 M1             0.000         1.257         0.000         0.000
 M2             0.000        -0.096         0.000         0.000
 M3             0.000         0.301         0.000         0.000
 M4             0.000        -0.131         0.000         0.000
 M5             0.000         0.483         0.000         0.000
 M6             0.000         0.188         0.000         0.000
 M7             0.000         0.227         0.000         0.000
 M8             0.000         0.048         0.000         0.000
 M9             0.000         0.892         0.000         0.000
 M10            0.000         0.690         0.000         0.000
 M11            0.000         1.164         0.000         0.000
 M12            0.000         1.000         0.000         0.000
 Y1             0.000         0.000         0.445         0.000
 Y2             0.000         0.000         0.850         0.000
 Y3             0.000         0.000         1.000         0.000
 X1M10          0.000         0.000         0.000         1.900
 X2M11          0.000         0.000         0.000         0.823
 X3M12          0.000         0.000         0.000         1.000


           THETA
              X1            X2            X3            M1            M2
              ________      ________      ________      ________      ________
 X1             0.120
 X2             0.000         0.122
 X3             0.000         0.000         0.123
 M1             0.000         0.000         0.000         1.383
 M2             0.000         0.000         0.000         0.000         1.360
 M3             0.000         0.000         0.000         0.000         0.000
 M4             0.000         0.000         0.000         0.000         0.000
 M5             0.000         0.000         0.000         0.000         0.000
 M6             0.000         0.000         0.000         0.000         0.000
 M7             0.000         0.000         0.000         0.000         0.000
 M8             0.000         0.000         0.000         0.000         0.000
 M9             0.000         0.000         0.000         0.000         0.000
 M10            0.000         0.000         0.000         0.000         0.000
 M11            0.000         0.000         0.000         0.000         0.000
 M12            0.000         0.000         0.000         0.000         0.000
 Y1             0.000         0.000         0.000         0.000         0.000
 Y2             0.000         0.000         0.000         0.000         0.000
 Y3             0.000         0.000         0.000         0.000         0.000
 X1M10          0.000         0.000         0.000         0.000         0.000
 X2M11          0.000         0.000         0.000         0.000         0.000
 X3M12          0.000         0.000         0.000         0.000         0.000


           THETA
              M3            M4            M5            M6            M7
              ________      ________      ________      ________      ________
 M3             1.247
 M4             0.000         1.180
 M5             0.000         0.000         1.284
 M6             0.000         0.000         0.000         1.173
 M7             0.000         0.000         0.000         0.000         1.169
 M8             0.000         0.000         0.000         0.000         0.000
 M9             0.000         0.000         0.000         0.000         0.000
 M10            0.000         0.000         0.000         0.000         0.000
 M11            0.000         0.000         0.000         0.000         0.000
 M12            0.000         0.000         0.000         0.000         0.000
 Y1             0.000         0.000         0.000         0.000         0.000
 Y2             0.000         0.000         0.000         0.000         0.000
 Y3             0.000         0.000         0.000         0.000         0.000
 X1M10          0.000         0.000         0.000         0.000         0.000
 X2M11          0.000         0.000         0.000         0.000         0.000
 X3M12          0.000         0.000         0.000         0.000         0.000


           THETA
              M8            M9            M10           M11           M12
              ________      ________      ________      ________      ________
 M8             1.239
 M9             0.000         1.223
 M10            0.000         0.000         1.177
 M11            0.000         0.000         0.000         1.073
 M12            0.000         0.000         0.000         0.000         1.073
 Y1             0.000         0.000         0.000         0.000         0.000
 Y2             0.000         0.000         0.000         0.000         0.000
 Y3             0.000         0.000         0.000         0.000         0.000
 X1M10          0.000         0.000         0.000         0.000         0.000
 X2M11          0.000         0.000         0.000         0.000         0.000
 X3M12          0.000         0.000         0.000         0.000         0.000


           THETA
              Y1            Y2            Y3            X1M10         X2M11
              ________      ________      ________      ________      ________
 Y1             0.247
 Y2             0.000         0.556
 Y3             0.000         0.000         0.710
 X1M10          0.000         0.000         0.000         0.253
 X2M11          0.000         0.000         0.000         0.000         0.257
 X3M12          0.000         0.000         0.000         0.000         0.000


           THETA
              X3M12
              ________
 X3M12          0.277


           ALPHA
              X             M             Y             XM
              ________      ________      ________      ________
                0.000         0.000         0.000         0.000


           BETA
              X             M             Y             XM
              ________      ________      ________      ________
 X              0.000         0.000         0.000         0.000
 M              0.000         0.000         0.000         0.000
 Y              0.000         0.000         0.000         0.000
 XM             0.000         0.000         0.000         0.000


           PSI
              X             M             Y             XM
              ________      ________      ________      ________
 X              0.050
 M              0.000         0.050
 Y              0.000         0.000         0.050
 XM             0.000         0.000         0.000         0.050


     STARTING VALUES FOR THE ADDITIONAL PARAMETERS


           New/Additional Parameters
              VAR_Y         STD_B1        STD_B2        STD_B3
              ________      ________      ________      ________
                0.500         0.500         0.500         0.500


RESULTS SAVING INFORMATION

  Order of data

    Parameter estimates
     (saved in order shown in Technical 1 output)
    Standard errors
     (saved in order shown in Technical 1 output)
    Number of Free Parameters
    H0 Loglikelihood
    H0 Scaling Correction Factor for MLR
    H1 Loglikelihood
    H1 Scaling Correction Factor for MLR
    Akaike (AIC)
    Bayesian (BIC)
    Sample-Size Adjusted BIC
    Chi-square : Value
    Chi-square : Degrees of Freedom
    Chi-square : P-Value
    Chi-square : Scaling Correction Factor for MLR/MLM/WLSM
    CFI
    TLI
    RMSEA : Estimate
    RMSEA : Low CI
    RMSEA : High CI
    RMSEA : Probability
    SRMR
    Condition Number

  Save file
    matchupi_results_1820.dat

  Save file format           Free


     Beginning Time:  15:52:51
        Ending Time:  15:52:53
       Elapsed Time:  00:00:02



MUTHEN & MUTHEN
3463 Stoner Ave.
Los Angeles, CA  90066

Tel: (310) 391-9971
Fax: (310) 391-8971
Web: www.StatModel.com
Support: Support@StatModel.com

Copyright (c) 1998-2022 Muthen & Muthen
