Mplus VERSION 8.8 (Mac)
MUTHEN & MUTHEN
07/27/2025   7:19 PM

INPUT INSTRUCTIONS


    TITLE: Matched-pair Unconstrained Product Indicator

    DATA:
      FILE = matchupi_simdat_574.dat;
      FORMAT IS FREE;

    VARIABLE:
      NAMES = x1 x2 x3
      	    m1 m2 m3 m4 m5 m6
      	    m7 m8 m9 m10 m11 m12
      	    y1 y2 y3
      	    x1m10 x2m11 x3m12;
      USEVARIABLES = x1-x3m12;

    ANALYSIS:
      TYPE = general;
      ESTIMATOR = MLR;
    MODEL:
      !measurement model
      X BY x3 x2 x1;
      X (var_X);
      M BY m12 m11 m10 m9 m8 m7 m6 m5 m4 m3 m2 m1;
      M (var_M);
      Y BY y3 y2 y1;
      Y (resvar_Y);
      XM BY x3m12 x2m11 x1m10;
      XM (var_XM);

      !covariances between predictors
      X WITH M (cov_XM);
      X WITH XM (cov_XXM);
      M WITH XM (cov_MXM);

      !structural model
      Y ON X (b1);
      Y ON M (b2);
      Y ON XM (b3);

    MODEL CONSTRAINT:

      NEW(var_Y std_b1 std_b2 std_b3);
      var_Y = resvar_Y +
       (b1^2 * var_X +
        b2^2 * var_M +
        b3^2 * var_XM +
        2 * b1 * b2 * cov_XM +
        2 * b1 * b3 * cov_XXM +
        2 * b2 * b3 * cov_MXM);

        std_b1 = b1 * sqrt(var_X) / sqrt(var_Y);
        std_b2 = b2 * sqrt(var_M) / sqrt(var_Y);
        std_b3 = b3 * sqrt(var_X) * sqrt(var_M) / sqrt(var_Y);

    OUTPUT:
      sampstat tech1 CINTERVAL;

    SAVEDATA:
      RESULTS = matchupi_results_574.dat;




INPUT READING TERMINATED NORMALLY



Matched-pair Unconstrained Product Indicator

SUMMARY OF ANALYSIS

Number of groups                                                 1
Number of observations                                         100

Number of dependent variables                                   21
Number of independent variables                                  0
Number of continuous latent variables                            4

Observed dependent variables

  Continuous
   X1          X2          X3          M1          M2          M3
   M4          M5          M6          M7          M8          M9
   M10         M11         M12         Y1          Y2          Y3
   X1M10       X2M11       X3M12

Continuous latent variables
   X           M           Y           XM


Estimator                                                      MLR
Information matrix                                        OBSERVED
Maximum number of iterations                                  1000
Convergence criterion                                    0.500D-04
Maximum number of steepest descent iterations                   20

Input data file(s)
  matchupi_simdat_574.dat

Input data format  FREE


SAMPLE STATISTICS


     SAMPLE STATISTICS


           Means
              X1            X2            X3            M1            M2
              ________      ________      ________      ________      ________
                0.000         0.000         0.000         0.000         0.000


           Means
              M3            M4            M5            M6            M7
              ________      ________      ________      ________      ________
                0.000         0.000         0.000         0.000         0.000


           Means
              M8            M9            M10           M11           M12
              ________      ________      ________      ________      ________
                0.000         0.000         0.000         0.000         0.000


           Means
              Y1            Y2            Y3            X1M10         X2M11
              ________      ________      ________      ________      ________
                0.760         0.852         1.119         0.000         0.000


           Means
              X3M12
              ________
                0.000


           Covariances
              X1            X2            X3            M1            M2
              ________      ________      ________      ________      ________
 X1             0.242
 X2             0.051         0.248
 X3             0.037         0.091         0.250
 M1            -0.030         0.119         0.126         2.532
 M2            -0.135         0.049         0.043        -0.144         2.638
 M3            -0.086         0.032         0.059         0.241        -0.024
 M4             0.115        -0.089        -0.083        -0.136         0.252
 M5             0.104         0.125         0.095        -0.138         0.141
 M6             0.103        -0.013         0.039        -0.078        -0.284
 M7             0.154         0.036         0.077         0.035        -0.198
 M8             0.073         0.050         0.038         0.209        -0.036
 M9             0.030        -0.012         0.188        -0.583         0.499
 M10            0.014         0.026         0.027        -0.115         0.032
 M11            0.053         0.116         0.117        -0.031         0.515
 M12            0.044         0.125         0.155        -0.248         0.371
 Y1             0.022         0.084         0.042        -0.017        -0.096
 Y2            -0.029         0.102         0.155         0.172        -0.040
 Y3            -0.009         0.144         0.177        -0.025         0.022
 X1M10          0.046         0.007        -0.006        -0.233         0.061
 X2M11         -0.005         0.009         0.020        -0.222         0.217
 X3M12          0.003         0.074         0.032        -0.046         0.080


           Covariances
              M3            M4            M5            M6            M7
              ________      ________      ________      ________      ________
 M3             2.138
 M4            -0.046         2.738
 M5             0.040         0.359         2.530
 M6             0.118        -0.216         0.393         2.414
 M7            -0.016         0.168         0.542        -0.060         2.234
 M8             0.145         0.396         0.119         0.160         0.371
 M9             0.097         0.351         0.068         0.043         0.337
 M10            0.144         0.578         0.302         0.120         0.404
 M11            0.034         0.415         0.381         0.307         0.148
 M12            0.100         0.359         0.590        -0.227         0.232
 Y1             0.055         0.058         0.119         0.027         0.224
 Y2             0.141         0.176         0.305         0.143         0.124
 Y3             0.150         0.011         0.313         0.076         0.013
 X1M10         -0.058        -0.171         0.106         0.072         0.136
 X2M11          0.013         0.041         0.009         0.095         0.018
 X3M12         -0.058        -0.076        -0.190         0.029        -0.023


           Covariances
              M8            M9            M10           M11           M12
              ________      ________      ________      ________      ________
 M8             2.273
 M9             0.488         2.541
 M10            0.221         0.847         2.194
 M11            0.558         0.694         0.718         2.360
 M12            0.659         0.658         1.092         1.061         2.290
 Y1            -0.045         0.219         0.250         0.211         0.097
 Y2             0.027         0.306         0.264         0.080         0.252
 Y3            -0.031         0.201         0.398         0.214         0.304
 X1M10         -0.083         0.015         0.129         0.008        -0.058
 X2M11          0.030        -0.047        -0.163        -0.087        -0.024
 X3M12         -0.112        -0.099        -0.015        -0.224        -0.174


           Covariances
              Y1            Y2            Y3            X1M10         X2M11
              ________      ________      ________      ________      ________
 Y1             0.800
 Y2             0.368         0.996
 Y3             0.396         0.563         1.288
 X1M10          0.099        -0.048         0.063         0.550
 X2M11          0.037         0.049         0.000         0.069         0.566
 X3M12         -0.064        -0.006        -0.028        -0.038         0.134


           Covariances
              X3M12
              ________
 X3M12          0.528


           Correlations
              X1            X2            X3            M1            M2
              ________      ________      ________      ________      ________
 X1             1.000
 X2             0.210         1.000
 X3             0.150         0.365         1.000
 M1            -0.039         0.150         0.158         1.000
 M2            -0.169         0.061         0.053        -0.056         1.000
 M3            -0.120         0.043         0.081         0.104        -0.010
 M4             0.141        -0.108        -0.100        -0.052         0.094
 M5             0.133         0.157         0.120        -0.054         0.055
 M6             0.135        -0.016         0.050        -0.032        -0.113
 M7             0.210         0.049         0.103         0.015        -0.081
 M8             0.099         0.066         0.050         0.087        -0.015
 M9             0.038        -0.015         0.237        -0.230         0.193
 M10            0.020         0.036         0.036        -0.049         0.013
 M11            0.070         0.151         0.153        -0.013         0.206
 M12            0.059         0.165         0.205        -0.103         0.151
 Y1             0.049         0.188         0.095        -0.012        -0.066
 Y2            -0.059         0.205         0.311         0.108        -0.025
 Y3            -0.016         0.254         0.313        -0.014         0.012
 X1M10          0.126         0.019        -0.017        -0.197         0.051
 X2M11         -0.014         0.025         0.053        -0.186         0.177
 X3M12          0.007         0.205         0.087        -0.039         0.067


           Correlations
              M3            M4            M5            M6            M7
              ________      ________      ________      ________      ________
 M3             1.000
 M4            -0.019         1.000
 M5             0.017         0.136         1.000
 M6             0.052        -0.084         0.159         1.000
 M7            -0.008         0.068         0.228        -0.026         1.000
 M8             0.066         0.159         0.049         0.068         0.165
 M9             0.042         0.133         0.027         0.017         0.142
 M10            0.066         0.236         0.128         0.052         0.183
 M11            0.015         0.163         0.156         0.128         0.064
 M12            0.045         0.143         0.245        -0.097         0.102
 Y1             0.042         0.039         0.084         0.020         0.168
 Y2             0.097         0.106         0.192         0.092         0.083
 Y3             0.091         0.006         0.173         0.043         0.008
 X1M10         -0.053        -0.139         0.090         0.062         0.123
 X2M11          0.011         0.033         0.007         0.081         0.016
 X3M12         -0.055        -0.064        -0.164         0.026        -0.021


           Correlations
              M8            M9            M10           M11           M12
              ________      ________      ________      ________      ________
 M8             1.000
 M9             0.203         1.000
 M10            0.099         0.359         1.000
 M11            0.241         0.283         0.315         1.000
 M12            0.289         0.273         0.487         0.457         1.000
 Y1            -0.033         0.153         0.188         0.154         0.072
 Y2             0.018         0.192         0.178         0.052         0.167
 Y3            -0.018         0.111         0.236         0.123         0.177
 X1M10         -0.074         0.013         0.117         0.007        -0.051
 X2M11          0.026        -0.039        -0.146        -0.075        -0.021
 X3M12         -0.102        -0.085        -0.014        -0.201        -0.158


           Correlations
              Y1            Y2            Y3            X1M10         X2M11
              ________      ________      ________      ________      ________
 Y1             1.000
 Y2             0.412         1.000
 Y3             0.390         0.497         1.000
 X1M10          0.149        -0.065         0.075         1.000
 X2M11          0.055         0.065         0.000         0.123         1.000
 X3M12         -0.098        -0.008        -0.034        -0.070         0.245


           Correlations
              X3M12
              ________
 X3M12          1.000


UNIVARIATE SAMPLE STATISTICS


     UNIVARIATE HIGHER-ORDER MOMENT DESCRIPTIVE STATISTICS

         Variable/         Mean/     Skewness/   Minimum/ % with                Percentiles
        Sample Size      Variance    Kurtosis    Maximum  Min/Max      20%/60%    40%/80%    Median

     X1                    0.000       0.366      -0.410   59.00%      -0.410     -0.410     -0.410
             100.000       0.242      -1.866       0.590   41.00%       0.590      0.590
     X2                    0.000       0.161      -0.460   54.00%      -0.460     -0.460     -0.460
             100.000       0.248      -1.974       0.540   46.00%       0.540      0.540
     X3                    0.000      -0.080      -0.520   48.00%      -0.520     -0.520      0.480
             100.000       0.250      -1.994       0.480   52.00%       0.480      0.480
     M1                    0.000      -0.259      -2.220   26.00%      -2.220     -0.220     -0.220
             100.000       2.532      -1.465       1.780   33.00%       0.780      1.780
     M2                    0.000      -0.150      -2.110   29.00%      -2.110     -0.110     -0.110
             100.000       2.638      -1.571       1.890   31.00%       0.890      1.890
     M3                    0.000      -0.031      -2.040   21.00%      -2.040     -1.040     -0.040
             100.000       2.138      -1.378       1.960   23.00%       0.960      1.960
     M4                    0.000       0.083      -1.890   34.00%      -1.890     -0.890      0.110
             100.000       2.738      -1.661       2.110   27.00%       1.110      2.110
     M5                    0.000       0.016      -1.990   28.00%      -1.990     -0.990      0.010
             100.000       2.530      -1.555       2.010   28.00%       1.010      2.010
     M6                    0.000      -0.236      -2.310   19.00%      -1.310     -0.310     -0.310
             100.000       2.414      -1.468       1.690   37.00%       0.690      1.690
     M7                    0.000      -0.203      -2.160   23.00%      -2.160     -0.160     -0.160
             100.000       2.234      -1.328       1.840   27.00%       0.840      1.840
     M8                    0.000       0.204      -1.870   25.00%      -1.870     -0.870      0.130
             100.000       2.273      -1.393       2.130   24.00%       0.130      2.130
     M9                    0.000       0.190      -1.830   31.00%      -1.830     -0.830     -0.330
             100.000       2.541      -1.548       2.170   25.00%       0.170      2.170
     M10                   0.000      -0.184      -2.160   21.00%      -2.160     -0.160     -0.160
             100.000       2.194      -1.358       1.840   26.00%       0.840      1.840
     M11                   0.000      -0.219      -2.140   25.00%      -2.140     -0.140     -0.140
             100.000       2.360      -1.444       1.860   26.00%       0.860      1.860
     M12                   0.000      -0.087      -1.990   28.00%      -1.990      0.010      0.010
             100.000       2.290      -1.422       2.010   22.00%       1.010      2.010
     Y1                    0.760       0.177      -1.131    1.00%      -0.019      0.509      0.729
             100.000       0.800      -0.464       3.136    1.00%       0.963      1.539
     Y2                    0.852      -0.118      -2.103    1.00%       0.051      0.586      0.816
             100.000       0.996       0.468       3.540    1.00%       1.110      1.705
     Y3                    1.119       0.441      -1.285    1.00%       0.188      0.584      0.959
             100.000       1.288      -0.085       4.128    1.00%       1.422      2.077
     X1M10                 0.000      -0.309      -1.200    9.00%      -0.680     -0.160     -0.150
             100.000       0.550      -1.263       0.880   18.00%       0.330      0.810
     X2M11                 0.000      -0.216      -1.271    8.00%      -0.971     -0.191     -0.051
             100.000       0.566      -1.359       0.889   14.00%       0.349      0.869
     X3M12                 0.000      -0.158      -1.289    9.00%      -0.769     -0.109      0.051
             100.000       0.528      -1.113       1.071   10.00%       0.461      0.871


     THIS ANALYSIS MAY HAVE MULTIPLE SOLUTIONS.  EXPLORE THIS USING RANDOM STARTS,
     FOR EXAMPLE, STARTS = 20.  USE A LARGE ENOUGH NUMBER OF STARTS SO THAT THE
     BEST FIT FUNCTION VALUE IS REPLICATED SEVERAL TIMES.


THE MODEL ESTIMATION TERMINATED NORMALLY

     THE STANDARD ERRORS OF THE MODEL PARAMETER ESTIMATES MAY NOT BE
     TRUSTWORTHY FOR SOME PARAMETERS DUE TO A NON-POSITIVE DEFINITE
     FIRST-ORDER DERIVATIVE PRODUCT MATRIX.  THIS MAY BE DUE TO THE STARTING
     VALUES BUT MAY ALSO BE AN INDICATION OF MODEL NONIDENTIFICATION.  THE
     CONDITION NUMBER IS       0.606D-17.  PROBLEM INVOLVING THE FOLLOWING PARAMETER:
     Parameter 40, X2

     THIS IS MOST LIKELY DUE TO VARIABLE X1 BEING DICHOTOMOUS BUT
     DECLARED AS CONTINUOUS.


     WARNING:  THE RESIDUAL COVARIANCE MATRIX (THETA) IS NOT POSITIVE DEFINITE.
     THIS COULD INDICATE A NEGATIVE VARIANCE/RESIDUAL VARIANCE FOR AN OBSERVED
     VARIABLE, A CORRELATION GREATER OR EQUAL TO ONE BETWEEN TWO OBSERVED
     VARIABLES, OR A LINEAR DEPENDENCY AMONG MORE THAN TWO OBSERVED VARIABLES.
     CHECK THE RESULTS SECTION FOR MORE INFORMATION.
     PROBLEM INVOLVING VARIABLE X3M12.




MODEL FIT INFORMATION

Number of Free Parameters                       69

Loglikelihood

          H0 Value                       -3105.100
          H0 Scaling Correction Factor      0.8620
            for MLR
          H1 Value                       -3013.282
          H1 Scaling Correction Factor      0.9481
            for MLR

Information Criteria

          Akaike (AIC)                    6348.201
          Bayesian (BIC)                  6527.958
          Sample-Size Adjusted BIC        6310.038
            (n* = (n + 2) / 24)

Chi-Square Test of Model Fit

          Value                            187.281*
          Degrees of Freedom                   183
          P-Value                           0.3987
          Scaling Correction Factor         0.9805
            for MLR

*   The chi-square value for MLM, MLMV, MLR, ULSMV, WLSM and WLSMV cannot be used
    for chi-square difference testing in the regular way.  MLM, MLR and WLSM
    chi-square difference testing is described on the Mplus website.  MLMV, WLSMV,
    and ULSMV difference testing is done using the DIFFTEST option.

RMSEA (Root Mean Square Error Of Approximation)

          Estimate                           0.015
          90 Percent C.I.                    0.000  0.047
          Probability RMSEA <= .05           0.968

CFI/TLI

          CFI                                0.975
          TLI                                0.972

Chi-Square Test of Model Fit for the Baseline Model

          Value                            384.634
          Degrees of Freedom                   210
          P-Value                           0.0000

SRMR (Standardized Root Mean Square Residual)

          Value                              0.070



MODEL RESULTS

                                                    Two-Tailed
                    Estimate       S.E.  Est./S.E.    P-Value

 X        BY
    X3                 1.000      0.000    999.000    999.000
    X2                 1.057      0.395      2.676      0.007
    X1                 0.371      0.251      1.477      0.140

 M        BY
    M12                1.000      0.000    999.000    999.000
    M11                0.815      0.166      4.918      0.000
    M10                0.776      0.172      4.518      0.000
    M9                 0.651      0.188      3.470      0.001
    M8                 0.458      0.163      2.809      0.005
    M7                 0.281      0.160      1.760      0.078
    M6                 0.031      0.176      0.174      0.862
    M5                 0.430      0.156      2.759      0.006
    M4                 0.389      0.188      2.066      0.039
    M3                 0.098      0.156      0.628      0.530
    M2                 0.265      0.161      1.648      0.099
    M1                -0.133      0.174     -0.765      0.444

 Y        BY
    Y3                 1.000      0.000    999.000    999.000
    Y2                 0.872      0.233      3.739      0.000
    Y1                 0.613      0.147      4.170      0.000

 XM       BY
    X3M12              1.000      0.000    999.000    999.000
    X2M11              0.059      0.468      0.127      0.899
    X1M10             -0.022      0.160     -0.140      0.888

 Y        ON
    X                  1.334      0.600      2.224      0.026
    M                  0.125      0.148      0.846      0.398
    XM                -0.037      0.301     -0.123      0.902

 X        WITH
    M                  0.111      0.069      1.600      0.110
    XM                 0.049      0.028      1.789      0.074

 M        WITH
    XM                -0.160      0.112     -1.420      0.156

 Intercepts
    X1                 0.000      0.049      0.000      1.000
    X2                 0.000      0.050      0.000      1.000
    X3                 0.000      0.050      0.000      1.000
    M1                 0.000      0.159      0.000      1.000
    M2                 0.000      0.162      0.000      1.000
    M3                 0.000      0.146      0.000      1.000
    M4                 0.000      0.165      0.000      1.000
    M5                 0.000      0.159      0.000      1.000
    M6                 0.000      0.155      0.000      1.000
    M7                 0.000      0.149      0.000      1.000
    M8                 0.000      0.151      0.000      1.000
    M9                 0.000      0.159      0.000      1.000
    M10                0.000      0.148      0.000      1.000
    M11                0.000      0.154      0.000      1.000
    M12                0.000      0.151      0.000      1.000
    Y1                 0.760      0.089      8.498      0.000
    Y2                 0.852      0.100      8.534      0.000
    Y3                 1.119      0.113      9.857      0.000
    X1M10              0.000      0.074      0.000      1.000
    X2M11              0.000      0.075      0.000      1.000
    X3M12              0.000      0.073      0.000      1.000

 Variances
    X                  0.090      0.039      2.334      0.020
    M                  1.283      0.323      3.967      0.000
    XM                 2.257     17.532      0.129      0.898

 Residual Variances
    X1                 0.229      0.017     13.248      0.000
    X2                 0.147      0.044      3.331      0.001
    X3                 0.159      0.039      4.117      0.000
    M1                 2.509      0.195     12.870      0.000
    M2                 2.548      0.198     12.873      0.000
    M3                 2.126      0.167     12.720      0.000
    M4                 2.543      0.215     11.812      0.000
    M5                 2.292      0.200     11.451      0.000
    M6                 2.413      0.175     13.757      0.000
    M7                 2.133      0.199     10.745      0.000
    M8                 2.004      0.231      8.667      0.000
    M9                 1.997      0.245      8.153      0.000
    M10                1.422      0.257      5.534      0.000
    M11                1.508      0.265      5.688      0.000
    M12                1.007      0.300      3.360      0.001
    Y1                 0.553      0.105      5.273      0.000
    Y2                 0.498      0.132      3.766      0.000
    Y3                 0.633      0.170      3.732      0.000
    X1M10              0.549      0.048     11.445      0.000
    X2M11              0.558      0.085      6.552      0.000
    X3M12             -1.730     17.530     -0.099      0.921
    Y                  0.438      0.159      2.756      0.006

New/Additional Parameters
    VAR_Y              0.655      0.201      3.263      0.001
    STD_B1             0.496      0.200      2.481      0.013
    STD_B2             0.175      0.204      0.857      0.391
    STD_B3            -0.016      0.127     -0.123      0.902


QUALITY OF NUMERICAL RESULTS

     Condition Number for the Information Matrix              0.908E-06
       (ratio of smallest to largest eigenvalue)


CONFIDENCE INTERVALS OF MODEL RESULTS

                  Lower .5%  Lower 2.5%    Lower 5%    Estimate    Upper 5%  Upper 2.5%   Upper .5%

 X        BY
    X3               1.000       1.000       1.000       1.000       1.000       1.000       1.000
    X2               0.039       0.283       0.407       1.057       1.707       1.831       2.074
    X1              -0.276      -0.121      -0.042       0.371       0.785       0.864       1.019

 M        BY
    M12              1.000       1.000       1.000       1.000       1.000       1.000       1.000
    M11              0.388       0.490       0.542       0.815       1.088       1.140       1.242
    M10              0.333       0.439       0.493       0.776       1.058       1.112       1.218
    M9               0.168       0.283       0.342       0.651       0.960       1.019       1.134
    M8               0.038       0.138       0.190       0.458       0.726       0.777       0.877
    M7              -0.130      -0.032       0.018       0.281       0.544       0.594       0.693
    M6              -0.422      -0.314      -0.258       0.031       0.320       0.375       0.483
    M5               0.029       0.125       0.174       0.430       0.687       0.736       0.832
    M4              -0.096       0.020       0.079       0.389       0.699       0.759       0.875
    M3              -0.303      -0.207      -0.158       0.098       0.354       0.403       0.498
    M2              -0.149      -0.050       0.000       0.265       0.530       0.581       0.680
    M1              -0.582      -0.475      -0.420      -0.133       0.153       0.208       0.316

 Y        BY
    Y3               1.000       1.000       1.000       1.000       1.000       1.000       1.000
    Y2               0.271       0.415       0.488       0.872       1.256       1.329       1.473
    Y1               0.235       0.325       0.371       0.613       0.855       0.902       0.992

 XM       BY
    X3M12            1.000       1.000       1.000       1.000       1.000       1.000       1.000
    X2M11           -1.147      -0.859      -0.711       0.059       0.830       0.977       1.265
    X1M10           -0.435      -0.336      -0.286      -0.022       0.241       0.291       0.390

 Y        ON
    X               -0.211       0.158       0.347       1.334       2.321       2.510       2.879
    M               -0.255      -0.164      -0.118       0.125       0.367       0.414       0.505
    XM              -0.811      -0.626      -0.531      -0.037       0.457       0.552       0.737

 X        WITH
    M               -0.068      -0.025      -0.003       0.111       0.225       0.247       0.290
    XM              -0.022      -0.005       0.004       0.049       0.095       0.104       0.121

 M        WITH
    XM              -0.449      -0.380      -0.344      -0.160       0.025       0.061       0.130

 Intercepts
    X1              -0.127      -0.096      -0.081       0.000       0.081       0.096       0.127
    X2              -0.128      -0.098      -0.082       0.000       0.082       0.098       0.128
    X3              -0.129      -0.098      -0.082       0.000       0.082       0.098       0.129
    M1              -0.410      -0.312      -0.262       0.000       0.262       0.312       0.410
    M2              -0.418      -0.318      -0.267       0.000       0.267       0.318       0.418
    M3              -0.377      -0.287      -0.241       0.000       0.241       0.287       0.377
    M4              -0.426      -0.324      -0.272       0.000       0.272       0.324       0.426
    M5              -0.410      -0.312      -0.262       0.000       0.262       0.312       0.410
    M6              -0.400      -0.305      -0.256       0.000       0.256       0.305       0.400
    M7              -0.385      -0.293      -0.246       0.000       0.246       0.293       0.385
    M8              -0.388      -0.296      -0.248       0.000       0.248       0.296       0.388
    M9              -0.411      -0.312      -0.262       0.000       0.262       0.312       0.411
    M10             -0.382      -0.290      -0.244       0.000       0.244       0.290       0.382
    M11             -0.396      -0.301      -0.253       0.000       0.253       0.301       0.396
    M12             -0.390      -0.297      -0.249       0.000       0.249       0.297       0.390
    Y1               0.530       0.585       0.613       0.760       0.907       0.935       0.990
    Y2               0.595       0.656       0.688       0.852       1.016       1.047       1.109
    Y3               0.826       0.896       0.932       1.119       1.305       1.341       1.411
    X1M10           -0.191      -0.145      -0.122       0.000       0.122       0.145       0.191
    X2M11           -0.194      -0.147      -0.124       0.000       0.124       0.147       0.194
    X3M12           -0.187      -0.142      -0.120       0.000       0.120       0.142       0.187

 Variances
    X               -0.009       0.014       0.027       0.090       0.154       0.166       0.190
    M                0.450       0.649       0.751       1.283       1.815       1.917       2.116
    XM             -42.900     -32.105     -26.582       2.257      31.097      36.619      47.415

 Residual Variances
    X1               0.185       0.195       0.201       0.229       0.258       0.263       0.274
    X2               0.033       0.061       0.075       0.147       0.220       0.234       0.261
    X3               0.060       0.083       0.096       0.159       0.223       0.235       0.259
    M1               2.007       2.127       2.188       2.509       2.830       2.891       3.011
    M2               2.038       2.160       2.222       2.548       2.873       2.935       3.057
    M3               1.696       1.799       1.851       2.126       2.401       2.454       2.557
    M4               1.989       2.121       2.189       2.543       2.898       2.966       3.098
    M5               1.777       1.900       1.963       2.292       2.622       2.685       2.808
    M6               1.961       2.069       2.124       2.413       2.701       2.756       2.864
    M7               1.622       1.744       1.806       2.133       2.460       2.522       2.644
    M8               1.409       1.551       1.624       2.004       2.385       2.458       2.600
    M9               1.366       1.517       1.594       1.997       2.400       2.478       2.628
    M10              0.760       0.919       1.000       1.422       1.845       1.926       2.084
    M11              0.825       0.988       1.072       1.508       1.944       2.028       2.191
    M12              0.235       0.419       0.514       1.007       1.500       1.594       1.779
    Y1               0.283       0.347       0.381       0.553       0.726       0.759       0.823
    Y2               0.157       0.239       0.281       0.498       0.716       0.757       0.839
    Y3               0.196       0.300       0.354       0.633       0.912       0.965       1.070
    X1M10            0.425       0.455       0.470       0.549       0.627       0.643       0.672
    X2M11            0.339       0.391       0.418       0.558       0.698       0.725       0.777
    X3M12          -46.884     -36.089     -30.567      -1.730      27.108      32.630      43.425
    Y                0.029       0.126       0.176       0.438       0.699       0.749       0.847

New/Additional Parameters
    VAR_Y            0.138       0.262       0.325       0.655       0.986       1.049       1.173
    STD_B1          -0.019       0.104       0.167       0.496       0.824       0.887       1.010
    STD_B2          -0.350      -0.225      -0.160       0.175       0.510       0.574       0.699
    STD_B3          -0.342      -0.264      -0.224      -0.016       0.193       0.233       0.311


TECHNICAL 1 OUTPUT


     PARAMETER SPECIFICATION


           NU
              X1            X2            X3            M1            M2
              ________      ________      ________      ________      ________
                  1             2             3             4             5


           NU
              M3            M4            M5            M6            M7
              ________      ________      ________      ________      ________
                  6             7             8             9            10


           NU
              M8            M9            M10           M11           M12
              ________      ________      ________      ________      ________
                 11            12            13            14            15


           NU
              Y1            Y2            Y3            X1M10         X2M11
              ________      ________      ________      ________      ________
                 16            17            18            19            20


           NU
              X3M12
              ________
                 21


           LAMBDA
              X             M             Y             XM
              ________      ________      ________      ________
 X1                22             0             0             0
 X2                23             0             0             0
 X3                 0             0             0             0
 M1                 0            24             0             0
 M2                 0            25             0             0
 M3                 0            26             0             0
 M4                 0            27             0             0
 M5                 0            28             0             0
 M6                 0            29             0             0
 M7                 0            30             0             0
 M8                 0            31             0             0
 M9                 0            32             0             0
 M10                0            33             0             0
 M11                0            34             0             0
 M12                0             0             0             0
 Y1                 0             0            35             0
 Y2                 0             0            36             0
 Y3                 0             0             0             0
 X1M10              0             0             0            37
 X2M11              0             0             0            38
 X3M12              0             0             0             0


           THETA
              X1            X2            X3            M1            M2
              ________      ________      ________      ________      ________
 X1                39
 X2                 0            40
 X3                 0             0            41
 M1                 0             0             0            42
 M2                 0             0             0             0            43
 M3                 0             0             0             0             0
 M4                 0             0             0             0             0
 M5                 0             0             0             0             0
 M6                 0             0             0             0             0
 M7                 0             0             0             0             0
 M8                 0             0             0             0             0
 M9                 0             0             0             0             0
 M10                0             0             0             0             0
 M11                0             0             0             0             0
 M12                0             0             0             0             0
 Y1                 0             0             0             0             0
 Y2                 0             0             0             0             0
 Y3                 0             0             0             0             0
 X1M10              0             0             0             0             0
 X2M11              0             0             0             0             0
 X3M12              0             0             0             0             0


           THETA
              M3            M4            M5            M6            M7
              ________      ________      ________      ________      ________
 M3                44
 M4                 0            45
 M5                 0             0            46
 M6                 0             0             0            47
 M7                 0             0             0             0            48
 M8                 0             0             0             0             0
 M9                 0             0             0             0             0
 M10                0             0             0             0             0
 M11                0             0             0             0             0
 M12                0             0             0             0             0
 Y1                 0             0             0             0             0
 Y2                 0             0             0             0             0
 Y3                 0             0             0             0             0
 X1M10              0             0             0             0             0
 X2M11              0             0             0             0             0
 X3M12              0             0             0             0             0


           THETA
              M8            M9            M10           M11           M12
              ________      ________      ________      ________      ________
 M8                49
 M9                 0            50
 M10                0             0            51
 M11                0             0             0            52
 M12                0             0             0             0            53
 Y1                 0             0             0             0             0
 Y2                 0             0             0             0             0
 Y3                 0             0             0             0             0
 X1M10              0             0             0             0             0
 X2M11              0             0             0             0             0
 X3M12              0             0             0             0             0


           THETA
              Y1            Y2            Y3            X1M10         X2M11
              ________      ________      ________      ________      ________
 Y1                54
 Y2                 0            55
 Y3                 0             0            56
 X1M10              0             0             0            57
 X2M11              0             0             0             0            58
 X3M12              0             0             0             0             0


           THETA
              X3M12
              ________
 X3M12             59


           ALPHA
              X             M             Y             XM
              ________      ________      ________      ________
                  0             0             0             0


           BETA
              X             M             Y             XM
              ________      ________      ________      ________
 X                  0             0             0             0
 M                  0             0             0             0
 Y                 60            61             0            62
 XM                 0             0             0             0


           PSI
              X             M             Y             XM
              ________      ________      ________      ________
 X                 63
 M                 64            65
 Y                  0             0            66
 XM                67            68             0            69


     PARAMETER SPECIFICATION FOR THE ADDITIONAL PARAMETERS


           New/Additional Parameters
              VAR_Y         STD_B1        STD_B2        STD_B3
              ________      ________      ________      ________
                   70            71            72            73


     STARTING VALUES


           NU
              X1            X2            X3            M1            M2
              ________      ________      ________      ________      ________
                0.000         0.000         0.000         0.000         0.000


           NU
              M3            M4            M5            M6            M7
              ________      ________      ________      ________      ________
                0.000         0.000         0.000         0.000         0.000


           NU
              M8            M9            M10           M11           M12
              ________      ________      ________      ________      ________
                0.000         0.000         0.000         0.000         0.000


           NU
              Y1            Y2            Y3            X1M10         X2M11
              ________      ________      ________      ________      ________
                0.760         0.852         1.119         0.000         0.000


           NU
              X3M12
              ________
                0.000


           LAMBDA
              X             M             Y             XM
              ________      ________      ________      ________
 X1             0.566         0.000         0.000         0.000
 X2             1.397         0.000         0.000         0.000
 X3             1.000         0.000         0.000         0.000
 M1             0.000        -7.609         0.000         0.000
 M2             0.000         4.503         0.000         0.000
 M3             0.000         0.203         0.000         0.000
 M4             0.000         0.129         0.000         0.000
 M5             0.000         2.015         0.000         0.000
 M6             0.000        -2.301         0.000         0.000
 M7             0.000         0.868         0.000         0.000
 M8             0.000         3.942         0.000         0.000
 M9             0.000         1.827         0.000         0.000
 M10            0.000         7.537         0.000         0.000
 M11            0.000         5.457         0.000         0.000
 M12            0.000         1.000         0.000         0.000
 Y1             0.000         0.000         0.652         0.000
 Y2             0.000         0.000         0.929         0.000
 Y3             0.000         0.000         1.000         0.000
 X1M10          0.000         0.000         0.000         1.000
 X2M11          0.000         0.000         0.000         1.000
 X3M12          0.000         0.000         0.000         1.000


           THETA
              X1            X2            X3            M1            M2
              ________      ________      ________      ________      ________
 X1             0.121
 X2             0.000         0.124
 X3             0.000         0.000         0.125
 M1             0.000         0.000         0.000         1.266
 M2             0.000         0.000         0.000         0.000         1.319
 M3             0.000         0.000         0.000         0.000         0.000
 M4             0.000         0.000         0.000         0.000         0.000
 M5             0.000         0.000         0.000         0.000         0.000
 M6             0.000         0.000         0.000         0.000         0.000
 M7             0.000         0.000         0.000         0.000         0.000
 M8             0.000         0.000         0.000         0.000         0.000
 M9             0.000         0.000         0.000         0.000         0.000
 M10            0.000         0.000         0.000         0.000         0.000
 M11            0.000         0.000         0.000         0.000         0.000
 M12            0.000         0.000         0.000         0.000         0.000
 Y1             0.000         0.000         0.000         0.000         0.000
 Y2             0.000         0.000         0.000         0.000         0.000
 Y3             0.000         0.000         0.000         0.000         0.000
 X1M10          0.000         0.000         0.000         0.000         0.000
 X2M11          0.000         0.000         0.000         0.000         0.000
 X3M12          0.000         0.000         0.000         0.000         0.000


           THETA
              M3            M4            M5            M6            M7
              ________      ________      ________      ________      ________
 M3             1.069
 M4             0.000         1.369
 M5             0.000         0.000         1.265
 M6             0.000         0.000         0.000         1.207
 M7             0.000         0.000         0.000         0.000         1.117
 M8             0.000         0.000         0.000         0.000         0.000
 M9             0.000         0.000         0.000         0.000         0.000
 M10            0.000         0.000         0.000         0.000         0.000
 M11            0.000         0.000         0.000         0.000         0.000
 M12            0.000         0.000         0.000         0.000         0.000
 Y1             0.000         0.000         0.000         0.000         0.000
 Y2             0.000         0.000         0.000         0.000         0.000
 Y3             0.000         0.000         0.000         0.000         0.000
 X1M10          0.000         0.000         0.000         0.000         0.000
 X2M11          0.000         0.000         0.000         0.000         0.000
 X3M12          0.000         0.000         0.000         0.000         0.000


           THETA
              M8            M9            M10           M11           M12
              ________      ________      ________      ________      ________
 M8             1.137
 M9             0.000         1.271
 M10            0.000         0.000         1.097
 M11            0.000         0.000         0.000         1.180
 M12            0.000         0.000         0.000         0.000         1.145
 Y1             0.000         0.000         0.000         0.000         0.000
 Y2             0.000         0.000         0.000         0.000         0.000
 Y3             0.000         0.000         0.000         0.000         0.000
 X1M10          0.000         0.000         0.000         0.000         0.000
 X2M11          0.000         0.000         0.000         0.000         0.000
 X3M12          0.000         0.000         0.000         0.000         0.000


           THETA
              Y1            Y2            Y3            X1M10         X2M11
              ________      ________      ________      ________      ________
 Y1             0.400
 Y2             0.000         0.498
 Y3             0.000         0.000         0.644
 X1M10          0.000         0.000         0.000         0.275
 X2M11          0.000         0.000         0.000         0.000         0.283
 X3M12          0.000         0.000         0.000         0.000         0.000


           THETA
              X3M12
              ________
 X3M12          0.264


           ALPHA
              X             M             Y             XM
              ________      ________      ________      ________
                0.000         0.000         0.000         0.000


           BETA
              X             M             Y             XM
              ________      ________      ________      ________
 X              0.000         0.000         0.000         0.000
 M              0.000         0.000         0.000         0.000
 Y              0.000         0.000         0.000         0.000
 XM             0.000         0.000         0.000         0.000


           PSI
              X             M             Y             XM
              ________      ________      ________      ________
 X              0.050
 M              0.000         0.050
 Y              0.000         0.000         0.050
 XM             0.000         0.000         0.000         0.050


     STARTING VALUES FOR THE ADDITIONAL PARAMETERS


           New/Additional Parameters
              VAR_Y         STD_B1        STD_B2        STD_B3
              ________      ________      ________      ________
                0.500         0.500         0.500         0.500


RESULTS SAVING INFORMATION

  Order of data

    Parameter estimates
     (saved in order shown in Technical 1 output)
    Standard errors
     (saved in order shown in Technical 1 output)
    Number of Free Parameters
    H0 Loglikelihood
    H0 Scaling Correction Factor for MLR
    H1 Loglikelihood
    H1 Scaling Correction Factor for MLR
    Akaike (AIC)
    Bayesian (BIC)
    Sample-Size Adjusted BIC
    Chi-square : Value
    Chi-square : Degrees of Freedom
    Chi-square : P-Value
    Chi-square : Scaling Correction Factor for MLR/MLM/WLSM
    CFI
    TLI
    RMSEA : Estimate
    RMSEA : Low CI
    RMSEA : High CI
    RMSEA : Probability
    SRMR
    Condition Number

  Save file
    matchupi_results_574.dat

  Save file format           Free


     Beginning Time:  19:19:27
        Ending Time:  19:19:28
       Elapsed Time:  00:00:01



MUTHEN & MUTHEN
3463 Stoner Ave.
Los Angeles, CA  90066

Tel: (310) 391-9971
Fax: (310) 391-8971
Web: www.StatModel.com
Support: Support@StatModel.com

Copyright (c) 1998-2022 Muthen & Muthen
