Mplus VERSION 8.8 (Mac)
MUTHEN & MUTHEN
07/27/2025   5:45 PM

INPUT INSTRUCTIONS


    TITLE: Matched-pair Unconstrained Product Indicator

    DATA:
      FILE = matchupi_simdat_422.dat;
      FORMAT IS FREE;

    VARIABLE:
      NAMES = x1 x2 x3
      	    m1 m2 m3 m4 m5 m6
      	    m7 m8 m9 m10 m11 m12
      	    y1 y2 y3
      	    x1m10 x2m11 x3m12;
      USEVARIABLES = x1-x3m12;

    ANALYSIS:
      TYPE = general;
      ESTIMATOR = MLR;
    MODEL:
      !measurement model
      X BY x3 x2 x1;
      X (var_X);
      M BY m12 m11 m10 m9 m8 m7 m6 m5 m4 m3 m2 m1;
      M (var_M);
      Y BY y3 y2 y1;
      Y (resvar_Y);
      XM BY x3m12 x2m11 x1m10;
      XM (var_XM);

      !covariances between predictors
      X WITH M (cov_XM);
      X WITH XM (cov_XXM);
      M WITH XM (cov_MXM);

      !structural model
      Y ON X (b1);
      Y ON M (b2);
      Y ON XM (b3);

    MODEL CONSTRAINT:

      NEW(var_Y std_b1 std_b2 std_b3);
      var_Y = resvar_Y +
       (b1^2 * var_X +
        b2^2 * var_M +
        b3^2 * var_XM +
        2 * b1 * b2 * cov_XM +
        2 * b1 * b3 * cov_XXM +
        2 * b2 * b3 * cov_MXM);

        std_b1 = b1 * sqrt(var_X) / sqrt(var_Y);
        std_b2 = b2 * sqrt(var_M) / sqrt(var_Y);
        std_b3 = b3 * sqrt(var_X) * sqrt(var_M) / sqrt(var_Y);

    OUTPUT:
      sampstat tech1 CINTERVAL;

    SAVEDATA:
      RESULTS = matchupi_results_422.dat;




INPUT READING TERMINATED NORMALLY



Matched-pair Unconstrained Product Indicator

SUMMARY OF ANALYSIS

Number of groups                                                 1
Number of observations                                         100

Number of dependent variables                                   21
Number of independent variables                                  0
Number of continuous latent variables                            4

Observed dependent variables

  Continuous
   X1          X2          X3          M1          M2          M3
   M4          M5          M6          M7          M8          M9
   M10         M11         M12         Y1          Y2          Y3
   X1M10       X2M11       X3M12

Continuous latent variables
   X           M           Y           XM


Estimator                                                      MLR
Information matrix                                        OBSERVED
Maximum number of iterations                                  1000
Convergence criterion                                    0.500D-04
Maximum number of steepest descent iterations                   20

Input data file(s)
  matchupi_simdat_422.dat

Input data format  FREE


SAMPLE STATISTICS


     SAMPLE STATISTICS


           Means
              X1            X2            X3            M1            M2
              ________      ________      ________      ________      ________
                0.000         0.000         0.000         0.000         0.000


           Means
              M3            M4            M5            M6            M7
              ________      ________      ________      ________      ________
                0.000         0.000         0.000         0.000         0.000


           Means
              M8            M9            M10           M11           M12
              ________      ________      ________      ________      ________
                0.000         0.000         0.000         0.000         0.000


           Means
              Y1            Y2            Y3            X1M10         X2M11
              ________      ________      ________      ________      ________
                0.580         0.720         1.099         0.000         0.000


           Means
              X3M12
              ________
                0.000


           Covariances
              X1            X2            X3            M1            M2
              ________      ________      ________      ________      ________
 X1             0.247
 X2             0.055         0.250
 X3             0.063         0.080         0.248
 M1            -0.083        -0.030        -0.082         2.536
 M2            -0.047        -0.125         0.044         0.188         2.449
 M3             0.113         0.030        -0.098         0.184        -0.028
 M4             0.050        -0.020         0.000        -0.090        -0.100
 M5             0.029        -0.010         0.027        -0.329        -0.215
 M6             0.082         0.010         0.012        -0.028         0.211
 M7             0.115         0.070         0.118         0.182         0.141
 M8            -0.006         0.075        -0.005        -0.271        -0.140
 M9             0.069        -0.020         0.039         0.579         0.029
 M10            0.059         0.085         0.131         0.083        -0.023
 M11            0.076         0.020        -0.051        -0.017        -0.038
 M12            0.102         0.095         0.120         0.088        -0.006
 Y1             0.122         0.047         0.105         0.024        -0.045
 Y2             0.126         0.049         0.055        -0.088         0.084
 Y3             0.140         0.080         0.092        -0.155        -0.127
 X1M10         -0.006         0.056         0.010        -0.059        -0.037
 X2M11          0.021         0.000         0.003         0.093         0.151
 X3M12          0.006         0.023         0.004        -0.116         0.116


           Covariances
              M3            M4            M5            M6            M7
              ________      ________      ________      ________      ________
 M3             2.636
 M4            -0.070         2.420
 M5            -0.031         0.200         2.488
 M6             0.178         0.350         0.483         2.218
 M7             0.048         0.010         0.194         0.202         2.370
 M8            -0.089         0.340         0.232         0.240         0.337
 M9             0.111         0.570         0.124         0.461         0.544
 M10            0.057         0.320         0.100         0.454         0.797
 M11            0.217         0.420         0.570         0.551         0.826
 M12            0.382         0.390         0.277         0.645         0.899
 Y1            -0.227        -0.164         0.051        -0.016         0.255
 Y2            -0.043        -0.194        -0.106         0.017         0.230
 Y3            -0.265        -0.257         0.171         0.122         0.423
 X1M10         -0.014         0.221        -0.003         0.055        -0.175
 X2M11          0.107        -0.036        -0.006         0.022         0.111
 X3M12         -0.004         0.022        -0.044         0.004         0.177


           Covariances
              M8            M9            M10           M11           M12
              ________      ________      ________      ________      ________
 M8             1.990
 M9             0.440         2.560
 M10            0.429         0.808         2.298
 M11            0.557         0.894         1.039         2.442
 M12            0.561         0.873         0.964         0.966         2.153
 Y1             0.106         0.113         0.073        -0.005         0.219
 Y2             0.062         0.282         0.324         0.117         0.304
 Y3             0.121         0.472         0.491         0.268         0.400
 X1M10         -0.066        -0.173        -0.041        -0.067        -0.049
 X2M11         -0.039         0.085         0.121        -0.189        -0.041
 X3M12          0.166         0.104         0.024         0.234        -0.034


           Covariances
              Y1            Y2            Y3            X1M10         X2M11
              ________      ________      ________      ________      ________
 Y1             0.896
 Y2             0.429         0.955
 Y3             0.479         0.713         1.356
 X1M10          0.054        -0.061        -0.058         0.516
 X2M11         -0.012         0.037        -0.023         0.036         0.610
 X3M12         -0.077        -0.042         0.007         0.060         0.098


           Covariances
              X3M12
              ________
 X3M12          0.568


           Correlations
              X1            X2            X3            M1            M2
              ________      ________      ________      ________      ________
 X1             1.000
 X2             0.221         1.000
 X3             0.254         0.321         1.000
 M1            -0.105        -0.038        -0.104         1.000
 M2            -0.060        -0.160         0.056         0.076         1.000
 M3             0.140         0.037        -0.121         0.071        -0.011
 M4             0.065        -0.026         0.000        -0.036        -0.041
 M5             0.037        -0.013         0.035        -0.131        -0.087
 M6             0.111         0.013         0.016        -0.012         0.091
 M7             0.150         0.091         0.154         0.074         0.059
 M8            -0.008         0.106        -0.008        -0.120        -0.064
 M9             0.087        -0.025         0.049         0.227         0.012
 M10            0.079         0.112         0.173         0.035        -0.010
 M11            0.098         0.026        -0.066        -0.007        -0.016
 M12            0.139         0.129         0.164         0.038        -0.003
 Y1             0.260         0.099         0.222         0.016        -0.031
 Y2             0.260         0.100         0.114        -0.056         0.055
 Y3             0.241         0.137         0.158        -0.083        -0.070
 X1M10         -0.016         0.156         0.027        -0.051        -0.033
 X2M11          0.055         0.000         0.008         0.075         0.123
 X3M12          0.016         0.061         0.009        -0.097         0.098


           Correlations
              M3            M4            M5            M6            M7
              ________      ________      ________      ________      ________
 M3             1.000
 M4            -0.028         1.000
 M5            -0.012         0.082         1.000
 M6             0.073         0.151         0.206         1.000
 M7             0.019         0.004         0.080         0.088         1.000
 M8            -0.039         0.155         0.104         0.114         0.155
 M9             0.043         0.229         0.049         0.193         0.221
 M10            0.023         0.136         0.042         0.201         0.342
 M11            0.085         0.173         0.231         0.237         0.343
 M12            0.160         0.171         0.120         0.295         0.398
 Y1            -0.148        -0.111         0.034        -0.012         0.175
 Y2            -0.027        -0.127        -0.069         0.011         0.153
 Y3            -0.140        -0.142         0.093         0.070         0.236
 X1M10         -0.012         0.197        -0.003         0.051        -0.158
 X2M11          0.085        -0.029        -0.005         0.019         0.092
 X3M12         -0.003         0.018        -0.037         0.004         0.153


           Correlations
              M8            M9            M10           M11           M12
              ________      ________      ________      ________      ________
 M8             1.000
 M9             0.195         1.000
 M10            0.201         0.333         1.000
 M11            0.253         0.358         0.439         1.000
 M12            0.271         0.372         0.434         0.421         1.000
 Y1             0.079         0.075         0.051        -0.003         0.158
 Y2             0.045         0.180         0.219         0.077         0.212
 Y3             0.074         0.253         0.278         0.148         0.234
 X1M10         -0.065        -0.150        -0.037        -0.060        -0.047
 X2M11         -0.035         0.068         0.102        -0.155        -0.036
 X3M12          0.157         0.087         0.021         0.198        -0.031


           Correlations
              Y1            Y2            Y3            X1M10         X2M11
              ________      ________      ________      ________      ________
 Y1             1.000
 Y2             0.463         1.000
 Y3             0.434         0.627         1.000
 X1M10          0.080        -0.087        -0.070         1.000
 X2M11         -0.016         0.049        -0.025         0.064         1.000
 X3M12         -0.107        -0.057         0.007         0.111         0.167


           Correlations
              X3M12
              ________
 X3M12          1.000


UNIVARIATE SAMPLE STATISTICS


     UNIVARIATE HIGHER-ORDER MOMENT DESCRIPTIVE STATISTICS

         Variable/         Mean/     Skewness/   Minimum/ % with                Percentiles
        Sample Size      Variance    Kurtosis    Maximum  Min/Max      20%/60%    40%/80%    Median

     X1                    0.000       0.201      -0.450   55.00%      -0.450     -0.450     -0.450
             100.000       0.248      -1.960       0.550   45.00%       0.550      0.550
     X2                    0.000       0.000      -0.500   50.00%      -0.500     -0.500      0.000
             100.000       0.250      -2.000       0.500   50.00%       0.500      0.500
     X3                    0.000       0.161      -0.460   54.00%      -0.460     -0.460     -0.460
             100.000       0.248      -1.974       0.540   46.00%       0.540      0.540
     M1                    0.000       0.128      -1.940   27.00%      -1.940     -0.940      0.060
             100.000       2.536      -1.550       2.060   29.00%       0.060      2.060
     M2                    0.000       0.003      -1.970   29.00%      -1.970     -0.970      0.030
             100.000       2.449      -1.493       2.030   26.00%       0.030      2.030
     M3                    0.000      -0.027      -2.060   27.00%      -2.060     -1.060     -0.060
             100.000       2.636      -1.606       1.940   32.00%       0.940      1.940
     M4                    0.000       0.048      -2.000   24.00%      -2.000     -1.000      0.000
             100.000       2.420      -1.542       2.000   27.00%       1.000      2.000
     M5                    0.000      -0.160      -2.180   23.00%      -2.180     -0.180     -0.180
             100.000       2.488      -1.531       1.820   32.00%       0.820      1.820
     M6                    0.000      -0.068      -2.040   23.00%      -2.040     -1.040     -0.040
             100.000       2.218      -1.424       1.960   23.00%       0.960      1.960
     M7                    0.000       0.345      -1.700   32.00%      -1.700     -0.700     -0.700
             100.000       2.370      -1.368       2.300   22.00%       0.300      2.300
     M8                    0.000       0.018      -1.990   20.00%      -1.990     -0.990      0.010
             100.000       1.990      -1.285       2.010   20.00%       0.010      1.010
     M9                    0.000       0.121      -1.980   25.00%      -1.980     -0.980      0.020
             100.000       2.560      -1.578       2.020   31.00%       0.020      2.020
     M10                   0.000       0.152      -1.890   26.00%      -1.890     -0.890      0.110
             100.000       2.298      -1.414       2.110   24.00%       0.110      2.110
     M11                   0.000       0.265      -1.720   34.00%      -1.720     -0.720     -0.720
             100.000       2.442      -1.474       2.280   21.00%       0.280      2.280
     M12                   0.000      -0.130      -2.130   20.00%      -2.130     -0.130     -0.130
             100.000       2.153      -1.368       1.870   25.00%       0.870      1.870
     Y1                    0.580       0.021      -1.525    1.00%      -0.169      0.424      0.562
             100.000       0.896      -0.083       2.988    1.00%       0.814      1.262
     Y2                    0.720      -0.373      -2.794    1.00%      -0.078      0.527      0.787
             100.000       0.955       0.725       2.944    1.00%       0.973      1.550
     Y3                    1.099       0.547      -1.369    1.00%       0.074      0.914      1.158
             100.000       1.356       1.474       5.277    1.00%       1.297      1.779
     X1M10                 0.000      -0.285      -1.270    7.00%      -0.730     -0.190     -0.060
             100.000       0.516      -1.226       0.890   13.00%       0.350      0.860
     X2M11                 0.000      -0.073      -1.160   12.00%      -0.880     -0.380      0.120
             100.000       0.610      -1.468       1.120    9.00%       0.340      0.840
     X3M12                 0.000      -0.027      -1.099   10.00%      -1.009     -0.109      0.001
             100.000       0.568      -1.340       1.101   13.00%       0.341      0.791


     THIS ANALYSIS MAY HAVE MULTIPLE SOLUTIONS.  EXPLORE THIS USING RANDOM STARTS,
     FOR EXAMPLE, STARTS = 20.  USE A LARGE ENOUGH NUMBER OF STARTS SO THAT THE
     BEST FIT FUNCTION VALUE IS REPLICATED SEVERAL TIMES.


THE MODEL ESTIMATION TERMINATED NORMALLY

     THE STANDARD ERRORS OF THE MODEL PARAMETER ESTIMATES MAY NOT BE
     TRUSTWORTHY FOR SOME PARAMETERS DUE TO A NON-POSITIVE DEFINITE
     FIRST-ORDER DERIVATIVE PRODUCT MATRIX.  THIS MAY BE DUE TO THE STARTING
     VALUES BUT MAY ALSO BE AN INDICATION OF MODEL NONIDENTIFICATION.  THE
     CONDITION NUMBER IS      -0.134D-16.  PROBLEM INVOLVING THE FOLLOWING PARAMETER:
     Parameter 40, X2

     THIS IS MOST LIKELY DUE TO VARIABLE X1 BEING DICHOTOMOUS BUT
     DECLARED AS CONTINUOUS.


     WARNING:  THE RESIDUAL COVARIANCE MATRIX (THETA) IS NOT POSITIVE DEFINITE.
     THIS COULD INDICATE A NEGATIVE VARIANCE/RESIDUAL VARIANCE FOR AN OBSERVED
     VARIABLE, A CORRELATION GREATER OR EQUAL TO ONE BETWEEN TWO OBSERVED
     VARIABLES, OR A LINEAR DEPENDENCY AMONG MORE THAN TWO OBSERVED VARIABLES.
     CHECK THE RESULTS SECTION FOR MORE INFORMATION.
     PROBLEM INVOLVING VARIABLE X3M12.




MODEL FIT INFORMATION

Number of Free Parameters                       69

Loglikelihood

          H0 Value                       -3087.667
          H0 Scaling Correction Factor      0.8856
            for MLR
          H1 Value                       -3011.642
          H1 Scaling Correction Factor      0.9630
            for MLR

Information Criteria

          Akaike (AIC)                    6313.334
          Bayesian (BIC)                  6493.090
          Sample-Size Adjusted BIC        6275.171
            (n* = (n + 2) / 24)

Chi-Square Test of Model Fit

          Value                            153.242*
          Degrees of Freedom                   183
          P-Value                           0.9467
          Scaling Correction Factor         0.9922
            for MLR

*   The chi-square value for MLM, MLMV, MLR, ULSMV, WLSM and WLSMV cannot be used
    for chi-square difference testing in the regular way.  MLM, MLR and WLSM
    chi-square difference testing is described on the Mplus website.  MLMV, WLSMV,
    and ULSMV difference testing is done using the DIFFTEST option.

RMSEA (Root Mean Square Error Of Approximation)

          Estimate                           0.000
          90 Percent C.I.                    0.000  0.006
          Probability RMSEA <= .05           1.000

CFI/TLI

          CFI                                1.000
          TLI                                1.000

Chi-Square Test of Model Fit for the Baseline Model

          Value                            392.000
          Degrees of Freedom                   210
          P-Value                           0.0000

SRMR (Standardized Root Mean Square Residual)

          Value                              0.066



MODEL RESULTS

                                                    Two-Tailed
                    Estimate       S.E.  Est./S.E.    P-Value

 X        BY
    X3                 1.000      0.000    999.000    999.000
    X2                 0.899      0.270      3.326      0.001
    X1                 0.997      0.542      1.840      0.066

 M        BY
    M12                1.000      0.000    999.000    999.000
    M11                0.986      0.197      5.006      0.000
    M10                0.923      0.158      5.840      0.000
    M9                 0.829      0.188      4.405      0.000
    M8                 0.493      0.169      2.913      0.004
    M7                 0.765      0.191      4.002      0.000
    M6                 0.509      0.166      3.064      0.002
    M5                 0.297      0.182      1.634      0.102
    M4                 0.350      0.172      2.034      0.042
    M3                 0.156      0.168      0.932      0.351
    M2                 0.001      0.171      0.009      0.993
    M1                 0.070      0.189      0.373      0.709

 Y        BY
    Y3                 1.000      0.000    999.000    999.000
    Y2                 0.834      0.147      5.679      0.000
    Y1                 0.590      0.141      4.186      0.000

 XM       BY
    X3M12              1.000      0.000    999.000    999.000
    X2M11              0.125      1.064      0.118      0.906
    X1M10              0.076      0.651      0.117      0.907

 Y        ON
    X                  1.356      0.917      1.479      0.139
    M                  0.212      0.163      1.302      0.193
    XM                -0.088      0.793     -0.111      0.912

 X        WITH
    M                  0.077      0.047      1.631      0.103
    XM                 0.009      0.040      0.234      0.815

 M        WITH
    XM                 0.099      0.139      0.708      0.479

 Intercepts
    X1                 0.000      0.050      0.000      1.000
    X2                 0.000      0.050      0.000      1.000
    X3                 0.000      0.050      0.000      1.000
    M1                 0.000      0.159      0.000      1.000
    M2                 0.000      0.156      0.000      1.000
    M3                 0.000      0.162      0.000      1.000
    M4                 0.000      0.156      0.000      1.000
    M5                 0.000      0.158      0.000      1.000
    M6                 0.000      0.149      0.000      1.000
    M7                 0.000      0.154      0.000      1.000
    M8                 0.000      0.141      0.000      1.000
    M9                 0.000      0.160      0.000      1.000
    M10                0.000      0.152      0.000      1.000
    M11                0.000      0.156      0.000      1.000
    M12                0.000      0.147      0.000      1.000
    Y1                 0.580      0.095      6.125      0.000
    Y2                 0.720      0.098      7.364      0.000
    Y3                 1.099      0.116      9.433      0.000
    X1M10              0.000      0.072      0.000      1.000
    X2M11              0.000      0.078      0.000      1.000
    X3M12              0.000      0.075      0.000      1.000

 Variances
    X                  0.070      0.042      1.666      0.096
    M                  1.070      0.268      3.992      0.000
    XM                 0.779      6.381      0.122      0.903

 Residual Variances
    X1                 0.178      0.044      4.062      0.000
    X2                 0.193      0.037      5.177      0.000
    X3                 0.178      0.043      4.170      0.000
    M1                 2.531      0.174     14.571      0.000
    M2                 2.449      0.174     14.047      0.000
    M3                 2.610      0.175     14.898      0.000
    M4                 2.289      0.188     12.168      0.000
    M5                 2.393      0.166     14.387      0.000
    M6                 1.941      0.212      9.142      0.000
    M7                 1.744      0.298      5.860      0.000
    M8                 1.730      0.189      9.167      0.000
    M9                 1.825      0.251      7.267      0.000
    M10                1.387      0.221      6.287      0.000
    M11                1.401      0.292      4.800      0.000
    M12                1.083      0.242      4.475      0.000
    Y1                 0.600      0.102      5.874      0.000
    Y2                 0.364      0.099      3.661      0.000
    Y3                 0.507      0.146      3.480      0.001
    X1M10              0.512      0.059      8.672      0.000
    X2M11              0.598      0.118      5.078      0.000
    X3M12             -0.211      6.384     -0.033      0.974
    Y                  0.628      0.195      3.217      0.001

New/Additional Parameters
    VAR_Y              0.850      0.226      3.761      0.000
    STD_B1             0.390      0.184      2.116      0.034
    STD_B2             0.238      0.172      1.383      0.167
    STD_B3            -0.026      0.238     -0.110      0.912


QUALITY OF NUMERICAL RESULTS

     Condition Number for the Information Matrix              0.857E-05
       (ratio of smallest to largest eigenvalue)


CONFIDENCE INTERVALS OF MODEL RESULTS

                  Lower .5%  Lower 2.5%    Lower 5%    Estimate    Upper 5%  Upper 2.5%   Upper .5%

 X        BY
    X3               1.000       1.000       1.000       1.000       1.000       1.000       1.000
    X2               0.203       0.369       0.454       0.899       1.343       1.428       1.595
    X1              -0.398      -0.065       0.106       0.997       1.888       2.059       2.392

 M        BY
    M12              1.000       1.000       1.000       1.000       1.000       1.000       1.000
    M11              0.479       0.600       0.662       0.986       1.310       1.372       1.494
    M10              0.516       0.613       0.663       0.923       1.182       1.232       1.329
    M9               0.344       0.460       0.519       0.829       1.138       1.197       1.313
    M8               0.057       0.161       0.215       0.493       0.771       0.825       0.929
    M7               0.273       0.390       0.450       0.765       1.079       1.139       1.257
    M6               0.081       0.183       0.236       0.509       0.782       0.834       0.937
    M5              -0.171      -0.059      -0.002       0.297       0.595       0.653       0.764
    M4              -0.093       0.013       0.067       0.350       0.634       0.688       0.794
    M3              -0.276      -0.172      -0.120       0.156       0.432       0.485       0.588
    M2              -0.440      -0.334      -0.280       0.001       0.283       0.337       0.443
    M1              -0.416      -0.300      -0.240       0.070       0.381       0.441       0.557

 Y        BY
    Y3               1.000       1.000       1.000       1.000       1.000       1.000       1.000
    Y2               0.456       0.546       0.592       0.834       1.076       1.122       1.212
    Y1               0.227       0.314       0.358       0.590       0.822       0.866       0.953

 XM       BY
    X3M12            1.000       1.000       1.000       1.000       1.000       1.000       1.000
    X2M11           -2.617      -1.961      -1.626       0.125       1.876       2.212       2.867
    X1M10           -1.601      -1.200      -0.995       0.076       1.147       1.352       1.753

 Y        ON
    X               -1.005      -0.441      -0.152       1.356       2.864       3.153       3.717
    M               -0.208      -0.107      -0.056       0.212       0.481       0.532       0.633
    XM              -2.130      -1.642      -1.392      -0.088       1.216       1.466       1.954

 X        WITH
    M               -0.044      -0.015      -0.001       0.077       0.154       0.169       0.198
    XM              -0.095      -0.070      -0.057       0.009       0.076       0.089       0.113

 M        WITH
    XM              -0.260      -0.174      -0.131       0.099       0.328       0.372       0.458

 Intercepts
    X1              -0.128      -0.098      -0.082       0.000       0.082       0.098       0.128
    X2              -0.129      -0.098      -0.082       0.000       0.082       0.098       0.129
    X3              -0.128      -0.098      -0.082       0.000       0.082       0.098       0.128
    M1              -0.410      -0.312      -0.262       0.000       0.262       0.312       0.410
    M2              -0.403      -0.307      -0.257       0.000       0.257       0.307       0.403
    M3              -0.418      -0.318      -0.267       0.000       0.267       0.318       0.418
    M4              -0.401      -0.305      -0.256       0.000       0.256       0.305       0.401
    M5              -0.406      -0.309      -0.259       0.000       0.259       0.309       0.406
    M6              -0.384      -0.292      -0.245       0.000       0.245       0.292       0.384
    M7              -0.397      -0.302      -0.253       0.000       0.253       0.302       0.397
    M8              -0.363      -0.276      -0.232       0.000       0.232       0.276       0.363
    M9              -0.412      -0.314      -0.263       0.000       0.263       0.314       0.412
    M10             -0.390      -0.297      -0.249       0.000       0.249       0.297       0.390
    M11             -0.402      -0.306      -0.257       0.000       0.257       0.306       0.402
    M12             -0.378      -0.288      -0.241       0.000       0.241       0.288       0.378
    Y1               0.336       0.394       0.424       0.580       0.735       0.765       0.823
    Y2               0.468       0.528       0.559       0.720       0.880       0.911       0.971
    Y3               0.799       0.870       0.907       1.099       1.290       1.327       1.399
    X1M10           -0.185      -0.141      -0.118       0.000       0.118       0.141       0.185
    X2M11           -0.201      -0.153      -0.128       0.000       0.128       0.153       0.201
    X3M12           -0.194      -0.148      -0.124       0.000       0.124       0.148       0.194

 Variances
    X               -0.038      -0.012       0.001       0.070       0.140       0.153       0.179
    M                0.380       0.545       0.629       1.070       1.511       1.596       1.761
    XM             -15.657     -11.728      -9.718       0.779      11.275      13.285      17.215

 Residual Variances
    X1               0.065       0.092       0.106       0.178       0.249       0.263       0.290
    X2               0.097       0.120       0.132       0.193       0.255       0.266       0.289
    X3               0.068       0.094       0.108       0.178       0.248       0.262       0.288
    M1               2.084       2.191       2.245       2.531       2.817       2.872       2.979
    M2               2.000       2.107       2.162       2.449       2.736       2.791       2.898
    M3               2.159       2.267       2.322       2.610       2.899       2.954       3.062
    M4               1.804       1.920       1.979       2.289       2.598       2.657       2.773
    M5               1.965       2.067       2.120       2.393       2.667       2.719       2.822
    M6               1.394       1.525       1.592       1.941       2.291       2.357       2.488
    M7               0.977       1.161       1.254       1.744       2.234       2.327       2.511
    M8               1.244       1.360       1.419       1.730       2.040       2.100       2.216
    M9               1.178       1.333       1.412       1.825       2.238       2.317       2.472
    M10              0.819       0.955       1.024       1.387       1.750       1.819       1.955
    M11              0.649       0.829       0.921       1.401       1.881       1.973       2.152
    M12              0.460       0.609       0.685       1.083       1.481       1.557       1.706
    Y1               0.337       0.400       0.432       0.600       0.768       0.800       0.863
    Y2               0.108       0.169       0.200       0.364       0.527       0.559       0.620
    Y3               0.132       0.221       0.267       0.507       0.746       0.792       0.882
    X1M10            0.360       0.396       0.415       0.512       0.609       0.628       0.664
    X2M11            0.295       0.367       0.404       0.598       0.791       0.829       0.901
    X3M12          -16.656     -12.725     -10.714      -0.211      10.291      12.302      16.233
    Y                0.125       0.245       0.307       0.628       0.948       1.010       1.130

New/Additional Parameters
    VAR_Y            0.268       0.407       0.478       0.850       1.221       1.292       1.431
    STD_B1          -0.085       0.029       0.087       0.390       0.694       0.752       0.865
    STD_B2          -0.205      -0.099      -0.045       0.238       0.522       0.576       0.682
    STD_B3          -0.638      -0.492      -0.417      -0.026       0.365       0.440       0.586


TECHNICAL 1 OUTPUT


     PARAMETER SPECIFICATION


           NU
              X1            X2            X3            M1            M2
              ________      ________      ________      ________      ________
                  1             2             3             4             5


           NU
              M3            M4            M5            M6            M7
              ________      ________      ________      ________      ________
                  6             7             8             9            10


           NU
              M8            M9            M10           M11           M12
              ________      ________      ________      ________      ________
                 11            12            13            14            15


           NU
              Y1            Y2            Y3            X1M10         X2M11
              ________      ________      ________      ________      ________
                 16            17            18            19            20


           NU
              X3M12
              ________
                 21


           LAMBDA
              X             M             Y             XM
              ________      ________      ________      ________
 X1                22             0             0             0
 X2                23             0             0             0
 X3                 0             0             0             0
 M1                 0            24             0             0
 M2                 0            25             0             0
 M3                 0            26             0             0
 M4                 0            27             0             0
 M5                 0            28             0             0
 M6                 0            29             0             0
 M7                 0            30             0             0
 M8                 0            31             0             0
 M9                 0            32             0             0
 M10                0            33             0             0
 M11                0            34             0             0
 M12                0             0             0             0
 Y1                 0             0            35             0
 Y2                 0             0            36             0
 Y3                 0             0             0             0
 X1M10              0             0             0            37
 X2M11              0             0             0            38
 X3M12              0             0             0             0


           THETA
              X1            X2            X3            M1            M2
              ________      ________      ________      ________      ________
 X1                39
 X2                 0            40
 X3                 0             0            41
 M1                 0             0             0            42
 M2                 0             0             0             0            43
 M3                 0             0             0             0             0
 M4                 0             0             0             0             0
 M5                 0             0             0             0             0
 M6                 0             0             0             0             0
 M7                 0             0             0             0             0
 M8                 0             0             0             0             0
 M9                 0             0             0             0             0
 M10                0             0             0             0             0
 M11                0             0             0             0             0
 M12                0             0             0             0             0
 Y1                 0             0             0             0             0
 Y2                 0             0             0             0             0
 Y3                 0             0             0             0             0
 X1M10              0             0             0             0             0
 X2M11              0             0             0             0             0
 X3M12              0             0             0             0             0


           THETA
              M3            M4            M5            M6            M7
              ________      ________      ________      ________      ________
 M3                44
 M4                 0            45
 M5                 0             0            46
 M6                 0             0             0            47
 M7                 0             0             0             0            48
 M8                 0             0             0             0             0
 M9                 0             0             0             0             0
 M10                0             0             0             0             0
 M11                0             0             0             0             0
 M12                0             0             0             0             0
 Y1                 0             0             0             0             0
 Y2                 0             0             0             0             0
 Y3                 0             0             0             0             0
 X1M10              0             0             0             0             0
 X2M11              0             0             0             0             0
 X3M12              0             0             0             0             0


           THETA
              M8            M9            M10           M11           M12
              ________      ________      ________      ________      ________
 M8                49
 M9                 0            50
 M10                0             0            51
 M11                0             0             0            52
 M12                0             0             0             0            53
 Y1                 0             0             0             0             0
 Y2                 0             0             0             0             0
 Y3                 0             0             0             0             0
 X1M10              0             0             0             0             0
 X2M11              0             0             0             0             0
 X3M12              0             0             0             0             0


           THETA
              Y1            Y2            Y3            X1M10         X2M11
              ________      ________      ________      ________      ________
 Y1                54
 Y2                 0            55
 Y3                 0             0            56
 X1M10              0             0             0            57
 X2M11              0             0             0             0            58
 X3M12              0             0             0             0             0


           THETA
              X3M12
              ________
 X3M12             59


           ALPHA
              X             M             Y             XM
              ________      ________      ________      ________
                  0             0             0             0


           BETA
              X             M             Y             XM
              ________      ________      ________      ________
 X                  0             0             0             0
 M                  0             0             0             0
 Y                 60            61             0            62
 XM                 0             0             0             0


           PSI
              X             M             Y             XM
              ________      ________      ________      ________
 X                 63
 M                 64            65
 Y                  0             0            66
 XM                67            68             0            69


     PARAMETER SPECIFICATION FOR THE ADDITIONAL PARAMETERS


           New/Additional Parameters
              VAR_Y         STD_B1        STD_B2        STD_B3
              ________      ________      ________      ________
                   70            71            72            73


     STARTING VALUES


           NU
              X1            X2            X3            M1            M2
              ________      ________      ________      ________      ________
                0.000         0.000         0.000         0.000         0.000


           NU
              M3            M4            M5            M6            M7
              ________      ________      ________      ________      ________
                0.000         0.000         0.000         0.000         0.000


           NU
              M8            M9            M10           M11           M12
              ________      ________      ________      ________      ________
                0.000         0.000         0.000         0.000         0.000


           NU
              Y1            Y2            Y3            X1M10         X2M11
              ________      ________      ________      ________      ________
                0.580         0.720         1.099         0.000         0.000


           NU
              X3M12
              ________
                0.000


           LAMBDA
              X             M             Y             XM
              ________      ________      ________      ________
 X1             0.688         0.000         0.000         0.000
 X2             0.873         0.000         0.000         0.000
 X3             1.000         0.000         0.000         0.000
 M1             0.000         2.682         0.000         0.000
 M2             0.000         0.690         0.000         0.000
 M3             0.000         0.411         0.000         0.000
 M4             0.000         0.270         0.000         0.000
 M5             0.000        -0.878         0.000         0.000
 M6             0.000         0.054         0.000         0.000
 M7             0.000         0.570         0.000         0.000
 M8             0.000         0.084         0.000         0.000
 M9             0.000         0.464         0.000         0.000
 M10            0.000         1.012         0.000         0.000
 M11            0.000         0.642         0.000         0.000
 M12            0.000         1.000         0.000         0.000
 Y1             0.000         0.000         0.601         0.000
 Y2             0.000         0.000         0.895         0.000
 Y3             0.000         0.000         1.000         0.000
 X1M10          0.000         0.000         0.000         0.363
 X2M11          0.000         0.000         0.000         0.595
 X3M12          0.000         0.000         0.000         1.000


           THETA
              X1            X2            X3            M1            M2
              ________      ________      ________      ________      ________
 X1             0.124
 X2             0.000         0.125
 X3             0.000         0.000         0.124
 M1             0.000         0.000         0.000         1.268
 M2             0.000         0.000         0.000         0.000         1.225
 M3             0.000         0.000         0.000         0.000         0.000
 M4             0.000         0.000         0.000         0.000         0.000
 M5             0.000         0.000         0.000         0.000         0.000
 M6             0.000         0.000         0.000         0.000         0.000
 M7             0.000         0.000         0.000         0.000         0.000
 M8             0.000         0.000         0.000         0.000         0.000
 M9             0.000         0.000         0.000         0.000         0.000
 M10            0.000         0.000         0.000         0.000         0.000
 M11            0.000         0.000         0.000         0.000         0.000
 M12            0.000         0.000         0.000         0.000         0.000
 Y1             0.000         0.000         0.000         0.000         0.000
 Y2             0.000         0.000         0.000         0.000         0.000
 Y3             0.000         0.000         0.000         0.000         0.000
 X1M10          0.000         0.000         0.000         0.000         0.000
 X2M11          0.000         0.000         0.000         0.000         0.000
 X3M12          0.000         0.000         0.000         0.000         0.000


           THETA
              M3            M4            M5            M6            M7
              ________      ________      ________      ________      ________
 M3             1.318
 M4             0.000         1.210
 M5             0.000         0.000         1.244
 M6             0.000         0.000         0.000         1.109
 M7             0.000         0.000         0.000         0.000         1.185
 M8             0.000         0.000         0.000         0.000         0.000
 M9             0.000         0.000         0.000         0.000         0.000
 M10            0.000         0.000         0.000         0.000         0.000
 M11            0.000         0.000         0.000         0.000         0.000
 M12            0.000         0.000         0.000         0.000         0.000
 Y1             0.000         0.000         0.000         0.000         0.000
 Y2             0.000         0.000         0.000         0.000         0.000
 Y3             0.000         0.000         0.000         0.000         0.000
 X1M10          0.000         0.000         0.000         0.000         0.000
 X2M11          0.000         0.000         0.000         0.000         0.000
 X3M12          0.000         0.000         0.000         0.000         0.000


           THETA
              M8            M9            M10           M11           M12
              ________      ________      ________      ________      ________
 M8             0.995
 M9             0.000         1.280
 M10            0.000         0.000         1.149
 M11            0.000         0.000         0.000         1.221
 M12            0.000         0.000         0.000         0.000         1.077
 Y1             0.000         0.000         0.000         0.000         0.000
 Y2             0.000         0.000         0.000         0.000         0.000
 Y3             0.000         0.000         0.000         0.000         0.000
 X1M10          0.000         0.000         0.000         0.000         0.000
 X2M11          0.000         0.000         0.000         0.000         0.000
 X3M12          0.000         0.000         0.000         0.000         0.000


           THETA
              Y1            Y2            Y3            X1M10         X2M11
              ________      ________      ________      ________      ________
 Y1             0.448
 Y2             0.000         0.477
 Y3             0.000         0.000         0.678
 X1M10          0.000         0.000         0.000         0.258
 X2M11          0.000         0.000         0.000         0.000         0.305
 X3M12          0.000         0.000         0.000         0.000         0.000


           THETA
              X3M12
              ________
 X3M12          0.284


           ALPHA
              X             M             Y             XM
              ________      ________      ________      ________
                0.000         0.000         0.000         0.000


           BETA
              X             M             Y             XM
              ________      ________      ________      ________
 X              0.000         0.000         0.000         0.000
 M              0.000         0.000         0.000         0.000
 Y              0.000         0.000         0.000         0.000
 XM             0.000         0.000         0.000         0.000


           PSI
              X             M             Y             XM
              ________      ________      ________      ________
 X              0.050
 M              0.000         0.050
 Y              0.000         0.000         0.050
 XM             0.000         0.000         0.000         0.050


     STARTING VALUES FOR THE ADDITIONAL PARAMETERS


           New/Additional Parameters
              VAR_Y         STD_B1        STD_B2        STD_B3
              ________      ________      ________      ________
                0.500         0.500         0.500         0.500


RESULTS SAVING INFORMATION

  Order of data

    Parameter estimates
     (saved in order shown in Technical 1 output)
    Standard errors
     (saved in order shown in Technical 1 output)
    Number of Free Parameters
    H0 Loglikelihood
    H0 Scaling Correction Factor for MLR
    H1 Loglikelihood
    H1 Scaling Correction Factor for MLR
    Akaike (AIC)
    Bayesian (BIC)
    Sample-Size Adjusted BIC
    Chi-square : Value
    Chi-square : Degrees of Freedom
    Chi-square : P-Value
    Chi-square : Scaling Correction Factor for MLR/MLM/WLSM
    CFI
    TLI
    RMSEA : Estimate
    RMSEA : Low CI
    RMSEA : High CI
    RMSEA : Probability
    SRMR
    Condition Number

  Save file
    matchupi_results_422.dat

  Save file format           Free


     Beginning Time:  17:45:03
        Ending Time:  17:45:04
       Elapsed Time:  00:00:01



MUTHEN & MUTHEN
3463 Stoner Ave.
Los Angeles, CA  90066

Tel: (310) 391-9971
Fax: (310) 391-8971
Web: www.StatModel.com
Support: Support@StatModel.com

Copyright (c) 1998-2022 Muthen & Muthen
