Mplus VERSION 8.8 (Mac)
MUTHEN & MUTHEN
07/27/2025   7:11 PM

INPUT INSTRUCTIONS


    TITLE: Matched-pair Unconstrained Product Indicator

    DATA:
      FILE = matchupi_simdat_315.dat;
      FORMAT IS FREE;

    VARIABLE:
      NAMES = x1 x2 x3
      	    m1 m2 m3 m4 m5 m6
      	    m7 m8 m9 m10 m11 m12
      	    y1 y2 y3
      	    x1m10 x2m11 x3m12;
      USEVARIABLES = x1-x3m12;

    ANALYSIS:
      TYPE = general;
      ESTIMATOR = MLR;
    MODEL:
      !measurement model
      X BY x3 x2 x1;
      X (var_X);
      M BY m12 m11 m10 m9 m8 m7 m6 m5 m4 m3 m2 m1;
      M (var_M);
      Y BY y3 y2 y1;
      Y (resvar_Y);
      XM BY x3m12 x2m11 x1m10;
      XM (var_XM);

      !covariances between predictors
      X WITH M (cov_XM);
      X WITH XM (cov_XXM);
      M WITH XM (cov_MXM);

      !structural model
      Y ON X (b1);
      Y ON M (b2);
      Y ON XM (b3);

    MODEL CONSTRAINT:

      NEW(var_Y std_b1 std_b2 std_b3);
      var_Y = resvar_Y +
       (b1^2 * var_X +
        b2^2 * var_M +
        b3^2 * var_XM +
        2 * b1 * b2 * cov_XM +
        2 * b1 * b3 * cov_XXM +
        2 * b2 * b3 * cov_MXM);

        std_b1 = b1 * sqrt(var_X) / sqrt(var_Y);
        std_b2 = b2 * sqrt(var_M) / sqrt(var_Y);
        std_b3 = b3 * sqrt(var_X) * sqrt(var_M) / sqrt(var_Y);

    OUTPUT:
      sampstat tech1 CINTERVAL;

    SAVEDATA:
      RESULTS = matchupi_results_315.dat;




INPUT READING TERMINATED NORMALLY



Matched-pair Unconstrained Product Indicator

SUMMARY OF ANALYSIS

Number of groups                                                 1
Number of observations                                         100

Number of dependent variables                                   21
Number of independent variables                                  0
Number of continuous latent variables                            4

Observed dependent variables

  Continuous
   X1          X2          X3          M1          M2          M3
   M4          M5          M6          M7          M8          M9
   M10         M11         M12         Y1          Y2          Y3
   X1M10       X2M11       X3M12

Continuous latent variables
   X           M           Y           XM


Estimator                                                      MLR
Information matrix                                        OBSERVED
Maximum number of iterations                                  1000
Convergence criterion                                    0.500D-04
Maximum number of steepest descent iterations                   20

Input data file(s)
  matchupi_simdat_315.dat

Input data format  FREE


SAMPLE STATISTICS


     SAMPLE STATISTICS


           Means
              X1            X2            X3            M1            M2
              ________      ________      ________      ________      ________
                0.000         0.000         0.000         0.000         0.000


           Means
              M3            M4            M5            M6            M7
              ________      ________      ________      ________      ________
                0.000         0.000         0.000         0.000         0.000


           Means
              M8            M9            M10           M11           M12
              ________      ________      ________      ________      ________
                0.000         0.000         0.000         0.000         0.000


           Means
              Y1            Y2            Y3            X1M10         X2M11
              ________      ________      ________      ________      ________
                0.631         0.763         1.199         0.000         0.000


           Means
              X3M12
              ________
                0.000


           Covariances
              X1            X2            X3            M1            M2
              ________      ________      ________      ________      ________
 X1             0.245
 X2             0.071         0.250
 X3             0.071         0.070         0.250
 M1             0.050         0.000        -0.040         2.860
 M2             0.063         0.180         0.080        -0.390         2.718
 M3             0.113         0.161         0.121        -0.130         0.514
 M4             0.033         0.035         0.025        -0.150         0.371
 M5             0.020         0.124         0.074         0.410         0.727
 M6            -0.076        -0.096        -0.046         0.030         0.285
 M7             0.037         0.042         0.032        -0.190         0.207
 M8             0.167         0.055         0.145         0.340         0.359
 M9             0.188         0.054         0.075         0.360         0.348
 M10            0.148         0.088         0.038         0.540         0.150
 M11            0.082         0.141         0.001         0.320         0.175
 M12            0.073        -0.045         0.035         0.090         0.551
 Y1            -0.003         0.025         0.074         0.319        -0.091
 Y2             0.045         0.006         0.014         0.086        -0.015
 Y3             0.096         0.039         0.087        -0.022        -0.352
 X1M10          0.004        -0.005         0.001        -0.023        -0.080
 X2M11         -0.012         0.003         0.003         0.113         0.101
 X3M12         -0.021         0.000        -0.001        -0.120         0.240


           Covariances
              M3            M4            M5            M6            M7
              ________      ________      ________      ________      ________
 M3             2.370
 M4             0.197         2.249
 M5             0.587         0.432         2.885
 M6            -0.057         0.494         0.121         2.573
 M7             0.412        -0.015        -0.077        -0.027         2.768
 M8             0.573         0.641         0.398         0.216         0.255
 M9             0.935         0.331         0.546         0.674         0.599
 M10            0.475         0.622         0.597         0.562         0.365
 M11            0.408         0.586         0.548         0.536         0.718
 M12            0.317         0.499         0.622         0.464         0.225
 Y1            -0.280         0.073        -0.049         0.238        -0.113
 Y2            -0.243        -0.051        -0.108        -0.129        -0.040
 Y3            -0.146         0.158        -0.052         0.172         0.085
 X1M10         -0.064         0.053        -0.094         0.211        -0.250
 X2M11         -0.129        -0.018        -0.010        -0.175         0.107
 X3M12         -0.048         0.168        -0.055         0.086        -0.030


           Covariances
              M8            M9            M10           M11           M12
              ________      ________      ________      ________      ________
 M8             2.569
 M9             0.608         2.687
 M10            0.857         1.043         2.407
 M11            0.764         1.026         1.170         2.206
 M12            1.221         0.531         0.822         0.936         2.089
 Y1             0.158         0.152         0.237         0.138         0.164
 Y2             0.294        -0.031         0.140         0.235         0.288
 Y3             0.293         0.135         0.439         0.357         0.434
 X1M10         -0.121        -0.140        -0.117        -0.075        -0.036
 X2M11         -0.005        -0.059        -0.134         0.018         0.011
 X3M12         -0.002         0.033        -0.012        -0.002         0.034


           Covariances
              Y1            Y2            Y3            X1M10         X2M11
              ________      ________      ________      ________      ________
 Y1             0.573
 Y2             0.269         0.828
 Y3             0.399         0.470         1.173
 X1M10          0.074         0.043         0.037         0.520
 X2M11          0.015        -0.021        -0.129         0.090         0.532
 X3M12          0.036         0.090        -0.059         0.105         0.177


           Covariances
              X3M12
              ________
 X3M12          0.570


           Correlations
              X1            X2            X3            M1            M2
              ________      ________      ________      ________      ________
 X1             1.000
 X2             0.286         1.000
 X3             0.286         0.280         1.000
 M1             0.060         0.000        -0.047         1.000
 M2             0.077         0.218         0.097        -0.140         1.000
 M3             0.148         0.209         0.157        -0.050         0.203
 M4             0.044         0.047         0.034        -0.059         0.150
 M5             0.024         0.146         0.088         0.143         0.260
 M6            -0.096        -0.120        -0.058         0.011         0.108
 M7             0.045         0.050         0.038        -0.068         0.076
 M8             0.211         0.068         0.181         0.125         0.136
 M9             0.232         0.067         0.091         0.130         0.129
 M10            0.192         0.113         0.048         0.206         0.059
 M11            0.111         0.190         0.002         0.127         0.071
 M12            0.102        -0.062         0.049         0.037         0.231
 Y1            -0.009         0.067         0.194         0.249        -0.073
 Y2             0.100         0.013         0.030         0.056        -0.010
 Y3             0.179         0.072         0.161        -0.012        -0.197
 X1M10          0.010        -0.013         0.002        -0.019        -0.068
 X2M11         -0.035         0.008         0.008         0.092         0.084
 X3M12         -0.055         0.001        -0.003        -0.094         0.193


           Correlations
              M3            M4            M5            M6            M7
              ________      ________      ________      ________      ________
 M3             1.000
 M4             0.085         1.000
 M5             0.224         0.170         1.000
 M6            -0.023         0.205         0.044         1.000
 M7             0.161        -0.006        -0.027        -0.010         1.000
 M8             0.232         0.267         0.146         0.084         0.096
 M9             0.370         0.135         0.196         0.256         0.220
 M10            0.199         0.268         0.227         0.226         0.141
 M11            0.178         0.263         0.217         0.225         0.291
 M12            0.142         0.230         0.253         0.200         0.093
 Y1            -0.241         0.064        -0.038         0.196        -0.090
 Y2            -0.174        -0.038        -0.070        -0.088        -0.026
 Y3            -0.087         0.097        -0.028         0.099         0.047
 X1M10         -0.058         0.049        -0.076         0.182        -0.208
 X2M11         -0.115        -0.016        -0.008        -0.150         0.088
 X3M12         -0.041         0.149        -0.043         0.071        -0.024


           Correlations
              M8            M9            M10           M11           M12
              ________      ________      ________      ________      ________
 M8             1.000
 M9             0.232         1.000
 M10            0.345         0.410         1.000
 M11            0.321         0.421         0.508         1.000
 M12            0.527         0.224         0.367         0.436         1.000
 Y1             0.130         0.123         0.202         0.123         0.150
 Y2             0.201        -0.020         0.099         0.174         0.219
 Y3             0.169         0.076         0.261         0.222         0.277
 X1M10         -0.105        -0.119        -0.104        -0.070        -0.035
 X2M11         -0.004        -0.050        -0.118         0.017         0.010
 X3M12         -0.002         0.027        -0.010        -0.002         0.031


           Correlations
              Y1            Y2            Y3            X1M10         X2M11
              ________      ________      ________      ________      ________
 Y1             1.000
 Y2             0.390         1.000
 Y3             0.487         0.477         1.000
 X1M10          0.136         0.066         0.047         1.000
 X2M11          0.027        -0.032        -0.163         0.170         1.000
 X3M12          0.063         0.131        -0.073         0.192         0.322


           Correlations
              X3M12
              ________
 X3M12          1.000


UNIVARIATE SAMPLE STATISTICS


     UNIVARIATE HIGHER-ORDER MOMENT DESCRIPTIVE STATISTICS

         Variable/         Mean/     Skewness/   Minimum/ % with                Percentiles
        Sample Size      Variance    Kurtosis    Maximum  Min/Max      20%/60%    40%/80%    Median

     X1                    0.000      -0.283      -0.570   43.00%      -0.570     -0.570      0.430
             100.000       0.245      -1.920       0.430   57.00%       0.430      0.430
     X2                    0.000       0.040      -0.490   51.00%      -0.490     -0.490     -0.490
             100.000       0.250      -1.998       0.510   49.00%       0.510      0.510
     X3                    0.000       0.040      -0.490   51.00%      -0.490     -0.490     -0.490
             100.000       0.250      -1.998       0.510   49.00%       0.510      0.510
     M1                    0.000       0.012      -2.000   32.00%      -2.000     -1.000      0.000
             100.000       2.860      -1.697       2.000   33.00%       1.000      2.000
     M2                    0.000       0.050      -1.960   31.00%      -1.960     -0.960      0.040
             100.000       2.718      -1.640       2.040   30.00%       1.040      2.040
     M3                    0.000      -0.086      -2.100   24.00%      -2.100     -0.100     -0.100
             100.000       2.370      -1.447       1.900   29.00%       0.900      1.900
     M4                    0.000      -0.051      -2.030   24.00%      -2.030     -0.030     -0.030
             100.000       2.249      -1.415       1.970   24.00%       0.970      1.970
     M5                    0.000       0.036      -1.930   36.00%      -1.930     -0.930      0.070
             100.000       2.885      -1.706       2.070   30.00%       1.070      2.070
     M6                    0.000       0.154      -1.870   31.00%      -1.870     -0.870      0.130
             100.000       2.573      -1.547       2.130   27.00%       0.130      2.130
     M7                    0.000      -0.274      -2.180   31.00%      -2.180     -0.180      0.820
             100.000       2.768      -1.599       1.820   32.00%       0.820      1.820
     M8                    0.000       0.005      -1.970   30.00%      -1.970     -0.970      0.030
             100.000       2.569      -1.576       2.030   27.00%       1.030      2.030
     M9                    0.000       0.012      -1.950   33.00%      -1.950     -0.950      0.050
             100.000       2.687      -1.618       2.050   28.00%       1.050      2.050
     M10                   0.000      -0.228      -2.250   21.00%      -2.250     -0.250     -0.250
             100.000       2.408      -1.465       1.750   33.00%       0.750      1.750
     M11                   0.000      -0.170      -2.120   23.00%      -2.120     -0.120     -0.120
             100.000       2.206      -1.344       1.880   25.00%       0.880      1.880
     M12                   0.000      -0.013      -2.030   20.00%      -2.030     -1.030     -0.030
             100.000       2.089      -1.368       1.970   22.00%       0.970      1.970
     Y1                    0.631      -0.178      -1.882    1.00%       0.011      0.463      0.633
             100.000       0.573       0.741       2.788    1.00%       0.786      1.263
     Y2                    0.763       0.572      -0.874    1.00%      -0.097      0.455      0.614
             100.000       0.828      -0.207       3.231    1.00%       0.767      1.603
     Y3                    1.199       0.346      -0.781    1.00%       0.246      0.897      1.151
             100.000       1.173      -0.462       3.894    1.00%       1.368      2.056
     X1M10                 0.000      -0.081      -1.071    9.00%      -1.001     -0.051     -0.021
             100.000       0.520      -1.356       0.969   11.00%       0.459      0.959
     X2M11                 0.000      -0.202      -1.222    8.00%      -0.712     -0.202     -0.082
             100.000       0.532      -1.289       0.898   15.00%       0.308      0.818
     X3M12                 0.000      -0.145      -1.145    9.00%      -0.685     -0.255      0.085
             100.000       0.570      -1.276       1.135   12.00%       0.565      0.605


     THIS ANALYSIS MAY HAVE MULTIPLE SOLUTIONS.  EXPLORE THIS USING RANDOM STARTS,
     FOR EXAMPLE, STARTS = 20.  USE A LARGE ENOUGH NUMBER OF STARTS SO THAT THE
     BEST FIT FUNCTION VALUE IS REPLICATED SEVERAL TIMES.


THE MODEL ESTIMATION TERMINATED NORMALLY

     THE STANDARD ERRORS OF THE MODEL PARAMETER ESTIMATES MAY NOT BE
     TRUSTWORTHY FOR SOME PARAMETERS DUE TO A NON-POSITIVE DEFINITE
     FIRST-ORDER DERIVATIVE PRODUCT MATRIX.  THIS MAY BE DUE TO THE STARTING
     VALUES BUT MAY ALSO BE AN INDICATION OF MODEL NONIDENTIFICATION.  THE
     CONDITION NUMBER IS      -0.394D-13.  PROBLEM INVOLVING THE FOLLOWING PARAMETER:
     Parameter 67, XM WITH X (equality/label)

     THIS IS MOST LIKELY DUE TO VARIABLE X1 BEING DICHOTOMOUS BUT
     DECLARED AS CONTINUOUS.




MODEL FIT INFORMATION

Number of Free Parameters                       69

Loglikelihood

          H0 Value                       -3072.887
          H0 Scaling Correction Factor      0.8707
            for MLR
          H1 Value                       -2964.060
          H1 Scaling Correction Factor      0.9593
            for MLR

Information Criteria

          Akaike (AIC)                    6283.774
          Bayesian (BIC)                  6463.531
          Sample-Size Adjusted BIC        6245.612
            (n* = (n + 2) / 24)

Chi-Square Test of Model Fit

          Value                            219.245*
          Degrees of Freedom                   183
          P-Value                           0.0346
          Scaling Correction Factor         0.9927
            for MLR

*   The chi-square value for MLM, MLMV, MLR, ULSMV, WLSM and WLSMV cannot be used
    for chi-square difference testing in the regular way.  MLM, MLR and WLSM
    chi-square difference testing is described on the Mplus website.  MLMV, WLSMV,
    and ULSMV difference testing is done using the DIFFTEST option.

RMSEA (Root Mean Square Error Of Approximation)

          Estimate                           0.045
          90 Percent C.I.                    0.013  0.065
          Probability RMSEA <= .05           0.647

CFI/TLI

          CFI                                0.861
          TLI                                0.840

Chi-Square Test of Model Fit for the Baseline Model

          Value                            470.006
          Degrees of Freedom                   210
          P-Value                           0.0000

SRMR (Standardized Root Mean Square Residual)

          Value                              0.079



MODEL RESULTS

                                                    Two-Tailed
                    Estimate       S.E.  Est./S.E.    P-Value

 X        BY
    X3                 1.000      0.000    999.000    999.000
    X2                 0.976      0.362      2.695      0.007
    X1                 1.130      0.518      2.182      0.029

 M        BY
    M12                1.000      0.000    999.000    999.000
    M11                1.174      0.232      5.054      0.000
    M10                1.187      0.251      4.730      0.000
    M9                 1.022      0.271      3.766      0.000
    M8                 1.008      0.167      6.051      0.000
    M7                 0.457      0.224      2.039      0.041
    M6                 0.532      0.229      2.322      0.020
    M5                 0.658      0.205      3.202      0.001
    M4                 0.626      0.173      3.613      0.000
    M3                 0.575      0.216      2.665      0.008
    M2                 0.400      0.199      2.005      0.045
    M1                 0.310      0.234      1.326      0.185

 Y        BY
    Y3                 1.000      0.000    999.000    999.000
    Y2                 0.605      0.235      2.572      0.010
    Y1                 0.519      0.212      2.453      0.014

 XM       BY
    X3M12              1.000      0.000    999.000    999.000
    X2M11              0.968      1.025      0.944      0.345
    X1M10              0.532      0.321      1.660      0.097

 Y        ON
    X                  0.678      0.603      1.124      0.261
    M                  0.253      0.134      1.880      0.060
    XM                -0.095      0.640     -0.149      0.882

 X        WITH
    M                  0.074      0.038      1.944      0.052
    XM                -0.005      0.025     -0.195      0.845

 M        WITH
    XM                -0.022      0.078     -0.284      0.777

 Intercepts
    X1                 0.000      0.050      0.000      1.000
    X2                 0.000      0.050      0.000      1.000
    X3                 0.000      0.050      0.000      1.000
    M1                 0.000      0.169      0.000      1.000
    M2                 0.000      0.165      0.000      1.000
    M3                 0.000      0.154      0.000      1.000
    M4                 0.000      0.150      0.000      1.000
    M5                 0.000      0.170      0.000      1.000
    M6                 0.000      0.160      0.000      1.000
    M7                 0.000      0.166      0.000      1.000
    M8                 0.000      0.160      0.000      1.000
    M9                 0.000      0.164      0.000      1.000
    M10                0.000      0.155      0.000      1.000
    M11                0.000      0.149      0.000      1.000
    M12                0.000      0.145      0.000      1.000
    Y1                 0.631      0.076      8.341      0.000
    Y2                 0.763      0.091      8.380      0.000
    Y3                 1.199      0.108     11.073      0.000
    X1M10              0.000      0.072      0.000      1.000
    X2M11              0.000      0.073      0.000      1.000
    X3M12              0.000      0.075      0.000      1.000

 Variances
    X                  0.065      0.037      1.760      0.078
    M                  0.791      0.251      3.150      0.002
    XM                 0.184      0.194      0.946      0.344

 Residual Variances
    X1                 0.162      0.043      3.731      0.000
    X2                 0.188      0.034      5.564      0.000
    X3                 0.185      0.037      4.972      0.000
    M1                 2.784      0.184     15.097      0.000
    M2                 2.592      0.188     13.825      0.000
    M3                 2.108      0.204     10.330      0.000
    M4                 1.939      0.188     10.329      0.000
    M5                 2.543      0.215     11.805      0.000
    M6                 2.349      0.230     10.208      0.000
    M7                 2.603      0.209     12.461      0.000
    M8                 1.765      0.285      6.189      0.000
    M9                 1.861      0.265      7.018      0.000
    M10                1.293      0.216      5.977      0.000
    M11                1.115      0.200      5.570      0.000
    M12                1.299      0.234      5.546      0.000
    Y1                 0.362      0.096      3.763      0.000
    Y2                 0.542      0.110      4.927      0.000
    Y3                 0.390      0.265      1.475      0.140
    X1M10              0.468      0.061      7.626      0.000
    X2M11              0.359      0.201      1.788      0.074
    X3M12              0.386      0.193      2.001      0.045
    Y                  0.674      0.242      2.783      0.005

New/Additional Parameters
    VAR_Y              0.783      0.308      2.539      0.011
    STD_B1             0.196      0.164      1.193      0.233
    STD_B2             0.254      0.134      1.901      0.057
    STD_B3            -0.025      0.162     -0.151      0.880


QUALITY OF NUMERICAL RESULTS

     Condition Number for the Information Matrix              0.238E-03
       (ratio of smallest to largest eigenvalue)


CONFIDENCE INTERVALS OF MODEL RESULTS

                  Lower .5%  Lower 2.5%    Lower 5%    Estimate    Upper 5%  Upper 2.5%   Upper .5%

 X        BY
    X3               1.000       1.000       1.000       1.000       1.000       1.000       1.000
    X2               0.043       0.266       0.380       0.976       1.571       1.685       1.908
    X1              -0.204       0.115       0.278       1.130       1.982       2.145       2.464

 M        BY
    M12              1.000       1.000       1.000       1.000       1.000       1.000       1.000
    M11              0.576       0.719       0.792       1.174       1.557       1.630       1.773
    M10              0.541       0.695       0.774       1.187       1.600       1.679       1.834
    M9               0.323       0.490       0.576       1.022       1.469       1.554       1.722
    M8               0.579       0.682       0.734       1.008       1.283       1.335       1.438
    M7              -0.120       0.018       0.088       0.457       0.825       0.896       1.034
    M6              -0.058       0.083       0.155       0.532       0.909       0.981       1.122
    M5               0.129       0.255       0.320       0.658       0.995       1.060       1.186
    M4               0.180       0.287       0.341       0.626       0.912       0.966       1.073
    M3               0.019       0.152       0.220       0.575       0.930       0.998       1.131
    M2              -0.114       0.009       0.072       0.400       0.727       0.790       0.913
    M1              -0.292      -0.148      -0.075       0.310       0.695       0.768       0.912

 Y        BY
    Y3               1.000       1.000       1.000       1.000       1.000       1.000       1.000
    Y2              -0.001       0.144       0.218       0.605       0.991       1.065       1.210
    Y1              -0.026       0.104       0.171       0.519       0.867       0.934       1.064

 XM       BY
    X3M12            1.000       1.000       1.000       1.000       1.000       1.000       1.000
    X2M11           -1.673      -1.042      -0.719       0.968       2.655       2.978       3.609
    X1M10           -0.294      -0.096       0.005       0.532       1.059       1.160       1.358

 Y        ON
    X               -0.875      -0.504      -0.314       0.678       1.669       1.859       2.230
    M               -0.093      -0.011       0.032       0.253       0.474       0.516       0.599
    XM              -1.745      -1.351      -1.149      -0.095       0.958       1.160       1.554

 X        WITH
    M               -0.024      -0.001       0.011       0.074       0.137       0.149       0.172
    XM              -0.071      -0.055      -0.047      -0.005       0.037       0.045       0.061

 M        WITH
    XM              -0.224      -0.176      -0.151      -0.022       0.106       0.131       0.179

 Intercepts
    X1              -0.128      -0.097      -0.081       0.000       0.081       0.097       0.128
    X2              -0.129      -0.098      -0.082       0.000       0.082       0.098       0.129
    X3              -0.129      -0.098      -0.082       0.000       0.082       0.098       0.129
    M1              -0.436      -0.331      -0.278       0.000       0.278       0.331       0.436
    M2              -0.425      -0.323      -0.271       0.000       0.271       0.323       0.425
    M3              -0.397      -0.302      -0.253       0.000       0.253       0.302       0.397
    M4              -0.386      -0.294      -0.247       0.000       0.247       0.294       0.386
    M5              -0.438      -0.333      -0.279       0.000       0.279       0.333       0.438
    M6              -0.413      -0.314      -0.264       0.000       0.264       0.314       0.413
    M7              -0.429      -0.326      -0.274       0.000       0.274       0.326       0.429
    M8              -0.413      -0.314      -0.264       0.000       0.264       0.314       0.413
    M9              -0.422      -0.321      -0.270       0.000       0.270       0.321       0.422
    M10             -0.400      -0.304      -0.255       0.000       0.255       0.304       0.400
    M11             -0.383      -0.291      -0.244       0.000       0.244       0.291       0.383
    M12             -0.372      -0.283      -0.238       0.000       0.238       0.283       0.372
    Y1               0.436       0.483       0.507       0.631       0.756       0.779       0.826
    Y2               0.528       0.584       0.613       0.763       0.912       0.941       0.997
    Y3               0.920       0.987       1.021       1.199       1.378       1.412       1.478
    X1M10           -0.186      -0.141      -0.119       0.000       0.119       0.141       0.186
    X2M11           -0.188      -0.143      -0.120       0.000       0.120       0.143       0.188
    X3M12           -0.194      -0.148      -0.124       0.000       0.124       0.148       0.194

 Variances
    X               -0.030      -0.007       0.004       0.065       0.127       0.138       0.161
    M                0.144       0.299       0.378       0.791       1.204       1.283       1.437
    XM              -0.317      -0.197      -0.136       0.184       0.504       0.565       0.685

 Residual Variances
    X1               0.050       0.077       0.090       0.162       0.233       0.246       0.273
    X2               0.101       0.122       0.132       0.188       0.243       0.254       0.275
    X3               0.089       0.112       0.123       0.185       0.246       0.257       0.280
    M1               2.309       2.423       2.481       2.784       3.087       3.145       3.259
    M2               2.109       2.225       2.284       2.592       2.901       2.960       3.075
    M3               1.583       1.708       1.773       2.108       2.444       2.508       2.634
    M4               1.455       1.571       1.630       1.939       2.248       2.307       2.422
    M5               1.988       2.121       2.189       2.543       2.898       2.966       3.098
    M6               1.757       1.898       1.971       2.349       2.728       2.800       2.942
    M7               2.065       2.193       2.259       2.603       2.946       3.012       3.141
    M8               1.030       1.206       1.296       1.765       2.234       2.324       2.500
    M9               1.178       1.341       1.425       1.861       2.297       2.381       2.544
    M10              0.736       0.869       0.937       1.293       1.649       1.717       1.850
    M11              0.600       0.723       0.786       1.115       1.445       1.508       1.631
    M12              0.695       0.840       0.913       1.299       1.684       1.757       1.902
    Y1               0.114       0.173       0.204       0.362       0.520       0.550       0.609
    Y2               0.259       0.326       0.361       0.542       0.723       0.758       0.825
    Y3              -0.291      -0.128      -0.045       0.390       0.825       0.909       1.071
    X1M10            0.310       0.348       0.367       0.468       0.569       0.588       0.626
    X2M11           -0.158      -0.035       0.029       0.359       0.690       0.753       0.877
    X3M12           -0.111       0.008       0.069       0.386       0.703       0.764       0.883
    Y                0.050       0.199       0.276       0.674       1.072       1.149       1.298

New/Additional Parameters
    VAR_Y           -0.011       0.179       0.276       0.783       1.291       1.388       1.578
    STD_B1          -0.227      -0.126      -0.074       0.196       0.466       0.518       0.619
    STD_B2          -0.090      -0.008       0.034       0.254       0.473       0.515       0.598
    STD_B3          -0.442      -0.342      -0.291      -0.025       0.242       0.293       0.393


TECHNICAL 1 OUTPUT


     PARAMETER SPECIFICATION


           NU
              X1            X2            X3            M1            M2
              ________      ________      ________      ________      ________
                  1             2             3             4             5


           NU
              M3            M4            M5            M6            M7
              ________      ________      ________      ________      ________
                  6             7             8             9            10


           NU
              M8            M9            M10           M11           M12
              ________      ________      ________      ________      ________
                 11            12            13            14            15


           NU
              Y1            Y2            Y3            X1M10         X2M11
              ________      ________      ________      ________      ________
                 16            17            18            19            20


           NU
              X3M12
              ________
                 21


           LAMBDA
              X             M             Y             XM
              ________      ________      ________      ________
 X1                22             0             0             0
 X2                23             0             0             0
 X3                 0             0             0             0
 M1                 0            24             0             0
 M2                 0            25             0             0
 M3                 0            26             0             0
 M4                 0            27             0             0
 M5                 0            28             0             0
 M6                 0            29             0             0
 M7                 0            30             0             0
 M8                 0            31             0             0
 M9                 0            32             0             0
 M10                0            33             0             0
 M11                0            34             0             0
 M12                0             0             0             0
 Y1                 0             0            35             0
 Y2                 0             0            36             0
 Y3                 0             0             0             0
 X1M10              0             0             0            37
 X2M11              0             0             0            38
 X3M12              0             0             0             0


           THETA
              X1            X2            X3            M1            M2
              ________      ________      ________      ________      ________
 X1                39
 X2                 0            40
 X3                 0             0            41
 M1                 0             0             0            42
 M2                 0             0             0             0            43
 M3                 0             0             0             0             0
 M4                 0             0             0             0             0
 M5                 0             0             0             0             0
 M6                 0             0             0             0             0
 M7                 0             0             0             0             0
 M8                 0             0             0             0             0
 M9                 0             0             0             0             0
 M10                0             0             0             0             0
 M11                0             0             0             0             0
 M12                0             0             0             0             0
 Y1                 0             0             0             0             0
 Y2                 0             0             0             0             0
 Y3                 0             0             0             0             0
 X1M10              0             0             0             0             0
 X2M11              0             0             0             0             0
 X3M12              0             0             0             0             0


           THETA
              M3            M4            M5            M6            M7
              ________      ________      ________      ________      ________
 M3                44
 M4                 0            45
 M5                 0             0            46
 M6                 0             0             0            47
 M7                 0             0             0             0            48
 M8                 0             0             0             0             0
 M9                 0             0             0             0             0
 M10                0             0             0             0             0
 M11                0             0             0             0             0
 M12                0             0             0             0             0
 Y1                 0             0             0             0             0
 Y2                 0             0             0             0             0
 Y3                 0             0             0             0             0
 X1M10              0             0             0             0             0
 X2M11              0             0             0             0             0
 X3M12              0             0             0             0             0


           THETA
              M8            M9            M10           M11           M12
              ________      ________      ________      ________      ________
 M8                49
 M9                 0            50
 M10                0             0            51
 M11                0             0             0            52
 M12                0             0             0             0            53
 Y1                 0             0             0             0             0
 Y2                 0             0             0             0             0
 Y3                 0             0             0             0             0
 X1M10              0             0             0             0             0
 X2M11              0             0             0             0             0
 X3M12              0             0             0             0             0


           THETA
              Y1            Y2            Y3            X1M10         X2M11
              ________      ________      ________      ________      ________
 Y1                54
 Y2                 0            55
 Y3                 0             0            56
 X1M10              0             0             0            57
 X2M11              0             0             0             0            58
 X3M12              0             0             0             0             0


           THETA
              X3M12
              ________
 X3M12             59


           ALPHA
              X             M             Y             XM
              ________      ________      ________      ________
                  0             0             0             0


           BETA
              X             M             Y             XM
              ________      ________      ________      ________
 X                  0             0             0             0
 M                  0             0             0             0
 Y                 60            61             0            62
 XM                 0             0             0             0


           PSI
              X             M             Y             XM
              ________      ________      ________      ________
 X                 63
 M                 64            65
 Y                  0             0            66
 XM                67            68             0            69


     PARAMETER SPECIFICATION FOR THE ADDITIONAL PARAMETERS


           New/Additional Parameters
              VAR_Y         STD_B1        STD_B2        STD_B3
              ________      ________      ________      ________
                   70            71            72            73


     STARTING VALUES


           NU
              X1            X2            X3            M1            M2
              ________      ________      ________      ________      ________
                0.000         0.000         0.000         0.000         0.000


           NU
              M3            M4            M5            M6            M7
              ________      ________      ________      ________      ________
                0.000         0.000         0.000         0.000         0.000


           NU
              M8            M9            M10           M11           M12
              ________      ________      ________      ________      ________
                0.000         0.000         0.000         0.000         0.000


           NU
              Y1            Y2            Y3            X1M10         X2M11
              ________      ________      ________      ________      ________
                0.631         0.763         1.199         0.000         0.000


           NU
              X3M12
              ________
                0.000


           LAMBDA
              X             M             Y             XM
              ________      ________      ________      ________
 X1             1.011         0.000         0.000         0.000
 X2             1.000         0.000         0.000         0.000
 X3             1.000         0.000         0.000         0.000
 M1             0.000         1.657         0.000         0.000
 M2             0.000        -0.164         0.000         0.000
 M3             0.000         0.668         0.000         0.000
 M4             0.000         0.733         0.000         0.000
 M5             0.000         0.113         0.000         0.000
 M6             0.000         0.401         0.000         0.000
 M7             0.000         0.265         0.000         0.000
 M8             0.000         0.342         0.000         0.000
 M9             0.000         0.739         0.000         0.000
 M10            0.000         1.224         0.000         0.000
 M11            0.000         0.982         0.000         0.000
 M12            0.000         1.000         0.000         0.000
 Y1             0.000         0.000         0.572         0.000
 Y2             0.000         0.000         0.672         0.000
 Y3             0.000         0.000         1.000         0.000
 X1M10          0.000         0.000         0.000         0.504
 X2M11          0.000         0.000         0.000         0.857
 X3M12          0.000         0.000         0.000         1.000


           THETA
              X1            X2            X3            M1            M2
              ________      ________      ________      ________      ________
 X1             0.123
 X2             0.000         0.125
 X3             0.000         0.000         0.125
 M1             0.000         0.000         0.000         1.430
 M2             0.000         0.000         0.000         0.000         1.359
 M3             0.000         0.000         0.000         0.000         0.000
 M4             0.000         0.000         0.000         0.000         0.000
 M5             0.000         0.000         0.000         0.000         0.000
 M6             0.000         0.000         0.000         0.000         0.000
 M7             0.000         0.000         0.000         0.000         0.000
 M8             0.000         0.000         0.000         0.000         0.000
 M9             0.000         0.000         0.000         0.000         0.000
 M10            0.000         0.000         0.000         0.000         0.000
 M11            0.000         0.000         0.000         0.000         0.000
 M12            0.000         0.000         0.000         0.000         0.000
 Y1             0.000         0.000         0.000         0.000         0.000
 Y2             0.000         0.000         0.000         0.000         0.000
 Y3             0.000         0.000         0.000         0.000         0.000
 X1M10          0.000         0.000         0.000         0.000         0.000
 X2M11          0.000         0.000         0.000         0.000         0.000
 X3M12          0.000         0.000         0.000         0.000         0.000


           THETA
              M3            M4            M5            M6            M7
              ________      ________      ________      ________      ________
 M3             1.185
 M4             0.000         1.125
 M5             0.000         0.000         1.443
 M6             0.000         0.000         0.000         1.287
 M7             0.000         0.000         0.000         0.000         1.384
 M8             0.000         0.000         0.000         0.000         0.000
 M9             0.000         0.000         0.000         0.000         0.000
 M10            0.000         0.000         0.000         0.000         0.000
 M11            0.000         0.000         0.000         0.000         0.000
 M12            0.000         0.000         0.000         0.000         0.000
 Y1             0.000         0.000         0.000         0.000         0.000
 Y2             0.000         0.000         0.000         0.000         0.000
 Y3             0.000         0.000         0.000         0.000         0.000
 X1M10          0.000         0.000         0.000         0.000         0.000
 X2M11          0.000         0.000         0.000         0.000         0.000
 X3M12          0.000         0.000         0.000         0.000         0.000


           THETA
              M8            M9            M10           M11           M12
              ________      ________      ________      ________      ________
 M8             1.285
 M9             0.000         1.344
 M10            0.000         0.000         1.204
 M11            0.000         0.000         0.000         1.103
 M12            0.000         0.000         0.000         0.000         1.045
 Y1             0.000         0.000         0.000         0.000         0.000
 Y2             0.000         0.000         0.000         0.000         0.000
 Y3             0.000         0.000         0.000         0.000         0.000
 X1M10          0.000         0.000         0.000         0.000         0.000
 X2M11          0.000         0.000         0.000         0.000         0.000
 X3M12          0.000         0.000         0.000         0.000         0.000


           THETA
              Y1            Y2            Y3            X1M10         X2M11
              ________      ________      ________      ________      ________
 Y1             0.286
 Y2             0.000         0.414
 Y3             0.000         0.000         0.587
 X1M10          0.000         0.000         0.000         0.260
 X2M11          0.000         0.000         0.000         0.000         0.266
 X3M12          0.000         0.000         0.000         0.000         0.000


           THETA
              X3M12
              ________
 X3M12          0.285


           ALPHA
              X             M             Y             XM
              ________      ________      ________      ________
                0.000         0.000         0.000         0.000


           BETA
              X             M             Y             XM
              ________      ________      ________      ________
 X              0.000         0.000         0.000         0.000
 M              0.000         0.000         0.000         0.000
 Y              0.000         0.000         0.000         0.000
 XM             0.000         0.000         0.000         0.000


           PSI
              X             M             Y             XM
              ________      ________      ________      ________
 X              0.050
 M              0.000         0.050
 Y              0.000         0.000         0.050
 XM             0.000         0.000         0.000         0.050


     STARTING VALUES FOR THE ADDITIONAL PARAMETERS


           New/Additional Parameters
              VAR_Y         STD_B1        STD_B2        STD_B3
              ________      ________      ________      ________
                0.500         0.500         0.500         0.500


RESULTS SAVING INFORMATION

  Order of data

    Parameter estimates
     (saved in order shown in Technical 1 output)
    Standard errors
     (saved in order shown in Technical 1 output)
    Number of Free Parameters
    H0 Loglikelihood
    H0 Scaling Correction Factor for MLR
    H1 Loglikelihood
    H1 Scaling Correction Factor for MLR
    Akaike (AIC)
    Bayesian (BIC)
    Sample-Size Adjusted BIC
    Chi-square : Value
    Chi-square : Degrees of Freedom
    Chi-square : P-Value
    Chi-square : Scaling Correction Factor for MLR/MLM/WLSM
    CFI
    TLI
    RMSEA : Estimate
    RMSEA : Low CI
    RMSEA : High CI
    RMSEA : Probability
    SRMR
    Condition Number

  Save file
    matchupi_results_315.dat

  Save file format           Free


     Beginning Time:  19:11:16
        Ending Time:  19:11:17
       Elapsed Time:  00:00:01



MUTHEN & MUTHEN
3463 Stoner Ave.
Los Angeles, CA  90066

Tel: (310) 391-9971
Fax: (310) 391-8971
Web: www.StatModel.com
Support: Support@StatModel.com

Copyright (c) 1998-2022 Muthen & Muthen
