Mplus VERSION 8.8 (Mac)
MUTHEN & MUTHEN
07/27/2025   7:27 PM

INPUT INSTRUCTIONS


    TITLE: Matched-pair Unconstrained Product Indicator

    DATA:
      FILE = matchupi_simdat_40.dat;
      FORMAT IS FREE;

    VARIABLE:
      NAMES = x1 x2 x3
      	    m1 m2 m3 m4 m5 m6
      	    m7 m8 m9 m10 m11 m12
      	    y1 y2 y3
      	    x1m10 x2m11 x3m12;
      USEVARIABLES = x1-x3m12;

    ANALYSIS:
      TYPE = general;
      ESTIMATOR = MLR;
    MODEL:
      !measurement model
      X BY x3 x2 x1;
      X (var_X);
      M BY m12 m11 m10 m9 m8 m7 m6 m5 m4 m3 m2 m1;
      M (var_M);
      Y BY y3 y2 y1;
      Y (resvar_Y);
      XM BY x3m12 x2m11 x1m10;
      XM (var_XM);

      !covariances between predictors
      X WITH M (cov_XM);
      X WITH XM (cov_XXM);
      M WITH XM (cov_MXM);

      !structural model
      Y ON X (b1);
      Y ON M (b2);
      Y ON XM (b3);

    MODEL CONSTRAINT:

      NEW(var_Y std_b1 std_b2 std_b3);
      var_Y = resvar_Y +
       (b1^2 * var_X +
        b2^2 * var_M +
        b3^2 * var_XM +
        2 * b1 * b2 * cov_XM +
        2 * b1 * b3 * cov_XXM +
        2 * b2 * b3 * cov_MXM);

        std_b1 = b1 * sqrt(var_X) / sqrt(var_Y);
        std_b2 = b2 * sqrt(var_M) / sqrt(var_Y);
        std_b3 = b3 * sqrt(var_X) * sqrt(var_M) / sqrt(var_Y);

    OUTPUT:
      sampstat tech1 CINTERVAL;

    SAVEDATA:
      RESULTS = matchupi_results_40.dat;




INPUT READING TERMINATED NORMALLY



Matched-pair Unconstrained Product Indicator

SUMMARY OF ANALYSIS

Number of groups                                                 1
Number of observations                                         100

Number of dependent variables                                   21
Number of independent variables                                  0
Number of continuous latent variables                            4

Observed dependent variables

  Continuous
   X1          X2          X3          M1          M2          M3
   M4          M5          M6          M7          M8          M9
   M10         M11         M12         Y1          Y2          Y3
   X1M10       X2M11       X3M12

Continuous latent variables
   X           M           Y           XM


Estimator                                                      MLR
Information matrix                                        OBSERVED
Maximum number of iterations                                  1000
Convergence criterion                                    0.500D-04
Maximum number of steepest descent iterations                   20

Input data file(s)
  matchupi_simdat_40.dat

Input data format  FREE


SAMPLE STATISTICS


     SAMPLE STATISTICS


           Means
              X1            X2            X3            M1            M2
              ________      ________      ________      ________      ________
                0.000         0.000         0.000         0.000         0.000


           Means
              M3            M4            M5            M6            M7
              ________      ________      ________      ________      ________
                0.000         0.000         0.000         0.000         0.000


           Means
              M8            M9            M10           M11           M12
              ________      ________      ________      ________      ________
                0.000         0.000         0.000         0.000         0.000


           Means
              Y1            Y2            Y3            X1M10         X2M11
              ________      ________      ________      ________      ________
                0.705         0.806         1.168         0.000         0.000


           Means
              X3M12
              ________
                0.000


           Covariances
              X1            X2            X3            M1            M2
              ________      ________      ________      ________      ________
 X1             0.250
 X2             0.085         0.248
 X3             0.050         0.095         0.250
 M1             0.060         0.061        -0.060         2.540
 M2            -0.010        -0.019        -0.140        -0.356         2.408
 M3            -0.035         0.018         0.065        -0.311         0.579
 M4             0.100         0.078        -0.020         0.495        -0.303
 M5             0.190        -0.074        -0.120        -0.048         0.266
 M6            -0.070         0.031        -0.020        -0.040         0.354
 M7            -0.010         0.041         0.140        -0.086         0.008
 M8             0.150         0.067         0.080         0.747        -0.065
 M9             0.110         0.122         0.060        -0.047         0.931
 M10            0.005         0.087         0.155        -0.161         0.099
 M11            0.070         0.083         0.040         0.019        -0.019
 M12            0.170         0.140         0.070         0.130        -0.020
 Y1            -0.039        -0.004         0.011        -0.072         0.192
 Y2             0.025         0.083         0.076         0.153         0.001
 Y3             0.094         0.089         0.162        -0.011        -0.056
 X1M10         -0.050        -0.038         0.000         0.046        -0.183
 X2M11          0.032        -0.008        -0.041         0.284        -0.060
 X3M12          0.000        -0.008        -0.025         0.023         0.034


           Covariances
              M3            M4            M5            M6            M7
              ________      ________      ________      ________      ________
 M3             2.467
 M4            -0.118         2.342
 M5             0.094        -0.059         2.894
 M6             0.099         0.135         0.472         2.540
 M7             0.119         0.087         0.496         0.634         2.268
 M8             0.103         0.324         0.531         0.277         0.275
 M9             0.348         0.102         0.737         1.033         0.391
 M10            0.547        -0.008         0.434         0.199         0.559
 M11           -0.053         0.244         0.605         0.789         0.791
 M12            0.200         0.500         0.690         0.600         0.380
 Y1             0.126        -0.029         0.068         0.128         0.056
 Y2             0.046        -0.144         0.228         0.073         0.369
 Y3             0.421         0.062         0.328         0.051        -0.002
 X1M10         -0.186         0.073        -0.141        -0.069         0.087
 X2M11         -0.217        -0.042        -0.141        -0.281        -0.161
 X3M12         -0.067        -0.156        -0.146        -0.183         0.054


           Covariances
              M8            M9            M10           M11           M12
              ________      ________      ________      ________      ________
 M8             2.360
 M9             0.412         2.594
 M10            0.743         0.778         2.308
 M11            0.772         0.940         0.847         2.096
 M12            0.970         1.140         0.830         1.070         2.320
 Y1            -0.157         0.303         0.255         0.333         0.234
 Y2             0.140         0.448         0.106         0.272         0.208
 Y3             0.292         0.383         0.223         0.184         0.315
 X1M10         -0.005        -0.231        -0.011        -0.081        -0.050
 X2M11         -0.013        -0.297        -0.148        -0.115        -0.210
 X3M12         -0.217        -0.230        -0.075        -0.291        -0.227


           Covariances
              Y1            Y2            Y3            X1M10         X2M11
              ________      ________      ________      ________      ________
 Y1             0.774
 Y2             0.274         0.774
 Y3             0.311         0.534         1.288
 X1M10         -0.064        -0.012        -0.044         0.575
 X2M11          0.044        -0.023        -0.047         0.074         0.523
 X3M12         -0.019         0.006        -0.142         0.055         0.068


           Covariances
              X3M12
              ________
 X3M12          0.577


           Correlations
              X1            X2            X3            M1            M2
              ________      ________      ________      ________      ________
 X1             1.000
 X2             0.342         1.000
 X3             0.200         0.382         1.000
 M1             0.075         0.077        -0.075         1.000
 M2            -0.013        -0.025        -0.180        -0.144         1.000
 M3            -0.045         0.022         0.083        -0.124         0.238
 M4             0.131         0.102        -0.026         0.203        -0.128
 M5             0.223        -0.087        -0.141        -0.018         0.101
 M6            -0.088         0.039        -0.025        -0.016         0.143
 M7            -0.013         0.055         0.186        -0.036         0.003
 M8             0.195         0.088         0.104         0.305        -0.027
 M9             0.137         0.152         0.075        -0.018         0.373
 M10            0.007         0.116         0.204        -0.067         0.042
 M11            0.097         0.115         0.055         0.008        -0.009
 M12            0.223         0.185         0.092         0.054        -0.008
 Y1            -0.088        -0.010         0.024        -0.052         0.141
 Y2             0.056         0.189         0.172         0.109         0.001
 Y3             0.165         0.157         0.285        -0.006        -0.032
 X1M10         -0.132        -0.102         0.000         0.038        -0.155
 X2M11          0.087        -0.023        -0.114         0.247        -0.053
 X3M12          0.000        -0.022        -0.066         0.019         0.029


           Correlations
              M3            M4            M5            M6            M7
              ________      ________      ________      ________      ________
 M3             1.000
 M4            -0.049         1.000
 M5             0.035        -0.023         1.000
 M6             0.040         0.055         0.174         1.000
 M7             0.050         0.038         0.193         0.264         1.000
 M8             0.043         0.138         0.203         0.113         0.119
 M9             0.138         0.041         0.269         0.403         0.161
 M10            0.229        -0.003         0.168         0.082         0.244
 M11           -0.023         0.110         0.246         0.342         0.363
 M12            0.084         0.214         0.266         0.247         0.166
 Y1             0.091        -0.021         0.045         0.092         0.043
 Y2             0.033        -0.107         0.152         0.052         0.278
 Y3             0.236         0.036         0.170         0.028        -0.001
 X1M10         -0.157         0.063        -0.109        -0.057         0.077
 X2M11         -0.191        -0.038        -0.115        -0.244        -0.148
 X3M12         -0.056        -0.134        -0.113        -0.152         0.047


           Correlations
              M8            M9            M10           M11           M12
              ________      ________      ________      ________      ________
 M8             1.000
 M9             0.167         1.000
 M10            0.318         0.318         1.000
 M11            0.347         0.403         0.385         1.000
 M12            0.415         0.465         0.359         0.485         1.000
 Y1            -0.116         0.214         0.191         0.261         0.175
 Y2             0.104         0.316         0.080         0.214         0.155
 Y3             0.168         0.210         0.129         0.112         0.182
 X1M10         -0.004        -0.189        -0.010        -0.074        -0.043
 X2M11         -0.012        -0.255        -0.135        -0.110        -0.191
 X3M12         -0.186        -0.188        -0.065        -0.265        -0.196


           Correlations
              Y1            Y2            Y3            X1M10         X2M11
              ________      ________      ________      ________      ________
 Y1             1.000
 Y2             0.354         1.000
 Y3             0.312         0.535         1.000
 X1M10         -0.096        -0.018        -0.052         1.000
 X2M11          0.068        -0.036        -0.058         0.134         1.000
 X3M12         -0.028         0.010        -0.164         0.095         0.123


           Correlations
              X3M12
              ________
 X3M12          1.000


UNIVARIATE SAMPLE STATISTICS


     UNIVARIATE HIGHER-ORDER MOMENT DESCRIPTIVE STATISTICS

         Variable/         Mean/     Skewness/   Minimum/ % with                Percentiles
        Sample Size      Variance    Kurtosis    Maximum  Min/Max      20%/60%    40%/80%    Median

     X1                    0.000       0.000      -0.500   50.00%      -0.500     -0.500      0.000
             100.000       0.250      -2.000       0.500   50.00%       0.500      0.500
     X2                    0.000      -0.201      -0.550   45.00%      -0.550     -0.550      0.450
             100.000       0.247      -1.960       0.450   55.00%       0.450      0.450
     X3                    0.000       0.000      -0.500   50.00%      -0.500     -0.500      0.000
             100.000       0.250      -2.000       0.500   50.00%       0.500      0.500
     M1                    0.000       0.003      -1.980   29.00%      -1.980     -0.980      0.020
             100.000       2.540      -1.565       2.020   27.00%       1.020      2.020
     M2                    0.000      -0.109      -2.180   20.00%      -2.180     -1.180     -0.180
             100.000       2.408      -1.533       1.820   32.00%       0.820      1.820
     M3                    0.000       0.145      -1.950   25.00%      -1.950     -0.950      0.050
             100.000       2.467      -1.518       2.050   29.00%       0.050      2.050
     M4                    0.000      -0.190      -2.240   19.00%      -1.240     -0.240     -0.240
             100.000       2.342      -1.476       1.760   32.00%       0.760      1.760
     M5                    0.000      -0.076      -2.080   32.00%      -2.080     -1.080     -0.080
             100.000       2.894      -1.678       1.920   36.00%       0.920      1.920
     M6                    0.000       0.018      -1.980   29.00%      -1.980     -0.980      0.020
             100.000       2.540      -1.546       2.020   28.00%       1.020      2.020
     M7                    0.000      -0.202      -2.180   21.00%      -2.180     -0.180     -0.180
             100.000       2.268      -1.422       1.820   27.00%       0.820      1.820
     M8                    0.000       0.136      -1.860   29.00%      -1.860     -0.860      0.140
             100.000       2.360      -1.453       2.140   23.00%       0.140      2.140
     M9                    0.000      -0.146      -2.160   25.00%      -2.160     -1.160     -0.160
             100.000       2.594      -1.578       1.840   33.00%       0.840      1.840
     M10                   0.000       0.085      -1.950   25.00%      -1.950     -0.950      0.050
             100.000       2.307      -1.435       2.050   25.00%       0.050      2.050
     M11                   0.000       0.006      -1.940   25.00%      -1.940      0.060      0.060
             100.000       2.096      -1.303       2.060   20.00%       0.060      1.060
     M12                   0.000      -0.034      -2.000   26.00%      -2.000     -1.000      0.000
             100.000       2.320      -1.454       2.000   24.00%       1.000      2.000
     Y1                    0.705      -0.091      -1.617    1.00%      -0.048      0.503      0.666
             100.000       0.774      -0.337       2.691    1.00%       0.925      1.502
     Y2                    0.806      -0.207      -1.748    1.00%       0.147      0.600      0.731
             100.000       0.774      -0.026       2.779    1.00%       0.982      1.593
     Y3                    1.168      -0.102      -1.722    1.00%       0.118      0.836      1.287
             100.000       1.288      -0.198       3.867    1.00%       1.583      2.102
     X1M10                 0.000      -0.066      -1.070   20.00%      -1.070     -0.070     -0.070
             100.000       0.575      -1.455       0.930   30.00%       0.430      0.930
     X2M11                 0.000      -0.152      -1.216    9.00%      -0.666     -0.116     -0.056
             100.000       0.523      -1.182       0.984   15.00%       0.394      0.844
     X3M12                 0.000      -0.023      -1.030   14.00%      -0.980     -0.480     -0.030
             100.000       0.577      -1.434       1.020   11.00%       0.470      0.970


     THIS ANALYSIS MAY HAVE MULTIPLE SOLUTIONS.  EXPLORE THIS USING RANDOM STARTS,
     FOR EXAMPLE, STARTS = 20.  USE A LARGE ENOUGH NUMBER OF STARTS SO THAT THE
     BEST FIT FUNCTION VALUE IS REPLICATED SEVERAL TIMES.


THE MODEL ESTIMATION TERMINATED NORMALLY

     THE STANDARD ERRORS OF THE MODEL PARAMETER ESTIMATES MAY NOT BE
     TRUSTWORTHY FOR SOME PARAMETERS DUE TO A NON-POSITIVE DEFINITE
     FIRST-ORDER DERIVATIVE PRODUCT MATRIX.  THIS MAY BE DUE TO THE STARTING
     VALUES BUT MAY ALSO BE AN INDICATION OF MODEL NONIDENTIFICATION.  THE
     CONDITION NUMBER IS      -0.588D-17.  PROBLEM INVOLVING THE FOLLOWING PARAMETER:
     Parameter 40, X2

     THIS IS MOST LIKELY DUE TO VARIABLE X1 BEING DICHOTOMOUS BUT
     DECLARED AS CONTINUOUS.




MODEL FIT INFORMATION

Number of Free Parameters                       69

Loglikelihood

          H0 Value                       -3075.399
          H0 Scaling Correction Factor      0.8520
            for MLR
          H1 Value                       -2954.886
          H1 Scaling Correction Factor      0.9548
            for MLR

Information Criteria

          Akaike (AIC)                    6288.798
          Bayesian (BIC)                  6468.555
          Sample-Size Adjusted BIC        6250.636
            (n* = (n + 2) / 24)

Chi-Square Test of Model Fit

          Value                            242.597*
          Degrees of Freedom                   183
          P-Value                           0.0021
          Scaling Correction Factor         0.9935
            for MLR

*   The chi-square value for MLM, MLMV, MLR, ULSMV, WLSM and WLSMV cannot be used
    for chi-square difference testing in the regular way.  MLM, MLR and WLSM
    chi-square difference testing is described on the Mplus website.  MLMV, WLSMV,
    and ULSMV difference testing is done using the DIFFTEST option.

RMSEA (Root Mean Square Error Of Approximation)

          Estimate                           0.057
          90 Percent C.I.                    0.036  0.075
          Probability RMSEA <= .05           0.270

CFI/TLI

          CFI                                0.784
          TLI                                0.752

Chi-Square Test of Model Fit for the Baseline Model

          Value                            486.057
          Degrees of Freedom                   210
          P-Value                           0.0000

SRMR (Standardized Root Mean Square Residual)

          Value                              0.079



MODEL RESULTS

                                                    Two-Tailed
                    Estimate       S.E.  Est./S.E.    P-Value

 X        BY
    X3                 1.000      0.000    999.000    999.000
    X2                 1.390      0.522      2.661      0.008
    X1                 0.859      0.331      2.595      0.009

 M        BY
    M12                1.000      0.000    999.000    999.000
    M11                0.945      0.144      6.562      0.000
    M10                0.725      0.146      4.953      0.000
    M9                 1.008      0.198      5.099      0.000
    M8                 0.658      0.139      4.722      0.000
    M7                 0.519      0.179      2.894      0.004
    M6                 0.665      0.196      3.388      0.001
    M5                 0.623      0.177      3.511      0.000
    M4                 0.210      0.168      1.251      0.211
    M3                 0.234      0.187      1.253      0.210
    M2                 0.207      0.223      0.931      0.352
    M1                 0.034      0.194      0.174      0.862

 Y        BY
    Y3                 1.000      0.000    999.000    999.000
    Y2                 0.876      0.251      3.496      0.000
    Y1                 0.510      0.181      2.815      0.005

 XM       BY
    X3M12              1.000      0.000    999.000    999.000
    X2M11              0.963      0.572      1.684      0.092
    X1M10              0.549      0.431      1.274      0.203

 Y        ON
    X                  0.687      0.546      1.258      0.208
    M                  0.370      0.297      1.245      0.213
    XM                 0.608      1.277      0.476      0.634

 X        WITH
    M                  0.077      0.048      1.597      0.110
    XM                -0.013      0.024     -0.551      0.581

 M        WITH
    XM                -0.223      0.103     -2.154      0.031

 Intercepts
    X1                 0.000      0.050      0.000      1.000
    X2                 0.000      0.050      0.000      1.000
    X3                 0.000      0.050      0.000      1.000
    M1                 0.000      0.159      0.000      1.000
    M2                 0.000      0.155      0.000      1.000
    M3                 0.000      0.157      0.000      1.000
    M4                 0.000      0.153      0.000      1.000
    M5                 0.000      0.170      0.000      1.000
    M6                 0.000      0.159      0.000      1.000
    M7                 0.000      0.151      0.000      1.000
    M8                 0.000      0.154      0.000      1.000
    M9                 0.000      0.161      0.000      1.000
    M10                0.000      0.152      0.000      1.000
    M11                0.000      0.145      0.000      1.000
    M12                0.000      0.152      0.000      1.000
    Y1                 0.705      0.088      8.019      0.000
    Y2                 0.806      0.088      9.165      0.000
    Y3                 1.168      0.113     10.293      0.000
    X1M10              0.000      0.076      0.000      1.000
    X2M11              0.000      0.072      0.000      1.000
    X3M12              0.000      0.076      0.000      1.000

 Variances
    X                  0.068      0.034      1.981      0.048
    M                  1.115      0.278      4.011      0.000
    XM                 0.087      0.067      1.297      0.195

 Residual Variances
    X1                 0.200      0.026      7.572      0.000
    X2                 0.116      0.050      2.303      0.021
    X3                 0.182      0.034      5.282      0.000
    M1                 2.538      0.169     15.046      0.000
    M2                 2.360      0.180     13.104      0.000
    M3                 2.406      0.191     12.593      0.000
    M4                 2.293      0.186     12.331      0.000
    M5                 2.461      0.251      9.798      0.000
    M6                 2.047      0.233      8.796      0.000
    M7                 1.967      0.216      9.129      0.000
    M8                 1.878      0.239      7.850      0.000
    M9                 1.461      0.330      4.433      0.000
    M10                1.722      0.252      6.829      0.000
    M11                1.100      0.220      5.010      0.000
    M12                1.205      0.254      4.738      0.000
    Y1                 0.616      0.103      5.992      0.000
    Y2                 0.305      0.109      2.802      0.005
    Y3                 0.678      0.192      3.539      0.000
    X1M10              0.549      0.062      8.868      0.000
    X2M11              0.442      0.073      6.079      0.000
    X3M12              0.489      0.073      6.693      0.000
    Y                  0.465      0.219      2.127      0.033

New/Additional Parameters
    VAR_Y              0.610      0.238      2.559      0.011
    STD_B1             0.230      0.182      1.263      0.206
    STD_B2             0.501      0.417      1.200      0.230
    STD_B3             0.215      0.465      0.461      0.645


QUALITY OF NUMERICAL RESULTS

     Condition Number for the Information Matrix              0.116E-03
       (ratio of smallest to largest eigenvalue)


CONFIDENCE INTERVALS OF MODEL RESULTS

                  Lower .5%  Lower 2.5%    Lower 5%    Estimate    Upper 5%  Upper 2.5%   Upper .5%

 X        BY
    X3               1.000       1.000       1.000       1.000       1.000       1.000       1.000
    X2               0.045       0.366       0.531       1.390       2.249       2.413       2.735
    X1               0.007       0.210       0.315       0.859       1.403       1.508       1.711

 M        BY
    M12              1.000       1.000       1.000       1.000       1.000       1.000       1.000
    M11              0.574       0.663       0.708       0.945       1.182       1.228       1.316
    M10              0.348       0.438       0.484       0.725       0.966       1.012       1.102
    M9               0.499       0.621       0.683       1.008       1.334       1.396       1.518
    M8               0.299       0.385       0.429       0.658       0.887       0.931       1.017
    M7               0.057       0.167       0.224       0.519       0.814       0.870       0.981
    M6               0.159       0.280       0.342       0.665       0.987       1.049       1.170
    M5               0.166       0.275       0.331       0.623       0.915       0.971       1.080
    M4              -0.223      -0.119      -0.066       0.210       0.487       0.540       0.644
    M3              -0.247      -0.132      -0.073       0.234       0.542       0.600       0.715
    M2              -0.366      -0.229      -0.159       0.207       0.573       0.643       0.781
    M1              -0.466      -0.347      -0.285       0.034       0.353       0.414       0.534

 Y        BY
    Y3               1.000       1.000       1.000       1.000       1.000       1.000       1.000
    Y2               0.231       0.385       0.464       0.876       1.289       1.368       1.522
    Y1               0.043       0.155       0.212       0.510       0.807       0.864       0.976

 XM       BY
    X3M12            1.000       1.000       1.000       1.000       1.000       1.000       1.000
    X2M11           -0.509      -0.157       0.023       0.963       1.903       2.083       2.435
    X1M10           -0.561      -0.295      -0.160       0.549       1.257       1.393       1.658

 Y        ON
    X               -0.720      -0.383      -0.211       0.687       1.585       1.757       2.093
    M               -0.396      -0.213      -0.119       0.370       0.860       0.953       1.136
    XM              -2.682      -1.895      -1.493       0.608       2.709       3.112       3.898

 X        WITH
    M               -0.047      -0.017      -0.002       0.077       0.156       0.171       0.201
    XM              -0.074      -0.059      -0.052      -0.013       0.026       0.033       0.048

 M        WITH
    XM              -0.489      -0.425      -0.393      -0.223      -0.053      -0.020       0.044

 Intercepts
    X1              -0.129      -0.098      -0.082       0.000       0.082       0.098       0.129
    X2              -0.128      -0.098      -0.082       0.000       0.082       0.098       0.128
    X3              -0.129      -0.098      -0.082       0.000       0.082       0.098       0.129
    M1              -0.410      -0.312      -0.262       0.000       0.262       0.312       0.410
    M2              -0.400      -0.304      -0.255       0.000       0.255       0.304       0.400
    M3              -0.405      -0.308      -0.258       0.000       0.258       0.308       0.405
    M4              -0.394      -0.300      -0.252       0.000       0.252       0.300       0.394
    M5              -0.438      -0.333      -0.280       0.000       0.280       0.333       0.438
    M6              -0.410      -0.312      -0.262       0.000       0.262       0.312       0.410
    M7              -0.388      -0.295      -0.248       0.000       0.248       0.295       0.388
    M8              -0.396      -0.301      -0.253       0.000       0.253       0.301       0.396
    M9              -0.415      -0.316      -0.265       0.000       0.265       0.316       0.415
    M10             -0.391      -0.298      -0.250       0.000       0.250       0.298       0.391
    M11             -0.373      -0.284      -0.238       0.000       0.238       0.284       0.373
    M12             -0.392      -0.299      -0.251       0.000       0.251       0.299       0.392
    Y1               0.479       0.533       0.561       0.705       0.850       0.878       0.932
    Y2               0.580       0.634       0.662       0.806       0.951       0.979       1.033
    Y3               0.876       0.946       0.981       1.168       1.355       1.390       1.460
    X1M10           -0.195      -0.149      -0.125       0.000       0.125       0.149       0.195
    X2M11           -0.186      -0.142      -0.119       0.000       0.119       0.142       0.186
    X3M12           -0.196      -0.149      -0.125       0.000       0.125       0.149       0.196

 Variances
    X               -0.020       0.001       0.012       0.068       0.125       0.136       0.157
    M                0.399       0.570       0.658       1.115       1.572       1.660       1.831
    XM              -0.086      -0.045      -0.023       0.087       0.198       0.219       0.261

 Residual Variances
    X1               0.132       0.148       0.156       0.200       0.243       0.251       0.268
    X2              -0.014       0.017       0.033       0.116       0.199       0.214       0.245
    X3               0.093       0.114       0.125       0.182       0.238       0.249       0.270
    M1               2.104       2.208       2.261       2.538       2.816       2.869       2.973
    M2               1.896       2.007       2.063       2.360       2.656       2.713       2.824
    M3               1.914       2.032       2.092       2.406       2.721       2.781       2.899
    M4               1.814       1.929       1.987       2.293       2.599       2.658       2.772
    M5               1.814       1.969       2.048       2.461       2.874       2.953       3.108
    M6               1.448       1.591       1.664       2.047       2.430       2.503       2.647
    M7               1.412       1.545       1.613       1.967       2.322       2.390       2.523
    M8               1.262       1.409       1.484       1.878       2.271       2.346       2.494
    M9               0.612       0.815       0.919       1.461       2.003       2.107       2.310
    M10              1.072       1.227       1.307       1.722       2.136       2.216       2.371
    M11              0.535       0.670       0.739       1.100       1.461       1.531       1.666
    M12              0.550       0.707       0.787       1.205       1.623       1.703       1.860
    Y1               0.351       0.414       0.447       0.616       0.785       0.817       0.880
    Y2               0.025       0.092       0.126       0.305       0.485       0.519       0.586
    Y3               0.184       0.302       0.363       0.678       0.993       1.053       1.171
    X1M10            0.389       0.427       0.447       0.549       0.651       0.670       0.708
    X2M11            0.255       0.300       0.323       0.442       0.562       0.585       0.630
    X3M12            0.301       0.346       0.369       0.489       0.610       0.633       0.678
    Y               -0.098       0.036       0.105       0.465       0.824       0.893       1.028

New/Additional Parameters
    VAR_Y           -0.004       0.143       0.218       0.610       1.002       1.077       1.224
    STD_B1          -0.238      -0.127      -0.069       0.230       0.528       0.586       0.698
    STD_B2          -0.574      -0.317      -0.186       0.501       1.187       1.318       1.575
    STD_B3          -0.984      -0.698      -0.551       0.215       0.980       1.127       1.414


TECHNICAL 1 OUTPUT


     PARAMETER SPECIFICATION


           NU
              X1            X2            X3            M1            M2
              ________      ________      ________      ________      ________
                  1             2             3             4             5


           NU
              M3            M4            M5            M6            M7
              ________      ________      ________      ________      ________
                  6             7             8             9            10


           NU
              M8            M9            M10           M11           M12
              ________      ________      ________      ________      ________
                 11            12            13            14            15


           NU
              Y1            Y2            Y3            X1M10         X2M11
              ________      ________      ________      ________      ________
                 16            17            18            19            20


           NU
              X3M12
              ________
                 21


           LAMBDA
              X             M             Y             XM
              ________      ________      ________      ________
 X1                22             0             0             0
 X2                23             0             0             0
 X3                 0             0             0             0
 M1                 0            24             0             0
 M2                 0            25             0             0
 M3                 0            26             0             0
 M4                 0            27             0             0
 M5                 0            28             0             0
 M6                 0            29             0             0
 M7                 0            30             0             0
 M8                 0            31             0             0
 M9                 0            32             0             0
 M10                0            33             0             0
 M11                0            34             0             0
 M12                0             0             0             0
 Y1                 0             0            35             0
 Y2                 0             0            36             0
 Y3                 0             0             0             0
 X1M10              0             0             0            37
 X2M11              0             0             0            38
 X3M12              0             0             0             0


           THETA
              X1            X2            X3            M1            M2
              ________      ________      ________      ________      ________
 X1                39
 X2                 0            40
 X3                 0             0            41
 M1                 0             0             0            42
 M2                 0             0             0             0            43
 M3                 0             0             0             0             0
 M4                 0             0             0             0             0
 M5                 0             0             0             0             0
 M6                 0             0             0             0             0
 M7                 0             0             0             0             0
 M8                 0             0             0             0             0
 M9                 0             0             0             0             0
 M10                0             0             0             0             0
 M11                0             0             0             0             0
 M12                0             0             0             0             0
 Y1                 0             0             0             0             0
 Y2                 0             0             0             0             0
 Y3                 0             0             0             0             0
 X1M10              0             0             0             0             0
 X2M11              0             0             0             0             0
 X3M12              0             0             0             0             0


           THETA
              M3            M4            M5            M6            M7
              ________      ________      ________      ________      ________
 M3                44
 M4                 0            45
 M5                 0             0            46
 M6                 0             0             0            47
 M7                 0             0             0             0            48
 M8                 0             0             0             0             0
 M9                 0             0             0             0             0
 M10                0             0             0             0             0
 M11                0             0             0             0             0
 M12                0             0             0             0             0
 Y1                 0             0             0             0             0
 Y2                 0             0             0             0             0
 Y3                 0             0             0             0             0
 X1M10              0             0             0             0             0
 X2M11              0             0             0             0             0
 X3M12              0             0             0             0             0


           THETA
              M8            M9            M10           M11           M12
              ________      ________      ________      ________      ________
 M8                49
 M9                 0            50
 M10                0             0            51
 M11                0             0             0            52
 M12                0             0             0             0            53
 Y1                 0             0             0             0             0
 Y2                 0             0             0             0             0
 Y3                 0             0             0             0             0
 X1M10              0             0             0             0             0
 X2M11              0             0             0             0             0
 X3M12              0             0             0             0             0


           THETA
              Y1            Y2            Y3            X1M10         X2M11
              ________      ________      ________      ________      ________
 Y1                54
 Y2                 0            55
 Y3                 0             0            56
 X1M10              0             0             0            57
 X2M11              0             0             0             0            58
 X3M12              0             0             0             0             0


           THETA
              X3M12
              ________
 X3M12             59


           ALPHA
              X             M             Y             XM
              ________      ________      ________      ________
                  0             0             0             0


           BETA
              X             M             Y             XM
              ________      ________      ________      ________
 X                  0             0             0             0
 M                  0             0             0             0
 Y                 60            61             0            62
 XM                 0             0             0             0


           PSI
              X             M             Y             XM
              ________      ________      ________      ________
 X                 63
 M                 64            65
 Y                  0             0            66
 XM                67            68             0            69


     PARAMETER SPECIFICATION FOR THE ADDITIONAL PARAMETERS


           New/Additional Parameters
              VAR_Y         STD_B1        STD_B2        STD_B3
              ________      ________      ________      ________
                   70            71            72            73


     STARTING VALUES


           NU
              X1            X2            X3            M1            M2
              ________      ________      ________      ________      ________
                0.000         0.000         0.000         0.000         0.000


           NU
              M3            M4            M5            M6            M7
              ________      ________      ________      ________      ________
                0.000         0.000         0.000         0.000         0.000


           NU
              M8            M9            M10           M11           M12
              ________      ________      ________      ________      ________
                0.000         0.000         0.000         0.000         0.000


           NU
              Y1            Y2            Y3            X1M10         X2M11
              ________      ________      ________      ________      ________
                0.705         0.806         1.168         0.000         0.000


           NU
              X3M12
              ________
                0.000


           LAMBDA
              X             M             Y             XM
              ________      ________      ________      ________
 X1             0.895         0.000         0.000         0.000
 X2             1.700         0.000         0.000         0.000
 X3             1.000         0.000         0.000         0.000
 M1             0.000         1.891         0.000         0.000
 M2             0.000        -0.592         0.000         0.000
 M3             0.000        -0.578         0.000         0.000
 M4             0.000         0.729         0.000         0.000
 M5             0.000         0.147         0.000         0.000
 M6             0.000        -0.010         0.000         0.000
 M7             0.000        -0.240         0.000         0.000
 M8             0.000         0.497         0.000         0.000
 M9             0.000        -0.756         0.000         0.000
 M10            0.000         0.231         0.000         0.000
 M11            0.000         0.506         0.000         0.000
 M12            0.000         1.000         0.000         0.000
 Y1             0.000         0.000         0.513         0.000
 Y2             0.000         0.000         0.880         0.000
 Y3             0.000         0.000         1.000         0.000
 X1M10          0.000         0.000         0.000         1.088
 X2M11          0.000         0.000         0.000         1.347
 X3M12          0.000         0.000         0.000         1.000


           THETA
              X1            X2            X3            M1            M2
              ________      ________      ________      ________      ________
 X1             0.125
 X2             0.000         0.124
 X3             0.000         0.000         0.125
 M1             0.000         0.000         0.000         1.270
 M2             0.000         0.000         0.000         0.000         1.204
 M3             0.000         0.000         0.000         0.000         0.000
 M4             0.000         0.000         0.000         0.000         0.000
 M5             0.000         0.000         0.000         0.000         0.000
 M6             0.000         0.000         0.000         0.000         0.000
 M7             0.000         0.000         0.000         0.000         0.000
 M8             0.000         0.000         0.000         0.000         0.000
 M9             0.000         0.000         0.000         0.000         0.000
 M10            0.000         0.000         0.000         0.000         0.000
 M11            0.000         0.000         0.000         0.000         0.000
 M12            0.000         0.000         0.000         0.000         0.000
 Y1             0.000         0.000         0.000         0.000         0.000
 Y2             0.000         0.000         0.000         0.000         0.000
 Y3             0.000         0.000         0.000         0.000         0.000
 X1M10          0.000         0.000         0.000         0.000         0.000
 X2M11          0.000         0.000         0.000         0.000         0.000
 X3M12          0.000         0.000         0.000         0.000         0.000


           THETA
              M3            M4            M5            M6            M7
              ________      ________      ________      ________      ________
 M3             1.234
 M4             0.000         1.171
 M5             0.000         0.000         1.447
 M6             0.000         0.000         0.000         1.270
 M7             0.000         0.000         0.000         0.000         1.134
 M8             0.000         0.000         0.000         0.000         0.000
 M9             0.000         0.000         0.000         0.000         0.000
 M10            0.000         0.000         0.000         0.000         0.000
 M11            0.000         0.000         0.000         0.000         0.000
 M12            0.000         0.000         0.000         0.000         0.000
 Y1             0.000         0.000         0.000         0.000         0.000
 Y2             0.000         0.000         0.000         0.000         0.000
 Y3             0.000         0.000         0.000         0.000         0.000
 X1M10          0.000         0.000         0.000         0.000         0.000
 X2M11          0.000         0.000         0.000         0.000         0.000
 X3M12          0.000         0.000         0.000         0.000         0.000


           THETA
              M8            M9            M10           M11           M12
              ________      ________      ________      ________      ________
 M8             1.180
 M9             0.000         1.297
 M10            0.000         0.000         1.154
 M11            0.000         0.000         0.000         1.048
 M12            0.000         0.000         0.000         0.000         1.160
 Y1             0.000         0.000         0.000         0.000         0.000
 Y2             0.000         0.000         0.000         0.000         0.000
 Y3             0.000         0.000         0.000         0.000         0.000
 X1M10          0.000         0.000         0.000         0.000         0.000
 X2M11          0.000         0.000         0.000         0.000         0.000
 X3M12          0.000         0.000         0.000         0.000         0.000


           THETA
              Y1            Y2            Y3            X1M10         X2M11
              ________      ________      ________      ________      ________
 Y1             0.387
 Y2             0.000         0.387
 Y3             0.000         0.000         0.644
 X1M10          0.000         0.000         0.000         0.288
 X2M11          0.000         0.000         0.000         0.000         0.262
 X3M12          0.000         0.000         0.000         0.000         0.000


           THETA
              X3M12
              ________
 X3M12          0.288


           ALPHA
              X             M             Y             XM
              ________      ________      ________      ________
                0.000         0.000         0.000         0.000


           BETA
              X             M             Y             XM
              ________      ________      ________      ________
 X              0.000         0.000         0.000         0.000
 M              0.000         0.000         0.000         0.000
 Y              0.000         0.000         0.000         0.000
 XM             0.000         0.000         0.000         0.000


           PSI
              X             M             Y             XM
              ________      ________      ________      ________
 X              0.050
 M              0.000         0.050
 Y              0.000         0.000         0.050
 XM             0.000         0.000         0.000         0.050


     STARTING VALUES FOR THE ADDITIONAL PARAMETERS


           New/Additional Parameters
              VAR_Y         STD_B1        STD_B2        STD_B3
              ________      ________      ________      ________
                0.500         0.500         0.500         0.500


RESULTS SAVING INFORMATION

  Order of data

    Parameter estimates
     (saved in order shown in Technical 1 output)
    Standard errors
     (saved in order shown in Technical 1 output)
    Number of Free Parameters
    H0 Loglikelihood
    H0 Scaling Correction Factor for MLR
    H1 Loglikelihood
    H1 Scaling Correction Factor for MLR
    Akaike (AIC)
    Bayesian (BIC)
    Sample-Size Adjusted BIC
    Chi-square : Value
    Chi-square : Degrees of Freedom
    Chi-square : P-Value
    Chi-square : Scaling Correction Factor for MLR/MLM/WLSM
    CFI
    TLI
    RMSEA : Estimate
    RMSEA : Low CI
    RMSEA : High CI
    RMSEA : Probability
    SRMR
    Condition Number

  Save file
    matchupi_results_40.dat

  Save file format           Free


     Beginning Time:  19:27:44
        Ending Time:  19:27:46
       Elapsed Time:  00:00:02



MUTHEN & MUTHEN
3463 Stoner Ave.
Los Angeles, CA  90066

Tel: (310) 391-9971
Fax: (310) 391-8971
Web: www.StatModel.com
Support: Support@StatModel.com

Copyright (c) 1998-2022 Muthen & Muthen
