Mplus VERSION 8.8 (Mac)
MUTHEN & MUTHEN
07/27/2025   5:38 PM

INPUT INSTRUCTIONS


    TITLE: Matched-pair Unconstrained Product Indicator

    DATA:
      FILE = matchupi_simdat_302.dat;
      FORMAT IS FREE;

    VARIABLE:
      NAMES = x1 x2 x3
      	    m1 m2 m3 m4 m5 m6
      	    m7 m8 m9 m10 m11 m12
      	    y1 y2 y3
      	    x1m10 x2m11 x3m12;
      USEVARIABLES = x1-x3m12;

    ANALYSIS:
      TYPE = general;
      ESTIMATOR = MLR;
    MODEL:
      !measurement model
      X BY x3 x2 x1;
      X (var_X);
      M BY m12 m11 m10 m9 m8 m7 m6 m5 m4 m3 m2 m1;
      M (var_M);
      Y BY y3 y2 y1;
      Y (resvar_Y);
      XM BY x3m12 x2m11 x1m10;
      XM (var_XM);

      !covariances between predictors
      X WITH M (cov_XM);
      X WITH XM (cov_XXM);
      M WITH XM (cov_MXM);

      !structural model
      Y ON X (b1);
      Y ON M (b2);
      Y ON XM (b3);

    MODEL CONSTRAINT:

      NEW(var_Y std_b1 std_b2 std_b3);
      var_Y = resvar_Y +
       (b1^2 * var_X +
        b2^2 * var_M +
        b3^2 * var_XM +
        2 * b1 * b2 * cov_XM +
        2 * b1 * b3 * cov_XXM +
        2 * b2 * b3 * cov_MXM);

        std_b1 = b1 * sqrt(var_X) / sqrt(var_Y);
        std_b2 = b2 * sqrt(var_M) / sqrt(var_Y);
        std_b3 = b3 * sqrt(var_X) * sqrt(var_M) / sqrt(var_Y);

    OUTPUT:
      sampstat tech1 CINTERVAL;

    SAVEDATA:
      RESULTS = matchupi_results_302.dat;




INPUT READING TERMINATED NORMALLY



Matched-pair Unconstrained Product Indicator

SUMMARY OF ANALYSIS

Number of groups                                                 1
Number of observations                                         100

Number of dependent variables                                   21
Number of independent variables                                  0
Number of continuous latent variables                            4

Observed dependent variables

  Continuous
   X1          X2          X3          M1          M2          M3
   M4          M5          M6          M7          M8          M9
   M10         M11         M12         Y1          Y2          Y3
   X1M10       X2M11       X3M12

Continuous latent variables
   X           M           Y           XM


Estimator                                                      MLR
Information matrix                                        OBSERVED
Maximum number of iterations                                  1000
Convergence criterion                                    0.500D-04
Maximum number of steepest descent iterations                   20

Input data file(s)
  matchupi_simdat_302.dat

Input data format  FREE


SAMPLE STATISTICS


     SAMPLE STATISTICS


           Means
              X1            X2            X3            M1            M2
              ________      ________      ________      ________      ________
                0.000         0.000         0.000         0.000         0.000


           Means
              M3            M4            M5            M6            M7
              ________      ________      ________      ________      ________
                0.000         0.000         0.000         0.000         0.000


           Means
              M8            M9            M10           M11           M12
              ________      ________      ________      ________      ________
                0.000         0.000         0.000         0.000         0.000


           Means
              Y1            Y2            Y3            X1M10         X2M11
              ________      ________      ________      ________      ________
                0.480         0.838         1.148         0.000         0.000


           Means
              X3M12
              ________
                0.000


           Covariances
              X1            X2            X3            M1            M2
              ________      ________      ________      ________      ________
 X1             0.244
 X2             0.079         0.245
 X3             0.098         0.094         0.250
 M1            -0.109        -0.047        -0.055         2.722
 M2             0.106         0.037        -0.007         0.154         2.958
 M3             0.056         0.226         0.145         0.492         0.071
 M4             0.049         0.070         0.097         0.396         0.635
 M5             0.198         0.049         0.080         0.085        -0.002
 M6             0.055         0.086         0.099         0.396        -0.017
 M7             0.139         0.110         0.034        -0.157         0.392
 M8             0.167         0.219         0.160         0.495         0.555
 M9             0.135        -0.006         0.078         0.161         0.444
 M10            0.118        -0.010         0.171        -0.120         0.517
 M11            0.091         0.042         0.124         0.048         0.534
 M12            0.185         0.124         0.158         0.181         0.614
 Y1             0.017         0.017         0.085         0.027        -0.112
 Y2             0.095         0.099         0.209        -0.119         0.057
 Y3             0.067         0.135         0.183        -0.123         0.006
 X1M10          0.026         0.074         0.006        -0.037        -0.020
 X2M11         -0.054         0.006         0.042         0.052        -0.096
 X3M12          0.019        -0.012         0.035        -0.105        -0.011


           Covariances
              M3            M4            M5            M6            M7
              ________      ________      ________      ________      ________
 M3             2.750
 M4             0.551         2.920
 M5             0.460         0.517         2.420
 M6             0.341         0.072         0.629         2.556
 M7             0.241         0.250         0.499         0.076         2.705
 M8             0.712         0.378         0.235         0.336         0.604
 M9             0.399         0.498         0.653         0.678         0.399
 M10            0.232         0.261         0.546         0.637         0.695
 M11            0.640         0.693         0.529         0.467         0.657
 M12            0.349         0.888         0.553         0.418         0.769
 Y1             0.408         0.177         0.108         0.255         0.123
 Y2             0.339         0.346        -0.030         0.227         0.091
 Y3             0.333         0.193         0.081         0.122         0.156
 X1M10          0.272        -0.108        -0.061         0.000         0.022
 X2M11          0.096        -0.162        -0.105         0.005         0.015
 X3M12          0.114         0.445         0.083        -0.104         0.219


           Covariances
              M8            M9            M10           M11           M12
              ________      ________      ________      ________      ________
 M8             2.357
 M9             0.340         2.233
 M10            0.592         0.977         2.266
 M11            0.798         0.817         0.760         2.027
 M12            0.650         0.973         0.847         1.137         2.273
 Y1             0.136         0.210         0.326         0.042         0.362
 Y2             0.211         0.294         0.445         0.243         0.466
 Y3             0.284         0.299         0.468         0.185         0.458
 X1M10          0.048        -0.026        -0.073        -0.141        -0.080
 X2M11         -0.028        -0.094        -0.073         0.051        -0.005
 X3M12          0.133         0.074        -0.011         0.142         0.059


           Covariances
              Y1            Y2            Y3            X1M10         X2M11
              ________      ________      ________      ________      ________
 Y1             0.695
 Y2             0.371         1.101
 Y3             0.381         0.726         1.169
 X1M10          0.043         0.061         0.075         0.539
 X2M11          0.057         0.067         0.078         0.179         0.502
 X3M12         -0.009        -0.050        -0.093         0.048         0.027


           Covariances
              X3M12
              ________
 X3M12          0.536


           Correlations
              X1            X2            X3            M1            M2
              ________      ________      ________      ________      ________
 X1             1.000
 X2             0.325         1.000
 X3             0.399         0.378         1.000
 M1            -0.134        -0.057        -0.066         1.000
 M2             0.125         0.044        -0.008         0.054         1.000
 M3             0.068         0.275         0.175         0.180         0.025
 M4             0.058         0.083         0.114         0.141         0.216
 M5             0.258         0.063         0.102         0.033        -0.001
 M6             0.070         0.108         0.124         0.150        -0.006
 M7             0.172         0.135         0.041        -0.058         0.139
 M8             0.220         0.288         0.209         0.195         0.210
 M9             0.184        -0.008         0.104         0.065         0.173
 M10            0.159        -0.013         0.227        -0.048         0.200
 M11            0.129         0.059         0.174         0.020         0.218
 M12            0.249         0.166         0.209         0.073         0.237
 Y1             0.042         0.040         0.205         0.020        -0.078
 Y2             0.184         0.191         0.399        -0.069         0.032
 Y3             0.126         0.252         0.339        -0.069         0.003
 X1M10          0.071         0.203         0.017        -0.031        -0.016
 X2M11         -0.153         0.017         0.118         0.044        -0.079
 X3M12          0.052        -0.034         0.094        -0.087        -0.009


           Correlations
              M3            M4            M5            M6            M7
              ________      ________      ________      ________      ________
 M3             1.000
 M4             0.195         1.000
 M5             0.178         0.195         1.000
 M6             0.128         0.026         0.253         1.000
 M7             0.088         0.089         0.195         0.029         1.000
 M8             0.280         0.144         0.099         0.137         0.239
 M9             0.161         0.195         0.281         0.284         0.162
 M10            0.093         0.101         0.233         0.265         0.281
 M11            0.271         0.285         0.239         0.205         0.280
 M12            0.139         0.345         0.236         0.173         0.310
 Y1             0.295         0.124         0.083         0.191         0.089
 Y2             0.195         0.193        -0.018         0.135         0.053
 Y3             0.186         0.104         0.048         0.071         0.088
 X1M10          0.223        -0.086        -0.054         0.000         0.018
 X2M11          0.081        -0.133        -0.095         0.004         0.013
 X3M12          0.094         0.356         0.073        -0.089         0.182


           Correlations
              M8            M9            M10           M11           M12
              ________      ________      ________      ________      ________
 M8             1.000
 M9             0.148         1.000
 M10            0.256         0.434         1.000
 M11            0.365         0.384         0.354         1.000
 M12            0.281         0.432         0.373         0.529         1.000
 Y1             0.106         0.169         0.260         0.035         0.288
 Y2             0.131         0.188         0.282         0.163         0.294
 Y3             0.171         0.185         0.288         0.120         0.281
 X1M10          0.042        -0.023        -0.066        -0.134        -0.072
 X2M11         -0.026        -0.089        -0.068         0.051        -0.005
 X3M12          0.119         0.068        -0.010         0.136         0.054


           Correlations
              Y1            Y2            Y3            X1M10         X2M11
              ________      ________      ________      ________      ________
 Y1             1.000
 Y2             0.425         1.000
 Y3             0.422         0.640         1.000
 X1M10          0.071         0.079         0.094         1.000
 X2M11          0.096         0.091         0.102         0.344         1.000
 X3M12         -0.014        -0.066        -0.118         0.089         0.053


           Correlations
              X3M12
              ________
 X3M12          1.000


UNIVARIATE SAMPLE STATISTICS


     UNIVARIATE HIGHER-ORDER MOMENT DESCRIPTIVE STATISTICS

         Variable/         Mean/     Skewness/   Minimum/ % with                Percentiles
        Sample Size      Variance    Kurtosis    Maximum  Min/Max      20%/60%    40%/80%    Median

     X1                    0.000       0.324      -0.420   58.00%      -0.420     -0.420     -0.420
             100.000       0.244      -1.895       0.580   42.00%       0.580      0.580
     X2                    0.000       0.283      -0.430   57.00%      -0.430     -0.430     -0.430
             100.000       0.245      -1.920       0.570   43.00%       0.570      0.570
     X3                    0.000       0.080      -0.480   52.00%      -0.480     -0.480     -0.480
             100.000       0.250      -1.994       0.520   48.00%       0.520      0.520
     M1                    0.000       0.212      -1.760   38.00%      -1.760     -0.760     -0.260
             100.000       2.722      -1.609       2.240   25.00%       0.240      2.240
     M2                    0.000       0.147      -1.890   35.00%      -1.890     -0.890     -0.890
             100.000       2.958      -1.715       2.110   33.00%       1.110      2.110
     M3                    0.000       0.024      -2.010   30.00%      -2.010     -1.010     -0.010
             100.000       2.750      -1.637       1.990   33.00%       0.990      1.990
     M4                    0.000       0.122      -1.860   38.00%      -1.860     -0.860      0.140
             100.000       2.920      -1.699       2.140   30.00%       1.140      2.140
     M5                    0.000       0.033      -1.980   26.00%      -1.980     -0.980      0.020
             100.000       2.420      -1.520       2.020   26.00%       1.020      2.020
     M6                    0.000       0.083      -1.940   29.00%      -1.940     -0.940      0.060
             100.000       2.556      -1.558       2.060   28.00%       0.060      2.060
     M7                    0.000       0.018      -1.930   34.00%      -1.930     -0.930      0.070
             100.000       2.705      -1.637       2.070   27.00%       1.070      2.070
     M8                    0.000       0.273      -1.770   30.00%      -1.770     -0.770      0.230
             100.000       2.357      -1.393       2.230   23.00%       0.230      2.230
     M9                    0.000      -0.097      -2.130   21.00%      -2.130     -0.130     -0.130
             100.000       2.233      -1.381       1.870   28.00%       0.870      1.870
     M10                   0.000       0.237      -1.790   29.00%      -1.790     -0.790      0.210
             100.000       2.266      -1.343       2.210   22.00%       0.210      2.210
     M11                   0.000       0.088      -1.950   21.00%      -1.950     -0.950      0.050
             100.000       2.027      -1.275       2.050   21.00%       0.050      2.050
     M12                   0.000      -0.186      -2.130   23.00%      -2.130     -0.130     -0.130
             100.000       2.273      -1.422       1.870   25.00%       0.870      1.870
     Y1                    0.480       0.007      -1.826    1.00%      -0.289      0.295      0.464
             100.000       0.695       0.040       2.567    1.00%       0.684      1.094
     Y2                    0.838       0.084      -1.908    1.00%      -0.121      0.523      0.897
             100.000       1.101      -0.021       3.979    1.00%       1.110      1.660
     Y3                    1.148      -0.048      -1.451    1.00%       0.282      0.735      1.111
             100.000       1.169      -0.730       3.365    1.00%       1.431      2.226
     X1M10                 0.000      -0.287      -1.265    7.00%      -0.745     -0.225      0.295
             100.000       0.539      -1.307       0.865   16.00%       0.295      0.815
     X2M11                 0.000      -0.026      -1.153    9.00%      -0.583     -0.063     -0.013
             100.000       0.502      -1.103       1.127   11.00%       0.367      0.797
     X3M12                 0.000      -0.098      -1.156    8.00%      -0.626     -0.206      0.004
             100.000       0.536      -1.144       1.164   11.00%       0.214      0.634


     THIS ANALYSIS MAY HAVE MULTIPLE SOLUTIONS.  EXPLORE THIS USING RANDOM STARTS,
     FOR EXAMPLE, STARTS = 20.  USE A LARGE ENOUGH NUMBER OF STARTS SO THAT THE
     BEST FIT FUNCTION VALUE IS REPLICATED SEVERAL TIMES.


THE MODEL ESTIMATION TERMINATED NORMALLY

     THE STANDARD ERRORS OF THE MODEL PARAMETER ESTIMATES MAY NOT BE
     TRUSTWORTHY FOR SOME PARAMETERS DUE TO A NON-POSITIVE DEFINITE
     FIRST-ORDER DERIVATIVE PRODUCT MATRIX.  THIS MAY BE DUE TO THE STARTING
     VALUES BUT MAY ALSO BE AN INDICATION OF MODEL NONIDENTIFICATION.  THE
     CONDITION NUMBER IS      -0.621D-17.  PROBLEM INVOLVING THE FOLLOWING PARAMETER:
     Parameter 40, X2

     THIS IS MOST LIKELY DUE TO VARIABLE X1 BEING DICHOTOMOUS BUT
     DECLARED AS CONTINUOUS.




MODEL FIT INFORMATION

Number of Free Parameters                       69

Loglikelihood

          H0 Value                       -3056.019
          H0 Scaling Correction Factor      0.8646
            for MLR
          H1 Value                       -2958.207
          H1 Scaling Correction Factor      0.9592
            for MLR

Information Criteria

          Akaike (AIC)                    6250.039
          Bayesian (BIC)                  6429.796
          Sample-Size Adjusted BIC        6211.876
            (n* = (n + 2) / 24)

Chi-Square Test of Model Fit

          Value                            196.635*
          Degrees of Freedom                   183
          P-Value                           0.2326
          Scaling Correction Factor         0.9949
            for MLR

*   The chi-square value for MLM, MLMV, MLR, ULSMV, WLSM and WLSMV cannot be used
    for chi-square difference testing in the regular way.  MLM, MLR and WLSM
    chi-square difference testing is described on the Mplus website.  MLMV, WLSMV,
    and ULSMV difference testing is done using the DIFFTEST option.

RMSEA (Root Mean Square Error Of Approximation)

          Estimate                           0.027
          90 Percent C.I.                    0.000  0.053
          Probability RMSEA <= .05           0.920

CFI/TLI

          CFI                                0.954
          TLI                                0.948

Chi-Square Test of Model Fit for the Baseline Model

          Value                            508.433
          Degrees of Freedom                   210
          P-Value                           0.0000

SRMR (Standardized Root Mean Square Residual)

          Value                              0.074



MODEL RESULTS

                                                    Two-Tailed
                    Estimate       S.E.  Est./S.E.    P-Value

 X        BY
    X3                 1.000      0.000    999.000    999.000
    X2                 0.680      0.225      3.019      0.003
    X1                 0.694      0.234      2.964      0.003

 M        BY
    M12                1.000      0.000    999.000    999.000
    M11                0.896      0.133      6.752      0.000
    M10                0.789      0.166      4.759      0.000
    M9                 0.799      0.161      4.965      0.000
    M8                 0.632      0.149      4.247      0.000
    M7                 0.585      0.165      3.551      0.000
    M6                 0.472      0.174      2.711      0.007
    M5                 0.535      0.163      3.289      0.001
    M4                 0.614      0.170      3.614      0.000
    M3                 0.480      0.190      2.518      0.012
    M2                 0.474      0.169      2.799      0.005
    M1                 0.139      0.182      0.765      0.444

 Y        BY
    Y3                 1.000      0.000    999.000    999.000
    Y2                 1.013      0.158      6.404      0.000
    Y1                 0.518      0.103      5.056      0.000

 XM       BY
    X3M12              1.000      0.000    999.000    999.000
    X2M11              5.088     11.674      0.436      0.663
    X1M10              7.844     12.199      0.643      0.520

 Y        ON
    X                  0.912      0.346      2.637      0.008
    M                  0.205      0.100      2.043      0.041
    XM                 1.682      5.330      0.316      0.752

 X        WITH
    M                  0.168      0.056      3.012      0.003
    XM                 0.004      0.008      0.478      0.633

 M        WITH
    XM                -0.007      0.015     -0.467      0.640

 Intercepts
    X1                 0.000      0.049      0.000      1.000
    X2                 0.000      0.050      0.000      1.000
    X3                 0.000      0.050      0.000      1.000
    M1                 0.000      0.165      0.000      1.000
    M2                 0.000      0.172      0.000      1.000
    M3                 0.000      0.166      0.000      1.000
    M4                 0.000      0.171      0.000      1.000
    M5                 0.000      0.156      0.000      1.000
    M6                 0.000      0.160      0.000      1.000
    M7                 0.000      0.164      0.000      1.000
    M8                 0.000      0.154      0.000      1.000
    M9                 0.000      0.149      0.000      1.000
    M10                0.000      0.151      0.000      1.000
    M11                0.000      0.142      0.000      1.000
    M12                0.000      0.151      0.000      1.000
    Y1                 0.480      0.083      5.758      0.000
    Y2                 0.838      0.105      7.986      0.000
    Y3                 1.148      0.108     10.621      0.000
    X1M10              0.000      0.073      0.000      1.000
    X2M11              0.000      0.071      0.000      1.000
    X3M12              0.000      0.073      0.000      1.000

 Variances
    X                  0.143      0.042      3.451      0.001
    M                  1.192      0.277      4.303      0.000
    XM                 0.005      0.016      0.277      0.782

 Residual Variances
    X1                 0.175      0.033      5.231      0.000
    X2                 0.179      0.032      5.605      0.000
    X3                 0.106      0.042      2.553      0.011
    M1                 2.699      0.179     15.122      0.000
    M2                 2.690      0.235     11.445      0.000
    M3                 2.476      0.237     10.464      0.000
    M4                 2.471      0.261      9.468      0.000
    M5                 2.078      0.208     10.000      0.000
    M6                 2.291      0.220     10.432      0.000
    M7                 2.298      0.223     10.311      0.000
    M8                 1.880      0.236      7.975      0.000
    M9                 1.473      0.245      6.009      0.000
    M10                1.523      0.237      6.418      0.000
    M11                1.070      0.188      5.690      0.000
    M12                1.081      0.259      4.169      0.000
    Y1                 0.502      0.087      5.760      0.000
    Y2                 0.364      0.101      3.593      0.000
    Y3                 0.452      0.115      3.930      0.000
    X1M10              0.260      0.452      0.577      0.564
    X2M11              0.385      0.191      2.020      0.043
    X3M12              0.532      0.054      9.897      0.000
    Y                  0.466      0.130      3.585      0.000

New/Additional Parameters
    VAR_Y              0.718      0.149      4.824      0.000
    STD_B1             0.408      0.141      2.887      0.004
    STD_B2             0.264      0.123      2.137      0.033
    STD_B3             0.821      2.659      0.309      0.758


QUALITY OF NUMERICAL RESULTS

     Condition Number for the Information Matrix              0.424E-07
       (ratio of smallest to largest eigenvalue)


CONFIDENCE INTERVALS OF MODEL RESULTS

                  Lower .5%  Lower 2.5%    Lower 5%    Estimate    Upper 5%  Upper 2.5%   Upper .5%

 X        BY
    X3               1.000       1.000       1.000       1.000       1.000       1.000       1.000
    X2               0.100       0.238       0.309       0.680       1.050       1.121       1.260
    X1               0.091       0.235       0.309       0.694       1.079       1.153       1.297

 M        BY
    M12              1.000       1.000       1.000       1.000       1.000       1.000       1.000
    M11              0.554       0.636       0.678       0.896       1.114       1.156       1.238
    M10              0.362       0.464       0.516       0.789       1.062       1.114       1.217
    M9               0.384       0.483       0.534       0.799       1.063       1.114       1.213
    M8               0.249       0.340       0.387       0.632       0.877       0.924       1.016
    M7               0.160       0.262       0.314       0.585       0.855       0.907       1.009
    M6               0.024       0.131       0.186       0.472       0.759       0.814       0.921
    M5               0.116       0.216       0.267       0.535       0.803       0.854       0.954
    M4               0.176       0.281       0.334       0.614       0.893       0.946       1.051
    M3              -0.011       0.106       0.166       0.480       0.793       0.853       0.970
    M2               0.038       0.142       0.195       0.474       0.753       0.806       0.910
    M1              -0.330      -0.218      -0.160       0.139       0.439       0.496       0.609

 Y        BY
    Y3               1.000       1.000       1.000       1.000       1.000       1.000       1.000
    Y2               0.606       0.703       0.753       1.013       1.273       1.323       1.420
    Y1               0.254       0.317       0.350       0.518       0.687       0.719       0.783

 XM       BY
    X3M12            1.000       1.000       1.000       1.000       1.000       1.000       1.000
    X2M11          -24.982     -17.793     -14.116       5.088      24.291      27.969      35.158
    X1M10          -23.578     -16.066     -12.223       7.844      27.912      31.754      39.266

 Y        ON
    X                0.021       0.234       0.343       0.912       1.481       1.590       1.803
    M               -0.053       0.008       0.040       0.205       0.370       0.401       0.463
    XM             -12.046      -8.764      -7.085       1.682      10.450      12.128      15.410

 X        WITH
    M                0.024       0.059       0.076       0.168       0.260       0.278       0.312
    XM              -0.016      -0.011      -0.009       0.004       0.016       0.019       0.024

 M        WITH
    XM              -0.045      -0.036      -0.031      -0.007       0.017       0.022       0.031

 Intercepts
    X1              -0.127      -0.097      -0.081       0.000       0.081       0.097       0.127
    X2              -0.128      -0.097      -0.081       0.000       0.081       0.097       0.128
    X3              -0.129      -0.098      -0.082       0.000       0.082       0.098       0.129
    M1              -0.425      -0.323      -0.271       0.000       0.271       0.323       0.425
    M2              -0.443      -0.337      -0.283       0.000       0.283       0.337       0.443
    M3              -0.427      -0.325      -0.273       0.000       0.273       0.325       0.427
    M4              -0.440      -0.335      -0.281       0.000       0.281       0.335       0.440
    M5              -0.401      -0.305      -0.256       0.000       0.256       0.305       0.401
    M6              -0.412      -0.313      -0.263       0.000       0.263       0.313       0.412
    M7              -0.424      -0.322      -0.271       0.000       0.271       0.322       0.424
    M8              -0.395      -0.301      -0.253       0.000       0.253       0.301       0.395
    M9              -0.385      -0.293      -0.246       0.000       0.246       0.293       0.385
    M10             -0.388      -0.295      -0.248       0.000       0.248       0.295       0.388
    M11             -0.367      -0.279      -0.234       0.000       0.234       0.279       0.367
    M12             -0.388      -0.296      -0.248       0.000       0.248       0.296       0.388
    Y1               0.265       0.317       0.343       0.480       0.617       0.643       0.695
    Y2               0.568       0.632       0.665       0.838       1.010       1.043       1.108
    Y3               0.870       0.937       0.971       1.148       1.326       1.360       1.427
    X1M10           -0.189      -0.144      -0.121       0.000       0.121       0.144       0.189
    X2M11           -0.183      -0.139      -0.117       0.000       0.117       0.139       0.183
    X3M12           -0.189      -0.144      -0.120       0.000       0.120       0.144       0.189

 Variances
    X                0.036       0.062       0.075       0.143       0.212       0.225       0.250
    M                0.479       0.649       0.737       1.192       1.648       1.736       1.906
    XM              -0.038      -0.028      -0.022       0.005       0.031       0.037       0.047

 Residual Variances
    X1               0.089       0.109       0.120       0.175       0.229       0.240       0.260
    X2               0.097       0.116       0.126       0.179       0.231       0.241       0.261
    X3              -0.001       0.025       0.038       0.106       0.175       0.188       0.213
    M1               2.239       2.349       2.406       2.699       2.993       3.049       3.159
    M2               2.085       2.229       2.303       2.690       3.077       3.151       3.295
    M3               1.866       2.012       2.086       2.476       2.865       2.939       3.085
    M4               1.799       1.960       2.042       2.471       2.901       2.983       3.144
    M5               1.543       1.671       1.736       2.078       2.420       2.486       2.614
    M6               1.725       1.860       1.929       2.291       2.652       2.721       2.856
    M7               1.724       1.861       1.931       2.298       2.664       2.734       2.872
    M8               1.273       1.418       1.493       1.880       2.268       2.343       2.488
    M9               0.841       0.992       1.069       1.473       1.876       1.953       2.104
    M10              0.912       1.058       1.133       1.523       1.913       1.988       2.134
    M11              0.586       0.702       0.761       1.070       1.380       1.439       1.555
    M12              0.413       0.573       0.654       1.081       1.507       1.589       1.748
    Y1               0.277       0.331       0.359       0.502       0.645       0.673       0.726
    Y2               0.103       0.165       0.197       0.364       0.531       0.563       0.625
    Y3               0.156       0.226       0.263       0.452       0.641       0.677       0.748
    X1M10           -0.903      -0.625      -0.482       0.260       1.003       1.146       1.424
    X2M11           -0.106       0.012       0.072       0.385       0.699       0.759       0.876
    X3M12            0.393       0.426       0.443       0.532       0.620       0.637       0.670
    Y                0.131       0.211       0.252       0.466       0.680       0.721       0.801

New/Additional Parameters
    VAR_Y            0.334       0.426       0.473       0.718       0.962       1.009       1.101
    STD_B1           0.044       0.131       0.175       0.408       0.640       0.684       0.771
    STD_B2          -0.054       0.022       0.061       0.264       0.467       0.506       0.582
    STD_B3          -6.029      -4.391      -3.553       0.821       5.195       6.033       7.670


TECHNICAL 1 OUTPUT


     PARAMETER SPECIFICATION


           NU
              X1            X2            X3            M1            M2
              ________      ________      ________      ________      ________
                  1             2             3             4             5


           NU
              M3            M4            M5            M6            M7
              ________      ________      ________      ________      ________
                  6             7             8             9            10


           NU
              M8            M9            M10           M11           M12
              ________      ________      ________      ________      ________
                 11            12            13            14            15


           NU
              Y1            Y2            Y3            X1M10         X2M11
              ________      ________      ________      ________      ________
                 16            17            18            19            20


           NU
              X3M12
              ________
                 21


           LAMBDA
              X             M             Y             XM
              ________      ________      ________      ________
 X1                22             0             0             0
 X2                23             0             0             0
 X3                 0             0             0             0
 M1                 0            24             0             0
 M2                 0            25             0             0
 M3                 0            26             0             0
 M4                 0            27             0             0
 M5                 0            28             0             0
 M6                 0            29             0             0
 M7                 0            30             0             0
 M8                 0            31             0             0
 M9                 0            32             0             0
 M10                0            33             0             0
 M11                0            34             0             0
 M12                0             0             0             0
 Y1                 0             0            35             0
 Y2                 0             0            36             0
 Y3                 0             0             0             0
 X1M10              0             0             0            37
 X2M11              0             0             0            38
 X3M12              0             0             0             0


           THETA
              X1            X2            X3            M1            M2
              ________      ________      ________      ________      ________
 X1                39
 X2                 0            40
 X3                 0             0            41
 M1                 0             0             0            42
 M2                 0             0             0             0            43
 M3                 0             0             0             0             0
 M4                 0             0             0             0             0
 M5                 0             0             0             0             0
 M6                 0             0             0             0             0
 M7                 0             0             0             0             0
 M8                 0             0             0             0             0
 M9                 0             0             0             0             0
 M10                0             0             0             0             0
 M11                0             0             0             0             0
 M12                0             0             0             0             0
 Y1                 0             0             0             0             0
 Y2                 0             0             0             0             0
 Y3                 0             0             0             0             0
 X1M10              0             0             0             0             0
 X2M11              0             0             0             0             0
 X3M12              0             0             0             0             0


           THETA
              M3            M4            M5            M6            M7
              ________      ________      ________      ________      ________
 M3                44
 M4                 0            45
 M5                 0             0            46
 M6                 0             0             0            47
 M7                 0             0             0             0            48
 M8                 0             0             0             0             0
 M9                 0             0             0             0             0
 M10                0             0             0             0             0
 M11                0             0             0             0             0
 M12                0             0             0             0             0
 Y1                 0             0             0             0             0
 Y2                 0             0             0             0             0
 Y3                 0             0             0             0             0
 X1M10              0             0             0             0             0
 X2M11              0             0             0             0             0
 X3M12              0             0             0             0             0


           THETA
              M8            M9            M10           M11           M12
              ________      ________      ________      ________      ________
 M8                49
 M9                 0            50
 M10                0             0            51
 M11                0             0             0            52
 M12                0             0             0             0            53
 Y1                 0             0             0             0             0
 Y2                 0             0             0             0             0
 Y3                 0             0             0             0             0
 X1M10              0             0             0             0             0
 X2M11              0             0             0             0             0
 X3M12              0             0             0             0             0


           THETA
              Y1            Y2            Y3            X1M10         X2M11
              ________      ________      ________      ________      ________
 Y1                54
 Y2                 0            55
 Y3                 0             0            56
 X1M10              0             0             0            57
 X2M11              0             0             0             0            58
 X3M12              0             0             0             0             0


           THETA
              X3M12
              ________
 X3M12             59


           ALPHA
              X             M             Y             XM
              ________      ________      ________      ________
                  0             0             0             0


           BETA
              X             M             Y             XM
              ________      ________      ________      ________
 X                  0             0             0             0
 M                  0             0             0             0
 Y                 60            61             0            62
 XM                 0             0             0             0


           PSI
              X             M             Y             XM
              ________      ________      ________      ________
 X                 63
 M                 64            65
 Y                  0             0            66
 XM                67            68             0            69


     PARAMETER SPECIFICATION FOR THE ADDITIONAL PARAMETERS


           New/Additional Parameters
              VAR_Y         STD_B1        STD_B2        STD_B3
              ________      ________      ________      ________
                   70            71            72            73


     STARTING VALUES


           NU
              X1            X2            X3            M1            M2
              ________      ________      ________      ________      ________
                0.000         0.000         0.000         0.000         0.000


           NU
              M3            M4            M5            M6            M7
              ________      ________      ________      ________      ________
                0.000         0.000         0.000         0.000         0.000


           NU
              M8            M9            M10           M11           M12
              ________      ________      ________      ________      ________
                0.000         0.000         0.000         0.000         0.000


           NU
              Y1            Y2            Y3            X1M10         X2M11
              ________      ________      ________      ________      ________
                0.480         0.838         1.148         0.000         0.000


           NU
              X3M12
              ________
                0.000


           LAMBDA
              X             M             Y             XM
              ________      ________      ________      ________
 X1             0.848         0.000         0.000         0.000
 X2             0.807         0.000         0.000         0.000
 X3             1.000         0.000         0.000         0.000
 M1             0.000         3.109         0.000         0.000
 M2             0.000         0.743         0.000         0.000
 M3             0.000         2.234         0.000         0.000
 M4             0.000         1.582         0.000         0.000
 M5             0.000         1.172         0.000         0.000
 M6             0.000         0.738         0.000         0.000
 M7             0.000         0.289         0.000         0.000
 M8             0.000         1.425         0.000         0.000
 M9             0.000         0.795         0.000         0.000
 M10            0.000         1.299         0.000         0.000
 M11            0.000         2.437         0.000         0.000
 M12            0.000         1.000         0.000         0.000
 Y1             0.000         0.000         0.511         0.000
 Y2             0.000         0.000         0.975         0.000
 Y3             0.000         0.000         1.000         0.000
 X1M10          0.000         0.000         0.000         6.559
 X2M11          0.000         0.000         0.000         3.749
 X3M12          0.000         0.000         0.000         1.000


           THETA
              X1            X2            X3            M1            M2
              ________      ________      ________      ________      ________
 X1             0.122
 X2             0.000         0.123
 X3             0.000         0.000         0.125
 M1             0.000         0.000         0.000         1.361
 M2             0.000         0.000         0.000         0.000         1.479
 M3             0.000         0.000         0.000         0.000         0.000
 M4             0.000         0.000         0.000         0.000         0.000
 M5             0.000         0.000         0.000         0.000         0.000
 M6             0.000         0.000         0.000         0.000         0.000
 M7             0.000         0.000         0.000         0.000         0.000
 M8             0.000         0.000         0.000         0.000         0.000
 M9             0.000         0.000         0.000         0.000         0.000
 M10            0.000         0.000         0.000         0.000         0.000
 M11            0.000         0.000         0.000         0.000         0.000
 M12            0.000         0.000         0.000         0.000         0.000
 Y1             0.000         0.000         0.000         0.000         0.000
 Y2             0.000         0.000         0.000         0.000         0.000
 Y3             0.000         0.000         0.000         0.000         0.000
 X1M10          0.000         0.000         0.000         0.000         0.000
 X2M11          0.000         0.000         0.000         0.000         0.000
 X3M12          0.000         0.000         0.000         0.000         0.000


           THETA
              M3            M4            M5            M6            M7
              ________      ________      ________      ________      ________
 M3             1.375
 M4             0.000         1.460
 M5             0.000         0.000         1.210
 M6             0.000         0.000         0.000         1.278
 M7             0.000         0.000         0.000         0.000         1.353
 M8             0.000         0.000         0.000         0.000         0.000
 M9             0.000         0.000         0.000         0.000         0.000
 M10            0.000         0.000         0.000         0.000         0.000
 M11            0.000         0.000         0.000         0.000         0.000
 M12            0.000         0.000         0.000         0.000         0.000
 Y1             0.000         0.000         0.000         0.000         0.000
 Y2             0.000         0.000         0.000         0.000         0.000
 Y3             0.000         0.000         0.000         0.000         0.000
 X1M10          0.000         0.000         0.000         0.000         0.000
 X2M11          0.000         0.000         0.000         0.000         0.000
 X3M12          0.000         0.000         0.000         0.000         0.000


           THETA
              M8            M9            M10           M11           M12
              ________      ________      ________      ________      ________
 M8             1.179
 M9             0.000         1.117
 M10            0.000         0.000         1.133
 M11            0.000         0.000         0.000         1.014
 M12            0.000         0.000         0.000         0.000         1.137
 Y1             0.000         0.000         0.000         0.000         0.000
 Y2             0.000         0.000         0.000         0.000         0.000
 Y3             0.000         0.000         0.000         0.000         0.000
 X1M10          0.000         0.000         0.000         0.000         0.000
 X2M11          0.000         0.000         0.000         0.000         0.000
 X3M12          0.000         0.000         0.000         0.000         0.000


           THETA
              Y1            Y2            Y3            X1M10         X2M11
              ________      ________      ________      ________      ________
 Y1             0.347
 Y2             0.000         0.550
 Y3             0.000         0.000         0.585
 X1M10          0.000         0.000         0.000         0.270
 X2M11          0.000         0.000         0.000         0.000         0.251
 X3M12          0.000         0.000         0.000         0.000         0.000


           THETA
              X3M12
              ________
 X3M12          0.268


           ALPHA
              X             M             Y             XM
              ________      ________      ________      ________
                0.000         0.000         0.000         0.000


           BETA
              X             M             Y             XM
              ________      ________      ________      ________
 X              0.000         0.000         0.000         0.000
 M              0.000         0.000         0.000         0.000
 Y              0.000         0.000         0.000         0.000
 XM             0.000         0.000         0.000         0.000


           PSI
              X             M             Y             XM
              ________      ________      ________      ________
 X              0.050
 M              0.000         0.050
 Y              0.000         0.000         0.050
 XM             0.000         0.000         0.000         0.050


     STARTING VALUES FOR THE ADDITIONAL PARAMETERS


           New/Additional Parameters
              VAR_Y         STD_B1        STD_B2        STD_B3
              ________      ________      ________      ________
                0.500         0.500         0.500         0.500


RESULTS SAVING INFORMATION

  Order of data

    Parameter estimates
     (saved in order shown in Technical 1 output)
    Standard errors
     (saved in order shown in Technical 1 output)
    Number of Free Parameters
    H0 Loglikelihood
    H0 Scaling Correction Factor for MLR
    H1 Loglikelihood
    H1 Scaling Correction Factor for MLR
    Akaike (AIC)
    Bayesian (BIC)
    Sample-Size Adjusted BIC
    Chi-square : Value
    Chi-square : Degrees of Freedom
    Chi-square : P-Value
    Chi-square : Scaling Correction Factor for MLR/MLM/WLSM
    CFI
    TLI
    RMSEA : Estimate
    RMSEA : Low CI
    RMSEA : High CI
    RMSEA : Probability
    SRMR
    Condition Number

  Save file
    matchupi_results_302.dat

  Save file format           Free


     Beginning Time:  17:38:19
        Ending Time:  17:38:21
       Elapsed Time:  00:00:02



MUTHEN & MUTHEN
3463 Stoner Ave.
Los Angeles, CA  90066

Tel: (310) 391-9971
Fax: (310) 391-8971
Web: www.StatModel.com
Support: Support@StatModel.com

Copyright (c) 1998-2022 Muthen & Muthen
