Mplus VERSION 8.8 (Mac)
MUTHEN & MUTHEN
07/27/2025   4:31 PM

INPUT INSTRUCTIONS


    TITLE: Matched-pair Unconstrained Product Indicator

    DATA:
      FILE = matchupi_simdat_1019.dat;
      FORMAT IS FREE;

    VARIABLE:
      NAMES = x1 x2 x3
      	    m1 m2 m3 m4 m5 m6
      	    m7 m8 m9 m10 m11 m12
      	    y1 y2 y3
      	    x1m10 x2m11 x3m12;
      USEVARIABLES = x1-x3m12;

    ANALYSIS:
      TYPE = general;
      ESTIMATOR = MLR;
    MODEL:
      !measurement model
      X BY x3 x2 x1;
      X (var_X);
      M BY m12 m11 m10 m9 m8 m7 m6 m5 m4 m3 m2 m1;
      M (var_M);
      Y BY y3 y2 y1;
      Y (resvar_Y);
      XM BY x3m12 x2m11 x1m10;
      XM (var_XM);

      !covariances between predictors
      X WITH M (cov_XM);
      X WITH XM (cov_XXM);
      M WITH XM (cov_MXM);

      !structural model
      Y ON X (b1);
      Y ON M (b2);
      Y ON XM (b3);

    MODEL CONSTRAINT:

      NEW(var_Y std_b1 std_b2 std_b3);
      var_Y = resvar_Y +
       (b1^2 * var_X +
        b2^2 * var_M +
        b3^2 * var_XM +
        2 * b1 * b2 * cov_XM +
        2 * b1 * b3 * cov_XXM +
        2 * b2 * b3 * cov_MXM);

        std_b1 = b1 * sqrt(var_X) / sqrt(var_Y);
        std_b2 = b2 * sqrt(var_M) / sqrt(var_Y);
        std_b3 = b3 * sqrt(var_X) * sqrt(var_M) / sqrt(var_Y);

    OUTPUT:
      sampstat tech1 CINTERVAL;

    SAVEDATA:
      RESULTS = matchupi_results_1019.dat;




INPUT READING TERMINATED NORMALLY



Matched-pair Unconstrained Product Indicator

SUMMARY OF ANALYSIS

Number of groups                                                 1
Number of observations                                         100

Number of dependent variables                                   21
Number of independent variables                                  0
Number of continuous latent variables                            4

Observed dependent variables

  Continuous
   X1          X2          X3          M1          M2          M3
   M4          M5          M6          M7          M8          M9
   M10         M11         M12         Y1          Y2          Y3
   X1M10       X2M11       X3M12

Continuous latent variables
   X           M           Y           XM


Estimator                                                      MLR
Information matrix                                        OBSERVED
Maximum number of iterations                                  1000
Convergence criterion                                    0.500D-04
Maximum number of steepest descent iterations                   20

Input data file(s)
  matchupi_simdat_1019.dat

Input data format  FREE


SAMPLE STATISTICS


     SAMPLE STATISTICS


           Means
              X1            X2            X3            M1            M2
              ________      ________      ________      ________      ________
                0.000         0.000         0.000         0.000         0.000


           Means
              M3            M4            M5            M6            M7
              ________      ________      ________      ________      ________
                0.000         0.000         0.000         0.000         0.000


           Means
              M8            M9            M10           M11           M12
              ________      ________      ________      ________      ________
                0.000         0.000         0.000         0.000         0.000


           Means
              Y1            Y2            Y3            X1M10         X2M11
              ________      ________      ________      ________      ________
                0.660         0.861         1.038         0.000         0.000


           Means
              X3M12
              ________
                0.000


           Covariances
              X1            X2            X3            M1            M2
              ________      ________      ________      ________      ________
 X1             0.250
 X2             0.062         0.244
 X3             0.084         0.079         0.248
 M1             0.087         0.133         0.017         2.644
 M2            -0.058         0.035         0.048        -0.016         2.773
 M3             0.112         0.025        -0.151        -0.096        -0.017
 M4             0.075         0.076         0.135        -0.257         0.249
 M5             0.062        -0.043         0.128         0.181         0.460
 M6             0.111         0.082         0.005         0.491        -0.097
 M7             0.176         0.079         0.059        -0.024        -0.131
 M8             0.098         0.011         0.128        -0.008         0.277
 M9             0.041         0.072        -0.020         0.401         0.418
 M10           -0.018         0.127         0.038         0.161         0.161
 M11            0.061         0.135         0.203        -0.100        -0.222
 M12            0.114         0.099         0.193         0.237        -0.276
 Y1             0.057         0.028         0.067         0.165        -0.033
 Y2             0.055         0.067         0.117         0.075         0.040
 Y3             0.081         0.122         0.102         0.242         0.092
 X1M10          0.049        -0.031        -0.019         0.024        -0.059
 X2M11          0.061         0.022        -0.041         0.128        -0.099
 X3M12          0.001         0.080         0.045         0.034        -0.003


           Covariances
              M3            M4            M5            M6            M7
              ________      ________      ________      ________      ________
 M3             2.553
 M4             0.059         2.790
 M5             0.271        -0.321         2.848
 M6             0.143         0.118         0.278         2.106
 M7             0.429         0.241         0.530         0.555         2.625
 M8             0.227         0.017         0.590         0.061         0.443
 M9             0.208         0.263         0.373         0.161         0.550
 M10            0.370         0.248         0.627         0.678         0.681
 M11            0.428         0.371         0.319         0.563         0.686
 M12            0.234         0.429         0.502         0.379         0.644
 Y1             0.094         0.082        -0.022         0.004        -0.032
 Y2            -0.022         0.188         0.056         0.236        -0.049
 Y3             0.168        -0.131         0.322         0.161         0.178
 X1M10          0.001        -0.145        -0.036         0.265        -0.021
 X2M11          0.258         0.198        -0.043         0.136         0.044
 X3M12          0.033        -0.161        -0.065         0.058        -0.026


           Covariances
              M8            M9            M10           M11           M12
              ________      ________      ________      ________      ________
 M8             2.481
 M9             0.456         2.266
 M10            0.900         0.643         2.308
 M11            0.620         0.213         1.029         2.296
 M12            0.564         0.785         0.962         1.023         1.927
 Y1             0.167         0.107         0.087         0.416         0.257
 Y2             0.349        -0.026         0.048         0.163         0.277
 Y3             0.405         0.109         0.125         0.282         0.181
 X1M10         -0.099        -0.147        -0.054        -0.080        -0.021
 X2M11         -0.186        -0.033        -0.061         0.120         0.121
 X3M12         -0.013        -0.083         0.094        -0.051         0.019


           Covariances
              Y1            Y2            Y3            X1M10         X2M11
              ________      ________      ________      ________      ________
 Y1             0.647
 Y2             0.360         0.944
 Y3             0.305         0.616         1.268
 X1M10         -0.049        -0.011         0.045         0.442
 X2M11          0.081        -0.048         0.077         0.056         0.560
 X3M12         -0.054         0.043         0.016         0.029         0.018


           Covariances
              X3M12
              ________
 X3M12          0.572


           Correlations
              X1            X2            X3            M1            M2
              ________      ________      ________      ________      ________
 X1             1.000
 X2             0.250         1.000
 X3             0.338         0.322         1.000
 M1             0.107         0.165         0.021         1.000
 M2            -0.069         0.043         0.059        -0.006         1.000
 M3             0.141         0.032        -0.191        -0.037        -0.006
 M4             0.090         0.092         0.162        -0.094         0.089
 M5             0.074        -0.052         0.152         0.066         0.164
 M6             0.153         0.114         0.006         0.208        -0.040
 M7             0.218         0.099         0.073        -0.009        -0.049
 M8             0.125         0.015         0.164        -0.003         0.106
 M9             0.054         0.097        -0.027         0.164         0.167
 M10           -0.024         0.169         0.050         0.065         0.063
 M11            0.081         0.181         0.269        -0.041        -0.088
 M12            0.164         0.144         0.279         0.105        -0.120
 Y1             0.141         0.070         0.167         0.126        -0.025
 Y2             0.112         0.140         0.242         0.047         0.025
 Y3             0.144         0.220         0.182         0.132         0.049
 X1M10          0.147        -0.094        -0.058         0.022        -0.053
 X2M11          0.163         0.059        -0.110         0.105        -0.079
 X3M12          0.002         0.213         0.119         0.027        -0.002


           Correlations
              M3            M4            M5            M6            M7
              ________      ________      ________      ________      ________
 M3             1.000
 M4             0.022         1.000
 M5             0.100        -0.114         1.000
 M6             0.062         0.049         0.114         1.000
 M7             0.166         0.089         0.194         0.236         1.000
 M8             0.090         0.006         0.222         0.027         0.174
 M9             0.086         0.105         0.147         0.074         0.225
 M10            0.153         0.098         0.245         0.308         0.276
 M11            0.177         0.146         0.125         0.256         0.279
 M12            0.105         0.185         0.214         0.188         0.286
 Y1             0.073         0.061        -0.016         0.003        -0.025
 Y2            -0.014         0.116         0.034         0.167        -0.031
 Y3             0.094        -0.070         0.170         0.098         0.098
 X1M10          0.001        -0.131        -0.032         0.274        -0.020
 X2M11          0.215         0.158        -0.034         0.125         0.037
 X3M12          0.027        -0.127        -0.051         0.053        -0.021


           Correlations
              M8            M9            M10           M11           M12
              ________      ________      ________      ________      ________
 M8             1.000
 M9             0.192         1.000
 M10            0.376         0.281         1.000
 M11            0.260         0.093         0.447         1.000
 M12            0.258         0.375         0.456         0.486         1.000
 Y1             0.132         0.088         0.071         0.341         0.230
 Y2             0.228        -0.018         0.033         0.111         0.205
 Y3             0.228         0.064         0.073         0.165         0.116
 X1M10         -0.094        -0.147        -0.054        -0.079        -0.022
 X2M11         -0.158        -0.029        -0.054         0.106         0.116
 X3M12         -0.011        -0.073         0.082        -0.044         0.018


           Correlations
              Y1            Y2            Y3            X1M10         X2M11
              ________      ________      ________      ________      ________
 Y1             1.000
 Y2             0.461         1.000
 Y3             0.337         0.563         1.000
 X1M10         -0.091        -0.017         0.060         1.000
 X2M11          0.135        -0.066         0.091         0.112         1.000
 X3M12         -0.089         0.058         0.019         0.057         0.032


           Correlations
              X3M12
              ________
 X3M12          1.000


UNIVARIATE SAMPLE STATISTICS


     UNIVARIATE HIGHER-ORDER MOMENT DESCRIPTIVE STATISTICS

         Variable/         Mean/     Skewness/   Minimum/ % with                Percentiles
        Sample Size      Variance    Kurtosis    Maximum  Min/Max      20%/60%    40%/80%    Median

     X1                    0.000      -0.080      -0.520   48.00%      -0.520     -0.520      0.480
             100.000       0.250      -1.994       0.480   52.00%       0.480      0.480
     X2                    0.000       0.324      -0.420   58.00%      -0.420     -0.420     -0.420
             100.000       0.244      -1.895       0.580   42.00%       0.580      0.580
     X3                    0.000      -0.201      -0.550   45.00%      -0.550     -0.550      0.450
             100.000       0.248      -1.960       0.450   55.00%       0.450      0.450
     M1                    0.000       0.320      -1.660   40.00%      -1.660     -1.660     -0.660
             100.000       2.644      -1.521       2.340   23.00%       0.340      2.340
     M2                    0.000      -0.155      -2.130   29.00%      -2.130     -1.130      0.870
             100.000       2.773      -1.658       1.870   33.00%       0.870      1.870
     M3                    0.000      -0.095      -2.130   25.00%      -2.130     -0.130     -0.130
             100.000       2.553      -1.547       1.870   33.00%       0.870      1.870
     M4                    0.000      -0.003      -2.010   32.00%      -2.010     -1.010     -0.010
             100.000       2.790      -1.640       1.990   33.00%       0.990      1.990
     M5                    0.000      -0.161      -2.150   30.00%      -2.150     -1.150     -0.150
             100.000       2.848      -1.659       1.850   36.00%       0.850      1.850
     M6                    0.000      -0.251      -2.210   19.00%      -1.210     -0.210     -0.210
             100.000       2.106      -1.306       1.790   25.00%       0.790      1.790
     M7                    0.000      -0.014      -1.930   34.00%      -1.930     -0.930      0.070
             100.000       2.625      -1.605       2.070   25.00%       1.070      2.070
     M8                    0.000      -0.338      -2.330   21.00%      -2.330     -0.330      0.670
             100.000       2.481      -1.469       1.670   35.00%       0.670      1.670
     M9                    0.000       0.271      -1.710   32.00%      -1.710     -0.710      0.290
             100.000       2.266      -1.365       2.290   19.00%       0.290      1.290
     M10                   0.000      -0.169      -2.150   23.00%      -2.150     -0.150     -0.150
             100.000       2.308      -1.405       1.850   28.00%       0.850      1.850
     M11                   0.000       0.084      -1.940   25.00%      -1.940     -0.940      0.060
             100.000       2.296      -1.445       2.060   24.00%       0.060      2.060
     M12                   0.000      -0.134      -2.050   20.00%      -2.050     -0.050     -0.050
             100.000       1.927      -1.242       1.950   18.00%       0.950      0.950
     Y1                    0.660      -0.216      -2.121    1.00%       0.016      0.452      0.677
             100.000       0.647       0.414       2.452    1.00%       0.826      1.318
     Y2                    0.861       0.076      -1.845    1.00%       0.083      0.523      0.780
             100.000       0.944      -0.234       3.030    1.00%       1.048      1.610
     Y3                    1.038       0.628      -1.177    1.00%       0.048      0.686      1.078
             100.000       1.268       1.018       5.088    1.00%       1.221      1.792
     X1M10                 0.000      -0.267      -1.265    4.00%      -0.715     -0.215      0.235
             100.000       0.442      -1.038       0.935   13.00%       0.235      0.685
     X2M11                 0.000      -0.174      -1.260    9.00%      -0.680     -0.160     -0.100
             100.000       0.560      -1.191       1.060   15.00%       0.260      0.680
     X3M12                 0.000       0.065      -1.014   13.00%      -0.944     -0.424     -0.054
             100.000       0.572      -1.393       1.136   10.00%       0.096      0.906


     THIS ANALYSIS MAY HAVE MULTIPLE SOLUTIONS.  EXPLORE THIS USING RANDOM STARTS,
     FOR EXAMPLE, STARTS = 20.  USE A LARGE ENOUGH NUMBER OF STARTS SO THAT THE
     BEST FIT FUNCTION VALUE IS REPLICATED SEVERAL TIMES.


THE MODEL ESTIMATION TERMINATED NORMALLY

     THE STANDARD ERRORS OF THE MODEL PARAMETER ESTIMATES MAY NOT BE
     TRUSTWORTHY FOR SOME PARAMETERS DUE TO A NON-POSITIVE DEFINITE
     FIRST-ORDER DERIVATIVE PRODUCT MATRIX.  THIS MAY BE DUE TO THE STARTING
     VALUES BUT MAY ALSO BE AN INDICATION OF MODEL NONIDENTIFICATION.  THE
     CONDITION NUMBER IS      -0.251D-10.  PROBLEM INVOLVING THE FOLLOWING PARAMETER:
     Parameter 40, X2

     THIS IS MOST LIKELY DUE TO VARIABLE X1 BEING DICHOTOMOUS BUT
     DECLARED AS CONTINUOUS.


     WARNING:  THE RESIDUAL COVARIANCE MATRIX (THETA) IS NOT POSITIVE DEFINITE.
     THIS COULD INDICATE A NEGATIVE VARIANCE/RESIDUAL VARIANCE FOR AN OBSERVED
     VARIABLE, A CORRELATION GREATER OR EQUAL TO ONE BETWEEN TWO OBSERVED
     VARIABLES, OR A LINEAR DEPENDENCY AMONG MORE THAN TWO OBSERVED VARIABLES.
     CHECK THE RESULTS SECTION FOR MORE INFORMATION.
     PROBLEM INVOLVING VARIABLE X3M12.




MODEL FIT INFORMATION

Number of Free Parameters                       69

Loglikelihood

          H0 Value                       -3080.518
          H0 Scaling Correction Factor      0.8809
            for MLR
          H1 Value                       -2972.569
          H1 Scaling Correction Factor      0.9582
            for MLR

Information Criteria

          Akaike (AIC)                    6299.036
          Bayesian (BIC)                  6478.793
          Sample-Size Adjusted BIC        6260.874
            (n* = (n + 2) / 24)

Chi-Square Test of Model Fit

          Value                            218.661*
          Degrees of Freedom                   183
          P-Value                           0.0368
          Scaling Correction Factor         0.9874
            for MLR

*   The chi-square value for MLM, MLMV, MLR, ULSMV, WLSM and WLSMV cannot be used
    for chi-square difference testing in the regular way.  MLM, MLR and WLSM
    chi-square difference testing is described on the Mplus website.  MLMV, WLSMV,
    and ULSMV difference testing is done using the DIFFTEST option.

RMSEA (Root Mean Square Error Of Approximation)

          Estimate                           0.044
          90 Percent C.I.                    0.012  0.065
          Probability RMSEA <= .05           0.657

CFI/TLI

          CFI                                0.848
          TLI                                0.826

Chi-Square Test of Model Fit for the Baseline Model

          Value                            444.516
          Degrees of Freedom                   210
          P-Value                           0.0000

SRMR (Standardized Root Mean Square Residual)

          Value                              0.074



MODEL RESULTS

                                                    Two-Tailed
                    Estimate       S.E.  Est./S.E.    P-Value

 X        BY
    X3                 1.000      0.000    999.000    999.000
    X2                 0.791      0.264      2.991      0.003
    X1                 0.712      0.249      2.855      0.004

 M        BY
    M12                1.000      0.000    999.000    999.000
    M11                0.972      0.186      5.241      0.000
    M10                1.026      0.231      4.451      0.000
    M9                 0.592      0.174      3.408      0.001
    M8                 0.687      0.213      3.229      0.001
    M7                 0.714      0.199      3.595      0.000
    M6                 0.510      0.187      2.731      0.006
    M5                 0.538      0.217      2.478      0.013
    M4                 0.317      0.190      1.671      0.095
    M3                 0.332      0.199      1.672      0.094
    M2                -0.006      0.213     -0.030      0.976
    M1                 0.173      0.188      0.925      0.355

 Y        BY
    Y3                 1.000      0.000    999.000    999.000
    Y2                 1.047      0.197      5.327      0.000
    Y1                 0.579      0.108      5.342      0.000

 XM       BY
    X3M12              1.000      0.000    999.000    999.000
    X2M11              0.003      0.381      0.007      0.994
    X1M10              0.005      0.665      0.007      0.994

 Y        ON
    X                  0.826      0.545      1.517      0.129
    M                  0.105      0.119      0.884      0.377
    XM                -0.004      0.607     -0.007      0.994

 X        WITH
    M                  0.131      0.061      2.165      0.030
    XM                 0.052      0.036      1.443      0.149

 M        WITH
    XM                 0.004      0.107      0.041      0.967

 Intercepts
    X1                 0.000      0.050      0.000      1.000
    X2                 0.000      0.049      0.000      1.000
    X3                 0.000      0.050      0.000      1.000
    M1                 0.000      0.163      0.000      1.000
    M2                 0.000      0.167      0.000      1.000
    M3                 0.000      0.160      0.000      1.000
    M4                 0.000      0.167      0.000      1.000
    M5                 0.000      0.169      0.000      1.000
    M6                 0.000      0.145      0.000      1.000
    M7                 0.000      0.162      0.000      1.000
    M8                 0.000      0.158      0.000      1.000
    M9                 0.000      0.151      0.000      1.000
    M10                0.000      0.152      0.000      1.000
    M11                0.000      0.152      0.000      1.000
    M12                0.000      0.139      0.000      1.000
    Y1                 0.660      0.080      8.212      0.000
    Y2                 0.861      0.097      8.861      0.000
    Y3                 1.038      0.113      9.220      0.000
    X1M10              0.000      0.066      0.000      1.000
    X2M11              0.000      0.075      0.000      1.000
    X3M12              0.000      0.076      0.000      1.000

 Variances
    X                  0.108      0.038      2.853      0.004
    M                  0.991      0.277      3.572      0.000
    XM                 5.796    789.895      0.007      0.994

 Residual Variances
    X1                 0.195      0.033      5.992      0.000
    X2                 0.176      0.031      5.710      0.000
    X3                 0.140      0.037      3.753      0.000
    M1                 2.615      0.192     13.604      0.000
    M2                 2.773      0.162     17.094      0.000
    M3                 2.444      0.209     11.687      0.000
    M4                 2.690      0.200     13.431      0.000
    M5                 2.561      0.247     10.388      0.000
    M6                 1.848      0.208      8.872      0.000
    M7                 2.119      0.262      8.081      0.000
    M8                 2.014      0.264      7.631      0.000
    M9                 1.918      0.232      8.273      0.000
    M10                1.264      0.257      4.913      0.000
    M11                1.359      0.240      5.667      0.000
    M12                0.936      0.265      3.529      0.000
    Y1                 0.451      0.094      4.821      0.000
    Y2                 0.305      0.129      2.367      0.018
    Y3                 0.685      0.184      3.720      0.000
    X1M10              0.442      0.047      9.381      0.000
    X2M11              0.560      0.051     10.894      0.000
    X3M12             -5.224    789.889     -0.007      0.995
    Y                  0.476      0.142      3.359      0.001

New/Additional Parameters
    VAR_Y              0.583      0.169      3.453      0.001
    STD_B1             0.355      0.201      1.765      0.078
    STD_B2             0.138      0.153      0.899      0.368
    STD_B3            -0.002      0.260     -0.007      0.994


QUALITY OF NUMERICAL RESULTS

     Condition Number for the Information Matrix              0.807E-09
       (ratio of smallest to largest eigenvalue)


CONFIDENCE INTERVALS OF MODEL RESULTS

                  Lower .5%  Lower 2.5%    Lower 5%    Estimate    Upper 5%  Upper 2.5%   Upper .5%

 X        BY
    X3               1.000       1.000       1.000       1.000       1.000       1.000       1.000
    X2               0.110       0.273       0.356       0.791       1.226       1.309       1.472
    X1               0.070       0.223       0.302       0.712       1.122       1.201       1.355

 M        BY
    M12              1.000       1.000       1.000       1.000       1.000       1.000       1.000
    M11              0.494       0.609       0.667       0.972       1.278       1.336       1.450
    M10              0.432       0.574       0.647       1.026       1.405       1.478       1.620
    M9               0.145       0.252       0.306       0.592       0.878       0.933       1.040
    M8               0.139       0.270       0.337       0.687       1.036       1.103       1.234
    M7               0.202       0.325       0.387       0.714       1.041       1.104       1.226
    M6               0.029       0.144       0.203       0.510       0.818       0.876       0.991
    M5              -0.021       0.112       0.181       0.538       0.895       0.963       1.097
    M4              -0.172      -0.055       0.005       0.317       0.629       0.689       0.806
    M3              -0.180      -0.057       0.005       0.332       0.659       0.722       0.844
    M2              -0.556      -0.425      -0.358      -0.006       0.345       0.412       0.543
    M1              -0.310      -0.194      -0.135       0.173       0.482       0.541       0.657

 Y        BY
    Y3               1.000       1.000       1.000       1.000       1.000       1.000       1.000
    Y2               0.541       0.662       0.724       1.047       1.370       1.432       1.553
    Y1               0.300       0.367       0.401       0.579       0.757       0.791       0.858

 XM       BY
    X3M12            1.000       1.000       1.000       1.000       1.000       1.000       1.000
    X2M11           -0.978      -0.744      -0.624       0.003       0.629       0.749       0.984
    X1M10           -1.707      -1.298      -1.088       0.005       1.098       1.308       1.717

 Y        ON
    X               -0.577      -0.241      -0.070       0.826       1.723       1.894       2.230
    M               -0.202      -0.128      -0.091       0.105       0.302       0.339       0.413
    XM              -1.567      -1.193      -1.002      -0.004       0.993       1.184       1.558

 X        WITH
    M               -0.025       0.012       0.031       0.131       0.231       0.250       0.287
    XM              -0.041      -0.018      -0.007       0.052       0.110       0.122       0.144

 M        WITH
    XM              -0.270      -0.204      -0.171       0.004       0.180       0.213       0.279

 Intercepts
    X1              -0.129      -0.098      -0.082       0.000       0.082       0.098       0.129
    X2              -0.127      -0.097      -0.081       0.000       0.081       0.097       0.127
    X3              -0.128      -0.098      -0.082       0.000       0.082       0.098       0.128
    M1              -0.419      -0.319      -0.268       0.000       0.268       0.319       0.419
    M2              -0.429      -0.326      -0.274       0.000       0.274       0.326       0.429
    M3              -0.412      -0.313      -0.263       0.000       0.263       0.313       0.412
    M4              -0.430      -0.327      -0.275       0.000       0.275       0.327       0.430
    M5              -0.435      -0.331      -0.278       0.000       0.278       0.331       0.435
    M6              -0.374      -0.284      -0.239       0.000       0.239       0.284       0.374
    M7              -0.417      -0.318      -0.267       0.000       0.267       0.318       0.417
    M8              -0.406      -0.309      -0.259       0.000       0.259       0.309       0.406
    M9              -0.388      -0.295      -0.248       0.000       0.248       0.295       0.388
    M10             -0.391      -0.298      -0.250       0.000       0.250       0.298       0.391
    M11             -0.390      -0.297      -0.249       0.000       0.249       0.297       0.390
    M12             -0.358      -0.272      -0.228       0.000       0.228       0.272       0.358
    Y1               0.453       0.503       0.528       0.660       0.793       0.818       0.868
    Y2               0.610       0.670       0.701       0.861       1.020       1.051       1.111
    Y3               0.748       0.817       0.853       1.038       1.223       1.259       1.328
    X1M10           -0.171      -0.130      -0.109       0.000       0.109       0.130       0.171
    X2M11           -0.193      -0.147      -0.123       0.000       0.123       0.147       0.193
    X3M12           -0.195      -0.148      -0.124       0.000       0.124       0.148       0.195

 Variances
    X                0.010       0.034       0.046       0.108       0.170       0.182       0.205
    M                0.276       0.447       0.535       0.991       1.447       1.535       1.706
    XM           -2028.817   -1542.399   -1293.582       5.796    1305.173    1553.990    2040.408

 Residual Variances
    X1               0.111       0.131       0.141       0.195       0.248       0.259       0.279
    X2               0.097       0.116       0.125       0.176       0.227       0.237       0.256
    X3               0.044       0.067       0.078       0.140       0.201       0.213       0.235
    M1               2.120       2.238       2.298       2.615       2.931       2.991       3.110
    M2               2.355       2.455       2.506       2.773       3.040       3.091       3.191
    M3               1.905       2.034       2.100       2.444       2.788       2.853       2.982
    M4               2.174       2.298       2.361       2.690       3.020       3.083       3.206
    M5               1.926       2.078       2.155       2.561       2.966       3.044       3.196
    M6               1.311       1.440       1.505       1.848       2.191       2.256       2.384
    M7               1.444       1.605       1.688       2.119       2.551       2.634       2.795
    M8               1.334       1.497       1.580       2.014       2.448       2.531       2.694
    M9               1.321       1.464       1.537       1.918       2.300       2.373       2.516
    M10              0.601       0.760       0.841       1.264       1.687       1.768       1.927
    M11              0.741       0.889       0.965       1.359       1.754       1.830       1.977
    M12              0.253       0.416       0.500       0.936       1.373       1.457       1.620
    Y1               0.210       0.268       0.297       0.451       0.605       0.635       0.692
    Y2              -0.027       0.052       0.093       0.305       0.517       0.557       0.636
    Y3               0.211       0.324       0.382       0.685       0.988       1.046       1.159
    X1M10            0.321       0.350       0.364       0.442       0.519       0.534       0.563
    X2M11            0.428       0.460       0.476       0.560       0.645       0.661       0.693
    X3M12        -2039.819   -1553.405   -1304.590      -5.224    1294.143    1542.958    2029.371
    Y                0.111       0.198       0.243       0.476       0.708       0.753       0.840

New/Additional Parameters
    VAR_Y            0.148       0.252       0.305       0.583       0.860       0.914       1.018
    STD_B1          -0.163      -0.039       0.024       0.355       0.687       0.750       0.874
    STD_B2          -0.256      -0.162      -0.114       0.138       0.389       0.437       0.531
    STD_B3          -0.670      -0.511      -0.429      -0.002       0.425       0.507       0.667


TECHNICAL 1 OUTPUT


     PARAMETER SPECIFICATION


           NU
              X1            X2            X3            M1            M2
              ________      ________      ________      ________      ________
                  1             2             3             4             5


           NU
              M3            M4            M5            M6            M7
              ________      ________      ________      ________      ________
                  6             7             8             9            10


           NU
              M8            M9            M10           M11           M12
              ________      ________      ________      ________      ________
                 11            12            13            14            15


           NU
              Y1            Y2            Y3            X1M10         X2M11
              ________      ________      ________      ________      ________
                 16            17            18            19            20


           NU
              X3M12
              ________
                 21


           LAMBDA
              X             M             Y             XM
              ________      ________      ________      ________
 X1                22             0             0             0
 X2                23             0             0             0
 X3                 0             0             0             0
 M1                 0            24             0             0
 M2                 0            25             0             0
 M3                 0            26             0             0
 M4                 0            27             0             0
 M5                 0            28             0             0
 M6                 0            29             0             0
 M7                 0            30             0             0
 M8                 0            31             0             0
 M9                 0            32             0             0
 M10                0            33             0             0
 M11                0            34             0             0
 M12                0             0             0             0
 Y1                 0             0            35             0
 Y2                 0             0            36             0
 Y3                 0             0             0             0
 X1M10              0             0             0            37
 X2M11              0             0             0            38
 X3M12              0             0             0             0


           THETA
              X1            X2            X3            M1            M2
              ________      ________      ________      ________      ________
 X1                39
 X2                 0            40
 X3                 0             0            41
 M1                 0             0             0            42
 M2                 0             0             0             0            43
 M3                 0             0             0             0             0
 M4                 0             0             0             0             0
 M5                 0             0             0             0             0
 M6                 0             0             0             0             0
 M7                 0             0             0             0             0
 M8                 0             0             0             0             0
 M9                 0             0             0             0             0
 M10                0             0             0             0             0
 M11                0             0             0             0             0
 M12                0             0             0             0             0
 Y1                 0             0             0             0             0
 Y2                 0             0             0             0             0
 Y3                 0             0             0             0             0
 X1M10              0             0             0             0             0
 X2M11              0             0             0             0             0
 X3M12              0             0             0             0             0


           THETA
              M3            M4            M5            M6            M7
              ________      ________      ________      ________      ________
 M3                44
 M4                 0            45
 M5                 0             0            46
 M6                 0             0             0            47
 M7                 0             0             0             0            48
 M8                 0             0             0             0             0
 M9                 0             0             0             0             0
 M10                0             0             0             0             0
 M11                0             0             0             0             0
 M12                0             0             0             0             0
 Y1                 0             0             0             0             0
 Y2                 0             0             0             0             0
 Y3                 0             0             0             0             0
 X1M10              0             0             0             0             0
 X2M11              0             0             0             0             0
 X3M12              0             0             0             0             0


           THETA
              M8            M9            M10           M11           M12
              ________      ________      ________      ________      ________
 M8                49
 M9                 0            50
 M10                0             0            51
 M11                0             0             0            52
 M12                0             0             0             0            53
 Y1                 0             0             0             0             0
 Y2                 0             0             0             0             0
 Y3                 0             0             0             0             0
 X1M10              0             0             0             0             0
 X2M11              0             0             0             0             0
 X3M12              0             0             0             0             0


           THETA
              Y1            Y2            Y3            X1M10         X2M11
              ________      ________      ________      ________      ________
 Y1                54
 Y2                 0            55
 Y3                 0             0            56
 X1M10              0             0             0            57
 X2M11              0             0             0             0            58
 X3M12              0             0             0             0             0


           THETA
              X3M12
              ________
 X3M12             59


           ALPHA
              X             M             Y             XM
              ________      ________      ________      ________
                  0             0             0             0


           BETA
              X             M             Y             XM
              ________      ________      ________      ________
 X                  0             0             0             0
 M                  0             0             0             0
 Y                 60            61             0            62
 XM                 0             0             0             0


           PSI
              X             M             Y             XM
              ________      ________      ________      ________
 X                 63
 M                 64            65
 Y                  0             0            66
 XM                67            68             0            69


     PARAMETER SPECIFICATION FOR THE ADDITIONAL PARAMETERS


           New/Additional Parameters
              VAR_Y         STD_B1        STD_B2        STD_B3
              ________      ________      ________      ________
                   70            71            72            73


     STARTING VALUES


           NU
              X1            X2            X3            M1            M2
              ________      ________      ________      ________      ________
                0.000         0.000         0.000         0.000         0.000


           NU
              M3            M4            M5            M6            M7
              ________      ________      ________      ________      ________
                0.000         0.000         0.000         0.000         0.000


           NU
              M8            M9            M10           M11           M12
              ________      ________      ________      ________      ________
                0.000         0.000         0.000         0.000         0.000


           NU
              Y1            Y2            Y3            X1M10         X2M11
              ________      ________      ________      ________      ________
                0.660         0.861         1.038         0.000         0.000


           NU
              X3M12
              ________
                0.000


           LAMBDA
              X             M             Y             XM
              ________      ________      ________      ________
 X1             0.780         0.000         0.000         0.000
 X2             0.733         0.000         0.000         0.000
 X3             1.000         0.000         0.000         0.000
 M1             0.000         2.679         0.000         0.000
 M2             0.000         0.189         0.000         0.000
 M3             0.000         0.002         0.000         0.000
 M4             0.000         0.220         0.000         0.000
 M5             0.000         1.253         0.000         0.000
 M6             0.000         0.422         0.000         0.000
 M7             0.000         1.535         0.000         0.000
 M8             0.000         0.320         0.000         0.000
 M9             0.000         1.316         0.000         0.000
 M10            0.000         1.632         0.000         0.000
 M11            0.000         0.933         0.000         0.000
 M12            0.000         1.000         0.000         0.000
 Y1             0.000         0.000         0.585         0.000
 Y2             0.000         0.000         1.180         0.000
 Y3             0.000         0.000         1.000         0.000
 X1M10          0.000         0.000         0.000         3.106
 X2M11          0.000         0.000         0.000         1.962
 X3M12          0.000         0.000         0.000         1.000


           THETA
              X1            X2            X3            M1            M2
              ________      ________      ________      ________      ________
 X1             0.125
 X2             0.000         0.122
 X3             0.000         0.000         0.124
 M1             0.000         0.000         0.000         1.322
 M2             0.000         0.000         0.000         0.000         1.387
 M3             0.000         0.000         0.000         0.000         0.000
 M4             0.000         0.000         0.000         0.000         0.000
 M5             0.000         0.000         0.000         0.000         0.000
 M6             0.000         0.000         0.000         0.000         0.000
 M7             0.000         0.000         0.000         0.000         0.000
 M8             0.000         0.000         0.000         0.000         0.000
 M9             0.000         0.000         0.000         0.000         0.000
 M10            0.000         0.000         0.000         0.000         0.000
 M11            0.000         0.000         0.000         0.000         0.000
 M12            0.000         0.000         0.000         0.000         0.000
 Y1             0.000         0.000         0.000         0.000         0.000
 Y2             0.000         0.000         0.000         0.000         0.000
 Y3             0.000         0.000         0.000         0.000         0.000
 X1M10          0.000         0.000         0.000         0.000         0.000
 X2M11          0.000         0.000         0.000         0.000         0.000
 X3M12          0.000         0.000         0.000         0.000         0.000


           THETA
              M3            M4            M5            M6            M7
              ________      ________      ________      ________      ________
 M3             1.277
 M4             0.000         1.395
 M5             0.000         0.000         1.424
 M6             0.000         0.000         0.000         1.053
 M7             0.000         0.000         0.000         0.000         1.313
 M8             0.000         0.000         0.000         0.000         0.000
 M9             0.000         0.000         0.000         0.000         0.000
 M10            0.000         0.000         0.000         0.000         0.000
 M11            0.000         0.000         0.000         0.000         0.000
 M12            0.000         0.000         0.000         0.000         0.000
 Y1             0.000         0.000         0.000         0.000         0.000
 Y2             0.000         0.000         0.000         0.000         0.000
 Y3             0.000         0.000         0.000         0.000         0.000
 X1M10          0.000         0.000         0.000         0.000         0.000
 X2M11          0.000         0.000         0.000         0.000         0.000
 X3M12          0.000         0.000         0.000         0.000         0.000


           THETA
              M8            M9            M10           M11           M12
              ________      ________      ________      ________      ________
 M8             1.241
 M9             0.000         1.133
 M10            0.000         0.000         1.154
 M11            0.000         0.000         0.000         1.148
 M12            0.000         0.000         0.000         0.000         0.964
 Y1             0.000         0.000         0.000         0.000         0.000
 Y2             0.000         0.000         0.000         0.000         0.000
 Y3             0.000         0.000         0.000         0.000         0.000
 X1M10          0.000         0.000         0.000         0.000         0.000
 X2M11          0.000         0.000         0.000         0.000         0.000
 X3M12          0.000         0.000         0.000         0.000         0.000


           THETA
              Y1            Y2            Y3            X1M10         X2M11
              ________      ________      ________      ________      ________
 Y1             0.323
 Y2             0.000         0.472
 Y3             0.000         0.000         0.634
 X1M10          0.000         0.000         0.000         0.221
 X2M11          0.000         0.000         0.000         0.000         0.280
 X3M12          0.000         0.000         0.000         0.000         0.000


           THETA
              X3M12
              ________
 X3M12          0.286


           ALPHA
              X             M             Y             XM
              ________      ________      ________      ________
                0.000         0.000         0.000         0.000


           BETA
              X             M             Y             XM
              ________      ________      ________      ________
 X              0.000         0.000         0.000         0.000
 M              0.000         0.000         0.000         0.000
 Y              0.000         0.000         0.000         0.000
 XM             0.000         0.000         0.000         0.000


           PSI
              X             M             Y             XM
              ________      ________      ________      ________
 X              0.050
 M              0.000         0.050
 Y              0.000         0.000         0.050
 XM             0.000         0.000         0.000         0.050


     STARTING VALUES FOR THE ADDITIONAL PARAMETERS


           New/Additional Parameters
              VAR_Y         STD_B1        STD_B2        STD_B3
              ________      ________      ________      ________
                0.500         0.500         0.500         0.500


RESULTS SAVING INFORMATION

  Order of data

    Parameter estimates
     (saved in order shown in Technical 1 output)
    Standard errors
     (saved in order shown in Technical 1 output)
    Number of Free Parameters
    H0 Loglikelihood
    H0 Scaling Correction Factor for MLR
    H1 Loglikelihood
    H1 Scaling Correction Factor for MLR
    Akaike (AIC)
    Bayesian (BIC)
    Sample-Size Adjusted BIC
    Chi-square : Value
    Chi-square : Degrees of Freedom
    Chi-square : P-Value
    Chi-square : Scaling Correction Factor for MLR/MLM/WLSM
    CFI
    TLI
    RMSEA : Estimate
    RMSEA : Low CI
    RMSEA : High CI
    RMSEA : Probability
    SRMR
    Condition Number

  Save file
    matchupi_results_1019.dat

  Save file format           Free


     Beginning Time:  16:31:43
        Ending Time:  16:31:47
       Elapsed Time:  00:00:04



MUTHEN & MUTHEN
3463 Stoner Ave.
Los Angeles, CA  90066

Tel: (310) 391-9971
Fax: (310) 391-8971
Web: www.StatModel.com
Support: Support@StatModel.com

Copyright (c) 1998-2022 Muthen & Muthen
