Mplus VERSION 8.8 (Mac)
MUTHEN & MUTHEN
07/27/2025   9:19 PM

INPUT INSTRUCTIONS


    TITLE: Matched-pair Unconstrained Product Indicator

    DATA:
      FILE = matchupi_simdat_660.dat;
      FORMAT IS FREE;

    VARIABLE:
      NAMES = x1 x2 x3
      	    m1 m2 m3 m4 m5 m6
      	    m7 m8 m9 m10 m11 m12
      	    y1 y2 y3
      	    x1m10 x2m11 x3m12;
      USEVARIABLES = x1-x3m12;

    ANALYSIS:
      TYPE = general;
      ESTIMATOR = MLR;
    MODEL:
      !measurement model
      X BY x3 x2 x1;
      X (var_X);
      M BY m12 m11 m10 m9 m8 m7 m6 m5 m4 m3 m2 m1;
      M (var_M);
      Y BY y3 y2 y1;
      Y (resvar_Y);
      XM BY x3m12 x2m11 x1m10;
      XM (var_XM);

      !covariances between predictors
      X WITH M (cov_XM);
      X WITH XM (cov_XXM);
      M WITH XM (cov_MXM);

      !structural model
      Y ON X (b1);
      Y ON M (b2);
      Y ON XM (b3);

    MODEL CONSTRAINT:

      NEW(var_Y std_b1 std_b2 std_b3);
      var_Y = resvar_Y +
       (b1^2 * var_X +
        b2^2 * var_M +
        b3^2 * var_XM +
        2 * b1 * b2 * cov_XM +
        2 * b1 * b3 * cov_XXM +
        2 * b2 * b3 * cov_MXM);

        std_b1 = b1 * sqrt(var_X) / sqrt(var_Y);
        std_b2 = b2 * sqrt(var_M) / sqrt(var_Y);
        std_b3 = b3 * sqrt(var_X) * sqrt(var_M) / sqrt(var_Y);

    OUTPUT:
      sampstat tech1 CINTERVAL;

    SAVEDATA:
      RESULTS = matchupi_results_660.dat;




INPUT READING TERMINATED NORMALLY



Matched-pair Unconstrained Product Indicator

SUMMARY OF ANALYSIS

Number of groups                                                 1
Number of observations                                         100

Number of dependent variables                                   21
Number of independent variables                                  0
Number of continuous latent variables                            4

Observed dependent variables

  Continuous
   X1          X2          X3          M1          M2          M3
   M4          M5          M6          M7          M8          M9
   M10         M11         M12         Y1          Y2          Y3
   X1M10       X2M11       X3M12

Continuous latent variables
   X           M           Y           XM


Estimator                                                      MLR
Information matrix                                        OBSERVED
Maximum number of iterations                                  1000
Convergence criterion                                    0.500D-04
Maximum number of steepest descent iterations                   20

Input data file(s)
  matchupi_simdat_660.dat

Input data format  FREE


SAMPLE STATISTICS


     SAMPLE STATISTICS


           Means
              X1            X2            X3            M1            M2
              ________      ________      ________      ________      ________
                0.000         0.000         0.000         0.000         0.000


           Means
              M3            M4            M5            M6            M7
              ________      ________      ________      ________      ________
                0.000         0.000         0.000         0.000         0.000


           Means
              M8            M9            M10           M11           M12
              ________      ________      ________      ________      ________
                0.000         0.000         0.000         0.000         0.000


           Means
              Y1            Y2            Y3            X1M10         X2M11
              ________      ________      ________      ________      ________
                0.520         0.885         1.077         0.000         0.000


           Means
              X3M12
              ________
                0.000


           Covariances
              X1            X2            X3            M1            M2
              ________      ________      ________      ________      ________
 X1             0.248
 X2             0.091         0.242
 X3             0.073         0.095         0.248
 M1             0.024         0.086        -0.028         2.834
 M2             0.015         0.081        -0.044        -0.091         2.366
 M3            -0.019        -0.051        -0.048         0.134        -0.458
 M4            -0.093         0.026        -0.035         0.306         0.095
 M5             0.159         0.083         0.119         0.134         0.109
 M6             0.063         0.187        -0.016         0.253        -0.080
 M7             0.118         0.116        -0.002        -0.356         0.185
 M8             0.064         0.129         0.015         0.356         0.458
 M9             0.059         0.058        -0.081         0.317         0.422
 M10            0.060         0.173         0.063         0.342         0.159
 M11            0.009         0.093        -0.051         0.384         0.339
 M12           -0.003         0.276         0.015         0.536         0.335
 Y1            -0.009        -0.012        -0.011         0.144        -0.039
 Y2             0.012         0.008         0.043         0.168        -0.008
 Y3             0.015         0.011         0.029        -0.183        -0.152
 X1M10         -0.004        -0.049        -0.001         0.050        -0.050
 X2M11          0.042        -0.017        -0.014        -0.055         0.142
 X3M12         -0.005         0.017         0.029         0.054        -0.072


           Covariances
              M3            M4            M5            M6            M7
              ________      ________      ________      ________      ________
 M3             2.227
 M4             0.421         2.326
 M5             0.177         0.489         2.602
 M6             0.228         0.007         0.043         2.414
 M7             0.256         0.382         0.414         0.483         2.438
 M8             0.285         0.191         0.721         0.412         0.434
 M9             0.033         0.216         0.492         0.332         0.269
 M10            0.201         0.385         0.637         0.299         0.590
 M11            0.426         0.959         0.632         0.623         0.704
 M12            0.421         0.416         0.579         0.967         0.532
 Y1             0.128         0.201         0.256        -0.004         0.164
 Y2             0.043         0.369         0.429        -0.220        -0.011
 Y3             0.310         0.419         0.378        -0.067         0.159
 X1M10          0.058        -0.189        -0.182         0.162        -0.037
 X2M11         -0.100        -0.082         0.048        -0.047        -0.006
 X3M12          0.135         0.015         0.140         0.068         0.085


           Covariances
              M8            M9            M10           M11           M12
              ________      ________      ________      ________      ________
 M8             2.250
 M9             0.442         2.280
 M10            0.734         0.645         2.292
 M11            0.761         0.712         0.917         2.282
 M12            0.901         0.936         0.915         1.129         2.426
 Y1             0.209         0.218         0.449         0.300         0.296
 Y2             0.285         0.157         0.392         0.248         0.198
 Y3             0.239         0.190         0.288         0.269         0.255
 X1M10         -0.026         0.070         0.018         0.141        -0.035
 X2M11          0.127         0.124        -0.045         0.046         0.130
 X3M12         -0.058         0.139         0.097         0.080         0.042


           Covariances
              Y1            Y2            Y3            X1M10         X2M11
              ________      ________      ________      ________      ________
 Y1             0.726
 Y2             0.364         0.947
 Y3             0.497         0.542         1.207
 X1M10         -0.011        -0.092        -0.043         0.604
 X2M11          0.069        -0.050        -0.049         0.054         0.535
 X3M12         -0.041        -0.038        -0.066         0.065         0.058


           Covariances
              X3M12
              ________
 X3M12          0.558


           Correlations
              X1            X2            X3            M1            M2
              ________      ________      ________      ________      ________
 X1             1.000
 X2             0.373         1.000
 X3             0.294         0.390         1.000
 M1             0.028         0.103        -0.033         1.000
 M2             0.019         0.107        -0.058        -0.035         1.000
 M3            -0.026        -0.070        -0.064         0.053        -0.200
 M4            -0.123         0.035        -0.047         0.119         0.041
 M5             0.197         0.105         0.149         0.049         0.044
 M6             0.082         0.245        -0.021         0.097        -0.033
 M7             0.152         0.152        -0.003        -0.136         0.077
 M8             0.086         0.175         0.020         0.141         0.199
 M9             0.079         0.078        -0.108         0.125         0.182
 M10            0.080         0.233         0.084         0.134         0.068
 M11            0.011         0.125        -0.067         0.151         0.146
 M12           -0.004         0.360         0.019         0.205         0.140
 Y1            -0.022        -0.029        -0.025         0.101        -0.030
 Y2             0.026         0.017         0.088         0.103        -0.005
 Y3             0.027         0.020         0.053        -0.099        -0.090
 X1M10         -0.009        -0.127        -0.004         0.038        -0.041
 X2M11          0.114        -0.047        -0.037        -0.045         0.126
 X3M12         -0.013         0.047         0.078         0.043        -0.062


           Correlations
              M3            M4            M5            M6            M7
              ________      ________      ________      ________      ________
 M3             1.000
 M4             0.185         1.000
 M5             0.073         0.199         1.000
 M6             0.098         0.003         0.017         1.000
 M7             0.110         0.160         0.164         0.199         1.000
 M8             0.127         0.083         0.298         0.177         0.185
 M9             0.015         0.094         0.202         0.141         0.114
 M10            0.089         0.167         0.261         0.127         0.250
 M11            0.189         0.416         0.259         0.265         0.298
 M12            0.181         0.175         0.230         0.400         0.219
 Y1             0.101         0.155         0.186        -0.003         0.123
 Y2             0.029         0.248         0.273        -0.145        -0.007
 Y3             0.189         0.250         0.213        -0.039         0.093
 X1M10          0.050        -0.159        -0.145         0.134        -0.031
 X2M11         -0.092        -0.073         0.041        -0.042        -0.005
 X3M12          0.121         0.013         0.116         0.059         0.073


           Correlations
              M8            M9            M10           M11           M12
              ________      ________      ________      ________      ________
 M8             1.000
 M9             0.195         1.000
 M10            0.323         0.282         1.000
 M11            0.336         0.312         0.401         1.000
 M12            0.386         0.398         0.388         0.480         1.000
 Y1             0.163         0.169         0.348         0.233         0.223
 Y2             0.196         0.107         0.266         0.169         0.130
 Y3             0.145         0.114         0.173         0.162         0.149
 X1M10         -0.022         0.059         0.015         0.120        -0.029
 X2M11          0.115         0.113        -0.040         0.041         0.114
 X3M12         -0.052         0.123         0.086         0.071         0.036


           Correlations
              Y1            Y2            Y3            X1M10         X2M11
              ________      ________      ________      ________      ________
 Y1             1.000
 Y2             0.439         1.000
 Y3             0.531         0.507         1.000
 X1M10         -0.016        -0.121        -0.051         1.000
 X2M11          0.111        -0.071        -0.061         0.094         1.000
 X3M12         -0.064        -0.053        -0.080         0.113         0.106


           Correlations
              X3M12
              ________
 X3M12          1.000


UNIVARIATE SAMPLE STATISTICS


     UNIVARIATE HIGHER-ORDER MOMENT DESCRIPTIVE STATISTICS

         Variable/         Mean/     Skewness/   Minimum/ % with                Percentiles
        Sample Size      Variance    Kurtosis    Maximum  Min/Max      20%/60%    40%/80%    Median

     X1                    0.000      -0.161      -0.540   46.00%      -0.540     -0.540      0.460
             100.000       0.248      -1.974       0.460   54.00%       0.460      0.460
     X2                    0.000      -0.366      -0.590   41.00%      -0.590     -0.590      0.410
             100.000       0.242      -1.866       0.410   59.00%       0.410      0.410
     X3                    0.000      -0.201      -0.550   45.00%      -0.550     -0.550      0.450
             100.000       0.247      -1.960       0.450   55.00%       0.450      0.450
     M1                    0.000      -0.139      -2.160   28.00%      -2.160     -1.160     -0.160
             100.000       2.834      -1.674       1.840   37.00%       0.840      1.840
     M2                    0.000       0.086      -1.880   30.00%      -1.880     -0.880      0.120
             100.000       2.366      -1.448       2.120   23.00%       0.120      2.120
     M3                    0.000       0.095      -1.850   29.00%      -1.850     -0.850      0.150
             100.000       2.228      -1.384       2.150   20.00%       0.150      1.150
     M4                    0.000      -0.204      -2.210   22.00%      -2.210     -0.210     -0.210
             100.000       2.326      -1.388       1.790   31.00%       0.790      1.790
     M5                    0.000       0.118      -1.910   30.00%      -1.910     -0.910      0.090
             100.000       2.602      -1.579       2.090   28.00%       0.090      2.090
     M6                    0.000       0.149      -1.920   26.00%      -1.920     -0.920      0.080
             100.000       2.414      -1.478       2.080   27.00%       0.080      2.080
     M7                    0.000      -0.019      -2.040   25.00%      -2.040     -1.040     -0.040
             100.000       2.438      -1.522       1.960   28.00%       0.960      1.960
     M8                    0.000       0.064      -1.900   27.00%      -1.900     -0.900      0.100
             100.000       2.250      -1.425       2.100   21.00%       0.100      2.100
     M9                    0.000      -0.051      -2.020   25.00%      -2.020     -0.020     -0.020
             100.000       2.280      -1.428       1.980   24.00%       0.980      1.980
     M10                   0.000       0.255      -1.740   31.00%      -1.740     -0.740      0.260
             100.000       2.292      -1.389       2.260   20.00%       0.260      1.260
     M11                   0.000       0.066      -1.910   27.00%      -1.910     -0.910      0.090
             100.000       2.282      -1.437       2.090   22.00%       0.090      2.090
     M12                   0.000      -0.208      -2.210   22.00%      -2.210     -0.210      0.290
             100.000       2.426      -1.497       1.790   31.00%       0.790      1.790
     Y1                    0.520       0.359      -1.196    1.00%      -0.223      0.216      0.399
             100.000       0.726      -0.363       2.721    1.00%       0.656      1.243
     Y2                    0.885      -0.508      -1.936    1.00%      -0.153      0.767      1.092
             100.000       0.947      -0.213       2.689    1.00%       1.230      1.686
     Y3                    1.077       0.322      -1.620    1.00%       0.066      0.694      1.002
             100.000       1.207       0.229       4.191    1.00%       1.340      1.979
     X1M10                 0.000       0.039      -1.009   11.00%      -0.999     -0.449      0.101
             100.000       0.604      -1.424       1.201   11.00%       0.341      0.791
     X2M11                 0.000      -0.045      -1.326    5.00%      -0.736     -0.146     -0.056
             100.000       0.535      -1.300       1.034   14.00%       0.354      0.764
     X3M12                 0.000      -0.065      -1.281    6.00%      -0.861     -0.401      0.059
             100.000       0.558      -1.388       0.979   14.00%       0.339      0.879


     THIS ANALYSIS MAY HAVE MULTIPLE SOLUTIONS.  EXPLORE THIS USING RANDOM STARTS,
     FOR EXAMPLE, STARTS = 20.  USE A LARGE ENOUGH NUMBER OF STARTS SO THAT THE
     BEST FIT FUNCTION VALUE IS REPLICATED SEVERAL TIMES.


THE MODEL ESTIMATION TERMINATED NORMALLY

     THE STANDARD ERRORS OF THE MODEL PARAMETER ESTIMATES MAY NOT BE
     TRUSTWORTHY FOR SOME PARAMETERS DUE TO A NON-POSITIVE DEFINITE
     FIRST-ORDER DERIVATIVE PRODUCT MATRIX.  THIS MAY BE DUE TO THE STARTING
     VALUES BUT MAY ALSO BE AN INDICATION OF MODEL NONIDENTIFICATION.  THE
     CONDITION NUMBER IS       0.769D-17.  PROBLEM INVOLVING THE FOLLOWING PARAMETER:
     Parameter 67, XM WITH X (equality/label)

     THIS IS MOST LIKELY DUE TO VARIABLE X1 BEING DICHOTOMOUS BUT
     DECLARED AS CONTINUOUS.


     WARNING:  THE RESIDUAL COVARIANCE MATRIX (THETA) IS NOT POSITIVE DEFINITE.
     THIS COULD INDICATE A NEGATIVE VARIANCE/RESIDUAL VARIANCE FOR AN OBSERVED
     VARIABLE, A CORRELATION GREATER OR EQUAL TO ONE BETWEEN TWO OBSERVED
     VARIABLES, OR A LINEAR DEPENDENCY AMONG MORE THAN TWO OBSERVED VARIABLES.
     CHECK THE RESULTS SECTION FOR MORE INFORMATION.
     PROBLEM INVOLVING VARIABLE X2.




MODEL FIT INFORMATION

Number of Free Parameters                       69

Loglikelihood

          H0 Value                       -3058.753
          H0 Scaling Correction Factor      0.8899
            for MLR
          H1 Value                       -2975.033
          H1 Scaling Correction Factor      0.9629
            for MLR

Information Criteria

          Akaike (AIC)                    6255.507
          Bayesian (BIC)                  6435.264
          Sample-Size Adjusted BIC        6217.344
            (n* = (n + 2) / 24)

Chi-Square Test of Model Fit

          Value                            169.053*
          Degrees of Freedom                   183
          P-Value                           0.7622
          Scaling Correction Factor         0.9905
            for MLR

*   The chi-square value for MLM, MLMV, MLR, ULSMV, WLSM and WLSMV cannot be used
    for chi-square difference testing in the regular way.  MLM, MLR and WLSM
    chi-square difference testing is described on the Mplus website.  MLMV, WLSMV,
    and ULSMV difference testing is done using the DIFFTEST option.

RMSEA (Root Mean Square Error Of Approximation)

          Estimate                           0.000
          90 Percent C.I.                    0.000  0.033
          Probability RMSEA <= .05           0.997

CFI/TLI

          CFI                                1.000
          TLI                                1.000

Chi-Square Test of Model Fit for the Baseline Model

          Value                            434.248
          Degrees of Freedom                   210
          P-Value                           0.0000

SRMR (Standardized Root Mean Square Residual)

          Value                              0.071



MODEL RESULTS

                                                    Two-Tailed
                    Estimate       S.E.  Est./S.E.    P-Value

 X        BY
    X3                 1.000      0.000    999.000    999.000
    X2                 3.197      2.545      1.256      0.209
    X1                 0.933      0.333      2.804      0.005

 M        BY
    M12                1.000      0.000    999.000    999.000
    M11                0.910      0.155      5.850      0.000
    M10                0.768      0.164      4.684      0.000
    M9                 0.611      0.142      4.305      0.000
    M8                 0.681      0.146      4.652      0.000
    M7                 0.491      0.160      3.081      0.002
    M6                 0.503      0.141      3.566      0.000
    M5                 0.550      0.192      2.873      0.004
    M4                 0.460      0.160      2.877      0.004
    M3                 0.283      0.153      1.854      0.064
    M2                 0.234      0.158      1.486      0.137
    M1                 0.326      0.166      1.965      0.049

 Y        BY
    Y3                 1.000      0.000    999.000    999.000
    Y2                 0.780      0.120      6.493      0.000
    Y1                 0.733      0.132      5.570      0.000

 XM       BY
    X3M12              1.000      0.000    999.000    999.000
    X2M11              0.914      0.896      1.021      0.307
    X1M10              1.339      1.820      0.736      0.462

 Y        ON
    X                 -1.079      0.848     -1.272      0.203
    M                  0.389      0.153      2.536      0.011
    XM                -1.226      1.372     -0.894      0.372

 X        WITH
    M                  0.063      0.045      1.409      0.159
    XM                -0.006      0.007     -0.903      0.366

 M        WITH
    XM                 0.047      0.107      0.438      0.662

 Intercepts
    X1                 0.000      0.050      0.000      1.000
    X2                 0.000      0.049      0.000      1.000
    X3                 0.000      0.050      0.000      1.000
    M1                 0.000      0.168      0.000      1.000
    M2                 0.000      0.154      0.000      1.000
    M3                 0.000      0.149      0.000      1.000
    M4                 0.000      0.153      0.000      1.000
    M5                 0.000      0.161      0.000      1.000
    M6                 0.000      0.155      0.000      1.000
    M7                 0.000      0.156      0.000      1.000
    M8                 0.000      0.150      0.000      1.000
    M9                 0.000      0.151      0.000      1.000
    M10                0.000      0.151      0.000      1.000
    M11                0.000      0.151      0.000      1.000
    M12                0.000      0.156      0.000      1.000
    Y1                 0.520      0.085      6.110      0.000
    Y2                 0.885      0.097      9.096      0.000
    Y3                 1.077      0.110      9.804      0.000
    X1M10              0.000      0.078      0.000      1.000
    X2M11              0.000      0.073      0.000      1.000
    X3M12              0.000      0.075      0.000      1.000

 Variances
    X                  0.030      0.029      1.035      0.301
    M                  1.305      0.274      4.761      0.000
    XM                 0.050      0.088      0.568      0.570

 Residual Variances
    X1                 0.223      0.030      7.324      0.000
    X2                -0.061      0.205     -0.297      0.767
    X3                 0.218      0.029      7.499      0.000
    M1                 2.696      0.196     13.758      0.000
    M2                 2.294      0.191     12.035      0.000
    M3                 2.123      0.193     10.988      0.000
    M4                 2.050      0.216      9.498      0.000
    M5                 2.206      0.260      8.472      0.000
    M6                 2.084      0.215      9.681      0.000
    M7                 2.123      0.219      9.712      0.000
    M8                 1.645      0.213      7.733      0.000
    M9                 1.792      0.225      7.957      0.000
    M10                1.522      0.229      6.649      0.000
    M11                1.202      0.231      5.204      0.000
    M12                1.121      0.225      4.991      0.000
    Y1                 0.364      0.083      4.396      0.000
    Y2                 0.537      0.112      4.802      0.000
    Y3                 0.534      0.210      2.546      0.011
    X1M10              0.514      0.125      4.123      0.000
    X2M11              0.493      0.078      6.303      0.000
    X3M12              0.508      0.093      5.441      0.000
    Y                  0.479      0.168      2.858      0.004

New/Additional Parameters
    VAR_Y              0.673      0.191      3.530      0.000
    STD_B1            -0.226      0.142     -1.592      0.111
    STD_B2             0.542      0.184      2.945      0.003
    STD_B3            -0.294      0.322     -0.911      0.362


QUALITY OF NUMERICAL RESULTS

     Condition Number for the Information Matrix              0.294E-05
       (ratio of smallest to largest eigenvalue)


CONFIDENCE INTERVALS OF MODEL RESULTS

                  Lower .5%  Lower 2.5%    Lower 5%    Estimate    Upper 5%  Upper 2.5%   Upper .5%

 X        BY
    X3               1.000       1.000       1.000       1.000       1.000       1.000       1.000
    X2              -3.360      -1.792      -0.990       3.197       7.384       8.186       9.753
    X1               0.076       0.281       0.386       0.933       1.481       1.586       1.791

 M        BY
    M12              1.000       1.000       1.000       1.000       1.000       1.000       1.000
    M11              0.509       0.605       0.654       0.910       1.165       1.214       1.310
    M10              0.346       0.447       0.499       0.768       1.038       1.090       1.191
    M9               0.245       0.333       0.378       0.611       0.844       0.889       0.977
    M8               0.304       0.394       0.440       0.681       0.921       0.967       1.058
    M7               0.081       0.179       0.229       0.491       0.754       0.804       0.902
    M6               0.140       0.226       0.271       0.503       0.734       0.779       0.866
    M5               0.057       0.175       0.235       0.550       0.866       0.926       1.044
    M4               0.048       0.147       0.197       0.460       0.723       0.773       0.871
    M3              -0.110      -0.016       0.032       0.283       0.534       0.582       0.676
    M2              -0.172      -0.075      -0.025       0.234       0.493       0.543       0.640
    M1              -0.101       0.001       0.053       0.326       0.598       0.651       0.753

 Y        BY
    Y3               1.000       1.000       1.000       1.000       1.000       1.000       1.000
    Y2               0.471       0.545       0.583       0.780       0.978       1.016       1.090
    Y1               0.394       0.475       0.517       0.733       0.949       0.991       1.072

 XM       BY
    X3M12            1.000       1.000       1.000       1.000       1.000       1.000       1.000
    X2M11           -1.393      -0.841      -0.559       0.914       2.387       2.670       3.221
    X1M10           -3.349      -2.228      -1.655       1.339       4.333       4.906       6.027

 Y        ON
    X               -3.264      -2.741      -2.474      -1.079       0.316       0.584       1.106
    M               -0.006       0.088       0.137       0.389       0.641       0.689       0.784
    XM              -4.761      -3.916      -3.484      -1.226       1.031       1.463       2.309

 X        WITH
    M               -0.052      -0.025      -0.011       0.063       0.136       0.150       0.177
    XM              -0.023      -0.019      -0.017      -0.006       0.005       0.007       0.011

 M        WITH
    XM              -0.228      -0.162      -0.129       0.047       0.222       0.256       0.321

 Intercepts
    X1              -0.128      -0.098      -0.082       0.000       0.082       0.098       0.128
    X2              -0.127      -0.096      -0.081       0.000       0.081       0.096       0.127
    X3              -0.128      -0.098      -0.082       0.000       0.082       0.098       0.128
    M1              -0.434      -0.330      -0.277       0.000       0.277       0.330       0.434
    M2              -0.396      -0.301      -0.253       0.000       0.253       0.301       0.396
    M3              -0.384      -0.293      -0.246       0.000       0.246       0.293       0.384
    M4              -0.393      -0.299      -0.251       0.000       0.251       0.299       0.393
    M5              -0.415      -0.316      -0.265       0.000       0.265       0.316       0.415
    M6              -0.400      -0.305      -0.256       0.000       0.256       0.305       0.400
    M7              -0.402      -0.306      -0.257       0.000       0.257       0.306       0.402
    M8              -0.386      -0.294      -0.247       0.000       0.247       0.294       0.386
    M9              -0.389      -0.296      -0.248       0.000       0.248       0.296       0.389
    M10             -0.390      -0.297      -0.249       0.000       0.249       0.297       0.390
    M11             -0.389      -0.296      -0.248       0.000       0.248       0.296       0.389
    M12             -0.401      -0.305      -0.256       0.000       0.256       0.305       0.401
    Y1               0.301       0.354       0.380       0.520       0.661       0.687       0.740
    Y2               0.634       0.694       0.725       0.885       1.045       1.076       1.136
    Y3               0.794       0.862       0.896       1.077       1.258       1.292       1.360
    X1M10           -0.200      -0.152      -0.128       0.000       0.128       0.152       0.200
    X2M11           -0.188      -0.143      -0.120       0.000       0.120       0.143       0.188
    X3M12           -0.192      -0.146      -0.123       0.000       0.123       0.146       0.192

 Variances
    X               -0.044      -0.026      -0.017       0.030       0.077       0.086       0.103
    M                0.599       0.768       0.854       1.305       1.756       1.842       2.011
    XM              -0.177      -0.122      -0.095       0.050       0.195       0.223       0.277

 Residual Variances
    X1               0.144       0.163       0.173       0.223       0.273       0.282       0.301
    X2              -0.588      -0.462      -0.398      -0.061       0.276       0.341       0.467
    X3               0.143       0.161       0.170       0.218       0.266       0.275       0.293
    M1               2.191       2.312       2.374       2.696       3.018       3.080       3.201
    M2               1.803       1.920       1.980       2.294       2.608       2.668       2.785
    M3               1.625       1.744       1.805       2.123       2.441       2.502       2.621
    M4               1.494       1.627       1.695       2.050       2.405       2.473       2.606
    M5               1.536       1.696       1.778       2.206       2.635       2.717       2.877
    M6               1.529       1.662       1.730       2.084       2.438       2.506       2.638
    M7               1.560       1.695       1.764       2.123       2.483       2.552       2.686
    M8               1.097       1.228       1.295       1.645       1.995       2.062       2.193
    M9               1.212       1.351       1.422       1.792       2.163       2.234       2.373
    M10              0.932       1.073       1.145       1.522       1.898       1.970       2.111
    M11              0.607       0.749       0.822       1.202       1.582       1.655       1.797
    M12              0.542       0.681       0.751       1.121       1.490       1.561       1.699
    Y1               0.151       0.202       0.228       0.364       0.500       0.526       0.577
    Y2               0.249       0.318       0.353       0.537       0.721       0.756       0.825
    Y3              -0.006       0.123       0.189       0.534       0.879       0.945       1.074
    X1M10            0.193       0.270       0.309       0.514       0.719       0.758       0.835
    X2M11            0.292       0.340       0.365       0.493       0.622       0.647       0.695
    X3M12            0.268       0.325       0.354       0.508       0.662       0.691       0.748
    Y                0.047       0.150       0.203       0.479       0.754       0.807       0.910

New/Additional Parameters
    VAR_Y            0.182       0.299       0.359       0.673       0.986       1.046       1.164
    STD_B1          -0.593      -0.505      -0.460      -0.226       0.008       0.052       0.140
    STD_B2           0.068       0.181       0.239       0.542       0.844       0.902       1.015
    STD_B3          -1.125      -0.926      -0.824      -0.294       0.237       0.338       0.537


TECHNICAL 1 OUTPUT


     PARAMETER SPECIFICATION


           NU
              X1            X2            X3            M1            M2
              ________      ________      ________      ________      ________
                  1             2             3             4             5


           NU
              M3            M4            M5            M6            M7
              ________      ________      ________      ________      ________
                  6             7             8             9            10


           NU
              M8            M9            M10           M11           M12
              ________      ________      ________      ________      ________
                 11            12            13            14            15


           NU
              Y1            Y2            Y3            X1M10         X2M11
              ________      ________      ________      ________      ________
                 16            17            18            19            20


           NU
              X3M12
              ________
                 21


           LAMBDA
              X             M             Y             XM
              ________      ________      ________      ________
 X1                22             0             0             0
 X2                23             0             0             0
 X3                 0             0             0             0
 M1                 0            24             0             0
 M2                 0            25             0             0
 M3                 0            26             0             0
 M4                 0            27             0             0
 M5                 0            28             0             0
 M6                 0            29             0             0
 M7                 0            30             0             0
 M8                 0            31             0             0
 M9                 0            32             0             0
 M10                0            33             0             0
 M11                0            34             0             0
 M12                0             0             0             0
 Y1                 0             0            35             0
 Y2                 0             0            36             0
 Y3                 0             0             0             0
 X1M10              0             0             0            37
 X2M11              0             0             0            38
 X3M12              0             0             0             0


           THETA
              X1            X2            X3            M1            M2
              ________      ________      ________      ________      ________
 X1                39
 X2                 0            40
 X3                 0             0            41
 M1                 0             0             0            42
 M2                 0             0             0             0            43
 M3                 0             0             0             0             0
 M4                 0             0             0             0             0
 M5                 0             0             0             0             0
 M6                 0             0             0             0             0
 M7                 0             0             0             0             0
 M8                 0             0             0             0             0
 M9                 0             0             0             0             0
 M10                0             0             0             0             0
 M11                0             0             0             0             0
 M12                0             0             0             0             0
 Y1                 0             0             0             0             0
 Y2                 0             0             0             0             0
 Y3                 0             0             0             0             0
 X1M10              0             0             0             0             0
 X2M11              0             0             0             0             0
 X3M12              0             0             0             0             0


           THETA
              M3            M4            M5            M6            M7
              ________      ________      ________      ________      ________
 M3                44
 M4                 0            45
 M5                 0             0            46
 M6                 0             0             0            47
 M7                 0             0             0             0            48
 M8                 0             0             0             0             0
 M9                 0             0             0             0             0
 M10                0             0             0             0             0
 M11                0             0             0             0             0
 M12                0             0             0             0             0
 Y1                 0             0             0             0             0
 Y2                 0             0             0             0             0
 Y3                 0             0             0             0             0
 X1M10              0             0             0             0             0
 X2M11              0             0             0             0             0
 X3M12              0             0             0             0             0


           THETA
              M8            M9            M10           M11           M12
              ________      ________      ________      ________      ________
 M8                49
 M9                 0            50
 M10                0             0            51
 M11                0             0             0            52
 M12                0             0             0             0            53
 Y1                 0             0             0             0             0
 Y2                 0             0             0             0             0
 Y3                 0             0             0             0             0
 X1M10              0             0             0             0             0
 X2M11              0             0             0             0             0
 X3M12              0             0             0             0             0


           THETA
              Y1            Y2            Y3            X1M10         X2M11
              ________      ________      ________      ________      ________
 Y1                54
 Y2                 0            55
 Y3                 0             0            56
 X1M10              0             0             0            57
 X2M11              0             0             0             0            58
 X3M12              0             0             0             0             0


           THETA
              X3M12
              ________
 X3M12             59


           ALPHA
              X             M             Y             XM
              ________      ________      ________      ________
                  0             0             0             0


           BETA
              X             M             Y             XM
              ________      ________      ________      ________
 X                  0             0             0             0
 M                  0             0             0             0
 Y                 60            61             0            62
 XM                 0             0             0             0


           PSI
              X             M             Y             XM
              ________      ________      ________      ________
 X                 63
 M                 64            65
 Y                  0             0            66
 XM                67            68             0            69


     PARAMETER SPECIFICATION FOR THE ADDITIONAL PARAMETERS


           New/Additional Parameters
              VAR_Y         STD_B1        STD_B2        STD_B3
              ________      ________      ________      ________
                   70            71            72            73


     STARTING VALUES


           NU
              X1            X2            X3            M1            M2
              ________      ________      ________      ________      ________
                0.000         0.000         0.000         0.000         0.000


           NU
              M3            M4            M5            M6            M7
              ________      ________      ________      ________      ________
                0.000         0.000         0.000         0.000         0.000


           NU
              M8            M9            M10           M11           M12
              ________      ________      ________      ________      ________
                0.000         0.000         0.000         0.000         0.000


           NU
              Y1            Y2            Y3            X1M10         X2M11
              ________      ________      ________      ________      ________
                0.520         0.885         1.077         0.000         0.000


           NU
              X3M12
              ________
                0.000


           LAMBDA
              X             M             Y             XM
              ________      ________      ________      ________
 X1             0.957         0.000         0.000         0.000
 X2             1.252         0.000         0.000         0.000
 X3             1.000         0.000         0.000         0.000
 M1             0.000         0.855         0.000         0.000
 M2             0.000         0.242         0.000         0.000
 M3             0.000         0.420         0.000         0.000
 M4             0.000         0.311         0.000         0.000
 M5             0.000         0.537         0.000         0.000
 M6             0.000         0.453         0.000         0.000
 M7             0.000         0.789         0.000         0.000
 M8             0.000         0.521         0.000         0.000
 M9             0.000         0.597         0.000         0.000
 M10            0.000         0.601         0.000         0.000
 M11            0.000         0.853         0.000         0.000
 M12            0.000         1.000         0.000         0.000
 Y1             0.000         0.000         0.672         0.000
 Y2             0.000         0.000         0.732         0.000
 Y3             0.000         0.000         1.000         0.000
 X1M10          0.000         0.000         0.000         0.922
 X2M11          0.000         0.000         0.000         0.817
 X3M12          0.000         0.000         0.000         1.000


           THETA
              X1            X2            X3            M1            M2
              ________      ________      ________      ________      ________
 X1             0.124
 X2             0.000         0.121
 X3             0.000         0.000         0.124
 M1             0.000         0.000         0.000         1.417
 M2             0.000         0.000         0.000         0.000         1.183
 M3             0.000         0.000         0.000         0.000         0.000
 M4             0.000         0.000         0.000         0.000         0.000
 M5             0.000         0.000         0.000         0.000         0.000
 M6             0.000         0.000         0.000         0.000         0.000
 M7             0.000         0.000         0.000         0.000         0.000
 M8             0.000         0.000         0.000         0.000         0.000
 M9             0.000         0.000         0.000         0.000         0.000
 M10            0.000         0.000         0.000         0.000         0.000
 M11            0.000         0.000         0.000         0.000         0.000
 M12            0.000         0.000         0.000         0.000         0.000
 Y1             0.000         0.000         0.000         0.000         0.000
 Y2             0.000         0.000         0.000         0.000         0.000
 Y3             0.000         0.000         0.000         0.000         0.000
 X1M10          0.000         0.000         0.000         0.000         0.000
 X2M11          0.000         0.000         0.000         0.000         0.000
 X3M12          0.000         0.000         0.000         0.000         0.000


           THETA
              M3            M4            M5            M6            M7
              ________      ________      ________      ________      ________
 M3             1.114
 M4             0.000         1.163
 M5             0.000         0.000         1.301
 M6             0.000         0.000         0.000         1.207
 M7             0.000         0.000         0.000         0.000         1.219
 M8             0.000         0.000         0.000         0.000         0.000
 M9             0.000         0.000         0.000         0.000         0.000
 M10            0.000         0.000         0.000         0.000         0.000
 M11            0.000         0.000         0.000         0.000         0.000
 M12            0.000         0.000         0.000         0.000         0.000
 Y1             0.000         0.000         0.000         0.000         0.000
 Y2             0.000         0.000         0.000         0.000         0.000
 Y3             0.000         0.000         0.000         0.000         0.000
 X1M10          0.000         0.000         0.000         0.000         0.000
 X2M11          0.000         0.000         0.000         0.000         0.000
 X3M12          0.000         0.000         0.000         0.000         0.000


           THETA
              M8            M9            M10           M11           M12
              ________      ________      ________      ________      ________
 M8             1.125
 M9             0.000         1.140
 M10            0.000         0.000         1.146
 M11            0.000         0.000         0.000         1.141
 M12            0.000         0.000         0.000         0.000         1.213
 Y1             0.000         0.000         0.000         0.000         0.000
 Y2             0.000         0.000         0.000         0.000         0.000
 Y3             0.000         0.000         0.000         0.000         0.000
 X1M10          0.000         0.000         0.000         0.000         0.000
 X2M11          0.000         0.000         0.000         0.000         0.000
 X3M12          0.000         0.000         0.000         0.000         0.000


           THETA
              Y1            Y2            Y3            X1M10         X2M11
              ________      ________      ________      ________      ________
 Y1             0.363
 Y2             0.000         0.473
 Y3             0.000         0.000         0.603
 X1M10          0.000         0.000         0.000         0.302
 X2M11          0.000         0.000         0.000         0.000         0.268
 X3M12          0.000         0.000         0.000         0.000         0.000


           THETA
              X3M12
              ________
 X3M12          0.279


           ALPHA
              X             M             Y             XM
              ________      ________      ________      ________
                0.000         0.000         0.000         0.000


           BETA
              X             M             Y             XM
              ________      ________      ________      ________
 X              0.000         0.000         0.000         0.000
 M              0.000         0.000         0.000         0.000
 Y              0.000         0.000         0.000         0.000
 XM             0.000         0.000         0.000         0.000


           PSI
              X             M             Y             XM
              ________      ________      ________      ________
 X              0.050
 M              0.000         0.050
 Y              0.000         0.000         0.050
 XM             0.000         0.000         0.000         0.050


     STARTING VALUES FOR THE ADDITIONAL PARAMETERS


           New/Additional Parameters
              VAR_Y         STD_B1        STD_B2        STD_B3
              ________      ________      ________      ________
                0.500         0.500         0.500         0.500


RESULTS SAVING INFORMATION

  Order of data

    Parameter estimates
     (saved in order shown in Technical 1 output)
    Standard errors
     (saved in order shown in Technical 1 output)
    Number of Free Parameters
    H0 Loglikelihood
    H0 Scaling Correction Factor for MLR
    H1 Loglikelihood
    H1 Scaling Correction Factor for MLR
    Akaike (AIC)
    Bayesian (BIC)
    Sample-Size Adjusted BIC
    Chi-square : Value
    Chi-square : Degrees of Freedom
    Chi-square : P-Value
    Chi-square : Scaling Correction Factor for MLR/MLM/WLSM
    CFI
    TLI
    RMSEA : Estimate
    RMSEA : Low CI
    RMSEA : High CI
    RMSEA : Probability
    SRMR
    Condition Number

  Save file
    matchupi_results_660.dat

  Save file format           Free


     Beginning Time:  21:19:35
        Ending Time:  21:19:36
       Elapsed Time:  00:00:01



MUTHEN & MUTHEN
3463 Stoner Ave.
Los Angeles, CA  90066

Tel: (310) 391-9971
Fax: (310) 391-8971
Web: www.StatModel.com
Support: Support@StatModel.com

Copyright (c) 1998-2022 Muthen & Muthen
