Mplus VERSION 8.8 (Mac)
MUTHEN & MUTHEN
07/27/2025   9:01 PM

INPUT INSTRUCTIONS


    TITLE: Matched-pair Unconstrained Product Indicator

    DATA:
      FILE = matchupi_simdat_1589.dat;
      FORMAT IS FREE;

    VARIABLE:
      NAMES = x1 x2 x3
      	    m1 m2 m3 m4 m5 m6
      	    m7 m8 m9 m10 m11 m12
      	    y1 y2 y3
      	    x1m10 x2m11 x3m12;
      USEVARIABLES = x1-x3m12;

    ANALYSIS:
      TYPE = general;
      ESTIMATOR = MLR;
    MODEL:
      !measurement model
      X BY x3 x2 x1;
      X (var_X);
      M BY m12 m11 m10 m9 m8 m7 m6 m5 m4 m3 m2 m1;
      M (var_M);
      Y BY y3 y2 y1;
      Y (resvar_Y);
      XM BY x3m12 x2m11 x1m10;
      XM (var_XM);

      !covariances between predictors
      X WITH M (cov_XM);
      X WITH XM (cov_XXM);
      M WITH XM (cov_MXM);

      !structural model
      Y ON X (b1);
      Y ON M (b2);
      Y ON XM (b3);

    MODEL CONSTRAINT:

      NEW(var_Y std_b1 std_b2 std_b3);
      var_Y = resvar_Y +
       (b1^2 * var_X +
        b2^2 * var_M +
        b3^2 * var_XM +
        2 * b1 * b2 * cov_XM +
        2 * b1 * b3 * cov_XXM +
        2 * b2 * b3 * cov_MXM);

        std_b1 = b1 * sqrt(var_X) / sqrt(var_Y);
        std_b2 = b2 * sqrt(var_M) / sqrt(var_Y);
        std_b3 = b3 * sqrt(var_X) * sqrt(var_M) / sqrt(var_Y);

    OUTPUT:
      sampstat tech1 CINTERVAL;

    SAVEDATA:
      RESULTS = matchupi_results_1589.dat;




INPUT READING TERMINATED NORMALLY



Matched-pair Unconstrained Product Indicator

SUMMARY OF ANALYSIS

Number of groups                                                 1
Number of observations                                         100

Number of dependent variables                                   21
Number of independent variables                                  0
Number of continuous latent variables                            4

Observed dependent variables

  Continuous
   X1          X2          X3          M1          M2          M3
   M4          M5          M6          M7          M8          M9
   M10         M11         M12         Y1          Y2          Y3
   X1M10       X2M11       X3M12

Continuous latent variables
   X           M           Y           XM


Estimator                                                      MLR
Information matrix                                        OBSERVED
Maximum number of iterations                                  1000
Convergence criterion                                    0.500D-04
Maximum number of steepest descent iterations                   20

Input data file(s)
  matchupi_simdat_1589.dat

Input data format  FREE


SAMPLE STATISTICS


     SAMPLE STATISTICS


           Means
              X1            X2            X3            M1            M2
              ________      ________      ________      ________      ________
                0.000         0.000         0.000         0.000         0.000


           Means
              M3            M4            M5            M6            M7
              ________      ________      ________      ________      ________
                0.000         0.000         0.000         0.000         0.000


           Means
              M8            M9            M10           M11           M12
              ________      ________      ________      ________      ________
                0.000         0.000         0.000         0.000         0.000


           Means
              Y1            Y2            Y3            X1M10         X2M11
              ________      ________      ________      ________      ________
                0.711         0.805         1.045         0.000         0.000


           Means
              X3M12
              ________
                0.000


           Covariances
              X1            X2            X3            M1            M2
              ________      ________      ________      ________      ________
 X1             0.244
 X2             0.050         0.250
 X3             0.074         0.075         0.250
 M1            -0.115         0.025         0.106         2.533
 M2            -0.020        -0.020         0.034         0.111         2.616
 M3            -0.042         0.015         0.094         0.432        -0.006
 M4             0.065         0.085        -0.024         0.303         0.111
 M5             0.009         0.075         0.024         0.129        -0.163
 M6             0.021         0.035         0.016         0.361         0.073
 M7             0.040         0.005         0.007         0.255         0.258
 M8            -0.094         0.160        -0.029         0.110         0.290
 M9             0.128         0.110         0.041        -0.063        -0.238
 M10            0.107         0.140         0.080         0.195         0.055
 M11            0.099         0.125         0.144         0.439         0.197
 M12            0.103         0.125         0.045         0.584         0.331
 Y1             0.104         0.063         0.117         0.120        -0.027
 Y2             0.086         0.107         0.169        -0.008         0.088
 Y3             0.148         0.069         0.143        -0.100         0.085
 X1M10          0.081         0.004        -0.001        -0.063         0.073
 X2M11          0.004         0.000        -0.049        -0.130        -0.096
 X3M12         -0.017         0.022         0.025        -0.152        -0.032


           Covariances
              M3            M4            M5            M6            M7
              ________      ________      ________      ________      ________
 M3             2.682
 M4             0.402         2.533
 M5             0.614         0.079         2.585
 M6             0.746         0.511         0.635         2.665
 M7             0.657         0.375         0.363         0.527         2.494
 M8             0.537         0.050         0.476         0.644         0.725
 M9             0.319         0.207         0.447         0.573         0.521
 M10            0.316         0.365         0.467         0.893         0.428
 M11            0.464         0.849         0.545         0.965         0.863
 M12            0.637         0.564         0.188         0.562         1.036
 Y1             0.206         0.060         0.238         0.062         0.074
 Y2             0.099         0.333         0.256         0.259         0.003
 Y3             0.338         0.495         0.267         0.311         0.306
 X1M10         -0.083        -0.139         0.269         0.237         0.063
 X2M11         -0.147        -0.020         0.091         0.036        -0.042
 X3M12         -0.044        -0.028        -0.010        -0.020         0.065


           Covariances
              M8            M9            M10           M11           M12
              ________      ________      ________      ________      ________
 M8             2.474
 M9             0.732         2.610
 M10            0.343         0.494         2.058
 M11            0.646         0.827         0.987         2.445
 M12            0.442         0.683         0.729         1.018         2.249
 Y1             0.166         0.240         0.069         0.318         0.179
 Y2             0.202         0.195         0.325         0.378         0.127
 Y3             0.320         0.521         0.269         0.503         0.253
 X1M10          0.000        -0.004        -0.006        -0.078        -0.050
 X2M11         -0.001         0.145        -0.040        -0.162        -0.062
 X3M12          0.125         0.081         0.147        -0.116         0.079


           Covariances
              Y1            Y2            Y3            X1M10         X2M11
              ________      ________      ________      ________      ________
 Y1             0.726
 Y2             0.414         0.910
 Y3             0.358         0.553         1.034
 X1M10          0.034         0.001         0.016         0.561
 X2M11         -0.028         0.030         0.026         0.046         0.596
 X3M12         -0.029         0.011         0.009         0.062         0.034


           Covariances
              X3M12
              ________
 X3M12          0.467


           Correlations
              X1            X2            X3            M1            M2
              ________      ________      ________      ________      ________
 X1             1.000
 X2             0.203         1.000
 X3             0.301         0.300         1.000
 M1            -0.146         0.031         0.134         1.000
 M2            -0.025        -0.025         0.042         0.043         1.000
 M3            -0.052         0.018         0.115         0.166        -0.002
 M4             0.083         0.107        -0.030         0.120         0.043
 M5             0.012         0.093         0.030         0.050        -0.063
 M6             0.026         0.043         0.019         0.139         0.028
 M7             0.052         0.006         0.009         0.102         0.101
 M8            -0.121         0.203        -0.037         0.044         0.114
 M9             0.161         0.136         0.051        -0.025        -0.091
 M10            0.151         0.195         0.111         0.085         0.024
 M11            0.129         0.160         0.185         0.176         0.078
 M12            0.139         0.167         0.060         0.245         0.137
 Y1             0.247         0.149         0.274         0.088        -0.019
 Y2             0.183         0.224         0.354        -0.006         0.057
 Y3             0.294         0.135         0.281        -0.062         0.052
 X1M10          0.218         0.011        -0.002        -0.053         0.060
 X2M11          0.011         0.000        -0.127        -0.106        -0.077
 X3M12         -0.051         0.064         0.072        -0.140        -0.029


           Correlations
              M3            M4            M5            M6            M7
              ________      ________      ________      ________      ________
 M3             1.000
 M4             0.154         1.000
 M5             0.233         0.031         1.000
 M6             0.279         0.197         0.242         1.000
 M7             0.254         0.149         0.143         0.204         1.000
 M8             0.209         0.020         0.188         0.251         0.292
 M9             0.121         0.081         0.172         0.217         0.204
 M10            0.135         0.160         0.203         0.381         0.189
 M11            0.181         0.341         0.217         0.378         0.350
 M12            0.259         0.236         0.078         0.230         0.437
 Y1             0.147         0.044         0.174         0.045         0.055
 Y2             0.063         0.220         0.167         0.167         0.002
 Y3             0.203         0.306         0.163         0.187         0.190
 X1M10         -0.068        -0.117         0.224         0.194         0.053
 X2M11         -0.117        -0.016         0.073         0.029        -0.034
 X3M12         -0.039        -0.025        -0.010        -0.018         0.060


           Correlations
              M8            M9            M10           M11           M12
              ________      ________      ________      ________      ________
 M8             1.000
 M9             0.288         1.000
 M10            0.152         0.213         1.000
 M11            0.263         0.327         0.440         1.000
 M12            0.188         0.282         0.339         0.434         1.000
 Y1             0.124         0.175         0.056         0.239         0.140
 Y2             0.134         0.127         0.238         0.254         0.089
 Y3             0.200         0.317         0.184         0.317         0.166
 X1M10          0.000        -0.003        -0.006        -0.066        -0.045
 X2M11         -0.001         0.116        -0.036        -0.135        -0.054
 X3M12          0.116         0.074         0.150        -0.108         0.077


           Correlations
              Y1            Y2            Y3            X1M10         X2M11
              ________      ________      ________      ________      ________
 Y1             1.000
 Y2             0.510         1.000
 Y3             0.414         0.570         1.000
 X1M10          0.054         0.001         0.021         1.000
 X2M11         -0.043         0.040         0.033         0.079         1.000
 X3M12         -0.051         0.016         0.012         0.122         0.065


           Correlations
              X3M12
              ________
 X3M12          1.000


UNIVARIATE SAMPLE STATISTICS


     UNIVARIATE HIGHER-ORDER MOMENT DESCRIPTIVE STATISTICS

         Variable/         Mean/     Skewness/   Minimum/ % with                Percentiles
        Sample Size      Variance    Kurtosis    Maximum  Min/Max      20%/60%    40%/80%    Median

     X1                    0.000      -0.324      -0.580   42.00%      -0.580     -0.580      0.420
             100.000       0.244      -1.895       0.420   58.00%       0.420      0.420
     X2                    0.000       0.000      -0.500   50.00%      -0.500     -0.500      0.000
             100.000       0.250      -2.000       0.500   50.00%       0.500      0.500
     X3                    0.000      -0.040      -0.510   49.00%      -0.510     -0.510      0.490
             100.000       0.250      -1.998       0.490   51.00%       0.490      0.490
     M1                    0.000       0.184      -1.870   29.00%      -1.870     -0.870      0.130
             100.000       2.533      -1.535       2.130   27.00%       0.130      2.130
     M2                    0.000       0.359      -1.620   41.00%      -1.620     -1.620     -0.620
             100.000       2.616      -1.489       2.380   22.00%       0.380      2.380
     M3                    0.000      -0.035      -2.090   26.00%      -2.090     -1.090     -0.090
             100.000       2.682      -1.635       1.910   34.00%       0.910      1.910
     M4                    0.000       0.124      -1.870   31.00%      -1.870     -0.870      0.130
             100.000       2.533      -1.555       2.130   25.00%       0.130      2.130
     M5                    0.000      -0.056      -2.070   27.00%      -2.070     -1.070     -0.070
             100.000       2.585      -1.573       1.930   31.00%       0.930      1.930
     M6                    0.000       0.030      -1.930   33.00%      -1.930     -0.930      0.070
             100.000       2.665      -1.616       2.070   27.00%       1.070      2.070
     M7                    0.000       0.299      -1.810   28.00%      -1.810     -0.810     -0.810
             100.000       2.494      -1.475       2.190   27.00%       0.190      2.190
     M8                    0.000      -0.022      -1.920   32.00%      -1.920     -0.920      0.080
             100.000       2.474      -1.556       2.080   22.00%       1.080      2.080
     M9                    0.000       0.176      -1.900   29.00%      -1.900     -0.900      0.100
             100.000       2.610      -1.555       2.100   30.00%       0.100      2.100
     M10                   0.000      -0.050      -2.040   20.00%      -2.040     -1.040     -0.040
             100.000       2.058      -1.352       1.960   21.00%       0.960      1.960
     M11                   0.000      -0.116      -2.070   26.00%      -2.070     -1.070     -0.070
             100.000       2.445      -1.538       1.930   26.00%       0.930      1.930
     M12                   0.000      -0.087      -2.030   25.00%      -2.030     -0.030     -0.030
             100.000       2.249      -1.412       1.970   23.00%       0.970      1.970
     Y1                    0.711       0.362      -1.322    1.00%       0.063      0.435      0.602
             100.000       0.726      -0.098       2.982    1.00%       0.759      1.365
     Y2                    0.805      -0.066      -2.037    1.00%      -0.058      0.564      0.749
             100.000       0.910       0.256       3.498    1.00%       1.066      1.584
     Y3                    1.045       0.279      -1.659    1.00%       0.201      0.595      0.872
             100.000       1.034      -0.083       3.652    1.00%       1.261      1.927
     X1M10                 0.000      -0.039      -1.049   10.00%      -1.039     -0.059     -0.059
             100.000       0.561      -1.412       0.991   14.00%       0.431      0.921
     X2M11                 0.000      -0.176      -1.160    7.00%      -0.660     -0.160      0.125
             100.000       0.596      -1.504       0.910   19.00%       0.340      0.840
     X3M12                 0.000      -0.156      -1.244    4.00%      -0.664     -0.124     -0.084
             100.000       0.467      -1.219       1.076    8.00%       0.296      0.716


     THIS ANALYSIS MAY HAVE MULTIPLE SOLUTIONS.  EXPLORE THIS USING RANDOM STARTS,
     FOR EXAMPLE, STARTS = 20.  USE A LARGE ENOUGH NUMBER OF STARTS SO THAT THE
     BEST FIT FUNCTION VALUE IS REPLICATED SEVERAL TIMES.


THE MODEL ESTIMATION TERMINATED NORMALLY

     THE STANDARD ERRORS OF THE MODEL PARAMETER ESTIMATES MAY NOT BE
     TRUSTWORTHY FOR SOME PARAMETERS DUE TO A NON-POSITIVE DEFINITE
     FIRST-ORDER DERIVATIVE PRODUCT MATRIX.  THIS MAY BE DUE TO THE STARTING
     VALUES BUT MAY ALSO BE AN INDICATION OF MODEL NONIDENTIFICATION.  THE
     CONDITION NUMBER IS       0.185D-15.  PROBLEM INVOLVING THE FOLLOWING PARAMETER:
     Parameter 40, X2

     THIS IS MOST LIKELY DUE TO VARIABLE X1 BEING DICHOTOMOUS BUT
     DECLARED AS CONTINUOUS.




MODEL FIT INFORMATION

Number of Free Parameters                       69

Loglikelihood

          H0 Value                       -3068.106
          H0 Scaling Correction Factor      0.8686
            for MLR
          H1 Value                       -2982.092
          H1 Scaling Correction Factor      0.9599
            for MLR

Information Criteria

          Akaike (AIC)                    6274.213
          Bayesian (BIC)                  6453.970
          Sample-Size Adjusted BIC        6236.050
            (n* = (n + 2) / 24)

Chi-Square Test of Model Fit

          Value                            173.017*
          Degrees of Freedom                   183
          P-Value                           0.6903
          Scaling Correction Factor         0.9943
            for MLR

*   The chi-square value for MLM, MLMV, MLR, ULSMV, WLSM and WLSMV cannot be used
    for chi-square difference testing in the regular way.  MLM, MLR and WLSM
    chi-square difference testing is described on the Mplus website.  MLMV, WLSMV,
    and ULSMV difference testing is done using the DIFFTEST option.

RMSEA (Root Mean Square Error Of Approximation)

          Estimate                           0.000
          90 Percent C.I.                    0.000  0.036
          Probability RMSEA <= .05           0.995

CFI/TLI

          CFI                                1.000
          TLI                                1.000

Chi-Square Test of Model Fit for the Baseline Model

          Value                            438.692
          Degrees of Freedom                   210
          P-Value                           0.0000

SRMR (Standardized Root Mean Square Residual)

          Value                              0.066



MODEL RESULTS

                                                    Two-Tailed
                    Estimate       S.E.  Est./S.E.    P-Value

 X        BY
    X3                 1.000      0.000    999.000    999.000
    X2                 0.677      0.214      3.159      0.002
    X1                 0.760      0.314      2.424      0.015

 M        BY
    M12                1.000      0.000    999.000    999.000
    M11                1.288      0.270      4.774      0.000
    M10                0.873      0.218      4.004      0.000
    M9                 0.785      0.225      3.483      0.000
    M8                 0.699      0.248      2.817      0.005
    M7                 0.873      0.203      4.293      0.000
    M6                 0.957      0.273      3.499      0.000
    M5                 0.574      0.239      2.402      0.016
    M4                 0.657      0.225      2.926      0.003
    M3                 0.685      0.244      2.804      0.005
    M2                 0.176      0.194      0.909      0.364
    M1                 0.408      0.198      2.054      0.040

 Y        BY
    Y3                 1.000      0.000    999.000    999.000
    Y2                 1.010      0.174      5.823      0.000
    Y1                 0.712      0.146      4.877      0.000

 XM       BY
    X3M12              1.000      0.000    999.000    999.000
    X2M11              0.654      1.082      0.605      0.545
    X1M10              2.748     11.718      0.235      0.815

 Y        ON
    X                  1.327      0.543      2.442      0.015
    M                  0.231      0.143      1.618      0.106
    XM                -0.259      1.363     -0.190      0.849

 X        WITH
    M                  0.085      0.047      1.779      0.075
    XM                 0.009      0.027      0.328      0.743

 M        WITH
    XM                -0.001      0.038     -0.023      0.982

 Intercepts
    X1                 0.000      0.049      0.000      1.000
    X2                 0.000      0.050      0.000      1.000
    X3                 0.000      0.050      0.000      1.000
    M1                 0.000      0.159      0.000      1.000
    M2                 0.000      0.162      0.000      1.000
    M3                 0.000      0.164      0.000      1.000
    M4                 0.000      0.159      0.000      1.000
    M5                 0.000      0.161      0.000      1.000
    M6                 0.000      0.163      0.000      1.000
    M7                 0.000      0.158      0.000      1.000
    M8                 0.000      0.157      0.000      1.000
    M9                 0.000      0.162      0.000      1.000
    M10                0.000      0.143      0.000      1.000
    M11                0.000      0.156      0.000      1.000
    M12                0.000      0.150      0.000      1.000
    Y1                 0.711      0.085      8.345      0.000
    Y2                 0.805      0.095      8.443      0.000
    Y3                 1.045      0.102     10.279      0.000
    X1M10              0.000      0.075      0.000      1.000
    X2M11              0.000      0.077      0.000      1.000
    X3M12              0.000      0.068      0.000      1.000

 Variances
    X                  0.102      0.041      2.489      0.013
    M                  0.803      0.286      2.808      0.005
    XM                 0.024      0.113      0.214      0.831

 Residual Variances
    X1                 0.185      0.034      5.405      0.000
    X2                 0.203      0.027      7.664      0.000
    X3                 0.148      0.041      3.607      0.000
    M1                 2.400      0.211     11.350      0.000
    M2                 2.591      0.189     13.682      0.000
    M3                 2.305      0.251      9.175      0.000
    M4                 2.187      0.215     10.164      0.000
    M5                 2.321      0.227     10.212      0.000
    M6                 1.931      0.258      7.476      0.000
    M7                 1.882      0.266      7.066      0.000
    M8                 2.082      0.230      9.065      0.000
    M9                 2.116      0.258      8.199      0.000
    M10                1.446      0.215      6.715      0.000
    M11                1.113      0.292      3.810      0.000
    M12                1.446      0.274      5.284      0.000
    Y1                 0.448      0.084      5.332      0.000
    Y2                 0.352      0.086      4.113      0.000
    Y3                 0.488      0.122      4.011      0.000
    X1M10              0.378      0.723      0.523      0.601
    X2M11              0.585      0.066      8.811      0.000
    X3M12              0.442      0.114      3.869      0.000
    Y                  0.277      0.110      2.517      0.012

New/Additional Parameters
    VAR_Y              0.546      0.158      3.467      0.001
    STD_B1             0.574      0.158      3.632      0.000
    STD_B2             0.280      0.142      1.974      0.048
    STD_B3            -0.100      0.520     -0.193      0.847


QUALITY OF NUMERICAL RESULTS

     Condition Number for the Information Matrix              0.202E-05
       (ratio of smallest to largest eigenvalue)


CONFIDENCE INTERVALS OF MODEL RESULTS

                  Lower .5%  Lower 2.5%    Lower 5%    Estimate    Upper 5%  Upper 2.5%   Upper .5%

 X        BY
    X3               1.000       1.000       1.000       1.000       1.000       1.000       1.000
    X2               0.125       0.257       0.324       0.677       1.029       1.097       1.229
    X1              -0.048       0.145       0.244       0.760       1.277       1.376       1.569

 M        BY
    M12              1.000       1.000       1.000       1.000       1.000       1.000       1.000
    M11              0.593       0.759       0.844       1.288       1.732       1.817       1.983
    M10              0.311       0.446       0.514       0.873       1.232       1.301       1.435
    M9               0.204       0.343       0.414       0.785       1.155       1.226       1.365
    M8               0.060       0.213       0.291       0.699       1.107       1.185       1.338
    M7               0.349       0.475       0.539       0.873       1.208       1.272       1.397
    M6               0.252       0.421       0.507       0.957       1.406       1.492       1.661
    M5              -0.041       0.106       0.181       0.574       0.967       1.042       1.189
    M4               0.079       0.217       0.288       0.657       1.026       1.097       1.235
    M3               0.056       0.206       0.283       0.685       1.087       1.164       1.314
    M2              -0.323      -0.204      -0.143       0.176       0.495       0.556       0.675
    M1              -0.103       0.019       0.081       0.408       0.734       0.797       0.919

 Y        BY
    Y3               1.000       1.000       1.000       1.000       1.000       1.000       1.000
    Y2               0.563       0.670       0.725       1.010       1.296       1.351       1.457
    Y1               0.336       0.426       0.472       0.712       0.953       0.999       1.089

 XM       BY
    X3M12            1.000       1.000       1.000       1.000       1.000       1.000       1.000
    X2M11           -2.132      -1.466      -1.125       0.654       2.434       2.774       3.440
    X1M10          -27.434     -20.218     -16.527       2.748      22.024      25.715      32.931

 Y        ON
    X               -0.073       0.262       0.433       1.327       2.220       2.391       2.726
    M               -0.137      -0.049      -0.004       0.231       0.465       0.510       0.598
    XM              -3.770      -2.931      -2.502      -0.259       1.983       2.413       3.252

 X        WITH
    M               -0.038      -0.009       0.006       0.085       0.163       0.178       0.207
    XM              -0.061      -0.044      -0.036       0.009       0.054       0.062       0.079

 M        WITH
    XM              -0.099      -0.075      -0.063      -0.001       0.062       0.073       0.097

 Intercepts
    X1              -0.127      -0.097      -0.081       0.000       0.081       0.097       0.127
    X2              -0.129      -0.098      -0.082       0.000       0.082       0.098       0.129
    X3              -0.129      -0.098      -0.082       0.000       0.082       0.098       0.129
    M1              -0.410      -0.312      -0.262       0.000       0.262       0.312       0.410
    M2              -0.417      -0.317      -0.266       0.000       0.266       0.317       0.417
    M3              -0.422      -0.321      -0.269       0.000       0.269       0.321       0.422
    M4              -0.410      -0.312      -0.262       0.000       0.262       0.312       0.410
    M5              -0.414      -0.315      -0.264       0.000       0.264       0.315       0.414
    M6              -0.421      -0.320      -0.269       0.000       0.269       0.320       0.421
    M7              -0.407      -0.310      -0.260       0.000       0.260       0.310       0.407
    M8              -0.405      -0.308      -0.259       0.000       0.259       0.308       0.405
    M9              -0.416      -0.317      -0.266       0.000       0.266       0.317       0.416
    M10             -0.370      -0.281      -0.236       0.000       0.236       0.281       0.370
    M11             -0.403      -0.306      -0.257       0.000       0.257       0.306       0.403
    M12             -0.386      -0.294      -0.247       0.000       0.247       0.294       0.386
    Y1               0.491       0.544       0.571       0.711       0.851       0.878       0.930
    Y2               0.560       0.618       0.648       0.805       0.962       0.992       1.051
    Y3               0.783       0.846       0.878       1.045       1.212       1.245       1.307
    X1M10           -0.193      -0.147      -0.123       0.000       0.123       0.147       0.193
    X2M11           -0.199      -0.151      -0.127       0.000       0.127       0.151       0.199
    X3M12           -0.176      -0.134      -0.112       0.000       0.112       0.134       0.176

 Variances
    X               -0.004       0.022       0.035       0.102       0.170       0.183       0.208
    M                0.066       0.242       0.332       0.803       1.273       1.363       1.539
    XM              -0.267      -0.197      -0.162       0.024       0.210       0.246       0.315

 Residual Variances
    X1               0.097       0.118       0.128       0.185       0.241       0.251       0.272
    X2               0.135       0.151       0.160       0.203       0.247       0.255       0.272
    X3               0.042       0.067       0.080       0.148       0.215       0.228       0.253
    M1               1.855       1.985       2.052       2.400       2.747       2.814       2.944
    M2               2.103       2.220       2.279       2.591       2.902       2.962       3.078
    M3               1.658       1.813       1.892       2.305       2.719       2.798       2.952
    M4               1.633       1.765       1.833       2.187       2.541       2.608       2.741
    M5               1.735       1.875       1.947       2.321       2.695       2.766       2.906
    M6               1.265       1.424       1.506       1.931       2.355       2.437       2.596
    M7               1.196       1.360       1.444       1.882       2.320       2.404       2.568
    M8               1.490       1.632       1.704       2.082       2.460       2.532       2.673
    M9               1.451       1.610       1.691       2.116       2.541       2.622       2.781
    M10              0.892       1.024       1.092       1.446       1.801       1.869       2.001
    M11              0.361       0.541       0.633       1.113       1.594       1.686       1.866
    M12              0.741       0.910       0.996       1.446       1.897       1.983       2.152
    Y1               0.232       0.284       0.310       0.448       0.587       0.613       0.665
    Y2               0.131       0.184       0.211       0.352       0.492       0.519       0.572
    Y3               0.174       0.249       0.288       0.488       0.687       0.726       0.801
    X1M10           -1.484      -1.039      -0.811       0.378       1.568       1.796       2.241
    X2M11            0.414       0.455       0.476       0.585       0.695       0.715       0.756
    X3M12            0.148       0.218       0.254       0.442       0.630       0.666       0.737
    Y               -0.006       0.061       0.096       0.277       0.457       0.492       0.560

New/Additional Parameters
    VAR_Y            0.141       0.238       0.287       0.546       0.806       0.855       0.952
    STD_B1           0.167       0.264       0.314       0.574       0.833       0.883       0.980
    STD_B2          -0.085       0.002       0.047       0.280       0.513       0.557       0.645
    STD_B3          -1.440      -1.120      -0.956      -0.100       0.755       0.919       1.239


TECHNICAL 1 OUTPUT


     PARAMETER SPECIFICATION


           NU
              X1            X2            X3            M1            M2
              ________      ________      ________      ________      ________
                  1             2             3             4             5


           NU
              M3            M4            M5            M6            M7
              ________      ________      ________      ________      ________
                  6             7             8             9            10


           NU
              M8            M9            M10           M11           M12
              ________      ________      ________      ________      ________
                 11            12            13            14            15


           NU
              Y1            Y2            Y3            X1M10         X2M11
              ________      ________      ________      ________      ________
                 16            17            18            19            20


           NU
              X3M12
              ________
                 21


           LAMBDA
              X             M             Y             XM
              ________      ________      ________      ________
 X1                22             0             0             0
 X2                23             0             0             0
 X3                 0             0             0             0
 M1                 0            24             0             0
 M2                 0            25             0             0
 M3                 0            26             0             0
 M4                 0            27             0             0
 M5                 0            28             0             0
 M6                 0            29             0             0
 M7                 0            30             0             0
 M8                 0            31             0             0
 M9                 0            32             0             0
 M10                0            33             0             0
 M11                0            34             0             0
 M12                0             0             0             0
 Y1                 0             0            35             0
 Y2                 0             0            36             0
 Y3                 0             0             0             0
 X1M10              0             0             0            37
 X2M11              0             0             0            38
 X3M12              0             0             0             0


           THETA
              X1            X2            X3            M1            M2
              ________      ________      ________      ________      ________
 X1                39
 X2                 0            40
 X3                 0             0            41
 M1                 0             0             0            42
 M2                 0             0             0             0            43
 M3                 0             0             0             0             0
 M4                 0             0             0             0             0
 M5                 0             0             0             0             0
 M6                 0             0             0             0             0
 M7                 0             0             0             0             0
 M8                 0             0             0             0             0
 M9                 0             0             0             0             0
 M10                0             0             0             0             0
 M11                0             0             0             0             0
 M12                0             0             0             0             0
 Y1                 0             0             0             0             0
 Y2                 0             0             0             0             0
 Y3                 0             0             0             0             0
 X1M10              0             0             0             0             0
 X2M11              0             0             0             0             0
 X3M12              0             0             0             0             0


           THETA
              M3            M4            M5            M6            M7
              ________      ________      ________      ________      ________
 M3                44
 M4                 0            45
 M5                 0             0            46
 M6                 0             0             0            47
 M7                 0             0             0             0            48
 M8                 0             0             0             0             0
 M9                 0             0             0             0             0
 M10                0             0             0             0             0
 M11                0             0             0             0             0
 M12                0             0             0             0             0
 Y1                 0             0             0             0             0
 Y2                 0             0             0             0             0
 Y3                 0             0             0             0             0
 X1M10              0             0             0             0             0
 X2M11              0             0             0             0             0
 X3M12              0             0             0             0             0


           THETA
              M8            M9            M10           M11           M12
              ________      ________      ________      ________      ________
 M8                49
 M9                 0            50
 M10                0             0            51
 M11                0             0             0            52
 M12                0             0             0             0            53
 Y1                 0             0             0             0             0
 Y2                 0             0             0             0             0
 Y3                 0             0             0             0             0
 X1M10              0             0             0             0             0
 X2M11              0             0             0             0             0
 X3M12              0             0             0             0             0


           THETA
              Y1            Y2            Y3            X1M10         X2M11
              ________      ________      ________      ________      ________
 Y1                54
 Y2                 0            55
 Y3                 0             0            56
 X1M10              0             0             0            57
 X2M11              0             0             0             0            58
 X3M12              0             0             0             0             0


           THETA
              X3M12
              ________
 X3M12             59


           ALPHA
              X             M             Y             XM
              ________      ________      ________      ________
                  0             0             0             0


           BETA
              X             M             Y             XM
              ________      ________      ________      ________
 X                  0             0             0             0
 M                  0             0             0             0
 Y                 60            61             0            62
 XM                 0             0             0             0


           PSI
              X             M             Y             XM
              ________      ________      ________      ________
 X                 63
 M                 64            65
 Y                  0             0            66
 XM                67            68             0            69


     PARAMETER SPECIFICATION FOR THE ADDITIONAL PARAMETERS


           New/Additional Parameters
              VAR_Y         STD_B1        STD_B2        STD_B3
              ________      ________      ________      ________
                   70            71            72            73


     STARTING VALUES


           NU
              X1            X2            X3            M1            M2
              ________      ________      ________      ________      ________
                0.000         0.000         0.000         0.000         0.000


           NU
              M3            M4            M5            M6            M7
              ________      ________      ________      ________      ________
                0.000         0.000         0.000         0.000         0.000


           NU
              M8            M9            M10           M11           M12
              ________      ________      ________      ________      ________
                0.000         0.000         0.000         0.000         0.000


           NU
              Y1            Y2            Y3            X1M10         X2M11
              ________      ________      ________      ________      ________
                0.711         0.805         1.045         0.000         0.000


           NU
              X3M12
              ________
                0.000


           LAMBDA
              X             M             Y             XM
              ________      ________      ________      ________
 X1             0.667         0.000         0.000         0.000
 X2             0.674         0.000         0.000         0.000
 X3             1.000         0.000         0.000         0.000
 M1             0.000         0.689         0.000         0.000
 M2             0.000         0.337         0.000         0.000
 M3             0.000         0.681         0.000         0.000
 M4             0.000         0.693         0.000         0.000
 M5             0.000         0.306         0.000         0.000
 M6             0.000         0.662         0.000         0.000
 M7             0.000         0.918         0.000         0.000
 M8             0.000         0.356         0.000         0.000
 M9             0.000         0.682         0.000         0.000
 M10            0.000         0.763         0.000         0.000
 M11            0.000         0.861         0.000         0.000
 M12            0.000         1.000         0.000         0.000
 Y1             0.000         0.000         0.749         0.000
 Y2             0.000         0.000         1.156         0.000
 Y3             0.000         0.000         1.000         0.000
 X1M10          0.000         0.000         0.000         1.339
 X2M11          0.000         0.000         0.000         0.736
 X3M12          0.000         0.000         0.000         1.000


           THETA
              X1            X2            X3            M1            M2
              ________      ________      ________      ________      ________
 X1             0.122
 X2             0.000         0.125
 X3             0.000         0.000         0.125
 M1             0.000         0.000         0.000         1.267
 M2             0.000         0.000         0.000         0.000         1.308
 M3             0.000         0.000         0.000         0.000         0.000
 M4             0.000         0.000         0.000         0.000         0.000
 M5             0.000         0.000         0.000         0.000         0.000
 M6             0.000         0.000         0.000         0.000         0.000
 M7             0.000         0.000         0.000         0.000         0.000
 M8             0.000         0.000         0.000         0.000         0.000
 M9             0.000         0.000         0.000         0.000         0.000
 M10            0.000         0.000         0.000         0.000         0.000
 M11            0.000         0.000         0.000         0.000         0.000
 M12            0.000         0.000         0.000         0.000         0.000
 Y1             0.000         0.000         0.000         0.000         0.000
 Y2             0.000         0.000         0.000         0.000         0.000
 Y3             0.000         0.000         0.000         0.000         0.000
 X1M10          0.000         0.000         0.000         0.000         0.000
 X2M11          0.000         0.000         0.000         0.000         0.000
 X3M12          0.000         0.000         0.000         0.000         0.000


           THETA
              M3            M4            M5            M6            M7
              ________      ________      ________      ________      ________
 M3             1.341
 M4             0.000         1.267
 M5             0.000         0.000         1.293
 M6             0.000         0.000         0.000         1.333
 M7             0.000         0.000         0.000         0.000         1.247
 M8             0.000         0.000         0.000         0.000         0.000
 M9             0.000         0.000         0.000         0.000         0.000
 M10            0.000         0.000         0.000         0.000         0.000
 M11            0.000         0.000         0.000         0.000         0.000
 M12            0.000         0.000         0.000         0.000         0.000
 Y1             0.000         0.000         0.000         0.000         0.000
 Y2             0.000         0.000         0.000         0.000         0.000
 Y3             0.000         0.000         0.000         0.000         0.000
 X1M10          0.000         0.000         0.000         0.000         0.000
 X2M11          0.000         0.000         0.000         0.000         0.000
 X3M12          0.000         0.000         0.000         0.000         0.000


           THETA
              M8            M9            M10           M11           M12
              ________      ________      ________      ________      ________
 M8             1.237
 M9             0.000         1.305
 M10            0.000         0.000         1.029
 M11            0.000         0.000         0.000         1.223
 M12            0.000         0.000         0.000         0.000         1.125
 Y1             0.000         0.000         0.000         0.000         0.000
 Y2             0.000         0.000         0.000         0.000         0.000
 Y3             0.000         0.000         0.000         0.000         0.000
 X1M10          0.000         0.000         0.000         0.000         0.000
 X2M11          0.000         0.000         0.000         0.000         0.000
 X3M12          0.000         0.000         0.000         0.000         0.000


           THETA
              Y1            Y2            Y3            X1M10         X2M11
              ________      ________      ________      ________      ________
 Y1             0.363
 Y2             0.000         0.455
 Y3             0.000         0.000         0.517
 X1M10          0.000         0.000         0.000         0.281
 X2M11          0.000         0.000         0.000         0.000         0.298
 X3M12          0.000         0.000         0.000         0.000         0.000


           THETA
              X3M12
              ________
 X3M12          0.233


           ALPHA
              X             M             Y             XM
              ________      ________      ________      ________
                0.000         0.000         0.000         0.000


           BETA
              X             M             Y             XM
              ________      ________      ________      ________
 X              0.000         0.000         0.000         0.000
 M              0.000         0.000         0.000         0.000
 Y              0.000         0.000         0.000         0.000
 XM             0.000         0.000         0.000         0.000


           PSI
              X             M             Y             XM
              ________      ________      ________      ________
 X              0.050
 M              0.000         0.050
 Y              0.000         0.000         0.050
 XM             0.000         0.000         0.000         0.050


     STARTING VALUES FOR THE ADDITIONAL PARAMETERS


           New/Additional Parameters
              VAR_Y         STD_B1        STD_B2        STD_B3
              ________      ________      ________      ________
                0.500         0.500         0.500         0.500


RESULTS SAVING INFORMATION

  Order of data

    Parameter estimates
     (saved in order shown in Technical 1 output)
    Standard errors
     (saved in order shown in Technical 1 output)
    Number of Free Parameters
    H0 Loglikelihood
    H0 Scaling Correction Factor for MLR
    H1 Loglikelihood
    H1 Scaling Correction Factor for MLR
    Akaike (AIC)
    Bayesian (BIC)
    Sample-Size Adjusted BIC
    Chi-square : Value
    Chi-square : Degrees of Freedom
    Chi-square : P-Value
    Chi-square : Scaling Correction Factor for MLR/MLM/WLSM
    CFI
    TLI
    RMSEA : Estimate
    RMSEA : Low CI
    RMSEA : High CI
    RMSEA : Probability
    SRMR
    Condition Number

  Save file
    matchupi_results_1589.dat

  Save file format           Free


     Beginning Time:  21:01:23
        Ending Time:  21:01:24
       Elapsed Time:  00:00:01



MUTHEN & MUTHEN
3463 Stoner Ave.
Los Angeles, CA  90066

Tel: (310) 391-9971
Fax: (310) 391-8971
Web: www.StatModel.com
Support: Support@StatModel.com

Copyright (c) 1998-2022 Muthen & Muthen
