Mplus VERSION 8.8 (Mac)
MUTHEN & MUTHEN
07/27/2025   9:24 PM

INPUT INSTRUCTIONS


    TITLE: Matched-pair Unconstrained Product Indicator

    DATA:
      FILE = matchupi_simdat_1867.dat;
      FORMAT IS FREE;

    VARIABLE:
      NAMES = x1 x2 x3
      	    m1 m2 m3 m4 m5 m6
      	    m7 m8 m9 m10 m11 m12
      	    y1 y2 y3
      	    x1m10 x2m11 x3m12;
      USEVARIABLES = x1-x3m12;

    ANALYSIS:
      TYPE = general;
      ESTIMATOR = MLR;
    MODEL:
      !measurement model
      X BY x3 x2 x1;
      X (var_X);
      M BY m12 m11 m10 m9 m8 m7 m6 m5 m4 m3 m2 m1;
      M (var_M);
      Y BY y3 y2 y1;
      Y (resvar_Y);
      XM BY x3m12 x2m11 x1m10;
      XM (var_XM);

      !covariances between predictors
      X WITH M (cov_XM);
      X WITH XM (cov_XXM);
      M WITH XM (cov_MXM);

      !structural model
      Y ON X (b1);
      Y ON M (b2);
      Y ON XM (b3);

    MODEL CONSTRAINT:

      NEW(var_Y std_b1 std_b2 std_b3);
      var_Y = resvar_Y +
       (b1^2 * var_X +
        b2^2 * var_M +
        b3^2 * var_XM +
        2 * b1 * b2 * cov_XM +
        2 * b1 * b3 * cov_XXM +
        2 * b2 * b3 * cov_MXM);

        std_b1 = b1 * sqrt(var_X) / sqrt(var_Y);
        std_b2 = b2 * sqrt(var_M) / sqrt(var_Y);
        std_b3 = b3 * sqrt(var_X) * sqrt(var_M) / sqrt(var_Y);

    OUTPUT:
      sampstat tech1 CINTERVAL;

    SAVEDATA:
      RESULTS = matchupi_results_1867.dat;




INPUT READING TERMINATED NORMALLY



Matched-pair Unconstrained Product Indicator

SUMMARY OF ANALYSIS

Number of groups                                                 1
Number of observations                                         100

Number of dependent variables                                   21
Number of independent variables                                  0
Number of continuous latent variables                            4

Observed dependent variables

  Continuous
   X1          X2          X3          M1          M2          M3
   M4          M5          M6          M7          M8          M9
   M10         M11         M12         Y1          Y2          Y3
   X1M10       X2M11       X3M12

Continuous latent variables
   X           M           Y           XM


Estimator                                                      MLR
Information matrix                                        OBSERVED
Maximum number of iterations                                  1000
Convergence criterion                                    0.500D-04
Maximum number of steepest descent iterations                   20

Input data file(s)
  matchupi_simdat_1867.dat

Input data format  FREE


SAMPLE STATISTICS


     SAMPLE STATISTICS


           Means
              X1            X2            X3            M1            M2
              ________      ________      ________      ________      ________
                0.000         0.000         0.000         0.000         0.000


           Means
              M3            M4            M5            M6            M7
              ________      ________      ________      ________      ________
                0.000         0.000         0.000         0.000         0.000


           Means
              M8            M9            M10           M11           M12
              ________      ________      ________      ________      ________
                0.000         0.000         0.000         0.000         0.000


           Means
              Y1            Y2            Y3            X1M10         X2M11
              ________      ________      ________      ________      ________
                0.666         0.825         1.052         0.000         0.000


           Means
              X3M12
              ________
                0.000


           Covariances
              X1            X2            X3            M1            M2
              ________      ________      ________      ________      ________
 X1             0.244
 X2             0.043         0.248
 X3             0.046         0.095         0.250
 M1             0.048        -0.001         0.096         2.562
 M2             0.057        -0.006         0.022        -0.166         2.537
 M3            -0.054        -0.113        -0.011         0.027         0.058
 M4             0.020         0.085        -0.079        -0.151         0.262
 M5             0.064         0.143         0.003         0.071         0.046
 M6            -0.071         0.100         0.053         0.507         0.200
 M7            -0.025         0.060         0.116         0.288         0.375
 M8             0.128         0.003         0.022        -0.054        -0.028
 M9             0.084        -0.045         0.085         0.199         0.373
 M10            0.167         0.099         0.093        -0.187         0.380
 M11            0.182         0.051         0.094         0.538         0.236
 M12            0.123         0.081         0.086         0.127         0.421
 Y1             0.117         0.037         0.095         0.111        -0.114
 Y2             0.076         0.059         0.063         0.067        -0.068
 Y3             0.192         0.081         0.083         0.251         0.122
 X1M10         -0.060         0.023         0.002        -0.071        -0.046
 X2M11         -0.056         0.004         0.020        -0.009         0.084
 X3M12         -0.027        -0.038        -0.027        -0.262        -0.110


           Covariances
              M3            M4            M5            M6            M7
              ________      ________      ________      ________      ________
 M3             2.554
 M4             0.080         2.566
 M5            -0.064         0.072         2.118
 M6             0.661         0.829         0.387         2.432
 M7            -0.110         0.224         0.418         0.456         2.493
 M8             0.197         0.145         0.083         0.325         0.228
 M9             0.531         0.039         0.017         0.437         0.279
 M10            0.258         0.018         0.098         0.059         0.540
 M11            0.323         0.361         0.259         0.603         0.252
 M12            0.552         0.592         0.302         0.781         0.291
 Y1            -0.151         0.001        -0.052        -0.015         0.074
 Y2             0.134         0.340         0.120         0.330         0.183
 Y3             0.373         0.212        -0.079         0.198        -0.083
 X1M10          0.114        -0.037        -0.100        -0.062        -0.011
 X2M11         -0.008         0.090        -0.279        -0.161        -0.292
 X3M12          0.069        -0.037         0.057        -0.086        -0.137


           Covariances
              M8            M9            M10           M11           M12
              ________      ________      ________      ________      ________
 M8             2.086
 M9             0.333         2.210
 M10            0.407         0.521         2.228
 M11            0.264         0.611         0.857         2.242
 M12            0.534         0.509         0.892         0.783         2.148
 Y1             0.148         0.185         0.173         0.087         0.099
 Y2             0.083         0.347         0.225         0.223         0.225
 Y3             0.125         0.344         0.331         0.314         0.438
 X1M10          0.012        -0.004         0.003        -0.114        -0.129
 X2M11         -0.078         0.015        -0.034         0.044        -0.065
 X3M12         -0.053         0.109         0.085        -0.042         0.099


           Covariances
              Y1            Y2            Y3            X1M10         X2M11
              ________      ________      ________      ________      ________
 Y1             0.638
 Y2             0.233         0.779
 Y3             0.267         0.415         1.040
 X1M10         -0.050         0.046        -0.010         0.527
 X2M11         -0.038        -0.058        -0.032         0.063         0.558
 X3M12         -0.050        -0.086        -0.125         0.071        -0.045


           Covariances
              X3M12
              ________
 X3M12          0.501


           Correlations
              X1            X2            X3            M1            M2
              ________      ________      ________      ________      ________
 X1             1.000
 X2             0.176         1.000
 X3             0.186         0.380         1.000
 M1             0.061        -0.002         0.120         1.000
 M2             0.072        -0.007         0.028        -0.065         1.000
 M3            -0.068        -0.142        -0.014         0.011         0.023
 M4             0.026         0.106        -0.098        -0.059         0.103
 M5             0.090         0.197         0.004         0.031         0.020
 M6            -0.092         0.129         0.067         0.203         0.081
 M7            -0.033         0.076         0.147         0.114         0.149
 M8             0.180         0.005         0.031        -0.023        -0.012
 M9             0.115        -0.060         0.115         0.084         0.157
 M10            0.227         0.133         0.125        -0.078         0.160
 M11            0.247         0.069         0.126         0.225         0.099
 M12            0.170         0.111         0.118         0.054         0.180
 Y1             0.297         0.092         0.238         0.087        -0.090
 Y2             0.175         0.133         0.144         0.047        -0.049
 Y3             0.382         0.159         0.162         0.154         0.075
 X1M10         -0.167         0.062         0.005        -0.061        -0.040
 X2M11         -0.151         0.011         0.054        -0.007         0.070
 X3M12         -0.076        -0.107        -0.075        -0.231        -0.098


           Correlations
              M3            M4            M5            M6            M7
              ________      ________      ________      ________      ________
 M3             1.000
 M4             0.031         1.000
 M5            -0.028         0.031         1.000
 M6             0.265         0.332         0.170         1.000
 M7            -0.043         0.089         0.182         0.185         1.000
 M8             0.085         0.063         0.039         0.144         0.100
 M9             0.223         0.016         0.008         0.189         0.119
 M10            0.108         0.008         0.045         0.025         0.229
 M11            0.135         0.150         0.119         0.258         0.106
 M12            0.236         0.252         0.142         0.342         0.126
 Y1            -0.118         0.001        -0.045        -0.012         0.059
 Y2             0.095         0.241         0.093         0.240         0.132
 Y3             0.229         0.130        -0.053         0.125        -0.052
 X1M10          0.098        -0.032        -0.094        -0.055        -0.009
 X2M11         -0.007         0.076        -0.257        -0.138        -0.247
 X3M12          0.061        -0.033         0.056        -0.078        -0.123


           Correlations
              M8            M9            M10           M11           M12
              ________      ________      ________      ________      ________
 M8             1.000
 M9             0.155         1.000
 M10            0.189         0.235         1.000
 M11            0.122         0.274         0.383         1.000
 M12            0.252         0.233         0.408         0.357         1.000
 Y1             0.128         0.156         0.145         0.073         0.085
 Y2             0.065         0.264         0.171         0.169         0.174
 Y3             0.085         0.227         0.217         0.206         0.293
 X1M10          0.011        -0.003         0.002        -0.105        -0.122
 X2M11         -0.072         0.013        -0.030         0.040        -0.059
 X3M12         -0.052         0.104         0.081        -0.040         0.095


           Correlations
              Y1            Y2            Y3            X1M10         X2M11
              ________      ________      ________      ________      ________
 Y1             1.000
 Y2             0.331         1.000
 Y3             0.328         0.461         1.000
 X1M10         -0.086         0.071        -0.014         1.000
 X2M11         -0.064        -0.089        -0.042         0.116         1.000
 X3M12         -0.089        -0.138        -0.174         0.137        -0.085


           Correlations
              X3M12
              ________
 X3M12          1.000


UNIVARIATE SAMPLE STATISTICS


     UNIVARIATE HIGHER-ORDER MOMENT DESCRIPTIVE STATISTICS

         Variable/         Mean/     Skewness/   Minimum/ % with                Percentiles
        Sample Size      Variance    Kurtosis    Maximum  Min/Max      20%/60%    40%/80%    Median

     X1                    0.000      -0.324      -0.580   42.00%      -0.580     -0.580      0.420
             100.000       0.244      -1.895       0.420   58.00%       0.420      0.420
     X2                    0.000       0.161      -0.460   54.00%      -0.460     -0.460     -0.460
             100.000       0.248      -1.974       0.540   46.00%       0.540      0.540
     X3                    0.000       0.040      -0.490   51.00%      -0.490     -0.490     -0.490
             100.000       0.250      -1.998       0.510   49.00%       0.510      0.510
     M1                    0.000      -0.147      -2.090   29.00%      -2.090     -0.090     -0.090
             100.000       2.562      -1.534       1.910   29.00%       0.910      1.910
     M2                    0.000       0.268      -1.730   35.00%      -1.730     -0.730     -0.730
             100.000       2.537      -1.504       2.270   23.00%       0.270      2.270
     M3                    0.000       0.145      -1.920   28.00%      -1.920     -0.920      0.080
             100.000       2.554      -1.544       2.080   29.00%       0.080      2.080
     M4                    0.000      -0.094      -2.120   25.00%      -2.120     -1.120     -0.120
             100.000       2.566      -1.574       1.880   32.00%       0.880      1.880
     M5                    0.000      -0.294      -2.320   17.00%      -1.320     -0.320     -0.320
             100.000       2.118      -1.254       1.680   31.00%       0.680      1.680
     M6                    0.000      -0.278      -2.260   22.00%      -2.260     -0.260      0.740
             100.000       2.432      -1.464       1.740   32.00%       0.740      1.740
     M7                    0.000      -0.077      -2.130   23.00%      -2.130     -1.130     -0.130
             100.000       2.493      -1.550       1.870   32.00%       0.870      1.870
     M8                    0.000       0.255      -1.710   29.00%      -1.710     -0.710      0.290
             100.000       2.086      -1.299       2.290   16.00%       0.290      1.290
     M9                    0.000      -0.035      -2.010   24.00%      -2.010     -0.010     -0.010
             100.000       2.210      -1.392       1.990   23.00%       0.990      1.990
     M10                   0.000       0.221      -1.850   25.00%      -1.850     -0.850      0.150
             100.000       2.228      -1.357       2.150   23.00%       0.150      2.150
     M11                   0.000       0.100      -1.910   26.00%      -1.910     -0.910      0.090
             100.000       2.242      -1.380       2.090   23.00%       0.090      2.090
     M12                   0.000      -0.222      -2.150   22.00%      -2.150     -0.150     -0.150
             100.000       2.148      -1.304       1.850   24.00%       0.850      1.850
     Y1                    0.666       0.000      -1.272    1.00%      -0.010      0.427      0.664
             100.000       0.638      -0.046       2.797    1.00%       0.834      1.316
     Y2                    0.825       0.002      -1.517    1.00%       0.154      0.647      0.811
             100.000       0.779       0.026       3.047    1.00%       0.979      1.567
     Y3                    1.052      -0.249      -1.636    1.00%       0.162      0.885      1.136
             100.000       1.040       0.055       3.472    1.00%       1.306      1.824
     X1M10                 0.000      -0.198      -1.183    8.00%      -0.993     -0.163     -0.013
             100.000       0.527      -1.251       0.967   14.00%       0.347      0.857
     X2M11                 0.000      -0.029      -1.083   11.00%      -1.013     -0.093     -0.003
             100.000       0.558      -1.325       1.077   13.00%       0.367      0.827
     X3M12                 0.000      -0.328      -1.414    6.00%      -0.524     -0.254     -0.104
             100.000       0.501      -1.036       0.906   14.00%       0.316      0.736


     THIS ANALYSIS MAY HAVE MULTIPLE SOLUTIONS.  EXPLORE THIS USING RANDOM STARTS,
     FOR EXAMPLE, STARTS = 20.  USE A LARGE ENOUGH NUMBER OF STARTS SO THAT THE
     BEST FIT FUNCTION VALUE IS REPLICATED SEVERAL TIMES.


     NO CONVERGENCE.  NUMBER OF ITERATIONS EXCEEDED.



MODEL RESULTS

                    Estimate

 X        BY
    X3                 1.000
    X2                 0.943
    X1                 0.469

 M        BY
    M12                1.000
    M11                1.618
    M10                3.439
    M9                 2.354
    M8                 1.256
    M7                 0.183
    M6                 3.994
    M5                 3.080
    M4                 4.425
    M3                 2.701
    M2                 0.784
    M1                 6.635

 Y        BY
    Y3                 1.000
    Y2                 0.923
    Y1                 0.615

 XM       BY
    X3M12              1.000
    X2M11              0.989
    X1M10              1.018

 Y        ON
    X                  0.108
    M                  0.065
    XM                -0.051

 X        WITH
    M                  0.015
    XM                -0.012

 M        WITH
    XM                -0.013

 Intercepts
    X1                 0.000
    X2                 0.000
    X3                 0.000
    M1                 0.000
    M2                 0.000
    M3                 0.000
    M4                 0.000
    M5                 0.000
    M6                 0.000
    M7                 0.000
    M8                 0.000
    M9                 0.000
    M10                0.000
    M11                0.000
    M12                0.000
    Y1                 0.666
    Y2                 0.825
    Y3                 1.052
    X1M10              0.000
    X2M11              0.000
    X3M12              0.000

 Variances
    X                  0.102
    M                  0.021
    XM                 0.046

 Residual Variances
    X1                 0.219
    X2                 0.160
    X3                 0.151
    M1                 1.527
    M2                 1.594
    M3                 1.562
    M4                 1.548
    M5                 1.334
    M6                 1.370
    M7                 1.575
    M8                 1.338
    M9                 1.362
    M10                1.377
    M11                1.370
    M12                1.345
    Y1                 0.467
    Y2                 0.433
    Y3                 0.583
    X1M10              0.447
    X2M11              0.492
    X3M12              0.442
    Y                  0.373

New/Additional Parameters
    VAR_Y              0.374
    STD_B1             0.057
    STD_B2             0.016
    STD_B3            -0.004


MODEL COMMAND WITH FINAL ESTIMATES USED AS STARTING VALUES

     x BY x3@1;
     x BY x2*0.94264;
     x BY x1*0.46908;
     m BY m12@1;
     m BY m11*1.61826;
     m BY m10*3.43867;
     m BY m9*2.35427;
     m BY m8*1.25554;
     m BY m7*0.18268;
     m BY m6*3.99354;
     m BY m5*3.08040;
     m BY m4*4.42547;
     m BY m3*2.70120;
     m BY m2*0.78416;
     m BY m1*6.63526;
     y BY y3@1;
     y BY y2*0.92281;
     y BY y1*0.61539;
     xm BY x3m12@1;
     xm BY x2m11*0.98903;
     xm BY x1m10*1.01769;

     y ON x*0.10841 (b1);
     y ON m*0.06521 (b2);
     y ON xm*-0.05098 (b3);

     x WITH m*0.01457 (cov_xm);
     x WITH xm*-0.01231 (cov_xxm);
     m WITH xm*-0.01266 (cov_mxm);

     [ x1*0.00000 ];
     [ x2*0.00000 ];
     [ x3*0.00000 ];
     [ m1*0.00000 ];
     [ m2*0.00000 ];
     [ m3*0.00000 ];
     [ m4*0.00000 ];
     [ m5*0.00000 ];
     [ m6*0.00000 ];
     [ m7*0.00000 ];
     [ m8*0.00000 ];
     [ m9*0.00000 ];
     [ m10*0.00000 ];
     [ m11*0.00000 ];
     [ m12*0.00000 ];
     [ y1*0.66621 ];
     [ y2*0.82466 ];
     [ y3*1.05217 ];
     [ x1m10*0.00000 ];
     [ x2m11*0.00000 ];
     [ x3m12*0.00000 ];

     x1*0.21928;
     x2*0.15960;
     x3*0.15056;
     m1*1.52745;
     m2*1.59365;
     m3*1.56230;
     m4*1.54840;
     m5*1.33393;
     m6*1.37002;
     m7*1.57529;
     m8*1.33823;
     m9*1.36249;
     m10*1.37686;
     m11*1.36970;
     m12*1.34462;
     y1*0.46750;
     y2*0.43335;
     y3*0.58255;
     x1m10*0.44717;
     x2m11*0.49237;
     x3m12*0.44214;
     x*0.10195 (var_x);
     m*0.02131 (var_m);
     y*0.37252 (resvar_y);
     xm*0.04617 (var_xm);

     ! NEW statements in MODEL CONSTRAINT
     NEW(var_y*0.37435);
     NEW(std_b1*0.05658);
     NEW(std_b2*0.01556);
     NEW(std_b3*-0.00388);




TECHNICAL 1 OUTPUT


     PARAMETER SPECIFICATION


           NU
              X1            X2            X3            M1            M2
              ________      ________      ________      ________      ________
                  1             2             3             4             5


           NU
              M3            M4            M5            M6            M7
              ________      ________      ________      ________      ________
                  6             7             8             9            10


           NU
              M8            M9            M10           M11           M12
              ________      ________      ________      ________      ________
                 11            12            13            14            15


           NU
              Y1            Y2            Y3            X1M10         X2M11
              ________      ________      ________      ________      ________
                 16            17            18            19            20


           NU
              X3M12
              ________
                 21


           LAMBDA
              X             M             Y             XM
              ________      ________      ________      ________
 X1                22             0             0             0
 X2                23             0             0             0
 X3                 0             0             0             0
 M1                 0            24             0             0
 M2                 0            25             0             0
 M3                 0            26             0             0
 M4                 0            27             0             0
 M5                 0            28             0             0
 M6                 0            29             0             0
 M7                 0            30             0             0
 M8                 0            31             0             0
 M9                 0            32             0             0
 M10                0            33             0             0
 M11                0            34             0             0
 M12                0             0             0             0
 Y1                 0             0            35             0
 Y2                 0             0            36             0
 Y3                 0             0             0             0
 X1M10              0             0             0            37
 X2M11              0             0             0            38
 X3M12              0             0             0             0


           THETA
              X1            X2            X3            M1            M2
              ________      ________      ________      ________      ________
 X1                39
 X2                 0            40
 X3                 0             0            41
 M1                 0             0             0            42
 M2                 0             0             0             0            43
 M3                 0             0             0             0             0
 M4                 0             0             0             0             0
 M5                 0             0             0             0             0
 M6                 0             0             0             0             0
 M7                 0             0             0             0             0
 M8                 0             0             0             0             0
 M9                 0             0             0             0             0
 M10                0             0             0             0             0
 M11                0             0             0             0             0
 M12                0             0             0             0             0
 Y1                 0             0             0             0             0
 Y2                 0             0             0             0             0
 Y3                 0             0             0             0             0
 X1M10              0             0             0             0             0
 X2M11              0             0             0             0             0
 X3M12              0             0             0             0             0


           THETA
              M3            M4            M5            M6            M7
              ________      ________      ________      ________      ________
 M3                44
 M4                 0            45
 M5                 0             0            46
 M6                 0             0             0            47
 M7                 0             0             0             0            48
 M8                 0             0             0             0             0
 M9                 0             0             0             0             0
 M10                0             0             0             0             0
 M11                0             0             0             0             0
 M12                0             0             0             0             0
 Y1                 0             0             0             0             0
 Y2                 0             0             0             0             0
 Y3                 0             0             0             0             0
 X1M10              0             0             0             0             0
 X2M11              0             0             0             0             0
 X3M12              0             0             0             0             0


           THETA
              M8            M9            M10           M11           M12
              ________      ________      ________      ________      ________
 M8                49
 M9                 0            50
 M10                0             0            51
 M11                0             0             0            52
 M12                0             0             0             0            53
 Y1                 0             0             0             0             0
 Y2                 0             0             0             0             0
 Y3                 0             0             0             0             0
 X1M10              0             0             0             0             0
 X2M11              0             0             0             0             0
 X3M12              0             0             0             0             0


           THETA
              Y1            Y2            Y3            X1M10         X2M11
              ________      ________      ________      ________      ________
 Y1                54
 Y2                 0            55
 Y3                 0             0            56
 X1M10              0             0             0            57
 X2M11              0             0             0             0            58
 X3M12              0             0             0             0             0


           THETA
              X3M12
              ________
 X3M12             59


           ALPHA
              X             M             Y             XM
              ________      ________      ________      ________
                  0             0             0             0


           BETA
              X             M             Y             XM
              ________      ________      ________      ________
 X                  0             0             0             0
 M                  0             0             0             0
 Y                 60            61             0            62
 XM                 0             0             0             0


           PSI
              X             M             Y             XM
              ________      ________      ________      ________
 X                 63
 M                 64            65
 Y                  0             0            66
 XM                67            68             0            69


     PARAMETER SPECIFICATION FOR THE ADDITIONAL PARAMETERS


           New/Additional Parameters
              VAR_Y         STD_B1        STD_B2        STD_B3
              ________      ________      ________      ________
                   70            71            72            73


     STARTING VALUES


           NU
              X1            X2            X3            M1            M2
              ________      ________      ________      ________      ________
                0.000         0.000         0.000         0.000         0.000


           NU
              M3            M4            M5            M6            M7
              ________      ________      ________      ________      ________
                0.000         0.000         0.000         0.000         0.000


           NU
              M8            M9            M10           M11           M12
              ________      ________      ________      ________      ________
                0.000         0.000         0.000         0.000         0.000


           NU
              Y1            Y2            Y3            X1M10         X2M11
              ________      ________      ________      ________      ________
                0.666         0.825         1.052         0.000         0.000


           NU
              X3M12
              ________
                0.000


           LAMBDA
              X             M             Y             XM
              ________      ________      ________      ________
 X1             0.457         0.000         0.000         0.000
 X2             0.943         0.000         0.000         0.000
 X3             1.000         0.000         0.000         0.000
 M1             0.000         6.867         0.000         0.000
 M2             0.000         0.774         0.000         0.000
 M3             0.000         2.692         0.000         0.000
 M4             0.000         4.485         0.000         0.000
 M5             0.000         3.105         0.000         0.000
 M6             0.000         3.889         0.000         0.000
 M7             0.000         0.147         0.000         0.000
 M8             0.000         1.237         0.000         0.000
 M9             0.000         2.313         0.000         0.000
 M10            0.000         3.459         0.000         0.000
 M11            0.000         1.539         0.000         0.000
 M12            0.000         1.000         0.000         0.000
 Y1             0.000         0.000         0.562         0.000
 Y2             0.000         0.000         0.872         0.000
 Y3             0.000         0.000         1.000         0.000
 X1M10          0.000         0.000         0.000         1.000
 X2M11          0.000         0.000         0.000         1.000
 X3M12          0.000         0.000         0.000         1.000


           THETA
              X1            X2            X3            M1            M2
              ________      ________      ________      ________      ________
 X1             0.122
 X2             0.000         0.124
 X3             0.000         0.000         0.125
 M1             0.000         0.000         0.000         1.281
 M2             0.000         0.000         0.000         0.000         1.269
 M3             0.000         0.000         0.000         0.000         0.000
 M4             0.000         0.000         0.000         0.000         0.000
 M5             0.000         0.000         0.000         0.000         0.000
 M6             0.000         0.000         0.000         0.000         0.000
 M7             0.000         0.000         0.000         0.000         0.000
 M8             0.000         0.000         0.000         0.000         0.000
 M9             0.000         0.000         0.000         0.000         0.000
 M10            0.000         0.000         0.000         0.000         0.000
 M11            0.000         0.000         0.000         0.000         0.000
 M12            0.000         0.000         0.000         0.000         0.000
 Y1             0.000         0.000         0.000         0.000         0.000
 Y2             0.000         0.000         0.000         0.000         0.000
 Y3             0.000         0.000         0.000         0.000         0.000
 X1M10          0.000         0.000         0.000         0.000         0.000
 X2M11          0.000         0.000         0.000         0.000         0.000
 X3M12          0.000         0.000         0.000         0.000         0.000


           THETA
              M3            M4            M5            M6            M7
              ________      ________      ________      ________      ________
 M3             1.277
 M4             0.000         1.283
 M5             0.000         0.000         1.059
 M6             0.000         0.000         0.000         1.216
 M7             0.000         0.000         0.000         0.000         1.247
 M8             0.000         0.000         0.000         0.000         0.000
 M9             0.000         0.000         0.000         0.000         0.000
 M10            0.000         0.000         0.000         0.000         0.000
 M11            0.000         0.000         0.000         0.000         0.000
 M12            0.000         0.000         0.000         0.000         0.000
 Y1             0.000         0.000         0.000         0.000         0.000
 Y2             0.000         0.000         0.000         0.000         0.000
 Y3             0.000         0.000         0.000         0.000         0.000
 X1M10          0.000         0.000         0.000         0.000         0.000
 X2M11          0.000         0.000         0.000         0.000         0.000
 X3M12          0.000         0.000         0.000         0.000         0.000


           THETA
              M8            M9            M10           M11           M12
              ________      ________      ________      ________      ________
 M8             1.043
 M9             0.000         1.105
 M10            0.000         0.000         1.114
 M11            0.000         0.000         0.000         1.121
 M12            0.000         0.000         0.000         0.000         1.074
 Y1             0.000         0.000         0.000         0.000         0.000
 Y2             0.000         0.000         0.000         0.000         0.000
 Y3             0.000         0.000         0.000         0.000         0.000
 X1M10          0.000         0.000         0.000         0.000         0.000
 X2M11          0.000         0.000         0.000         0.000         0.000
 X3M12          0.000         0.000         0.000         0.000         0.000


           THETA
              Y1            Y2            Y3            X1M10         X2M11
              ________      ________      ________      ________      ________
 Y1             0.319
 Y2             0.000         0.390
 Y3             0.000         0.000         0.520
 X1M10          0.000         0.000         0.000         0.263
 X2M11          0.000         0.000         0.000         0.000         0.279
 X3M12          0.000         0.000         0.000         0.000         0.000


           THETA
              X3M12
              ________
 X3M12          0.251


           ALPHA
              X             M             Y             XM
              ________      ________      ________      ________
                0.000         0.000         0.000         0.000


           BETA
              X             M             Y             XM
              ________      ________      ________      ________
 X              0.000         0.000         0.000         0.000
 M              0.000         0.000         0.000         0.000
 Y              0.000         0.000         0.000         0.000
 XM             0.000         0.000         0.000         0.000


           PSI
              X             M             Y             XM
              ________      ________      ________      ________
 X              0.050
 M              0.000         0.050
 Y              0.000         0.000         0.050
 XM             0.000         0.000         0.000         0.050


     STARTING VALUES FOR THE ADDITIONAL PARAMETERS


           New/Additional Parameters
              VAR_Y         STD_B1        STD_B2        STD_B3
              ________      ________      ________      ________
                0.500         0.500         0.500         0.500


RESULTS SAVING INFORMATION

    Model estimation did not terminate normally.  No results were saved.

     Beginning Time:  21:24:58
        Ending Time:  21:25:02
       Elapsed Time:  00:00:04



MUTHEN & MUTHEN
3463 Stoner Ave.
Los Angeles, CA  90066

Tel: (310) 391-9971
Fax: (310) 391-8971
Web: www.StatModel.com
Support: Support@StatModel.com

Copyright (c) 1998-2022 Muthen & Muthen
