Mplus VERSION 8.8 (Mac)
MUTHEN & MUTHEN
07/27/2025   9:44 PM

INPUT INSTRUCTIONS


    TITLE: Matched-pair Unconstrained Product Indicator

    DATA:
      FILE = matchupi_simdat_1669.dat;
      FORMAT IS FREE;

    VARIABLE:
      NAMES = x1 x2 x3
      	    m1 m2 m3 m4 m5 m6
      	    m7 m8 m9 m10 m11 m12
      	    y1 y2 y3
      	    x1m10 x2m11 x3m12;
      USEVARIABLES = x1-x3m12;

    ANALYSIS:
      TYPE = general;
      ESTIMATOR = MLR;
    MODEL:
      !measurement model
      X BY x3 x2 x1;
      X (var_X);
      M BY m12 m11 m10 m9 m8 m7 m6 m5 m4 m3 m2 m1;
      M (var_M);
      Y BY y3 y2 y1;
      Y (resvar_Y);
      XM BY x3m12 x2m11 x1m10;
      XM (var_XM);

      !covariances between predictors
      X WITH M (cov_XM);
      X WITH XM (cov_XXM);
      M WITH XM (cov_MXM);

      !structural model
      Y ON X (b1);
      Y ON M (b2);
      Y ON XM (b3);

    MODEL CONSTRAINT:

      NEW(var_Y std_b1 std_b2 std_b3);
      var_Y = resvar_Y +
       (b1^2 * var_X +
        b2^2 * var_M +
        b3^2 * var_XM +
        2 * b1 * b2 * cov_XM +
        2 * b1 * b3 * cov_XXM +
        2 * b2 * b3 * cov_MXM);

        std_b1 = b1 * sqrt(var_X) / sqrt(var_Y);
        std_b2 = b2 * sqrt(var_M) / sqrt(var_Y);
        std_b3 = b3 * sqrt(var_X) * sqrt(var_M) / sqrt(var_Y);

    OUTPUT:
      sampstat tech1 CINTERVAL;

    SAVEDATA:
      RESULTS = matchupi_results_1669.dat;




INPUT READING TERMINATED NORMALLY



Matched-pair Unconstrained Product Indicator

SUMMARY OF ANALYSIS

Number of groups                                                 1
Number of observations                                         250

Number of dependent variables                                   21
Number of independent variables                                  0
Number of continuous latent variables                            4

Observed dependent variables

  Continuous
   X1          X2          X3          M1          M2          M3
   M4          M5          M6          M7          M8          M9
   M10         M11         M12         Y1          Y2          Y3
   X1M10       X2M11       X3M12

Continuous latent variables
   X           M           Y           XM


Estimator                                                      MLR
Information matrix                                        OBSERVED
Maximum number of iterations                                  1000
Convergence criterion                                    0.500D-04
Maximum number of steepest descent iterations                   20

Input data file(s)
  matchupi_simdat_1669.dat

Input data format  FREE


SAMPLE STATISTICS


     SAMPLE STATISTICS


           Means
              X1            X2            X3            M1            M2
              ________      ________      ________      ________      ________
                0.000         0.000         0.000         0.000         0.000


           Means
              M3            M4            M5            M6            M7
              ________      ________      ________      ________      ________
                0.000         0.000         0.000         0.000         0.000


           Means
              M8            M9            M10           M11           M12
              ________      ________      ________      ________      ________
                0.000         0.000         0.000         0.000         0.000


           Means
              Y1            Y2            Y3            X1M10         X2M11
              ________      ________      ________      ________      ________
                0.559         0.815         1.121         0.000         0.000


           Means
              X3M12
              ________
                0.000


           Covariances
              X1            X2            X3            M1            M2
              ________      ________      ________      ________      ________
 X1             0.250
 X2             0.041         0.249
 X3             0.052         0.072         0.250
 M1            -0.046         0.075         0.003         2.608
 M2             0.033         0.008        -0.030         0.185         2.721
 M3             0.047         0.030        -0.035         0.242         0.285
 M4             0.015         0.044         0.077         0.234         0.160
 M5            -0.080         0.021         0.032        -0.041         0.121
 M6             0.070         0.056         0.087        -0.002         0.254
 M7             0.089         0.020         0.014         0.029         0.173
 M8             0.076         0.079         0.024         0.097         0.171
 M9            -0.016         0.029        -0.007         0.385         0.272
 M10            0.118        -0.001         0.126         0.226         0.277
 M11            0.073         0.018         0.083         0.526        -0.033
 M12            0.100         0.069         0.081         0.541         0.496
 Y1             0.041         0.060         0.096         0.022         0.115
 Y2             0.033         0.096         0.096         0.167        -0.077
 Y3             0.086         0.074         0.098         0.227         0.105
 X1M10         -0.008         0.008        -0.001         0.046        -0.051
 X2M11         -0.032         0.001         0.016        -0.077        -0.055
 X3M12          0.005         0.024        -0.014        -0.015         0.101


           Covariances
              M3            M4            M5            M6            M7
              ________      ________      ________      ________      ________
 M3             2.444
 M4             0.000         2.519
 M5            -0.023         0.279         2.328
 M6             0.503         0.396        -0.102         2.555
 M7            -0.083         0.088         0.321         0.210         2.449
 M8            -0.041         0.285         0.472         0.382         0.571
 M9             0.189         0.351         0.347         0.323         0.624
 M10           -0.027         0.375         0.288         0.538         0.449
 M11            0.312         0.528         0.499         0.453         0.451
 M12            0.469         0.379         0.239         0.771         0.540
 Y1             0.094         0.056         0.169         0.162         0.072
 Y2             0.048         0.229         0.139         0.161         0.020
 Y3             0.092         0.275         0.213         0.285         0.134
 X1M10         -0.144         0.002         0.086         0.108         0.159
 X2M11         -0.040         0.041         0.070         0.137         0.072
 X3M12         -0.048         0.047         0.037        -0.046        -0.015


           Covariances
              M8            M9            M10           M11           M12
              ________      ________      ________      ________      ________
 M8             2.440
 M9             0.685         2.334
 M10            0.660         0.622         2.180
 M11            0.849         0.903         0.787         2.236
 M12            0.665         0.830         0.902         0.971         2.038
 Y1             0.086         0.252         0.118         0.126         0.171
 Y2             0.145         0.350         0.172         0.242         0.240
 Y3             0.131         0.455         0.266         0.298         0.281
 X1M10          0.094        -0.034         0.074         0.029         0.045
 X2M11          0.098         0.067         0.034         0.094         0.093
 X3M12          0.088        -0.004         0.053         0.001        -0.025


           Covariances
              Y1            Y2            Y3            X1M10         X2M11
              ________      ________      ________      ________      ________
 Y1             0.742
 Y2             0.355         0.823
 Y3             0.534         0.507         1.269
 X1M10         -0.128        -0.007        -0.059         0.502
 X2M11         -0.019         0.005        -0.024         0.057         0.563
 X3M12         -0.063         0.071         0.011         0.069         0.052


           Covariances
              X3M12
              ________
 X3M12          0.532


           Correlations
              X1            X2            X3            M1            M2
              ________      ________      ________      ________      ________
 X1             1.000
 X2             0.166         1.000
 X3             0.209         0.290         1.000
 M1            -0.057         0.093         0.004         1.000
 M2             0.040         0.010        -0.036         0.069         1.000
 M3             0.060         0.038        -0.045         0.096         0.110
 M4             0.019         0.056         0.098         0.091         0.061
 M5            -0.105         0.027         0.042        -0.017         0.048
 M6             0.088         0.070         0.109        -0.001         0.096
 M7             0.114         0.026         0.018         0.011         0.067
 M8             0.097         0.102         0.031         0.039         0.066
 M9            -0.022         0.038        -0.009         0.156         0.108
 M10            0.161        -0.002         0.170         0.095         0.114
 M11            0.098         0.025         0.112         0.218        -0.013
 M12            0.140         0.097         0.114         0.235         0.211
 Y1             0.096         0.139         0.223         0.016         0.081
 Y2             0.073         0.212         0.211         0.114        -0.052
 Y3             0.153         0.132         0.173         0.125         0.057
 X1M10         -0.023         0.022        -0.004         0.040        -0.044
 X2M11         -0.085         0.004         0.043        -0.064        -0.044
 X3M12          0.013         0.067        -0.040        -0.013         0.084


           Correlations
              M3            M4            M5            M6            M7
              ________      ________      ________      ________      ________
 M3             1.000
 M4             0.000         1.000
 M5            -0.010         0.115         1.000
 M6             0.201         0.156        -0.042         1.000
 M7            -0.034         0.035         0.134         0.084         1.000
 M8            -0.017         0.115         0.198         0.153         0.234
 M9             0.079         0.145         0.149         0.132         0.261
 M10           -0.012         0.160         0.128         0.228         0.194
 M11            0.134         0.222         0.219         0.189         0.193
 M12            0.210         0.167         0.110         0.338         0.242
 Y1             0.070         0.041         0.129         0.117         0.054
 Y2             0.034         0.159         0.101         0.111         0.014
 Y3             0.052         0.154         0.124         0.158         0.076
 X1M10         -0.130         0.001         0.080         0.095         0.143
 X2M11         -0.034         0.034         0.062         0.114         0.061
 X3M12         -0.042         0.041         0.034        -0.039        -0.013


           Correlations
              M8            M9            M10           M11           M12
              ________      ________      ________      ________      ________
 M8             1.000
 M9             0.287         1.000
 M10            0.286         0.276         1.000
 M11            0.364         0.395         0.356         1.000
 M12            0.298         0.381         0.428         0.455         1.000
 Y1             0.064         0.191         0.093         0.098         0.139
 Y2             0.103         0.252         0.128         0.179         0.186
 Y3             0.075         0.264         0.160         0.177         0.175
 X1M10          0.085        -0.032         0.070         0.027         0.045
 X2M11          0.083         0.059         0.031         0.084         0.087
 X3M12          0.077        -0.004         0.049         0.001        -0.024


           Correlations
              Y1            Y2            Y3            X1M10         X2M11
              ________      ________      ________      ________      ________
 Y1             1.000
 Y2             0.455         1.000
 Y3             0.551         0.497         1.000
 X1M10         -0.209        -0.010        -0.074         1.000
 X2M11         -0.030         0.008        -0.029         0.108         1.000
 X3M12         -0.101         0.107         0.014         0.134         0.096


           Correlations
              X3M12
              ________
 X3M12          1.000


UNIVARIATE SAMPLE STATISTICS


     UNIVARIATE HIGHER-ORDER MOMENT DESCRIPTIVE STATISTICS

         Variable/         Mean/     Skewness/   Minimum/ % with                Percentiles
        Sample Size      Variance    Kurtosis    Maximum  Min/Max      20%/60%    40%/80%    Median

     X1                    0.000       0.080      -0.480   52.00%      -0.480     -0.480     -0.480
             250.000       0.250      -1.994       0.520   48.00%       0.520      0.520
     X2                    0.000       0.144      -0.464   53.60%      -0.464     -0.464     -0.464
             250.000       0.249      -1.979       0.536   46.40%       0.536      0.536
     X3                    0.000      -0.032      -0.508   49.20%      -0.508     -0.508      0.492
             250.000       0.250      -1.999       0.492   50.80%       0.492      0.492
     M1                    0.000      -0.046      -2.088   26.40%      -2.088     -1.088     -0.088
             250.000       2.608      -1.572       1.912   33.20%       0.912      1.912
     M2                    0.000       0.051      -1.948   31.60%      -1.948     -0.948      0.052
             250.000       2.721      -1.646       2.052   29.20%       1.052      2.052
     M3                    0.000       0.075      -1.936   27.60%      -1.936     -0.936      0.064
             250.000       2.444      -1.519       2.064   25.60%       1.064      2.064
     M4                    0.000      -0.058      -2.068   26.40%      -2.068     -1.068     -0.068
             250.000       2.519      -1.537       1.932   30.00%       0.932      1.932
     M5                    0.000       0.000      -2.016   24.80%      -2.016     -0.016     -0.016
             250.000       2.328      -1.437       1.984   26.40%      -0.016      1.984
     M6                    0.000      -0.142      -2.112   26.80%      -2.112     -0.112     -0.112
             250.000       2.555      -1.560       1.888   29.60%       0.888      1.888
     M7                    0.000       0.061      -1.948   28.00%      -1.948     -0.948      0.052
             250.000       2.449      -1.502       2.052   26.40%       0.052      2.052
     M8                    0.000       0.039      -1.984   26.00%      -1.984     -0.984      0.016
             250.000       2.440      -1.525       2.016   26.80%       1.016      2.016
     M9                    0.000      -0.101      -2.076   24.40%      -2.076     -0.076     -0.076
             250.000       2.334      -1.455       1.924   26.00%       0.924      1.924
     M10                   0.000      -0.027      -2.020   22.40%      -2.020     -1.020     -0.020
             250.000       2.180      -1.399       1.980   22.80%       0.980      1.980
     M11                   0.000      -0.038      -2.064   21.60%      -2.064     -1.064     -0.064
             250.000       2.236      -1.424       1.936   25.60%       0.936      1.936
     M12                   0.000      -0.084      -2.076   20.00%      -2.076     -0.076     -0.076
             250.000       2.038      -1.282       1.924   22.40%       0.924      1.924
     Y1                    0.559      -0.173      -2.549    0.40%      -0.198      0.361      0.522
             250.000       0.742       0.441       2.826    0.40%       0.775      1.260
     Y2                    0.815       0.148      -1.677    0.40%       0.056      0.521      0.767
             250.000       0.823      -0.183       3.689    0.40%       1.021      1.630
     Y3                    1.121       0.089      -2.865    0.40%       0.212      0.834      1.102
             250.000       1.269       0.879       5.522    0.40%       1.344      1.996
     X1M10                 0.000      -0.228      -1.103   10.40%      -0.611     -0.119     -0.043
             250.000       0.502      -1.213       0.973    9.60%       0.373      0.865
     X2M11                 0.000      -0.073      -1.125   11.20%      -0.917     -0.053      0.011
             250.000       0.563      -1.379       1.019   13.20%       0.475      0.939
     X3M12                 0.000      -0.256      -1.169    9.60%      -0.649     -0.129     -0.109
             250.000       0.532      -1.291       0.911   14.00%       0.371      0.851


     THIS ANALYSIS MAY HAVE MULTIPLE SOLUTIONS.  EXPLORE THIS USING RANDOM STARTS,
     FOR EXAMPLE, STARTS = 20.  USE A LARGE ENOUGH NUMBER OF STARTS SO THAT THE
     BEST FIT FUNCTION VALUE IS REPLICATED SEVERAL TIMES.


THE MODEL ESTIMATION TERMINATED NORMALLY

     THE STANDARD ERRORS OF THE MODEL PARAMETER ESTIMATES MAY NOT BE
     TRUSTWORTHY FOR SOME PARAMETERS DUE TO A NON-POSITIVE DEFINITE
     FIRST-ORDER DERIVATIVE PRODUCT MATRIX.  THIS MAY BE DUE TO THE STARTING
     VALUES BUT MAY ALSO BE AN INDICATION OF MODEL NONIDENTIFICATION.  THE
     CONDITION NUMBER IS       0.439D-17.  PROBLEM INVOLVING THE FOLLOWING PARAMETER:
     Parameter 40, X2

     THIS IS MOST LIKELY DUE TO VARIABLE X1 BEING DICHOTOMOUS BUT
     DECLARED AS CONTINUOUS.




MODEL FIT INFORMATION

Number of Free Parameters                       69

Loglikelihood

          H0 Value                       -7670.940
          H0 Scaling Correction Factor      0.8634
            for MLR
          H1 Value                       -7562.841
          H1 Scaling Correction Factor      0.9605
            for MLR

Information Criteria

          Akaike (AIC)                   15479.880
          Bayesian (BIC)                 15722.861
          Sample-Size Adjusted BIC       15504.125
            (n* = (n + 2) / 24)

Chi-Square Test of Model Fit

          Value                            216.831*
          Degrees of Freedom                   183
          P-Value                           0.0442
          Scaling Correction Factor         0.9971
            for MLR

*   The chi-square value for MLM, MLMV, MLR, ULSMV, WLSM and WLSMV cannot be used
    for chi-square difference testing in the regular way.  MLM, MLR and WLSM
    chi-square difference testing is described on the Mplus website.  MLMV, WLSMV,
    and ULSMV difference testing is done using the DIFFTEST option.

RMSEA (Root Mean Square Error Of Approximation)

          Estimate                           0.027
          90 Percent C.I.                    0.005  0.040
          Probability RMSEA <= .05           0.999

CFI/TLI

          CFI                                0.943
          TLI                                0.935

Chi-Square Test of Model Fit for the Baseline Model

          Value                            804.173
          Degrees of Freedom                   210
          P-Value                           0.0000

SRMR (Standardized Root Mean Square Residual)

          Value                              0.050



MODEL RESULTS

                                                    Two-Tailed
                    Estimate       S.E.  Est./S.E.    P-Value

 X        BY
    X3                 1.000      0.000    999.000    999.000
    X2                 0.788      0.207      3.797      0.000
    X1                 0.586      0.182      3.212      0.001

 M        BY
    M12                1.000      0.000    999.000    999.000
    M11                0.957      0.114      8.398      0.000
    M10                0.804      0.097      8.313      0.000
    M9                 0.836      0.118      7.076      0.000
    M8                 0.733      0.116      6.296      0.000
    M7                 0.525      0.112      4.698      0.000
    M6                 0.574      0.099      5.819      0.000
    M5                 0.366      0.115      3.191      0.001
    M4                 0.439      0.111      3.961      0.000
    M3                 0.258      0.115      2.242      0.025
    M2                 0.289      0.115      2.508      0.012
    M1                 0.397      0.109      3.630      0.000

 Y        BY
    Y3                 1.000      0.000    999.000    999.000
    Y2                 0.684      0.083      8.273      0.000
    Y1                 0.722      0.094      7.674      0.000

 XM       BY
    X3M12              1.000      0.000    999.000    999.000
    X2M11              1.119      0.776      1.443      0.149
    X1M10              2.149      1.610      1.335      0.182

 Y        ON
    X                  1.070      0.370      2.890      0.004
    M                  0.270      0.099      2.732      0.006
    XM                -1.430      1.108     -1.290      0.197

 X        WITH
    M                  0.081      0.033      2.441      0.015
    XM                 0.001      0.009      0.060      0.952

 M        WITH
    XM                 0.032      0.038      0.838      0.402

 Intercepts
    X1                 0.000      0.032      0.000      1.000
    X2                 0.000      0.032      0.000      1.000
    X3                 0.000      0.032      0.000      1.000
    M1                 0.000      0.102      0.000      1.000
    M2                 0.000      0.104      0.000      1.000
    M3                 0.000      0.099      0.000      1.000
    M4                 0.000      0.100      0.000      1.000
    M5                 0.000      0.096      0.000      1.000
    M6                 0.000      0.101      0.000      1.000
    M7                 0.000      0.099      0.000      1.000
    M8                 0.000      0.099      0.000      1.000
    M9                 0.000      0.097      0.000      1.000
    M10                0.000      0.093      0.000      1.000
    M11                0.000      0.095      0.000      1.000
    M12                0.000      0.090      0.000      1.000
    Y1                 0.559      0.054     10.256      0.000
    Y2                 0.815      0.057     14.217      0.000
    Y3                 1.121      0.071     15.732      0.000
    X1M10              0.000      0.045      0.000      1.000
    X2M11              0.000      0.047      0.000      1.000
    X3M12              0.000      0.046      0.000      1.000

 Variances
    X                  0.091      0.028      3.276      0.001
    M                  1.046      0.162      6.435      0.000
    XM                 0.029      0.029      1.017      0.309

 Residual Variances
    X1                 0.218      0.015     14.143      0.000
    X2                 0.192      0.021      9.272      0.000
    X3                 0.159      0.028      5.759      0.000
    M1                 2.443      0.128     19.140      0.000
    M2                 2.634      0.118     22.406      0.000
    M3                 2.374      0.115     20.645      0.000
    M4                 2.318      0.128     18.134      0.000
    M5                 2.187      0.120     18.177      0.000
    M6                 2.211      0.140     15.777      0.000
    M7                 2.161      0.136     15.908      0.000
    M8                 1.878      0.149     12.590      0.000
    M9                 1.603      0.152     10.552      0.000
    M10                1.503      0.143     10.499      0.000
    M11                1.277      0.153      8.366      0.000
    M12                0.993      0.131      7.586      0.000
    Y1                 0.358      0.062      5.825      0.000
    Y2                 0.478      0.062      7.724      0.000
    Y3                 0.534      0.091      5.883      0.000
    X1M10              0.367      0.123      2.992      0.003
    X2M11              0.526      0.053      9.856      0.000
    X3M12              0.503      0.040     12.638      0.000
    Y                  0.476      0.112      4.235      0.000

New/Additional Parameters
    VAR_Y              0.735      0.139      5.285      0.000
    STD_B1             0.376      0.103      3.636      0.000
    STD_B2             0.321      0.100      3.216      0.001
    STD_B3            -0.513      0.402     -1.276      0.202


QUALITY OF NUMERICAL RESULTS

     Condition Number for the Information Matrix              0.201E-04
       (ratio of smallest to largest eigenvalue)


CONFIDENCE INTERVALS OF MODEL RESULTS

                  Lower .5%  Lower 2.5%    Lower 5%    Estimate    Upper 5%  Upper 2.5%   Upper .5%

 X        BY
    X3               1.000       1.000       1.000       1.000       1.000       1.000       1.000
    X2               0.253       0.381       0.446       0.788       1.129       1.194       1.322
    X1               0.116       0.228       0.286       0.586       0.886       0.944       1.056

 M        BY
    M12              1.000       1.000       1.000       1.000       1.000       1.000       1.000
    M11              0.664       0.734       0.770       0.957       1.145       1.181       1.251
    M10              0.555       0.615       0.645       0.804       0.963       0.994       1.053
    M9               0.532       0.604       0.642       0.836       1.030       1.068       1.140
    M8               0.433       0.505       0.541       0.733       0.924       0.961       1.033
    M7               0.237       0.306       0.341       0.525       0.708       0.744       0.812
    M6               0.320       0.381       0.412       0.574       0.736       0.767       0.828
    M5               0.071       0.141       0.177       0.366       0.555       0.591       0.662
    M4               0.153       0.222       0.257       0.439       0.621       0.656       0.724
    M3              -0.038       0.032       0.069       0.258       0.448       0.484       0.555
    M2              -0.008       0.063       0.100       0.289       0.479       0.515       0.586
    M1               0.115       0.183       0.217       0.397       0.577       0.612       0.679

 Y        BY
    Y3               1.000       1.000       1.000       1.000       1.000       1.000       1.000
    Y2               0.471       0.522       0.548       0.684       0.820       0.847       0.897
    Y1               0.480       0.538       0.567       0.722       0.877       0.906       0.964

 XM       BY
    X3M12            1.000       1.000       1.000       1.000       1.000       1.000       1.000
    X2M11           -0.879      -0.401      -0.157       1.119       2.395       2.639       3.117
    X1M10           -1.996      -1.005      -0.498       2.149       4.797       5.304       6.295

 Y        ON
    X                0.116       0.344       0.461       1.070       1.679       1.796       2.024
    M                0.015       0.076       0.107       0.270       0.432       0.463       0.524
    XM              -4.285      -3.602      -3.253      -1.430       0.393       0.742       1.425

 X        WITH
    M               -0.004       0.016       0.026       0.081       0.135       0.146       0.166
    XM              -0.023      -0.018      -0.015       0.001       0.016       0.019       0.024

 M        WITH
    XM              -0.066      -0.043      -0.031       0.032       0.095       0.107       0.130

 Intercepts
    X1              -0.081      -0.062      -0.052       0.000       0.052       0.062       0.081
    X2              -0.081      -0.062      -0.052       0.000       0.052       0.062       0.081
    X3              -0.081      -0.062      -0.052       0.000       0.052       0.062       0.081
    M1              -0.263      -0.200      -0.168       0.000       0.168       0.200       0.263
    M2              -0.269      -0.204      -0.172       0.000       0.172       0.204       0.269
    M3              -0.255      -0.194      -0.163       0.000       0.163       0.194       0.255
    M4              -0.259      -0.197      -0.165       0.000       0.165       0.197       0.259
    M5              -0.249      -0.189      -0.159       0.000       0.159       0.189       0.249
    M6              -0.260      -0.198      -0.166       0.000       0.166       0.198       0.260
    M7              -0.255      -0.194      -0.163       0.000       0.163       0.194       0.255
    M8              -0.254      -0.194      -0.163       0.000       0.163       0.194       0.254
    M9              -0.249      -0.189      -0.159       0.000       0.159       0.189       0.249
    M10             -0.241      -0.183      -0.154       0.000       0.154       0.183       0.241
    M11             -0.244      -0.185      -0.156       0.000       0.156       0.185       0.244
    M12             -0.233      -0.177      -0.149       0.000       0.149       0.177       0.233
    Y1               0.418       0.452       0.469       0.559       0.648       0.665       0.699
    Y2               0.668       0.703       0.721       0.815       0.910       0.928       0.963
    Y3               0.937       0.981       1.004       1.121       1.238       1.261       1.305
    X1M10           -0.115      -0.088      -0.074       0.000       0.074       0.088       0.115
    X2M11           -0.122      -0.093      -0.078       0.000       0.078       0.093       0.122
    X3M12           -0.119      -0.090      -0.076       0.000       0.076       0.090       0.119

 Variances
    X                0.019       0.036       0.045       0.091       0.136       0.145       0.162
    M                0.627       0.727       0.778       1.046       1.313       1.364       1.464
    XM              -0.045      -0.027      -0.018       0.029       0.076       0.086       0.103

 Residual Variances
    X1               0.179       0.188       0.193       0.218       0.244       0.249       0.258
    X2               0.139       0.152       0.158       0.192       0.227       0.233       0.246
    X3               0.088       0.105       0.114       0.159       0.205       0.213       0.231
    M1               2.114       2.193       2.233       2.443       2.653       2.693       2.772
    M2               2.331       2.403       2.440       2.634       2.827       2.864       2.937
    M3               2.078       2.149       2.185       2.374       2.563       2.600       2.670
    M4               1.989       2.067       2.108       2.318       2.528       2.569       2.647
    M5               1.877       1.952       1.989       2.187       2.385       2.423       2.497
    M6               1.850       1.936       1.981       2.211       2.442       2.486       2.572
    M7               1.811       1.895       1.938       2.161       2.385       2.428       2.511
    M8               1.494       1.586       1.633       1.878       2.124       2.171       2.263
    M9               1.212       1.305       1.353       1.603       1.853       1.901       1.995
    M10              1.134       1.223       1.268       1.503       1.739       1.784       1.872
    M11              0.884       0.978       1.026       1.277       1.529       1.577       1.671
    M12              0.656       0.736       0.777       0.993       1.208       1.249       1.330
    Y1               0.200       0.238       0.257       0.358       0.459       0.479       0.517
    Y2               0.319       0.357       0.376       0.478       0.580       0.599       0.637
    Y3               0.300       0.356       0.385       0.534       0.683       0.712       0.768
    X1M10            0.051       0.127       0.165       0.367       0.569       0.608       0.683
    X2M11            0.388       0.421       0.438       0.526       0.614       0.631       0.663
    X3M12            0.400       0.425       0.437       0.503       0.568       0.581       0.605
    Y                0.186       0.256       0.291       0.476       0.661       0.696       0.765

New/Additional Parameters
    VAR_Y            0.377       0.463       0.507       0.735       0.964       1.008       1.094
    STD_B1           0.110       0.173       0.206       0.376       0.546       0.578       0.642
    STD_B2           0.064       0.126       0.157       0.321       0.486       0.517       0.579
    STD_B3          -1.550      -1.302      -1.175      -0.513       0.148       0.275       0.523


TECHNICAL 1 OUTPUT


     PARAMETER SPECIFICATION


           NU
              X1            X2            X3            M1            M2
              ________      ________      ________      ________      ________
                  1             2             3             4             5


           NU
              M3            M4            M5            M6            M7
              ________      ________      ________      ________      ________
                  6             7             8             9            10


           NU
              M8            M9            M10           M11           M12
              ________      ________      ________      ________      ________
                 11            12            13            14            15


           NU
              Y1            Y2            Y3            X1M10         X2M11
              ________      ________      ________      ________      ________
                 16            17            18            19            20


           NU
              X3M12
              ________
                 21


           LAMBDA
              X             M             Y             XM
              ________      ________      ________      ________
 X1                22             0             0             0
 X2                23             0             0             0
 X3                 0             0             0             0
 M1                 0            24             0             0
 M2                 0            25             0             0
 M3                 0            26             0             0
 M4                 0            27             0             0
 M5                 0            28             0             0
 M6                 0            29             0             0
 M7                 0            30             0             0
 M8                 0            31             0             0
 M9                 0            32             0             0
 M10                0            33             0             0
 M11                0            34             0             0
 M12                0             0             0             0
 Y1                 0             0            35             0
 Y2                 0             0            36             0
 Y3                 0             0             0             0
 X1M10              0             0             0            37
 X2M11              0             0             0            38
 X3M12              0             0             0             0


           THETA
              X1            X2            X3            M1            M2
              ________      ________      ________      ________      ________
 X1                39
 X2                 0            40
 X3                 0             0            41
 M1                 0             0             0            42
 M2                 0             0             0             0            43
 M3                 0             0             0             0             0
 M4                 0             0             0             0             0
 M5                 0             0             0             0             0
 M6                 0             0             0             0             0
 M7                 0             0             0             0             0
 M8                 0             0             0             0             0
 M9                 0             0             0             0             0
 M10                0             0             0             0             0
 M11                0             0             0             0             0
 M12                0             0             0             0             0
 Y1                 0             0             0             0             0
 Y2                 0             0             0             0             0
 Y3                 0             0             0             0             0
 X1M10              0             0             0             0             0
 X2M11              0             0             0             0             0
 X3M12              0             0             0             0             0


           THETA
              M3            M4            M5            M6            M7
              ________      ________      ________      ________      ________
 M3                44
 M4                 0            45
 M5                 0             0            46
 M6                 0             0             0            47
 M7                 0             0             0             0            48
 M8                 0             0             0             0             0
 M9                 0             0             0             0             0
 M10                0             0             0             0             0
 M11                0             0             0             0             0
 M12                0             0             0             0             0
 Y1                 0             0             0             0             0
 Y2                 0             0             0             0             0
 Y3                 0             0             0             0             0
 X1M10              0             0             0             0             0
 X2M11              0             0             0             0             0
 X3M12              0             0             0             0             0


           THETA
              M8            M9            M10           M11           M12
              ________      ________      ________      ________      ________
 M8                49
 M9                 0            50
 M10                0             0            51
 M11                0             0             0            52
 M12                0             0             0             0            53
 Y1                 0             0             0             0             0
 Y2                 0             0             0             0             0
 Y3                 0             0             0             0             0
 X1M10              0             0             0             0             0
 X2M11              0             0             0             0             0
 X3M12              0             0             0             0             0


           THETA
              Y1            Y2            Y3            X1M10         X2M11
              ________      ________      ________      ________      ________
 Y1                54
 Y2                 0            55
 Y3                 0             0            56
 X1M10              0             0             0            57
 X2M11              0             0             0             0            58
 X3M12              0             0             0             0             0


           THETA
              X3M12
              ________
 X3M12             59


           ALPHA
              X             M             Y             XM
              ________      ________      ________      ________
                  0             0             0             0


           BETA
              X             M             Y             XM
              ________      ________      ________      ________
 X                  0             0             0             0
 M                  0             0             0             0
 Y                 60            61             0            62
 XM                 0             0             0             0


           PSI
              X             M             Y             XM
              ________      ________      ________      ________
 X                 63
 M                 64            65
 Y                  0             0            66
 XM                67            68             0            69


     PARAMETER SPECIFICATION FOR THE ADDITIONAL PARAMETERS


           New/Additional Parameters
              VAR_Y         STD_B1        STD_B2        STD_B3
              ________      ________      ________      ________
                   70            71            72            73


     STARTING VALUES


           NU
              X1            X2            X3            M1            M2
              ________      ________      ________      ________      ________
                0.000         0.000         0.000         0.000         0.000


           NU
              M3            M4            M5            M6            M7
              ________      ________      ________      ________      ________
                0.000         0.000         0.000         0.000         0.000


           NU
              M8            M9            M10           M11           M12
              ________      ________      ________      ________      ________
                0.000         0.000         0.000         0.000         0.000


           NU
              Y1            Y2            Y3            X1M10         X2M11
              ________      ________      ________      ________      ________
                0.559         0.815         1.121         0.000         0.000


           NU
              X3M12
              ________
                0.000


           LAMBDA
              X             M             Y             XM
              ________      ________      ________      ________
 X1             0.571         0.000         0.000         0.000
 X2             0.791         0.000         0.000         0.000
 X3             1.000         0.000         0.000         0.000
 M1             0.000         0.723         0.000         0.000
 M2             0.000         0.249         0.000         0.000
 M3             0.000         0.409         0.000         0.000
 M4             0.000         0.346         0.000         0.000
 M5             0.000         0.374         0.000         0.000
 M6             0.000         0.751         0.000         0.000
 M7             0.000         0.404         0.000         0.000
 M8             0.000         0.596         0.000         0.000
 M9             0.000         0.774         0.000         0.000
 M10            0.000         0.701         0.000         0.000
 M11            0.000         0.933         0.000         0.000
 M12            0.000         1.000         0.000         0.000
 Y1             0.000         0.000         0.700         0.000
 Y2             0.000         0.000         0.665         0.000
 Y3             0.000         0.000         1.000         0.000
 X1M10          0.000         0.000         0.000         1.096
 X2M11          0.000         0.000         0.000         0.825
 X3M12          0.000         0.000         0.000         1.000


           THETA
              X1            X2            X3            M1            M2
              ________      ________      ________      ________      ________
 X1             0.125
 X2             0.000         0.124
 X3             0.000         0.000         0.125
 M1             0.000         0.000         0.000         1.304
 M2             0.000         0.000         0.000         0.000         1.361
 M3             0.000         0.000         0.000         0.000         0.000
 M4             0.000         0.000         0.000         0.000         0.000
 M5             0.000         0.000         0.000         0.000         0.000
 M6             0.000         0.000         0.000         0.000         0.000
 M7             0.000         0.000         0.000         0.000         0.000
 M8             0.000         0.000         0.000         0.000         0.000
 M9             0.000         0.000         0.000         0.000         0.000
 M10            0.000         0.000         0.000         0.000         0.000
 M11            0.000         0.000         0.000         0.000         0.000
 M12            0.000         0.000         0.000         0.000         0.000
 Y1             0.000         0.000         0.000         0.000         0.000
 Y2             0.000         0.000         0.000         0.000         0.000
 Y3             0.000         0.000         0.000         0.000         0.000
 X1M10          0.000         0.000         0.000         0.000         0.000
 X2M11          0.000         0.000         0.000         0.000         0.000
 X3M12          0.000         0.000         0.000         0.000         0.000


           THETA
              M3            M4            M5            M6            M7
              ________      ________      ________      ________      ________
 M3             1.222
 M4             0.000         1.260
 M5             0.000         0.000         1.164
 M6             0.000         0.000         0.000         1.278
 M7             0.000         0.000         0.000         0.000         1.225
 M8             0.000         0.000         0.000         0.000         0.000
 M9             0.000         0.000         0.000         0.000         0.000
 M10            0.000         0.000         0.000         0.000         0.000
 M11            0.000         0.000         0.000         0.000         0.000
 M12            0.000         0.000         0.000         0.000         0.000
 Y1             0.000         0.000         0.000         0.000         0.000
 Y2             0.000         0.000         0.000         0.000         0.000
 Y3             0.000         0.000         0.000         0.000         0.000
 X1M10          0.000         0.000         0.000         0.000         0.000
 X2M11          0.000         0.000         0.000         0.000         0.000
 X3M12          0.000         0.000         0.000         0.000         0.000


           THETA
              M8            M9            M10           M11           M12
              ________      ________      ________      ________      ________
 M8             1.220
 M9             0.000         1.167
 M10            0.000         0.000         1.090
 M11            0.000         0.000         0.000         1.118
 M12            0.000         0.000         0.000         0.000         1.019
 Y1             0.000         0.000         0.000         0.000         0.000
 Y2             0.000         0.000         0.000         0.000         0.000
 Y3             0.000         0.000         0.000         0.000         0.000
 X1M10          0.000         0.000         0.000         0.000         0.000
 X2M11          0.000         0.000         0.000         0.000         0.000
 X3M12          0.000         0.000         0.000         0.000         0.000


           THETA
              Y1            Y2            Y3            X1M10         X2M11
              ________      ________      ________      ________      ________
 Y1             0.371
 Y2             0.000         0.411
 Y3             0.000         0.000         0.635
 X1M10          0.000         0.000         0.000         0.251
 X2M11          0.000         0.000         0.000         0.000         0.281
 X3M12          0.000         0.000         0.000         0.000         0.000


           THETA
              X3M12
              ________
 X3M12          0.266


           ALPHA
              X             M             Y             XM
              ________      ________      ________      ________
                0.000         0.000         0.000         0.000


           BETA
              X             M             Y             XM
              ________      ________      ________      ________
 X              0.000         0.000         0.000         0.000
 M              0.000         0.000         0.000         0.000
 Y              0.000         0.000         0.000         0.000
 XM             0.000         0.000         0.000         0.000


           PSI
              X             M             Y             XM
              ________      ________      ________      ________
 X              0.050
 M              0.000         0.050
 Y              0.000         0.000         0.050
 XM             0.000         0.000         0.000         0.050


     STARTING VALUES FOR THE ADDITIONAL PARAMETERS


           New/Additional Parameters
              VAR_Y         STD_B1        STD_B2        STD_B3
              ________      ________      ________      ________
                0.500         0.500         0.500         0.500


RESULTS SAVING INFORMATION

  Order of data

    Parameter estimates
     (saved in order shown in Technical 1 output)
    Standard errors
     (saved in order shown in Technical 1 output)
    Number of Free Parameters
    H0 Loglikelihood
    H0 Scaling Correction Factor for MLR
    H1 Loglikelihood
    H1 Scaling Correction Factor for MLR
    Akaike (AIC)
    Bayesian (BIC)
    Sample-Size Adjusted BIC
    Chi-square : Value
    Chi-square : Degrees of Freedom
    Chi-square : P-Value
    Chi-square : Scaling Correction Factor for MLR/MLM/WLSM
    CFI
    TLI
    RMSEA : Estimate
    RMSEA : Low CI
    RMSEA : High CI
    RMSEA : Probability
    SRMR
    Condition Number

  Save file
    matchupi_results_1669.dat

  Save file format           Free


     Beginning Time:  21:44:52
        Ending Time:  21:44:53
       Elapsed Time:  00:00:01



MUTHEN & MUTHEN
3463 Stoner Ave.
Los Angeles, CA  90066

Tel: (310) 391-9971
Fax: (310) 391-8971
Web: www.StatModel.com
Support: Support@StatModel.com

Copyright (c) 1998-2022 Muthen & Muthen
