Mplus VERSION 8.8 (Mac)
MUTHEN & MUTHEN
07/27/2025   3:04 PM

INPUT INSTRUCTIONS


    TITLE: Matched-pair Unconstrained Product Indicator

    DATA:
      FILE = matchupi_simdat_1278.dat;
      FORMAT IS FREE;

    VARIABLE:
      NAMES = x1 x2 x3
      	    m1 m2 m3 m4 m5 m6
      	    m7 m8 m9 m10 m11 m12
      	    y1 y2 y3
      	    x1m10 x2m11 x3m12;
      USEVARIABLES = x1-x3m12;

    ANALYSIS:
      TYPE = general;
      ESTIMATOR = MLR;
    MODEL:
      !measurement model
      X BY x3 x2 x1;
      X (var_X);
      M BY m12 m11 m10 m9 m8 m7 m6 m5 m4 m3 m2 m1;
      M (var_M);
      Y BY y3 y2 y1;
      Y (resvar_Y);
      XM BY x3m12 x2m11 x1m10;
      XM (var_XM);

      !covariances between predictors
      X WITH M (cov_XM);
      X WITH XM (cov_XXM);
      M WITH XM (cov_MXM);

      !structural model
      Y ON X (b1);
      Y ON M (b2);
      Y ON XM (b3);

    MODEL CONSTRAINT:

      NEW(var_Y std_b1 std_b2 std_b3);
      var_Y = resvar_Y +
       (b1^2 * var_X +
        b2^2 * var_M +
        b3^2 * var_XM +
        2 * b1 * b2 * cov_XM +
        2 * b1 * b3 * cov_XXM +
        2 * b2 * b3 * cov_MXM);

        std_b1 = b1 * sqrt(var_X) / sqrt(var_Y);
        std_b2 = b2 * sqrt(var_M) / sqrt(var_Y);
        std_b3 = b3 * sqrt(var_X) * sqrt(var_M) / sqrt(var_Y);

    OUTPUT:
      sampstat tech1 CINTERVAL;

    SAVEDATA:
      RESULTS = matchupi_results_1278.dat;




INPUT READING TERMINATED NORMALLY



Matched-pair Unconstrained Product Indicator

SUMMARY OF ANALYSIS

Number of groups                                                 1
Number of observations                                         100

Number of dependent variables                                   21
Number of independent variables                                  0
Number of continuous latent variables                            4

Observed dependent variables

  Continuous
   X1          X2          X3          M1          M2          M3
   M4          M5          M6          M7          M8          M9
   M10         M11         M12         Y1          Y2          Y3
   X1M10       X2M11       X3M12

Continuous latent variables
   X           M           Y           XM


Estimator                                                      MLR
Information matrix                                        OBSERVED
Maximum number of iterations                                  1000
Convergence criterion                                    0.500D-04
Maximum number of steepest descent iterations                   20

Input data file(s)
  matchupi_simdat_1278.dat

Input data format  FREE


SAMPLE STATISTICS


     SAMPLE STATISTICS


           Means
              X1            X2            X3            M1            M2
              ________      ________      ________      ________      ________
                0.000         0.000         0.000         0.000         0.000


           Means
              M3            M4            M5            M6            M7
              ________      ________      ________      ________      ________
                0.000         0.000         0.000         0.000         0.000


           Means
              M8            M9            M10           M11           M12
              ________      ________      ________      ________      ________
                0.000         0.000         0.000         0.000         0.000


           Means
              Y1            Y2            Y3            X1M10         X2M11
              ________      ________      ________      ________      ________
                0.528         0.828         1.038         0.000         0.000


           Means
              X3M12
              ________
                0.000


           Covariances
              X1            X2            X3            M1            M2
              ________      ________      ________      ________      ________
 X1             0.250
 X2             0.075         0.250
 X3             0.075         0.140         0.249
 M1            -0.030         0.049         0.142         2.514
 M2            -0.050         0.018        -0.035        -0.013         2.534
 M3            -0.015         0.037        -0.011         0.297         0.654
 M4            -0.040         0.049        -0.026        -0.020        -0.029
 M5            -0.045         0.087         0.048        -0.082         0.307
 M6             0.020        -0.036         0.099         0.149         0.248
 M7            -0.070         0.020        -0.009         0.218         0.197
 M8            -0.095         0.044         0.088        -0.117         0.106
 M9            -0.030         0.058         0.045         0.217        -0.066
 M10            0.015         0.065         0.105         0.509         0.438
 M11           -0.035         0.014         0.048         0.091         0.312
 M12           -0.065         0.056         0.083         0.266         0.271
 Y1             0.022         0.058         0.057        -0.067         0.147
 Y2             0.062         0.067         0.100         0.170         0.248
 Y3             0.045         0.119         0.065         0.119         0.200
 X1M10         -0.001        -0.008        -0.005         0.019        -0.212
 X2M11         -0.005         0.000        -0.017        -0.212        -0.037
 X3M12          0.000        -0.007        -0.067        -0.374         0.062


           Covariances
              M3            M4            M5            M6            M7
              ________      ________      ________      ________      ________
 M3             2.626
 M4             0.005         2.466
 M5            -0.218        -0.182         2.337
 M6             0.484         0.073         0.527         2.290
 M7             0.524         0.128         0.485         0.547         2.340
 M8             0.279        -0.121         0.041         0.492         0.478
 M9             0.164         0.501         0.337         0.338         0.137
 M10            0.712        -0.191         0.492         0.594         0.880
 M11            0.383         0.387         0.425         0.570         0.358
 M12            0.715         0.088         0.334         0.515         0.401
 Y1            -0.117        -0.087         0.311        -0.146         0.021
 Y2             0.143         0.098         0.365         0.294         0.289
 Y3             0.433         0.127         0.477         0.213         0.279
 X1M10          0.056        -0.061        -0.008         0.207         0.200
 X2M11          0.205         0.101        -0.100         0.181         0.126
 X3M12         -0.068         0.016         0.101         0.040        -0.010


           Covariances
              M8            M9            M10           M11           M12
              ________      ________      ________      ________      ________
 M8             2.662
 M9             0.576         2.514
 M10            0.479         0.468         2.510
 M11            0.440         0.962         0.879         2.058
 M12            0.566         0.911         0.941         0.908         2.245
 Y1             0.133         0.157         0.176         0.205         0.150
 Y2             0.276         0.396         0.143         0.334         0.194
 Y3             0.331         0.366         0.362         0.545         0.317
 X1M10          0.115         0.263         0.015         0.109        -0.004
 X2M11          0.056         0.058         0.086        -0.031         0.044
 X3M12          0.030         0.117        -0.045         0.131        -0.012


           Covariances
              Y1            Y2            Y3            X1M10         X2M11
              ________      ________      ________      ________      ________
 Y1             0.668
 Y2             0.273         0.927
 Y3             0.354         0.655         1.346
 X1M10         -0.058         0.023         0.074         0.553
 X2M11          0.011         0.038         0.099         0.175         0.513
 X3M12         -0.061         0.074         0.059         0.119         0.060


           Covariances
              X3M12
              ________
 X3M12          0.627


           Correlations
              X1            X2            X3            M1            M2
              ________      ________      ________      ________      ________
 X1             1.000
 X2             0.300         1.000
 X3             0.301         0.562         1.000
 M1            -0.038         0.062         0.180         1.000
 M2            -0.063         0.023        -0.044        -0.005         1.000
 M3            -0.019         0.046        -0.014         0.116         0.253
 M4            -0.051         0.062        -0.034        -0.008        -0.012
 M5            -0.059         0.114         0.063        -0.034         0.126
 M6             0.026        -0.048         0.131         0.062         0.103
 M7            -0.092         0.026        -0.012         0.090         0.081
 M8            -0.116         0.054         0.108        -0.045         0.041
 M9            -0.038         0.074         0.057         0.086        -0.026
 M10            0.019         0.082         0.133         0.203         0.174
 M11           -0.049         0.019         0.067         0.040         0.137
 M12           -0.087         0.074         0.111         0.112         0.114
 Y1             0.055         0.141         0.139        -0.052         0.113
 Y2             0.129         0.140         0.208         0.111         0.162
 Y3             0.077         0.205         0.112         0.065         0.108
 X1M10         -0.002        -0.022        -0.013         0.016        -0.179
 X2M11         -0.013         0.001        -0.048        -0.187        -0.033
 X3M12          0.000        -0.017        -0.170        -0.298         0.049


           Correlations
              M3            M4            M5            M6            M7
              ________      ________      ________      ________      ________
 M3             1.000
 M4             0.002         1.000
 M5            -0.088        -0.076         1.000
 M6             0.198         0.031         0.228         1.000
 M7             0.211         0.053         0.207         0.236         1.000
 M8             0.105        -0.047         0.016         0.199         0.192
 M9             0.064         0.201         0.139         0.141         0.056
 M10            0.277        -0.077         0.203         0.248         0.363
 M11            0.165         0.172         0.194         0.262         0.163
 M12            0.295         0.038         0.146         0.227         0.175
 Y1            -0.088        -0.068         0.249        -0.118         0.016
 Y2             0.092         0.065         0.248         0.202         0.196
 Y3             0.230         0.070         0.269         0.121         0.157
 X1M10          0.047        -0.052        -0.007         0.184         0.176
 X2M11          0.176         0.090        -0.091         0.167         0.115
 X3M12         -0.053         0.013         0.084         0.033        -0.009


           Correlations
              M8            M9            M10           M11           M12
              ________      ________      ________      ________      ________
 M8             1.000
 M9             0.222         1.000
 M10            0.185         0.186         1.000
 M11            0.188         0.423         0.387         1.000
 M12            0.232         0.384         0.396         0.422         1.000
 Y1             0.099         0.121         0.136         0.175         0.123
 Y2             0.176         0.259         0.093         0.242         0.135
 Y3             0.175         0.199         0.197         0.328         0.182
 X1M10          0.094         0.223         0.013         0.102        -0.004
 X2M11          0.048         0.051         0.076        -0.030         0.041
 X3M12          0.024         0.093        -0.036         0.116        -0.010


           Correlations
              Y1            Y2            Y3            X1M10         X2M11
              ________      ________      ________      ________      ________
 Y1             1.000
 Y2             0.347         1.000
 Y3             0.374         0.587         1.000
 X1M10         -0.096         0.032         0.085         1.000
 X2M11          0.019         0.055         0.119         0.329         1.000
 X3M12         -0.094         0.097         0.064         0.202         0.106


           Correlations
              X3M12
              ________
 X3M12          1.000


UNIVARIATE SAMPLE STATISTICS


     UNIVARIATE HIGHER-ORDER MOMENT DESCRIPTIVE STATISTICS

         Variable/         Mean/     Skewness/   Minimum/ % with                Percentiles
        Sample Size      Variance    Kurtosis    Maximum  Min/Max      20%/60%    40%/80%    Median

     X1                    0.000       0.000      -0.500   50.00%      -0.500     -0.500      0.000
             100.000       0.250      -2.000       0.500   50.00%       0.500      0.500
     X2                    0.000       0.040      -0.490   51.00%      -0.490     -0.490     -0.490
             100.000       0.250      -1.998       0.510   49.00%       0.510      0.510
     X3                    0.000      -0.120      -0.530   47.00%      -0.530     -0.530      0.470
             100.000       0.249      -1.986       0.470   53.00%       0.470      0.470
     M1                    0.000       0.056      -1.920   31.00%      -1.920     -0.920      0.080
             100.000       2.514      -1.523       2.080   26.00%       0.080      2.080
     M2                    0.000       0.174      -1.840   32.00%      -1.840     -0.840      0.160
             100.000       2.534      -1.509       2.160   26.00%       0.160      2.160
     M3                    0.000      -0.229      -2.210   26.00%      -2.210     -0.210      0.290
             100.000       2.626      -1.551       1.790   34.00%       0.790      1.790
     M4                    0.000       0.152      -1.880   29.00%      -1.880     -0.880      0.120
             100.000       2.466      -1.495       2.120   26.00%       0.120      2.120
     M5                    0.000      -0.273      -2.230   22.00%      -2.230     -0.230      0.770
             100.000       2.337      -1.414       1.770   29.00%       0.770      1.770
     M6                    0.000      -0.398      -2.360   20.00%      -2.360     -0.360      0.640
             100.000       2.290      -1.290       1.640   33.00%       0.640      1.640
     M7                    0.000      -0.033      -1.980   27.00%      -1.980     -0.980      0.020
             100.000       2.340      -1.479       2.020   23.00%       1.020      2.020
     M8                    0.000       0.145      -1.910   30.00%      -1.910     -0.910      0.090
             100.000       2.662      -1.593       2.090   30.00%       0.090      2.090
     M9                    0.000       0.143      -1.840   32.00%      -1.840     -0.840      0.160
             100.000       2.514      -1.539       2.160   24.00%       0.160      2.160
     M10                   0.000       0.001      -1.990   28.00%      -1.990     -0.990      0.010
             100.000       2.510      -1.554       2.010   27.00%       1.010      2.010
     M11                   0.000       0.132      -1.890   24.00%      -1.890     -0.890      0.110
             100.000       2.058      -1.231       2.110   21.00%       0.110      2.110
     M12                   0.000      -0.066      -2.070   22.00%      -2.070     -1.070     -0.070
             100.000       2.245      -1.435       1.930   25.00%       0.930      1.930
     Y1                    0.528      -0.280      -2.123    1.00%      -0.091      0.354      0.620
             100.000       0.668       0.774       2.602    1.00%       0.709      1.118
     Y2                    0.828      -0.020      -1.509    1.00%       0.157      0.586      0.809
             100.000       0.927       0.129       3.302    1.00%       0.992      1.539
     Y3                    1.038      -0.224      -1.882    1.00%      -0.052      0.790      1.104
             100.000       1.346       0.033       4.052    1.00%       1.383      1.950
     X1M10                 0.000      -0.114      -1.106    9.00%      -0.586     -0.116     -0.046
             100.000       0.553      -1.402       1.014   12.00%       0.354      0.824
     X2M11                 0.000       0.050      -1.048   10.00%      -0.978     -0.068     -0.068
             100.000       0.513      -1.232       1.062   11.00%       0.042      0.912
     X3M12                 0.000       0.026      -1.020   13.00%      -1.010     -0.510     -0.020
             100.000       0.627      -1.557       0.990   14.00%       0.480      0.980


     THIS ANALYSIS MAY HAVE MULTIPLE SOLUTIONS.  EXPLORE THIS USING RANDOM STARTS,
     FOR EXAMPLE, STARTS = 20.  USE A LARGE ENOUGH NUMBER OF STARTS SO THAT THE
     BEST FIT FUNCTION VALUE IS REPLICATED SEVERAL TIMES.


THE MODEL ESTIMATION TERMINATED NORMALLY

     THE STANDARD ERRORS OF THE MODEL PARAMETER ESTIMATES MAY NOT BE
     TRUSTWORTHY FOR SOME PARAMETERS DUE TO A NON-POSITIVE DEFINITE
     FIRST-ORDER DERIVATIVE PRODUCT MATRIX.  THIS MAY BE DUE TO THE STARTING
     VALUES BUT MAY ALSO BE AN INDICATION OF MODEL NONIDENTIFICATION.  THE
     CONDITION NUMBER IS      -0.810D-14.  PROBLEM INVOLVING THE FOLLOWING PARAMETER:
     Parameter 40, X2

     THIS IS MOST LIKELY DUE TO VARIABLE X1 BEING DICHOTOMOUS BUT
     DECLARED AS CONTINUOUS.




MODEL FIT INFORMATION

Number of Free Parameters                       69

Loglikelihood

          H0 Value                       -3073.594
          H0 Scaling Correction Factor      0.8862
            for MLR
          H1 Value                       -2982.900
          H1 Scaling Correction Factor      0.9668
            for MLR

Information Criteria

          Akaike (AIC)                    6285.188
          Bayesian (BIC)                  6464.945
          Sample-Size Adjusted BIC        6247.026
            (n* = (n + 2) / 24)

Chi-Square Test of Model Fit

          Value                            181.904*
          Degrees of Freedom                   183
          P-Value                           0.5090
          Scaling Correction Factor         0.9972
            for MLR

*   The chi-square value for MLM, MLMV, MLR, ULSMV, WLSM and WLSMV cannot be used
    for chi-square difference testing in the regular way.  MLM, MLR and WLSM
    chi-square difference testing is described on the Mplus website.  MLMV, WLSMV,
    and ULSMV difference testing is done using the DIFFTEST option.

RMSEA (Root Mean Square Error Of Approximation)

          Estimate                           0.000
          90 Percent C.I.                    0.000  0.043
          Probability RMSEA <= .05           0.983

CFI/TLI

          CFI                                1.000
          TLI                                1.000

Chi-Square Test of Model Fit for the Baseline Model

          Value                            436.020
          Degrees of Freedom                   210
          P-Value                           0.0000

SRMR (Standardized Root Mean Square Residual)

          Value                              0.070



MODEL RESULTS

                                                    Two-Tailed
                    Estimate       S.E.  Est./S.E.    P-Value

 X        BY
    X3                 1.000      0.000    999.000    999.000
    X2                 1.016      0.263      3.856      0.000
    X1                 0.536      0.170      3.160      0.002

 M        BY
    M12                1.000      0.000    999.000    999.000
    M11                1.006      0.217      4.630      0.000
    M10                1.015      0.231      4.385      0.000
    M9                 0.831      0.214      3.880      0.000
    M8                 0.607      0.198      3.057      0.002
    M7                 0.643      0.248      2.590      0.010
    M6                 0.689      0.224      3.070      0.002
    M5                 0.505      0.248      2.038      0.042
    M4                 0.157      0.204      0.774      0.439
    M3                 0.633      0.213      2.968      0.003
    M2                 0.373      0.236      1.580      0.114
    M1                 0.266      0.221      1.204      0.228

 Y        BY
    Y3                 1.000      0.000    999.000    999.000
    Y2                 0.753      0.155      4.867      0.000
    Y1                 0.403      0.107      3.771      0.000

 XM       BY
    X3M12              1.000      0.000    999.000    999.000
    X2M11              1.495      0.813      1.838      0.066
    X1M10              2.347      1.843      1.273      0.203

 Y        ON
    X                  0.587      0.350      1.680      0.093
    M                  0.456      0.194      2.347      0.019
    XM                 0.214      0.772      0.277      0.782

 X        WITH
    M                  0.049      0.053      0.923      0.356
    XM                -0.005      0.017     -0.310      0.757

 M        WITH
    XM                 0.042      0.049      0.850      0.395

 Intercepts
    X1                 0.000      0.050      0.000      1.000
    X2                 0.000      0.050      0.000      1.000
    X3                 0.000      0.050      0.000      1.000
    M1                 0.000      0.159      0.000      1.000
    M2                 0.000      0.159      0.000      1.000
    M3                 0.000      0.162      0.000      1.000
    M4                 0.000      0.157      0.000      1.000
    M5                 0.000      0.153      0.000      1.000
    M6                 0.000      0.151      0.000      1.000
    M7                 0.000      0.153      0.000      1.000
    M8                 0.000      0.163      0.000      1.000
    M9                 0.000      0.159      0.000      1.000
    M10                0.000      0.158      0.000      1.000
    M11                0.000      0.143      0.000      1.000
    M12                0.000      0.150      0.000      1.000
    Y1                 0.528      0.082      6.458      0.000
    Y2                 0.828      0.096      8.600      0.000
    Y3                 1.038      0.116      8.947      0.000
    X1M10              0.000      0.074      0.000      1.000
    X2M11              0.000      0.072      0.000      1.000
    X3M12              0.000      0.079      0.000      1.000

 Variances
    X                  0.138      0.042      3.325      0.001
    M                  0.869      0.300      2.900      0.004
    XM                 0.050      0.053      0.932      0.351

 Residual Variances
    X1                 0.210      0.022      9.550      0.000
    X2                 0.107      0.042      2.547      0.011
    X3                 0.111      0.041      2.687      0.007
    M1                 2.452      0.193     12.708      0.000
    M2                 2.413      0.213     11.339      0.000
    M3                 2.278      0.261      8.716      0.000
    M4                 2.444      0.175     13.966      0.000
    M5                 2.115      0.234      9.037      0.000
    M6                 1.878      0.239      7.851      0.000
    M7                 1.980      0.234      8.454      0.000
    M8                 2.342      0.236      9.943      0.000
    M9                 1.915      0.268      7.135      0.000
    M10                1.615      0.273      5.922      0.000
    M11                1.179      0.216      5.456      0.000
    M12                1.376      0.271      5.078      0.000
    Y1                 0.526      0.087      6.021      0.000
    Y2                 0.431      0.131      3.291      0.001
    Y3                 0.471      0.181      2.601      0.009
    X1M10              0.280      0.211      1.330      0.184
    X2M11              0.403      0.094      4.288      0.000
    X3M12              0.578      0.061      9.464      0.000
    Y                  0.612      0.164      3.727      0.000

New/Additional Parameters
    VAR_Y              0.875      0.247      3.539      0.000
    STD_B1             0.233      0.122      1.906      0.057
    STD_B2             0.454      0.132      3.441      0.001
    STD_B3             0.079      0.286      0.276      0.782


QUALITY OF NUMERICAL RESULTS

     Condition Number for the Information Matrix              0.639E-04
       (ratio of smallest to largest eigenvalue)


CONFIDENCE INTERVALS OF MODEL RESULTS

                  Lower .5%  Lower 2.5%    Lower 5%    Estimate    Upper 5%  Upper 2.5%   Upper .5%

 X        BY
    X3               1.000       1.000       1.000       1.000       1.000       1.000       1.000
    X2               0.337       0.499       0.582       1.016       1.449       1.532       1.695
    X1               0.099       0.203       0.257       0.536       0.815       0.868       0.973

 M        BY
    M12              1.000       1.000       1.000       1.000       1.000       1.000       1.000
    M11              0.446       0.580       0.649       1.006       1.363       1.432       1.566
    M10              0.419       0.561       0.634       1.015       1.396       1.469       1.611
    M9               0.279       0.411       0.479       0.831       1.183       1.250       1.382
    M8               0.095       0.218       0.280       0.607       0.933       0.996       1.118
    M7               0.004       0.156       0.235       0.643       1.052       1.130       1.283
    M6               0.111       0.249       0.320       0.689       1.058       1.129       1.267
    M5              -0.133       0.019       0.097       0.505       0.913       0.991       1.144
    M4              -0.367      -0.241      -0.177       0.157       0.492       0.556       0.682
    M3               0.084       0.215       0.282       0.633       0.984       1.051       1.182
    M2              -0.235      -0.090      -0.015       0.373       0.762       0.836       0.982
    M1              -0.303      -0.167      -0.097       0.266       0.630       0.699       0.836

 Y        BY
    Y3               1.000       1.000       1.000       1.000       1.000       1.000       1.000
    Y2               0.354       0.450       0.498       0.753       1.007       1.056       1.151
    Y1               0.128       0.194       0.227       0.403       0.579       0.613       0.679

 XM       BY
    X3M12            1.000       1.000       1.000       1.000       1.000       1.000       1.000
    X2M11           -0.600      -0.099       0.157       1.495       2.832       3.088       3.589
    X1M10           -2.402      -1.267      -0.686       2.347       5.379       5.960       7.095

 Y        ON
    X               -0.313      -0.098       0.012       0.587       1.163       1.273       1.488
    M               -0.044       0.075       0.136       0.456       0.775       0.836       0.955
    XM              -1.775      -1.300      -1.056       0.214       1.484       1.727       2.202

 X        WITH
    M               -0.088      -0.055      -0.038       0.049       0.137       0.153       0.186
    XM              -0.048      -0.038      -0.033      -0.005       0.022       0.028       0.038

 M        WITH
    XM              -0.085      -0.055      -0.039       0.042       0.123       0.139       0.169

 Intercepts
    X1              -0.129      -0.098      -0.082       0.000       0.082       0.098       0.129
    X2              -0.129      -0.098      -0.082       0.000       0.082       0.098       0.129
    X3              -0.129      -0.098      -0.082       0.000       0.082       0.098       0.129
    M1              -0.408      -0.311      -0.261       0.000       0.261       0.311       0.408
    M2              -0.410      -0.312      -0.262       0.000       0.262       0.312       0.410
    M3              -0.417      -0.318      -0.267       0.000       0.267       0.318       0.417
    M4              -0.404      -0.308      -0.258       0.000       0.258       0.308       0.404
    M5              -0.394      -0.300      -0.251       0.000       0.251       0.300       0.394
    M6              -0.390      -0.297      -0.249       0.000       0.249       0.297       0.390
    M7              -0.394      -0.300      -0.252       0.000       0.252       0.300       0.394
    M8              -0.420      -0.320      -0.268       0.000       0.268       0.320       0.420
    M9              -0.408      -0.311      -0.261       0.000       0.261       0.311       0.408
    M10             -0.408      -0.311      -0.261       0.000       0.261       0.311       0.408
    M11             -0.370      -0.281      -0.236       0.000       0.236       0.281       0.370
    M12             -0.386      -0.294      -0.246       0.000       0.246       0.294       0.386
    Y1               0.317       0.368       0.393       0.528       0.662       0.688       0.738
    Y2               0.580       0.639       0.670       0.828       0.986       1.017       1.076
    Y3               0.739       0.811       0.847       1.038       1.229       1.266       1.337
    X1M10           -0.191      -0.146      -0.122       0.000       0.122       0.146       0.191
    X2M11           -0.185      -0.140      -0.118       0.000       0.118       0.140       0.185
    X3M12           -0.204      -0.155      -0.130       0.000       0.130       0.155       0.204

 Variances
    X                0.031       0.057       0.070       0.138       0.207       0.220       0.245
    M                0.097       0.282       0.376       0.869       1.361       1.456       1.640
    XM              -0.087      -0.055      -0.038       0.050       0.137       0.154       0.186

 Residual Variances
    X1               0.154       0.167       0.174       0.210       0.247       0.253       0.267
    X2              -0.001       0.025       0.038       0.107       0.176       0.190       0.216
    X3               0.005       0.030       0.043       0.111       0.179       0.192       0.217
    M1               1.955       2.074       2.135       2.452       2.769       2.830       2.949
    M2               1.865       1.996       2.063       2.413       2.763       2.831       2.962
    M3               1.605       1.766       1.848       2.278       2.708       2.790       2.951
    M4               1.993       2.101       2.156       2.444       2.732       2.787       2.895
    M5               1.512       1.656       1.730       2.115       2.500       2.574       2.718
    M6               1.262       1.409       1.484       1.878       2.271       2.347       2.494
    M7               1.377       1.521       1.595       1.980       2.366       2.439       2.584
    M8               1.735       1.881       1.955       2.342       2.730       2.804       2.949
    M9               1.224       1.389       1.473       1.915       2.356       2.441       2.606
    M10              0.912       1.080       1.166       1.615       2.063       2.149       2.317
    M11              0.622       0.755       0.823       1.179       1.534       1.602       1.735
    M12              0.678       0.845       0.931       1.376       1.822       1.908       2.075
    Y1               0.301       0.354       0.382       0.526       0.669       0.697       0.750
    Y2               0.094       0.174       0.216       0.431       0.647       0.688       0.769
    Y3               0.005       0.116       0.173       0.471       0.769       0.826       0.937
    X1M10           -0.262      -0.133      -0.066       0.280       0.626       0.693       0.822
    X2M11            0.161       0.219       0.248       0.403       0.557       0.587       0.645
    X3M12            0.420       0.458       0.477       0.578       0.678       0.697       0.735
    Y                0.189       0.290       0.342       0.612       0.882       0.934       1.035

New/Additional Parameters
    VAR_Y            0.238       0.391       0.468       0.875       1.282       1.360       1.512
    STD_B1          -0.082      -0.007       0.032       0.233       0.435       0.474       0.549
    STD_B2           0.114       0.195       0.237       0.454       0.671       0.712       0.794
    STD_B3          -0.658      -0.482      -0.392       0.079       0.550       0.640       0.816


TECHNICAL 1 OUTPUT


     PARAMETER SPECIFICATION


           NU
              X1            X2            X3            M1            M2
              ________      ________      ________      ________      ________
                  1             2             3             4             5


           NU
              M3            M4            M5            M6            M7
              ________      ________      ________      ________      ________
                  6             7             8             9            10


           NU
              M8            M9            M10           M11           M12
              ________      ________      ________      ________      ________
                 11            12            13            14            15


           NU
              Y1            Y2            Y3            X1M10         X2M11
              ________      ________      ________      ________      ________
                 16            17            18            19            20


           NU
              X3M12
              ________
                 21


           LAMBDA
              X             M             Y             XM
              ________      ________      ________      ________
 X1                22             0             0             0
 X2                23             0             0             0
 X3                 0             0             0             0
 M1                 0            24             0             0
 M2                 0            25             0             0
 M3                 0            26             0             0
 M4                 0            27             0             0
 M5                 0            28             0             0
 M6                 0            29             0             0
 M7                 0            30             0             0
 M8                 0            31             0             0
 M9                 0            32             0             0
 M10                0            33             0             0
 M11                0            34             0             0
 M12                0             0             0             0
 Y1                 0             0            35             0
 Y2                 0             0            36             0
 Y3                 0             0             0             0
 X1M10              0             0             0            37
 X2M11              0             0             0            38
 X3M12              0             0             0             0


           THETA
              X1            X2            X3            M1            M2
              ________      ________      ________      ________      ________
 X1                39
 X2                 0            40
 X3                 0             0            41
 M1                 0             0             0            42
 M2                 0             0             0             0            43
 M3                 0             0             0             0             0
 M4                 0             0             0             0             0
 M5                 0             0             0             0             0
 M6                 0             0             0             0             0
 M7                 0             0             0             0             0
 M8                 0             0             0             0             0
 M9                 0             0             0             0             0
 M10                0             0             0             0             0
 M11                0             0             0             0             0
 M12                0             0             0             0             0
 Y1                 0             0             0             0             0
 Y2                 0             0             0             0             0
 Y3                 0             0             0             0             0
 X1M10              0             0             0             0             0
 X2M11              0             0             0             0             0
 X3M12              0             0             0             0             0


           THETA
              M3            M4            M5            M6            M7
              ________      ________      ________      ________      ________
 M3                44
 M4                 0            45
 M5                 0             0            46
 M6                 0             0             0            47
 M7                 0             0             0             0            48
 M8                 0             0             0             0             0
 M9                 0             0             0             0             0
 M10                0             0             0             0             0
 M11                0             0             0             0             0
 M12                0             0             0             0             0
 Y1                 0             0             0             0             0
 Y2                 0             0             0             0             0
 Y3                 0             0             0             0             0
 X1M10              0             0             0             0             0
 X2M11              0             0             0             0             0
 X3M12              0             0             0             0             0


           THETA
              M8            M9            M10           M11           M12
              ________      ________      ________      ________      ________
 M8                49
 M9                 0            50
 M10                0             0            51
 M11                0             0             0            52
 M12                0             0             0             0            53
 Y1                 0             0             0             0             0
 Y2                 0             0             0             0             0
 Y3                 0             0             0             0             0
 X1M10              0             0             0             0             0
 X2M11              0             0             0             0             0
 X3M12              0             0             0             0             0


           THETA
              Y1            Y2            Y3            X1M10         X2M11
              ________      ________      ________      ________      ________
 Y1                54
 Y2                 0            55
 Y3                 0             0            56
 X1M10              0             0             0            57
 X2M11              0             0             0             0            58
 X3M12              0             0             0             0             0


           THETA
              X3M12
              ________
 X3M12             59


           ALPHA
              X             M             Y             XM
              ________      ________      ________      ________
                  0             0             0             0


           BETA
              X             M             Y             XM
              ________      ________      ________      ________
 X                  0             0             0             0
 M                  0             0             0             0
 Y                 60            61             0            62
 XM                 0             0             0             0


           PSI
              X             M             Y             XM
              ________      ________      ________      ________
 X                 63
 M                 64            65
 Y                  0             0            66
 XM                67            68             0            69


     PARAMETER SPECIFICATION FOR THE ADDITIONAL PARAMETERS


           New/Additional Parameters
              VAR_Y         STD_B1        STD_B2        STD_B3
              ________      ________      ________      ________
                   70            71            72            73


     STARTING VALUES


           NU
              X1            X2            X3            M1            M2
              ________      ________      ________      ________      ________
                0.000         0.000         0.000         0.000         0.000


           NU
              M3            M4            M5            M6            M7
              ________      ________      ________      ________      ________
                0.000         0.000         0.000         0.000         0.000


           NU
              M8            M9            M10           M11           M12
              ________      ________      ________      ________      ________
                0.000         0.000         0.000         0.000         0.000


           NU
              Y1            Y2            Y3            X1M10         X2M11
              ________      ________      ________      ________      ________
                0.528         0.828         1.038         0.000         0.000


           NU
              X3M12
              ________
                0.000


           LAMBDA
              X             M             Y             XM
              ________      ________      ________      ________
 X1             0.535         0.000         0.000         0.000
 X2             1.000         0.000         0.000         0.000
 X3             1.000         0.000         0.000         0.000
 M1             0.000         0.876         0.000         0.000
 M2             0.000         0.354         0.000         0.000
 M3             0.000         0.970         0.000         0.000
 M4             0.000         0.076         0.000         0.000
 M5             0.000         0.486         0.000         0.000
 M6             0.000         0.381         0.000         0.000
 M7             0.000         0.700         0.000         0.000
 M8             0.000         0.863         0.000         0.000
 M9             0.000         0.258         0.000         0.000
 M10            0.000         1.335         0.000         0.000
 M11            0.000         1.025         0.000         0.000
 M12            0.000         1.000         0.000         0.000
 Y1             0.000         0.000         0.417         0.000
 Y2             0.000         0.000         0.772         0.000
 Y3             0.000         0.000         1.000         0.000
 X1M10          0.000         0.000         0.000         2.911
 X2M11          0.000         0.000         0.000         1.476
 X3M12          0.000         0.000         0.000         1.000


           THETA
              X1            X2            X3            M1            M2
              ________      ________      ________      ________      ________
 X1             0.125
 X2             0.000         0.125
 X3             0.000         0.000         0.125
 M1             0.000         0.000         0.000         1.257
 M2             0.000         0.000         0.000         0.000         1.267
 M3             0.000         0.000         0.000         0.000         0.000
 M4             0.000         0.000         0.000         0.000         0.000
 M5             0.000         0.000         0.000         0.000         0.000
 M6             0.000         0.000         0.000         0.000         0.000
 M7             0.000         0.000         0.000         0.000         0.000
 M8             0.000         0.000         0.000         0.000         0.000
 M9             0.000         0.000         0.000         0.000         0.000
 M10            0.000         0.000         0.000         0.000         0.000
 M11            0.000         0.000         0.000         0.000         0.000
 M12            0.000         0.000         0.000         0.000         0.000
 Y1             0.000         0.000         0.000         0.000         0.000
 Y2             0.000         0.000         0.000         0.000         0.000
 Y3             0.000         0.000         0.000         0.000         0.000
 X1M10          0.000         0.000         0.000         0.000         0.000
 X2M11          0.000         0.000         0.000         0.000         0.000
 X3M12          0.000         0.000         0.000         0.000         0.000


           THETA
              M3            M4            M5            M6            M7
              ________      ________      ________      ________      ________
 M3             1.313
 M4             0.000         1.233
 M5             0.000         0.000         1.169
 M6             0.000         0.000         0.000         1.145
 M7             0.000         0.000         0.000         0.000         1.170
 M8             0.000         0.000         0.000         0.000         0.000
 M9             0.000         0.000         0.000         0.000         0.000
 M10            0.000         0.000         0.000         0.000         0.000
 M11            0.000         0.000         0.000         0.000         0.000
 M12            0.000         0.000         0.000         0.000         0.000
 Y1             0.000         0.000         0.000         0.000         0.000
 Y2             0.000         0.000         0.000         0.000         0.000
 Y3             0.000         0.000         0.000         0.000         0.000
 X1M10          0.000         0.000         0.000         0.000         0.000
 X2M11          0.000         0.000         0.000         0.000         0.000
 X3M12          0.000         0.000         0.000         0.000         0.000


           THETA
              M8            M9            M10           M11           M12
              ________      ________      ________      ________      ________
 M8             1.331
 M9             0.000         1.257
 M10            0.000         0.000         1.255
 M11            0.000         0.000         0.000         1.029
 M12            0.000         0.000         0.000         0.000         1.123
 Y1             0.000         0.000         0.000         0.000         0.000
 Y2             0.000         0.000         0.000         0.000         0.000
 Y3             0.000         0.000         0.000         0.000         0.000
 X1M10          0.000         0.000         0.000         0.000         0.000
 X2M11          0.000         0.000         0.000         0.000         0.000
 X3M12          0.000         0.000         0.000         0.000         0.000


           THETA
              Y1            Y2            Y3            X1M10         X2M11
              ________      ________      ________      ________      ________
 Y1             0.334
 Y2             0.000         0.463
 Y3             0.000         0.000         0.673
 X1M10          0.000         0.000         0.000         0.276
 X2M11          0.000         0.000         0.000         0.000         0.257
 X3M12          0.000         0.000         0.000         0.000         0.000


           THETA
              X3M12
              ________
 X3M12          0.314


           ALPHA
              X             M             Y             XM
              ________      ________      ________      ________
                0.000         0.000         0.000         0.000


           BETA
              X             M             Y             XM
              ________      ________      ________      ________
 X              0.000         0.000         0.000         0.000
 M              0.000         0.000         0.000         0.000
 Y              0.000         0.000         0.000         0.000
 XM             0.000         0.000         0.000         0.000


           PSI
              X             M             Y             XM
              ________      ________      ________      ________
 X              0.050
 M              0.000         0.050
 Y              0.000         0.000         0.050
 XM             0.000         0.000         0.000         0.050


     STARTING VALUES FOR THE ADDITIONAL PARAMETERS


           New/Additional Parameters
              VAR_Y         STD_B1        STD_B2        STD_B3
              ________      ________      ________      ________
                0.500         0.500         0.500         0.500


RESULTS SAVING INFORMATION

  Order of data

    Parameter estimates
     (saved in order shown in Technical 1 output)
    Standard errors
     (saved in order shown in Technical 1 output)
    Number of Free Parameters
    H0 Loglikelihood
    H0 Scaling Correction Factor for MLR
    H1 Loglikelihood
    H1 Scaling Correction Factor for MLR
    Akaike (AIC)
    Bayesian (BIC)
    Sample-Size Adjusted BIC
    Chi-square : Value
    Chi-square : Degrees of Freedom
    Chi-square : P-Value
    Chi-square : Scaling Correction Factor for MLR/MLM/WLSM
    CFI
    TLI
    RMSEA : Estimate
    RMSEA : Low CI
    RMSEA : High CI
    RMSEA : Probability
    SRMR
    Condition Number

  Save file
    matchupi_results_1278.dat

  Save file format           Free


     Beginning Time:  15:04:28
        Ending Time:  15:04:30
       Elapsed Time:  00:00:02



MUTHEN & MUTHEN
3463 Stoner Ave.
Los Angeles, CA  90066

Tel: (310) 391-9971
Fax: (310) 391-8971
Web: www.StatModel.com
Support: Support@StatModel.com

Copyright (c) 1998-2022 Muthen & Muthen
