Mplus VERSION 8.8 (Mac)
MUTHEN & MUTHEN
07/27/2025   9:36 PM

INPUT INSTRUCTIONS


    TITLE: Matched-pair Unconstrained Product Indicator

    DATA:
      FILE = matchupi_simdat_1331.dat;
      FORMAT IS FREE;

    VARIABLE:
      NAMES = x1 x2 x3
      	    m1 m2 m3 m4 m5 m6
      	    m7 m8 m9 m10 m11 m12
      	    y1 y2 y3
      	    x1m10 x2m11 x3m12;
      USEVARIABLES = x1-x3m12;

    ANALYSIS:
      TYPE = general;
      ESTIMATOR = MLR;
    MODEL:
      !measurement model
      X BY x3 x2 x1;
      X (var_X);
      M BY m12 m11 m10 m9 m8 m7 m6 m5 m4 m3 m2 m1;
      M (var_M);
      Y BY y3 y2 y1;
      Y (resvar_Y);
      XM BY x3m12 x2m11 x1m10;
      XM (var_XM);

      !covariances between predictors
      X WITH M (cov_XM);
      X WITH XM (cov_XXM);
      M WITH XM (cov_MXM);

      !structural model
      Y ON X (b1);
      Y ON M (b2);
      Y ON XM (b3);

    MODEL CONSTRAINT:

      NEW(var_Y std_b1 std_b2 std_b3);
      var_Y = resvar_Y +
       (b1^2 * var_X +
        b2^2 * var_M +
        b3^2 * var_XM +
        2 * b1 * b2 * cov_XM +
        2 * b1 * b3 * cov_XXM +
        2 * b2 * b3 * cov_MXM);

        std_b1 = b1 * sqrt(var_X) / sqrt(var_Y);
        std_b2 = b2 * sqrt(var_M) / sqrt(var_Y);
        std_b3 = b3 * sqrt(var_X) * sqrt(var_M) / sqrt(var_Y);

    OUTPUT:
      sampstat tech1 CINTERVAL;

    SAVEDATA:
      RESULTS = matchupi_results_1331.dat;




INPUT READING TERMINATED NORMALLY



Matched-pair Unconstrained Product Indicator

SUMMARY OF ANALYSIS

Number of groups                                                 1
Number of observations                                         100

Number of dependent variables                                   21
Number of independent variables                                  0
Number of continuous latent variables                            4

Observed dependent variables

  Continuous
   X1          X2          X3          M1          M2          M3
   M4          M5          M6          M7          M8          M9
   M10         M11         M12         Y1          Y2          Y3
   X1M10       X2M11       X3M12

Continuous latent variables
   X           M           Y           XM


Estimator                                                      MLR
Information matrix                                        OBSERVED
Maximum number of iterations                                  1000
Convergence criterion                                    0.500D-04
Maximum number of steepest descent iterations                   20

Input data file(s)
  matchupi_simdat_1331.dat

Input data format  FREE


SAMPLE STATISTICS


     SAMPLE STATISTICS


           Means
              X1            X2            X3            M1            M2
              ________      ________      ________      ________      ________
                0.000         0.000         0.000         0.000         0.000


           Means
              M3            M4            M5            M6            M7
              ________      ________      ________      ________      ________
                0.000         0.000         0.000         0.000         0.000


           Means
              M8            M9            M10           M11           M12
              ________      ________      ________      ________      ________
                0.000         0.000         0.000         0.000         0.000


           Means
              Y1            Y2            Y3            X1M10         X2M11
              ________      ________      ________      ________      ________
                0.580         0.727         1.127         0.000         0.000


           Means
              X3M12
              ________
                0.000


           Covariances
              X1            X2            X3            M1            M2
              ________      ________      ________      ________      ________
 X1             0.230
 X2             0.046         0.250
 X3             0.093         0.095         0.250
 M1            -0.029         0.125         0.046         2.369
 M2             0.103         0.162         0.030        -0.062         2.537
 M3             0.075         0.233         0.166         0.160         0.656
 M4            -0.001         0.035         0.014         0.041         0.732
 M5             0.022         0.094         0.134         0.362         0.097
 M6             0.078         0.174         0.003         0.433         0.606
 M7             0.119         0.045         0.114         0.101         0.482
 M8            -0.025         0.064         0.124         0.172         0.181
 M9            -0.024         0.131         0.012         0.367         0.297
 M10            0.128         0.147         0.089        -0.216         0.751
 M11            0.086         0.195         0.005         0.320         0.527
 M12            0.056         0.141        -0.008         0.367         0.507
 Y1             0.047         0.087         0.058        -0.014         0.132
 Y2             0.067         0.121         0.084        -0.075         0.328
 Y3             0.115         0.187         0.118         0.112         0.084
 X1M10         -0.072        -0.007         0.000         0.198        -0.206
 X2M11         -0.033         0.004         0.017         0.019        -0.235
 X3M12         -0.036        -0.045        -0.104        -0.094        -0.153


           Covariances
              M3            M4            M5            M6            M7
              ________      ________      ________      ________      ________
 M3             2.458
 M4            -0.170         2.949
 M5             0.376         0.108         2.507
 M6             0.379         0.377        -0.004         2.262
 M7             0.190        -0.261        -0.512         0.157         2.549
 M8             0.682         0.268         0.306         0.384         0.598
 M9             0.088         0.583        -0.065         0.379         0.273
 M10            0.289         0.396         0.769         0.087         0.706
 M11            0.603         0.240         0.220         0.489         0.730
 M12            0.568         0.673         0.265         0.599         0.473
 Y1             0.130         0.153         0.058         0.162         0.258
 Y2             0.238        -0.079        -0.033         0.117         0.202
 Y3             0.053         0.025         0.107         0.146         0.180
 X1M10         -0.142         0.047         0.101        -0.034        -0.107
 X2M11         -0.024        -0.221         0.123        -0.241        -0.101
 X3M12         -0.189        -0.166        -0.194        -0.008        -0.117


           Covariances
              M8            M9            M10           M11           M12
              ________      ________      ________      ________      ________
 M8             2.445
 M9             0.277         2.070
 M10            0.533         0.351         2.294
 M11            0.869         0.671         0.912         2.410
 M12            0.657         0.650         0.711         0.801         1.870
 Y1             0.375         0.106         0.379         0.330         0.257
 Y2             0.125         0.151         0.042         0.033         0.177
 Y3             0.264         0.218         0.152         0.256         0.251
 X1M10          0.025         0.103        -0.128        -0.085        -0.021
 X2M11          0.148         0.004        -0.221        -0.067        -0.210
 X3M12         -0.179        -0.155        -0.130        -0.138        -0.121


           Covariances
              Y1            Y2            Y3            X1M10         X2M11
              ________      ________      ________      ________      ________
 Y1             0.688
 Y2             0.287         0.905
 Y3             0.485         0.482         1.267
 X1M10          0.007        -0.110        -0.004         0.466
 X2M11         -0.034         0.019        -0.027         0.115         0.563
 X3M12         -0.034        -0.074        -0.117         0.033         0.035


           Covariances
              X3M12
              ________
 X3M12          0.548


           Correlations
              X1            X2            X3            M1            M2
              ________      ________      ________      ________      ________
 X1             1.000
 X2             0.193         1.000
 X3             0.387         0.380         1.000
 M1            -0.040         0.163         0.059         1.000
 M2             0.134         0.204         0.037        -0.025         1.000
 M3             0.100         0.298         0.212         0.066         0.263
 M4            -0.001         0.040         0.017         0.015         0.268
 M5             0.029         0.119         0.169         0.148         0.038
 M6             0.107         0.232         0.004         0.187         0.253
 M7             0.156         0.056         0.143         0.041         0.189
 M8            -0.034         0.082         0.158         0.072         0.073
 M9            -0.035         0.182         0.017         0.166         0.130
 M10            0.177         0.194         0.117        -0.093         0.311
 M11            0.116         0.251         0.006         0.134         0.213
 M12            0.085         0.206        -0.012         0.174         0.233
 Y1             0.117         0.209         0.139        -0.011         0.100
 Y2             0.147         0.254         0.176        -0.051         0.216
 Y3             0.213         0.333         0.210         0.065         0.047
 X1M10         -0.219        -0.020        -0.001         0.189        -0.189
 X2M11         -0.093         0.010         0.046         0.016        -0.197
 X3M12         -0.101        -0.122        -0.282        -0.082        -0.130


           Correlations
              M3            M4            M5            M6            M7
              ________      ________      ________      ________      ________
 M3             1.000
 M4            -0.063         1.000
 M5             0.151         0.040         1.000
 M6             0.161         0.146        -0.002         1.000
 M7             0.076        -0.095        -0.202         0.066         1.000
 M8             0.278         0.100         0.124         0.163         0.239
 M9             0.039         0.236        -0.029         0.175         0.119
 M10            0.122         0.152         0.321         0.038         0.292
 M11            0.248         0.090         0.089         0.209         0.294
 M12            0.265         0.287         0.122         0.291         0.217
 Y1             0.100         0.107         0.044         0.130         0.195
 Y2             0.159        -0.048        -0.022         0.082         0.133
 Y3             0.030         0.013         0.060         0.086         0.100
 X1M10         -0.133         0.040         0.094        -0.033        -0.098
 X2M11         -0.020        -0.172         0.103        -0.213        -0.085
 X3M12         -0.163        -0.130        -0.166        -0.007        -0.099


           Correlations
              M8            M9            M10           M11           M12
              ________      ________      ________      ________      ________
 M8             1.000
 M9             0.123         1.000
 M10            0.225         0.161         1.000
 M11            0.358         0.300         0.388         1.000
 M12            0.307         0.330         0.343         0.377         1.000
 Y1             0.289         0.089         0.302         0.256         0.226
 Y2             0.084         0.110         0.029         0.022         0.136
 Y3             0.150         0.135         0.089         0.147         0.163
 X1M10          0.023         0.105        -0.124        -0.080        -0.022
 X2M11          0.126         0.003        -0.195        -0.058        -0.205
 X3M12         -0.155        -0.146        -0.116        -0.120        -0.119


           Correlations
              Y1            Y2            Y3            X1M10         X2M11
              ________      ________      ________      ________      ________
 Y1             1.000
 Y2             0.364         1.000
 Y3             0.519         0.450         1.000
 X1M10          0.013        -0.169        -0.006         1.000
 X2M11         -0.054         0.027        -0.031         0.225         1.000
 X3M12         -0.056        -0.106        -0.140         0.065         0.062


           Correlations
              X3M12
              ________
 X3M12          1.000


UNIVARIATE SAMPLE STATISTICS


     UNIVARIATE HIGHER-ORDER MOMENT DESCRIPTIVE STATISTICS

         Variable/         Mean/     Skewness/   Minimum/ % with                Percentiles
        Sample Size      Variance    Kurtosis    Maximum  Min/Max      20%/60%    40%/80%    Median

     X1                    0.000      -0.583      -0.640   36.00%      -0.640      0.360      0.360
             100.000       0.230      -1.660       0.360   64.00%       0.360      0.360
     X2                    0.000       0.040      -0.490   51.00%      -0.490     -0.490     -0.490
             100.000       0.250      -1.998       0.510   49.00%       0.510      0.510
     X3                    0.000       0.080      -0.480   52.00%      -0.480     -0.480     -0.480
             100.000       0.250      -1.994       0.520   48.00%       0.520      0.520
     M1                    0.000      -0.017      -2.030   25.00%      -2.030     -1.030     -0.030
             100.000       2.369      -1.467       1.970   27.00%       0.970      1.970
     M2                    0.000       0.239      -1.730   37.00%      -1.730     -0.730      0.270
             100.000       2.537      -1.487       2.270   23.00%       0.270      2.270
     M3                    0.000      -0.289      -2.320   21.00%      -2.320     -0.320     -0.320
             100.000       2.458      -1.440       1.680   37.00%       0.680      1.680
     M4                    0.000       0.023      -1.970   35.00%      -1.970     -0.970      0.030
             100.000       2.949      -1.723       2.030   33.00%       1.030      2.030
     M5                    0.000       0.067      -1.950   28.00%      -1.950     -0.950      0.050
             100.000       2.507      -1.549       2.050   27.00%       1.050      2.050
     M6                    0.000       0.153      -1.910   24.00%      -1.910     -0.910      0.090
             100.000       2.262      -1.415       2.090   24.00%       0.090      2.090
     M7                    0.000      -0.010      -1.970   30.00%      -1.970     -0.970      0.030
             100.000       2.549      -1.576       2.030   26.00%       1.030      2.030
     M8                    0.000       0.053      -1.930   29.00%      -1.930     -0.930      0.070
             100.000       2.445      -1.509       2.070   25.00%       0.070      2.070
     M9                    0.000      -0.115      -2.100   20.00%      -2.100     -0.100     -0.100
             100.000       2.070      -1.307       1.900   23.00%       0.900      1.900
     M10                   0.000      -0.203      -2.190   22.00%      -2.190     -0.190     -0.190
             100.000       2.294      -1.387       1.810   29.00%       0.810      1.810
     M11                   0.000       0.001      -1.990   27.00%      -1.990     -0.990      0.010
             100.000       2.410      -1.490       2.010   26.00%       1.010      2.010
     M12                   0.000      -0.063      -2.100   17.00%      -1.100     -0.100     -0.100
             100.000       1.870      -1.138       1.900   22.00%      -0.100      1.900
     Y1                    0.580       0.377      -1.376    1.00%      -0.151      0.302      0.449
             100.000       0.688      -0.282       2.620    1.00%       0.665      1.220
     Y2                    0.727       0.016      -1.761    1.00%      -0.161      0.574      0.845
             100.000       0.905       0.144       3.474    1.00%       0.974      1.406
     Y3                    1.127       0.295      -1.078    1.00%       0.202      0.773      1.035
             100.000       1.267      -0.045       4.379    1.00%       1.353      1.969
     X1M10                 0.000       0.105      -1.084    7.00%      -0.564     -0.044     -0.044
             100.000       0.466      -1.128       1.016   10.00%       0.056      0.996
     X2M11                 0.000      -0.381      -1.210    8.00%      -0.700     -0.190      0.290
             100.000       0.563      -1.292       0.830   16.00%       0.320      0.780
     X3M12                 0.000      -0.018      -1.287    9.00%      -0.647     -0.197     -0.007
             100.000       0.548      -0.775       1.273   12.00%       0.163      0.523


     THIS ANALYSIS MAY HAVE MULTIPLE SOLUTIONS.  EXPLORE THIS USING RANDOM STARTS,
     FOR EXAMPLE, STARTS = 20.  USE A LARGE ENOUGH NUMBER OF STARTS SO THAT THE
     BEST FIT FUNCTION VALUE IS REPLICATED SEVERAL TIMES.


THE MODEL ESTIMATION TERMINATED NORMALLY

     THE STANDARD ERRORS OF THE MODEL PARAMETER ESTIMATES MAY NOT BE
     TRUSTWORTHY FOR SOME PARAMETERS DUE TO A NON-POSITIVE DEFINITE
     FIRST-ORDER DERIVATIVE PRODUCT MATRIX.  THIS MAY BE DUE TO THE STARTING
     VALUES BUT MAY ALSO BE AN INDICATION OF MODEL NONIDENTIFICATION.  THE
     CONDITION NUMBER IS      -0.283D-12.  PROBLEM INVOLVING THE FOLLOWING PARAMETER:
     Parameter 67, XM WITH X (equality/label)

     THIS IS MOST LIKELY DUE TO VARIABLE X1 BEING DICHOTOMOUS BUT
     DECLARED AS CONTINUOUS.




MODEL FIT INFORMATION

Number of Free Parameters                       69

Loglikelihood

          H0 Value                       -3057.257
          H0 Scaling Correction Factor      0.8838
            for MLR
          H1 Value                       -2949.930
          H1 Scaling Correction Factor      0.9563
            for MLR

Information Criteria

          Akaike (AIC)                    6252.514
          Bayesian (BIC)                  6432.271
          Sample-Size Adjusted BIC        6214.352
            (n* = (n + 2) / 24)

Chi-Square Test of Model Fit

          Value                            218.238*
          Degrees of Freedom                   183
          P-Value                           0.0384
          Scaling Correction Factor         0.9836
            for MLR

*   The chi-square value for MLM, MLMV, MLR, ULSMV, WLSM and WLSMV cannot be used
    for chi-square difference testing in the regular way.  MLM, MLR and WLSM
    chi-square difference testing is described on the Mplus website.  MLMV, WLSMV,
    and ULSMV difference testing is done using the DIFFTEST option.

RMSEA (Root Mean Square Error Of Approximation)

          Estimate                           0.044
          90 Percent C.I.                    0.011  0.065
          Probability RMSEA <= .05           0.664

CFI/TLI

          CFI                                0.855
          TLI                                0.834

Chi-Square Test of Model Fit for the Baseline Model

          Value                            453.305
          Degrees of Freedom                   210
          P-Value                           0.0000

SRMR (Standardized Root Mean Square Residual)

          Value                              0.077



MODEL RESULTS

                                                    Two-Tailed
                    Estimate       S.E.  Est./S.E.    P-Value

 X        BY
    X3                 1.000      0.000    999.000    999.000
    X2                 0.925      0.472      1.961      0.050
    X1                 0.733      0.191      3.845      0.000

 M        BY
    M12                1.000      0.000    999.000    999.000
    M11                1.089      0.224      4.863      0.000
    M10                0.918      0.240      3.832      0.000
    M9                 0.638      0.167      3.821      0.000
    M8                 0.823      0.213      3.864      0.000
    M7                 0.662      0.220      3.007      0.003
    M6                 0.602      0.209      2.877      0.004
    M5                 0.340      0.239      1.422      0.155
    M4                 0.528      0.201      2.624      0.009
    M3                 0.676      0.202      3.346      0.001
    M2                 0.762      0.235      3.244      0.001
    M1                 0.286      0.208      1.379      0.168

 Y        BY
    Y3                 1.000      0.000    999.000    999.000
    Y2                 0.620      0.123      5.061      0.000
    Y1                 0.634      0.158      4.005      0.000

 XM       BY
    X3M12              1.000      0.000    999.000    999.000
    X2M11              0.538      0.712      0.756      0.450
    X1M10              0.446      0.539      0.827      0.408

 Y        ON
    X                  1.333      0.942      1.415      0.157
    M                  0.260      0.316      0.823      0.411
    XM                 0.344      1.171      0.294      0.769

 X        WITH
    M                  0.112      0.047      2.374      0.018
    XM                -0.058      0.065     -0.896      0.370

 M        WITH
    XM                -0.174      0.091     -1.926      0.054

 Intercepts
    X1                 0.000      0.048      0.000      1.000
    X2                 0.000      0.050      0.000      1.000
    X3                 0.000      0.050      0.000      1.000
    M1                 0.000      0.154      0.000      1.000
    M2                 0.000      0.159      0.000      1.000
    M3                 0.000      0.157      0.000      1.000
    M4                 0.000      0.172      0.000      1.000
    M5                 0.000      0.158      0.000      1.000
    M6                 0.000      0.150      0.000      1.000
    M7                 0.000      0.160      0.000      1.000
    M8                 0.000      0.156      0.000      1.000
    M9                 0.000      0.144      0.000      1.000
    M10                0.000      0.151      0.000      1.000
    M11                0.000      0.155      0.000      1.000
    M12                0.000      0.137      0.000      1.000
    Y1                 0.580      0.083      6.991      0.000
    Y2                 0.727      0.095      7.639      0.000
    Y3                 1.127      0.113     10.009      0.000
    X1M10              0.000      0.068      0.000      1.000
    X2M11              0.000      0.075      0.000      1.000
    X3M12              0.000      0.074      0.000      1.000

 Variances
    X                  0.102      0.054      1.878      0.060
    M                  0.801      0.231      3.470      0.001
    XM                 0.109      0.100      1.091      0.275

 Residual Variances
    X1                 0.176      0.034      5.208      0.000
    X2                 0.163      0.051      3.195      0.001
    X3                 0.148      0.054      2.741      0.006
    M1                 2.303      0.186     12.359      0.000
    M2                 2.072      0.266      7.801      0.000
    M3                 2.092      0.214      9.778      0.000
    M4                 2.726      0.224     12.169      0.000
    M5                 2.415      0.201     12.014      0.000
    M6                 1.972      0.219      8.992      0.000
    M7                 2.198      0.250      8.804      0.000
    M8                 1.903      0.267      7.132      0.000
    M9                 1.744      0.208      8.370      0.000
    M10                1.618      0.307      5.271      0.000
    M11                1.459      0.263      5.555      0.000
    M12                1.069      0.202      5.288      0.000
    Y1                 0.382      0.080      4.792      0.000
    Y2                 0.611      0.105      5.816      0.000
    Y3                 0.504      0.167      3.021      0.003
    X1M10              0.444      0.060      7.366      0.000
    X2M11              0.532      0.078      6.813      0.000
    X3M12              0.440      0.099      4.439      0.000
    Y                  0.523      0.187      2.799      0.005

New/Additional Parameters
    VAR_Y              0.763      0.224      3.409      0.001
    STD_B1             0.487      0.260      1.870      0.062
    STD_B2             0.266      0.329      0.809      0.418
    STD_B3             0.112      0.386      0.291      0.771


QUALITY OF NUMERICAL RESULTS

     Condition Number for the Information Matrix              0.198E-03
       (ratio of smallest to largest eigenvalue)


CONFIDENCE INTERVALS OF MODEL RESULTS

                  Lower .5%  Lower 2.5%    Lower 5%    Estimate    Upper 5%  Upper 2.5%   Upper .5%

 X        BY
    X3               1.000       1.000       1.000       1.000       1.000       1.000       1.000
    X2              -0.290       0.000       0.149       0.925       1.702       1.851       2.141
    X1               0.242       0.360       0.420       0.733       1.047       1.107       1.225

 M        BY
    M12              1.000       1.000       1.000       1.000       1.000       1.000       1.000
    M11              0.512       0.650       0.721       1.089       1.458       1.529       1.667
    M10              0.301       0.449       0.524       0.918       1.312       1.388       1.535
    M9               0.208       0.311       0.363       0.638       0.912       0.965       1.068
    M8               0.274       0.405       0.472       0.823       1.173       1.240       1.371
    M7               0.095       0.231       0.300       0.662       1.024       1.094       1.229
    M6               0.063       0.192       0.258       0.602       0.946       1.012       1.141
    M5              -0.276      -0.129      -0.053       0.340       0.733       0.809       0.956
    M4               0.010       0.134       0.197       0.528       0.859       0.923       1.047
    M3               0.156       0.280       0.343       0.676       1.008       1.071       1.196
    M2               0.157       0.302       0.376       0.762       1.149       1.223       1.368
    M1              -0.249      -0.121      -0.055       0.286       0.628       0.693       0.821

 Y        BY
    Y3               1.000       1.000       1.000       1.000       1.000       1.000       1.000
    Y2               0.305       0.380       0.419       0.620       0.822       0.861       0.936
    Y1               0.226       0.324       0.373       0.634       0.894       0.944       1.041

 XM       BY
    X3M12            1.000       1.000       1.000       1.000       1.000       1.000       1.000
    X2M11           -1.295      -0.857      -0.633       0.538       1.708       1.932       2.370
    X1M10           -0.942      -0.610      -0.440       0.446       1.332       1.502       1.833

 Y        ON
    X               -1.094      -0.513      -0.217       1.333       2.883       3.180       3.760
    M               -0.553      -0.359      -0.259       0.260       0.779       0.878       1.073
    XM              -2.673      -1.951      -1.583       0.344       2.270       2.639       3.360

 X        WITH
    M               -0.009       0.019       0.034       0.112       0.189       0.204       0.233
    XM              -0.226      -0.186      -0.166      -0.058       0.049       0.069       0.109

 M        WITH
    XM              -0.408      -0.352      -0.323      -0.174      -0.025       0.003       0.059

 Intercepts
    X1              -0.124      -0.094      -0.079       0.000       0.079       0.094       0.124
    X2              -0.129      -0.098      -0.082       0.000       0.082       0.098       0.129
    X3              -0.129      -0.098      -0.082       0.000       0.082       0.098       0.129
    M1              -0.396      -0.302      -0.253       0.000       0.253       0.302       0.396
    M2              -0.410      -0.312      -0.262       0.000       0.262       0.312       0.410
    M3              -0.404      -0.307      -0.258       0.000       0.258       0.307       0.404
    M4              -0.442      -0.337      -0.282       0.000       0.282       0.337       0.442
    M5              -0.408      -0.310      -0.260       0.000       0.260       0.310       0.408
    M6              -0.387      -0.295      -0.247       0.000       0.247       0.295       0.387
    M7              -0.411      -0.313      -0.263       0.000       0.263       0.313       0.411
    M8              -0.403      -0.306      -0.257       0.000       0.257       0.306       0.403
    M9              -0.371      -0.282      -0.237       0.000       0.237       0.282       0.371
    M10             -0.390      -0.297      -0.249       0.000       0.249       0.297       0.390
    M11             -0.400      -0.304      -0.255       0.000       0.255       0.304       0.400
    M12             -0.352      -0.268      -0.225       0.000       0.225       0.268       0.352
    Y1               0.366       0.417       0.443       0.580       0.716       0.742       0.794
    Y2               0.482       0.540       0.570       0.727       0.883       0.913       0.972
    Y3               0.837       0.906       0.942       1.127       1.312       1.348       1.417
    X1M10           -0.176      -0.134      -0.112       0.000       0.112       0.134       0.176
    X2M11           -0.193      -0.147      -0.123       0.000       0.123       0.147       0.193
    X3M12           -0.191      -0.145      -0.122       0.000       0.122       0.145       0.191

 Variances
    X               -0.038      -0.004       0.013       0.102       0.191       0.208       0.241
    M                0.206       0.349       0.421       0.801       1.181       1.254       1.396
    XM              -0.148      -0.086      -0.055       0.109       0.272       0.304       0.365

 Residual Variances
    X1               0.089       0.110       0.120       0.176       0.231       0.242       0.263
    X2               0.032       0.063       0.079       0.163       0.247       0.263       0.294
    X3               0.009       0.042       0.059       0.148       0.237       0.254       0.287
    M1               1.823       1.938       1.997       2.303       2.610       2.669       2.784
    M2               1.388       1.551       1.635       2.072       2.508       2.592       2.755
    M3               1.541       1.673       1.740       2.092       2.444       2.511       2.643
    M4               2.149       2.287       2.357       2.726       3.094       3.165       3.303
    M5               1.897       2.021       2.084       2.415       2.746       2.809       2.933
    M6               1.407       1.542       1.611       1.972       2.332       2.401       2.536
    M7               1.555       1.709       1.787       2.198       2.608       2.687       2.841
    M8               1.216       1.380       1.464       1.903       2.342       2.426       2.590
    M9               1.207       1.336       1.401       1.744       2.087       2.153       2.281
    M10              0.827       1.016       1.113       1.618       2.123       2.220       2.409
    M11              0.782       0.944       1.027       1.459       1.891       1.974       2.135
    M12              0.548       0.673       0.736       1.069       1.401       1.465       1.589
    Y1               0.176       0.226       0.251       0.382       0.513       0.538       0.587
    Y2               0.341       0.405       0.438       0.611       0.784       0.817       0.882
    Y3               0.074       0.177       0.230       0.504       0.779       0.831       0.934
    X1M10            0.289       0.326       0.345       0.444       0.544       0.563       0.600
    X2M11            0.331       0.379       0.403       0.532       0.660       0.684       0.732
    X3M12            0.185       0.246       0.277       0.440       0.603       0.634       0.695
    Y                0.042       0.157       0.216       0.523       0.830       0.889       1.004

New/Additional Parameters
    VAR_Y            0.187       0.324       0.395       0.763       1.132       1.202       1.340
    STD_B1          -0.184      -0.023       0.059       0.487       0.915       0.997       1.157
    STD_B2          -0.581      -0.379      -0.275       0.266       0.807       0.911       1.114
    STD_B3          -0.882      -0.645      -0.523       0.112       0.748       0.869       1.107


TECHNICAL 1 OUTPUT


     PARAMETER SPECIFICATION


           NU
              X1            X2            X3            M1            M2
              ________      ________      ________      ________      ________
                  1             2             3             4             5


           NU
              M3            M4            M5            M6            M7
              ________      ________      ________      ________      ________
                  6             7             8             9            10


           NU
              M8            M9            M10           M11           M12
              ________      ________      ________      ________      ________
                 11            12            13            14            15


           NU
              Y1            Y2            Y3            X1M10         X2M11
              ________      ________      ________      ________      ________
                 16            17            18            19            20


           NU
              X3M12
              ________
                 21


           LAMBDA
              X             M             Y             XM
              ________      ________      ________      ________
 X1                22             0             0             0
 X2                23             0             0             0
 X3                 0             0             0             0
 M1                 0            24             0             0
 M2                 0            25             0             0
 M3                 0            26             0             0
 M4                 0            27             0             0
 M5                 0            28             0             0
 M6                 0            29             0             0
 M7                 0            30             0             0
 M8                 0            31             0             0
 M9                 0            32             0             0
 M10                0            33             0             0
 M11                0            34             0             0
 M12                0             0             0             0
 Y1                 0             0            35             0
 Y2                 0             0            36             0
 Y3                 0             0             0             0
 X1M10              0             0             0            37
 X2M11              0             0             0            38
 X3M12              0             0             0             0


           THETA
              X1            X2            X3            M1            M2
              ________      ________      ________      ________      ________
 X1                39
 X2                 0            40
 X3                 0             0            41
 M1                 0             0             0            42
 M2                 0             0             0             0            43
 M3                 0             0             0             0             0
 M4                 0             0             0             0             0
 M5                 0             0             0             0             0
 M6                 0             0             0             0             0
 M7                 0             0             0             0             0
 M8                 0             0             0             0             0
 M9                 0             0             0             0             0
 M10                0             0             0             0             0
 M11                0             0             0             0             0
 M12                0             0             0             0             0
 Y1                 0             0             0             0             0
 Y2                 0             0             0             0             0
 Y3                 0             0             0             0             0
 X1M10              0             0             0             0             0
 X2M11              0             0             0             0             0
 X3M12              0             0             0             0             0


           THETA
              M3            M4            M5            M6            M7
              ________      ________      ________      ________      ________
 M3                44
 M4                 0            45
 M5                 0             0            46
 M6                 0             0             0            47
 M7                 0             0             0             0            48
 M8                 0             0             0             0             0
 M9                 0             0             0             0             0
 M10                0             0             0             0             0
 M11                0             0             0             0             0
 M12                0             0             0             0             0
 Y1                 0             0             0             0             0
 Y2                 0             0             0             0             0
 Y3                 0             0             0             0             0
 X1M10              0             0             0             0             0
 X2M11              0             0             0             0             0
 X3M12              0             0             0             0             0


           THETA
              M8            M9            M10           M11           M12
              ________      ________      ________      ________      ________
 M8                49
 M9                 0            50
 M10                0             0            51
 M11                0             0             0            52
 M12                0             0             0             0            53
 Y1                 0             0             0             0             0
 Y2                 0             0             0             0             0
 Y3                 0             0             0             0             0
 X1M10              0             0             0             0             0
 X2M11              0             0             0             0             0
 X3M12              0             0             0             0             0


           THETA
              Y1            Y2            Y3            X1M10         X2M11
              ________      ________      ________      ________      ________
 Y1                54
 Y2                 0            55
 Y3                 0             0            56
 X1M10              0             0             0            57
 X2M11              0             0             0             0            58
 X3M12              0             0             0             0             0


           THETA
              X3M12
              ________
 X3M12             59


           ALPHA
              X             M             Y             XM
              ________      ________      ________      ________
                  0             0             0             0


           BETA
              X             M             Y             XM
              ________      ________      ________      ________
 X                  0             0             0             0
 M                  0             0             0             0
 Y                 60            61             0            62
 XM                 0             0             0             0


           PSI
              X             M             Y             XM
              ________      ________      ________      ________
 X                 63
 M                 64            65
 Y                  0             0            66
 XM                67            68             0            69


     PARAMETER SPECIFICATION FOR THE ADDITIONAL PARAMETERS


           New/Additional Parameters
              VAR_Y         STD_B1        STD_B2        STD_B3
              ________      ________      ________      ________
                   70            71            72            73


     STARTING VALUES


           NU
              X1            X2            X3            M1            M2
              ________      ________      ________      ________      ________
                0.000         0.000         0.000         0.000         0.000


           NU
              M3            M4            M5            M6            M7
              ________      ________      ________      ________      ________
                0.000         0.000         0.000         0.000         0.000


           NU
              M8            M9            M10           M11           M12
              ________      ________      ________      ________      ________
                0.000         0.000         0.000         0.000         0.000


           NU
              Y1            Y2            Y3            X1M10         X2M11
              ________      ________      ________      ________      ________
                0.580         0.727         1.127         0.000         0.000


           NU
              X3M12
              ________
                0.000


           LAMBDA
              X             M             Y             XM
              ________      ________      ________      ________
 X1             0.489         0.000         0.000         0.000
 X2             0.500         0.000         0.000         0.000
 X3             1.000         0.000         0.000         0.000
 M1             0.000         1.702         0.000         0.000
 M2             0.000         0.221         0.000         0.000
 M3             0.000         0.856         0.000         0.000
 M4             0.000         0.373         0.000         0.000
 M5             0.000        -0.740         0.000         0.000
 M6             0.000         0.929         0.000         0.000
 M7             0.000        -0.467         0.000         0.000
 M8             0.000         1.070         0.000         0.000
 M9             0.000         0.747         0.000         0.000
 M10            0.000         1.468         0.000         0.000
 M11            0.000         0.798         0.000         0.000
 M12            0.000         1.000         0.000         0.000
 Y1             0.000         0.000         0.595         0.000
 Y2             0.000         0.000         0.593         0.000
 Y3             0.000         0.000         1.000         0.000
 X1M10          0.000         0.000         0.000         3.329
 X2M11          0.000         0.000         0.000         3.506
 X3M12          0.000         0.000         0.000         1.000


           THETA
              X1            X2            X3            M1            M2
              ________      ________      ________      ________      ________
 X1             0.115
 X2             0.000         0.125
 X3             0.000         0.000         0.125
 M1             0.000         0.000         0.000         1.185
 M2             0.000         0.000         0.000         0.000         1.269
 M3             0.000         0.000         0.000         0.000         0.000
 M4             0.000         0.000         0.000         0.000         0.000
 M5             0.000         0.000         0.000         0.000         0.000
 M6             0.000         0.000         0.000         0.000         0.000
 M7             0.000         0.000         0.000         0.000         0.000
 M8             0.000         0.000         0.000         0.000         0.000
 M9             0.000         0.000         0.000         0.000         0.000
 M10            0.000         0.000         0.000         0.000         0.000
 M11            0.000         0.000         0.000         0.000         0.000
 M12            0.000         0.000         0.000         0.000         0.000
 Y1             0.000         0.000         0.000         0.000         0.000
 Y2             0.000         0.000         0.000         0.000         0.000
 Y3             0.000         0.000         0.000         0.000         0.000
 X1M10          0.000         0.000         0.000         0.000         0.000
 X2M11          0.000         0.000         0.000         0.000         0.000
 X3M12          0.000         0.000         0.000         0.000         0.000


           THETA
              M3            M4            M5            M6            M7
              ________      ________      ________      ________      ________
 M3             1.229
 M4             0.000         1.475
 M5             0.000         0.000         1.254
 M6             0.000         0.000         0.000         1.131
 M7             0.000         0.000         0.000         0.000         1.275
 M8             0.000         0.000         0.000         0.000         0.000
 M9             0.000         0.000         0.000         0.000         0.000
 M10            0.000         0.000         0.000         0.000         0.000
 M11            0.000         0.000         0.000         0.000         0.000
 M12            0.000         0.000         0.000         0.000         0.000
 Y1             0.000         0.000         0.000         0.000         0.000
 Y2             0.000         0.000         0.000         0.000         0.000
 Y3             0.000         0.000         0.000         0.000         0.000
 X1M10          0.000         0.000         0.000         0.000         0.000
 X2M11          0.000         0.000         0.000         0.000         0.000
 X3M12          0.000         0.000         0.000         0.000         0.000


           THETA
              M8            M9            M10           M11           M12
              ________      ________      ________      ________      ________
 M8             1.223
 M9             0.000         1.035
 M10            0.000         0.000         1.147
 M11            0.000         0.000         0.000         1.205
 M12            0.000         0.000         0.000         0.000         0.935
 Y1             0.000         0.000         0.000         0.000         0.000
 Y2             0.000         0.000         0.000         0.000         0.000
 Y3             0.000         0.000         0.000         0.000         0.000
 X1M10          0.000         0.000         0.000         0.000         0.000
 X2M11          0.000         0.000         0.000         0.000         0.000
 X3M12          0.000         0.000         0.000         0.000         0.000


           THETA
              Y1            Y2            Y3            X1M10         X2M11
              ________      ________      ________      ________      ________
 Y1             0.344
 Y2             0.000         0.453
 Y3             0.000         0.000         0.634
 X1M10          0.000         0.000         0.000         0.233
 X2M11          0.000         0.000         0.000         0.000         0.281
 X3M12          0.000         0.000         0.000         0.000         0.000


           THETA
              X3M12
              ________
 X3M12          0.274


           ALPHA
              X             M             Y             XM
              ________      ________      ________      ________
                0.000         0.000         0.000         0.000


           BETA
              X             M             Y             XM
              ________      ________      ________      ________
 X              0.000         0.000         0.000         0.000
 M              0.000         0.000         0.000         0.000
 Y              0.000         0.000         0.000         0.000
 XM             0.000         0.000         0.000         0.000


           PSI
              X             M             Y             XM
              ________      ________      ________      ________
 X              0.050
 M              0.000         0.050
 Y              0.000         0.000         0.050
 XM             0.000         0.000         0.000         0.050


     STARTING VALUES FOR THE ADDITIONAL PARAMETERS


           New/Additional Parameters
              VAR_Y         STD_B1        STD_B2        STD_B3
              ________      ________      ________      ________
                0.500         0.500         0.500         0.500


RESULTS SAVING INFORMATION

  Order of data

    Parameter estimates
     (saved in order shown in Technical 1 output)
    Standard errors
     (saved in order shown in Technical 1 output)
    Number of Free Parameters
    H0 Loglikelihood
    H0 Scaling Correction Factor for MLR
    H1 Loglikelihood
    H1 Scaling Correction Factor for MLR
    Akaike (AIC)
    Bayesian (BIC)
    Sample-Size Adjusted BIC
    Chi-square : Value
    Chi-square : Degrees of Freedom
    Chi-square : P-Value
    Chi-square : Scaling Correction Factor for MLR/MLM/WLSM
    CFI
    TLI
    RMSEA : Estimate
    RMSEA : Low CI
    RMSEA : High CI
    RMSEA : Probability
    SRMR
    Condition Number

  Save file
    matchupi_results_1331.dat

  Save file format           Free


     Beginning Time:  21:36:01
        Ending Time:  21:36:01
       Elapsed Time:  00:00:00



MUTHEN & MUTHEN
3463 Stoner Ave.
Los Angeles, CA  90066

Tel: (310) 391-9971
Fax: (310) 391-8971
Web: www.StatModel.com
Support: Support@StatModel.com

Copyright (c) 1998-2022 Muthen & Muthen
