Mplus VERSION 8.8 (Mac)
MUTHEN & MUTHEN
07/27/2025   9:50 PM

INPUT INSTRUCTIONS


    TITLE: Matched-pair Unconstrained Product Indicator

    DATA:
      FILE = matchupi_simdat_333.dat;
      FORMAT IS FREE;

    VARIABLE:
      NAMES = x1 x2 x3
      	    m1 m2 m3 m4 m5 m6
      	    m7 m8 m9 m10 m11 m12
      	    y1 y2 y3
      	    x1m10 x2m11 x3m12;
      USEVARIABLES = x1-x3m12;

    ANALYSIS:
      TYPE = general;
      ESTIMATOR = MLR;
    MODEL:
      !measurement model
      X BY x3 x2 x1;
      X (var_X);
      M BY m12 m11 m10 m9 m8 m7 m6 m5 m4 m3 m2 m1;
      M (var_M);
      Y BY y3 y2 y1;
      Y (resvar_Y);
      XM BY x3m12 x2m11 x1m10;
      XM (var_XM);

      !covariances between predictors
      X WITH M (cov_XM);
      X WITH XM (cov_XXM);
      M WITH XM (cov_MXM);

      !structural model
      Y ON X (b1);
      Y ON M (b2);
      Y ON XM (b3);

    MODEL CONSTRAINT:

      NEW(var_Y std_b1 std_b2 std_b3);
      var_Y = resvar_Y +
       (b1^2 * var_X +
        b2^2 * var_M +
        b3^2 * var_XM +
        2 * b1 * b2 * cov_XM +
        2 * b1 * b3 * cov_XXM +
        2 * b2 * b3 * cov_MXM);

        std_b1 = b1 * sqrt(var_X) / sqrt(var_Y);
        std_b2 = b2 * sqrt(var_M) / sqrt(var_Y);
        std_b3 = b3 * sqrt(var_X) * sqrt(var_M) / sqrt(var_Y);

    OUTPUT:
      sampstat tech1 CINTERVAL;

    SAVEDATA:
      RESULTS = matchupi_results_333.dat;




INPUT READING TERMINATED NORMALLY



Matched-pair Unconstrained Product Indicator

SUMMARY OF ANALYSIS

Number of groups                                                 1
Number of observations                                         250

Number of dependent variables                                   21
Number of independent variables                                  0
Number of continuous latent variables                            4

Observed dependent variables

  Continuous
   X1          X2          X3          M1          M2          M3
   M4          M5          M6          M7          M8          M9
   M10         M11         M12         Y1          Y2          Y3
   X1M10       X2M11       X3M12

Continuous latent variables
   X           M           Y           XM


Estimator                                                      MLR
Information matrix                                        OBSERVED
Maximum number of iterations                                  1000
Convergence criterion                                    0.500D-04
Maximum number of steepest descent iterations                   20

Input data file(s)
  matchupi_simdat_333.dat

Input data format  FREE


SAMPLE STATISTICS


     SAMPLE STATISTICS


           Means
              X1            X2            X3            M1            M2
              ________      ________      ________      ________      ________
                0.000         0.000         0.000         0.000         0.000


           Means
              M3            M4            M5            M6            M7
              ________      ________      ________      ________      ________
                0.000         0.000         0.000         0.000         0.000


           Means
              M8            M9            M10           M11           M12
              ________      ________      ________      ________      ________
                0.000         0.000         0.000         0.000         0.000


           Means
              Y1            Y2            Y3            X1M10         X2M11
              ________      ________      ________      ________      ________
                0.606         0.794         1.083         0.000         0.000


           Means
              X3M12
              ________
                0.000


           Covariances
              X1            X2            X3            M1            M2
              ________      ________      ________      ________      ________
 X1             0.250
 X2             0.072         0.250
 X3             0.070         0.088         0.250
 M1            -0.016         0.014         0.011         2.527
 M2             0.006        -0.089        -0.038         0.381         2.699
 M3             0.024        -0.008         0.040         0.234         0.173
 M4            -0.033        -0.023        -0.016         0.220         0.121
 M5            -0.030         0.085         0.071         0.038         0.114
 M6             0.064         0.147         0.068         0.340        -0.059
 M7             0.098         0.051         0.089         0.193         0.225
 M8             0.022         0.102         0.142         0.348        -0.052
 M9             0.138         0.158         0.038         0.211         0.352
 M10            0.100         0.147         0.109         0.072         0.311
 M11            0.082         0.165         0.099         0.115         0.018
 M12            0.110         0.113         0.086         0.235         0.293
 Y1             0.091         0.072         0.140         0.198         0.005
 Y2             0.092         0.072         0.084         0.189        -0.032
 Y3             0.063         0.122         0.135         0.233         0.006
 X1M10         -0.007        -0.008        -0.002         0.069         0.010
 X2M11         -0.020         0.005         0.011        -0.027         0.000
 X3M12          0.001         0.007        -0.001         0.009         0.080


           Covariances
              M3            M4            M5            M6            M7
              ________      ________      ________      ________      ________
 M3             2.768
 M4            -0.005         2.554
 M5             0.207         0.380         2.400
 M6             0.343         0.304         0.294         2.502
 M7             0.013         0.212         0.209         0.587         2.390
 M8             0.300         0.033         0.188         0.416         0.440
 M9             0.428         0.254         0.549         0.636         0.519
 M10            0.199         0.346         0.443         0.768         0.695
 M11            0.243         0.458         0.428         0.529         0.649
 M12            0.363         0.479         0.606         0.723         0.663
 Y1            -0.047        -0.015         0.121         0.196         0.220
 Y2             0.076         0.174         0.092         0.131         0.105
 Y3            -0.029         0.073         0.040         0.118         0.125
 X1M10          0.056         0.124        -0.040         0.039         0.079
 X2M11          0.024         0.018        -0.081         0.127        -0.001
 X3M12         -0.023         0.002         0.033         0.059         0.060


           Covariances
              M8            M9            M10           M11           M12
              ________      ________      ________      ________      ________
 M8             2.316
 M9             0.504         2.252
 M10            0.408         0.633         2.312
 M11            0.520         0.857         0.862         2.223
 M12            0.552         0.880         0.905         1.034         2.099
 Y1             0.136         0.174         0.149         0.189         0.221
 Y2             0.176         0.294         0.127         0.411         0.412
 Y3             0.138         0.147         0.202         0.370         0.181
 X1M10          0.047        -0.082         0.071         0.015        -0.001
 X2M11          0.032         0.034         0.108         0.052         0.064
 X3M12         -0.092        -0.067         0.035         0.075        -0.005


           Covariances
              Y1            Y2            Y3            X1M10         X2M11
              ________      ________      ________      ________      ________
 Y1             0.812
 Y2             0.364         1.084
 Y3             0.502         0.660         1.335
 X1M10          0.028         0.011         0.097         0.517
 X2M11         -0.007         0.013         0.021         0.088         0.530
 X3M12         -0.079        -0.037        -0.018         0.048         0.070


           Covariances
              X3M12
              ________
 X3M12          0.568


           Correlations
              X1            X2            X3            M1            M2
              ________      ________      ________      ________      ________
 X1             1.000
 X2             0.288         1.000
 X3             0.280         0.353         1.000
 M1            -0.020         0.017         0.014         1.000
 M2             0.007        -0.109        -0.047         0.146         1.000
 M3             0.029        -0.010         0.048         0.088         0.063
 M4            -0.042        -0.028        -0.021         0.087         0.046
 M5            -0.039         0.110         0.091         0.015         0.045
 M6             0.081         0.186         0.087         0.135        -0.023
 M7             0.127         0.066         0.115         0.078         0.089
 M8             0.029         0.134         0.187         0.144        -0.021
 M9             0.184         0.211         0.050         0.088         0.143
 M10            0.131         0.193         0.143         0.030         0.125
 M11            0.110         0.221         0.133         0.048         0.008
 M12            0.152         0.157         0.119         0.102         0.123
 Y1             0.203         0.160         0.311         0.139         0.003
 Y2             0.176         0.139         0.160         0.114        -0.019
 Y3             0.109         0.212         0.234         0.127         0.003
 X1M10         -0.021        -0.022        -0.006         0.061         0.008
 X2M11         -0.055         0.015         0.029        -0.023         0.000
 X3M12          0.002         0.017        -0.002         0.008         0.065


           Correlations
              M3            M4            M5            M6            M7
              ________      ________      ________      ________      ________
 M3             1.000
 M4            -0.002         1.000
 M5             0.080         0.154         1.000
 M6             0.130         0.120         0.120         1.000
 M7             0.005         0.086         0.087         0.240         1.000
 M8             0.118         0.013         0.080         0.173         0.187
 M9             0.172         0.106         0.236         0.268         0.224
 M10            0.079         0.142         0.188         0.319         0.295
 M11            0.098         0.192         0.185         0.224         0.282
 M12            0.151         0.207         0.270         0.315         0.296
 Y1            -0.031        -0.010         0.087         0.138         0.158
 Y2             0.044         0.104         0.057         0.080         0.065
 Y3            -0.015         0.039         0.022         0.064         0.070
 X1M10          0.047         0.108        -0.036         0.034         0.071
 X2M11          0.020         0.015        -0.072         0.110        -0.001
 X3M12         -0.019         0.002         0.028         0.049         0.051


           Correlations
              M8            M9            M10           M11           M12
              ________      ________      ________      ________      ________
 M8             1.000
 M9             0.221         1.000
 M10            0.176         0.277         1.000
 M11            0.229         0.383         0.380         1.000
 M12            0.250         0.405         0.411         0.478         1.000
 Y1             0.099         0.129         0.109         0.141         0.169
 Y2             0.111         0.188         0.081         0.265         0.273
 Y3             0.078         0.085         0.115         0.215         0.108
 X1M10          0.043        -0.076         0.065         0.014        -0.001
 X2M11          0.029         0.032         0.098         0.048         0.061
 X3M12         -0.080        -0.059         0.030         0.067        -0.005


           Correlations
              Y1            Y2            Y3            X1M10         X2M11
              ________      ________      ________      ________      ________
 Y1             1.000
 Y2             0.388         1.000
 Y3             0.482         0.549         1.000
 X1M10          0.044         0.015         0.117         1.000
 X2M11         -0.011         0.017         0.025         0.168         1.000
 X3M12         -0.116        -0.047        -0.021         0.089         0.128


           Correlations
              X3M12
              ________
 X3M12          1.000


UNIVARIATE SAMPLE STATISTICS


     UNIVARIATE HIGHER-ORDER MOMENT DESCRIPTIVE STATISTICS

         Variable/         Mean/     Skewness/   Minimum/ % with                Percentiles
        Sample Size      Variance    Kurtosis    Maximum  Min/Max      20%/60%    40%/80%    Median

     X1                    0.000       0.016      -0.496   50.40%      -0.496     -0.496     -0.496
             250.000       0.250      -2.000       0.504   49.60%       0.504      0.504
     X2                    0.000       0.064      -0.484   51.60%      -0.484     -0.484     -0.484
             250.000       0.250      -1.996       0.516   48.40%       0.516      0.516
     X3                    0.000      -0.048      -0.512   48.80%      -0.512     -0.512      0.488
             250.000       0.250      -1.998       0.488   51.20%       0.488      0.488
     M1                    0.000      -0.080      -2.096   25.60%      -2.096     -1.096     -0.096
             250.000       2.527      -1.545       1.904   30.80%       0.904      1.904
     M2                    0.000      -0.047      -2.036   30.40%      -2.036     -1.036     -0.036
             250.000       2.699      -1.613       1.964   31.20%       0.964      1.964
     M3                    0.000       0.031      -1.984   31.20%      -1.984     -0.984      0.016
             250.000       2.768      -1.654       2.016   31.60%       1.016      2.016
     M4                    0.000      -0.200      -2.204   24.40%      -2.204     -0.204     -0.204
             250.000       2.554      -1.531       1.796   33.60%       0.796      1.796
     M5                    0.000       0.068      -1.940   27.20%      -1.940     -0.940      0.060
             250.000       2.400      -1.490       2.060   25.20%       0.060      2.060
     M6                    0.000       0.017      -1.960   29.60%      -1.960     -0.960      0.040
             250.000       2.502      -1.529       2.040   26.40%       1.040      2.040
     M7                    0.000      -0.062      -2.076   24.00%      -2.076     -1.076     -0.076
             250.000       2.390      -1.491       1.924   28.00%       0.924      1.924
     M8                    0.000      -0.034      -1.996   25.60%      -1.996     -0.996      0.004
             250.000       2.316      -1.477       2.004   23.20%       1.004      2.004
     M9                    0.000       0.015      -2.012   22.40%      -2.012     -1.012     -0.012
             250.000       2.252      -1.449       1.988   24.40%       0.988      1.988
     M10                   0.000       0.046      -1.912   27.60%      -1.912     -0.912      0.088
             250.000       2.312      -1.471       2.088   21.60%       1.088      2.088
     M11                   0.000       0.102      -1.932   24.00%      -1.932     -0.932      0.068
             250.000       2.223      -1.397       2.068   23.20%       0.068      2.068
     M12                   0.000       0.015      -1.964   23.20%      -1.964      0.036      0.036
             250.000       2.099      -1.327       2.036   20.80%       0.036      2.036
     Y1                    0.606      -0.277      -2.743    0.40%      -0.126      0.427      0.611
             250.000       0.812       0.773       3.196    0.40%       0.809      1.346
     Y2                    0.794      -0.203      -2.022    0.40%      -0.088      0.524      0.804
             250.000       1.084      -0.150       3.231    0.40%       1.130      1.706
     Y3                    1.083      -0.085      -2.026    0.40%       0.132      0.755      1.023
             250.000       1.335      -0.192       4.403    0.40%       1.396      2.169
     X1M10                 0.000      -0.158      -1.129    8.40%      -0.617     -0.105     -0.069
             250.000       0.517      -1.286       0.919   13.20%       0.407      0.907
     X2M11                 0.000      -0.338      -1.166    8.40%      -0.682     -0.130      0.286
             250.000       0.530      -1.219       0.902   14.80%       0.286      0.770
     X3M12                 0.000      -0.218      -1.135    8.80%      -1.063     -0.143     -0.055
             250.000       0.568      -1.406       0.953   12.80%       0.353      0.849


     THIS ANALYSIS MAY HAVE MULTIPLE SOLUTIONS.  EXPLORE THIS USING RANDOM STARTS,
     FOR EXAMPLE, STARTS = 20.  USE A LARGE ENOUGH NUMBER OF STARTS SO THAT THE
     BEST FIT FUNCTION VALUE IS REPLICATED SEVERAL TIMES.


THE MODEL ESTIMATION TERMINATED NORMALLY

     THE STANDARD ERRORS OF THE MODEL PARAMETER ESTIMATES MAY NOT BE
     TRUSTWORTHY FOR SOME PARAMETERS DUE TO A NON-POSITIVE DEFINITE
     FIRST-ORDER DERIVATIVE PRODUCT MATRIX.  THIS MAY BE DUE TO THE STARTING
     VALUES BUT MAY ALSO BE AN INDICATION OF MODEL NONIDENTIFICATION.  THE
     CONDITION NUMBER IS       0.195D-15.  PROBLEM INVOLVING THE FOLLOWING PARAMETER:
     Parameter 67, XM WITH X (equality/label)

     THIS IS MOST LIKELY DUE TO VARIABLE X1 BEING DICHOTOMOUS BUT
     DECLARED AS CONTINUOUS.




MODEL FIT INFORMATION

Number of Free Parameters                       69

Loglikelihood

          H0 Value                       -7721.227
          H0 Scaling Correction Factor      0.8612
            for MLR
          H1 Value                       -7631.622
          H1 Scaling Correction Factor      0.9675
            for MLR

Information Criteria

          Akaike (AIC)                   15580.453
          Bayesian (BIC)                 15823.434
          Sample-Size Adjusted BIC       15604.698
            (n* = (n + 2) / 24)

Chi-Square Test of Model Fit

          Value                            177.873*
          Degrees of Freedom                   183
          P-Value                           0.5931
          Scaling Correction Factor         1.0075
            for MLR

*   The chi-square value for MLM, MLMV, MLR, ULSMV, WLSM and WLSMV cannot be used
    for chi-square difference testing in the regular way.  MLM, MLR and WLSM
    chi-square difference testing is described on the Mplus website.  MLMV, WLSMV,
    and ULSMV difference testing is done using the DIFFTEST option.

RMSEA (Root Mean Square Error Of Approximation)

          Estimate                           0.000
          90 Percent C.I.                    0.000  0.026
          Probability RMSEA <= .05           1.000

CFI/TLI

          CFI                                1.000
          TLI                                1.000

Chi-Square Test of Model Fit for the Baseline Model

          Value                            792.211
          Degrees of Freedom                   210
          P-Value                           0.0000

SRMR (Standardized Root Mean Square Residual)

          Value                              0.045



MODEL RESULTS

                                                    Two-Tailed
                    Estimate       S.E.  Est./S.E.    P-Value

 X        BY
    X3                 1.000      0.000    999.000    999.000
    X2                 1.015      0.215      4.725      0.000
    X1                 0.806      0.174      4.641      0.000

 M        BY
    M12                1.000      0.000    999.000    999.000
    M11                0.920      0.085     10.859      0.000
    M10                0.838      0.090      9.341      0.000
    M9                 0.813      0.094      8.666      0.000
    M8                 0.519      0.097      5.361      0.000
    M7                 0.639      0.093      6.891      0.000
    M6                 0.686      0.097      7.049      0.000
    M5                 0.484      0.101      4.779      0.000
    M4                 0.380      0.109      3.500      0.000
    M3                 0.307      0.113      2.706      0.007
    M2                 0.201      0.108      1.856      0.063
    M1                 0.235      0.108      2.183      0.029

 Y        BY
    Y3                 1.000      0.000    999.000    999.000
    Y2                 0.791      0.094      8.381      0.000
    Y1                 0.613      0.090      6.845      0.000

 XM       BY
    X3M12              1.000      0.000    999.000    999.000
    X2M11              2.013      1.495      1.347      0.178
    X1M10              1.327      0.999      1.327      0.184

 Y        ON
    X                  1.241      0.337      3.681      0.000
    M                  0.141      0.085      1.646      0.100
    XM                 0.200      0.793      0.252      0.801

 X        WITH
    M                  0.125      0.029      4.260      0.000
    XM                 0.000      0.009     -0.054      0.957

 M        WITH
    XM                 0.027      0.031      0.868      0.386

 Intercepts
    X1                 0.000      0.032      0.000      1.000
    X2                 0.000      0.032      0.000      1.000
    X3                 0.000      0.032      0.000      1.000
    M1                 0.000      0.101      0.000      1.000
    M2                 0.000      0.104      0.000      1.000
    M3                 0.000      0.105      0.000      1.000
    M4                 0.000      0.101      0.000      1.000
    M5                 0.000      0.098      0.000      1.000
    M6                 0.000      0.100      0.000      1.000
    M7                 0.000      0.098      0.000      1.000
    M8                 0.000      0.096      0.000      1.000
    M9                 0.000      0.095      0.000      1.000
    M10                0.000      0.096      0.000      1.000
    M11                0.000      0.094      0.000      1.000
    M12                0.000      0.092      0.000      1.000
    Y1                 0.606      0.057     10.640      0.000
    Y2                 0.794      0.066     12.064      0.000
    Y3                 1.083      0.073     14.816      0.000
    X1M10              0.000      0.045      0.000      1.000
    X2M11              0.000      0.046      0.000      1.000
    X3M12              0.000      0.048      0.000      1.000

 Variances
    X                  0.087      0.023      3.739      0.000
    M                  1.095      0.139      7.883      0.000
    XM                 0.034      0.034      1.010      0.313

 Residual Variances
    X1                 0.193      0.018     10.845      0.000
    X2                 0.160      0.023      6.823      0.000
    X3                 0.163      0.023      6.986      0.000
    M1                 2.466      0.113     21.815      0.000
    M2                 2.654      0.111     23.998      0.000
    M3                 2.665      0.122     21.807      0.000
    M4                 2.396      0.132     18.202      0.000
    M5                 2.143      0.134     16.015      0.000
    M6                 1.988      0.151     13.170      0.000
    M7                 1.943      0.133     14.585      0.000
    M8                 2.021      0.134     15.133      0.000
    M9                 1.529      0.147     10.369      0.000
    M10                1.543      0.145     10.650      0.000
    M11                1.297      0.140      9.243      0.000
    M12                1.004      0.125      8.000      0.000
    Y1                 0.506      0.080      6.305      0.000
    Y2                 0.575      0.089      6.437      0.000
    Y3                 0.522      0.100      5.222      0.000
    X1M10              0.457      0.074      6.146      0.000
    X2M11              0.393      0.130      3.017      0.003
    X3M12              0.535      0.041     13.147      0.000
    Y                  0.611      0.125      4.899      0.000

New/Additional Parameters
    VAR_Y              0.813      0.129      6.325      0.000
    STD_B1             0.406      0.107      3.814      0.000
    STD_B2             0.163      0.100      1.634      0.102
    STD_B3             0.068      0.273      0.251      0.802


QUALITY OF NUMERICAL RESULTS

     Condition Number for the Information Matrix              0.221E-04
       (ratio of smallest to largest eigenvalue)


CONFIDENCE INTERVALS OF MODEL RESULTS

                  Lower .5%  Lower 2.5%    Lower 5%    Estimate    Upper 5%  Upper 2.5%   Upper .5%

 X        BY
    X3               1.000       1.000       1.000       1.000       1.000       1.000       1.000
    X2               0.462       0.594       0.662       1.015       1.369       1.436       1.568
    X1               0.359       0.466       0.520       0.806       1.092       1.147       1.254

 M        BY
    M12              1.000       1.000       1.000       1.000       1.000       1.000       1.000
    M11              0.702       0.754       0.781       0.920       1.059       1.086       1.138
    M10              0.607       0.662       0.690       0.838       0.986       1.014       1.069
    M9               0.571       0.629       0.658       0.813       0.967       0.996       1.054
    M8               0.270       0.330       0.360       0.519       0.679       0.709       0.769
    M7               0.400       0.457       0.486       0.639       0.791       0.821       0.878
    M6               0.435       0.495       0.526       0.686       0.846       0.876       0.936
    M5               0.223       0.286       0.318       0.484       0.651       0.683       0.746
    M4               0.100       0.167       0.202       0.380       0.559       0.593       0.660
    M3               0.015       0.085       0.120       0.307       0.493       0.529       0.599
    M2              -0.078      -0.011       0.023       0.201       0.380       0.414       0.481
    M1              -0.042       0.024       0.058       0.235       0.413       0.447       0.513

 Y        BY
    Y3               1.000       1.000       1.000       1.000       1.000       1.000       1.000
    Y2               0.548       0.606       0.636       0.791       0.946       0.976       1.034
    Y1               0.383       0.438       0.466       0.613       0.761       0.789       0.844

 XM       BY
    X3M12            1.000       1.000       1.000       1.000       1.000       1.000       1.000
    X2M11           -1.837      -0.917      -0.446       2.013       4.472       4.943       5.863
    X1M10           -1.248      -0.632      -0.317       1.327       2.971       3.286       3.901

 Y        ON
    X                0.373       0.580       0.686       1.241       1.795       1.901       2.109
    M               -0.079      -0.027       0.000       0.141       0.281       0.308       0.361
    XM              -1.844      -1.355      -1.105       0.200       1.505       1.755       2.243

 X        WITH
    M                0.049       0.067       0.077       0.125       0.173       0.182       0.200
    XM              -0.023      -0.017      -0.015       0.000       0.014       0.017       0.022

 M        WITH
    XM              -0.053      -0.034      -0.024       0.027       0.078       0.087       0.107

 Intercepts
    X1              -0.081      -0.062      -0.052       0.000       0.052       0.062       0.081
    X2              -0.081      -0.062      -0.052       0.000       0.052       0.062       0.081
    X3              -0.081      -0.062      -0.052       0.000       0.052       0.062       0.081
    M1              -0.259      -0.197      -0.165       0.000       0.165       0.197       0.259
    M2              -0.268      -0.204      -0.171       0.000       0.171       0.204       0.268
    M3              -0.271      -0.206      -0.173       0.000       0.173       0.206       0.271
    M4              -0.260      -0.198      -0.166       0.000       0.166       0.198       0.260
    M5              -0.252      -0.192      -0.161       0.000       0.161       0.192       0.252
    M6              -0.258      -0.196      -0.165       0.000       0.165       0.196       0.258
    M7              -0.252      -0.192      -0.161       0.000       0.161       0.192       0.252
    M8              -0.248      -0.189      -0.158       0.000       0.158       0.189       0.248
    M9              -0.244      -0.186      -0.156       0.000       0.156       0.186       0.244
    M10             -0.248      -0.188      -0.158       0.000       0.158       0.188       0.248
    M11             -0.243      -0.185      -0.155       0.000       0.155       0.185       0.243
    M12             -0.236      -0.180      -0.151       0.000       0.151       0.180       0.236
    Y1               0.459       0.495       0.513       0.606       0.700       0.718       0.753
    Y2               0.625       0.665       0.686       0.794       0.903       0.923       0.964
    Y3               0.894       0.939       0.962       1.083       1.203       1.226       1.271
    X1M10           -0.117      -0.089      -0.075       0.000       0.075       0.089       0.117
    X2M11           -0.119      -0.090      -0.076       0.000       0.076       0.090       0.119
    X3M12           -0.123      -0.093      -0.078       0.000       0.078       0.093       0.123

 Variances
    X                0.027       0.041       0.049       0.087       0.125       0.133       0.147
    M                0.737       0.823       0.866       1.095       1.323       1.367       1.453
    XM              -0.053      -0.032      -0.021       0.034       0.089       0.100       0.120

 Residual Variances
    X1               0.147       0.158       0.164       0.193       0.223       0.228       0.239
    X2               0.100       0.114       0.121       0.160       0.199       0.206       0.220
    X3               0.103       0.117       0.124       0.163       0.201       0.208       0.223
    M1               2.175       2.245       2.280       2.466       2.652       2.688       2.757
    M2               2.369       2.438       2.472       2.654       2.836       2.871       2.939
    M3               2.350       2.425       2.464       2.665       2.866       2.904       2.979
    M4               2.057       2.138       2.179       2.396       2.613       2.654       2.735
    M5               1.799       1.881       1.923       2.143       2.364       2.406       2.488
    M6               1.599       1.692       1.739       1.988       2.236       2.283       2.376
    M7               1.600       1.682       1.724       1.943       2.162       2.204       2.286
    M8               1.677       1.759       1.801       2.021       2.240       2.282       2.364
    M9               1.149       1.240       1.286       1.529       1.771       1.818       1.908
    M10              1.170       1.259       1.305       1.543       1.782       1.827       1.917
    M11              0.935       1.022       1.066       1.297       1.528       1.572       1.658
    M12              0.681       0.758       0.797       1.004       1.210       1.250       1.327
    Y1               0.299       0.349       0.374       0.506       0.638       0.663       0.713
    Y2               0.345       0.400       0.428       0.575       0.722       0.750       0.805
    Y3               0.265       0.326       0.358       0.522       0.686       0.718       0.779
    X1M10            0.266       0.311       0.335       0.457       0.580       0.603       0.649
    X2M11            0.057       0.138       0.179       0.393       0.607       0.648       0.728
    X3M12            0.430       0.455       0.468       0.535       0.601       0.614       0.639
    Y                0.290       0.366       0.406       0.611       0.816       0.855       0.932

New/Additional Parameters
    VAR_Y            0.482       0.561       0.601       0.813       1.024       1.065       1.144
    STD_B1           0.132       0.197       0.231       0.406       0.581       0.615       0.681
    STD_B2          -0.094      -0.033      -0.001       0.163       0.328       0.359       0.421
    STD_B3          -0.633      -0.466      -0.380       0.068       0.517       0.603       0.770


TECHNICAL 1 OUTPUT


     PARAMETER SPECIFICATION


           NU
              X1            X2            X3            M1            M2
              ________      ________      ________      ________      ________
                  1             2             3             4             5


           NU
              M3            M4            M5            M6            M7
              ________      ________      ________      ________      ________
                  6             7             8             9            10


           NU
              M8            M9            M10           M11           M12
              ________      ________      ________      ________      ________
                 11            12            13            14            15


           NU
              Y1            Y2            Y3            X1M10         X2M11
              ________      ________      ________      ________      ________
                 16            17            18            19            20


           NU
              X3M12
              ________
                 21


           LAMBDA
              X             M             Y             XM
              ________      ________      ________      ________
 X1                22             0             0             0
 X2                23             0             0             0
 X3                 0             0             0             0
 M1                 0            24             0             0
 M2                 0            25             0             0
 M3                 0            26             0             0
 M4                 0            27             0             0
 M5                 0            28             0             0
 M6                 0            29             0             0
 M7                 0            30             0             0
 M8                 0            31             0             0
 M9                 0            32             0             0
 M10                0            33             0             0
 M11                0            34             0             0
 M12                0             0             0             0
 Y1                 0             0            35             0
 Y2                 0             0            36             0
 Y3                 0             0             0             0
 X1M10              0             0             0            37
 X2M11              0             0             0            38
 X3M12              0             0             0             0


           THETA
              X1            X2            X3            M1            M2
              ________      ________      ________      ________      ________
 X1                39
 X2                 0            40
 X3                 0             0            41
 M1                 0             0             0            42
 M2                 0             0             0             0            43
 M3                 0             0             0             0             0
 M4                 0             0             0             0             0
 M5                 0             0             0             0             0
 M6                 0             0             0             0             0
 M7                 0             0             0             0             0
 M8                 0             0             0             0             0
 M9                 0             0             0             0             0
 M10                0             0             0             0             0
 M11                0             0             0             0             0
 M12                0             0             0             0             0
 Y1                 0             0             0             0             0
 Y2                 0             0             0             0             0
 Y3                 0             0             0             0             0
 X1M10              0             0             0             0             0
 X2M11              0             0             0             0             0
 X3M12              0             0             0             0             0


           THETA
              M3            M4            M5            M6            M7
              ________      ________      ________      ________      ________
 M3                44
 M4                 0            45
 M5                 0             0            46
 M6                 0             0             0            47
 M7                 0             0             0             0            48
 M8                 0             0             0             0             0
 M9                 0             0             0             0             0
 M10                0             0             0             0             0
 M11                0             0             0             0             0
 M12                0             0             0             0             0
 Y1                 0             0             0             0             0
 Y2                 0             0             0             0             0
 Y3                 0             0             0             0             0
 X1M10              0             0             0             0             0
 X2M11              0             0             0             0             0
 X3M12              0             0             0             0             0


           THETA
              M8            M9            M10           M11           M12
              ________      ________      ________      ________      ________
 M8                49
 M9                 0            50
 M10                0             0            51
 M11                0             0             0            52
 M12                0             0             0             0            53
 Y1                 0             0             0             0             0
 Y2                 0             0             0             0             0
 Y3                 0             0             0             0             0
 X1M10              0             0             0             0             0
 X2M11              0             0             0             0             0
 X3M12              0             0             0             0             0


           THETA
              Y1            Y2            Y3            X1M10         X2M11
              ________      ________      ________      ________      ________
 Y1                54
 Y2                 0            55
 Y3                 0             0            56
 X1M10              0             0             0            57
 X2M11              0             0             0             0            58
 X3M12              0             0             0             0             0


           THETA
              X3M12
              ________
 X3M12             59


           ALPHA
              X             M             Y             XM
              ________      ________      ________      ________
                  0             0             0             0


           BETA
              X             M             Y             XM
              ________      ________      ________      ________
 X                  0             0             0             0
 M                  0             0             0             0
 Y                 60            61             0            62
 XM                 0             0             0             0


           PSI
              X             M             Y             XM
              ________      ________      ________      ________
 X                 63
 M                 64            65
 Y                  0             0            66
 XM                67            68             0            69


     PARAMETER SPECIFICATION FOR THE ADDITIONAL PARAMETERS


           New/Additional Parameters
              VAR_Y         STD_B1        STD_B2        STD_B3
              ________      ________      ________      ________
                   70            71            72            73


     STARTING VALUES


           NU
              X1            X2            X3            M1            M2
              ________      ________      ________      ________      ________
                0.000         0.000         0.000         0.000         0.000


           NU
              M3            M4            M5            M6            M7
              ________      ________      ________      ________      ________
                0.000         0.000         0.000         0.000         0.000


           NU
              M8            M9            M10           M11           M12
              ________      ________      ________      ________      ________
                0.000         0.000         0.000         0.000         0.000


           NU
              Y1            Y2            Y3            X1M10         X2M11
              ________      ________      ________      ________      ________
                0.606         0.794         1.083         0.000         0.000


           NU
              X3M12
              ________
                0.000


           LAMBDA
              X             M             Y             XM
              ________      ________      ________      ________
 X1             0.816         0.000         0.000         0.000
 X2             1.027         0.000         0.000         0.000
 X3             1.000         0.000         0.000         0.000
 M1             0.000         0.868         0.000         0.000
 M2             0.000         0.133         0.000         0.000
 M3             0.000         0.528         0.000         0.000
 M4             0.000         0.257         0.000         0.000
 M5             0.000         0.475         0.000         0.000
 M6             0.000         0.642         0.000         0.000
 M7             0.000         0.705         0.000         0.000
 M8             0.000         0.504         0.000         0.000
 M9             0.000         0.994         0.000         0.000
 M10            0.000         1.050         0.000         0.000
 M11            0.000         0.726         0.000         0.000
 M12            0.000         1.000         0.000         0.000
 Y1             0.000         0.000         0.551         0.000
 Y2             0.000         0.000         0.725         0.000
 Y3             0.000         0.000         1.000         0.000
 X1M10          0.000         0.000         0.000         1.257
 X2M11          0.000         0.000         0.000         1.835
 X3M12          0.000         0.000         0.000         1.000


           THETA
              X1            X2            X3            M1            M2
              ________      ________      ________      ________      ________
 X1             0.125
 X2             0.000         0.125
 X3             0.000         0.000         0.125
 M1             0.000         0.000         0.000         1.263
 M2             0.000         0.000         0.000         0.000         1.349
 M3             0.000         0.000         0.000         0.000         0.000
 M4             0.000         0.000         0.000         0.000         0.000
 M5             0.000         0.000         0.000         0.000         0.000
 M6             0.000         0.000         0.000         0.000         0.000
 M7             0.000         0.000         0.000         0.000         0.000
 M8             0.000         0.000         0.000         0.000         0.000
 M9             0.000         0.000         0.000         0.000         0.000
 M10            0.000         0.000         0.000         0.000         0.000
 M11            0.000         0.000         0.000         0.000         0.000
 M12            0.000         0.000         0.000         0.000         0.000
 Y1             0.000         0.000         0.000         0.000         0.000
 Y2             0.000         0.000         0.000         0.000         0.000
 Y3             0.000         0.000         0.000         0.000         0.000
 X1M10          0.000         0.000         0.000         0.000         0.000
 X2M11          0.000         0.000         0.000         0.000         0.000
 X3M12          0.000         0.000         0.000         0.000         0.000


           THETA
              M3            M4            M5            M6            M7
              ________      ________      ________      ________      ________
 M3             1.384
 M4             0.000         1.277
 M5             0.000         0.000         1.200
 M6             0.000         0.000         0.000         1.251
 M7             0.000         0.000         0.000         0.000         1.195
 M8             0.000         0.000         0.000         0.000         0.000
 M9             0.000         0.000         0.000         0.000         0.000
 M10            0.000         0.000         0.000         0.000         0.000
 M11            0.000         0.000         0.000         0.000         0.000
 M12            0.000         0.000         0.000         0.000         0.000
 Y1             0.000         0.000         0.000         0.000         0.000
 Y2             0.000         0.000         0.000         0.000         0.000
 Y3             0.000         0.000         0.000         0.000         0.000
 X1M10          0.000         0.000         0.000         0.000         0.000
 X2M11          0.000         0.000         0.000         0.000         0.000
 X3M12          0.000         0.000         0.000         0.000         0.000


           THETA
              M8            M9            M10           M11           M12
              ________      ________      ________      ________      ________
 M8             1.158
 M9             0.000         1.126
 M10            0.000         0.000         1.156
 M11            0.000         0.000         0.000         1.112
 M12            0.000         0.000         0.000         0.000         1.049
 Y1             0.000         0.000         0.000         0.000         0.000
 Y2             0.000         0.000         0.000         0.000         0.000
 Y3             0.000         0.000         0.000         0.000         0.000
 X1M10          0.000         0.000         0.000         0.000         0.000
 X2M11          0.000         0.000         0.000         0.000         0.000
 X3M12          0.000         0.000         0.000         0.000         0.000


           THETA
              Y1            Y2            Y3            X1M10         X2M11
              ________      ________      ________      ________      ________
 Y1             0.406
 Y2             0.000         0.542
 Y3             0.000         0.000         0.667
 X1M10          0.000         0.000         0.000         0.258
 X2M11          0.000         0.000         0.000         0.000         0.265
 X3M12          0.000         0.000         0.000         0.000         0.000


           THETA
              X3M12
              ________
 X3M12          0.284


           ALPHA
              X             M             Y             XM
              ________      ________      ________      ________
                0.000         0.000         0.000         0.000


           BETA
              X             M             Y             XM
              ________      ________      ________      ________
 X              0.000         0.000         0.000         0.000
 M              0.000         0.000         0.000         0.000
 Y              0.000         0.000         0.000         0.000
 XM             0.000         0.000         0.000         0.000


           PSI
              X             M             Y             XM
              ________      ________      ________      ________
 X              0.050
 M              0.000         0.050
 Y              0.000         0.000         0.050
 XM             0.000         0.000         0.000         0.050


     STARTING VALUES FOR THE ADDITIONAL PARAMETERS


           New/Additional Parameters
              VAR_Y         STD_B1        STD_B2        STD_B3
              ________      ________      ________      ________
                0.500         0.500         0.500         0.500


RESULTS SAVING INFORMATION

  Order of data

    Parameter estimates
     (saved in order shown in Technical 1 output)
    Standard errors
     (saved in order shown in Technical 1 output)
    Number of Free Parameters
    H0 Loglikelihood
    H0 Scaling Correction Factor for MLR
    H1 Loglikelihood
    H1 Scaling Correction Factor for MLR
    Akaike (AIC)
    Bayesian (BIC)
    Sample-Size Adjusted BIC
    Chi-square : Value
    Chi-square : Degrees of Freedom
    Chi-square : P-Value
    Chi-square : Scaling Correction Factor for MLR/MLM/WLSM
    CFI
    TLI
    RMSEA : Estimate
    RMSEA : Low CI
    RMSEA : High CI
    RMSEA : Probability
    SRMR
    Condition Number

  Save file
    matchupi_results_333.dat

  Save file format           Free


     Beginning Time:  21:50:58
        Ending Time:  21:50:59
       Elapsed Time:  00:00:01



MUTHEN & MUTHEN
3463 Stoner Ave.
Los Angeles, CA  90066

Tel: (310) 391-9971
Fax: (310) 391-8971
Web: www.StatModel.com
Support: Support@StatModel.com

Copyright (c) 1998-2022 Muthen & Muthen
