Mplus VERSION 8.8 (Mac)
MUTHEN & MUTHEN
07/27/2025   3:06 PM

INPUT INSTRUCTIONS


    TITLE: Matched-pair Unconstrained Product Indicator

    DATA:
      FILE = matchupi_simdat_545.dat;
      FORMAT IS FREE;

    VARIABLE:
      NAMES = x1 x2 x3
      	    m1 m2 m3 m4 m5 m6
      	    m7 m8 m9 m10 m11 m12
      	    y1 y2 y3
      	    x1m10 x2m11 x3m12;
      USEVARIABLES = x1-x3m12;

    ANALYSIS:
      TYPE = general;
      ESTIMATOR = MLR;
    MODEL:
      !measurement model
      X BY x3 x2 x1;
      X (var_X);
      M BY m12 m11 m10 m9 m8 m7 m6 m5 m4 m3 m2 m1;
      M (var_M);
      Y BY y3 y2 y1;
      Y (resvar_Y);
      XM BY x3m12 x2m11 x1m10;
      XM (var_XM);

      !covariances between predictors
      X WITH M (cov_XM);
      X WITH XM (cov_XXM);
      M WITH XM (cov_MXM);

      !structural model
      Y ON X (b1);
      Y ON M (b2);
      Y ON XM (b3);

    MODEL CONSTRAINT:

      NEW(var_Y std_b1 std_b2 std_b3);
      var_Y = resvar_Y +
       (b1^2 * var_X +
        b2^2 * var_M +
        b3^2 * var_XM +
        2 * b1 * b2 * cov_XM +
        2 * b1 * b3 * cov_XXM +
        2 * b2 * b3 * cov_MXM);

        std_b1 = b1 * sqrt(var_X) / sqrt(var_Y);
        std_b2 = b2 * sqrt(var_M) / sqrt(var_Y);
        std_b3 = b3 * sqrt(var_X) * sqrt(var_M) / sqrt(var_Y);

    OUTPUT:
      sampstat tech1 CINTERVAL;

    SAVEDATA:
      RESULTS = matchupi_results_545.dat;




INPUT READING TERMINATED NORMALLY



Matched-pair Unconstrained Product Indicator

SUMMARY OF ANALYSIS

Number of groups                                                 1
Number of observations                                         100

Number of dependent variables                                   21
Number of independent variables                                  0
Number of continuous latent variables                            4

Observed dependent variables

  Continuous
   X1          X2          X3          M1          M2          M3
   M4          M5          M6          M7          M8          M9
   M10         M11         M12         Y1          Y2          Y3
   X1M10       X2M11       X3M12

Continuous latent variables
   X           M           Y           XM


Estimator                                                      MLR
Information matrix                                        OBSERVED
Maximum number of iterations                                  1000
Convergence criterion                                    0.500D-04
Maximum number of steepest descent iterations                   20

Input data file(s)
  matchupi_simdat_545.dat

Input data format  FREE


SAMPLE STATISTICS


     SAMPLE STATISTICS


           Means
              X1            X2            X3            M1            M2
              ________      ________      ________      ________      ________
                0.000         0.000         0.000         0.000         0.000


           Means
              M3            M4            M5            M6            M7
              ________      ________      ________      ________      ________
                0.000         0.000         0.000         0.000         0.000


           Means
              M8            M9            M10           M11           M12
              ________      ________      ________      ________      ________
                0.000         0.000         0.000         0.000         0.000


           Means
              Y1            Y2            Y3            X1M10         X2M11
              ________      ________      ________      ________      ________
                0.523         0.871         1.114         0.000         0.000


           Means
              X3M12
              ________
                0.000


           Covariances
              X1            X2            X3            M1            M2
              ________      ________      ________      ________      ________
 X1             0.250
 X2             0.064         0.248
 X3             0.060         0.085         0.250
 M1            -0.010         0.001         0.070         2.680
 M2            -0.001        -0.074         0.085        -0.094         2.706
 M3             0.167         0.031        -0.005         0.298        -0.203
 M4             0.109         0.038        -0.110         0.091         0.038
 M5            -0.072        -0.004        -0.020         0.342        -0.203
 M6            -0.002        -0.035         0.010         0.262         0.331
 M7            -0.065         0.163         0.110         0.255         0.295
 M8            -0.019         0.031        -0.165         0.074        -0.075
 M9             0.035        -0.052         0.070         0.025         0.240
 M10           -0.051        -0.022         0.090         0.001         0.508
 M11            0.008         0.152         0.055         0.257         0.488
 M12            0.049         0.087         0.040         0.361         0.113
 Y1             0.033         0.018         0.009         0.012         0.095
 Y2            -0.001         0.068         0.055        -0.077         0.097
 Y3             0.075         0.119        -0.011        -0.032         0.074
 X1M10          0.014         0.057         0.000        -0.007        -0.183
 X2M11          0.071         0.015         0.043        -0.180         0.145
 X3M12         -0.002         0.005        -0.036         0.041        -0.039


           Covariances
              M3            M4            M5            M6            M7
              ________      ________      ________      ________      ________
 M3             2.418
 M4             0.484         2.558
 M5             0.159        -0.123         2.734
 M6             0.031        -0.204         0.482         2.430
 M7             0.091        -0.030         0.641         0.336         2.492
 M8             0.006        -0.018         0.245        -0.059         0.259
 M9             0.206         0.280         0.291         0.256         0.552
 M10            0.254         0.168         0.357         0.146         0.470
 M11            0.044         0.446         0.792         0.265         0.241
 M12            0.367         0.258         0.425         0.424         0.416
 Y1             0.048        -0.171         0.103         0.073        -0.015
 Y2            -0.027        -0.179         0.244         0.128        -0.036
 Y3            -0.106        -0.134         0.360         0.307         0.271
 X1M10          0.095        -0.085        -0.163         0.020        -0.154
 X2M11          0.152        -0.068        -0.098        -0.092         0.000
 X3M12         -0.108         0.151        -0.180        -0.047        -0.010


           Covariances
              M8            M9            M10           M11           M12
              ________      ________      ________      ________      ________
 M8             2.154
 M9             0.724         2.402
 M10            0.122         0.560         2.338
 M11            0.254         0.676         0.736         2.308
 M12            0.369         0.866         0.788         0.939         1.836
 Y1             0.024         0.086         0.219         0.181         0.063
 Y2            -0.023         0.057         0.297         0.398         0.129
 Y3             0.108         0.330         0.383         0.476         0.343
 X1M10          0.103        -0.066        -0.238        -0.158         0.015
 X2M11         -0.127        -0.154        -0.069        -0.034        -0.032
 X3M12          0.092        -0.144        -0.197         0.058         0.000


           Covariances
              Y1            Y2            Y3            X1M10         X2M11
              ________      ________      ________      ________      ________
 Y1             0.519
 Y2             0.405         0.874
 Y3             0.382         0.576         1.294
 X1M10         -0.078        -0.036        -0.059         0.457
 X2M11         -0.053         0.056        -0.093         0.053         0.544
 X3M12         -0.040        -0.026        -0.034         0.108         0.078


           Covariances
              X3M12
              ________
 X3M12          0.573


           Correlations
              X1            X2            X3            M1            M2
              ________      ________      ________      ________      ________
 X1             1.000
 X2             0.257         1.000
 X3             0.240         0.342         1.000
 M1            -0.012         0.001         0.086         1.000
 M2            -0.001        -0.091         0.103        -0.035         1.000
 M3             0.215         0.039        -0.006         0.117        -0.079
 M4             0.137         0.048        -0.138         0.035         0.015
 M5            -0.087        -0.005        -0.024         0.126        -0.075
 M6            -0.003        -0.045         0.013         0.103         0.129
 M7            -0.082         0.208         0.139         0.099         0.114
 M8            -0.026         0.042        -0.225         0.031        -0.031
 M9             0.045        -0.067         0.090         0.010         0.094
 M10           -0.066        -0.029         0.118         0.000         0.202
 M11            0.011         0.202         0.072         0.103         0.195
 M12            0.072         0.129         0.059         0.163         0.051
 Y1             0.093         0.051         0.025         0.010         0.080
 Y2            -0.003         0.146         0.118        -0.050         0.063
 Y3             0.132         0.210        -0.020        -0.017         0.039
 X1M10          0.043         0.170         0.000        -0.006        -0.165
 X2M11          0.193         0.042         0.115        -0.149         0.120
 X3M12         -0.005         0.012        -0.095         0.033        -0.032


           Correlations
              M3            M4            M5            M6            M7
              ________      ________      ________      ________      ________
 M3             1.000
 M4             0.195         1.000
 M5             0.062        -0.047         1.000
 M6             0.013        -0.082         0.187         1.000
 M7             0.037        -0.012         0.245         0.137         1.000
 M8             0.003        -0.007         0.101        -0.026         0.112
 M9             0.086         0.113         0.113         0.106         0.226
 M10            0.107         0.069         0.141         0.061         0.195
 M11            0.018         0.184         0.315         0.112         0.100
 M12            0.174         0.119         0.190         0.201         0.194
 Y1             0.043        -0.148         0.086         0.065        -0.013
 Y2            -0.018        -0.120         0.158         0.088        -0.024
 Y3            -0.060        -0.074         0.191         0.173         0.151
 X1M10          0.091        -0.079        -0.146         0.019        -0.144
 X2M11          0.132        -0.057        -0.080        -0.080         0.000
 X3M12         -0.092         0.124        -0.144        -0.040        -0.009


           Correlations
              M8            M9            M10           M11           M12
              ________      ________      ________      ________      ________
 M8             1.000
 M9             0.318         1.000
 M10            0.055         0.236         1.000
 M11            0.114         0.287         0.317         1.000
 M12            0.185         0.412         0.380         0.456         1.000
 Y1             0.023         0.077         0.199         0.165         0.064
 Y2            -0.017         0.040         0.208         0.280         0.102
 Y3             0.064         0.187         0.220         0.276         0.223
 X1M10          0.103        -0.063        -0.230        -0.153         0.016
 X2M11         -0.117        -0.134        -0.061        -0.031        -0.032
 X3M12          0.083        -0.123        -0.170         0.050         0.000


           Correlations
              Y1            Y2            Y3            X1M10         X2M11
              ________      ________      ________      ________      ________
 Y1             1.000
 Y2             0.602         1.000
 Y3             0.466         0.542         1.000
 X1M10         -0.159        -0.057        -0.077         1.000
 X2M11         -0.100         0.081        -0.110         0.107         1.000
 X3M12         -0.073        -0.037        -0.039         0.211         0.140


           Correlations
              X3M12
              ________
 X3M12          1.000


UNIVARIATE SAMPLE STATISTICS


     UNIVARIATE HIGHER-ORDER MOMENT DESCRIPTIVE STATISTICS

         Variable/         Mean/     Skewness/   Minimum/ % with                Percentiles
        Sample Size      Variance    Kurtosis    Maximum  Min/Max      20%/60%    40%/80%    Median

     X1                    0.000       0.080      -0.480   52.00%      -0.480     -0.480     -0.480
             100.000       0.250      -1.994       0.520   48.00%       0.520      0.520
     X2                    0.000       0.201      -0.450   55.00%      -0.450     -0.450     -0.450
             100.000       0.248      -1.960       0.550   45.00%       0.550      0.550
     X3                    0.000       0.000      -0.500   50.00%      -0.500     -0.500      0.000
             100.000       0.250      -2.000       0.500   50.00%       0.500      0.500
     M1                    0.000      -0.046      -2.020   31.00%      -2.020     -1.020     -0.020
             100.000       2.680      -1.606       1.980   30.00%       0.980      1.980
     M2                    0.000      -0.190      -2.210   25.00%      -2.210     -1.210      0.790
             100.000       2.706      -1.626       1.790   36.00%       0.790      1.790
     M3                    0.000      -0.056      -2.110   23.00%      -2.110     -0.110     -0.110
             100.000       2.418      -1.490       1.890   31.00%       0.890      1.890
     M4                    0.000       0.007      -1.960   30.00%      -1.960     -0.960      0.040
             100.000       2.558      -1.585       2.040   26.00%       1.040      2.040
     M5                    0.000       0.114      -1.920   32.00%      -1.920     -0.920      0.080
             100.000       2.734      -1.614       2.080   31.00%       0.080      2.080
     M6                    0.000       0.103      -1.900   29.00%      -1.900     -0.900      0.100
             100.000       2.430      -1.488       2.100   25.00%       0.100      2.100
     M7                    0.000      -0.234      -2.260   22.00%      -2.260     -0.260     -0.260
             100.000       2.492      -1.496       1.740   35.00%       0.740      1.740
     M8                    0.000      -0.260      -2.310   16.00%      -1.310     -0.310      0.190
             100.000       2.154      -1.349       1.690   31.00%       0.690      1.690
     M9                    0.000       0.178      -1.760   34.00%      -1.760     -0.760      0.240
             100.000       2.402      -1.485       2.240   20.00%       0.240      1.240
     M10                   0.000      -0.017      -1.960   27.00%      -1.960     -0.960      0.040
             100.000       2.338      -1.503       2.040   22.00%       1.040      2.040
     M11                   0.000      -0.083      -2.150   20.00%      -2.150     -0.150     -0.150
             100.000       2.308      -1.461       1.850   30.00%       0.850      1.850
     M12                   0.000       0.012      -1.940   20.00%      -1.940      0.060      0.060
             100.000       1.836      -1.183       2.060   16.00%       0.060      1.060
     Y1                    0.523       0.264      -0.999    1.00%      -0.135      0.242      0.544
             100.000       0.519       0.101       2.917    1.00%       0.769      1.092
     Y2                    0.871       0.052      -1.136    1.00%       0.021      0.506      0.887
             100.000       0.874      -0.776       2.846    1.00%       1.133      1.711
     Y3                    1.114      -0.239      -1.688    1.00%       0.240      0.712      1.141
             100.000       1.294      -0.452       3.532    1.00%       1.422      2.140
     X1M10                 0.000      -0.047      -1.070    7.00%      -0.570     -0.070     -0.010
             100.000       0.457      -1.180       0.990    9.00%      -0.010      0.490
     X2M11                 0.000      -0.373      -1.335    7.00%      -0.985     -0.085      0.315
             100.000       0.544      -1.219       0.865   16.00%       0.365      0.815
     X3M12                 0.000       0.136      -0.968   10.00%      -0.928     -0.448      0.032
             100.000       0.573      -1.488       1.112    7.00%       0.072      0.992


     THIS ANALYSIS MAY HAVE MULTIPLE SOLUTIONS.  EXPLORE THIS USING RANDOM STARTS,
     FOR EXAMPLE, STARTS = 20.  USE A LARGE ENOUGH NUMBER OF STARTS SO THAT THE
     BEST FIT FUNCTION VALUE IS REPLICATED SEVERAL TIMES.


THE MODEL ESTIMATION TERMINATED NORMALLY

     THE STANDARD ERRORS OF THE MODEL PARAMETER ESTIMATES MAY NOT BE
     TRUSTWORTHY FOR SOME PARAMETERS DUE TO A NON-POSITIVE DEFINITE
     FIRST-ORDER DERIVATIVE PRODUCT MATRIX.  THIS MAY BE DUE TO THE STARTING
     VALUES BUT MAY ALSO BE AN INDICATION OF MODEL NONIDENTIFICATION.  THE
     CONDITION NUMBER IS      -0.162D-15.  PROBLEM INVOLVING THE FOLLOWING PARAMETER:
     Parameter 40, X2

     THIS IS MOST LIKELY DUE TO VARIABLE X1 BEING DICHOTOMOUS BUT
     DECLARED AS CONTINUOUS.




MODEL FIT INFORMATION

Number of Free Parameters                       69

Loglikelihood

          H0 Value                       -3063.588
          H0 Scaling Correction Factor      0.8388
            for MLR
          H1 Value                       -2965.321
          H1 Scaling Correction Factor      0.9546
            for MLR

Information Criteria

          Akaike (AIC)                    6265.175
          Bayesian (BIC)                  6444.932
          Sample-Size Adjusted BIC        6227.012
            (n* = (n + 2) / 24)

Chi-Square Test of Model Fit

          Value                            196.877*
          Degrees of Freedom                   183
          P-Value                           0.2289
          Scaling Correction Factor         0.9983
            for MLR

*   The chi-square value for MLM, MLMV, MLR, ULSMV, WLSM and WLSMV cannot be used
    for chi-square difference testing in the regular way.  MLM, MLR and WLSM
    chi-square difference testing is described on the Mplus website.  MLMV, WLSMV,
    and ULSMV difference testing is done using the DIFFTEST option.

RMSEA (Root Mean Square Error Of Approximation)

          Estimate                           0.028
          90 Percent C.I.                    0.000  0.053
          Probability RMSEA <= .05           0.918

CFI/TLI

          CFI                                0.932
          TLI                                0.921

Chi-Square Test of Model Fit for the Baseline Model

          Value                            412.699
          Degrees of Freedom                   210
          P-Value                           0.0000

SRMR (Standardized Root Mean Square Residual)

          Value                              0.072



MODEL RESULTS

                                                    Two-Tailed
                    Estimate       S.E.  Est./S.E.    P-Value

 X        BY
    X3                 1.000      0.000    999.000    999.000
    X2                 1.513      0.908      1.666      0.096
    X1                 0.808      0.309      2.613      0.009

 M        BY
    M12                1.000      0.000    999.000    999.000
    M11                1.031      0.205      5.038      0.000
    M10                0.837      0.187      4.471      0.000
    M9                 0.851      0.157      5.429      0.000
    M8                 0.365      0.180      2.027      0.043
    M7                 0.536      0.199      2.689      0.007
    M6                 0.389      0.184      2.107      0.035
    M5                 0.628      0.231      2.724      0.006
    M4                 0.256      0.208      1.229      0.219
    M3                 0.254      0.200      1.267      0.205
    M2                 0.319      0.223      1.435      0.151
    M1                 0.277      0.199      1.394      0.163

 Y        BY
    Y3                 1.000      0.000    999.000    999.000
    Y2                 0.986      0.182      5.408      0.000
    Y1                 0.673      0.131      5.155      0.000

 XM       BY
    X3M12              1.000      0.000    999.000    999.000
    X2M11              0.759      0.641      1.184      0.236
    X1M10              1.615      1.385      1.167      0.243

 Y        ON
    X                  0.744      0.691      1.076      0.282
    M                  0.197      0.157      1.252      0.211
    XM                -0.581      0.799     -0.726      0.468

 X        WITH
    M                  0.041      0.035      1.187      0.235
    XM                 0.015      0.014      1.069      0.285

 M        WITH
    XM                -0.064      0.069     -0.931      0.352

 Intercepts
    X1                 0.000      0.050      0.000      1.000
    X2                 0.000      0.050      0.000      1.000
    X3                 0.000      0.050      0.000      1.000
    M1                 0.000      0.164      0.000      1.000
    M2                 0.000      0.164      0.000      1.000
    M3                 0.000      0.155      0.000      1.000
    M4                 0.000      0.160      0.000      1.000
    M5                 0.000      0.165      0.000      1.000
    M6                 0.000      0.156      0.000      1.000
    M7                 0.000      0.158      0.000      1.000
    M8                 0.000      0.147      0.000      1.000
    M9                 0.000      0.155      0.000      1.000
    M10                0.000      0.153      0.000      1.000
    M11                0.000      0.152      0.000      1.000
    M12                0.000      0.136      0.000      1.000
    Y1                 0.523      0.072      7.266      0.000
    Y2                 0.871      0.093      9.312      0.000
    Y3                 1.114      0.114      9.792      0.000
    X1M10              0.000      0.068      0.000      1.000
    X2M11              0.000      0.074      0.000      1.000
    X3M12              0.000      0.076      0.000      1.000

 Variances
    X                  0.057      0.040      1.411      0.158
    M                  0.896      0.241      3.718      0.000
    XM                 0.062      0.071      0.870      0.384

 Residual Variances
    X1                 0.213      0.032      6.663      0.000
    X2                 0.118      0.078      1.513      0.130
    X3                 0.193      0.040      4.829      0.000
    M1                 2.611      0.190     13.727      0.000
    M2                 2.615      0.199     13.156      0.000
    M3                 2.360      0.181     13.060      0.000
    M4                 2.500      0.178     14.072      0.000
    M5                 2.380      0.256      9.300      0.000
    M6                 2.295      0.187     12.252      0.000
    M7                 2.235      0.208     10.759      0.000
    M8                 2.034      0.188     10.825      0.000
    M9                 1.754      0.220      7.956      0.000
    M10                1.710      0.237      7.227      0.000
    M11                1.355      0.266      5.103      0.000
    M12                0.940      0.221      4.249      0.000
    Y1                 0.250      0.056      4.481      0.000
    Y2                 0.298      0.095      3.130      0.002
    Y3                 0.701      0.120      5.835      0.000
    X1M10              0.297      0.148      2.002      0.045
    X2M11              0.509      0.081      6.271      0.000
    X3M12              0.512      0.081      6.292      0.000
    Y                  0.493      0.132      3.742      0.000

New/Additional Parameters
    VAR_Y              0.593      0.179      3.318      0.001
    STD_B1             0.230      0.165      1.389      0.165
    STD_B2             0.242      0.176      1.370      0.171
    STD_B3            -0.170      0.223     -0.761      0.447


QUALITY OF NUMERICAL RESULTS

     Condition Number for the Information Matrix              0.680E-04
       (ratio of smallest to largest eigenvalue)


CONFIDENCE INTERVALS OF MODEL RESULTS

                  Lower .5%  Lower 2.5%    Lower 5%    Estimate    Upper 5%  Upper 2.5%   Upper .5%

 X        BY
    X3               1.000       1.000       1.000       1.000       1.000       1.000       1.000
    X2              -0.826      -0.267       0.019       1.513       3.006       3.292       3.851
    X1               0.011       0.202       0.299       0.808       1.316       1.414       1.604

 M        BY
    M12              1.000       1.000       1.000       1.000       1.000       1.000       1.000
    M11              0.504       0.630       0.694       1.031       1.367       1.432       1.558
    M10              0.355       0.470       0.529       0.837       1.145       1.204       1.320
    M9               0.447       0.543       0.593       0.851       1.108       1.158       1.254
    M8              -0.099       0.012       0.069       0.365       0.662       0.719       0.830
    M7               0.022       0.145       0.208       0.536       0.863       0.926       1.049
    M6              -0.087       0.027       0.085       0.389       0.692       0.750       0.864
    M5               0.034       0.176       0.249       0.628       1.008       1.080       1.222
    M4              -0.280      -0.152      -0.087       0.256       0.599       0.664       0.792
    M3              -0.262      -0.139      -0.076       0.254       0.584       0.647       0.770
    M2              -0.254      -0.117      -0.047       0.319       0.685       0.756       0.893
    M1              -0.235      -0.113      -0.050       0.277       0.604       0.667       0.789

 Y        BY
    Y3               1.000       1.000       1.000       1.000       1.000       1.000       1.000
    Y2               0.516       0.629       0.686       0.986       1.286       1.343       1.455
    Y1               0.337       0.417       0.458       0.673       0.888       0.929       1.010

 XM       BY
    X3M12            1.000       1.000       1.000       1.000       1.000       1.000       1.000
    X2M11           -0.893      -0.498      -0.296       0.759       1.814       2.016       2.411
    X1M10           -1.951      -1.099      -0.663       1.615       3.893       4.329       5.182

 Y        ON
    X               -1.037      -0.611      -0.393       0.744       1.881       2.099       2.524
    M               -0.208      -0.111      -0.062       0.197       0.455       0.504       0.601
    XM              -2.640      -2.147      -1.896      -0.581       0.734       0.986       1.478

 X        WITH
    M               -0.048      -0.027      -0.016       0.041       0.098       0.109       0.130
    XM              -0.022      -0.013      -0.008       0.015       0.039       0.044       0.052

 M        WITH
    XM              -0.242      -0.200      -0.178      -0.064       0.049       0.071       0.114

 Intercepts
    X1              -0.129      -0.098      -0.082       0.000       0.082       0.098       0.129
    X2              -0.128      -0.098      -0.082       0.000       0.082       0.098       0.128
    X3              -0.129      -0.098      -0.082       0.000       0.082       0.098       0.129
    M1              -0.422      -0.321      -0.269       0.000       0.269       0.321       0.422
    M2              -0.424      -0.322      -0.271       0.000       0.271       0.322       0.424
    M3              -0.401      -0.305      -0.256       0.000       0.256       0.305       0.401
    M4              -0.412      -0.314      -0.263       0.000       0.263       0.314       0.412
    M5              -0.426      -0.324      -0.272       0.000       0.272       0.324       0.426
    M6              -0.402      -0.306      -0.256       0.000       0.256       0.306       0.402
    M7              -0.407      -0.309      -0.260       0.000       0.260       0.309       0.407
    M8              -0.378      -0.288      -0.241       0.000       0.241       0.288       0.378
    M9              -0.399      -0.304      -0.255       0.000       0.255       0.304       0.399
    M10             -0.394      -0.300      -0.252       0.000       0.252       0.300       0.394
    M11             -0.391      -0.298      -0.250       0.000       0.250       0.298       0.391
    M12             -0.349      -0.266      -0.223       0.000       0.223       0.266       0.349
    Y1               0.338       0.382       0.405       0.523       0.642       0.664       0.709
    Y2               0.630       0.687       0.717       0.871       1.024       1.054       1.111
    Y3               0.821       0.891       0.927       1.114       1.301       1.337       1.407
    X1M10           -0.174      -0.133      -0.111       0.000       0.111       0.133       0.174
    X2M11           -0.190      -0.145      -0.121       0.000       0.121       0.145       0.190
    X3M12           -0.195      -0.148      -0.125       0.000       0.125       0.148       0.195

 Variances
    X               -0.047      -0.022      -0.009       0.057       0.122       0.135       0.160
    M                0.275       0.424       0.500       0.896       1.293       1.369       1.517
    XM              -0.121      -0.077      -0.055       0.062       0.178       0.200       0.244

 Residual Variances
    X1               0.130       0.150       0.160       0.213       0.265       0.275       0.295
    X2              -0.083      -0.035      -0.010       0.118       0.247       0.271       0.319
    X3               0.090       0.115       0.128       0.193       0.259       0.272       0.297
    M1               2.121       2.238       2.298       2.611       2.924       2.983       3.101
    M2               2.103       2.225       2.288       2.615       2.941       3.004       3.126
    M3               1.895       2.006       2.063       2.360       2.657       2.714       2.826
    M4               2.042       2.151       2.207       2.500       2.792       2.848       2.957
    M5               1.721       1.878       1.959       2.380       2.801       2.881       3.039
    M6               1.812       1.928       1.987       2.295       2.603       2.662       2.777
    M7               1.700       1.828       1.894       2.235       2.577       2.643       2.771
    M8               1.550       1.666       1.725       2.034       2.343       2.402       2.518
    M9               1.186       1.322       1.391       1.754       2.117       2.186       2.322
    M10              1.101       1.246       1.321       1.710       2.099       2.174       2.320
    M11              0.671       0.835       0.918       1.355       1.792       1.875       2.039
    M12              0.370       0.506       0.576       0.940       1.304       1.374       1.510
    Y1               0.106       0.141       0.158       0.250       0.342       0.359       0.394
    Y2               0.053       0.111       0.141       0.298       0.454       0.484       0.543
    Y3               0.391       0.465       0.503       0.701       0.898       0.936       1.010
    X1M10           -0.085       0.006       0.053       0.297       0.541       0.587       0.679
    X2M11            0.300       0.350       0.375       0.509       0.642       0.668       0.718
    X3M12            0.302       0.352       0.378       0.512       0.645       0.671       0.721
    Y                0.154       0.235       0.276       0.493       0.709       0.751       0.832

New/Additional Parameters
    VAR_Y            0.133       0.243       0.299       0.593       0.887       0.943       1.053
    STD_B1          -0.196      -0.095      -0.042       0.230       0.502       0.554       0.656
    STD_B2          -0.213      -0.104      -0.049       0.242       0.532       0.588       0.696
    STD_B3          -0.745      -0.607      -0.537      -0.170       0.197       0.268       0.405


TECHNICAL 1 OUTPUT


     PARAMETER SPECIFICATION


           NU
              X1            X2            X3            M1            M2
              ________      ________      ________      ________      ________
                  1             2             3             4             5


           NU
              M3            M4            M5            M6            M7
              ________      ________      ________      ________      ________
                  6             7             8             9            10


           NU
              M8            M9            M10           M11           M12
              ________      ________      ________      ________      ________
                 11            12            13            14            15


           NU
              Y1            Y2            Y3            X1M10         X2M11
              ________      ________      ________      ________      ________
                 16            17            18            19            20


           NU
              X3M12
              ________
                 21


           LAMBDA
              X             M             Y             XM
              ________      ________      ________      ________
 X1                22             0             0             0
 X2                23             0             0             0
 X3                 0             0             0             0
 M1                 0            24             0             0
 M2                 0            25             0             0
 M3                 0            26             0             0
 M4                 0            27             0             0
 M5                 0            28             0             0
 M6                 0            29             0             0
 M7                 0            30             0             0
 M8                 0            31             0             0
 M9                 0            32             0             0
 M10                0            33             0             0
 M11                0            34             0             0
 M12                0             0             0             0
 Y1                 0             0            35             0
 Y2                 0             0            36             0
 Y3                 0             0             0             0
 X1M10              0             0             0            37
 X2M11              0             0             0            38
 X3M12              0             0             0             0


           THETA
              X1            X2            X3            M1            M2
              ________      ________      ________      ________      ________
 X1                39
 X2                 0            40
 X3                 0             0            41
 M1                 0             0             0            42
 M2                 0             0             0             0            43
 M3                 0             0             0             0             0
 M4                 0             0             0             0             0
 M5                 0             0             0             0             0
 M6                 0             0             0             0             0
 M7                 0             0             0             0             0
 M8                 0             0             0             0             0
 M9                 0             0             0             0             0
 M10                0             0             0             0             0
 M11                0             0             0             0             0
 M12                0             0             0             0             0
 Y1                 0             0             0             0             0
 Y2                 0             0             0             0             0
 Y3                 0             0             0             0             0
 X1M10              0             0             0             0             0
 X2M11              0             0             0             0             0
 X3M12              0             0             0             0             0


           THETA
              M3            M4            M5            M6            M7
              ________      ________      ________      ________      ________
 M3                44
 M4                 0            45
 M5                 0             0            46
 M6                 0             0             0            47
 M7                 0             0             0             0            48
 M8                 0             0             0             0             0
 M9                 0             0             0             0             0
 M10                0             0             0             0             0
 M11                0             0             0             0             0
 M12                0             0             0             0             0
 Y1                 0             0             0             0             0
 Y2                 0             0             0             0             0
 Y3                 0             0             0             0             0
 X1M10              0             0             0             0             0
 X2M11              0             0             0             0             0
 X3M12              0             0             0             0             0


           THETA
              M8            M9            M10           M11           M12
              ________      ________      ________      ________      ________
 M8                49
 M9                 0            50
 M10                0             0            51
 M11                0             0             0            52
 M12                0             0             0             0            53
 Y1                 0             0             0             0             0
 Y2                 0             0             0             0             0
 Y3                 0             0             0             0             0
 X1M10              0             0             0             0             0
 X2M11              0             0             0             0             0
 X3M12              0             0             0             0             0


           THETA
              Y1            Y2            Y3            X1M10         X2M11
              ________      ________      ________      ________      ________
 Y1                54
 Y2                 0            55
 Y3                 0             0            56
 X1M10              0             0             0            57
 X2M11              0             0             0             0            58
 X3M12              0             0             0             0             0


           THETA
              X3M12
              ________
 X3M12             59


           ALPHA
              X             M             Y             XM
              ________      ________      ________      ________
                  0             0             0             0


           BETA
              X             M             Y             XM
              ________      ________      ________      ________
 X                  0             0             0             0
 M                  0             0             0             0
 Y                 60            61             0            62
 XM                 0             0             0             0


           PSI
              X             M             Y             XM
              ________      ________      ________      ________
 X                 63
 M                 64            65
 Y                  0             0            66
 XM                67            68             0            69


     PARAMETER SPECIFICATION FOR THE ADDITIONAL PARAMETERS


           New/Additional Parameters
              VAR_Y         STD_B1        STD_B2        STD_B3
              ________      ________      ________      ________
                   70            71            72            73


     STARTING VALUES


           NU
              X1            X2            X3            M1            M2
              ________      ________      ________      ________      ________
                0.000         0.000         0.000         0.000         0.000


           NU
              M3            M4            M5            M6            M7
              ________      ________      ________      ________      ________
                0.000         0.000         0.000         0.000         0.000


           NU
              M8            M9            M10           M11           M12
              ________      ________      ________      ________      ________
                0.000         0.000         0.000         0.000         0.000


           NU
              Y1            Y2            Y3            X1M10         X2M11
              ________      ________      ________      ________      ________
                0.523         0.871         1.114         0.000         0.000


           NU
              X3M12
              ________
                0.000


           LAMBDA
              X             M             Y             XM
              ________      ________      ________      ________
 X1             0.753         0.000         0.000         0.000
 X2             1.067         0.000         0.000         0.000
 X3             1.000         0.000         0.000         0.000
 M1             0.000         0.859         0.000         0.000
 M2             0.000        -0.103         0.000         0.000
 M3             0.000         0.453         0.000         0.000
 M4             0.000         0.284         0.000         0.000
 M5             0.000         1.080         0.000         0.000
 M6             0.000         0.617         0.000         0.000
 M7             0.000         0.474         0.000         0.000
 M8             0.000         0.203         0.000         0.000
 M9             0.000         1.054         0.000         0.000
 M10            0.000         0.923         0.000         0.000
 M11            0.000         0.882         0.000         0.000
 M12            0.000         1.000         0.000         0.000
 Y1             0.000         0.000         0.703         0.000
 Y2             0.000         0.000         1.060         0.000
 Y3             0.000         0.000         1.000         0.000
 X1M10          0.000         0.000         0.000         0.685
 X2M11          0.000         0.000         0.000         0.495
 X3M12          0.000         0.000         0.000         1.000


           THETA
              X1            X2            X3            M1            M2
              ________      ________      ________      ________      ________
 X1             0.125
 X2             0.000         0.124
 X3             0.000         0.000         0.125
 M1             0.000         0.000         0.000         1.340
 M2             0.000         0.000         0.000         0.000         1.353
 M3             0.000         0.000         0.000         0.000         0.000
 M4             0.000         0.000         0.000         0.000         0.000
 M5             0.000         0.000         0.000         0.000         0.000
 M6             0.000         0.000         0.000         0.000         0.000
 M7             0.000         0.000         0.000         0.000         0.000
 M8             0.000         0.000         0.000         0.000         0.000
 M9             0.000         0.000         0.000         0.000         0.000
 M10            0.000         0.000         0.000         0.000         0.000
 M11            0.000         0.000         0.000         0.000         0.000
 M12            0.000         0.000         0.000         0.000         0.000
 Y1             0.000         0.000         0.000         0.000         0.000
 Y2             0.000         0.000         0.000         0.000         0.000
 Y3             0.000         0.000         0.000         0.000         0.000
 X1M10          0.000         0.000         0.000         0.000         0.000
 X2M11          0.000         0.000         0.000         0.000         0.000
 X3M12          0.000         0.000         0.000         0.000         0.000


           THETA
              M3            M4            M5            M6            M7
              ________      ________      ________      ________      ________
 M3             1.209
 M4             0.000         1.279
 M5             0.000         0.000         1.367
 M6             0.000         0.000         0.000         1.215
 M7             0.000         0.000         0.000         0.000         1.246
 M8             0.000         0.000         0.000         0.000         0.000
 M9             0.000         0.000         0.000         0.000         0.000
 M10            0.000         0.000         0.000         0.000         0.000
 M11            0.000         0.000         0.000         0.000         0.000
 M12            0.000         0.000         0.000         0.000         0.000
 Y1             0.000         0.000         0.000         0.000         0.000
 Y2             0.000         0.000         0.000         0.000         0.000
 Y3             0.000         0.000         0.000         0.000         0.000
 X1M10          0.000         0.000         0.000         0.000         0.000
 X2M11          0.000         0.000         0.000         0.000         0.000
 X3M12          0.000         0.000         0.000         0.000         0.000


           THETA
              M8            M9            M10           M11           M12
              ________      ________      ________      ________      ________
 M8             1.077
 M9             0.000         1.201
 M10            0.000         0.000         1.169
 M11            0.000         0.000         0.000         1.154
 M12            0.000         0.000         0.000         0.000         0.918
 Y1             0.000         0.000         0.000         0.000         0.000
 Y2             0.000         0.000         0.000         0.000         0.000
 Y3             0.000         0.000         0.000         0.000         0.000
 X1M10          0.000         0.000         0.000         0.000         0.000
 X2M11          0.000         0.000         0.000         0.000         0.000
 X3M12          0.000         0.000         0.000         0.000         0.000


           THETA
              Y1            Y2            Y3            X1M10         X2M11
              ________      ________      ________      ________      ________
 Y1             0.259
 Y2             0.000         0.437
 Y3             0.000         0.000         0.647
 X1M10          0.000         0.000         0.000         0.229
 X2M11          0.000         0.000         0.000         0.000         0.272
 X3M12          0.000         0.000         0.000         0.000         0.000


           THETA
              X3M12
              ________
 X3M12          0.287


           ALPHA
              X             M             Y             XM
              ________      ________      ________      ________
                0.000         0.000         0.000         0.000


           BETA
              X             M             Y             XM
              ________      ________      ________      ________
 X              0.000         0.000         0.000         0.000
 M              0.000         0.000         0.000         0.000
 Y              0.000         0.000         0.000         0.000
 XM             0.000         0.000         0.000         0.000


           PSI
              X             M             Y             XM
              ________      ________      ________      ________
 X              0.050
 M              0.000         0.050
 Y              0.000         0.000         0.050
 XM             0.000         0.000         0.000         0.050


     STARTING VALUES FOR THE ADDITIONAL PARAMETERS


           New/Additional Parameters
              VAR_Y         STD_B1        STD_B2        STD_B3
              ________      ________      ________      ________
                0.500         0.500         0.500         0.500


RESULTS SAVING INFORMATION

  Order of data

    Parameter estimates
     (saved in order shown in Technical 1 output)
    Standard errors
     (saved in order shown in Technical 1 output)
    Number of Free Parameters
    H0 Loglikelihood
    H0 Scaling Correction Factor for MLR
    H1 Loglikelihood
    H1 Scaling Correction Factor for MLR
    Akaike (AIC)
    Bayesian (BIC)
    Sample-Size Adjusted BIC
    Chi-square : Value
    Chi-square : Degrees of Freedom
    Chi-square : P-Value
    Chi-square : Scaling Correction Factor for MLR/MLM/WLSM
    CFI
    TLI
    RMSEA : Estimate
    RMSEA : Low CI
    RMSEA : High CI
    RMSEA : Probability
    SRMR
    Condition Number

  Save file
    matchupi_results_545.dat

  Save file format           Free


     Beginning Time:  15:06:23
        Ending Time:  15:06:25
       Elapsed Time:  00:00:02



MUTHEN & MUTHEN
3463 Stoner Ave.
Los Angeles, CA  90066

Tel: (310) 391-9971
Fax: (310) 391-8971
Web: www.StatModel.com
Support: Support@StatModel.com

Copyright (c) 1998-2022 Muthen & Muthen
