Mplus VERSION 8.8 (Mac)
MUTHEN & MUTHEN
07/27/2025   3:49 PM

INPUT INSTRUCTIONS


    TITLE: Matched-pair Unconstrained Product Indicator

    DATA:
      FILE = matchupi_simdat_753.dat;
      FORMAT IS FREE;

    VARIABLE:
      NAMES = x1 x2 x3
      	    m1 m2 m3 m4 m5 m6
      	    m7 m8 m9 m10 m11 m12
      	    y1 y2 y3
      	    x1m10 x2m11 x3m12;
      USEVARIABLES = x1-x3m12;

    ANALYSIS:
      TYPE = general;
      ESTIMATOR = MLR;
    MODEL:
      !measurement model
      X BY x3 x2 x1;
      X (var_X);
      M BY m12 m11 m10 m9 m8 m7 m6 m5 m4 m3 m2 m1;
      M (var_M);
      Y BY y3 y2 y1;
      Y (resvar_Y);
      XM BY x3m12 x2m11 x1m10;
      XM (var_XM);

      !covariances between predictors
      X WITH M (cov_XM);
      X WITH XM (cov_XXM);
      M WITH XM (cov_MXM);

      !structural model
      Y ON X (b1);
      Y ON M (b2);
      Y ON XM (b3);

    MODEL CONSTRAINT:

      NEW(var_Y std_b1 std_b2 std_b3);
      var_Y = resvar_Y +
       (b1^2 * var_X +
        b2^2 * var_M +
        b3^2 * var_XM +
        2 * b1 * b2 * cov_XM +
        2 * b1 * b3 * cov_XXM +
        2 * b2 * b3 * cov_MXM);

        std_b1 = b1 * sqrt(var_X) / sqrt(var_Y);
        std_b2 = b2 * sqrt(var_M) / sqrt(var_Y);
        std_b3 = b3 * sqrt(var_X) * sqrt(var_M) / sqrt(var_Y);

    OUTPUT:
      sampstat tech1 CINTERVAL;

    SAVEDATA:
      RESULTS = matchupi_results_753.dat;




INPUT READING TERMINATED NORMALLY



Matched-pair Unconstrained Product Indicator

SUMMARY OF ANALYSIS

Number of groups                                                 1
Number of observations                                         100

Number of dependent variables                                   21
Number of independent variables                                  0
Number of continuous latent variables                            4

Observed dependent variables

  Continuous
   X1          X2          X3          M1          M2          M3
   M4          M5          M6          M7          M8          M9
   M10         M11         M12         Y1          Y2          Y3
   X1M10       X2M11       X3M12

Continuous latent variables
   X           M           Y           XM


Estimator                                                      MLR
Information matrix                                        OBSERVED
Maximum number of iterations                                  1000
Convergence criterion                                    0.500D-04
Maximum number of steepest descent iterations                   20

Input data file(s)
  matchupi_simdat_753.dat

Input data format  FREE


SAMPLE STATISTICS


     SAMPLE STATISTICS


           Means
              X1            X2            X3            M1            M2
              ________      ________      ________      ________      ________
                0.000         0.000         0.000         0.000         0.000


           Means
              M3            M4            M5            M6            M7
              ________      ________      ________      ________      ________
                0.000         0.000         0.000         0.000         0.000


           Means
              M8            M9            M10           M11           M12
              ________      ________      ________      ________      ________
                0.000         0.000         0.000         0.000         0.000


           Means
              Y1            Y2            Y3            X1M10         X2M11
              ________      ________      ________      ________      ________
                0.742         0.764         1.010         0.000         0.000


           Means
              X3M12
              ________
                0.000


           Covariances
              X1            X2            X3            M1            M2
              ________      ________      ________      ________      ________
 X1             0.246
 X2             0.039         0.250
 X3             0.042         0.104         0.248
 M1            -0.053         0.032         0.048         2.793
 M2             0.033         0.048         0.012         0.387         2.393
 M3             0.140         0.030         0.062         0.277        -0.077
 M4             0.078         0.146         0.088         0.236         0.114
 M5             0.024        -0.019         0.023        -0.202        -0.118
 M6             0.028         0.019         0.060         0.592         0.148
 M7             0.066         0.082         0.075        -0.147         0.277
 M8            -0.027         0.114         0.064         0.186         0.114
 M9             0.086         0.109         0.197         0.362         0.398
 M10            0.026         0.032         0.147         0.380         0.449
 M11            0.106         0.109         0.227         0.172         0.368
 M12            0.095         0.078         0.144         0.402         0.288
 Y1            -0.086         0.052         0.056         0.344        -0.026
 Y2            -0.009         0.086         0.073         0.101         0.192
 Y3             0.018         0.132         0.070         0.376         0.348
 X1M10         -0.037        -0.029         0.014        -0.021        -0.230
 X2M11          0.056         0.004        -0.029         0.110        -0.034
 X3M12          0.003        -0.019        -0.081        -0.071        -0.148


           Covariances
              M3            M4            M5            M6            M7
              ________      ________      ________      ________      ________
 M3             2.788
 M4             0.263         2.347
 M5             0.355         0.077         2.416
 M6            -0.103        -0.016         0.597         2.846
 M7            -0.135         0.445         0.544         0.959         2.730
 M8             0.463         0.091         0.682         0.451         0.853
 M9             0.305         0.363         0.354         0.293         0.516
 M10            0.053         0.668         0.329         0.406         1.055
 M11            0.365         0.223         0.394         0.863         0.696
 M12            0.422         0.432         0.640         0.809         0.893
 Y1            -0.097         0.209         0.269         0.154         0.135
 Y2             0.235         0.290         0.364         0.300         0.386
 Y3             0.450         0.609         0.422         0.270         0.215
 X1M10          0.044         0.050        -0.075         0.089        -0.237
 X2M11          0.117        -0.072        -0.035         0.130        -0.007
 X3M12         -0.222         0.000        -0.159         0.124         0.010


           Covariances
              M8            M9            M10           M11           M12
              ________      ________      ________      ________      ________
 M8             2.189
 M9             0.518         2.196
 M10            0.466         0.771         2.208
 M11            0.608         0.646         1.051         2.516
 M12            0.665         0.430         0.925         1.000         2.121
 Y1             0.061         0.009         0.154         0.157         0.158
 Y2             0.238         0.205         0.329         0.214         0.389
 Y3             0.329         0.336         0.253         0.496         0.446
 X1M10         -0.033         0.076        -0.209        -0.015        -0.056
 X2M11         -0.013        -0.159        -0.051        -0.057         0.021
 X3M12         -0.270        -0.219        -0.013        -0.219        -0.206


           Covariances
              Y1            Y2            Y3            X1M10         X2M11
              ________      ________      ________      ________      ________
 Y1             0.771
 Y2             0.389         1.117
 Y3             0.436         0.760         1.406
 X1M10          0.083        -0.066        -0.100         0.499
 X2M11          0.112        -0.002        -0.019         0.162         0.614
 X3M12         -0.007        -0.058        -0.004         0.035         0.164


           Covariances
              X3M12
              ________
 X3M12          0.542


           Correlations
              X1            X2            X3            M1            M2
              ________      ________      ________      ________      ________
 X1             1.000
 X2             0.156         1.000
 X3             0.170         0.418         1.000
 M1            -0.064         0.039         0.058         1.000
 M2             0.043         0.062         0.015         0.150         1.000
 M3             0.169         0.036         0.075         0.099        -0.030
 M4             0.103         0.191         0.115         0.092         0.048
 M5             0.031        -0.024         0.030        -0.078        -0.049
 M6             0.033         0.023         0.072         0.210         0.057
 M7             0.080         0.099         0.091        -0.053         0.108
 M8            -0.036         0.155         0.086         0.075         0.050
 M9             0.117         0.147         0.267         0.146         0.174
 M10            0.035         0.043         0.200         0.153         0.196
 M11            0.135         0.137         0.288         0.065         0.150
 M12            0.132         0.108         0.198         0.165         0.128
 Y1            -0.197         0.118         0.129         0.235        -0.019
 Y2            -0.016         0.162         0.138         0.057         0.118
 Y3             0.031         0.222         0.119         0.190         0.190
 X1M10         -0.105        -0.081         0.041        -0.017        -0.211
 X2M11          0.144         0.011        -0.074         0.084        -0.028
 X3M12          0.009        -0.052        -0.220        -0.057        -0.130


           Correlations
              M3            M4            M5            M6            M7
              ________      ________      ________      ________      ________
 M3             1.000
 M4             0.103         1.000
 M5             0.137         0.032         1.000
 M6            -0.036        -0.006         0.228         1.000
 M7            -0.049         0.176         0.212         0.344         1.000
 M8             0.187         0.040         0.296         0.181         0.349
 M9             0.123         0.160         0.153         0.117         0.211
 M10            0.021         0.293         0.142         0.162         0.430
 M11            0.138         0.092         0.160         0.322         0.266
 M12            0.174         0.193         0.283         0.329         0.371
 Y1            -0.066         0.155         0.197         0.104         0.093
 Y2             0.133         0.179         0.222         0.168         0.221
 Y3             0.227         0.335         0.229         0.135         0.110
 X1M10          0.038         0.046        -0.068         0.075        -0.203
 X2M11          0.089        -0.060        -0.029         0.099        -0.006
 X3M12         -0.181         0.000        -0.139         0.100         0.008


           Correlations
              M8            M9            M10           M11           M12
              ________      ________      ________      ________      ________
 M8             1.000
 M9             0.236         1.000
 M10            0.212         0.350         1.000
 M11            0.259         0.275         0.446         1.000
 M12            0.309         0.199         0.428         0.433         1.000
 Y1             0.047         0.007         0.118         0.112         0.124
 Y2             0.152         0.131         0.210         0.128         0.253
 Y3             0.187         0.191         0.143         0.264         0.258
 X1M10         -0.032         0.073        -0.199        -0.014        -0.055
 X2M11         -0.011        -0.137        -0.043        -0.045         0.018
 X3M12         -0.248        -0.200        -0.012        -0.187        -0.192


           Correlations
              Y1            Y2            Y3            X1M10         X2M11
              ________      ________      ________      ________      ________
 Y1             1.000
 Y2             0.419         1.000
 Y3             0.419         0.606         1.000
 X1M10          0.134        -0.089        -0.119         1.000
 X2M11          0.162        -0.003        -0.021         0.293         1.000
 X3M12         -0.011        -0.075        -0.005         0.067         0.284


           Correlations
              X3M12
              ________
 X3M12          1.000


UNIVARIATE SAMPLE STATISTICS


     UNIVARIATE HIGHER-ORDER MOMENT DESCRIPTIVE STATISTICS

         Variable/         Mean/     Skewness/   Minimum/ % with                Percentiles
        Sample Size      Variance    Kurtosis    Maximum  Min/Max      20%/60%    40%/80%    Median

     X1                    0.000       0.242      -0.440   56.00%      -0.440     -0.440     -0.440
             100.000       0.246      -1.942       0.560   44.00%       0.560      0.560
     X2                    0.000       0.080      -0.480   52.00%      -0.480     -0.480     -0.480
             100.000       0.250      -1.994       0.520   48.00%       0.520      0.520
     X3                    0.000       0.201      -0.450   55.00%      -0.450     -0.450     -0.450
             100.000       0.247      -1.960       0.550   45.00%       0.550      0.550
     M1                    0.000       0.077      -1.870   37.00%      -1.870     -0.870      0.130
             100.000       2.793      -1.668       2.130   27.00%       1.130      2.130
     M2                    0.000      -0.137      -2.130   24.00%      -2.130     -0.130     -0.130
             100.000       2.393      -1.465       1.870   29.00%       0.870      1.870
     M3                    0.000       0.205      -1.750   40.00%      -1.750     -1.750     -0.250
             100.000       2.788      -1.641       2.250   25.00%       0.250      2.250
     M4                    0.000      -0.034      -2.050   24.00%      -2.050     -1.050     -0.050
             100.000       2.347      -1.465       1.950   27.00%       0.950      1.950
     M5                    0.000      -0.116      -2.060   27.00%      -2.060     -0.060     -0.060
             100.000       2.416      -1.487       1.940   26.00%       0.940      1.940
     M6                    0.000       0.285      -1.710   41.00%      -1.710     -1.710     -0.710
             100.000       2.846      -1.613       2.290   27.00%       0.290      2.290
     M7                    0.000      -0.067      -2.100   27.00%      -2.100     -1.100     -0.100
             100.000       2.730      -1.656       1.900   34.00%       0.900      1.900
     M8                    0.000      -0.004      -1.970   25.00%      -1.970      0.030      0.030
             100.000       2.189      -1.369       2.030   22.00%       0.030      2.030
     M9                    0.000       0.048      -1.940   25.00%      -1.940     -0.940      0.060
             100.000       2.196      -1.377       2.060   22.00%       0.060      2.060
     M10                   0.000       0.094      -1.850   28.00%      -1.850     -0.850      0.150
             100.000       2.208      -1.408       2.150   19.00%       0.150      1.150
     M11                   0.000       0.098      -1.940   28.00%      -1.940     -0.940      0.060
             100.000       2.516      -1.534       2.060   28.00%       0.060      2.060
     M12                   0.000      -0.258      -2.170   22.00%      -2.170     -0.170     -0.170
             100.000       2.121      -1.257       1.830   24.00%       0.830      1.830
     Y1                    0.742       0.069      -1.580    1.00%       0.092      0.525      0.720
             100.000       0.771       1.134       3.881    1.00%       0.921      1.457
     Y2                    0.764       0.116      -1.659    1.00%      -0.074      0.493      0.747
             100.000       1.117       0.360       4.021    1.00%       0.959      1.705
     Y3                    1.010      -0.073      -1.946    1.00%      -0.167      0.626      1.039
             100.000       1.406      -0.458       3.767    1.00%       1.358      1.994
     X1M10                 0.000      -0.290      -1.337    7.00%      -0.517     -0.237     -0.067
             100.000       0.499      -1.070       0.863   14.00%       0.313      0.833
     X2M11                 0.000      -0.204      -1.118   10.00%      -1.098     -0.138     -0.078
             100.000       0.614      -1.470       0.962   15.00%       0.342      0.822
     X3M12                 0.000       0.006      -1.062   11.00%      -0.972     -0.502     -0.017
             100.000       0.542      -1.313       1.178    9.00%       0.348      0.788


     THIS ANALYSIS MAY HAVE MULTIPLE SOLUTIONS.  EXPLORE THIS USING RANDOM STARTS,
     FOR EXAMPLE, STARTS = 20.  USE A LARGE ENOUGH NUMBER OF STARTS SO THAT THE
     BEST FIT FUNCTION VALUE IS REPLICATED SEVERAL TIMES.


THE MODEL ESTIMATION TERMINATED NORMALLY

     THE STANDARD ERRORS OF THE MODEL PARAMETER ESTIMATES MAY NOT BE
     TRUSTWORTHY FOR SOME PARAMETERS DUE TO A NON-POSITIVE DEFINITE
     FIRST-ORDER DERIVATIVE PRODUCT MATRIX.  THIS MAY BE DUE TO THE STARTING
     VALUES BUT MAY ALSO BE AN INDICATION OF MODEL NONIDENTIFICATION.  THE
     CONDITION NUMBER IS       0.883D-17.  PROBLEM INVOLVING THE FOLLOWING PARAMETER:
     Parameter 40, X2

     THIS IS MOST LIKELY DUE TO VARIABLE X1 BEING DICHOTOMOUS BUT
     DECLARED AS CONTINUOUS.




MODEL FIT INFORMATION

Number of Free Parameters                       69

Loglikelihood

          H0 Value                       -3088.697
          H0 Scaling Correction Factor      0.9240
            for MLR
          H1 Value                       -2979.719
          H1 Scaling Correction Factor      0.9600
            for MLR

Information Criteria

          Akaike (AIC)                    6315.394
          Bayesian (BIC)                  6495.150
          Sample-Size Adjusted BIC        6277.231
            (n* = (n + 2) / 24)

Chi-Square Test of Model Fit

          Value                            223.866*
          Degrees of Freedom                   183
          P-Value                           0.0212
          Scaling Correction Factor         0.9736
            for MLR

*   The chi-square value for MLM, MLMV, MLR, ULSMV, WLSM and WLSMV cannot be used
    for chi-square difference testing in the regular way.  MLM, MLR and WLSM
    chi-square difference testing is described on the Mplus website.  MLMV, WLSMV,
    and ULSMV difference testing is done using the DIFFTEST option.

RMSEA (Root Mean Square Error Of Approximation)

          Estimate                           0.047
          90 Percent C.I.                    0.020  0.067
          Probability RMSEA <= .05           0.570

CFI/TLI

          CFI                                0.853
          TLI                                0.831

Chi-Square Test of Model Fit for the Baseline Model

          Value                            488.241
          Degrees of Freedom                   210
          P-Value                           0.0000

SRMR (Standardized Root Mean Square Residual)

          Value                              0.075



MODEL RESULTS

                                                    Two-Tailed
                    Estimate       S.E.  Est./S.E.    P-Value

 X        BY
    X3                 1.000      0.000    999.000    999.000
    X2                 0.767      0.335      2.291      0.022
    X1                 0.322      0.206      1.565      0.118

 M        BY
    M12                1.000      0.000    999.000    999.000
    M11                0.991      0.172      5.756      0.000
    M10                0.968      0.196      4.945      0.000
    M9                 0.665      0.182      3.661      0.000
    M8                 0.686      0.188      3.643      0.000
    M7                 0.931      0.187      4.990      0.000
    M6                 0.720      0.227      3.169      0.002
    M5                 0.556      0.178      3.115      0.002
    M4                 0.465      0.189      2.454      0.014
    M3                 0.301      0.200      1.508      0.131
    M2                 0.350      0.190      1.843      0.065
    M1                 0.332      0.204      1.625      0.104

 Y        BY
    Y3                 1.000      0.000    999.000    999.000
    Y2                 0.860      0.158      5.433      0.000
    Y1                 0.495      0.129      3.843      0.000

 XM       BY
    X3M12              1.000      0.000    999.000    999.000
    X2M11              2.398      5.665      0.423      0.672
    X1M10              0.961      0.633      1.519      0.129

 Y        ON
    X                  0.280      0.514      0.545      0.586
    M                  0.409      0.147      2.775      0.006
    XM                 0.169      0.503      0.335      0.737

 X        WITH
    M                  0.144      0.059      2.426      0.015
    XM                -0.009      0.052     -0.177      0.859

 M        WITH
    XM                -0.025      0.174     -0.145      0.885

 Intercepts
    X1                 0.000      0.050      0.000      1.000
    X2                 0.000      0.050      0.000      1.000
    X3                 0.000      0.050      0.000      1.000
    M1                 0.000      0.167      0.000      1.000
    M2                 0.000      0.155      0.000      1.000
    M3                 0.000      0.167      0.000      1.000
    M4                 0.000      0.153      0.000      1.000
    M5                 0.000      0.155      0.000      1.000
    M6                 0.000      0.169      0.000      1.000
    M7                 0.000      0.165      0.000      1.000
    M8                 0.000      0.148      0.000      1.000
    M9                 0.000      0.148      0.000      1.000
    M10                0.000      0.149      0.000      1.000
    M11                0.000      0.159      0.000      1.000
    M12                0.000      0.146      0.000      1.000
    Y1                 0.742      0.088      8.451      0.000
    Y2                 0.764      0.106      7.233      0.000
    Y3                 1.010      0.119      8.515      0.000
    X1M10              0.000      0.071      0.000      1.000
    X2M11              0.000      0.078      0.000      1.000
    X3M12              0.000      0.074      0.000      1.000

 Variances
    X                  0.136      0.059      2.305      0.021
    M                  0.968      0.261      3.710      0.000
    XM                 0.068      0.166      0.411      0.681

 Residual Variances
    X1                 0.232      0.016     14.451      0.000
    X2                 0.170      0.042      4.005      0.000
    X3                 0.112      0.059      1.903      0.057
    M1                 2.686      0.201     13.355      0.000
    M2                 2.275      0.195     11.661      0.000
    M3                 2.700      0.198     13.634      0.000
    M4                 2.138      0.217      9.860      0.000
    M5                 2.117      0.239      8.873      0.000
    M6                 2.344      0.285      8.210      0.000
    M7                 1.891      0.271      6.971      0.000
    M8                 1.734      0.219      7.924      0.000
    M9                 1.768      0.226      7.822      0.000
    M10                1.300      0.263      4.939      0.000
    M11                1.565      0.233      6.730      0.000
    M12                1.153      0.228      5.058      0.000
    Y1                 0.553      0.095      5.800      0.000
    Y2                 0.460      0.127      3.625      0.000
    Y3                 0.519      0.171      3.035      0.002
    X1M10              0.436      0.114      3.839      0.000
    X2M11              0.223      0.911      0.245      0.807
    X3M12              0.474      0.179      2.639      0.008
    Y                  0.685      0.161      4.250      0.000

New/Additional Parameters
    VAR_Y              0.888      0.215      4.123      0.000
    STD_B1             0.110      0.184      0.597      0.550
    STD_B2             0.427      0.124      3.438      0.001
    STD_B3             0.065      0.192      0.337      0.736


QUALITY OF NUMERICAL RESULTS

     Condition Number for the Information Matrix              0.400E-04
       (ratio of smallest to largest eigenvalue)


CONFIDENCE INTERVALS OF MODEL RESULTS

                  Lower .5%  Lower 2.5%    Lower 5%    Estimate    Upper 5%  Upper 2.5%   Upper .5%

 X        BY
    X3               1.000       1.000       1.000       1.000       1.000       1.000       1.000
    X2              -0.095       0.111       0.216       0.767       1.318       1.424       1.630
    X1              -0.208      -0.081      -0.017       0.322       0.660       0.725       0.852

 M        BY
    M12              1.000       1.000       1.000       1.000       1.000       1.000       1.000
    M11              0.548       0.654       0.708       0.991       1.274       1.329       1.435
    M10              0.464       0.585       0.646       0.968       1.290       1.352       1.473
    M9               0.197       0.309       0.366       0.665       0.964       1.021       1.133
    M8               0.201       0.317       0.376       0.686       0.996       1.055       1.171
    M7               0.450       0.565       0.624       0.931       1.238       1.296       1.411
    M6               0.135       0.275       0.346       0.720       1.094       1.166       1.306
    M5               0.096       0.206       0.262       0.556       0.849       0.905       1.015
    M4              -0.023       0.094       0.153       0.465       0.776       0.836       0.953
    M3              -0.213      -0.090      -0.027       0.301       0.630       0.693       0.816
    M2              -0.139      -0.022       0.038       0.350       0.662       0.722       0.839
    M1              -0.194      -0.068      -0.004       0.332       0.669       0.733       0.859

 Y        BY
    Y3               1.000       1.000       1.000       1.000       1.000       1.000       1.000
    Y2               0.452       0.550       0.600       0.860       1.121       1.170       1.268
    Y1               0.163       0.243       0.283       0.495       0.707       0.748       0.827

 XM       BY
    X3M12            1.000       1.000       1.000       1.000       1.000       1.000       1.000
    X2M11          -12.193      -8.705      -6.921       2.398      11.716      13.501      16.989
    X1M10           -0.669      -0.279      -0.080       0.961       2.002       2.202       2.591

 Y        ON
    X               -1.044      -0.728      -0.566       0.280       1.126       1.288       1.605
    M                0.029       0.120       0.166       0.409       0.651       0.697       0.788
    XM              -1.126      -0.817      -0.658       0.169       0.995       1.154       1.463

 X        WITH
    M               -0.009       0.028       0.046       0.144       0.241       0.260       0.296
    XM              -0.142      -0.110      -0.094      -0.009       0.076       0.092       0.124

 M        WITH
    XM              -0.473      -0.366      -0.311      -0.025       0.261       0.315       0.423

 Intercepts
    X1              -0.128      -0.097      -0.082       0.000       0.082       0.097       0.128
    X2              -0.129      -0.098      -0.082       0.000       0.082       0.098       0.129
    X3              -0.128      -0.098      -0.082       0.000       0.082       0.098       0.128
    M1              -0.430      -0.328      -0.275       0.000       0.275       0.328       0.430
    M2              -0.398      -0.303      -0.254       0.000       0.254       0.303       0.398
    M3              -0.430      -0.327      -0.275       0.000       0.275       0.327       0.430
    M4              -0.395      -0.300      -0.252       0.000       0.252       0.300       0.395
    M5              -0.400      -0.305      -0.256       0.000       0.256       0.305       0.400
    M6              -0.435      -0.331      -0.278       0.000       0.278       0.331       0.435
    M7              -0.426      -0.324      -0.272       0.000       0.272       0.324       0.426
    M8              -0.381      -0.290      -0.243       0.000       0.243       0.290       0.381
    M9              -0.382      -0.290      -0.244       0.000       0.244       0.290       0.382
    M10             -0.383      -0.291      -0.244       0.000       0.244       0.291       0.383
    M11             -0.409      -0.311      -0.261       0.000       0.261       0.311       0.409
    M12             -0.375      -0.285      -0.240       0.000       0.240       0.285       0.375
    Y1               0.516       0.570       0.598       0.742       0.886       0.914       0.968
    Y2               0.492       0.557       0.590       0.764       0.938       0.971       1.036
    Y3               0.704       0.777       0.815       1.010       1.205       1.242       1.315
    X1M10           -0.182      -0.138      -0.116       0.000       0.116       0.138       0.182
    X2M11           -0.202      -0.154      -0.129       0.000       0.129       0.154       0.202
    X3M12           -0.190      -0.144      -0.121       0.000       0.121       0.144       0.190

 Variances
    X               -0.016       0.020       0.039       0.136       0.233       0.251       0.288
    M                0.296       0.457       0.539       0.968       1.397       1.480       1.640
    XM              -0.358      -0.256      -0.204       0.068       0.340       0.393       0.494

 Residual Variances
    X1               0.191       0.201       0.206       0.232       0.259       0.264       0.274
    X2               0.061       0.087       0.100       0.170       0.239       0.253       0.279
    X3              -0.039      -0.003       0.015       0.112       0.208       0.226       0.263
    M1               2.168       2.292       2.355       2.686       3.017       3.080       3.204
    M2               1.772       1.892       1.954       2.275       2.596       2.657       2.777
    M3               2.190       2.311       2.374       2.700       3.025       3.088       3.210
    M4               1.580       1.713       1.782       2.138       2.495       2.563       2.697
    M5               1.503       1.650       1.725       2.117       2.510       2.585       2.732
    M6               1.608       1.784       1.874       2.344       2.813       2.903       3.079
    M7               1.192       1.359       1.445       1.891       2.338       2.423       2.590
    M8               1.170       1.305       1.374       1.734       2.093       2.162       2.297
    M9               1.186       1.325       1.396       1.768       2.140       2.211       2.351
    M10              0.622       0.784       0.867       1.300       1.733       1.816       1.978
    M11              0.966       1.109       1.183       1.565       1.948       2.021       2.164
    M12              0.566       0.706       0.778       1.153       1.528       1.600       1.740
    Y1               0.308       0.366       0.396       0.553       0.710       0.740       0.799
    Y2               0.133       0.211       0.251       0.460       0.668       0.708       0.786
    Y3               0.079       0.184       0.238       0.519       0.800       0.854       0.959
    X1M10            0.143       0.213       0.249       0.436       0.623       0.658       0.728
    X2M11           -2.123      -1.562      -1.275       0.223       1.721       2.008       2.569
    X3M12            0.011       0.122       0.178       0.474       0.769       0.825       0.936
    Y                0.270       0.369       0.420       0.685       0.950       1.001       1.100

New/Additional Parameters
    VAR_Y            0.333       0.466       0.534       0.888       1.242       1.310       1.442
    STD_B1          -0.364      -0.250      -0.193       0.110       0.412       0.470       0.583
    STD_B2           0.107       0.183       0.223       0.427       0.631       0.670       0.746
    STD_B3          -0.430      -0.312      -0.251       0.065       0.381       0.442       0.560


TECHNICAL 1 OUTPUT


     PARAMETER SPECIFICATION


           NU
              X1            X2            X3            M1            M2
              ________      ________      ________      ________      ________
                  1             2             3             4             5


           NU
              M3            M4            M5            M6            M7
              ________      ________      ________      ________      ________
                  6             7             8             9            10


           NU
              M8            M9            M10           M11           M12
              ________      ________      ________      ________      ________
                 11            12            13            14            15


           NU
              Y1            Y2            Y3            X1M10         X2M11
              ________      ________      ________      ________      ________
                 16            17            18            19            20


           NU
              X3M12
              ________
                 21


           LAMBDA
              X             M             Y             XM
              ________      ________      ________      ________
 X1                22             0             0             0
 X2                23             0             0             0
 X3                 0             0             0             0
 M1                 0            24             0             0
 M2                 0            25             0             0
 M3                 0            26             0             0
 M4                 0            27             0             0
 M5                 0            28             0             0
 M6                 0            29             0             0
 M7                 0            30             0             0
 M8                 0            31             0             0
 M9                 0            32             0             0
 M10                0            33             0             0
 M11                0            34             0             0
 M12                0             0             0             0
 Y1                 0             0            35             0
 Y2                 0             0            36             0
 Y3                 0             0             0             0
 X1M10              0             0             0            37
 X2M11              0             0             0            38
 X3M12              0             0             0             0


           THETA
              X1            X2            X3            M1            M2
              ________      ________      ________      ________      ________
 X1                39
 X2                 0            40
 X3                 0             0            41
 M1                 0             0             0            42
 M2                 0             0             0             0            43
 M3                 0             0             0             0             0
 M4                 0             0             0             0             0
 M5                 0             0             0             0             0
 M6                 0             0             0             0             0
 M7                 0             0             0             0             0
 M8                 0             0             0             0             0
 M9                 0             0             0             0             0
 M10                0             0             0             0             0
 M11                0             0             0             0             0
 M12                0             0             0             0             0
 Y1                 0             0             0             0             0
 Y2                 0             0             0             0             0
 Y3                 0             0             0             0             0
 X1M10              0             0             0             0             0
 X2M11              0             0             0             0             0
 X3M12              0             0             0             0             0


           THETA
              M3            M4            M5            M6            M7
              ________      ________      ________      ________      ________
 M3                44
 M4                 0            45
 M5                 0             0            46
 M6                 0             0             0            47
 M7                 0             0             0             0            48
 M8                 0             0             0             0             0
 M9                 0             0             0             0             0
 M10                0             0             0             0             0
 M11                0             0             0             0             0
 M12                0             0             0             0             0
 Y1                 0             0             0             0             0
 Y2                 0             0             0             0             0
 Y3                 0             0             0             0             0
 X1M10              0             0             0             0             0
 X2M11              0             0             0             0             0
 X3M12              0             0             0             0             0


           THETA
              M8            M9            M10           M11           M12
              ________      ________      ________      ________      ________
 M8                49
 M9                 0            50
 M10                0             0            51
 M11                0             0             0            52
 M12                0             0             0             0            53
 Y1                 0             0             0             0             0
 Y2                 0             0             0             0             0
 Y3                 0             0             0             0             0
 X1M10              0             0             0             0             0
 X2M11              0             0             0             0             0
 X3M12              0             0             0             0             0


           THETA
              Y1            Y2            Y3            X1M10         X2M11
              ________      ________      ________      ________      ________
 Y1                54
 Y2                 0            55
 Y3                 0             0            56
 X1M10              0             0             0            57
 X2M11              0             0             0             0            58
 X3M12              0             0             0             0             0


           THETA
              X3M12
              ________
 X3M12             59


           ALPHA
              X             M             Y             XM
              ________      ________      ________      ________
                  0             0             0             0


           BETA
              X             M             Y             XM
              ________      ________      ________      ________
 X                  0             0             0             0
 M                  0             0             0             0
 Y                 60            61             0            62
 XM                 0             0             0             0


           PSI
              X             M             Y             XM
              ________      ________      ________      ________
 X                 63
 M                 64            65
 Y                  0             0            66
 XM                67            68             0            69


     PARAMETER SPECIFICATION FOR THE ADDITIONAL PARAMETERS


           New/Additional Parameters
              VAR_Y         STD_B1        STD_B2        STD_B3
              ________      ________      ________      ________
                   70            71            72            73


     STARTING VALUES


           NU
              X1            X2            X3            M1            M2
              ________      ________      ________      ________      ________
                0.000         0.000         0.000         0.000         0.000


           NU
              M3            M4            M5            M6            M7
              ________      ________      ________      ________      ________
                0.000         0.000         0.000         0.000         0.000


           NU
              M8            M9            M10           M11           M12
              ________      ________      ________      ________      ________
                0.000         0.000         0.000         0.000         0.000


           NU
              Y1            Y2            Y3            X1M10         X2M11
              ________      ________      ________      ________      ________
                0.742         0.764         1.010         0.000         0.000


           NU
              X3M12
              ________
                0.000


           LAMBDA
              X             M             Y             XM
              ________      ________      ________      ________
 X1             0.373         0.000         0.000         0.000
 X2             0.924         0.000         0.000         0.000
 X3             1.000         0.000         0.000         0.000
 M1             0.000         2.137         0.000         0.000
 M2             0.000         0.621         0.000         0.000
 M3             0.000         0.307         0.000         0.000
 M4             0.000         0.511         0.000         0.000
 M5             0.000         0.874         0.000         0.000
 M6             0.000        -0.212         0.000         0.000
 M7             0.000         1.954         0.000         0.000
 M8             0.000         0.140         0.000         0.000
 M9             0.000         0.809         0.000         0.000
 M10            0.000         0.691         0.000         0.000
 M11            0.000         1.968         0.000         0.000
 M12            0.000         1.000         0.000         0.000
 Y1             0.000         0.000         0.512         0.000
 Y2             0.000         0.000         0.892         0.000
 Y3             0.000         0.000         1.000         0.000
 X1M10          0.000         0.000         0.000         0.989
 X2M11          0.000         0.000         0.000         4.670
 X3M12          0.000         0.000         0.000         1.000


           THETA
              X1            X2            X3            M1            M2
              ________      ________      ________      ________      ________
 X1             0.123
 X2             0.000         0.125
 X3             0.000         0.000         0.124
 M1             0.000         0.000         0.000         1.397
 M2             0.000         0.000         0.000         0.000         1.197
 M3             0.000         0.000         0.000         0.000         0.000
 M4             0.000         0.000         0.000         0.000         0.000
 M5             0.000         0.000         0.000         0.000         0.000
 M6             0.000         0.000         0.000         0.000         0.000
 M7             0.000         0.000         0.000         0.000         0.000
 M8             0.000         0.000         0.000         0.000         0.000
 M9             0.000         0.000         0.000         0.000         0.000
 M10            0.000         0.000         0.000         0.000         0.000
 M11            0.000         0.000         0.000         0.000         0.000
 M12            0.000         0.000         0.000         0.000         0.000
 Y1             0.000         0.000         0.000         0.000         0.000
 Y2             0.000         0.000         0.000         0.000         0.000
 Y3             0.000         0.000         0.000         0.000         0.000
 X1M10          0.000         0.000         0.000         0.000         0.000
 X2M11          0.000         0.000         0.000         0.000         0.000
 X3M12          0.000         0.000         0.000         0.000         0.000


           THETA
              M3            M4            M5            M6            M7
              ________      ________      ________      ________      ________
 M3             1.394
 M4             0.000         1.174
 M5             0.000         0.000         1.208
 M6             0.000         0.000         0.000         1.423
 M7             0.000         0.000         0.000         0.000         1.365
 M8             0.000         0.000         0.000         0.000         0.000
 M9             0.000         0.000         0.000         0.000         0.000
 M10            0.000         0.000         0.000         0.000         0.000
 M11            0.000         0.000         0.000         0.000         0.000
 M12            0.000         0.000         0.000         0.000         0.000
 Y1             0.000         0.000         0.000         0.000         0.000
 Y2             0.000         0.000         0.000         0.000         0.000
 Y3             0.000         0.000         0.000         0.000         0.000
 X1M10          0.000         0.000         0.000         0.000         0.000
 X2M11          0.000         0.000         0.000         0.000         0.000
 X3M12          0.000         0.000         0.000         0.000         0.000


           THETA
              M8            M9            M10           M11           M12
              ________      ________      ________      ________      ________
 M8             1.095
 M9             0.000         1.098
 M10            0.000         0.000         1.104
 M11            0.000         0.000         0.000         1.258
 M12            0.000         0.000         0.000         0.000         1.061
 Y1             0.000         0.000         0.000         0.000         0.000
 Y2             0.000         0.000         0.000         0.000         0.000
 Y3             0.000         0.000         0.000         0.000         0.000
 X1M10          0.000         0.000         0.000         0.000         0.000
 X2M11          0.000         0.000         0.000         0.000         0.000
 X3M12          0.000         0.000         0.000         0.000         0.000


           THETA
              Y1            Y2            Y3            X1M10         X2M11
              ________      ________      ________      ________      ________
 Y1             0.385
 Y2             0.000         0.558
 Y3             0.000         0.000         0.703
 X1M10          0.000         0.000         0.000         0.249
 X2M11          0.000         0.000         0.000         0.000         0.307
 X3M12          0.000         0.000         0.000         0.000         0.000


           THETA
              X3M12
              ________
 X3M12          0.271


           ALPHA
              X             M             Y             XM
              ________      ________      ________      ________
                0.000         0.000         0.000         0.000


           BETA
              X             M             Y             XM
              ________      ________      ________      ________
 X              0.000         0.000         0.000         0.000
 M              0.000         0.000         0.000         0.000
 Y              0.000         0.000         0.000         0.000
 XM             0.000         0.000         0.000         0.000


           PSI
              X             M             Y             XM
              ________      ________      ________      ________
 X              0.050
 M              0.000         0.050
 Y              0.000         0.000         0.050
 XM             0.000         0.000         0.000         0.050


     STARTING VALUES FOR THE ADDITIONAL PARAMETERS


           New/Additional Parameters
              VAR_Y         STD_B1        STD_B2        STD_B3
              ________      ________      ________      ________
                0.500         0.500         0.500         0.500


RESULTS SAVING INFORMATION

  Order of data

    Parameter estimates
     (saved in order shown in Technical 1 output)
    Standard errors
     (saved in order shown in Technical 1 output)
    Number of Free Parameters
    H0 Loglikelihood
    H0 Scaling Correction Factor for MLR
    H1 Loglikelihood
    H1 Scaling Correction Factor for MLR
    Akaike (AIC)
    Bayesian (BIC)
    Sample-Size Adjusted BIC
    Chi-square : Value
    Chi-square : Degrees of Freedom
    Chi-square : P-Value
    Chi-square : Scaling Correction Factor for MLR/MLM/WLSM
    CFI
    TLI
    RMSEA : Estimate
    RMSEA : Low CI
    RMSEA : High CI
    RMSEA : Probability
    SRMR
    Condition Number

  Save file
    matchupi_results_753.dat

  Save file format           Free


     Beginning Time:  15:49:28
        Ending Time:  15:49:29
       Elapsed Time:  00:00:01



MUTHEN & MUTHEN
3463 Stoner Ave.
Los Angeles, CA  90066

Tel: (310) 391-9971
Fax: (310) 391-8971
Web: www.StatModel.com
Support: Support@StatModel.com

Copyright (c) 1998-2022 Muthen & Muthen
