Mplus VERSION 8.8 (Mac)
MUTHEN & MUTHEN
07/27/2025   8:42 PM

INPUT INSTRUCTIONS


    TITLE: Matched-pair Unconstrained Product Indicator

    DATA:
      FILE = matchupi_simdat_1779.dat;
      FORMAT IS FREE;

    VARIABLE:
      NAMES = x1 x2 x3
      	    m1 m2 m3 m4 m5 m6
      	    m7 m8 m9 m10 m11 m12
      	    y1 y2 y3
      	    x1m10 x2m11 x3m12;
      USEVARIABLES = x1-x3m12;

    ANALYSIS:
      TYPE = general;
      ESTIMATOR = MLR;
    MODEL:
      !measurement model
      X BY x3 x2 x1;
      X (var_X);
      M BY m12 m11 m10 m9 m8 m7 m6 m5 m4 m3 m2 m1;
      M (var_M);
      Y BY y3 y2 y1;
      Y (resvar_Y);
      XM BY x3m12 x2m11 x1m10;
      XM (var_XM);

      !covariances between predictors
      X WITH M (cov_XM);
      X WITH XM (cov_XXM);
      M WITH XM (cov_MXM);

      !structural model
      Y ON X (b1);
      Y ON M (b2);
      Y ON XM (b3);

    MODEL CONSTRAINT:

      NEW(var_Y std_b1 std_b2 std_b3);
      var_Y = resvar_Y +
       (b1^2 * var_X +
        b2^2 * var_M +
        b3^2 * var_XM +
        2 * b1 * b2 * cov_XM +
        2 * b1 * b3 * cov_XXM +
        2 * b2 * b3 * cov_MXM);

        std_b1 = b1 * sqrt(var_X) / sqrt(var_Y);
        std_b2 = b2 * sqrt(var_M) / sqrt(var_Y);
        std_b3 = b3 * sqrt(var_X) * sqrt(var_M) / sqrt(var_Y);

    OUTPUT:
      sampstat tech1 CINTERVAL;

    SAVEDATA:
      RESULTS = matchupi_results_1779.dat;




INPUT READING TERMINATED NORMALLY



Matched-pair Unconstrained Product Indicator

SUMMARY OF ANALYSIS

Number of groups                                                 1
Number of observations                                         100

Number of dependent variables                                   21
Number of independent variables                                  0
Number of continuous latent variables                            4

Observed dependent variables

  Continuous
   X1          X2          X3          M1          M2          M3
   M4          M5          M6          M7          M8          M9
   M10         M11         M12         Y1          Y2          Y3
   X1M10       X2M11       X3M12

Continuous latent variables
   X           M           Y           XM


Estimator                                                      MLR
Information matrix                                        OBSERVED
Maximum number of iterations                                  1000
Convergence criterion                                    0.500D-04
Maximum number of steepest descent iterations                   20

Input data file(s)
  matchupi_simdat_1779.dat

Input data format  FREE


SAMPLE STATISTICS


     SAMPLE STATISTICS


           Means
              X1            X2            X3            M1            M2
              ________      ________      ________      ________      ________
                0.000         0.000         0.000         0.000         0.000


           Means
              M3            M4            M5            M6            M7
              ________      ________      ________      ________      ________
                0.000         0.000         0.000         0.000         0.000


           Means
              M8            M9            M10           M11           M12
              ________      ________      ________      ________      ________
                0.000         0.000         0.000         0.000         0.000


           Means
              Y1            Y2            Y3            X1M10         X2M11
              ________      ________      ________      ________      ________
                0.617         0.871         1.078         0.000         0.000


           Means
              X3M12
              ________
                0.000


           Covariances
              X1            X2            X3            M1            M2
              ________      ________      ________      ________      ________
 X1             0.248
 X2             0.068         0.246
 X3             0.068         0.126         0.246
 M1             0.026        -0.053         0.167         2.589
 M2            -0.021         0.182         0.092        -0.013         2.618
 M3            -0.022         0.002         0.002        -0.026         0.448
 M4             0.005         0.037         0.037        -0.324         0.487
 M5             0.154         0.110         0.040         0.150         0.073
 M6             0.077        -0.002         0.018        -0.042        -0.105
 M7            -0.057         0.045         0.115         0.218         0.471
 M8             0.041         0.048         0.128         0.093         0.152
 M9            -0.023         0.058         0.098        -0.182         0.405
 M10            0.186         0.077         0.157        -0.001         0.107
 M11            0.194         0.052         0.152         0.189         0.020
 M12           -0.022         0.055         0.115         0.175         0.449
 Y1             0.041         0.111         0.122        -0.048         0.141
 Y2             0.103         0.142         0.100        -0.097         0.021
 Y3             0.174         0.176         0.204        -0.018         0.092
 X1M10          0.043         0.010         0.014        -0.120         0.114
 X2M11         -0.006         0.006         0.055         0.100        -0.047
 X3M12          0.015        -0.015         0.008        -0.066         0.160


           Covariances
              M3            M4            M5            M6            M7
              ________      ________      ________      ________      ________
 M3             2.560
 M4             0.116         2.746
 M5            -0.168         0.479         2.244
 M6            -0.280         0.724         0.133         2.607
 M7             0.014         0.020         0.133        -0.374         2.594
 M8             0.612         0.513         0.377         0.196         0.699
 M9             0.020         0.614         0.313         0.058         0.446
 M10           -0.056         0.596         0.500         0.569         0.458
 M11           -0.092         0.547         0.288         0.482         0.421
 M12            0.164         0.520         0.338         0.569         0.664
 Y1             0.173         0.213         0.270        -0.021         0.057
 Y2             0.080         0.122         0.360         0.045         0.202
 Y3             0.065         0.037         0.330         0.002         0.285
 X1M10          0.010        -0.187        -0.205         0.011         0.184
 X2M11          0.038         0.051        -0.228         0.078         0.042
 X3M12          0.026        -0.068        -0.173         0.086        -0.175


           Covariances
              M8            M9            M10           M11           M12
              ________      ________      ________      ________      ________
 M8             2.358
 M9             0.706         2.167
 M10            0.483         0.959         2.509
 M11            0.770         0.702         0.289         2.090
 M12            0.671         0.769         0.865         0.951         2.381
 Y1             0.321         0.181         0.148         0.240         0.355
 Y2             0.038         0.216         0.210         0.331         0.406
 Y3             0.307         0.036         0.291         0.376         0.508
 X1M10         -0.099        -0.033         0.035        -0.117         0.039
 X2M11          0.037        -0.030        -0.031         0.056        -0.033
 X3M12         -0.052         0.090         0.094        -0.081        -0.303


           Covariances
              Y1            Y2            Y3            X1M10         X2M11
              ________      ________      ________      ________      ________
 Y1             0.645
 Y2             0.301         1.124
 Y3             0.439         0.796         1.284
 X1M10          0.012        -0.018         0.038         0.578
 X2M11         -0.069         0.066         0.107         0.040         0.519
 X3M12         -0.049        -0.109        -0.106         0.137        -0.031


           Covariances
              X3M12
              ________
 X3M12          0.596


           Correlations
              X1            X2            X3            M1            M2
              ________      ________      ________      ________      ________
 X1             1.000
 X2             0.273         1.000
 X3             0.273         0.513         1.000
 M1             0.033        -0.067         0.209         1.000
 M2            -0.026         0.226         0.114        -0.005         1.000
 M3            -0.028         0.003         0.003        -0.010         0.173
 M4             0.006         0.045         0.045        -0.121         0.182
 M5             0.206         0.148         0.054         0.062         0.030
 M6             0.096        -0.002         0.022        -0.016        -0.040
 M7            -0.071         0.056         0.144         0.084         0.181
 M8             0.053         0.063         0.168         0.038         0.061
 M9            -0.031         0.079         0.134        -0.077         0.170
 M10            0.236         0.098         0.199         0.000         0.042
 M11            0.270         0.072         0.211         0.081         0.009
 M12           -0.028         0.072         0.150         0.071         0.180
 Y1             0.102         0.277         0.305        -0.037         0.108
 Y2             0.195         0.270         0.191        -0.057         0.012
 Y3             0.308         0.313         0.363        -0.010         0.050
 X1M10          0.113         0.026         0.036        -0.098         0.092
 X2M11         -0.018         0.017         0.155         0.086        -0.041
 X3M12          0.039        -0.040         0.020        -0.053         0.128


           Correlations
              M3            M4            M5            M6            M7
              ________      ________      ________      ________      ________
 M3             1.000
 M4             0.044         1.000
 M5            -0.070         0.193         1.000
 M6            -0.108         0.271         0.055         1.000
 M7             0.005         0.008         0.055        -0.144         1.000
 M8             0.249         0.202         0.164         0.079         0.283
 M9             0.008         0.252         0.142         0.024         0.188
 M10           -0.022         0.227         0.211         0.222         0.179
 M11           -0.040         0.228         0.133         0.206         0.181
 M12            0.066         0.204         0.146         0.228         0.267
 Y1             0.135         0.160         0.224        -0.016         0.044
 Y2             0.047         0.069         0.226         0.026         0.118
 Y3             0.036         0.020         0.195         0.001         0.156
 X1M10          0.008        -0.149        -0.180         0.009         0.151
 X2M11          0.033         0.043        -0.211         0.067         0.036
 X3M12          0.021        -0.054        -0.149         0.069        -0.141


           Correlations
              M8            M9            M10           M11           M12
              ________      ________      ________      ________      ________
 M8             1.000
 M9             0.312         1.000
 M10            0.199         0.411         1.000
 M11            0.347         0.330         0.126         1.000
 M12            0.283         0.338         0.354         0.426         1.000
 Y1             0.260         0.153         0.116         0.207         0.286
 Y2             0.023         0.138         0.125         0.216         0.248
 Y3             0.176         0.022         0.162         0.230         0.290
 X1M10         -0.085        -0.030         0.029        -0.107         0.033
 X2M11          0.033        -0.029        -0.027         0.054        -0.029
 X3M12         -0.043         0.079         0.077        -0.072        -0.255


           Correlations
              Y1            Y2            Y3            X1M10         X2M11
              ________      ________      ________      ________      ________
 Y1             1.000
 Y2             0.353         1.000
 Y3             0.482         0.662         1.000
 X1M10          0.020        -0.023         0.044         1.000
 X2M11         -0.118         0.086         0.131         0.072         1.000
 X3M12         -0.080        -0.133        -0.121         0.234        -0.056


           Correlations
              X3M12
              ________
 X3M12          1.000


UNIVARIATE SAMPLE STATISTICS


     UNIVARIATE HIGHER-ORDER MOMENT DESCRIPTIVE STATISTICS

         Variable/         Mean/     Skewness/   Minimum/ % with                Percentiles
        Sample Size      Variance    Kurtosis    Maximum  Min/Max      20%/60%    40%/80%    Median

     X1                    0.000       0.161      -0.460   54.00%      -0.460     -0.460     -0.460
             100.000       0.248      -1.974       0.540   46.00%       0.540      0.540
     X2                    0.000       0.242      -0.440   56.00%      -0.440     -0.440     -0.440
             100.000       0.246      -1.942       0.560   44.00%       0.560      0.560
     X3                    0.000       0.242      -0.440   56.00%      -0.440     -0.440     -0.440
             100.000       0.246      -1.942       0.560   44.00%       0.560      0.560
     M1                    0.000      -0.006      -2.030   27.00%      -2.030     -1.030     -0.030
             100.000       2.589      -1.595       1.970   30.00%       0.970      1.970
     M2                    0.000      -0.079      -2.110   26.00%      -2.110     -1.110     -0.110
             100.000       2.618      -1.589       1.890   33.00%       0.890      1.890
     M3                    0.000      -0.138      -2.200   22.00%      -2.200     -1.200     -0.200
             100.000       2.560      -1.585       1.800   35.00%       0.800      1.800
     M4                    0.000      -0.125      -2.120   29.00%      -2.120     -1.120     -0.120
             100.000       2.746      -1.626       1.880   34.00%       0.880      1.880
     M5                    0.000      -0.306      -2.340   18.00%      -1.340     -0.340     -0.340
             100.000       2.244      -1.327       1.660   34.00%       0.660      1.660
     M6                    0.000      -0.038      -2.050   27.00%      -2.050     -1.050     -0.050
             100.000       2.607      -1.611       1.950   30.00%       0.950      1.950
     M7                    0.000      -0.101      -2.080   28.00%      -2.080     -1.080     -0.080
             100.000       2.594      -1.574       1.920   30.00%       0.920      1.920
     M8                    0.000       0.085      -1.890   29.00%      -1.890     -0.890      0.110
             100.000       2.358      -1.458       2.110   23.00%       0.110      2.110
     M9                    0.000       0.008      -2.050   19.00%      -1.050     -1.050     -0.050
             100.000       2.167      -1.448       1.950   24.00%       0.950      1.950
     M10                   0.000      -0.049      -2.030   28.00%      -2.030     -1.030     -0.030
             100.000       2.509      -1.532       1.970   28.00%       0.970      1.970
     M11                   0.000      -0.286      -2.360   15.00%      -1.360     -0.360     -0.360
             100.000       2.090      -1.265       1.640   33.00%       0.640      1.640
     M12                   0.000       0.106      -1.830   32.00%      -1.830     -0.830      0.170
             100.000       2.381      -1.479       2.170   21.00%       0.170      2.170
     Y1                    0.617      -0.137      -1.711    1.00%      -0.038      0.439      0.590
             100.000       0.645       0.191       2.622    1.00%       0.851      1.250
     Y2                    0.871       0.122      -1.475    1.00%      -0.013      0.580      0.883
             100.000       1.124      -0.077       4.077    1.00%       1.117      1.858
     Y3                    1.078       0.245      -1.667    1.00%       0.200      0.710      1.019
             100.000       1.284       0.601       4.425    1.00%       1.229      1.987
     X1M10                 0.000      -0.220      -1.140   12.00%      -1.070     -0.190     -0.020
             100.000       0.578      -1.311       1.100   11.00%       0.540      0.690
     X2M11                 0.000      -0.217      -1.373    7.00%      -0.773     -0.253      0.107
             100.000       0.519      -1.105       0.987    8.00%       0.307      0.867
     X3M12                 0.000      -0.415      -1.282   11.00%      -1.092     -0.172      0.288
             100.000       0.596      -1.258       0.878   18.00%       0.338      0.748


     THIS ANALYSIS MAY HAVE MULTIPLE SOLUTIONS.  EXPLORE THIS USING RANDOM STARTS,
     FOR EXAMPLE, STARTS = 20.  USE A LARGE ENOUGH NUMBER OF STARTS SO THAT THE
     BEST FIT FUNCTION VALUE IS REPLICATED SEVERAL TIMES.


THE MODEL ESTIMATION TERMINATED NORMALLY

     THE STANDARD ERRORS OF THE MODEL PARAMETER ESTIMATES MAY NOT BE
     TRUSTWORTHY FOR SOME PARAMETERS DUE TO A NON-POSITIVE DEFINITE
     FIRST-ORDER DERIVATIVE PRODUCT MATRIX.  THIS MAY BE DUE TO THE STARTING
     VALUES BUT MAY ALSO BE AN INDICATION OF MODEL NONIDENTIFICATION.  THE
     CONDITION NUMBER IS      -0.707D-11.  PROBLEM INVOLVING THE FOLLOWING PARAMETER:
     Parameter 40, X2

     THIS IS MOST LIKELY DUE TO VARIABLE X1 BEING DICHOTOMOUS BUT
     DECLARED AS CONTINUOUS.


     WARNING:  THE RESIDUAL COVARIANCE MATRIX (THETA) IS NOT POSITIVE DEFINITE.
     THIS COULD INDICATE A NEGATIVE VARIANCE/RESIDUAL VARIANCE FOR AN OBSERVED
     VARIABLE, A CORRELATION GREATER OR EQUAL TO ONE BETWEEN TWO OBSERVED
     VARIABLES, OR A LINEAR DEPENDENCY AMONG MORE THAN TWO OBSERVED VARIABLES.
     CHECK THE RESULTS SECTION FOR MORE INFORMATION.
     PROBLEM INVOLVING VARIABLE X3M12.




MODEL FIT INFORMATION

Number of Free Parameters                       69

Loglikelihood

          H0 Value                       -3081.404
          H0 Scaling Correction Factor      0.8550
            for MLR
          H1 Value                       -2972.399
          H1 Scaling Correction Factor      0.9609
            for MLR

Information Criteria

          Akaike (AIC)                    6300.808
          Bayesian (BIC)                  6480.565
          Sample-Size Adjusted BIC        6262.646
            (n* = (n + 2) / 24)

Chi-Square Test of Model Fit

          Value                            217.841*
          Degrees of Freedom                   183
          P-Value                           0.0399
          Scaling Correction Factor         1.0008
            for MLR

*   The chi-square value for MLM, MLMV, MLR, ULSMV, WLSM and WLSMV cannot be used
    for chi-square difference testing in the regular way.  MLM, MLR and WLSM
    chi-square difference testing is described on the Mplus website.  MLMV, WLSMV,
    and ULSMV difference testing is done using the DIFFTEST option.

RMSEA (Root Mean Square Error Of Approximation)

          Estimate                           0.044
          90 Percent C.I.                    0.010  0.064
          Probability RMSEA <= .05           0.670

CFI/TLI

          CFI                                0.872
          TLI                                0.853

Chi-Square Test of Model Fit for the Baseline Model

          Value                            481.852
          Degrees of Freedom                   210
          P-Value                           0.0000

SRMR (Standardized Root Mean Square Residual)

          Value                              0.074



MODEL RESULTS

                                                    Two-Tailed
                    Estimate       S.E.  Est./S.E.    P-Value

 X        BY
    X3                 1.000      0.000    999.000    999.000
    X2                 0.909      0.205      4.429      0.000
    X1                 0.560      0.199      2.815      0.005

 M        BY
    M12                1.000      0.000    999.000    999.000
    M11                0.784      0.161      4.883      0.000
    M10                0.755      0.197      3.830      0.000
    M9                 0.776      0.213      3.645      0.000
    M8                 0.744      0.195      3.820      0.000
    M7                 0.544      0.180      3.013      0.003
    M6                 0.372      0.188      1.980      0.048
    M5                 0.421      0.189      2.221      0.026
    M4                 0.603      0.210      2.872      0.004
    M3                 0.115      0.187      0.615      0.538
    M2                 0.319      0.197      1.622      0.105
    M1                 0.063      0.192      0.325      0.745

 Y        BY
    Y3                 1.000      0.000    999.000    999.000
    Y2                 0.738      0.100      7.407      0.000
    Y1                 0.419      0.097      4.307      0.000

 XM       BY
    X3M12              1.000      0.000    999.000    999.000
    X2M11             -0.002      0.183     -0.011      0.991
    X1M10              0.008      0.704      0.011      0.991

 Y        ON
    X                  1.335      0.438      3.048      0.002
    M                  0.224      0.128      1.745      0.081
    XM                -0.005      0.462     -0.011      0.991

 X        WITH
    M                  0.125      0.058      2.143      0.032
    XM                -0.002      0.034     -0.050      0.960

 M        WITH
    XM                -0.095      0.125     -0.758      0.448

 Intercepts
    X1                 0.000      0.050      0.000      1.000
    X2                 0.000      0.050      0.000      1.000
    X3                 0.000      0.050      0.000      1.000
    M1                 0.000      0.161      0.000      1.000
    M2                 0.000      0.162      0.000      1.000
    M3                 0.000      0.160      0.000      1.000
    M4                 0.000      0.166      0.000      1.000
    M5                 0.000      0.150      0.000      1.000
    M6                 0.000      0.161      0.000      1.000
    M7                 0.000      0.161      0.000      1.000
    M8                 0.000      0.154      0.000      1.000
    M9                 0.000      0.147      0.000      1.000
    M10                0.000      0.158      0.000      1.000
    M11                0.000      0.145      0.000      1.000
    M12                0.000      0.154      0.000      1.000
    Y1                 0.617      0.080      7.677      0.000
    Y2                 0.871      0.106      8.212      0.000
    Y3                 1.078      0.113      9.507      0.000
    X1M10              0.000      0.076      0.000      1.000
    X2M11              0.000      0.072      0.000      1.000
    X3M12              0.000      0.077      0.000      1.000

 Variances
    X                  0.135      0.039      3.471      0.001
    M                  1.098      0.310      3.538      0.000
    XM                18.231   1689.427      0.011      0.991

 Residual Variances
    X1                 0.206      0.024      8.436      0.000
    X2                 0.135      0.034      3.931      0.000
    X3                 0.111      0.039      2.856      0.004
    M1                 2.585      0.163     15.821      0.000
    M2                 2.506      0.190     13.203      0.000
    M3                 2.546      0.168     15.159      0.000
    M4                 2.347      0.241      9.731      0.000
    M5                 2.050      0.200     10.273      0.000
    M6                 2.456      0.207     11.842      0.000
    M7                 2.269      0.237      9.558      0.000
    M8                 1.750      0.235      7.452      0.000
    M9                 1.506      0.288      5.224      0.000
    M10                1.884      0.279      6.752      0.000
    M11                1.416      0.251      5.653      0.000
    M12                1.283      0.287      4.466      0.000
    Y1                 0.458      0.091      5.028      0.000
    Y2                 0.545      0.085      6.402      0.000
    Y3                 0.220      0.122      1.805      0.071
    X1M10              0.577      0.113      5.118      0.000
    X2M11              0.519      0.050     10.472      0.000
    X3M12            -17.635   1689.431     -0.010      0.992
    Y                  0.693      0.201      3.455      0.001

New/Additional Parameters
    VAR_Y              1.064      0.245      4.343      0.000
    STD_B1             0.476      0.116      4.103      0.000
    STD_B2             0.227      0.133      1.716      0.086
    STD_B3            -0.002      0.173     -0.011      0.991


QUALITY OF NUMERICAL RESULTS

     Condition Number for the Information Matrix              0.170E-09
       (ratio of smallest to largest eigenvalue)


CONFIDENCE INTERVALS OF MODEL RESULTS

                  Lower .5%  Lower 2.5%    Lower 5%    Estimate    Upper 5%  Upper 2.5%   Upper .5%

 X        BY
    X3               1.000       1.000       1.000       1.000       1.000       1.000       1.000
    X2               0.380       0.507       0.571       0.909       1.246       1.311       1.437
    X1               0.048       0.170       0.233       0.560       0.887       0.949       1.072

 M        BY
    M12              1.000       1.000       1.000       1.000       1.000       1.000       1.000
    M11              0.370       0.469       0.520       0.784       1.048       1.098       1.197
    M10              0.247       0.368       0.430       0.755       1.079       1.141       1.262
    M9               0.228       0.359       0.426       0.776       1.127       1.194       1.325
    M8               0.242       0.362       0.424       0.744       1.065       1.126       1.246
    M7               0.079       0.190       0.247       0.544       0.840       0.897       1.008
    M6              -0.112       0.004       0.063       0.372       0.680       0.739       0.855
    M5              -0.067       0.049       0.109       0.421       0.732       0.792       0.908
    M4               0.062       0.191       0.258       0.603       0.948       1.014       1.144
    M3              -0.366      -0.251      -0.192       0.115       0.422       0.481       0.596
    M2              -0.188      -0.067      -0.004       0.319       0.643       0.705       0.827
    M1              -0.433      -0.315      -0.254       0.063       0.379       0.440       0.558

 Y        BY
    Y3               1.000       1.000       1.000       1.000       1.000       1.000       1.000
    Y2               0.481       0.543       0.574       0.738       0.902       0.933       0.994
    Y1               0.169       0.229       0.259       0.419       0.580       0.610       0.670

 XM       BY
    X3M12            1.000       1.000       1.000       1.000       1.000       1.000       1.000
    X2M11           -0.473      -0.361      -0.303      -0.002       0.299       0.357       0.469
    X1M10           -1.805      -1.372      -1.150       0.008       1.165       1.387       1.820

 Y        ON
    X                0.207       0.477       0.614       1.335       2.055       2.193       2.463
    M               -0.107      -0.028       0.013       0.224       0.435       0.475       0.554
    XM              -1.196      -0.911      -0.766      -0.005       0.756       0.901       1.186

 X        WITH
    M               -0.025       0.011       0.029       0.125       0.222       0.240       0.276
    XM              -0.089      -0.068      -0.057      -0.002       0.054       0.065       0.085

 M        WITH
    XM              -0.417      -0.340      -0.300      -0.095       0.111       0.150       0.227

 Intercepts
    X1              -0.128      -0.098      -0.082       0.000       0.082       0.098       0.128
    X2              -0.128      -0.097      -0.082       0.000       0.082       0.097       0.128
    X3              -0.128      -0.097      -0.082       0.000       0.082       0.097       0.128
    M1              -0.414      -0.315      -0.265       0.000       0.265       0.315       0.414
    M2              -0.417      -0.317      -0.266       0.000       0.266       0.317       0.417
    M3              -0.412      -0.314      -0.263       0.000       0.263       0.314       0.412
    M4              -0.427      -0.325      -0.273       0.000       0.273       0.325       0.427
    M5              -0.386      -0.294      -0.246       0.000       0.246       0.294       0.386
    M6              -0.416      -0.316      -0.266       0.000       0.266       0.316       0.416
    M7              -0.415      -0.316      -0.265       0.000       0.265       0.316       0.415
    M8              -0.396      -0.301      -0.253       0.000       0.253       0.301       0.396
    M9              -0.379      -0.289      -0.242       0.000       0.242       0.289       0.379
    M10             -0.408      -0.310      -0.261       0.000       0.261       0.310       0.408
    M11             -0.372      -0.283      -0.238       0.000       0.238       0.283       0.372
    M12             -0.397      -0.302      -0.254       0.000       0.254       0.302       0.397
    Y1               0.410       0.459       0.484       0.617       0.749       0.774       0.823
    Y2               0.598       0.663       0.696       0.871       1.045       1.079       1.144
    Y3               0.786       0.855       0.891       1.078       1.264       1.300       1.369
    X1M10           -0.196      -0.149      -0.125       0.000       0.125       0.149       0.196
    X2M11           -0.186      -0.141      -0.119       0.000       0.119       0.141       0.186
    X3M12           -0.199      -0.151      -0.127       0.000       0.127       0.151       0.199

 Variances
    X                0.035       0.059       0.071       0.135       0.199       0.211       0.235
    M                0.299       0.490       0.587       1.098       1.608       1.706       1.897
    XM           -4333.396   -3293.047   -2760.877      18.231    2797.339    3329.509    4369.857

 Residual Variances
    X1               0.143       0.158       0.166       0.206       0.246       0.254       0.269
    X2               0.046       0.068       0.078       0.135       0.191       0.202       0.223
    X3               0.011       0.035       0.047       0.111       0.175       0.188       0.212
    M1               2.164       2.265       2.316       2.585       2.854       2.905       3.006
    M2               2.017       2.134       2.194       2.506       2.818       2.878       2.995
    M3               2.113       2.216       2.269       2.546       2.822       2.875       2.978
    M4               1.725       1.874       1.950       2.347       2.743       2.819       2.968
    M5               1.536       1.659       1.722       2.050       2.379       2.441       2.564
    M6               1.922       2.049       2.115       2.456       2.797       2.862       2.990
    M7               1.658       1.804       1.879       2.269       2.660       2.735       2.881
    M8               1.145       1.289       1.363       1.750       2.136       2.210       2.354
    M9               0.764       0.941       1.032       1.506       1.980       2.071       2.249
    M10              1.165       1.337       1.425       1.884       2.343       2.431       2.603
    M11              0.771       0.925       1.004       1.416       1.828       1.907       2.062
    M12              0.543       0.720       0.811       1.283       1.756       1.847       2.024
    Y1               0.223       0.279       0.308       0.458       0.608       0.636       0.692
    Y2               0.326       0.378       0.405       0.545       0.685       0.712       0.764
    Y3              -0.094      -0.019       0.020       0.220       0.421       0.460       0.535
    X1M10            0.287       0.356       0.392       0.577       0.763       0.798       0.868
    X2M11            0.391       0.422       0.438       0.519       0.601       0.616       0.647
    X3M12        -4369.271   -3328.920   -2796.749     -17.635    2761.479    3293.650    4334.001
    Y                0.176       0.300       0.363       0.693       1.022       1.086       1.209

New/Additional Parameters
    VAR_Y            0.433       0.584       0.661       1.064       1.467       1.544       1.695
    STD_B1           0.177       0.248       0.285       0.476       0.666       0.703       0.774
    STD_B2          -0.114      -0.032       0.009       0.227       0.445       0.487       0.569
    STD_B3          -0.447      -0.340      -0.286      -0.002       0.282       0.337       0.443


TECHNICAL 1 OUTPUT


     PARAMETER SPECIFICATION


           NU
              X1            X2            X3            M1            M2
              ________      ________      ________      ________      ________
                  1             2             3             4             5


           NU
              M3            M4            M5            M6            M7
              ________      ________      ________      ________      ________
                  6             7             8             9            10


           NU
              M8            M9            M10           M11           M12
              ________      ________      ________      ________      ________
                 11            12            13            14            15


           NU
              Y1            Y2            Y3            X1M10         X2M11
              ________      ________      ________      ________      ________
                 16            17            18            19            20


           NU
              X3M12
              ________
                 21


           LAMBDA
              X             M             Y             XM
              ________      ________      ________      ________
 X1                22             0             0             0
 X2                23             0             0             0
 X3                 0             0             0             0
 M1                 0            24             0             0
 M2                 0            25             0             0
 M3                 0            26             0             0
 M4                 0            27             0             0
 M5                 0            28             0             0
 M6                 0            29             0             0
 M7                 0            30             0             0
 M8                 0            31             0             0
 M9                 0            32             0             0
 M10                0            33             0             0
 M11                0            34             0             0
 M12                0             0             0             0
 Y1                 0             0            35             0
 Y2                 0             0            36             0
 Y3                 0             0             0             0
 X1M10              0             0             0            37
 X2M11              0             0             0            38
 X3M12              0             0             0             0


           THETA
              X1            X2            X3            M1            M2
              ________      ________      ________      ________      ________
 X1                39
 X2                 0            40
 X3                 0             0            41
 M1                 0             0             0            42
 M2                 0             0             0             0            43
 M3                 0             0             0             0             0
 M4                 0             0             0             0             0
 M5                 0             0             0             0             0
 M6                 0             0             0             0             0
 M7                 0             0             0             0             0
 M8                 0             0             0             0             0
 M9                 0             0             0             0             0
 M10                0             0             0             0             0
 M11                0             0             0             0             0
 M12                0             0             0             0             0
 Y1                 0             0             0             0             0
 Y2                 0             0             0             0             0
 Y3                 0             0             0             0             0
 X1M10              0             0             0             0             0
 X2M11              0             0             0             0             0
 X3M12              0             0             0             0             0


           THETA
              M3            M4            M5            M6            M7
              ________      ________      ________      ________      ________
 M3                44
 M4                 0            45
 M5                 0             0            46
 M6                 0             0             0            47
 M7                 0             0             0             0            48
 M8                 0             0             0             0             0
 M9                 0             0             0             0             0
 M10                0             0             0             0             0
 M11                0             0             0             0             0
 M12                0             0             0             0             0
 Y1                 0             0             0             0             0
 Y2                 0             0             0             0             0
 Y3                 0             0             0             0             0
 X1M10              0             0             0             0             0
 X2M11              0             0             0             0             0
 X3M12              0             0             0             0             0


           THETA
              M8            M9            M10           M11           M12
              ________      ________      ________      ________      ________
 M8                49
 M9                 0            50
 M10                0             0            51
 M11                0             0             0            52
 M12                0             0             0             0            53
 Y1                 0             0             0             0             0
 Y2                 0             0             0             0             0
 Y3                 0             0             0             0             0
 X1M10              0             0             0             0             0
 X2M11              0             0             0             0             0
 X3M12              0             0             0             0             0


           THETA
              Y1            Y2            Y3            X1M10         X2M11
              ________      ________      ________      ________      ________
 Y1                54
 Y2                 0            55
 Y3                 0             0            56
 X1M10              0             0             0            57
 X2M11              0             0             0             0            58
 X3M12              0             0             0             0             0


           THETA
              X3M12
              ________
 X3M12             59


           ALPHA
              X             M             Y             XM
              ________      ________      ________      ________
                  0             0             0             0


           BETA
              X             M             Y             XM
              ________      ________      ________      ________
 X                  0             0             0             0
 M                  0             0             0             0
 Y                 60            61             0            62
 XM                 0             0             0             0


           PSI
              X             M             Y             XM
              ________      ________      ________      ________
 X                 63
 M                 64            65
 Y                  0             0            66
 XM                67            68             0            69


     PARAMETER SPECIFICATION FOR THE ADDITIONAL PARAMETERS


           New/Additional Parameters
              VAR_Y         STD_B1        STD_B2        STD_B3
              ________      ________      ________      ________
                   70            71            72            73


     STARTING VALUES


           NU
              X1            X2            X3            M1            M2
              ________      ________      ________      ________      ________
                0.000         0.000         0.000         0.000         0.000


           NU
              M3            M4            M5            M6            M7
              ________      ________      ________      ________      ________
                0.000         0.000         0.000         0.000         0.000


           NU
              M8            M9            M10           M11           M12
              ________      ________      ________      ________      ________
                0.000         0.000         0.000         0.000         0.000


           NU
              Y1            Y2            Y3            X1M10         X2M11
              ________      ________      ________      ________      ________
                0.617         0.871         1.078         0.000         0.000


           NU
              X3M12
              ________
                0.000


           LAMBDA
              X             M             Y             XM
              ________      ________      ________      ________
 X1             0.535         0.000         0.000         0.000
 X2             1.000         0.000         0.000         0.000
 X3             1.000         0.000         0.000         0.000
 M1             0.000         1.655         0.000         0.000
 M2             0.000        -0.714         0.000         0.000
 M3             0.000        -0.106         0.000         0.000
 M4             0.000        -0.116         0.000         0.000
 M5             0.000        -0.175         0.000         0.000
 M6             0.000        -0.216         0.000         0.000
 M7             0.000         1.372         0.000         0.000
 M8             0.000         0.598         0.000         0.000
 M9             0.000         0.627         0.000         0.000
 M10            0.000        -0.595         0.000         0.000
 M11            0.000         0.327         0.000         0.000
 M12            0.000         1.000         0.000         0.000
 Y1             0.000         0.000         0.378         0.000
 Y2             0.000         0.000         0.685         0.000
 Y3             0.000         0.000         1.000         0.000
 X1M10          0.000         0.000         0.000         1.000
 X2M11          0.000         0.000         0.000         1.000
 X3M12          0.000         0.000         0.000         1.000


           THETA
              X1            X2            X3            M1            M2
              ________      ________      ________      ________      ________
 X1             0.124
 X2             0.000         0.123
 X3             0.000         0.000         0.123
 M1             0.000         0.000         0.000         1.295
 M2             0.000         0.000         0.000         0.000         1.309
 M3             0.000         0.000         0.000         0.000         0.000
 M4             0.000         0.000         0.000         0.000         0.000
 M5             0.000         0.000         0.000         0.000         0.000
 M6             0.000         0.000         0.000         0.000         0.000
 M7             0.000         0.000         0.000         0.000         0.000
 M8             0.000         0.000         0.000         0.000         0.000
 M9             0.000         0.000         0.000         0.000         0.000
 M10            0.000         0.000         0.000         0.000         0.000
 M11            0.000         0.000         0.000         0.000         0.000
 M12            0.000         0.000         0.000         0.000         0.000
 Y1             0.000         0.000         0.000         0.000         0.000
 Y2             0.000         0.000         0.000         0.000         0.000
 Y3             0.000         0.000         0.000         0.000         0.000
 X1M10          0.000         0.000         0.000         0.000         0.000
 X2M11          0.000         0.000         0.000         0.000         0.000
 X3M12          0.000         0.000         0.000         0.000         0.000


           THETA
              M3            M4            M5            M6            M7
              ________      ________      ________      ________      ________
 M3             1.280
 M4             0.000         1.373
 M5             0.000         0.000         1.122
 M6             0.000         0.000         0.000         1.304
 M7             0.000         0.000         0.000         0.000         1.297
 M8             0.000         0.000         0.000         0.000         0.000
 M9             0.000         0.000         0.000         0.000         0.000
 M10            0.000         0.000         0.000         0.000         0.000
 M11            0.000         0.000         0.000         0.000         0.000
 M12            0.000         0.000         0.000         0.000         0.000
 Y1             0.000         0.000         0.000         0.000         0.000
 Y2             0.000         0.000         0.000         0.000         0.000
 Y3             0.000         0.000         0.000         0.000         0.000
 X1M10          0.000         0.000         0.000         0.000         0.000
 X2M11          0.000         0.000         0.000         0.000         0.000
 X3M12          0.000         0.000         0.000         0.000         0.000


           THETA
              M8            M9            M10           M11           M12
              ________      ________      ________      ________      ________
 M8             1.179
 M9             0.000         1.084
 M10            0.000         0.000         1.255
 M11            0.000         0.000         0.000         1.045
 M12            0.000         0.000         0.000         0.000         1.191
 Y1             0.000         0.000         0.000         0.000         0.000
 Y2             0.000         0.000         0.000         0.000         0.000
 Y3             0.000         0.000         0.000         0.000         0.000
 X1M10          0.000         0.000         0.000         0.000         0.000
 X2M11          0.000         0.000         0.000         0.000         0.000
 X3M12          0.000         0.000         0.000         0.000         0.000


           THETA
              Y1            Y2            Y3            X1M10         X2M11
              ________      ________      ________      ________      ________
 Y1             0.322
 Y2             0.000         0.562
 Y3             0.000         0.000         0.642
 X1M10          0.000         0.000         0.000         0.289
 X2M11          0.000         0.000         0.000         0.000         0.260
 X3M12          0.000         0.000         0.000         0.000         0.000


           THETA
              X3M12
              ________
 X3M12          0.298


           ALPHA
              X             M             Y             XM
              ________      ________      ________      ________
                0.000         0.000         0.000         0.000


           BETA
              X             M             Y             XM
              ________      ________      ________      ________
 X              0.000         0.000         0.000         0.000
 M              0.000         0.000         0.000         0.000
 Y              0.000         0.000         0.000         0.000
 XM             0.000         0.000         0.000         0.000


           PSI
              X             M             Y             XM
              ________      ________      ________      ________
 X              0.050
 M              0.000         0.050
 Y              0.000         0.000         0.050
 XM             0.000         0.000         0.000         0.050


     STARTING VALUES FOR THE ADDITIONAL PARAMETERS


           New/Additional Parameters
              VAR_Y         STD_B1        STD_B2        STD_B3
              ________      ________      ________      ________
                0.500         0.500         0.500         0.500


RESULTS SAVING INFORMATION

  Order of data

    Parameter estimates
     (saved in order shown in Technical 1 output)
    Standard errors
     (saved in order shown in Technical 1 output)
    Number of Free Parameters
    H0 Loglikelihood
    H0 Scaling Correction Factor for MLR
    H1 Loglikelihood
    H1 Scaling Correction Factor for MLR
    Akaike (AIC)
    Bayesian (BIC)
    Sample-Size Adjusted BIC
    Chi-square : Value
    Chi-square : Degrees of Freedom
    Chi-square : P-Value
    Chi-square : Scaling Correction Factor for MLR/MLM/WLSM
    CFI
    TLI
    RMSEA : Estimate
    RMSEA : Low CI
    RMSEA : High CI
    RMSEA : Probability
    SRMR
    Condition Number

  Save file
    matchupi_results_1779.dat

  Save file format           Free


     Beginning Time:  20:42:22
        Ending Time:  20:42:26
       Elapsed Time:  00:00:04



MUTHEN & MUTHEN
3463 Stoner Ave.
Los Angeles, CA  90066

Tel: (310) 391-9971
Fax: (310) 391-8971
Web: www.StatModel.com
Support: Support@StatModel.com

Copyright (c) 1998-2022 Muthen & Muthen
