Mplus VERSION 8.8 (Mac)
MUTHEN & MUTHEN
07/27/2025   9:01 PM

INPUT INSTRUCTIONS


    TITLE: Matched-pair Unconstrained Product Indicator

    DATA:
      FILE = matchupi_simdat_1782.dat;
      FORMAT IS FREE;

    VARIABLE:
      NAMES = x1 x2 x3
      	    m1 m2 m3 m4 m5 m6
      	    m7 m8 m9 m10 m11 m12
      	    y1 y2 y3
      	    x1m10 x2m11 x3m12;
      USEVARIABLES = x1-x3m12;

    ANALYSIS:
      TYPE = general;
      ESTIMATOR = MLR;
    MODEL:
      !measurement model
      X BY x3 x2 x1;
      X (var_X);
      M BY m12 m11 m10 m9 m8 m7 m6 m5 m4 m3 m2 m1;
      M (var_M);
      Y BY y3 y2 y1;
      Y (resvar_Y);
      XM BY x3m12 x2m11 x1m10;
      XM (var_XM);

      !covariances between predictors
      X WITH M (cov_XM);
      X WITH XM (cov_XXM);
      M WITH XM (cov_MXM);

      !structural model
      Y ON X (b1);
      Y ON M (b2);
      Y ON XM (b3);

    MODEL CONSTRAINT:

      NEW(var_Y std_b1 std_b2 std_b3);
      var_Y = resvar_Y +
       (b1^2 * var_X +
        b2^2 * var_M +
        b3^2 * var_XM +
        2 * b1 * b2 * cov_XM +
        2 * b1 * b3 * cov_XXM +
        2 * b2 * b3 * cov_MXM);

        std_b1 = b1 * sqrt(var_X) / sqrt(var_Y);
        std_b2 = b2 * sqrt(var_M) / sqrt(var_Y);
        std_b3 = b3 * sqrt(var_X) * sqrt(var_M) / sqrt(var_Y);

    OUTPUT:
      sampstat tech1 CINTERVAL;

    SAVEDATA:
      RESULTS = matchupi_results_1782.dat;




INPUT READING TERMINATED NORMALLY



Matched-pair Unconstrained Product Indicator

SUMMARY OF ANALYSIS

Number of groups                                                 1
Number of observations                                         100

Number of dependent variables                                   21
Number of independent variables                                  0
Number of continuous latent variables                            4

Observed dependent variables

  Continuous
   X1          X2          X3          M1          M2          M3
   M4          M5          M6          M7          M8          M9
   M10         M11         M12         Y1          Y2          Y3
   X1M10       X2M11       X3M12

Continuous latent variables
   X           M           Y           XM


Estimator                                                      MLR
Information matrix                                        OBSERVED
Maximum number of iterations                                  1000
Convergence criterion                                    0.500D-04
Maximum number of steepest descent iterations                   20

Input data file(s)
  matchupi_simdat_1782.dat

Input data format  FREE


SAMPLE STATISTICS


     SAMPLE STATISTICS


           Means
              X1            X2            X3            M1            M2
              ________      ________      ________      ________      ________
                0.000         0.000         0.000         0.000         0.000


           Means
              M3            M4            M5            M6            M7
              ________      ________      ________      ________      ________
                0.000         0.000         0.000         0.000         0.000


           Means
              M8            M9            M10           M11           M12
              ________      ________      ________      ________      ________
                0.000         0.000         0.000         0.000         0.000


           Means
              Y1            Y2            Y3            X1M10         X2M11
              ________      ________      ________      ________      ________
                0.591         0.794         1.087         0.000         0.000


           Means
              X3M12
              ________
                0.000


           Covariances
              X1            X2            X3            M1            M2
              ________      ________      ________      ________      ________
 X1             0.245
 X2             0.058         0.248
 X3             0.101         0.075         0.250
 M1            -0.107        -0.002        -0.060         2.698
 M2            -0.120         0.092         0.044         0.167         2.725
 M3             0.002         0.020         0.023         0.270         0.058
 M4             0.045         0.037         0.128         0.202         0.330
 M5             0.136         0.035         0.095        -0.200         0.069
 M6             0.040         0.011         0.082        -0.324         0.216
 M7             0.153         0.054         0.021         0.294         0.347
 M8             0.083         0.101         0.114         0.096         0.152
 M9             0.012        -0.005         0.201         0.425         0.268
 M10            0.047         0.084        -0.015         0.479         0.028
 M11            0.099         0.091         0.110         0.311         0.061
 M12            0.144         0.158         0.139         0.188         0.116
 Y1             0.020         0.049         0.017        -0.154         0.180
 Y2            -0.015         0.089         0.090        -0.019         0.077
 Y3             0.034         0.143         0.149         0.199         0.197
 X1M10         -0.007         0.027         0.003         0.039         0.244
 X2M11         -0.004         0.007         0.069         0.121         0.027
 X3M12         -0.007         0.030         0.007         0.145        -0.007


           Covariances
              M3            M4            M5            M6            M7
              ________      ________      ________      ________      ________
 M3             2.472
 M4            -0.065         2.726
 M5             0.043         0.193         2.530
 M6             0.411         0.422         0.306         2.188
 M7             0.174         0.631         0.141         0.415         2.610
 M8             0.269         0.242         0.209         0.451         0.211
 M9             0.039         0.505         0.191         0.162         0.658
 M10            0.288         0.359         0.430         0.620         0.363
 M11            0.425         0.554         0.160         0.587         0.658
 M12            0.196         0.397         0.519         0.669         0.786
 Y1            -0.087         0.203         0.177        -0.181         0.184
 Y2             0.014         0.386         0.345        -0.150         0.061
 Y3             0.102         0.324         0.334        -0.220         0.340
 X1M10         -0.053        -0.139         0.202        -0.034         0.045
 X2M11          0.198        -0.115         0.087         0.005        -0.224
 X3M12         -0.192        -0.172         0.179        -0.211        -0.205


           Covariances
              M8            M9            M10           M11           M12
              ________      ________      ________      ________      ________
 M8             2.098
 M9             0.303         2.206
 M10            0.837         0.414         2.109
 M11            0.802         0.318         1.151         2.340
 M12            0.843         0.667         0.588         0.911         2.136
 Y1             0.050         0.096         0.102         0.045         0.253
 Y2             0.218         0.234         0.276         0.162         0.122
 Y3             0.194         0.231         0.357         0.250         0.224
 X1M10          0.116        -0.188         0.064         0.098        -0.022
 X2M11          0.010        -0.008        -0.208        -0.040         0.014
 X3M12          0.029        -0.049        -0.050        -0.023         0.081


           Covariances
              Y1            Y2            Y3            X1M10         X2M11
              ________      ________      ________      ________      ________
 Y1             0.620
 Y2             0.254         1.014
 Y3             0.343         0.768         1.490
 X1M10          0.080         0.040         0.131         0.514
 X2M11         -0.076        -0.054         0.008         0.077         0.570
 X3M12          0.020         0.033         0.114         0.068         0.094


           Covariances
              X3M12
              ________
 X3M12          0.522


           Correlations
              X1            X2            X3            M1            M2
              ________      ________      ________      ________      ________
 X1             1.000
 X2             0.234         1.000
 X3             0.407         0.299         1.000
 M1            -0.132        -0.002        -0.074         1.000
 M2            -0.147         0.112         0.054         0.062         1.000
 M3             0.002         0.026         0.029         0.105         0.022
 M4             0.055         0.044         0.155         0.074         0.121
 M5             0.172         0.044         0.119        -0.077         0.026
 M6             0.054         0.015         0.110        -0.133         0.088
 M7             0.191         0.067         0.026         0.111         0.130
 M8             0.115         0.139         0.157         0.040         0.064
 M9             0.016        -0.007         0.271         0.174         0.109
 M10            0.066         0.116        -0.021         0.201         0.012
 M11            0.130         0.119         0.144         0.124         0.024
 M12            0.199         0.216         0.191         0.078         0.048
 Y1             0.052         0.126         0.044        -0.119         0.138
 Y2            -0.030         0.177         0.178        -0.011         0.046
 Y3             0.056         0.236         0.244         0.099         0.098
 X1M10         -0.021         0.075         0.008         0.033         0.206
 X2M11         -0.009         0.019         0.182         0.098         0.022
 X3M12         -0.018         0.084         0.020         0.122        -0.006


           Correlations
              M3            M4            M5            M6            M7
              ________      ________      ________      ________      ________
 M3             1.000
 M4            -0.025         1.000
 M5             0.017         0.073         1.000
 M6             0.177         0.173         0.130         1.000
 M7             0.068         0.237         0.055         0.174         1.000
 M8             0.118         0.101         0.091         0.211         0.090
 M9             0.017         0.206         0.081         0.074         0.274
 M10            0.126         0.150         0.186         0.288         0.155
 M11            0.177         0.219         0.066         0.259         0.266
 M12            0.085         0.165         0.223         0.309         0.333
 Y1            -0.070         0.156         0.141        -0.156         0.145
 Y2             0.009         0.232         0.215        -0.101         0.038
 Y3             0.053         0.161         0.172        -0.122         0.172
 X1M10         -0.047        -0.117         0.177        -0.032         0.039
 X2M11          0.167        -0.092         0.072         0.004        -0.183
 X3M12         -0.169        -0.144         0.156        -0.198        -0.176


           Correlations
              M8            M9            M10           M11           M12
              ________      ________      ________      ________      ________
 M8             1.000
 M9             0.141         1.000
 M10            0.398         0.192         1.000
 M11            0.362         0.140         0.518         1.000
 M12            0.398         0.307         0.277         0.408         1.000
 Y1             0.044         0.082         0.089         0.037         0.220
 Y2             0.150         0.157         0.189         0.105         0.083
 Y3             0.110         0.127         0.201         0.134         0.126
 X1M10          0.111        -0.177         0.062         0.089        -0.021
 X2M11          0.009        -0.007        -0.190        -0.035         0.012
 X3M12          0.028        -0.046        -0.048        -0.021         0.077


           Correlations
              Y1            Y2            Y3            X1M10         X2M11
              ________      ________      ________      ________      ________
 Y1             1.000
 Y2             0.321         1.000
 Y3             0.357         0.624         1.000
 X1M10          0.142         0.055         0.150         1.000
 X2M11         -0.128        -0.071         0.009         0.142         1.000
 X3M12          0.035         0.045         0.130         0.131         0.173


           Correlations
              X3M12
              ________
 X3M12          1.000


UNIVARIATE SAMPLE STATISTICS


     UNIVARIATE HIGHER-ORDER MOMENT DESCRIPTIVE STATISTICS

         Variable/         Mean/     Skewness/   Minimum/ % with                Percentiles
        Sample Size      Variance    Kurtosis    Maximum  Min/Max      20%/60%    40%/80%    Median

     X1                    0.000      -0.283      -0.570   43.00%      -0.570     -0.570      0.430
             100.000       0.245      -1.920       0.430   57.00%       0.430      0.430
     X2                    0.000       0.161      -0.460   54.00%      -0.460     -0.460     -0.460
             100.000       0.248      -1.974       0.540   46.00%       0.540      0.540
     X3                    0.000       0.040      -0.490   51.00%      -0.490     -0.490     -0.490
             100.000       0.250      -1.998       0.510   49.00%       0.510      0.510
     M1                    0.000       0.037      -1.960   32.00%      -1.960     -0.960      0.040
             100.000       2.698      -1.607       2.040   30.00%       1.040      2.040
     M2                    0.000      -0.008      -1.930   35.00%      -1.930     -0.930      0.070
             100.000       2.725      -1.659       2.070   26.00%       1.070      2.070
     M3                    0.000      -0.202      -2.260   20.00%      -2.260     -0.260      0.240
             100.000       2.472      -1.536       1.740   35.00%       0.740      1.740
     M4                    0.000      -0.255      -2.290   24.00%      -2.290     -0.290      0.710
             100.000       2.726      -1.595       1.710   40.00%       0.710      1.710
     M5                    0.000       0.001      -1.990   28.00%      -1.990     -0.990      0.010
             100.000       2.530      -1.574       2.010   27.00%       1.010      2.010
     M6                    0.000       0.300      -1.650   34.00%      -1.650     -0.650      0.350
             100.000       2.187      -1.294       2.350   17.00%       0.350      1.350
     M7                    0.000      -0.063      -2.100   27.00%      -2.100     -0.100     -0.100
             100.000       2.610      -1.548       1.900   34.00%       0.900      1.900
     M8                    0.000       0.074      -1.890   25.00%      -1.890     -0.890      0.110
             100.000       2.098      -1.333       2.110   19.00%       0.110      1.110
     M9                    0.000      -0.115      -2.120   21.00%      -2.120     -0.120     -0.120
             100.000       2.206      -1.386       1.880   26.00%       0.880      1.880
     M10                   0.000       0.013      -1.970   23.00%      -1.970     -0.970      0.030
             100.000       2.109      -1.340       2.030   21.00%       0.030      2.030
     M11                   0.000       0.000      -2.020   24.00%      -2.020     -1.020     -0.020
             100.000       2.340      -1.477       1.980   26.00%       0.980      1.980
     M12                   0.000       0.066      -1.940   23.00%      -1.940     -0.940      0.060
             100.000       2.136      -1.374       2.060   21.00%       0.060      2.060
     Y1                    0.591       0.158      -1.054    1.00%      -0.070      0.337      0.545
             100.000       0.620      -0.364       2.466    1.00%       0.754      1.204
     Y2                    0.794       0.057      -1.959    1.00%      -0.071      0.545      0.789
             100.000       1.014       0.345       3.704    1.00%       1.075      1.592
     Y3                    1.087      -0.057      -1.473    1.00%      -0.054      0.692      1.285
             100.000       1.490      -0.248       4.219    1.00%       1.454      2.085
     X1M10                 0.000      -0.212      -1.149    8.00%      -0.659     -0.169     -0.109
             100.000       0.514      -1.309       0.911   13.00%       0.321      0.811
     X2M11                 0.000      -0.127      -1.182    8.00%      -1.002     -0.102     -0.082
             100.000       0.570      -1.424       0.978   14.00%       0.378      0.838
     X3M12                 0.000       0.005      -1.204    7.00%      -0.634     -0.064     -0.034
             100.000       0.522      -1.260       1.076   12.00%      -0.034      0.826


     THIS ANALYSIS MAY HAVE MULTIPLE SOLUTIONS.  EXPLORE THIS USING RANDOM STARTS,
     FOR EXAMPLE, STARTS = 20.  USE A LARGE ENOUGH NUMBER OF STARTS SO THAT THE
     BEST FIT FUNCTION VALUE IS REPLICATED SEVERAL TIMES.


THE MODEL ESTIMATION TERMINATED NORMALLY

     THE STANDARD ERRORS OF THE MODEL PARAMETER ESTIMATES MAY NOT BE
     TRUSTWORTHY FOR SOME PARAMETERS DUE TO A NON-POSITIVE DEFINITE
     FIRST-ORDER DERIVATIVE PRODUCT MATRIX.  THIS MAY BE DUE TO THE STARTING
     VALUES BUT MAY ALSO BE AN INDICATION OF MODEL NONIDENTIFICATION.  THE
     CONDITION NUMBER IS      -0.989D-16.  PROBLEM INVOLVING THE FOLLOWING PARAMETER:
     Parameter 40, X2

     THIS IS MOST LIKELY DUE TO VARIABLE X1 BEING DICHOTOMOUS BUT
     DECLARED AS CONTINUOUS.




MODEL FIT INFORMATION

Number of Free Parameters                       69

Loglikelihood

          H0 Value                       -3076.484
          H0 Scaling Correction Factor      0.8828
            for MLR
          H1 Value                       -2976.152
          H1 Scaling Correction Factor      0.9592
            for MLR

Information Criteria

          Akaike (AIC)                    6290.968
          Bayesian (BIC)                  6470.725
          Sample-Size Adjusted BIC        6252.806
            (n* = (n + 2) / 24)

Chi-Square Test of Model Fit

          Value                            203.110*
          Degrees of Freedom                   183
          P-Value                           0.1470
          Scaling Correction Factor         0.9880
            for MLR

*   The chi-square value for MLM, MLMV, MLR, ULSMV, WLSM and WLSMV cannot be used
    for chi-square difference testing in the regular way.  MLM, MLR and WLSM
    chi-square difference testing is described on the Mplus website.  MLMV, WLSMV,
    and ULSMV difference testing is done using the DIFFTEST option.

RMSEA (Root Mean Square Error Of Approximation)

          Estimate                           0.033
          90 Percent C.I.                    0.000  0.057
          Probability RMSEA <= .05           0.865

CFI/TLI

          CFI                                0.910
          TLI                                0.896

Chi-Square Test of Model Fit for the Baseline Model

          Value                            432.821
          Degrees of Freedom                   210
          P-Value                           0.0000

SRMR (Standardized Root Mean Square Residual)

          Value                              0.076



MODEL RESULTS

                                                    Two-Tailed
                    Estimate       S.E.  Est./S.E.    P-Value

 X        BY
    X3                 1.000      0.000    999.000    999.000
    X2                 0.606      0.271      2.234      0.025
    X1                 0.702      0.247      2.837      0.005

 M        BY
    M12                1.000      0.000    999.000    999.000
    M11                1.111      0.267      4.156      0.000
    M10                0.971      0.285      3.403      0.001
    M9                 0.584      0.183      3.185      0.001
    M8                 0.839      0.196      4.285      0.000
    M7                 0.714      0.199      3.581      0.000
    M6                 0.656      0.199      3.290      0.001
    M5                 0.395      0.203      1.943      0.052
    M4                 0.588      0.237      2.477      0.013
    M3                 0.339      0.215      1.577      0.115
    M2                 0.196      0.205      0.956      0.339
    M1                 0.278      0.229      1.213      0.225

 Y        BY
    Y3                 1.000      0.000    999.000    999.000
    Y2                 0.652      0.140      4.674      0.000
    Y1                 0.299      0.104      2.869      0.004

 XM       BY
    X3M12              1.000      0.000    999.000    999.000
    X2M11              0.993      1.412      0.704      0.482
    X1M10              0.740      0.655      1.130      0.259

 Y        ON
    X                  0.655      0.544      1.203      0.229
    M                  0.260      0.168      1.550      0.121
    XM                 0.638      0.984      0.648      0.517

 X        WITH
    M                  0.116      0.059      1.979      0.048
    XM                 0.023      0.031      0.738      0.460

 M        WITH
    XM                -0.028      0.082     -0.342      0.732

 Intercepts
    X1                 0.000      0.050      0.000      1.000
    X2                 0.000      0.050      0.000      1.000
    X3                 0.000      0.050      0.000      1.000
    M1                 0.000      0.164      0.000      1.000
    M2                 0.000      0.165      0.000      1.000
    M3                 0.000      0.157      0.000      1.000
    M4                 0.000      0.165      0.000      1.000
    M5                 0.000      0.159      0.000      1.000
    M6                 0.000      0.148      0.000      1.000
    M7                 0.000      0.162      0.000      1.000
    M8                 0.000      0.145      0.000      1.000
    M9                 0.000      0.149      0.000      1.000
    M10                0.000      0.145      0.000      1.000
    M11                0.000      0.153      0.000      1.000
    M12                0.000      0.146      0.000      1.000
    Y1                 0.591      0.079      7.508      0.000
    Y2                 0.794      0.101      7.880      0.000
    Y3                 1.087      0.122      8.903      0.000
    X1M10              0.000      0.072      0.000      1.000
    X2M11              0.000      0.075      0.000      1.000
    X3M12              0.000      0.072      0.000      1.000

 Variances
    X                  0.135      0.056      2.412      0.016
    M                  0.854      0.289      2.951      0.003
    XM                 0.096      0.126      0.766      0.443

 Residual Variances
    X1                 0.178      0.033      5.390      0.000
    X2                 0.199      0.030      6.583      0.000
    X3                 0.114      0.056      2.037      0.042
    M1                 2.632      0.193     13.659      0.000
    M2                 2.692      0.168     16.065      0.000
    M3                 2.374      0.201     11.833      0.000
    M4                 2.430      0.255      9.535      0.000
    M5                 2.396      0.192     12.510      0.000
    M6                 1.820      0.224      8.114      0.000
    M7                 2.174      0.268      8.116      0.000
    M8                 1.496      0.197      7.613      0.000
    M9                 1.914      0.220      8.693      0.000
    M10                1.304      0.280      4.660      0.000
    M11                1.285      0.247      5.208      0.000
    M12                1.282      0.258      4.972      0.000
    Y1                 0.514      0.093      5.510      0.000
    Y2                 0.514      0.132      3.877      0.000
    Y3                 0.312      0.248      1.260      0.208
    X1M10              0.461      0.084      5.490      0.000
    X2M11              0.475      0.173      2.747      0.006
    X3M12              0.425      0.132      3.227      0.001
    Y                  0.974      0.254      3.837      0.000

New/Additional Parameters
    VAR_Y              1.178      0.298      3.951      0.000
    STD_B1             0.222      0.177      1.257      0.209
    STD_B2             0.221      0.142      1.554      0.120
    STD_B3             0.200      0.296      0.674      0.500


QUALITY OF NUMERICAL RESULTS

     Condition Number for the Information Matrix              0.392E-03
       (ratio of smallest to largest eigenvalue)


CONFIDENCE INTERVALS OF MODEL RESULTS

                  Lower .5%  Lower 2.5%    Lower 5%    Estimate    Upper 5%  Upper 2.5%   Upper .5%

 X        BY
    X3               1.000       1.000       1.000       1.000       1.000       1.000       1.000
    X2              -0.093       0.074       0.160       0.606       1.052       1.137       1.304
    X1               0.064       0.217       0.295       0.702       1.108       1.186       1.339

 M        BY
    M12              1.000       1.000       1.000       1.000       1.000       1.000       1.000
    M11              0.422       0.587       0.671       1.111       1.551       1.635       1.800
    M10              0.236       0.412       0.502       0.971       1.440       1.530       1.706
    M9               0.112       0.225       0.282       0.584       0.886       0.944       1.057
    M8               0.335       0.455       0.517       0.839       1.161       1.223       1.344
    M7               0.200       0.323       0.386       0.714       1.043       1.105       1.228
    M6               0.143       0.265       0.328       0.656       0.984       1.047       1.170
    M5              -0.129      -0.003       0.061       0.395       0.730       0.794       0.919
    M4              -0.023       0.123       0.198       0.588       0.979       1.053       1.200
    M3              -0.215      -0.082      -0.015       0.339       0.693       0.761       0.894
    M2              -0.332      -0.205      -0.141       0.196       0.532       0.597       0.723
    M1              -0.313      -0.171      -0.099       0.278       0.656       0.728       0.869

 Y        BY
    Y3               1.000       1.000       1.000       1.000       1.000       1.000       1.000
    Y2               0.293       0.379       0.423       0.652       0.882       0.926       1.011
    Y1               0.031       0.095       0.127       0.299       0.470       0.503       0.567

 XM       BY
    X3M12            1.000       1.000       1.000       1.000       1.000       1.000       1.000
    X2M11           -2.644      -1.774      -1.329       0.993       3.316       3.761       4.630
    X1M10           -0.947      -0.544      -0.338       0.740       1.818       2.025       2.428

 Y        ON
    X               -0.747      -0.412      -0.241       0.655       1.551       1.722       2.057
    M               -0.172      -0.069      -0.016       0.260       0.536       0.589       0.692
    XM              -1.898      -1.292      -0.982       0.638       2.257       2.567       3.173

 X        WITH
    M               -0.035       0.001       0.020       0.116       0.213       0.232       0.268
    XM              -0.056      -0.038      -0.028       0.023       0.073       0.083       0.102

 M        WITH
    XM              -0.239      -0.189      -0.163      -0.028       0.107       0.133       0.183

 Intercepts
    X1              -0.128      -0.097      -0.081       0.000       0.081       0.097       0.128
    X2              -0.128      -0.098      -0.082       0.000       0.082       0.098       0.128
    X3              -0.129      -0.098      -0.082       0.000       0.082       0.098       0.129
    M1              -0.423      -0.322      -0.270       0.000       0.270       0.322       0.423
    M2              -0.425      -0.324      -0.272       0.000       0.272       0.324       0.425
    M3              -0.405      -0.308      -0.259       0.000       0.259       0.308       0.405
    M4              -0.425      -0.324      -0.272       0.000       0.272       0.324       0.425
    M5              -0.410      -0.312      -0.262       0.000       0.262       0.312       0.410
    M6              -0.381      -0.290      -0.243       0.000       0.243       0.290       0.381
    M7              -0.416      -0.317      -0.266       0.000       0.266       0.317       0.416
    M8              -0.373      -0.284      -0.238       0.000       0.238       0.284       0.373
    M9              -0.383      -0.291      -0.244       0.000       0.244       0.291       0.383
    M10             -0.374      -0.285      -0.239       0.000       0.239       0.285       0.374
    M11             -0.394      -0.300      -0.252       0.000       0.252       0.300       0.394
    M12             -0.376      -0.286      -0.240       0.000       0.240       0.286       0.376
    Y1               0.388       0.437       0.461       0.591       0.720       0.745       0.794
    Y2               0.534       0.596       0.628       0.794       0.959       0.991       1.053
    Y3               0.772       0.848       0.886       1.087       1.288       1.326       1.401
    X1M10           -0.185      -0.141      -0.118       0.000       0.118       0.141       0.185
    X2M11           -0.194      -0.148      -0.124       0.000       0.124       0.148       0.194
    X3M12           -0.186      -0.142      -0.119       0.000       0.119       0.142       0.186

 Variances
    X               -0.009       0.025       0.043       0.135       0.228       0.246       0.280
    M                0.108       0.287       0.378       0.854       1.330       1.421       1.600
    XM              -0.228      -0.150      -0.111       0.096       0.303       0.343       0.421

 Residual Variances
    X1               0.093       0.114       0.124       0.178       0.233       0.243       0.264
    X2               0.121       0.140       0.149       0.199       0.248       0.258       0.276
    X3              -0.030       0.004       0.022       0.114       0.207       0.225       0.259
    M1               2.136       2.255       2.315       2.632       2.949       3.010       3.129
    M2               2.261       2.364       2.417       2.692       2.968       3.021       3.124
    M3               1.857       1.981       2.044       2.374       2.704       2.767       2.891
    M4               1.774       1.931       2.011       2.430       2.850       2.930       3.087
    M5               1.903       2.021       2.081       2.396       2.712       2.772       2.890
    M6               1.242       1.380       1.451       1.820       2.189       2.259       2.397
    M7               1.484       1.649       1.733       2.174       2.615       2.699       2.864
    M8               0.990       1.111       1.173       1.496       1.820       1.882       2.003
    M9               1.347       1.483       1.552       1.914       2.276       2.346       2.481
    M10              0.583       0.756       0.844       1.304       1.764       1.853       2.025
    M11              0.650       0.802       0.879       1.285       1.691       1.769       1.921
    M12              0.618       0.777       0.858       1.282       1.707       1.788       1.947
    Y1               0.274       0.331       0.361       0.514       0.668       0.698       0.755
    Y2               0.172       0.254       0.296       0.514       0.731       0.773       0.855
    Y3              -0.326      -0.174      -0.096       0.312       0.720       0.798       0.951
    X1M10            0.245       0.297       0.323       0.461       0.599       0.626       0.678
    X2M11            0.030       0.136       0.190       0.475       0.759       0.813       0.920
    X3M12            0.086       0.167       0.208       0.425       0.642       0.684       0.765
    Y                0.320       0.476       0.556       0.974       1.391       1.471       1.627

New/Additional Parameters
    VAR_Y            0.410       0.594       0.687       1.178       1.668       1.762       1.946
    STD_B1          -0.233      -0.124      -0.069       0.222       0.513       0.568       0.677
    STD_B2          -0.146      -0.058      -0.013       0.221       0.456       0.501       0.588
    STD_B3          -0.563      -0.381      -0.288       0.200       0.687       0.781       0.963


TECHNICAL 1 OUTPUT


     PARAMETER SPECIFICATION


           NU
              X1            X2            X3            M1            M2
              ________      ________      ________      ________      ________
                  1             2             3             4             5


           NU
              M3            M4            M5            M6            M7
              ________      ________      ________      ________      ________
                  6             7             8             9            10


           NU
              M8            M9            M10           M11           M12
              ________      ________      ________      ________      ________
                 11            12            13            14            15


           NU
              Y1            Y2            Y3            X1M10         X2M11
              ________      ________      ________      ________      ________
                 16            17            18            19            20


           NU
              X3M12
              ________
                 21


           LAMBDA
              X             M             Y             XM
              ________      ________      ________      ________
 X1                22             0             0             0
 X2                23             0             0             0
 X3                 0             0             0             0
 M1                 0            24             0             0
 M2                 0            25             0             0
 M3                 0            26             0             0
 M4                 0            27             0             0
 M5                 0            28             0             0
 M6                 0            29             0             0
 M7                 0            30             0             0
 M8                 0            31             0             0
 M9                 0            32             0             0
 M10                0            33             0             0
 M11                0            34             0             0
 M12                0             0             0             0
 Y1                 0             0            35             0
 Y2                 0             0            36             0
 Y3                 0             0             0             0
 X1M10              0             0             0            37
 X2M11              0             0             0            38
 X3M12              0             0             0             0


           THETA
              X1            X2            X3            M1            M2
              ________      ________      ________      ________      ________
 X1                39
 X2                 0            40
 X3                 0             0            41
 M1                 0             0             0            42
 M2                 0             0             0             0            43
 M3                 0             0             0             0             0
 M4                 0             0             0             0             0
 M5                 0             0             0             0             0
 M6                 0             0             0             0             0
 M7                 0             0             0             0             0
 M8                 0             0             0             0             0
 M9                 0             0             0             0             0
 M10                0             0             0             0             0
 M11                0             0             0             0             0
 M12                0             0             0             0             0
 Y1                 0             0             0             0             0
 Y2                 0             0             0             0             0
 Y3                 0             0             0             0             0
 X1M10              0             0             0             0             0
 X2M11              0             0             0             0             0
 X3M12              0             0             0             0             0


           THETA
              M3            M4            M5            M6            M7
              ________      ________      ________      ________      ________
 M3                44
 M4                 0            45
 M5                 0             0            46
 M6                 0             0             0            47
 M7                 0             0             0             0            48
 M8                 0             0             0             0             0
 M9                 0             0             0             0             0
 M10                0             0             0             0             0
 M11                0             0             0             0             0
 M12                0             0             0             0             0
 Y1                 0             0             0             0             0
 Y2                 0             0             0             0             0
 Y3                 0             0             0             0             0
 X1M10              0             0             0             0             0
 X2M11              0             0             0             0             0
 X3M12              0             0             0             0             0


           THETA
              M8            M9            M10           M11           M12
              ________      ________      ________      ________      ________
 M8                49
 M9                 0            50
 M10                0             0            51
 M11                0             0             0            52
 M12                0             0             0             0            53
 Y1                 0             0             0             0             0
 Y2                 0             0             0             0             0
 Y3                 0             0             0             0             0
 X1M10              0             0             0             0             0
 X2M11              0             0             0             0             0
 X3M12              0             0             0             0             0


           THETA
              Y1            Y2            Y3            X1M10         X2M11
              ________      ________      ________      ________      ________
 Y1                54
 Y2                 0            55
 Y3                 0             0            56
 X1M10              0             0             0            57
 X2M11              0             0             0             0            58
 X3M12              0             0             0             0             0


           THETA
              X3M12
              ________
 X3M12             59


           ALPHA
              X             M             Y             XM
              ________      ________      ________      ________
                  0             0             0             0


           BETA
              X             M             Y             XM
              ________      ________      ________      ________
 X                  0             0             0             0
 M                  0             0             0             0
 Y                 60            61             0            62
 XM                 0             0             0             0


           PSI
              X             M             Y             XM
              ________      ________      ________      ________
 X                 63
 M                 64            65
 Y                  0             0            66
 XM                67            68             0            69


     PARAMETER SPECIFICATION FOR THE ADDITIONAL PARAMETERS


           New/Additional Parameters
              VAR_Y         STD_B1        STD_B2        STD_B3
              ________      ________      ________      ________
                   70            71            72            73


     STARTING VALUES


           NU
              X1            X2            X3            M1            M2
              ________      ________      ________      ________      ________
                0.000         0.000         0.000         0.000         0.000


           NU
              M3            M4            M5            M6            M7
              ________      ________      ________      ________      ________
                0.000         0.000         0.000         0.000         0.000


           NU
              M8            M9            M10           M11           M12
              ________      ________      ________      ________      ________
                0.000         0.000         0.000         0.000         0.000


           NU
              Y1            Y2            Y3            X1M10         X2M11
              ________      ________      ________      ________      ________
                0.591         0.794         1.087         0.000         0.000


           NU
              X3M12
              ________
                0.000


           LAMBDA
              X             M             Y             XM
              ________      ________      ________      ________
 X1             0.775         0.000         0.000         0.000
 X2             0.574         0.000         0.000         0.000
 X3             1.000         0.000         0.000         0.000
 M1             0.000         4.198         0.000         0.000
 M2             0.000         0.181         0.000         0.000
 M3             0.000        -0.115         0.000         0.000
 M4             0.000         1.078         0.000         0.000
 M5             0.000         1.038         0.000         0.000
 M6             0.000         2.953         0.000         0.000
 M7             0.000         2.186         0.000         0.000
 M8             0.000         2.408         0.000         0.000
 M9             0.000         2.390         0.000         0.000
 M10            0.000         1.586         0.000         0.000
 M11            0.000         3.429         0.000         0.000
 M12            0.000         1.000         0.000         0.000
 Y1             0.000         0.000         0.331         0.000
 Y2             0.000         0.000         0.740         0.000
 Y3             0.000         0.000         1.000         0.000
 X1M10          0.000         0.000         0.000         0.816
 X2M11          0.000         0.000         0.000         1.136
 X3M12          0.000         0.000         0.000         1.000


           THETA
              X1            X2            X3            M1            M2
              ________      ________      ________      ________      ________
 X1             0.123
 X2             0.000         0.124
 X3             0.000         0.000         0.125
 M1             0.000         0.000         0.000         1.349
 M2             0.000         0.000         0.000         0.000         1.363
 M3             0.000         0.000         0.000         0.000         0.000
 M4             0.000         0.000         0.000         0.000         0.000
 M5             0.000         0.000         0.000         0.000         0.000
 M6             0.000         0.000         0.000         0.000         0.000
 M7             0.000         0.000         0.000         0.000         0.000
 M8             0.000         0.000         0.000         0.000         0.000
 M9             0.000         0.000         0.000         0.000         0.000
 M10            0.000         0.000         0.000         0.000         0.000
 M11            0.000         0.000         0.000         0.000         0.000
 M12            0.000         0.000         0.000         0.000         0.000
 Y1             0.000         0.000         0.000         0.000         0.000
 Y2             0.000         0.000         0.000         0.000         0.000
 Y3             0.000         0.000         0.000         0.000         0.000
 X1M10          0.000         0.000         0.000         0.000         0.000
 X2M11          0.000         0.000         0.000         0.000         0.000
 X3M12          0.000         0.000         0.000         0.000         0.000


           THETA
              M3            M4            M5            M6            M7
              ________      ________      ________      ________      ________
 M3             1.236
 M4             0.000         1.363
 M5             0.000         0.000         1.265
 M6             0.000         0.000         0.000         1.094
 M7             0.000         0.000         0.000         0.000         1.305
 M8             0.000         0.000         0.000         0.000         0.000
 M9             0.000         0.000         0.000         0.000         0.000
 M10            0.000         0.000         0.000         0.000         0.000
 M11            0.000         0.000         0.000         0.000         0.000
 M12            0.000         0.000         0.000         0.000         0.000
 Y1             0.000         0.000         0.000         0.000         0.000
 Y2             0.000         0.000         0.000         0.000         0.000
 Y3             0.000         0.000         0.000         0.000         0.000
 X1M10          0.000         0.000         0.000         0.000         0.000
 X2M11          0.000         0.000         0.000         0.000         0.000
 X3M12          0.000         0.000         0.000         0.000         0.000


           THETA
              M8            M9            M10           M11           M12
              ________      ________      ________      ________      ________
 M8             1.049
 M9             0.000         1.103
 M10            0.000         0.000         1.055
 M11            0.000         0.000         0.000         1.170
 M12            0.000         0.000         0.000         0.000         1.068
 Y1             0.000         0.000         0.000         0.000         0.000
 Y2             0.000         0.000         0.000         0.000         0.000
 Y3             0.000         0.000         0.000         0.000         0.000
 X1M10          0.000         0.000         0.000         0.000         0.000
 X2M11          0.000         0.000         0.000         0.000         0.000
 X3M12          0.000         0.000         0.000         0.000         0.000


           THETA
              Y1            Y2            Y3            X1M10         X2M11
              ________      ________      ________      ________      ________
 Y1             0.310
 Y2             0.000         0.507
 Y3             0.000         0.000         0.745
 X1M10          0.000         0.000         0.000         0.257
 X2M11          0.000         0.000         0.000         0.000         0.285
 X3M12          0.000         0.000         0.000         0.000         0.000


           THETA
              X3M12
              ________
 X3M12          0.261


           ALPHA
              X             M             Y             XM
              ________      ________      ________      ________
                0.000         0.000         0.000         0.000


           BETA
              X             M             Y             XM
              ________      ________      ________      ________
 X              0.000         0.000         0.000         0.000
 M              0.000         0.000         0.000         0.000
 Y              0.000         0.000         0.000         0.000
 XM             0.000         0.000         0.000         0.000


           PSI
              X             M             Y             XM
              ________      ________      ________      ________
 X              0.050
 M              0.000         0.050
 Y              0.000         0.000         0.050
 XM             0.000         0.000         0.000         0.050


     STARTING VALUES FOR THE ADDITIONAL PARAMETERS


           New/Additional Parameters
              VAR_Y         STD_B1        STD_B2        STD_B3
              ________      ________      ________      ________
                0.500         0.500         0.500         0.500


RESULTS SAVING INFORMATION

  Order of data

    Parameter estimates
     (saved in order shown in Technical 1 output)
    Standard errors
     (saved in order shown in Technical 1 output)
    Number of Free Parameters
    H0 Loglikelihood
    H0 Scaling Correction Factor for MLR
    H1 Loglikelihood
    H1 Scaling Correction Factor for MLR
    Akaike (AIC)
    Bayesian (BIC)
    Sample-Size Adjusted BIC
    Chi-square : Value
    Chi-square : Degrees of Freedom
    Chi-square : P-Value
    Chi-square : Scaling Correction Factor for MLR/MLM/WLSM
    CFI
    TLI
    RMSEA : Estimate
    RMSEA : Low CI
    RMSEA : High CI
    RMSEA : Probability
    SRMR
    Condition Number

  Save file
    matchupi_results_1782.dat

  Save file format           Free


     Beginning Time:  21:01:40
        Ending Time:  21:01:41
       Elapsed Time:  00:00:01



MUTHEN & MUTHEN
3463 Stoner Ave.
Los Angeles, CA  90066

Tel: (310) 391-9971
Fax: (310) 391-8971
Web: www.StatModel.com
Support: Support@StatModel.com

Copyright (c) 1998-2022 Muthen & Muthen
