Mplus VERSION 8.8 (Mac)
MUTHEN & MUTHEN
07/27/2025   9:04 PM

INPUT INSTRUCTIONS


    TITLE: Matched-pair Unconstrained Product Indicator

    DATA:
      FILE = matchupi_simdat_1186.dat;
      FORMAT IS FREE;

    VARIABLE:
      NAMES = x1 x2 x3
      	    m1 m2 m3 m4 m5 m6
      	    m7 m8 m9 m10 m11 m12
      	    y1 y2 y3
      	    x1m10 x2m11 x3m12;
      USEVARIABLES = x1-x3m12;

    ANALYSIS:
      TYPE = general;
      ESTIMATOR = MLR;
    MODEL:
      !measurement model
      X BY x3 x2 x1;
      X (var_X);
      M BY m12 m11 m10 m9 m8 m7 m6 m5 m4 m3 m2 m1;
      M (var_M);
      Y BY y3 y2 y1;
      Y (resvar_Y);
      XM BY x3m12 x2m11 x1m10;
      XM (var_XM);

      !covariances between predictors
      X WITH M (cov_XM);
      X WITH XM (cov_XXM);
      M WITH XM (cov_MXM);

      !structural model
      Y ON X (b1);
      Y ON M (b2);
      Y ON XM (b3);

    MODEL CONSTRAINT:

      NEW(var_Y std_b1 std_b2 std_b3);
      var_Y = resvar_Y +
       (b1^2 * var_X +
        b2^2 * var_M +
        b3^2 * var_XM +
        2 * b1 * b2 * cov_XM +
        2 * b1 * b3 * cov_XXM +
        2 * b2 * b3 * cov_MXM);

        std_b1 = b1 * sqrt(var_X) / sqrt(var_Y);
        std_b2 = b2 * sqrt(var_M) / sqrt(var_Y);
        std_b3 = b3 * sqrt(var_X) * sqrt(var_M) / sqrt(var_Y);

    OUTPUT:
      sampstat tech1 CINTERVAL;

    SAVEDATA:
      RESULTS = matchupi_results_1186.dat;




INPUT READING TERMINATED NORMALLY



Matched-pair Unconstrained Product Indicator

SUMMARY OF ANALYSIS

Number of groups                                                 1
Number of observations                                         100

Number of dependent variables                                   21
Number of independent variables                                  0
Number of continuous latent variables                            4

Observed dependent variables

  Continuous
   X1          X2          X3          M1          M2          M3
   M4          M5          M6          M7          M8          M9
   M10         M11         M12         Y1          Y2          Y3
   X1M10       X2M11       X3M12

Continuous latent variables
   X           M           Y           XM


Estimator                                                      MLR
Information matrix                                        OBSERVED
Maximum number of iterations                                  1000
Convergence criterion                                    0.500D-04
Maximum number of steepest descent iterations                   20

Input data file(s)
  matchupi_simdat_1186.dat

Input data format  FREE


SAMPLE STATISTICS


     SAMPLE STATISTICS


           Means
              X1            X2            X3            M1            M2
              ________      ________      ________      ________      ________
                0.000         0.000         0.000         0.000         0.000


           Means
              M3            M4            M5            M6            M7
              ________      ________      ________      ________      ________
                0.000         0.000         0.000         0.000         0.000


           Means
              M8            M9            M10           M11           M12
              ________      ________      ________      ________      ________
                0.000         0.000         0.000         0.000         0.000


           Means
              Y1            Y2            Y3            X1M10         X2M11
              ________      ________      ________      ________      ________
                0.536         0.853         1.056         0.000         0.000


           Means
              X3M12
              ________
                0.000


           Covariances
              X1            X2            X3            M1            M2
              ________      ________      ________      ________      ________
 X1             0.248
 X2             0.010         0.250
 X3             0.035         0.085         0.250
 M1            -0.012        -0.014        -0.095         2.713
 M2            -0.096         0.025         0.005        -0.014         2.429
 M3             0.028         0.004        -0.120         0.183         0.697
 M4             0.086         0.009         0.140         0.216         0.394
 M5            -0.049         0.164        -0.035         0.134         0.013
 M6            -0.087         0.074        -0.065         0.020        -0.136
 M7            -0.099        -0.022         0.045         0.625         0.672
 M8            -0.094         0.109         0.020         0.236         0.174
 M9            -0.061         0.140         0.080         0.397         0.329
 M10           -0.073         0.151        -0.010         0.032         0.268
 M11           -0.031         0.138        -0.040         0.073         0.295
 M12           -0.067         0.099         0.100         0.278         0.182
 Y1            -0.011         0.036         0.038         0.221         0.136
 Y2            -0.045         0.057         0.080         0.100         0.383
 Y3             0.018         0.117         0.157         0.120         0.275
 X1M10         -0.003         0.061         0.000         0.316        -0.013
 X2M11          0.000         0.003         0.000         0.155         0.048
 X3M12          0.007         0.006         0.023         0.018         0.069


           Covariances
              M3            M4            M5            M6            M7
              ________      ________      ________      ________      ________
 M3             2.366
 M4             0.263         2.306
 M5             0.238         0.187         2.398
 M6             0.396         0.052         0.193         2.207
 M7             0.511         0.352         0.280         0.180         2.557
 M8             0.433        -0.004         0.157         0.532         0.642
 M9             0.611         0.002         0.022         0.283         0.535
 M10            0.224         0.317         0.407         0.429         0.504
 M11            0.699         0.188         0.410         0.443         0.489
 M12            0.136         0.353         0.493         0.241         1.126
 Y1             0.141        -0.170         0.179        -0.044         0.044
 Y2             0.009         0.032         0.423        -0.019         0.286
 Y3             0.136        -0.029         0.361        -0.067         0.062
 X1M10          0.254         0.110         0.069        -0.054         0.031
 X2M11         -0.024         0.265        -0.056        -0.026        -0.227
 X3M12         -0.127         0.016        -0.085        -0.147         0.070


           Covariances
              M8            M9            M10           M11           M12
              ________      ________      ________      ________      ________
 M8             2.386
 M9             0.882         2.460
 M10            0.577         0.379         2.416
 M11            0.678         0.834         0.521         2.168
 M12            0.553         1.011         0.974         0.699         2.336
 Y1             0.228         0.431         0.113         0.241         0.149
 Y2             0.081         0.305         0.166         0.207         0.297
 Y3             0.191         0.246         0.207         0.339         0.263
 X1M10          0.133        -0.042        -0.002        -0.099        -0.008
 X2M11         -0.207        -0.104        -0.001         0.042        -0.232
 X3M12          0.033        -0.014         0.078        -0.212        -0.004


           Covariances
              Y1            Y2            Y3            X1M10         X2M11
              ________      ________      ________      ________      ________
 Y1             0.644
 Y2             0.331         1.021
 Y3             0.417         0.676         1.387
 X1M10          0.004        -0.111        -0.055         0.574
 X2M11         -0.012         0.069         0.111         0.018         0.523
 X3M12         -0.135        -0.111        -0.058         0.101         0.013


           Covariances
              X3M12
              ________
 X3M12          0.585


           Correlations
              X1            X2            X3            M1            M2
              ________      ________      ________      ________      ________
 X1             1.000
 X2             0.042         1.000
 X3             0.141         0.340         1.000
 M1            -0.014        -0.017        -0.115         1.000
 M2            -0.124         0.032         0.006        -0.005         1.000
 M3             0.037         0.006        -0.156         0.072         0.291
 M4             0.114         0.012         0.184         0.086         0.166
 M5            -0.064         0.212        -0.045         0.053         0.006
 M6            -0.118         0.099        -0.087         0.008        -0.059
 M7            -0.124        -0.028         0.056         0.237         0.270
 M8            -0.122         0.141         0.026         0.093         0.072
 M9            -0.078         0.179         0.102         0.154         0.135
 M10           -0.094         0.194        -0.013         0.013         0.111
 M11           -0.042         0.188        -0.054         0.030         0.129
 M12           -0.088         0.130         0.131         0.110         0.076
 Y1            -0.027         0.089         0.095         0.167         0.109
 Y2            -0.090         0.114         0.159         0.060         0.243
 Y3             0.030         0.199         0.267         0.062         0.150
 X1M10         -0.008         0.161         0.000         0.253        -0.011
 X2M11         -0.001         0.008         0.000         0.130         0.043
 X3M12          0.019         0.016         0.061         0.014         0.058


           Correlations
              M3            M4            M5            M6            M7
              ________      ________      ________      ________      ________
 M3             1.000
 M4             0.113         1.000
 M5             0.100         0.079         1.000
 M6             0.173         0.023         0.084         1.000
 M7             0.208         0.145         0.113         0.076         1.000
 M8             0.182        -0.002         0.066         0.232         0.260
 M9             0.253         0.001         0.009         0.121         0.213
 M10            0.094         0.134         0.169         0.186         0.203
 M11            0.309         0.084         0.180         0.203         0.208
 M12            0.058         0.152         0.208         0.106         0.461
 Y1             0.114        -0.140         0.144        -0.037         0.034
 Y2             0.006         0.021         0.270        -0.013         0.177
 Y3             0.075        -0.016         0.198        -0.038         0.033
 X1M10          0.218         0.096         0.059        -0.048         0.025
 X2M11         -0.021         0.241        -0.050        -0.025        -0.196
 X3M12         -0.108         0.013        -0.072        -0.129         0.057


           Correlations
              M8            M9            M10           M11           M12
              ________      ________      ________      ________      ________
 M8             1.000
 M9             0.364         1.000
 M10            0.240         0.155         1.000
 M11            0.298         0.361         0.228         1.000
 M12            0.234         0.422         0.410         0.311         1.000
 Y1             0.184         0.343         0.090         0.204         0.122
 Y2             0.052         0.193         0.106         0.139         0.192
 Y3             0.105         0.133         0.113         0.195         0.146
 X1M10          0.114        -0.036        -0.001        -0.089        -0.007
 X2M11         -0.185        -0.092        -0.001         0.039        -0.210
 X3M12          0.028        -0.012         0.065        -0.188        -0.003


           Correlations
              Y1            Y2            Y3            X1M10         X2M11
              ________      ________      ________      ________      ________
 Y1             1.000
 Y2             0.408         1.000
 Y3             0.442         0.568         1.000
 X1M10          0.006        -0.145        -0.062         1.000
 X2M11         -0.020         0.094         0.131         0.032         1.000
 X3M12         -0.220        -0.144        -0.064         0.175         0.024


           Correlations
              X3M12
              ________
 X3M12          1.000


UNIVARIATE SAMPLE STATISTICS


     UNIVARIATE HIGHER-ORDER MOMENT DESCRIPTIVE STATISTICS

         Variable/         Mean/     Skewness/   Minimum/ % with                Percentiles
        Sample Size      Variance    Kurtosis    Maximum  Min/Max      20%/60%    40%/80%    Median

     X1                    0.000      -0.201      -0.550   45.00%      -0.550     -0.550      0.450
             100.000       0.247      -1.960       0.450   55.00%       0.450      0.450
     X2                    0.000       0.040      -0.490   51.00%      -0.490     -0.490     -0.490
             100.000       0.250      -1.998       0.510   49.00%       0.510      0.510
     X3                    0.000       0.000      -0.500   50.00%      -0.500     -0.500      0.000
             100.000       0.250      -2.000       0.500   50.00%       0.500      0.500
     M1                    0.000      -0.128      -2.130   28.00%      -2.130     -1.130     -0.130
             100.000       2.713      -1.616       1.870   34.00%       0.870      1.870
     M2                    0.000      -0.050      -2.030   27.00%      -2.030     -0.030     -0.030
             100.000       2.429      -1.488       1.970   27.00%       0.970      1.970
     M3                    0.000      -0.464      -2.440   19.00%      -1.440     -0.440      0.560
             100.000       2.366      -1.310       1.560   37.00%       0.560      1.560
     M4                    0.000      -0.002      -1.880   31.00%      -1.880     -0.880      0.120
             100.000       2.306      -1.473       2.120   19.00%       1.120      1.120
     M5                    0.000       0.103      -1.890   29.00%      -1.890     -0.890      0.110
             100.000       2.398      -1.476       2.110   24.00%       0.110      2.110
     M6                    0.000       0.094      -1.850   28.00%      -1.850     -0.850      0.150
             100.000       2.208      -1.408       2.150   19.00%       0.150      1.150
     M7                    0.000      -0.225      -2.270   22.00%      -2.270     -0.270     -0.270
             100.000       2.557      -1.535       1.730   37.00%       0.730      1.730
     M8                    0.000       0.054      -1.880   31.00%      -1.880     -0.880      0.120
             100.000       2.386      -1.480       2.120   22.00%       0.120      2.120
     M9                    0.000      -0.033      -2.020   26.00%      -2.020     -1.020     -0.020
             100.000       2.460      -1.561       1.980   26.00%       0.980      1.980
     M10                   0.000      -0.052      -2.060   25.00%      -2.060     -1.060     -0.060
             100.000       2.416      -1.497       1.940   28.00%       0.940      1.940
     M11                   0.000       0.275      -1.820   24.00%      -1.820     -0.820      0.180
             100.000       2.168      -1.313       2.180   22.00%       0.180      2.180
     M12                   0.000      -0.017      -1.940   29.00%      -1.940     -0.940      0.060
             100.000       2.336      -1.462       2.060   22.00%       1.060      2.060
     Y1                    0.536       0.082      -1.690    1.00%      -0.166      0.299      0.537
             100.000       0.644      -0.121       2.532    1.00%       0.683      1.144
     Y2                    0.853       0.247      -1.747    1.00%       0.133      0.368      0.751
             100.000       1.021      -0.146       3.475    1.00%       1.061      1.727
     Y3                    1.056       0.138      -1.615    1.00%       0.075      0.796      0.996
             100.000       1.387      -0.224       4.402    1.00%       1.338      2.065
     X1M10                 0.000      -0.256      -1.130   10.00%      -1.070     -0.130     -0.070
             100.000       0.574      -1.378       0.930   12.00%       0.370      0.870
     X2M11                 0.000      -0.274      -1.206    9.00%      -0.716     -0.226      0.109
             100.000       0.523      -1.192       0.974   13.00%       0.264      0.754
     X3M12                 0.000       0.019      -0.994   15.00%      -0.854     -0.404      0.076
             100.000       0.585      -1.473       1.206    7.00%       0.496      0.656


     THIS ANALYSIS MAY HAVE MULTIPLE SOLUTIONS.  EXPLORE THIS USING RANDOM STARTS,
     FOR EXAMPLE, STARTS = 20.  USE A LARGE ENOUGH NUMBER OF STARTS SO THAT THE
     BEST FIT FUNCTION VALUE IS REPLICATED SEVERAL TIMES.


THE MODEL ESTIMATION TERMINATED NORMALLY

     THE STANDARD ERRORS OF THE MODEL PARAMETER ESTIMATES MAY NOT BE
     TRUSTWORTHY FOR SOME PARAMETERS DUE TO A NON-POSITIVE DEFINITE
     FIRST-ORDER DERIVATIVE PRODUCT MATRIX.  THIS MAY BE DUE TO THE STARTING
     VALUES BUT MAY ALSO BE AN INDICATION OF MODEL NONIDENTIFICATION.  THE
     CONDITION NUMBER IS      -0.155D-13.  PROBLEM INVOLVING THE FOLLOWING PARAMETER:
     Parameter 67, XM WITH X (equality/label)

     THIS IS MOST LIKELY DUE TO VARIABLE X1 BEING DICHOTOMOUS BUT
     DECLARED AS CONTINUOUS.




MODEL FIT INFORMATION

Number of Free Parameters                       69

Loglikelihood

          H0 Value                       -3094.584
          H0 Scaling Correction Factor      0.9972
            for MLR
          H1 Value                       -2986.835
          H1 Scaling Correction Factor      0.9567
            for MLR

Information Criteria

          Akaike (AIC)                    6327.167
          Bayesian (BIC)                  6506.924
          Sample-Size Adjusted BIC        6289.005
            (n* = (n + 2) / 24)

Chi-Square Test of Model Fit

          Value                            228.922*
          Degrees of Freedom                   183
          P-Value                           0.0119
          Scaling Correction Factor         0.9414
            for MLR

*   The chi-square value for MLM, MLMV, MLR, ULSMV, WLSM and WLSMV cannot be used
    for chi-square difference testing in the regular way.  MLM, MLR and WLSM
    chi-square difference testing is described on the Mplus website.  MLMV, WLSMV,
    and ULSMV difference testing is done using the DIFFTEST option.

RMSEA (Root Mean Square Error Of Approximation)

          Estimate                           0.050
          90 Percent C.I.                    0.025  0.070
          Probability RMSEA <= .05           0.484

CFI/TLI

          CFI                                0.787
          TLI                                0.756

Chi-Square Test of Model Fit for the Baseline Model

          Value                            425.672
          Degrees of Freedom                   210
          P-Value                           0.0000

SRMR (Standardized Root Mean Square Residual)

          Value                              0.079



MODEL RESULTS

                                                    Two-Tailed
                    Estimate       S.E.  Est./S.E.    P-Value

 X        BY
    X3                 1.000      0.000    999.000    999.000
    X2                 0.995      1.496      0.665      0.506
    X1                 0.186      0.294      0.634      0.526

 M        BY
    M12                1.000      0.000    999.000    999.000
    M11                0.791      0.244      3.246      0.001
    M10                0.707      0.165      4.292      0.000
    M9                 0.897      0.231      3.886      0.000
    M8                 0.745      0.230      3.238      0.001
    M7                 0.850      0.177      4.789      0.000
    M6                 0.356      0.213      1.670      0.095
    M5                 0.396      0.200      1.981      0.048
    M4                 0.272      0.180      1.508      0.132
    M3                 0.532      0.243      2.192      0.028
    M2                 0.412      0.224      1.842      0.066
    M1                 0.327      0.197      1.656      0.098

 Y        BY
    Y3                 1.000      0.000    999.000    999.000
    Y2                 0.825      0.176      4.689      0.000
    Y1                 0.509      0.134      3.812      0.000

 XM       BY
    X3M12              1.000      0.000    999.000    999.000
    X2M11             -0.206      1.796     -0.115      0.909
    X1M10              0.966      1.140      0.847      0.397

 Y        ON
    X                  1.393      1.584      0.879      0.379
    M                  0.260      0.300      0.866      0.387
    XM                -1.538      4.761     -0.323      0.747

 X        WITH
    M                  0.067      0.076      0.883      0.377
    XM                 0.022      0.029      0.780      0.436

 M        WITH
    XM                 0.012      0.166      0.074      0.941

 Intercepts
    X1                 0.000      0.050      0.000      1.000
    X2                 0.000      0.050      0.000      1.000
    X3                 0.000      0.050      0.000      1.000
    M1                 0.000      0.165      0.000      1.000
    M2                 0.000      0.156      0.000      1.000
    M3                 0.000      0.154      0.000      1.000
    M4                 0.000      0.152      0.000      1.000
    M5                 0.000      0.155      0.000      1.000
    M6                 0.000      0.149      0.000      1.000
    M7                 0.000      0.160      0.000      1.000
    M8                 0.000      0.154      0.000      1.000
    M9                 0.000      0.157      0.000      1.000
    M10                0.000      0.155      0.000      1.000
    M11                0.000      0.147      0.000      1.000
    M12                0.000      0.153      0.000      1.000
    Y1                 0.536      0.080      6.678      0.000
    Y2                 0.853      0.101      8.438      0.000
    Y3                 1.056      0.118      8.963      0.000
    X1M10              0.000      0.076      0.000      1.000
    X2M11              0.000      0.072      0.000      1.000
    X3M12              0.000      0.076      0.000      1.000

 Variances
    X                  0.087      0.135      0.645      0.519
    M                  1.008      0.315      3.201      0.001
    XM                 0.091      0.255      0.357      0.721

 Residual Variances
    X1                 0.244      0.014     17.901      0.000
    X2                 0.164      0.130      1.263      0.207
    X3                 0.163      0.135      1.207      0.228
    M1                 2.605      0.205     12.698      0.000
    M2                 2.258      0.219     10.297      0.000
    M3                 2.081      0.219      9.522      0.000
    M4                 2.231      0.163     13.701      0.000
    M5                 2.240      0.206     10.854      0.000
    M6                 2.080      0.212      9.808      0.000
    M7                 1.829      0.264      6.926      0.000
    M8                 1.826      0.268      6.806      0.000
    M9                 1.648      0.292      5.654      0.000
    M10                1.913      0.248      7.711      0.000
    M11                1.537      0.297      5.171      0.000
    M12                1.329      0.276      4.817      0.000
    Y1                 0.433      0.081      5.325      0.000
    Y2                 0.468      0.113      4.135      0.000
    Y3                 0.574      0.201      2.858      0.004
    X1M10              0.489      0.195      2.514      0.012
    X2M11              0.520      0.078      6.651      0.000
    X3M12              0.494      0.247      1.998      0.046
    Y                  0.417      0.686      0.609      0.543

New/Additional Parameters
    VAR_Y              0.813      0.245      3.322      0.001
    STD_B1             0.456      0.334      1.364      0.172
    STD_B2             0.289      0.326      0.889      0.374
    STD_B3            -0.505      1.494     -0.338      0.735


QUALITY OF NUMERICAL RESULTS

     Condition Number for the Information Matrix              0.536E-04
       (ratio of smallest to largest eigenvalue)


CONFIDENCE INTERVALS OF MODEL RESULTS

                  Lower .5%  Lower 2.5%    Lower 5%    Estimate    Upper 5%  Upper 2.5%   Upper .5%

 X        BY
    X3               1.000       1.000       1.000       1.000       1.000       1.000       1.000
    X2              -2.859      -1.938      -1.466       0.995       3.456       3.928       4.849
    X1              -0.570      -0.389      -0.297       0.186       0.669       0.762       0.943

 M        BY
    M12              1.000       1.000       1.000       1.000       1.000       1.000       1.000
    M11              0.163       0.313       0.390       0.791       1.192       1.269       1.419
    M10              0.283       0.384       0.436       0.707       0.978       1.030       1.131
    M9               0.302       0.445       0.517       0.897       1.277       1.350       1.492
    M8               0.152       0.294       0.367       0.745       1.124       1.196       1.338
    M7               0.393       0.502       0.558       0.850       1.142       1.198       1.307
    M6              -0.193      -0.062       0.005       0.356       0.707       0.775       0.906
    M5              -0.119       0.004       0.067       0.396       0.725       0.788       0.911
    M4              -0.192      -0.081      -0.025       0.272       0.568       0.625       0.736
    M3              -0.093       0.056       0.133       0.532       0.931       1.008       1.157
    M2              -0.164      -0.026       0.044       0.412       0.779       0.850       0.988
    M1              -0.181      -0.060       0.002       0.327       0.651       0.714       0.835

 Y        BY
    Y3               1.000       1.000       1.000       1.000       1.000       1.000       1.000
    Y2               0.372       0.480       0.535       0.825       1.114       1.169       1.278
    Y1               0.165       0.248       0.290       0.509       0.729       0.771       0.854

 XM       BY
    X3M12            1.000       1.000       1.000       1.000       1.000       1.000       1.000
    X2M11           -4.833      -3.727      -3.161      -0.206       2.749       3.315       4.421
    X1M10           -1.971      -1.269      -0.910       0.966       2.842       3.201       3.903

 Y        ON
    X               -2.688      -1.712      -1.213       1.393       3.999       4.498       5.473
    M               -0.514      -0.329      -0.234       0.260       0.754       0.849       1.034
    XM             -13.801     -10.870      -9.370      -1.538       6.294       7.794      10.726

 X        WITH
    M               -0.129      -0.082      -0.058       0.067       0.192       0.216       0.263
    XM              -0.051      -0.034      -0.025       0.022       0.069       0.078       0.096

 M        WITH
    XM              -0.416      -0.314      -0.261       0.012       0.286       0.339       0.441

 Intercepts
    X1              -0.128      -0.098      -0.082       0.000       0.082       0.098       0.128
    X2              -0.129      -0.098      -0.082       0.000       0.082       0.098       0.129
    X3              -0.129      -0.098      -0.082       0.000       0.082       0.098       0.129
    M1              -0.424      -0.323      -0.271       0.000       0.271       0.323       0.424
    M2              -0.401      -0.305      -0.256       0.000       0.256       0.305       0.401
    M3              -0.396      -0.302      -0.253       0.000       0.253       0.302       0.396
    M4              -0.391      -0.298      -0.250       0.000       0.250       0.298       0.391
    M5              -0.399      -0.304      -0.255       0.000       0.255       0.304       0.399
    M6              -0.383      -0.291      -0.244       0.000       0.244       0.291       0.383
    M7              -0.412      -0.313      -0.263       0.000       0.263       0.313       0.412
    M8              -0.398      -0.303      -0.254       0.000       0.254       0.303       0.398
    M9              -0.404      -0.307      -0.258       0.000       0.258       0.307       0.404
    M10             -0.400      -0.305      -0.256       0.000       0.256       0.305       0.400
    M11             -0.379      -0.289      -0.242       0.000       0.242       0.289       0.379
    M12             -0.394      -0.300      -0.251       0.000       0.251       0.300       0.394
    Y1               0.329       0.379       0.404       0.536       0.668       0.693       0.742
    Y2               0.592       0.655       0.686       0.853       1.019       1.051       1.113
    Y3               0.752       0.825       0.862       1.056       1.249       1.286       1.359
    X1M10           -0.195      -0.149      -0.125       0.000       0.125       0.149       0.195
    X2M11           -0.186      -0.142      -0.119       0.000       0.119       0.142       0.186
    X3M12           -0.197      -0.150      -0.126       0.000       0.126       0.150       0.197

 Variances
    X               -0.261      -0.177      -0.135       0.087       0.309       0.352       0.435
    M                0.197       0.391       0.490       1.008       1.525       1.624       1.818
    XM              -0.565      -0.408      -0.328       0.091       0.510       0.590       0.746

 Residual Variances
    X1               0.209       0.218       0.222       0.244       0.267       0.271       0.280
    X2              -0.170      -0.090      -0.050       0.164       0.377       0.418       0.498
    X3              -0.185      -0.102      -0.059       0.163       0.385       0.427       0.511
    M1               2.077       2.203       2.268       2.605       2.943       3.008       3.134
    M2               1.693       1.828       1.898       2.258       2.619       2.688       2.823
    M3               1.518       1.653       1.722       2.081       2.441       2.510       2.644
    M4               1.812       1.912       1.963       2.231       2.499       2.550       2.651
    M5               1.708       1.835       1.900       2.240       2.579       2.644       2.772
    M6               1.533       1.664       1.731       2.080       2.428       2.495       2.626
    M7               1.149       1.311       1.395       1.829       2.264       2.347       2.509
    M8               1.135       1.300       1.385       1.826       2.267       2.352       2.517
    M9               0.897       1.077       1.169       1.648       2.128       2.220       2.399
    M10              1.274       1.427       1.505       1.913       2.321       2.399       2.552
    M11              0.772       0.955       1.048       1.537       2.026       2.120       2.303
    M12              0.618       0.788       0.875       1.329       1.783       1.870       2.039
    Y1               0.223       0.273       0.299       0.433       0.566       0.592       0.642
    Y2               0.177       0.246       0.282       0.468       0.655       0.690       0.760
    Y3               0.057       0.180       0.244       0.574       0.904       0.968       1.091
    X1M10           -0.012       0.108       0.169       0.489       0.809       0.871       0.990
    X2M11            0.318       0.366       0.391       0.520       0.648       0.673       0.721
    X3M12           -0.143       0.009       0.087       0.494       0.901       0.979       1.131
    Y               -1.349      -0.926      -0.711       0.417       1.545       1.761       2.184

New/Additional Parameters
    VAR_Y            0.183       0.333       0.410       0.813       1.216       1.293       1.444
    STD_B1          -0.405      -0.199      -0.094       0.456       1.005       1.111       1.316
    STD_B2          -0.549      -0.349      -0.246       0.289       0.825       0.928       1.128
    STD_B3          -4.354      -3.434      -2.963      -0.505       1.953       2.423       3.343


TECHNICAL 1 OUTPUT


     PARAMETER SPECIFICATION


           NU
              X1            X2            X3            M1            M2
              ________      ________      ________      ________      ________
                  1             2             3             4             5


           NU
              M3            M4            M5            M6            M7
              ________      ________      ________      ________      ________
                  6             7             8             9            10


           NU
              M8            M9            M10           M11           M12
              ________      ________      ________      ________      ________
                 11            12            13            14            15


           NU
              Y1            Y2            Y3            X1M10         X2M11
              ________      ________      ________      ________      ________
                 16            17            18            19            20


           NU
              X3M12
              ________
                 21


           LAMBDA
              X             M             Y             XM
              ________      ________      ________      ________
 X1                22             0             0             0
 X2                23             0             0             0
 X3                 0             0             0             0
 M1                 0            24             0             0
 M2                 0            25             0             0
 M3                 0            26             0             0
 M4                 0            27             0             0
 M5                 0            28             0             0
 M6                 0            29             0             0
 M7                 0            30             0             0
 M8                 0            31             0             0
 M9                 0            32             0             0
 M10                0            33             0             0
 M11                0            34             0             0
 M12                0             0             0             0
 Y1                 0             0            35             0
 Y2                 0             0            36             0
 Y3                 0             0             0             0
 X1M10              0             0             0            37
 X2M11              0             0             0            38
 X3M12              0             0             0             0


           THETA
              X1            X2            X3            M1            M2
              ________      ________      ________      ________      ________
 X1                39
 X2                 0            40
 X3                 0             0            41
 M1                 0             0             0            42
 M2                 0             0             0             0            43
 M3                 0             0             0             0             0
 M4                 0             0             0             0             0
 M5                 0             0             0             0             0
 M6                 0             0             0             0             0
 M7                 0             0             0             0             0
 M8                 0             0             0             0             0
 M9                 0             0             0             0             0
 M10                0             0             0             0             0
 M11                0             0             0             0             0
 M12                0             0             0             0             0
 Y1                 0             0             0             0             0
 Y2                 0             0             0             0             0
 Y3                 0             0             0             0             0
 X1M10              0             0             0             0             0
 X2M11              0             0             0             0             0
 X3M12              0             0             0             0             0


           THETA
              M3            M4            M5            M6            M7
              ________      ________      ________      ________      ________
 M3                44
 M4                 0            45
 M5                 0             0            46
 M6                 0             0             0            47
 M7                 0             0             0             0            48
 M8                 0             0             0             0             0
 M9                 0             0             0             0             0
 M10                0             0             0             0             0
 M11                0             0             0             0             0
 M12                0             0             0             0             0
 Y1                 0             0             0             0             0
 Y2                 0             0             0             0             0
 Y3                 0             0             0             0             0
 X1M10              0             0             0             0             0
 X2M11              0             0             0             0             0
 X3M12              0             0             0             0             0


           THETA
              M8            M9            M10           M11           M12
              ________      ________      ________      ________      ________
 M8                49
 M9                 0            50
 M10                0             0            51
 M11                0             0             0            52
 M12                0             0             0             0            53
 Y1                 0             0             0             0             0
 Y2                 0             0             0             0             0
 Y3                 0             0             0             0             0
 X1M10              0             0             0             0             0
 X2M11              0             0             0             0             0
 X3M12              0             0             0             0             0


           THETA
              Y1            Y2            Y3            X1M10         X2M11
              ________      ________      ________      ________      ________
 Y1                54
 Y2                 0            55
 Y3                 0             0            56
 X1M10              0             0             0            57
 X2M11              0             0             0             0            58
 X3M12              0             0             0             0             0


           THETA
              X3M12
              ________
 X3M12             59


           ALPHA
              X             M             Y             XM
              ________      ________      ________      ________
                  0             0             0             0


           BETA
              X             M             Y             XM
              ________      ________      ________      ________
 X                  0             0             0             0
 M                  0             0             0             0
 Y                 60            61             0            62
 XM                 0             0             0             0


           PSI
              X             M             Y             XM
              ________      ________      ________      ________
 X                 63
 M                 64            65
 Y                  0             0            66
 XM                67            68             0            69


     PARAMETER SPECIFICATION FOR THE ADDITIONAL PARAMETERS


           New/Additional Parameters
              VAR_Y         STD_B1        STD_B2        STD_B3
              ________      ________      ________      ________
                   70            71            72            73


     STARTING VALUES


           NU
              X1            X2            X3            M1            M2
              ________      ________      ________      ________      ________
                0.000         0.000         0.000         0.000         0.000


           NU
              M3            M4            M5            M6            M7
              ________      ________      ________      ________      ________
                0.000         0.000         0.000         0.000         0.000


           NU
              M8            M9            M10           M11           M12
              ________      ________      ________      ________      ________
                0.000         0.000         0.000         0.000         0.000


           NU
              Y1            Y2            Y3            X1M10         X2M11
              ________      ________      ________      ________      ________
                0.536         0.853         1.056         0.000         0.000


           NU
              X3M12
              ________
                0.000


           LAMBDA
              X             M             Y             XM
              ________      ________      ________      ________
 X1             0.124         0.000         0.000         0.000
 X2             0.300         0.000         0.000         0.000
 X3             1.000         0.000         0.000         0.000
 M1             0.000         0.668         0.000         0.000
 M2             0.000         0.623         0.000         0.000
 M3             0.000         0.384         0.000         0.000
 M4             0.000         0.097         0.000         0.000
 M5             0.000         0.091         0.000         0.000
 M6             0.000         0.204         0.000         0.000
 M7             0.000         0.914         0.000         0.000
 M8             0.000         0.573         0.000         0.000
 M9             0.000         0.448         0.000         0.000
 M10            0.000         0.285         0.000         0.000
 M11            0.000         0.533         0.000         0.000
 M12            0.000         1.000         0.000         0.000
 Y1             0.000         0.000         0.489         0.000
 Y2             0.000         0.000         0.792         0.000
 Y3             0.000         0.000         1.000         0.000
 X1M10          0.000         0.000         0.000         1.346
 X2M11          0.000         0.000         0.000         0.174
 X3M12          0.000         0.000         0.000         1.000


           THETA
              X1            X2            X3            M1            M2
              ________      ________      ________      ________      ________
 X1             0.124
 X2             0.000         0.125
 X3             0.000         0.000         0.125
 M1             0.000         0.000         0.000         1.357
 M2             0.000         0.000         0.000         0.000         1.215
 M3             0.000         0.000         0.000         0.000         0.000
 M4             0.000         0.000         0.000         0.000         0.000
 M5             0.000         0.000         0.000         0.000         0.000
 M6             0.000         0.000         0.000         0.000         0.000
 M7             0.000         0.000         0.000         0.000         0.000
 M8             0.000         0.000         0.000         0.000         0.000
 M9             0.000         0.000         0.000         0.000         0.000
 M10            0.000         0.000         0.000         0.000         0.000
 M11            0.000         0.000         0.000         0.000         0.000
 M12            0.000         0.000         0.000         0.000         0.000
 Y1             0.000         0.000         0.000         0.000         0.000
 Y2             0.000         0.000         0.000         0.000         0.000
 Y3             0.000         0.000         0.000         0.000         0.000
 X1M10          0.000         0.000         0.000         0.000         0.000
 X2M11          0.000         0.000         0.000         0.000         0.000
 X3M12          0.000         0.000         0.000         0.000         0.000


           THETA
              M3            M4            M5            M6            M7
              ________      ________      ________      ________      ________
 M3             1.183
 M4             0.000         1.153
 M5             0.000         0.000         1.199
 M6             0.000         0.000         0.000         1.104
 M7             0.000         0.000         0.000         0.000         1.279
 M8             0.000         0.000         0.000         0.000         0.000
 M9             0.000         0.000         0.000         0.000         0.000
 M10            0.000         0.000         0.000         0.000         0.000
 M11            0.000         0.000         0.000         0.000         0.000
 M12            0.000         0.000         0.000         0.000         0.000
 Y1             0.000         0.000         0.000         0.000         0.000
 Y2             0.000         0.000         0.000         0.000         0.000
 Y3             0.000         0.000         0.000         0.000         0.000
 X1M10          0.000         0.000         0.000         0.000         0.000
 X2M11          0.000         0.000         0.000         0.000         0.000
 X3M12          0.000         0.000         0.000         0.000         0.000


           THETA
              M8            M9            M10           M11           M12
              ________      ________      ________      ________      ________
 M8             1.193
 M9             0.000         1.230
 M10            0.000         0.000         1.208
 M11            0.000         0.000         0.000         1.084
 M12            0.000         0.000         0.000         0.000         1.168
 Y1             0.000         0.000         0.000         0.000         0.000
 Y2             0.000         0.000         0.000         0.000         0.000
 Y3             0.000         0.000         0.000         0.000         0.000
 X1M10          0.000         0.000         0.000         0.000         0.000
 X2M11          0.000         0.000         0.000         0.000         0.000
 X3M12          0.000         0.000         0.000         0.000         0.000


           THETA
              Y1            Y2            Y3            X1M10         X2M11
              ________      ________      ________      ________      ________
 Y1             0.322
 Y2             0.000         0.511
 Y3             0.000         0.000         0.694
 X1M10          0.000         0.000         0.000         0.287
 X2M11          0.000         0.000         0.000         0.000         0.262
 X3M12          0.000         0.000         0.000         0.000         0.000


           THETA
              X3M12
              ________
 X3M12          0.292


           ALPHA
              X             M             Y             XM
              ________      ________      ________      ________
                0.000         0.000         0.000         0.000


           BETA
              X             M             Y             XM
              ________      ________      ________      ________
 X              0.000         0.000         0.000         0.000
 M              0.000         0.000         0.000         0.000
 Y              0.000         0.000         0.000         0.000
 XM             0.000         0.000         0.000         0.000


           PSI
              X             M             Y             XM
              ________      ________      ________      ________
 X              0.050
 M              0.000         0.050
 Y              0.000         0.000         0.050
 XM             0.000         0.000         0.000         0.050


     STARTING VALUES FOR THE ADDITIONAL PARAMETERS


           New/Additional Parameters
              VAR_Y         STD_B1        STD_B2        STD_B3
              ________      ________      ________      ________
                0.500         0.500         0.500         0.500


RESULTS SAVING INFORMATION

  Order of data

    Parameter estimates
     (saved in order shown in Technical 1 output)
    Standard errors
     (saved in order shown in Technical 1 output)
    Number of Free Parameters
    H0 Loglikelihood
    H0 Scaling Correction Factor for MLR
    H1 Loglikelihood
    H1 Scaling Correction Factor for MLR
    Akaike (AIC)
    Bayesian (BIC)
    Sample-Size Adjusted BIC
    Chi-square : Value
    Chi-square : Degrees of Freedom
    Chi-square : P-Value
    Chi-square : Scaling Correction Factor for MLR/MLM/WLSM
    CFI
    TLI
    RMSEA : Estimate
    RMSEA : Low CI
    RMSEA : High CI
    RMSEA : Probability
    SRMR
    Condition Number

  Save file
    matchupi_results_1186.dat

  Save file format           Free


     Beginning Time:  21:04:03
        Ending Time:  21:04:04
       Elapsed Time:  00:00:01



MUTHEN & MUTHEN
3463 Stoner Ave.
Los Angeles, CA  90066

Tel: (310) 391-9971
Fax: (310) 391-8971
Web: www.StatModel.com
Support: Support@StatModel.com

Copyright (c) 1998-2022 Muthen & Muthen
