Mplus VERSION 8.8 (Mac)
MUTHEN & MUTHEN
07/27/2025   7:59 PM

INPUT INSTRUCTIONS


    TITLE: Matched-pair Unconstrained Product Indicator

    DATA:
      FILE = matchupi_simdat_319.dat;
      FORMAT IS FREE;

    VARIABLE:
      NAMES = x1 x2 x3
      	    m1 m2 m3 m4 m5 m6
      	    m7 m8 m9 m10 m11 m12
      	    y1 y2 y3
      	    x1m10 x2m11 x3m12;
      USEVARIABLES = x1-x3m12;

    ANALYSIS:
      TYPE = general;
      ESTIMATOR = MLR;
    MODEL:
      !measurement model
      X BY x3 x2 x1;
      X (var_X);
      M BY m12 m11 m10 m9 m8 m7 m6 m5 m4 m3 m2 m1;
      M (var_M);
      Y BY y3 y2 y1;
      Y (resvar_Y);
      XM BY x3m12 x2m11 x1m10;
      XM (var_XM);

      !covariances between predictors
      X WITH M (cov_XM);
      X WITH XM (cov_XXM);
      M WITH XM (cov_MXM);

      !structural model
      Y ON X (b1);
      Y ON M (b2);
      Y ON XM (b3);

    MODEL CONSTRAINT:

      NEW(var_Y std_b1 std_b2 std_b3);
      var_Y = resvar_Y +
       (b1^2 * var_X +
        b2^2 * var_M +
        b3^2 * var_XM +
        2 * b1 * b2 * cov_XM +
        2 * b1 * b3 * cov_XXM +
        2 * b2 * b3 * cov_MXM);

        std_b1 = b1 * sqrt(var_X) / sqrt(var_Y);
        std_b2 = b2 * sqrt(var_M) / sqrt(var_Y);
        std_b3 = b3 * sqrt(var_X) * sqrt(var_M) / sqrt(var_Y);

    OUTPUT:
      sampstat tech1 CINTERVAL;

    SAVEDATA:
      RESULTS = matchupi_results_319.dat;




INPUT READING TERMINATED NORMALLY



Matched-pair Unconstrained Product Indicator

SUMMARY OF ANALYSIS

Number of groups                                                 1
Number of observations                                         100

Number of dependent variables                                   21
Number of independent variables                                  0
Number of continuous latent variables                            4

Observed dependent variables

  Continuous
   X1          X2          X3          M1          M2          M3
   M4          M5          M6          M7          M8          M9
   M10         M11         M12         Y1          Y2          Y3
   X1M10       X2M11       X3M12

Continuous latent variables
   X           M           Y           XM


Estimator                                                      MLR
Information matrix                                        OBSERVED
Maximum number of iterations                                  1000
Convergence criterion                                    0.500D-04
Maximum number of steepest descent iterations                   20

Input data file(s)
  matchupi_simdat_319.dat

Input data format  FREE


SAMPLE STATISTICS


     SAMPLE STATISTICS


           Means
              X1            X2            X3            M1            M2
              ________      ________      ________      ________      ________
                0.000         0.000         0.000         0.000         0.000


           Means
              M3            M4            M5            M6            M7
              ________      ________      ________      ________      ________
                0.000         0.000         0.000         0.000         0.000


           Means
              M8            M9            M10           M11           M12
              ________      ________      ________      ________      ________
                0.000         0.000         0.000         0.000         0.000


           Means
              Y1            Y2            Y3            X1M10         X2M11
              ________      ________      ________      ________      ________
                0.571         0.863         1.159         0.000         0.000


           Means
              X3M12
              ________
                0.000


           Covariances
              X1            X2            X3            M1            M2
              ________      ________      ________      ________      ________
 X1             0.248
 X2             0.065         0.238
 X3             0.043         0.059         0.248
 M1             0.082         0.049         0.121         2.608
 M2             0.161        -0.112         0.151         0.357         2.680
 M3             0.004        -0.013        -0.031         0.108        -0.050
 M4             0.008        -0.066        -0.002        -0.094         0.261
 M5             0.139         0.067         0.131        -0.144         0.132
 M6             0.007         0.123        -0.029         0.172         0.427
 M7             0.098         0.060         0.027        -0.027         0.459
 M8            -0.052         0.071        -0.011        -0.378         0.743
 M9             0.001         0.101         0.010        -0.229         0.317
 M10           -0.055         0.116         0.155        -0.129        -0.030
 M11            0.044        -0.010         0.066        -0.165         0.405
 M12            0.009         0.092         0.049         0.073         0.490
 Y1             0.051         0.125         0.044         0.009         0.088
 Y2             0.089         0.200         0.122         0.129         0.097
 Y3             0.112         0.156         0.140         0.006        -0.104
 X1M10          0.029         0.004         0.004         0.013         0.047
 X2M11          0.016         0.002        -0.017        -0.045         0.120
 X3M12         -0.006        -0.065         0.038         0.168        -0.064


           Covariances
              M3            M4            M5            M6            M7
              ________      ________      ________      ________      ________
 M3             2.530
 M4            -0.411         2.658
 M5            -0.117         0.226         2.718
 M6            -0.112         0.466         0.301         2.647
 M7             0.106         0.602         0.745         0.698         2.647
 M8             0.272         0.584         0.753         1.117         0.657
 M9             0.058        -0.295         0.404         0.245         0.413
 M10            0.145         0.560         0.689         0.547         1.140
 M11            0.130         0.321         0.565         0.540         0.671
 M12           -0.140         0.529         0.948         0.953         1.011
 Y1             0.106         0.258         0.186         0.066         0.242
 Y2            -0.147        -0.143         0.156         0.119        -0.015
 Y3             0.128        -0.005         0.179         0.045         0.363
 X1M10          0.065        -0.082         0.161         0.125         0.023
 X2M11          0.060        -0.247         0.164         0.137         0.162
 X3M12          0.014        -0.094         0.015         0.253         0.031


           Covariances
              M8            M9            M10           M11           M12
              ________      ________      ________      ________      ________
 M8             2.248
 M9             0.339         2.053
 M10            0.448         0.351         2.370
 M11            0.366         0.540         0.758         2.177
 M12            0.847         0.563         0.960         0.725         2.200
 Y1             0.209         0.164         0.348         0.159         0.257
 Y2            -0.054         0.209         0.240         0.102         0.309
 Y3             0.084         0.190         0.346         0.232         0.206
 X1M10          0.196        -0.034         0.112         0.067         0.110
 X2M11          0.131         0.113         0.173         0.045         0.116
 X3M12          0.179         0.120         0.012         0.166         0.137


           Covariances
              Y1            Y2            Y3            X1M10         X2M11
              ________      ________      ________      ________      ________
 Y1             0.910
 Y2             0.377         0.976
 Y3             0.469         0.548         1.132
 X1M10         -0.048        -0.094        -0.104         0.553
 X2M11          0.100         0.041         0.075         0.099         0.508
 X3M12         -0.052         0.050         0.150         0.073         0.041


           Covariances
              X3M12
              ________
 X3M12          0.585


           Correlations
              X1            X2            X3            M1            M2
              ________      ________      ________      ________      ________
 X1             1.000
 X2             0.270         1.000
 X3             0.173         0.244         1.000
 M1             0.103         0.062         0.150         1.000
 M2             0.198        -0.141         0.185         0.135         1.000
 M3             0.005        -0.017        -0.039         0.042        -0.019
 M4             0.010        -0.082        -0.002        -0.036         0.098
 M5             0.170         0.083         0.159        -0.054         0.049
 M6             0.009         0.156        -0.036         0.066         0.160
 M7             0.120         0.075         0.033        -0.010         0.172
 M8            -0.070         0.098        -0.015        -0.156         0.303
 M9             0.002         0.144         0.014        -0.099         0.135
 M10           -0.072         0.155         0.201        -0.052        -0.012
 M11            0.059        -0.013         0.089        -0.069         0.168
 M12            0.012         0.127         0.067         0.030         0.202
 Y1             0.108         0.270         0.092         0.006         0.056
 Y2             0.181         0.415         0.247         0.081         0.060
 Y3             0.212         0.300         0.263         0.004        -0.060
 X1M10          0.078         0.012         0.011         0.011         0.038
 X2M11          0.045         0.006        -0.049        -0.039         0.103
 X3M12         -0.015        -0.174         0.101         0.136        -0.051


           Correlations
              M3            M4            M5            M6            M7
              ________      ________      ________      ________      ________
 M3             1.000
 M4            -0.158         1.000
 M5            -0.045         0.084         1.000
 M6            -0.043         0.176         0.112         1.000
 M7             0.041         0.227         0.278         0.263         1.000
 M8             0.114         0.239         0.305         0.458         0.270
 M9             0.025        -0.126         0.171         0.105         0.177
 M10            0.059         0.223         0.271         0.218         0.455
 M11            0.056         0.133         0.232         0.225         0.280
 M12           -0.060         0.219         0.388         0.395         0.419
 Y1             0.070         0.166         0.118         0.043         0.156
 Y2            -0.094        -0.089         0.096         0.074        -0.010
 Y3             0.076        -0.003         0.102         0.026         0.210
 X1M10          0.055        -0.068         0.131         0.103         0.019
 X2M11          0.053        -0.212         0.140         0.118         0.139
 X3M12          0.011        -0.076         0.012         0.203         0.025


           Correlations
              M8            M9            M10           M11           M12
              ________      ________      ________      ________      ________
 M8             1.000
 M9             0.158         1.000
 M10            0.194         0.159         1.000
 M11            0.165         0.255         0.334         1.000
 M12            0.381         0.265         0.420         0.331         1.000
 Y1             0.146         0.120         0.237         0.113         0.182
 Y2            -0.036         0.148         0.158         0.070         0.211
 Y3             0.053         0.125         0.211         0.148         0.130
 X1M10          0.176        -0.032         0.098         0.061         0.100
 X2M11          0.123         0.111         0.158         0.043         0.109
 X3M12          0.156         0.109         0.011         0.147         0.121


           Correlations
              Y1            Y2            Y3            X1M10         X2M11
              ________      ________      ________      ________      ________
 Y1             1.000
 Y2             0.400         1.000
 Y3             0.462         0.521         1.000
 X1M10         -0.067        -0.128        -0.132         1.000
 X2M11          0.148         0.058         0.099         0.188         1.000
 X3M12         -0.071         0.067         0.185         0.128         0.076


           Correlations
              X3M12
              ________
 X3M12          1.000


UNIVARIATE SAMPLE STATISTICS


     UNIVARIATE HIGHER-ORDER MOMENT DESCRIPTIVE STATISTICS

         Variable/         Mean/     Skewness/   Minimum/ % with                Percentiles
        Sample Size      Variance    Kurtosis    Maximum  Min/Max      20%/60%    40%/80%    Median

     X1                    0.000       0.201      -0.450   55.00%      -0.450     -0.450     -0.450
             100.000       0.247      -1.960       0.550   45.00%       0.550      0.550
     X2                    0.000      -0.451      -0.610   39.00%      -0.610      0.390      0.390
             100.000       0.238      -1.797       0.390   61.00%       0.390      0.390
     X3                    0.000       0.161      -0.460   54.00%      -0.460     -0.460     -0.460
             100.000       0.248      -1.974       0.540   46.00%       0.540      0.540
     M1                    0.000      -0.130      -2.150   26.00%      -2.150     -0.150     -0.150
             100.000       2.608      -1.558       1.850   34.00%       0.850      1.850
     M2                    0.000      -0.018      -2.020   30.00%      -2.020     -1.020     -0.020
             100.000       2.680      -1.607       1.980   31.00%       0.980      1.980
     M3                    0.000      -0.456      -2.480   19.00%      -1.480     -0.480      0.520
             100.000       2.530      -1.411       1.520   43.00%       1.520      1.520
     M4                    0.000      -0.019      -1.960   33.00%      -1.960     -0.960      0.040
             100.000       2.658      -1.610       2.040   27.00%       1.040      2.040
     M5                    0.000       0.096      -1.890   34.00%      -1.890     -0.890      0.110
             100.000       2.718      -1.624       2.110   28.00%       1.110      2.110
     M6                    0.000       0.379      -1.650   39.00%      -1.650     -0.650     -0.650
             100.000       2.648      -1.463       2.350   25.00%       0.350      2.350
     M7                    0.000       0.003      -2.050   27.00%      -2.050     -1.050     -0.050
             100.000       2.647      -1.601       1.950   33.00%       0.950      1.950
     M8                    0.000       0.168      -1.850   27.00%      -1.850     -0.850      0.150
             100.000       2.248      -1.380       2.150   22.00%       0.150      2.150
     M9                    0.000      -0.168      -2.130   21.00%      -2.130     -0.130     -0.130
             100.000       2.053      -1.217       1.870   24.00%       0.870      1.870
     M10                   0.000      -0.016      -1.990   27.00%      -1.990     -0.990      0.010
             100.000       2.370      -1.468       2.010   25.00%       1.010      2.010
     M11                   0.000       0.269      -1.770   27.00%      -1.770     -0.770      0.230
             100.000       2.177      -1.318       2.230   20.00%       0.230      1.230
     M12                   0.000      -0.002      -1.980   24.00%      -1.980     -0.980      0.020
             100.000       2.200      -1.406       2.020   22.00%       1.020      2.020
     Y1                    0.571      -0.089      -1.939    1.00%      -0.279      0.375      0.627
             100.000       0.910       0.121       2.951    1.00%       0.767      1.360
     Y2                    0.863       0.146      -1.501    1.00%       0.037      0.579      0.768
             100.000       0.976      -0.095       3.159    1.00%       0.987      1.683
     Y3                    1.159       0.254      -0.867    1.00%       0.179      0.680      0.984
             100.000       1.132      -0.613       3.823    1.00%       1.429      2.072
     X1M10                 0.000      -0.130      -1.118   12.00%      -0.978     -0.058     -0.038
             100.000       0.553      -1.334       1.042   12.00%       0.402      0.862
     X2M11                 0.000       0.042      -1.351    6.00%      -0.681     -0.291     -0.131
             100.000       0.508      -1.046       1.089   11.00%       0.099      0.879
     X3M12                 0.000       0.111      -1.039   13.00%      -0.849     -0.399      0.051
             100.000       0.585      -1.401       1.161   10.00%       0.061      0.951


     THIS ANALYSIS MAY HAVE MULTIPLE SOLUTIONS.  EXPLORE THIS USING RANDOM STARTS,
     FOR EXAMPLE, STARTS = 20.  USE A LARGE ENOUGH NUMBER OF STARTS SO THAT THE
     BEST FIT FUNCTION VALUE IS REPLICATED SEVERAL TIMES.


THE MODEL ESTIMATION TERMINATED NORMALLY

     THE STANDARD ERRORS OF THE MODEL PARAMETER ESTIMATES MAY NOT BE
     TRUSTWORTHY FOR SOME PARAMETERS DUE TO A NON-POSITIVE DEFINITE
     FIRST-ORDER DERIVATIVE PRODUCT MATRIX.  THIS MAY BE DUE TO THE STARTING
     VALUES BUT MAY ALSO BE AN INDICATION OF MODEL NONIDENTIFICATION.  THE
     CONDITION NUMBER IS      -0.111D-14.  PROBLEM INVOLVING THE FOLLOWING PARAMETER:
     Parameter 67, XM WITH X (equality/label)

     THIS IS MOST LIKELY DUE TO VARIABLE X1 BEING DICHOTOMOUS BUT
     DECLARED AS CONTINUOUS.




MODEL FIT INFORMATION

Number of Free Parameters                       69

Loglikelihood

          H0 Value                       -3086.082
          H0 Scaling Correction Factor      0.9827
            for MLR
          H1 Value                       -2977.384
          H1 Scaling Correction Factor      0.9533
            for MLR

Information Criteria

          Akaike (AIC)                    6310.164
          Bayesian (BIC)                  6489.921
          Sample-Size Adjusted BIC        6272.001
            (n* = (n + 2) / 24)

Chi-Square Test of Model Fit

          Value                            230.719*
          Degrees of Freedom                   183
          P-Value                           0.0097
          Scaling Correction Factor         0.9423
            for MLR

*   The chi-square value for MLM, MLMV, MLR, ULSMV, WLSM and WLSMV cannot be used
    for chi-square difference testing in the regular way.  MLM, MLR and WLSM
    chi-square difference testing is described on the Mplus website.  MLMV, WLSMV,
    and ULSMV difference testing is done using the DIFFTEST option.

RMSEA (Root Mean Square Error Of Approximation)

          Estimate                           0.051
          90 Percent C.I.                    0.027  0.070
          Probability RMSEA <= .05           0.453

CFI/TLI

          CFI                                0.819
          TLI                                0.792

Chi-Square Test of Model Fit for the Baseline Model

          Value                            472.952
          Degrees of Freedom                   210
          P-Value                           0.0000

SRMR (Standardized Root Mean Square Residual)

          Value                              0.071



MODEL RESULTS

                                                    Two-Tailed
                    Estimate       S.E.  Est./S.E.    P-Value

 X        BY
    X3                 1.000      0.000    999.000    999.000
    X2                 1.630      0.927      1.758      0.079
    X1                 0.940      0.395      2.378      0.017

 M        BY
    M12                1.000      0.000    999.000    999.000
    M11                0.635      0.150      4.222      0.000
    M10                0.801      0.169      4.755      0.000
    M9                 0.424      0.158      2.680      0.007
    M8                 0.736      0.176      4.183      0.000
    M7                 0.879      0.177      4.969      0.000
    M6                 0.747      0.163      4.595      0.000
    M5                 0.713      0.175      4.073      0.000
    M4                 0.421      0.197      2.138      0.032
    M3                 0.010      0.164      0.059      0.953
    M2                 0.396      0.176      2.256      0.024
    M1                -0.047      0.177     -0.266      0.790

 Y        BY
    Y3                 1.000      0.000    999.000    999.000
    Y2                 0.911      0.208      4.376      0.000
    Y1                 0.719      0.146      4.918      0.000

 XM       BY
    X3M12              1.000      0.000    999.000    999.000
    X2M11              1.222      2.186      0.559      0.576
    X1M10              1.151      4.875      0.236      0.813

 Y        ON
    X                  2.763      1.778      1.554      0.120
    M                  0.067      0.525      0.129      0.898
    XM                 0.257      4.715      0.055      0.957

 X        WITH
    M                  0.052      0.044      1.177      0.239
    XM                -0.003      0.033     -0.088      0.930

 M        WITH
    XM                 0.117      0.281      0.415      0.678

 Intercepts
    X1                 0.000      0.050      0.000      1.000
    X2                 0.000      0.049      0.000      1.000
    X3                 0.000      0.050      0.000      1.000
    M1                 0.000      0.161      0.000      1.000
    M2                 0.000      0.164      0.000      1.000
    M3                 0.000      0.159      0.000      1.000
    M4                 0.000      0.163      0.000      1.000
    M5                 0.000      0.165      0.000      1.000
    M6                 0.000      0.163      0.000      1.000
    M7                 0.000      0.163      0.000      1.000
    M8                 0.000      0.150      0.000      1.000
    M9                 0.000      0.143      0.000      1.000
    M10                0.000      0.154      0.000      1.000
    M11                0.000      0.148      0.000      1.000
    M12                0.000      0.148      0.000      1.000
    Y1                 0.571      0.095      5.982      0.000
    Y2                 0.863      0.099      8.733      0.000
    Y3                 1.159      0.106     10.895      0.000
    X1M10              0.000      0.074      0.000      1.000
    X2M11              0.000      0.071      0.000      1.000
    X3M12              0.000      0.076      0.000      1.000

 Variances
    X                  0.040      0.028      1.408      0.159
    M                  1.206      0.262      4.610      0.000
    XM                 0.058      0.208      0.277      0.782

 Residual Variances
    X1                 0.212      0.024      8.713      0.000
    X2                 0.132      0.061      2.155      0.031
    X3                 0.208      0.028      7.444      0.000
    M1                 2.605      0.174     14.932      0.000
    M2                 2.490      0.220     11.299      0.000
    M3                 2.529      0.194     13.026      0.000
    M4                 2.444      0.235     10.417      0.000
    M5                 2.105      0.263      7.990      0.000
    M6                 1.974      0.300      6.580      0.000
    M7                 1.715      0.309      5.541      0.000
    M8                 1.594      0.274      5.821      0.000
    M9                 1.836      0.217      8.463      0.000
    M10                1.596      0.275      5.799      0.000
    M11                1.691      0.215      7.875      0.000
    M12                0.994      0.214      4.643      0.000
    Y1                 0.595      0.103      5.774      0.000
    Y2                 0.472      0.115      4.095      0.000
    Y3                 0.524      0.135      3.888      0.000
    X1M10              0.476      0.382      1.247      0.213
    X2M11              0.422      0.098      4.323      0.000
    X3M12              0.527      0.204      2.579      0.010
    Y                  0.274      0.132      2.078      0.038

New/Additional Parameters
    VAR_Y              0.608      0.169      3.601      0.000
    STD_B1             0.709      0.271      2.619      0.009
    STD_B2             0.095      0.741      0.128      0.898
    STD_B3             0.072      1.313      0.055      0.956


QUALITY OF NUMERICAL RESULTS

     Condition Number for the Information Matrix              0.125E-04
       (ratio of smallest to largest eigenvalue)


CONFIDENCE INTERVALS OF MODEL RESULTS

                  Lower .5%  Lower 2.5%    Lower 5%    Estimate    Upper 5%  Upper 2.5%   Upper .5%

 X        BY
    X3               1.000       1.000       1.000       1.000       1.000       1.000       1.000
    X2              -0.758      -0.187       0.105       1.630       3.155       3.447       4.018
    X1              -0.078       0.165       0.290       0.940       1.590       1.714       1.958

 M        BY
    M12              1.000       1.000       1.000       1.000       1.000       1.000       1.000
    M11              0.248       0.340       0.388       0.635       0.882       0.930       1.022
    M10              0.367       0.471       0.524       0.801       1.078       1.132       1.235
    M9               0.017       0.114       0.164       0.424       0.684       0.734       0.832
    M8               0.283       0.391       0.447       0.736       1.026       1.081       1.190
    M7               0.424       0.533       0.588       0.879       1.171       1.226       1.335
    M6               0.328       0.428       0.480       0.747       1.015       1.066       1.166
    M5               0.262       0.370       0.425       0.713       1.001       1.056       1.164
    M4              -0.086       0.035       0.097       0.421       0.746       0.808       0.929
    M3              -0.413      -0.312      -0.260       0.010       0.279       0.331       0.432
    M2              -0.056       0.052       0.107       0.396       0.686       0.741       0.849
    M1              -0.504      -0.395      -0.339      -0.047       0.245       0.301       0.410

 Y        BY
    Y3               1.000       1.000       1.000       1.000       1.000       1.000       1.000
    Y2               0.375       0.503       0.568       0.911       1.253       1.318       1.447
    Y1               0.343       0.433       0.479       0.719       0.960       1.006       1.096

 XM       BY
    X3M12            1.000       1.000       1.000       1.000       1.000       1.000       1.000
    X2M11           -4.409      -3.063      -2.374       1.222       4.819       5.507       6.853
    X1M10          -11.405      -8.404      -6.868       1.151       9.170      10.706      13.708

 Y        ON
    X               -1.817      -0.722      -0.162       2.763       5.688       6.248       7.343
    M               -1.285      -0.961      -0.796       0.067       0.931       1.096       1.420
    XM             -11.888      -8.984      -7.499       0.257       8.013       9.498      12.402

 X        WITH
    M               -0.062      -0.035      -0.021       0.052       0.125       0.139       0.167
    XM              -0.089      -0.068      -0.058      -0.003       0.052       0.062       0.083

 M        WITH
    XM              -0.607      -0.434      -0.345       0.117       0.578       0.667       0.840

 Intercepts
    X1              -0.128      -0.098      -0.082       0.000       0.082       0.098       0.128
    X2              -0.126      -0.096      -0.080       0.000       0.080       0.096       0.126
    X3              -0.128      -0.098      -0.082       0.000       0.082       0.098       0.128
    M1              -0.416      -0.316      -0.266       0.000       0.266       0.316       0.416
    M2              -0.422      -0.321      -0.269       0.000       0.269       0.321       0.422
    M3              -0.410      -0.312      -0.262       0.000       0.262       0.312       0.410
    M4              -0.420      -0.320      -0.268       0.000       0.268       0.320       0.420
    M5              -0.425      -0.323      -0.271       0.000       0.271       0.323       0.425
    M6              -0.419      -0.319      -0.268       0.000       0.268       0.319       0.419
    M7              -0.419      -0.319      -0.268       0.000       0.268       0.319       0.419
    M8              -0.386      -0.294      -0.247       0.000       0.247       0.294       0.386
    M9              -0.369      -0.281      -0.236       0.000       0.236       0.281       0.369
    M10             -0.397      -0.302      -0.253       0.000       0.253       0.302       0.397
    M11             -0.380      -0.289      -0.243       0.000       0.243       0.289       0.380
    M12             -0.382      -0.291      -0.244       0.000       0.244       0.291       0.382
    Y1               0.325       0.384       0.414       0.571       0.728       0.758       0.816
    Y2               0.608       0.669       0.700       0.863       1.025       1.057       1.117
    Y3               0.885       0.951       0.984       1.159       1.334       1.368       1.433
    X1M10           -0.192      -0.146      -0.122       0.000       0.122       0.146       0.192
    X2M11           -0.184      -0.140      -0.117       0.000       0.117       0.140       0.184
    X3M12           -0.197      -0.150      -0.126       0.000       0.126       0.150       0.197

 Variances
    X               -0.033      -0.016      -0.007       0.040       0.087       0.096       0.113
    M                0.532       0.693       0.776       1.206       1.636       1.719       1.880
    XM              -0.478      -0.350      -0.284       0.058       0.399       0.465       0.593

 Residual Variances
    X1               0.149       0.164       0.172       0.212       0.252       0.260       0.275
    X2              -0.026       0.012       0.031       0.132       0.232       0.251       0.289
    X3               0.136       0.154       0.162       0.208       0.254       0.263       0.280
    M1               2.155       2.263       2.318       2.605       2.892       2.947       3.054
    M2               1.922       2.058       2.127       2.490       2.853       2.922       3.058
    M3               2.029       2.149       2.210       2.529       2.849       2.910       3.030
    M4               1.840       1.984       2.058       2.444       2.830       2.904       3.049
    M5               1.427       1.589       1.672       2.105       2.539       2.622       2.784
    M6               1.201       1.386       1.481       1.974       2.468       2.562       2.747
    M7               0.918       1.108       1.206       1.715       2.224       2.321       2.512
    M8               0.889       1.057       1.143       1.594       2.044       2.130       2.299
    M9               1.277       1.411       1.479       1.836       2.193       2.261       2.395
    M10              0.887       1.056       1.143       1.596       2.048       2.135       2.304
    M11              1.138       1.270       1.338       1.691       2.044       2.112       2.244
    M12              0.442       0.574       0.642       0.994       1.346       1.413       1.545
    Y1               0.330       0.393       0.426       0.595       0.765       0.797       0.861
    Y2               0.175       0.246       0.282       0.472       0.661       0.698       0.769
    Y3               0.177       0.260       0.302       0.524       0.746       0.788       0.871
    X1M10           -0.508      -0.273      -0.152       0.476       1.105       1.226       1.461
    X2M11            0.170       0.231       0.261       0.422       0.582       0.613       0.673
    X3M12            0.001       0.126       0.191       0.527       0.863       0.928       1.054
    Y               -0.066       0.016       0.057       0.274       0.491       0.533       0.614

New/Additional Parameters
    VAR_Y            0.173       0.277       0.330       0.608       0.886       0.939       1.044
    STD_B1           0.012       0.178       0.263       0.709       1.154       1.239       1.406
    STD_B2          -1.814      -1.357      -1.124       0.095       1.314       1.547       2.004
    STD_B3          -3.311      -2.502      -2.088       0.072       2.233       2.647       3.456


TECHNICAL 1 OUTPUT


     PARAMETER SPECIFICATION


           NU
              X1            X2            X3            M1            M2
              ________      ________      ________      ________      ________
                  1             2             3             4             5


           NU
              M3            M4            M5            M6            M7
              ________      ________      ________      ________      ________
                  6             7             8             9            10


           NU
              M8            M9            M10           M11           M12
              ________      ________      ________      ________      ________
                 11            12            13            14            15


           NU
              Y1            Y2            Y3            X1M10         X2M11
              ________      ________      ________      ________      ________
                 16            17            18            19            20


           NU
              X3M12
              ________
                 21


           LAMBDA
              X             M             Y             XM
              ________      ________      ________      ________
 X1                22             0             0             0
 X2                23             0             0             0
 X3                 0             0             0             0
 M1                 0            24             0             0
 M2                 0            25             0             0
 M3                 0            26             0             0
 M4                 0            27             0             0
 M5                 0            28             0             0
 M6                 0            29             0             0
 M7                 0            30             0             0
 M8                 0            31             0             0
 M9                 0            32             0             0
 M10                0            33             0             0
 M11                0            34             0             0
 M12                0             0             0             0
 Y1                 0             0            35             0
 Y2                 0             0            36             0
 Y3                 0             0             0             0
 X1M10              0             0             0            37
 X2M11              0             0             0            38
 X3M12              0             0             0             0


           THETA
              X1            X2            X3            M1            M2
              ________      ________      ________      ________      ________
 X1                39
 X2                 0            40
 X3                 0             0            41
 M1                 0             0             0            42
 M2                 0             0             0             0            43
 M3                 0             0             0             0             0
 M4                 0             0             0             0             0
 M5                 0             0             0             0             0
 M6                 0             0             0             0             0
 M7                 0             0             0             0             0
 M8                 0             0             0             0             0
 M9                 0             0             0             0             0
 M10                0             0             0             0             0
 M11                0             0             0             0             0
 M12                0             0             0             0             0
 Y1                 0             0             0             0             0
 Y2                 0             0             0             0             0
 Y3                 0             0             0             0             0
 X1M10              0             0             0             0             0
 X2M11              0             0             0             0             0
 X3M12              0             0             0             0             0


           THETA
              M3            M4            M5            M6            M7
              ________      ________      ________      ________      ________
 M3                44
 M4                 0            45
 M5                 0             0            46
 M6                 0             0             0            47
 M7                 0             0             0             0            48
 M8                 0             0             0             0             0
 M9                 0             0             0             0             0
 M10                0             0             0             0             0
 M11                0             0             0             0             0
 M12                0             0             0             0             0
 Y1                 0             0             0             0             0
 Y2                 0             0             0             0             0
 Y3                 0             0             0             0             0
 X1M10              0             0             0             0             0
 X2M11              0             0             0             0             0
 X3M12              0             0             0             0             0


           THETA
              M8            M9            M10           M11           M12
              ________      ________      ________      ________      ________
 M8                49
 M9                 0            50
 M10                0             0            51
 M11                0             0             0            52
 M12                0             0             0             0            53
 Y1                 0             0             0             0             0
 Y2                 0             0             0             0             0
 Y3                 0             0             0             0             0
 X1M10              0             0             0             0             0
 X2M11              0             0             0             0             0
 X3M12              0             0             0             0             0


           THETA
              Y1            Y2            Y3            X1M10         X2M11
              ________      ________      ________      ________      ________
 Y1                54
 Y2                 0            55
 Y3                 0             0            56
 X1M10              0             0             0            57
 X2M11              0             0             0             0            58
 X3M12              0             0             0             0             0


           THETA
              X3M12
              ________
 X3M12             59


           ALPHA
              X             M             Y             XM
              ________      ________      ________      ________
                  0             0             0             0


           BETA
              X             M             Y             XM
              ________      ________      ________      ________
 X                  0             0             0             0
 M                  0             0             0             0
 Y                 60            61             0            62
 XM                 0             0             0             0


           PSI
              X             M             Y             XM
              ________      ________      ________      ________
 X                 63
 M                 64            65
 Y                  0             0            66
 XM                67            68             0            69


     PARAMETER SPECIFICATION FOR THE ADDITIONAL PARAMETERS


           New/Additional Parameters
              VAR_Y         STD_B1        STD_B2        STD_B3
              ________      ________      ________      ________
                   70            71            72            73


     STARTING VALUES


           NU
              X1            X2            X3            M1            M2
              ________      ________      ________      ________      ________
                0.000         0.000         0.000         0.000         0.000


           NU
              M3            M4            M5            M6            M7
              ________      ________      ________      ________      ________
                0.000         0.000         0.000         0.000         0.000


           NU
              M8            M9            M10           M11           M12
              ________      ________      ________      ________      ________
                0.000         0.000         0.000         0.000         0.000


           NU
              Y1            Y2            Y3            X1M10         X2M11
              ________      ________      ________      ________      ________
                0.571         0.863         1.159         0.000         0.000


           NU
              X3M12
              ________
                0.000


           LAMBDA
              X             M             Y             XM
              ________      ________      ________      ________
 X1             1.103         0.000         0.000         0.000
 X2             1.523         0.000         0.000         0.000
 X3             1.000         0.000         0.000         0.000
 M1             0.000         1.000         0.000         0.000
 M2             0.000         1.000         0.000         0.000
 M3             0.000         1.000         0.000         0.000
 M4             0.000         1.000         0.000         0.000
 M5             0.000         1.000         0.000         0.000
 M6             0.000         1.000         0.000         0.000
 M7             0.000         1.000         0.000         0.000
 M8             0.000         1.000         0.000         0.000
 M9             0.000         1.000         0.000         0.000
 M10            0.000         1.000         0.000         0.000
 M11            0.000         1.000         0.000         0.000
 M12            0.000         1.000         0.000         0.000
 Y1             0.000         0.000         0.689         0.000
 Y2             0.000         0.000         0.805         0.000
 Y3             0.000         0.000         1.000         0.000
 X1M10          0.000         0.000         0.000         2.398
 X2M11          0.000         0.000         0.000         1.365
 X3M12          0.000         0.000         0.000         1.000


           THETA
              X1            X2            X3            M1            M2
              ________      ________      ________      ________      ________
 X1             0.124
 X2             0.000         0.119
 X3             0.000         0.000         0.124
 M1             0.000         0.000         0.000         1.304
 M2             0.000         0.000         0.000         0.000         1.340
 M3             0.000         0.000         0.000         0.000         0.000
 M4             0.000         0.000         0.000         0.000         0.000
 M5             0.000         0.000         0.000         0.000         0.000
 M6             0.000         0.000         0.000         0.000         0.000
 M7             0.000         0.000         0.000         0.000         0.000
 M8             0.000         0.000         0.000         0.000         0.000
 M9             0.000         0.000         0.000         0.000         0.000
 M10            0.000         0.000         0.000         0.000         0.000
 M11            0.000         0.000         0.000         0.000         0.000
 M12            0.000         0.000         0.000         0.000         0.000
 Y1             0.000         0.000         0.000         0.000         0.000
 Y2             0.000         0.000         0.000         0.000         0.000
 Y3             0.000         0.000         0.000         0.000         0.000
 X1M10          0.000         0.000         0.000         0.000         0.000
 X2M11          0.000         0.000         0.000         0.000         0.000
 X3M12          0.000         0.000         0.000         0.000         0.000


           THETA
              M3            M4            M5            M6            M7
              ________      ________      ________      ________      ________
 M3             1.265
 M4             0.000         1.329
 M5             0.000         0.000         1.359
 M6             0.000         0.000         0.000         1.324
 M7             0.000         0.000         0.000         0.000         1.324
 M8             0.000         0.000         0.000         0.000         0.000
 M9             0.000         0.000         0.000         0.000         0.000
 M10            0.000         0.000         0.000         0.000         0.000
 M11            0.000         0.000         0.000         0.000         0.000
 M12            0.000         0.000         0.000         0.000         0.000
 Y1             0.000         0.000         0.000         0.000         0.000
 Y2             0.000         0.000         0.000         0.000         0.000
 Y3             0.000         0.000         0.000         0.000         0.000
 X1M10          0.000         0.000         0.000         0.000         0.000
 X2M11          0.000         0.000         0.000         0.000         0.000
 X3M12          0.000         0.000         0.000         0.000         0.000


           THETA
              M8            M9            M10           M11           M12
              ________      ________      ________      ________      ________
 M8             1.124
 M9             0.000         1.027
 M10            0.000         0.000         1.185
 M11            0.000         0.000         0.000         1.089
 M12            0.000         0.000         0.000         0.000         1.100
 Y1             0.000         0.000         0.000         0.000         0.000
 Y2             0.000         0.000         0.000         0.000         0.000
 Y3             0.000         0.000         0.000         0.000         0.000
 X1M10          0.000         0.000         0.000         0.000         0.000
 X2M11          0.000         0.000         0.000         0.000         0.000
 X3M12          0.000         0.000         0.000         0.000         0.000


           THETA
              Y1            Y2            Y3            X1M10         X2M11
              ________      ________      ________      ________      ________
 Y1             0.455
 Y2             0.000         0.488
 Y3             0.000         0.000         0.566
 X1M10          0.000         0.000         0.000         0.276
 X2M11          0.000         0.000         0.000         0.000         0.254
 X3M12          0.000         0.000         0.000         0.000         0.000


           THETA
              X3M12
              ________
 X3M12          0.292


           ALPHA
              X             M             Y             XM
              ________      ________      ________      ________
                0.000         0.000         0.000         0.000


           BETA
              X             M             Y             XM
              ________      ________      ________      ________
 X              0.000         0.000         0.000         0.000
 M              0.000         0.000         0.000         0.000
 Y              0.000         0.000         0.000         0.000
 XM             0.000         0.000         0.000         0.000


           PSI
              X             M             Y             XM
              ________      ________      ________      ________
 X              0.050
 M              0.000         0.050
 Y              0.000         0.000         0.050
 XM             0.000         0.000         0.000         0.050


     STARTING VALUES FOR THE ADDITIONAL PARAMETERS


           New/Additional Parameters
              VAR_Y         STD_B1        STD_B2        STD_B3
              ________      ________      ________      ________
                0.500         0.500         0.500         0.500


RESULTS SAVING INFORMATION

  Order of data

    Parameter estimates
     (saved in order shown in Technical 1 output)
    Standard errors
     (saved in order shown in Technical 1 output)
    Number of Free Parameters
    H0 Loglikelihood
    H0 Scaling Correction Factor for MLR
    H1 Loglikelihood
    H1 Scaling Correction Factor for MLR
    Akaike (AIC)
    Bayesian (BIC)
    Sample-Size Adjusted BIC
    Chi-square : Value
    Chi-square : Degrees of Freedom
    Chi-square : P-Value
    Chi-square : Scaling Correction Factor for MLR/MLM/WLSM
    CFI
    TLI
    RMSEA : Estimate
    RMSEA : Low CI
    RMSEA : High CI
    RMSEA : Probability
    SRMR
    Condition Number

  Save file
    matchupi_results_319.dat

  Save file format           Free


     Beginning Time:  19:59:52
        Ending Time:  19:59:53
       Elapsed Time:  00:00:01



MUTHEN & MUTHEN
3463 Stoner Ave.
Los Angeles, CA  90066

Tel: (310) 391-9971
Fax: (310) 391-8971
Web: www.StatModel.com
Support: Support@StatModel.com

Copyright (c) 1998-2022 Muthen & Muthen
