Mplus VERSION 8.8 (Mac)
MUTHEN & MUTHEN
07/27/2025   7:23 PM

INPUT INSTRUCTIONS


    TITLE: Matched-pair Unconstrained Product Indicator

    DATA:
      FILE = matchupi_simdat_1633.dat;
      FORMAT IS FREE;

    VARIABLE:
      NAMES = x1 x2 x3
      	    m1 m2 m3 m4 m5 m6
      	    m7 m8 m9 m10 m11 m12
      	    y1 y2 y3
      	    x1m10 x2m11 x3m12;
      USEVARIABLES = x1-x3m12;

    ANALYSIS:
      TYPE = general;
      ESTIMATOR = MLR;
    MODEL:
      !measurement model
      X BY x3 x2 x1;
      X (var_X);
      M BY m12 m11 m10 m9 m8 m7 m6 m5 m4 m3 m2 m1;
      M (var_M);
      Y BY y3 y2 y1;
      Y (resvar_Y);
      XM BY x3m12 x2m11 x1m10;
      XM (var_XM);

      !covariances between predictors
      X WITH M (cov_XM);
      X WITH XM (cov_XXM);
      M WITH XM (cov_MXM);

      !structural model
      Y ON X (b1);
      Y ON M (b2);
      Y ON XM (b3);

    MODEL CONSTRAINT:

      NEW(var_Y std_b1 std_b2 std_b3);
      var_Y = resvar_Y +
       (b1^2 * var_X +
        b2^2 * var_M +
        b3^2 * var_XM +
        2 * b1 * b2 * cov_XM +
        2 * b1 * b3 * cov_XXM +
        2 * b2 * b3 * cov_MXM);

        std_b1 = b1 * sqrt(var_X) / sqrt(var_Y);
        std_b2 = b2 * sqrt(var_M) / sqrt(var_Y);
        std_b3 = b3 * sqrt(var_X) * sqrt(var_M) / sqrt(var_Y);

    OUTPUT:
      sampstat tech1 CINTERVAL;

    SAVEDATA:
      RESULTS = matchupi_results_1633.dat;




INPUT READING TERMINATED NORMALLY



Matched-pair Unconstrained Product Indicator

SUMMARY OF ANALYSIS

Number of groups                                                 1
Number of observations                                         100

Number of dependent variables                                   21
Number of independent variables                                  0
Number of continuous latent variables                            4

Observed dependent variables

  Continuous
   X1          X2          X3          M1          M2          M3
   M4          M5          M6          M7          M8          M9
   M10         M11         M12         Y1          Y2          Y3
   X1M10       X2M11       X3M12

Continuous latent variables
   X           M           Y           XM


Estimator                                                      MLR
Information matrix                                        OBSERVED
Maximum number of iterations                                  1000
Convergence criterion                                    0.500D-04
Maximum number of steepest descent iterations                   20

Input data file(s)
  matchupi_simdat_1633.dat

Input data format  FREE


SAMPLE STATISTICS


     SAMPLE STATISTICS


           Means
              X1            X2            X3            M1            M2
              ________      ________      ________      ________      ________
                0.000         0.000         0.000         0.000         0.000


           Means
              M3            M4            M5            M6            M7
              ________      ________      ________      ________      ________
                0.000         0.000         0.000         0.000         0.000


           Means
              M8            M9            M10           M11           M12
              ________      ________      ________      ________      ________
                0.000         0.000         0.000         0.000         0.000


           Means
              Y1            Y2            Y3            X1M10         X2M11
              ________      ________      ________      ________      ________
                0.658         0.856         1.026         0.000         0.000


           Means
              X3M12
              ________
                0.000


           Covariances
              X1            X2            X3            M1            M2
              ________      ________      ________      ________      ________
 X1             0.249
 X2             0.058         0.248
 X3             0.080         0.071         0.250
 M1             0.061        -0.019        -0.010         2.640
 M2            -0.001        -0.035        -0.163         0.404         2.594
 M3             0.086         0.090        -0.042         0.466         0.028
 M4             0.091        -0.093         0.127         0.013         0.061
 M5             0.121        -0.088         0.090         0.739         0.398
 M6             0.195        -0.024         0.085         0.140         0.022
 M7             0.052        -0.123         0.152         0.275        -0.222
 M8             0.035        -0.025        -0.025         0.190        -0.018
 M9             0.126         0.060         0.008         0.476         0.248
 M10            0.123         0.129         0.132         0.344        -0.102
 M11            0.124         0.090         0.082         0.404         0.302
 M12            0.084         0.043         0.176         0.381         0.320
 Y1             0.033         0.012        -0.006         0.240        -0.135
 Y2             0.066         0.057        -0.009         0.120         0.135
 Y3             0.089         0.116         0.015         0.290         0.082
 X1M10         -0.009         0.004        -0.004        -0.028         0.027
 X2M11          0.016         0.009         0.017        -0.006         0.017
 X3M12          0.007         0.033         0.005         0.051        -0.069


           Covariances
              M3            M4            M5            M6            M7
              ________      ________      ________      ________      ________
 M3             2.680
 M4            -0.100         2.007
 M5             0.422         0.296         2.638
 M6             0.168         0.141         0.210         2.370
 M7             0.230         0.247         0.300         0.627         2.888
 M8             0.738         0.362         0.120         0.490         0.337
 M9             0.350         0.150         0.322         0.538         0.420
 M10            0.274         0.277         0.359         0.672         1.045
 M11            0.180         0.450         0.398         0.622         0.360
 M12            0.130         0.412         0.582         0.480         0.862
 Y1             0.104        -0.030        -0.002         0.193         0.204
 Y2             0.284         0.045         0.348         0.620         0.099
 Y3             0.481         0.120         0.294         0.567         0.271
 X1M10          0.132        -0.332        -0.108         0.098         0.050
 X2M11          0.167        -0.051         0.093         0.215         0.064
 X3M12          0.006        -0.117         0.147         0.067        -0.085


           Covariances
              M8            M9            M10           M11           M12
              ________      ________      ________      ________      ________
 M8             2.330
 M9             0.598         2.280
 M10            0.522         0.684         2.412
 M11            0.622         0.920         0.926         2.140
 M12            0.441         0.710         0.929         0.960         2.328
 Y1             0.257         0.149         0.136         0.095         0.037
 Y2             0.307         0.043         0.393         0.329         0.227
 Y3             0.329         0.086         0.555         0.382         0.127
 X1M10         -0.047         0.048         0.016         0.074        -0.121
 X2M11          0.125         0.028        -0.021         0.155        -0.013
 X3M12          0.262        -0.078         0.038         0.156         0.023


           Covariances
              Y1            Y2            Y3            X1M10         X2M11
              ________      ________      ________      ________      ________
 Y1             0.759
 Y2             0.262         1.224
 Y3             0.428         0.928         1.520
 X1M10         -0.073        -0.050        -0.110         0.553
 X2M11          0.092         0.124         0.097         0.090         0.537
 X3M12         -0.021        -0.008         0.092         0.095         0.086


           Covariances
              X3M12
              ________
 X3M12          0.588


           Correlations
              X1            X2            X3            M1            M2
              ________      ________      ________      ________      ________
 X1             1.000
 X2             0.236         1.000
 X3             0.322         0.283         1.000
 M1             0.075        -0.024        -0.013         1.000
 M2            -0.001        -0.043        -0.203         0.154         1.000
 M3             0.105         0.111        -0.051         0.175         0.011
 M4             0.128        -0.131         0.179         0.006         0.027
 M5             0.150        -0.109         0.110         0.280         0.152
 M6             0.254        -0.032         0.110         0.056         0.009
 M7             0.062        -0.145         0.180         0.100        -0.081
 M8             0.046        -0.032        -0.033         0.077        -0.007
 M9             0.167         0.080         0.011         0.194         0.102
 M10            0.159         0.167         0.170         0.137        -0.041
 M11            0.170         0.124         0.112         0.170         0.128
 M12            0.110         0.056         0.230         0.154         0.130
 Y1             0.076         0.027        -0.014         0.169        -0.096
 Y2             0.120         0.103        -0.016         0.067         0.076
 Y3             0.144         0.189         0.024         0.145         0.041
 X1M10         -0.024         0.012        -0.009        -0.023         0.022
 X2M11          0.043         0.025         0.047        -0.005         0.015
 X3M12          0.019         0.087         0.014         0.041        -0.055


           Correlations
              M3            M4            M5            M6            M7
              ________      ________      ________      ________      ________
 M3             1.000
 M4            -0.043         1.000
 M5             0.159         0.129         1.000
 M6             0.067         0.065         0.084         1.000
 M7             0.083         0.103         0.109         0.240         1.000
 M8             0.295         0.167         0.048         0.208         0.130
 M9             0.142         0.070         0.131         0.231         0.164
 M10            0.108         0.126         0.142         0.281         0.396
 M11            0.075         0.217         0.167         0.276         0.145
 M12            0.052         0.191         0.235         0.205         0.333
 Y1             0.073        -0.025        -0.001         0.144         0.138
 Y2             0.157         0.029         0.194         0.364         0.053
 Y3             0.238         0.069         0.147         0.299         0.130
 X1M10          0.108        -0.315        -0.090         0.085         0.040
 X2M11          0.139        -0.049         0.078         0.191         0.051
 X3M12          0.005        -0.108         0.118         0.057        -0.065


           Correlations
              M8            M9            M10           M11           M12
              ________      ________      ________      ________      ________
 M8             1.000
 M9             0.259         1.000
 M10            0.220         0.292         1.000
 M11            0.279         0.416         0.408         1.000
 M12            0.189         0.308         0.392         0.430         1.000
 Y1             0.193         0.113         0.100         0.075         0.028
 Y2             0.182         0.026         0.229         0.203         0.135
 Y3             0.175         0.046         0.290         0.212         0.068
 X1M10         -0.042         0.043         0.014         0.068        -0.106
 X2M11          0.112         0.025        -0.018         0.145        -0.012
 X3M12          0.224        -0.067         0.032         0.139         0.019


           Correlations
              Y1            Y2            Y3            X1M10         X2M11
              ________      ________      ________      ________      ________
 Y1             1.000
 Y2             0.272         1.000
 Y3             0.398         0.681         1.000
 X1M10         -0.112        -0.061        -0.120         1.000
 X2M11          0.144         0.153         0.107         0.166         1.000
 X3M12         -0.032        -0.009         0.097         0.167         0.153


           Correlations
              X3M12
              ________
 X3M12          1.000


UNIVARIATE SAMPLE STATISTICS


     UNIVARIATE HIGHER-ORDER MOMENT DESCRIPTIVE STATISTICS

         Variable/         Mean/     Skewness/   Minimum/ % with                Percentiles
        Sample Size      Variance    Kurtosis    Maximum  Min/Max      20%/60%    40%/80%    Median

     X1                    0.000       0.120      -0.470   53.00%      -0.470     -0.470     -0.470
             100.000       0.249      -1.986       0.530   47.00%       0.530      0.530
     X2                    0.000       0.201      -0.450   55.00%      -0.450     -0.450     -0.450
             100.000       0.247      -1.960       0.550   45.00%       0.550      0.550
     X3                    0.000      -0.040      -0.510   49.00%      -0.510     -0.510      0.490
             100.000       0.250      -1.998       0.490   51.00%       0.490      0.490
     M1                    0.000      -0.032      -2.020   30.00%      -2.020     -1.020     -0.020
             100.000       2.640      -1.587       1.980   30.00%       0.980      1.980
     M2                    0.000       0.152      -1.810   34.00%      -1.810     -0.810     -0.310
             100.000       2.594      -1.604       2.190   23.00%       1.190      2.190
     M3                    0.000      -0.254      -2.200   28.00%      -2.200     -0.200      0.800
             100.000       2.680      -1.568       1.800   33.00%       0.800      1.800
     M4                    0.000       0.203      -1.850   22.00%      -1.850     -0.850      0.150
             100.000       2.008      -1.257       2.150   19.00%       0.150      1.150
     M5                    0.000      -0.079      -2.040   30.00%      -2.040     -1.040     -0.040
             100.000       2.638      -1.600       1.960   29.00%       0.960      1.960
     M6                    0.000      -0.083      -2.010   28.00%      -2.010     -0.010     -0.010
             100.000       2.370      -1.465       1.990   24.00%       0.990      1.990
     M7                    0.000      -0.296      -2.250   30.00%      -2.250     -0.250      0.750
             100.000       2.888      -1.624       1.750   38.00%       0.750      1.750
     M8                    0.000       0.017      -2.010   24.00%      -2.010     -1.010     -0.010
             100.000       2.330      -1.466       1.990   26.00%       0.990      1.990
     M9                    0.000      -0.202      -2.200   21.00%      -2.200     -0.200     -0.200
             100.000       2.280      -1.398       1.800   29.00%       0.800      1.800
     M10                   0.000       0.273      -1.780   30.00%      -1.780     -0.780     -0.280
             100.000       2.412      -1.429       2.220   24.00%       0.220      2.220
     M11                   0.000       0.215      -1.800   27.00%      -1.800     -0.800      0.200
             100.000       2.140      -1.288       2.200   20.00%       0.200      1.200
     M12                   0.000       0.034      -1.950   26.00%      -1.950     -0.950      0.050
             100.000       2.327      -1.487       2.050   23.00%       1.050      2.050
     Y1                    0.658      -0.161      -1.238    1.00%      -0.216      0.394      0.821
             100.000       0.759      -0.748       2.431    1.00%       1.029      1.378
     Y2                    0.856       0.197      -1.871    1.00%       0.052      0.666      0.909
             100.000       1.224       0.824       4.690    1.00%       1.144      1.594
     Y3                    1.026      -0.428      -2.414    1.00%      -0.220      0.771      1.200
             100.000       1.520      -0.054       3.601    1.00%       1.475      2.089
     X1M10                 0.000      -0.316      -1.221    9.00%      -0.711     -0.151      0.309
             100.000       0.553      -1.348       0.829   14.00%       0.339      0.819
     X2M11                 0.000      -0.013      -1.080   18.00%      -0.630     -0.180     -0.080
             100.000       0.537      -1.209       1.120   13.00%       0.270      0.720
     X3M12                 0.000      -0.184      -1.167   10.00%      -1.067     -0.227     -0.007
             100.000       0.588      -1.342       1.053   14.00%       0.243      0.713


     THIS ANALYSIS MAY HAVE MULTIPLE SOLUTIONS.  EXPLORE THIS USING RANDOM STARTS,
     FOR EXAMPLE, STARTS = 20.  USE A LARGE ENOUGH NUMBER OF STARTS SO THAT THE
     BEST FIT FUNCTION VALUE IS REPLICATED SEVERAL TIMES.


THE MODEL ESTIMATION TERMINATED NORMALLY

     THE STANDARD ERRORS OF THE MODEL PARAMETER ESTIMATES MAY NOT BE
     TRUSTWORTHY FOR SOME PARAMETERS DUE TO A NON-POSITIVE DEFINITE
     FIRST-ORDER DERIVATIVE PRODUCT MATRIX.  THIS MAY BE DUE TO THE STARTING
     VALUES BUT MAY ALSO BE AN INDICATION OF MODEL NONIDENTIFICATION.  THE
     CONDITION NUMBER IS      -0.217D-13.  PROBLEM INVOLVING THE FOLLOWING PARAMETER:
     Parameter 40, X2

     THIS IS MOST LIKELY DUE TO VARIABLE X1 BEING DICHOTOMOUS BUT
     DECLARED AS CONTINUOUS.




MODEL FIT INFORMATION

Number of Free Parameters                       69

Loglikelihood

          H0 Value                       -3107.991
          H0 Scaling Correction Factor      0.8820
            for MLR
          H1 Value                       -3014.650
          H1 Scaling Correction Factor      0.9644
            for MLR

Information Criteria

          Akaike (AIC)                    6353.982
          Bayesian (BIC)                  6533.739
          Sample-Size Adjusted BIC        6315.820
            (n* = (n + 2) / 24)

Chi-Square Test of Model Fit

          Value                            187.534*
          Degrees of Freedom                   183
          P-Value                           0.3936
          Scaling Correction Factor         0.9955
            for MLR

*   The chi-square value for MLM, MLMV, MLR, ULSMV, WLSM and WLSMV cannot be used
    for chi-square difference testing in the regular way.  MLM, MLR and WLSM
    chi-square difference testing is described on the Mplus website.  MLMV, WLSMV,
    and ULSMV difference testing is done using the DIFFTEST option.

RMSEA (Root Mean Square Error Of Approximation)

          Estimate                           0.016
          90 Percent C.I.                    0.000  0.047
          Probability RMSEA <= .05           0.967

CFI/TLI

          CFI                                0.979
          TLI                                0.976

Chi-Square Test of Model Fit for the Baseline Model

          Value                            428.728
          Degrees of Freedom                   210
          P-Value                           0.0000

SRMR (Standardized Root Mean Square Residual)

          Value                              0.074



MODEL RESULTS

                                                    Two-Tailed
                    Estimate       S.E.  Est./S.E.    P-Value

 X        BY
    X3                 1.000      0.000    999.000    999.000
    X2                 0.766      0.307      2.499      0.012
    X1                 1.033      0.423      2.440      0.015

 M        BY
    M12                1.000      0.000    999.000    999.000
    M11                1.060      0.206      5.143      0.000
    M10                1.083      0.227      4.765      0.000
    M9                 0.849      0.208      4.081      0.000
    M8                 0.667      0.232      2.878      0.004
    M7                 0.774      0.235      3.294      0.001
    M6                 0.750      0.236      3.182      0.001
    M5                 0.542      0.199      2.728      0.006
    M4                 0.382      0.196      1.943      0.052
    M3                 0.404      0.242      1.670      0.095
    M2                 0.174      0.225      0.773      0.439
    M1                 0.492      0.222      2.214      0.027

 Y        BY
    Y3                 1.000      0.000    999.000    999.000
    Y2                 0.691      0.143      4.819      0.000
    Y1                 0.314      0.082      3.827      0.000

 XM       BY
    X3M12              1.000      0.000    999.000    999.000
    X2M11              1.079      1.344      0.803      0.422
    X1M10              0.834      0.617      1.352      0.176

 Y        ON
    X                  0.304      0.840      0.362      0.718
    M                  0.432      0.244      1.769      0.077
    XM                 0.163      0.974      0.167      0.867

 X        WITH
    M                  0.098      0.052      1.908      0.056
    XM                 0.010      0.023      0.410      0.682

 M        WITH
    XM                 0.051      0.079      0.649      0.516

 Intercepts
    X1                 0.000      0.050      0.000      1.000
    X2                 0.000      0.050      0.000      1.000
    X3                 0.000      0.050      0.000      1.000
    M1                 0.000      0.162      0.000      1.000
    M2                 0.000      0.161      0.000      1.000
    M3                 0.000      0.164      0.000      1.000
    M4                 0.000      0.142      0.000      1.000
    M5                 0.000      0.162      0.000      1.000
    M6                 0.000      0.154      0.000      1.000
    M7                 0.000      0.170      0.000      1.000
    M8                 0.000      0.153      0.000      1.000
    M9                 0.000      0.151      0.000      1.000
    M10                0.000      0.155      0.000      1.000
    M11                0.000      0.146      0.000      1.000
    M12                0.000      0.153      0.000      1.000
    Y1                 0.658      0.087      7.556      0.000
    Y2                 0.856      0.111      7.735      0.000
    Y3                 1.026      0.123      8.322      0.000
    X1M10              0.000      0.074      0.000      1.000
    X2M11              0.000      0.073      0.000      1.000
    X3M12              0.000      0.077      0.000      1.000

 Variances
    X                  0.080      0.040      1.977      0.048
    M                  0.831      0.272      3.057      0.002
    XM                 0.094      0.114      0.827      0.409

 Residual Variances
    X1                 0.164      0.041      4.015      0.000
    X2                 0.201      0.032      6.338      0.000
    X3                 0.170      0.040      4.205      0.000
    M1                 2.439      0.226     10.780      0.000
    M2                 2.569      0.173     14.810      0.000
    M3                 2.544      0.211     12.040      0.000
    M4                 1.886      0.200      9.420      0.000
    M5                 2.395      0.224     10.705      0.000
    M6                 1.902      0.239      7.972      0.000
    M7                 2.390      0.289      8.265      0.000
    M8                 1.960      0.237      8.280      0.000
    M9                 1.681      0.228      7.387      0.000
    M10                1.436      0.251      5.726      0.000
    M11                1.207      0.256      4.715      0.000
    M12                1.496      0.247      6.056      0.000
    Y1                 0.626      0.085      7.345      0.000
    Y2                 0.583      0.170      3.437      0.001
    Y3                 0.177      0.261      0.677      0.499
    X1M10              0.488      0.095      5.108      0.000
    X2M11              0.427      0.167      2.557      0.011
    X3M12              0.494      0.114      4.334      0.000
    Y                  1.144      0.330      3.471      0.001

New/Additional Parameters
    VAR_Y              1.343      0.305      4.404      0.000
    STD_B1             0.074      0.193      0.385      0.700
    STD_B2             0.340      0.185      1.835      0.067
    STD_B3             0.036      0.217      0.167      0.867


QUALITY OF NUMERICAL RESULTS

     Condition Number for the Information Matrix              0.232E-03
       (ratio of smallest to largest eigenvalue)


CONFIDENCE INTERVALS OF MODEL RESULTS

                  Lower .5%  Lower 2.5%    Lower 5%    Estimate    Upper 5%  Upper 2.5%   Upper .5%

 X        BY
    X3               1.000       1.000       1.000       1.000       1.000       1.000       1.000
    X2              -0.024       0.165       0.262       0.766       1.270       1.367       1.556
    X1              -0.057       0.203       0.337       1.033       1.729       1.863       2.123

 M        BY
    M12              1.000       1.000       1.000       1.000       1.000       1.000       1.000
    M11              0.529       0.656       0.721       1.060       1.398       1.463       1.590
    M10              0.498       0.638       0.709       1.083       1.457       1.529       1.669
    M9               0.313       0.441       0.507       0.849       1.191       1.257       1.385
    M8               0.070       0.213       0.286       0.667       1.049       1.122       1.264
    M7               0.169       0.313       0.387       0.774       1.161       1.235       1.379
    M6               0.143       0.288       0.362       0.750       1.138       1.212       1.358
    M5               0.030       0.152       0.215       0.542       0.868       0.931       1.053
    M4              -0.124      -0.003       0.059       0.382       0.705       0.767       0.888
    M3              -0.219      -0.070       0.006       0.404       0.802       0.878       1.027
    M2              -0.405      -0.267      -0.196       0.174       0.543       0.614       0.752
    M1              -0.080       0.056       0.126       0.492       0.857       0.927       1.064

 Y        BY
    Y3               1.000       1.000       1.000       1.000       1.000       1.000       1.000
    Y2               0.322       0.410       0.455       0.691       0.927       0.972       1.060
    Y1               0.103       0.153       0.179       0.314       0.450       0.475       0.526

 XM       BY
    X3M12            1.000       1.000       1.000       1.000       1.000       1.000       1.000
    X2M11           -2.384      -1.556      -1.132       1.079       3.290       3.714       4.542
    X1M10           -0.755      -0.375      -0.181       0.834       1.849       2.043       2.423

 Y        ON
    X               -1.860      -1.343      -1.078       0.304       1.686       1.950       2.468
    M               -0.197      -0.047       0.030       0.432       0.834       0.911       1.062
    XM              -2.346      -1.746      -1.440       0.163       1.766       2.072       2.672

 X        WITH
    M               -0.034      -0.003       0.014       0.098       0.183       0.200       0.231
    XM              -0.051      -0.036      -0.029       0.010       0.048       0.055       0.070

 M        WITH
    XM              -0.151      -0.103      -0.078       0.051       0.180       0.205       0.253

 Intercepts
    X1              -0.129      -0.098      -0.082       0.000       0.082       0.098       0.129
    X2              -0.128      -0.098      -0.082       0.000       0.082       0.098       0.128
    X3              -0.129      -0.098      -0.082       0.000       0.082       0.098       0.129
    M1              -0.418      -0.318      -0.267       0.000       0.267       0.318       0.418
    M2              -0.415      -0.316      -0.265       0.000       0.265       0.316       0.415
    M3              -0.422      -0.321      -0.269       0.000       0.269       0.321       0.422
    M4              -0.365      -0.278      -0.233       0.000       0.233       0.278       0.365
    M5              -0.418      -0.318      -0.267       0.000       0.267       0.318       0.418
    M6              -0.397      -0.302      -0.253       0.000       0.253       0.302       0.397
    M7              -0.438      -0.333      -0.280       0.000       0.280       0.333       0.438
    M8              -0.393      -0.299      -0.251       0.000       0.251       0.299       0.393
    M9              -0.389      -0.296      -0.248       0.000       0.248       0.296       0.389
    M10             -0.400      -0.304      -0.255       0.000       0.255       0.304       0.400
    M11             -0.377      -0.287      -0.241       0.000       0.241       0.287       0.377
    M12             -0.393      -0.299      -0.251       0.000       0.251       0.299       0.393
    Y1               0.434       0.488       0.515       0.658       0.802       0.829       0.883
    Y2               0.571       0.639       0.674       0.856       1.038       1.073       1.141
    Y3               0.708       0.784       0.823       1.026       1.229       1.268       1.344
    X1M10           -0.192      -0.146      -0.122       0.000       0.122       0.146       0.192
    X2M11           -0.189      -0.144      -0.121       0.000       0.121       0.144       0.189
    X3M12           -0.197      -0.150      -0.126       0.000       0.126       0.150       0.197

 Variances
    X               -0.024       0.001       0.013       0.080       0.147       0.159       0.184
    M                0.131       0.298       0.384       0.831       1.278       1.364       1.531
    XM              -0.199      -0.129      -0.093       0.094       0.282       0.317       0.388

 Residual Variances
    X1               0.059       0.084       0.097       0.164       0.231       0.244       0.269
    X2               0.119       0.139       0.148       0.201       0.253       0.263       0.282
    X3               0.066       0.091       0.103       0.170       0.236       0.249       0.274
    M1               1.856       1.995       2.067       2.439       2.811       2.882       3.021
    M2               2.122       2.229       2.283       2.569       2.854       2.909       3.016
    M3               2.000       2.130       2.197       2.544       2.892       2.959       3.089
    M4               1.371       1.494       1.557       1.886       2.216       2.279       2.402
    M5               1.818       1.956       2.027       2.395       2.762       2.833       2.971
    M6               1.288       1.434       1.510       1.902       2.295       2.370       2.517
    M7               1.645       1.823       1.914       2.390       2.865       2.956       3.134
    M8               1.350       1.496       1.570       1.960       2.349       2.424       2.569
    M9               1.095       1.235       1.307       1.681       2.055       2.127       2.267
    M10              0.790       0.945       1.024       1.436       1.849       1.928       2.082
    M11              0.548       0.705       0.786       1.207       1.628       1.709       1.866
    M12              0.860       1.012       1.090       1.496       1.903       1.981       2.133
    Y1               0.407       0.459       0.486       0.626       0.767       0.793       0.846
    Y2               0.146       0.251       0.304       0.583       0.862       0.915       1.020
    Y3              -0.496      -0.335      -0.253       0.177       0.606       0.689       0.850
    X1M10            0.242       0.301       0.331       0.488       0.645       0.675       0.734
    X2M11           -0.003       0.100       0.152       0.427       0.702       0.755       0.858
    X3M12            0.200       0.270       0.306       0.494       0.681       0.717       0.787
    Y                0.295       0.498       0.602       1.144       1.686       1.790       1.993

New/Additional Parameters
    VAR_Y            0.558       0.745       0.841       1.343       1.845       1.941       2.129
    STD_B1          -0.422      -0.303      -0.243       0.074       0.391       0.452       0.570
    STD_B2          -0.137      -0.023       0.035       0.340       0.645       0.703       0.817
    STD_B3          -0.524      -0.390      -0.321       0.036       0.394       0.462       0.596


TECHNICAL 1 OUTPUT


     PARAMETER SPECIFICATION


           NU
              X1            X2            X3            M1            M2
              ________      ________      ________      ________      ________
                  1             2             3             4             5


           NU
              M3            M4            M5            M6            M7
              ________      ________      ________      ________      ________
                  6             7             8             9            10


           NU
              M8            M9            M10           M11           M12
              ________      ________      ________      ________      ________
                 11            12            13            14            15


           NU
              Y1            Y2            Y3            X1M10         X2M11
              ________      ________      ________      ________      ________
                 16            17            18            19            20


           NU
              X3M12
              ________
                 21


           LAMBDA
              X             M             Y             XM
              ________      ________      ________      ________
 X1                22             0             0             0
 X2                23             0             0             0
 X3                 0             0             0             0
 M1                 0            24             0             0
 M2                 0            25             0             0
 M3                 0            26             0             0
 M4                 0            27             0             0
 M5                 0            28             0             0
 M6                 0            29             0             0
 M7                 0            30             0             0
 M8                 0            31             0             0
 M9                 0            32             0             0
 M10                0            33             0             0
 M11                0            34             0             0
 M12                0             0             0             0
 Y1                 0             0            35             0
 Y2                 0             0            36             0
 Y3                 0             0             0             0
 X1M10              0             0             0            37
 X2M11              0             0             0            38
 X3M12              0             0             0             0


           THETA
              X1            X2            X3            M1            M2
              ________      ________      ________      ________      ________
 X1                39
 X2                 0            40
 X3                 0             0            41
 M1                 0             0             0            42
 M2                 0             0             0             0            43
 M3                 0             0             0             0             0
 M4                 0             0             0             0             0
 M5                 0             0             0             0             0
 M6                 0             0             0             0             0
 M7                 0             0             0             0             0
 M8                 0             0             0             0             0
 M9                 0             0             0             0             0
 M10                0             0             0             0             0
 M11                0             0             0             0             0
 M12                0             0             0             0             0
 Y1                 0             0             0             0             0
 Y2                 0             0             0             0             0
 Y3                 0             0             0             0             0
 X1M10              0             0             0             0             0
 X2M11              0             0             0             0             0
 X3M12              0             0             0             0             0


           THETA
              M3            M4            M5            M6            M7
              ________      ________      ________      ________      ________
 M3                44
 M4                 0            45
 M5                 0             0            46
 M6                 0             0             0            47
 M7                 0             0             0             0            48
 M8                 0             0             0             0             0
 M9                 0             0             0             0             0
 M10                0             0             0             0             0
 M11                0             0             0             0             0
 M12                0             0             0             0             0
 Y1                 0             0             0             0             0
 Y2                 0             0             0             0             0
 Y3                 0             0             0             0             0
 X1M10              0             0             0             0             0
 X2M11              0             0             0             0             0
 X3M12              0             0             0             0             0


           THETA
              M8            M9            M10           M11           M12
              ________      ________      ________      ________      ________
 M8                49
 M9                 0            50
 M10                0             0            51
 M11                0             0             0            52
 M12                0             0             0             0            53
 Y1                 0             0             0             0             0
 Y2                 0             0             0             0             0
 Y3                 0             0             0             0             0
 X1M10              0             0             0             0             0
 X2M11              0             0             0             0             0
 X3M12              0             0             0             0             0


           THETA
              Y1            Y2            Y3            X1M10         X2M11
              ________      ________      ________      ________      ________
 Y1                54
 Y2                 0            55
 Y3                 0             0            56
 X1M10              0             0             0            57
 X2M11              0             0             0             0            58
 X3M12              0             0             0             0             0


           THETA
              X3M12
              ________
 X3M12             59


           ALPHA
              X             M             Y             XM
              ________      ________      ________      ________
                  0             0             0             0


           BETA
              X             M             Y             XM
              ________      ________      ________      ________
 X                  0             0             0             0
 M                  0             0             0             0
 Y                 60            61             0            62
 XM                 0             0             0             0


           PSI
              X             M             Y             XM
              ________      ________      ________      ________
 X                 63
 M                 64            65
 Y                  0             0            66
 XM                67            68             0            69


     PARAMETER SPECIFICATION FOR THE ADDITIONAL PARAMETERS


           New/Additional Parameters
              VAR_Y         STD_B1        STD_B2        STD_B3
              ________      ________      ________      ________
                   70            71            72            73


     STARTING VALUES


           NU
              X1            X2            X3            M1            M2
              ________      ________      ________      ________      ________
                0.000         0.000         0.000         0.000         0.000


           NU
              M3            M4            M5            M6            M7
              ________      ________      ________      ________      ________
                0.000         0.000         0.000         0.000         0.000


           NU
              M8            M9            M10           M11           M12
              ________      ________      ________      ________      ________
                0.000         0.000         0.000         0.000         0.000


           NU
              Y1            Y2            Y3            X1M10         X2M11
              ________      ________      ________      ________      ________
                0.658         0.856         1.026         0.000         0.000


           NU
              X3M12
              ________
                0.000


           LAMBDA
              X             M             Y             XM
              ________      ________      ________      ________
 X1             0.830         0.000         0.000         0.000
 X2             0.729         0.000         0.000         0.000
 X3             1.000         0.000         0.000         0.000
 M1             0.000         1.002         0.000         0.000
 M2             0.000         0.437         0.000         0.000
 M3             0.000         0.599         0.000         0.000
 M4             0.000         0.323         0.000         0.000
 M5             0.000         0.910         0.000         0.000
 M6             0.000         0.568         0.000         0.000
 M7             0.000         0.506         0.000         0.000
 M8             0.000         0.602         0.000         0.000
 M9             0.000         0.830         0.000         0.000
 M10            0.000         0.789         0.000         0.000
 M11            0.000         0.868         0.000         0.000
 M12            0.000         1.000         0.000         0.000
 Y1             0.000         0.000         0.282         0.000
 Y2             0.000         0.000         0.612         0.000
 Y3             0.000         0.000         1.000         0.000
 X1M10          0.000         0.000         0.000         1.053
 X2M11          0.000         0.000         0.000         0.948
 X3M12          0.000         0.000         0.000         1.000


           THETA
              X1            X2            X3            M1            M2
              ________      ________      ________      ________      ________
 X1             0.125
 X2             0.000         0.124
 X3             0.000         0.000         0.125
 M1             0.000         0.000         0.000         1.320
 M2             0.000         0.000         0.000         0.000         1.297
 M3             0.000         0.000         0.000         0.000         0.000
 M4             0.000         0.000         0.000         0.000         0.000
 M5             0.000         0.000         0.000         0.000         0.000
 M6             0.000         0.000         0.000         0.000         0.000
 M7             0.000         0.000         0.000         0.000         0.000
 M8             0.000         0.000         0.000         0.000         0.000
 M9             0.000         0.000         0.000         0.000         0.000
 M10            0.000         0.000         0.000         0.000         0.000
 M11            0.000         0.000         0.000         0.000         0.000
 M12            0.000         0.000         0.000         0.000         0.000
 Y1             0.000         0.000         0.000         0.000         0.000
 Y2             0.000         0.000         0.000         0.000         0.000
 Y3             0.000         0.000         0.000         0.000         0.000
 X1M10          0.000         0.000         0.000         0.000         0.000
 X2M11          0.000         0.000         0.000         0.000         0.000
 X3M12          0.000         0.000         0.000         0.000         0.000


           THETA
              M3            M4            M5            M6            M7
              ________      ________      ________      ________      ________
 M3             1.340
 M4             0.000         1.004
 M5             0.000         0.000         1.319
 M6             0.000         0.000         0.000         1.185
 M7             0.000         0.000         0.000         0.000         1.444
 M8             0.000         0.000         0.000         0.000         0.000
 M9             0.000         0.000         0.000         0.000         0.000
 M10            0.000         0.000         0.000         0.000         0.000
 M11            0.000         0.000         0.000         0.000         0.000
 M12            0.000         0.000         0.000         0.000         0.000
 Y1             0.000         0.000         0.000         0.000         0.000
 Y2             0.000         0.000         0.000         0.000         0.000
 Y3             0.000         0.000         0.000         0.000         0.000
 X1M10          0.000         0.000         0.000         0.000         0.000
 X2M11          0.000         0.000         0.000         0.000         0.000
 X3M12          0.000         0.000         0.000         0.000         0.000


           THETA
              M8            M9            M10           M11           M12
              ________      ________      ________      ________      ________
 M8             1.165
 M9             0.000         1.140
 M10            0.000         0.000         1.206
 M11            0.000         0.000         0.000         1.070
 M12            0.000         0.000         0.000         0.000         1.164
 Y1             0.000         0.000         0.000         0.000         0.000
 Y2             0.000         0.000         0.000         0.000         0.000
 Y3             0.000         0.000         0.000         0.000         0.000
 X1M10          0.000         0.000         0.000         0.000         0.000
 X2M11          0.000         0.000         0.000         0.000         0.000
 X3M12          0.000         0.000         0.000         0.000         0.000


           THETA
              Y1            Y2            Y3            X1M10         X2M11
              ________      ________      ________      ________      ________
 Y1             0.380
 Y2             0.000         0.612
 Y3             0.000         0.000         0.760
 X1M10          0.000         0.000         0.000         0.277
 X2M11          0.000         0.000         0.000         0.000         0.269
 X3M12          0.000         0.000         0.000         0.000         0.000


           THETA
              X3M12
              ________
 X3M12          0.294


           ALPHA
              X             M             Y             XM
              ________      ________      ________      ________
                0.000         0.000         0.000         0.000


           BETA
              X             M             Y             XM
              ________      ________      ________      ________
 X              0.000         0.000         0.000         0.000
 M              0.000         0.000         0.000         0.000
 Y              0.000         0.000         0.000         0.000
 XM             0.000         0.000         0.000         0.000


           PSI
              X             M             Y             XM
              ________      ________      ________      ________
 X              0.050
 M              0.000         0.050
 Y              0.000         0.000         0.050
 XM             0.000         0.000         0.000         0.050


     STARTING VALUES FOR THE ADDITIONAL PARAMETERS


           New/Additional Parameters
              VAR_Y         STD_B1        STD_B2        STD_B3
              ________      ________      ________      ________
                0.500         0.500         0.500         0.500


RESULTS SAVING INFORMATION

  Order of data

    Parameter estimates
     (saved in order shown in Technical 1 output)
    Standard errors
     (saved in order shown in Technical 1 output)
    Number of Free Parameters
    H0 Loglikelihood
    H0 Scaling Correction Factor for MLR
    H1 Loglikelihood
    H1 Scaling Correction Factor for MLR
    Akaike (AIC)
    Bayesian (BIC)
    Sample-Size Adjusted BIC
    Chi-square : Value
    Chi-square : Degrees of Freedom
    Chi-square : P-Value
    Chi-square : Scaling Correction Factor for MLR/MLM/WLSM
    CFI
    TLI
    RMSEA : Estimate
    RMSEA : Low CI
    RMSEA : High CI
    RMSEA : Probability
    SRMR
    Condition Number

  Save file
    matchupi_results_1633.dat

  Save file format           Free


     Beginning Time:  19:23:47
        Ending Time:  19:23:48
       Elapsed Time:  00:00:01



MUTHEN & MUTHEN
3463 Stoner Ave.
Los Angeles, CA  90066

Tel: (310) 391-9971
Fax: (310) 391-8971
Web: www.StatModel.com
Support: Support@StatModel.com

Copyright (c) 1998-2022 Muthen & Muthen
