Mplus VERSION 8.8 (Mac)
MUTHEN & MUTHEN
07/22/2025   1:18 AM

INPUT INSTRUCTIONS


    TITLE: Matched-pair Unconstrained Product Indicator

    DATA:
      FILE = matchupi_simdat_2.dat;
      FORMAT IS FREE;

    VARIABLE:
      NAMES = x1 x2 x3
      	    m1 m2 m3 m4 m5 m6
      	    m7 m8 m9 m10 m11 m12
      	    y1 y2 y3
      	    x1m10 x2m11 x3m12;
      USEVARIABLES = x1-x3m12;

    ANALYSIS:
      TYPE = general;
      ESTIMATOR = MLR;
    MODEL:
      !measurement model
      X BY x3 x2 x1;
      X (var_X);
      M BY m12 m11 m10 m9 m8 m7 m6 m5 m4 m3 m2 m1;
      M (var_M);
      Y BY y3 y2 y1;
      Y (resvar_Y);
      XM BY x3m12 x2m11 x1m10;
      XM (var_XM);

      !covariances between predictors
      X WITH M (cov_XM);
      X WITH XM (cov_XXM);
      M WITH XM (cov_MXM);

      !structural model
      Y ON X (b1);
      Y ON M (b2);
      Y ON XM (b3);

    MODEL CONSTRAINT:

      NEW(var_Y std_b1 std_b2 std_b3);
      var_Y = resvar_Y +
       (b1^2 * var_X +
        b2^2 * var_M +
        b3^2 * var_XM +
        2 * b1 * b2 * cov_XM +
        2 * b1 * b3 * cov_XXM +
        2 * b2 * b3 * cov_MXM);

        std_b1 = b1 * sqrt(var_X) / sqrt(var_Y);
        std_b2 = b2 * sqrt(var_M) / sqrt(var_Y);
        std_b3 = b3 * sqrt(var_X) * sqrt(var_M) / sqrt(var_Y);

    OUTPUT:
      sampstat tech1 CINTERVAL;

    SAVEDATA:
      RESULTS = matchupi_results_2.dat;




INPUT READING TERMINATED NORMALLY



Matched-pair Unconstrained Product Indicator

SUMMARY OF ANALYSIS

Number of groups                                                 1
Number of observations                                        2000

Number of dependent variables                                   21
Number of independent variables                                  0
Number of continuous latent variables                            4

Observed dependent variables

  Continuous
   X1          X2          X3          M1          M2          M3
   M4          M5          M6          M7          M8          M9
   M10         M11         M12         Y1          Y2          Y3
   X1M10       X2M11       X3M12

Continuous latent variables
   X           M           Y           XM


Estimator                                                      MLR
Information matrix                                        OBSERVED
Maximum number of iterations                                  1000
Convergence criterion                                    0.500D-04
Maximum number of steepest descent iterations                   20

Input data file(s)
  matchupi_simdat_2.dat

Input data format  FREE


SAMPLE STATISTICS


     SAMPLE STATISTICS


           Means
              X1            X2            X3            M1            M2
              ________      ________      ________      ________      ________
                0.000         0.000         0.000         0.000         0.000


           Means
              M3            M4            M5            M6            M7
              ________      ________      ________      ________      ________
                0.000         0.000         0.000         0.000         0.000


           Means
              M8            M9            M10           M11           M12
              ________      ________      ________      ________      ________
                0.000         0.000         0.000         0.000         0.000


           Means
              Y1            Y2            Y3            X1M10         X2M11
              ________      ________      ________      ________      ________
                0.650         0.895         1.167         0.000         0.000


           Means
              X3M12
              ________
                0.000


           Covariances
              X1            X2            X3            M1            M2
              ________      ________      ________      ________      ________
 X1             0.181
 X2             0.078         0.191
 X3             0.090         0.108         0.191
 M1             0.024         0.042         0.024         1.537
 M2             0.034         0.036         0.036         0.196         1.487
 M3             0.029         0.035         0.044         0.201         0.223
 M4             0.038         0.053         0.043         0.205         0.245
 M5             0.057         0.057         0.063         0.224         0.268
 M6             0.053         0.065         0.059         0.216         0.316
 M7             0.068         0.072         0.081         0.287         0.363
 M8             0.063         0.051         0.074         0.308         0.331
 M9             0.071         0.087         0.093         0.346         0.354
 M10            0.077         0.082         0.090         0.339         0.426
 M11            0.083         0.092         0.095         0.353         0.440
 M12            0.094         0.094         0.102         0.356         0.461
 Y1             0.055         0.070         0.083         0.053         0.016
 Y2             0.077         0.083         0.103         0.108         0.141
 Y3             0.099         0.116         0.134         0.153         0.186
 X1M10          0.028         0.031         0.049         0.029         0.065
 X2M11          0.017         0.045         0.031         0.026         0.047
 X3M12          0.041         0.016         0.022         0.027         0.024


           Covariances
              M3            M4            M5            M6            M7
              ________      ________      ________      ________      ________
 M3             1.488
 M4             0.252         1.477
 M5             0.309         0.303         1.434
 M6             0.383         0.342         0.495         1.473
 M7             0.398         0.406         0.530         0.625         1.519
 M8             0.412         0.419         0.545         0.621         0.674
 M9             0.472         0.482         0.553         0.639         0.686
 M10            0.489         0.527         0.621         0.721         0.779
 M11            0.535         0.541         0.679         0.766         0.820
 M12            0.558         0.568         0.705         0.820         0.879
 Y1             0.090         0.093         0.112         0.120         0.107
 Y2             0.169         0.141         0.170         0.203         0.238
 Y3             0.209         0.185         0.244         0.268         0.290
 X1M10          0.032         0.013         0.033         0.034         0.045
 X2M11          0.010         0.015         0.033         0.060         0.045
 X3M12          0.029         0.037         0.025         0.010         0.031


           Covariances
              M8            M9            M10           M11           M12
              ________      ________      ________      ________      ________
 M8             1.492
 M9             0.719         1.487
 M10            0.793         0.838         1.573
 M11            0.850         0.909         1.022         1.533
 M12            0.897         0.959         1.091         1.153         1.666
 Y1             0.127         0.142         0.153         0.181         0.185
 Y2             0.242         0.273         0.278         0.295         0.312
 Y3             0.348         0.346         0.355         0.406         0.421
 X1M10          0.061         0.084         0.078         0.094         0.116
 X2M11          0.009         0.085         0.059         0.096         0.078
 X3M12          0.046         0.077         0.085         0.072         0.099


           Covariances
              Y1            Y2            Y3            X1M10         X2M11
              ________      ________      ________      ________      ________
 Y1             0.727
 Y2             0.324         0.960
 Y3             0.426         0.644         1.341
 X1M10          0.078         0.096         0.136         0.365
 X2M11          0.053         0.062         0.097         0.152         0.331
 X3M12          0.031         0.058         0.073         0.125         0.099


           Covariances
              X3M12
              ________
 X3M12          0.323


           Correlations
              X1            X2            X3            M1            M2
              ________      ________      ________      ________      ________
 X1             1.000
 X2             0.418         1.000
 X3             0.486         0.564         1.000
 M1             0.045         0.077         0.044         1.000
 M2             0.065         0.068         0.068         0.130         1.000
 M3             0.055         0.066         0.082         0.133         0.150
 M4             0.074         0.100         0.082         0.136         0.165
 M5             0.111         0.109         0.121         0.151         0.183
 M6             0.103         0.123         0.110         0.144         0.214
 M7             0.129         0.134         0.150         0.187         0.242
 M8             0.122         0.095         0.138         0.203         0.222
 M9             0.136         0.163         0.175         0.229         0.238
 M10            0.145         0.149         0.164         0.218         0.279
 M11            0.158         0.171         0.175         0.230         0.291
 M12            0.171         0.167         0.180         0.223         0.293
 Y1             0.153         0.189         0.222         0.050         0.016
 Y2             0.184         0.194         0.241         0.089         0.118
 Y3             0.202         0.228         0.265         0.107         0.131
 X1M10          0.108         0.117         0.186         0.039         0.088
 X2M11          0.070         0.178         0.124         0.036         0.067
 X3M12          0.169         0.063         0.090         0.038         0.035


           Correlations
              M3            M4            M5            M6            M7
              ________      ________      ________      ________      ________
 M3             1.000
 M4             0.170         1.000
 M5             0.212         0.208         1.000
 M6             0.258         0.232         0.341         1.000
 M7             0.265         0.271         0.359         0.418         1.000
 M8             0.276         0.282         0.373         0.419         0.448
 M9             0.318         0.325         0.378         0.432         0.457
 M10            0.319         0.346         0.413         0.474         0.504
 M11            0.354         0.360         0.458         0.509         0.537
 M12            0.354         0.362         0.456         0.524         0.553
 Y1             0.087         0.089         0.109         0.116         0.102
 Y2             0.141         0.118         0.145         0.171         0.197
 Y3             0.148         0.131         0.176         0.191         0.203
 X1M10          0.043         0.018         0.045         0.047         0.060
 X2M11          0.014         0.022         0.047         0.086         0.064
 X3M12          0.041         0.053         0.036         0.015         0.044


           Correlations
              M8            M9            M10           M11           M12
              ________      ________      ________      ________      ________
 M8             1.000
 M9             0.483         1.000
 M10            0.517         0.548         1.000
 M11            0.562         0.602         0.659         1.000
 M12            0.569         0.609         0.674         0.721         1.000
 Y1             0.122         0.136         0.143         0.172         0.168
 Y2             0.202         0.228         0.226         0.243         0.247
 Y3             0.246         0.245         0.244         0.283         0.282
 X1M10          0.083         0.115         0.103         0.125         0.149
 X2M11          0.013         0.121         0.081         0.135         0.105
 X3M12          0.067         0.111         0.119         0.103         0.135


           Correlations
              Y1            Y2            Y3            X1M10         X2M11
              ________      ________      ________      ________      ________
 Y1             1.000
 Y2             0.388         1.000
 Y3             0.432         0.568         1.000
 X1M10          0.152         0.162         0.194         1.000
 X2M11          0.107         0.110         0.146         0.438         1.000
 X3M12          0.065         0.104         0.111         0.365         0.302


           Correlations
              X3M12
              ________
 X3M12          1.000


UNIVARIATE SAMPLE STATISTICS


     UNIVARIATE HIGHER-ORDER MOMENT DESCRIPTIVE STATISTICS

         Variable/         Mean/     Skewness/   Minimum/ % with                Percentiles
        Sample Size      Variance    Kurtosis    Maximum  Min/Max      20%/60%    40%/80%    Median

     X1                    0.000       1.237      -0.237   76.30%      -0.237     -0.237     -0.237
            2000.000       0.181      -0.470       0.763   23.70%      -0.237      0.763
     X2                    0.000       1.106      -0.258   74.20%      -0.258     -0.258     -0.258
            2000.000       0.191      -0.776       0.742   25.80%      -0.258      0.742
     X3                    0.000       1.106      -0.258   74.20%      -0.258     -0.258     -0.258
            2000.000       0.191      -0.776       0.742   25.80%      -0.258      0.742
     M1                    0.000       0.910      -1.010   51.15%      -1.010     -1.010     -1.010
            2000.000       1.537      -0.443       2.990    4.30%      -0.010      0.990
     M2                    0.000       0.964      -0.975   52.40%      -0.975     -0.975     -0.975
            2000.000       1.487      -0.266       3.025    4.45%       0.025      1.025
     M3                    0.000       0.926      -0.989   51.80%      -0.989     -0.989     -0.989
            2000.000       1.488      -0.363       3.011    4.15%       0.011      1.012
     M4                    0.000       0.943      -0.989   51.05%      -0.989     -0.989     -0.989
            2000.000       1.477      -0.317       3.011    4.15%       0.011      1.012
     M5                    0.000       1.031      -0.943   52.60%      -0.943     -0.943     -0.943
            2000.000       1.434      -0.090       3.058    4.20%       0.058      1.058
     M6                    0.000       0.953      -0.971   52.45%      -0.971     -0.971     -0.971
            2000.000       1.473      -0.311       3.030    4.00%       0.029      1.030
     M7                    0.000       0.903      -0.999   51.90%      -0.999     -0.999     -0.999
            2000.000       1.519      -0.466       3.002    3.95%       0.001      1.002
     M8                    0.000       0.953      -0.985   51.75%      -0.985     -0.985     -0.985
            2000.000       1.492      -0.297       3.015    4.40%       0.015      1.016
     M9                    0.000       0.967      -0.983   51.35%      -0.983     -0.983     -0.983
            2000.000       1.487      -0.263       3.017    4.40%       0.017      1.017
     M10                   0.000       0.924      -1.015   51.70%      -1.015     -1.015     -1.015
            2000.000       1.573      -0.396       2.985    5.10%      -0.015      0.985
     M11                   0.000       0.963      -1.000   51.25%      -1.000     -1.000     -1.000
            2000.000       1.533      -0.277       3.000    5.05%       0.000      1.000
     M12                   0.000       0.885      -1.055   51.35%      -1.055     -1.055     -1.055
            2000.000       1.666      -0.507       2.945    6.05%      -0.055      0.945
     Y1                    0.650       0.060      -1.902    0.05%      -0.048      0.424      0.645
            2000.000       0.727       0.096       3.528    0.05%       0.849      1.334
     Y2                    0.895       0.070      -2.347    0.05%       0.076      0.658      0.883
            2000.000       0.960       0.207       4.326    0.05%       1.153      1.667
     Y3                    1.167       0.135      -2.783    0.05%       0.216      0.879      1.149
            2000.000       1.341       0.288       4.982    0.05%       1.429      2.088
     X1M10                 0.000       1.128      -0.885    9.80%      -0.604     -0.088      0.170
            2000.000       0.365       2.566       2.083    2.70%       0.170      0.170
     X2M11                 0.000       1.209      -0.867    2.80%      -0.350     -0.092      0.166
            2000.000       0.331       3.162       2.134    2.25%       0.166      0.166
     X3M12                 0.000       1.274      -0.852    9.65%      -0.548     -0.074      0.163
            2000.000       0.323       3.459       2.200    1.85%       0.163      0.163


THE MODEL ESTIMATION TERMINATED NORMALLY

     THE STANDARD ERRORS OF THE MODEL PARAMETER ESTIMATES MAY NOT BE
     TRUSTWORTHY FOR SOME PARAMETERS DUE TO A NON-POSITIVE DEFINITE
     FIRST-ORDER DERIVATIVE PRODUCT MATRIX.  THIS MAY BE DUE TO THE STARTING
     VALUES BUT MAY ALSO BE AN INDICATION OF MODEL NONIDENTIFICATION.  THE
     CONDITION NUMBER IS       0.762D-18.  PROBLEM INVOLVING THE FOLLOWING PARAMETER:
     Parameter 40, X2

     THIS IS MOST LIKELY DUE TO VARIABLE X1 BEING DICHOTOMOUS BUT
     DECLARED AS CONTINUOUS.




MODEL FIT INFORMATION

Number of Free Parameters                       69

Loglikelihood

          H0 Value                      -49925.831
          H0 Scaling Correction Factor      1.2643
            for MLR
          H1 Value                      -49784.955
          H1 Scaling Correction Factor      1.1817
            for MLR

Information Criteria

          Akaike (AIC)                   99989.661
          Bayesian (BIC)                100376.123
          Sample-Size Adjusted BIC      100156.907
            (n* = (n + 2) / 24)

Chi-Square Test of Model Fit

          Value                            244.873*
          Degrees of Freedom                   183
          P-Value                           0.0015
          Scaling Correction Factor         1.1506
            for MLR

*   The chi-square value for MLM, MLMV, MLR, ULSMV, WLSM and WLSMV cannot be used
    for chi-square difference testing in the regular way.  MLM, MLR and WLSM
    chi-square difference testing is described on the Mplus website.  MLMV, WLSMV,
    and ULSMV difference testing is done using the DIFFTEST option.

RMSEA (Root Mean Square Error Of Approximation)

          Estimate                           0.013
          90 Percent C.I.                    0.008  0.017
          Probability RMSEA <= .05           1.000

CFI/TLI

          CFI                                0.994
          TLI                                0.993

Chi-Square Test of Model Fit for the Baseline Model

          Value                          10673.176
          Degrees of Freedom                   210
          P-Value                           0.0000

SRMR (Standardized Root Mean Square Residual)

          Value                              0.018



MODEL RESULTS

                                                    Two-Tailed
                    Estimate       S.E.  Est./S.E.    P-Value

 X        BY
    X3                 1.000      0.000    999.000    999.000
    X2                 0.863      0.042     20.714      0.000
    X1                 0.726      0.039     18.406      0.000

 M        BY
    M12                1.000      0.000    999.000    999.000
    M11                0.944      0.020     48.391      0.000
    M10                0.886      0.020     43.667      0.000
    M9                 0.790      0.022     36.144      0.000
    M8                 0.742      0.023     32.433      0.000
    M7                 0.724      0.023     31.106      0.000
    M6                 0.671      0.023     28.838      0.000
    M5                 0.583      0.024     24.267      0.000
    M4                 0.469      0.026     17.723      0.000
    M3                 0.461      0.026     17.792      0.000
    M2                 0.385      0.027     14.516      0.000
    M1                 0.315      0.027     11.805      0.000

 Y        BY
    Y3                 1.000      0.000    999.000    999.000
    Y2                 0.755      0.033     22.549      0.000
    Y1                 0.503      0.026     19.606      0.000

 XM       BY
    X3M12              1.000      0.000    999.000    999.000
    X2M11              1.215      0.142      8.559      0.000
    X1M10              1.561      0.182      8.580      0.000

 Y        ON
    X                  0.773      0.085      9.090      0.000
    M                  0.242      0.024     10.262      0.000
    XM                 0.556      0.125      4.435      0.000

 X        WITH
    M                  0.108      0.011      9.567      0.000
    XM                 0.028      0.006      4.874      0.000

 M        WITH
    XM                 0.064      0.017      3.737      0.000

 Intercepts
    X1                 0.000      0.010      0.000      1.000
    X2                 0.000      0.010      0.000      1.000
    X3                 0.000      0.010      0.000      1.000
    M1                 0.000      0.028      0.000      1.000
    M2                 0.000      0.027      0.000      1.000
    M3                 0.000      0.027      0.000      1.000
    M4                 0.000      0.027      0.000      1.000
    M5                 0.000      0.027      0.000      1.000
    M6                 0.000      0.027      0.000      1.000
    M7                 0.000      0.028      0.000      1.000
    M8                 0.000      0.027      0.000      1.000
    M9                 0.000      0.027      0.000      1.000
    M10                0.000      0.028      0.000      1.000
    M11                0.000      0.028      0.000      1.000
    M12                0.000      0.029      0.000      1.000
    Y1                 0.650      0.019     34.103      0.000
    Y2                 0.895      0.022     40.862      0.000
    Y3                 1.167      0.026     45.072      0.000
    X1M10              0.000      0.014      0.000      1.000
    X2M11              0.000      0.013      0.000      1.000
    X3M12              0.000      0.013      0.000      1.000

 Variances
    X                  0.125      0.008     16.450      0.000
    M                  1.218      0.048     25.309      0.000
    XM                 0.080      0.015      5.217      0.000

 Residual Variances
    X1                 0.115      0.006     20.208      0.000
    X2                 0.098      0.006     15.679      0.000
    X3                 0.067      0.007     10.045      0.000
    M1                 1.416      0.042     33.511      0.000
    M2                 1.306      0.041     32.230      0.000
    M3                 1.229      0.040     31.090      0.000
    M4                 1.209      0.039     31.183      0.000
    M5                 1.019      0.037     27.857      0.000
    M6                 0.924      0.033     27.995      0.000
    M7                 0.881      0.033     26.607      0.000
    M8                 0.821      0.035     23.805      0.000
    M9                 0.727      0.029     25.023      0.000
    M10                0.616      0.027     22.716      0.000
    M11                0.447      0.022     20.685      0.000
    M12                0.448      0.023     19.258      0.000
    Y1                 0.511      0.020     25.184      0.000
    Y2                 0.474      0.023     20.262      0.000
    Y3                 0.488      0.038     12.967      0.000
    X1M10              0.169      0.021      8.104      0.000
    X2M11              0.213      0.016     13.225      0.000
    X3M12              0.243      0.015     15.847      0.000
    Y                  0.600      0.041     14.774      0.000

New/Additional Parameters
    VAR_Y              0.853      0.053     16.064      0.000
    STD_B1             0.296      0.030      9.755      0.000
    STD_B2             0.290      0.026     10.949      0.000
    STD_B3             0.235      0.053      4.426      0.000


QUALITY OF NUMERICAL RESULTS

     Condition Number for the Information Matrix              0.722E-05
       (ratio of smallest to largest eigenvalue)


CONFIDENCE INTERVALS OF MODEL RESULTS

                  Lower .5%  Lower 2.5%    Lower 5%    Estimate    Upper 5%  Upper 2.5%   Upper .5%

 X        BY
    X3               1.000       1.000       1.000       1.000       1.000       1.000       1.000
    X2               0.756       0.782       0.795       0.863       0.932       0.945       0.971
    X1               0.625       0.649       0.661       0.726       0.791       0.803       0.828

 M        BY
    M12              1.000       1.000       1.000       1.000       1.000       1.000       1.000
    M11              0.894       0.906       0.912       0.944       0.976       0.982       0.994
    M10              0.834       0.847       0.853       0.886       0.920       0.926       0.939
    M9               0.733       0.747       0.754       0.790       0.826       0.832       0.846
    M8               0.683       0.697       0.705       0.742       0.780       0.787       0.801
    M7               0.664       0.678       0.686       0.724       0.762       0.770       0.784
    M6               0.611       0.625       0.633       0.671       0.709       0.716       0.731
    M5               0.522       0.536       0.544       0.583       0.623       0.631       0.645
    M4               0.401       0.417       0.426       0.469       0.513       0.521       0.538
    M3               0.395       0.411       0.419       0.461       0.504       0.512       0.528
    M2               0.317       0.333       0.342       0.385       0.429       0.437       0.454
    M1               0.246       0.262       0.271       0.315       0.359       0.367       0.383

 Y        BY
    Y3               1.000       1.000       1.000       1.000       1.000       1.000       1.000
    Y2               0.668       0.689       0.700       0.755       0.810       0.820       0.841
    Y1               0.437       0.452       0.460       0.503       0.545       0.553       0.569

 XM       BY
    X3M12            1.000       1.000       1.000       1.000       1.000       1.000       1.000
    X2M11            0.849       0.937       0.982       1.215       1.449       1.493       1.581
    X1M10            1.093       1.205       1.262       1.561       1.861       1.918       2.030

 Y        ON
    X                0.554       0.606       0.633       0.773       0.913       0.940       0.992
    M                0.182       0.196       0.204       0.242       0.281       0.289       0.303
    XM               0.233       0.310       0.350       0.556       0.762       0.802       0.879

 X        WITH
    M                0.079       0.086       0.089       0.108       0.127       0.130       0.137
    XM               0.013       0.017       0.019       0.028       0.038       0.039       0.043

 M        WITH
    XM               0.020       0.030       0.036       0.064       0.092       0.097       0.108

 Intercepts
    X1              -0.024      -0.019      -0.016       0.000       0.016       0.019       0.024
    X2              -0.025      -0.019      -0.016       0.000       0.016       0.019       0.025
    X3              -0.025      -0.019      -0.016       0.000       0.016       0.019       0.025
    M1              -0.071      -0.054      -0.046       0.000       0.046       0.054       0.071
    M2              -0.070      -0.053      -0.045       0.000       0.045       0.053       0.070
    M3              -0.070      -0.053      -0.045       0.000       0.045       0.053       0.070
    M4              -0.070      -0.053      -0.045       0.000       0.045       0.053       0.070
    M5              -0.069      -0.052      -0.044       0.000       0.044       0.052       0.069
    M6              -0.070      -0.053      -0.045       0.000       0.045       0.053       0.070
    M7              -0.071      -0.054      -0.045       0.000       0.045       0.054       0.071
    M8              -0.070      -0.054      -0.045       0.000       0.045       0.054       0.070
    M9              -0.070      -0.053      -0.045       0.000       0.045       0.053       0.070
    M10             -0.072      -0.055      -0.046       0.000       0.046       0.055       0.072
    M11             -0.071      -0.054      -0.046       0.000       0.046       0.054       0.071
    M12             -0.074      -0.057      -0.047       0.000       0.047       0.057       0.074
    Y1               0.601       0.613       0.619       0.650       0.681       0.687       0.699
    Y2               0.839       0.852       0.859       0.895       0.931       0.938       0.952
    Y3               1.100       1.116       1.125       1.167       1.210       1.218       1.234
    X1M10           -0.035      -0.026      -0.022       0.000       0.022       0.026       0.035
    X2M11           -0.033      -0.025      -0.021       0.000       0.021       0.025       0.033
    X3M12           -0.033      -0.025      -0.021       0.000       0.021       0.025       0.033

 Variances
    X                0.105       0.110       0.112       0.125       0.137       0.140       0.144
    M                1.094       1.124       1.139       1.218       1.297       1.312       1.342
    XM               0.041       0.050       0.055       0.080       0.106       0.111       0.120

 Residual Variances
    X1               0.100       0.104       0.106       0.115       0.124       0.126       0.130
    X2               0.082       0.086       0.088       0.098       0.109       0.111       0.115
    X3               0.050       0.054       0.056       0.067       0.078       0.080       0.084
    M1               1.307       1.333       1.347       1.416       1.486       1.499       1.525
    M2               1.202       1.227       1.240       1.306       1.373       1.386       1.411
    M3               1.127       1.151       1.164       1.229       1.294       1.306       1.331
    M4               1.109       1.133       1.145       1.209       1.273       1.285       1.309
    M5               0.925       0.948       0.959       1.019       1.080       1.091       1.114
    M6               0.839       0.860       0.870       0.924       0.979       0.989       1.009
    M7               0.796       0.816       0.827       0.881       0.935       0.946       0.966
    M8               0.732       0.754       0.765       0.821       0.878       0.889       0.910
    M9               0.652       0.670       0.679       0.727       0.775       0.784       0.802
    M10              0.546       0.563       0.571       0.616       0.660       0.669       0.685
    M11              0.391       0.405       0.412       0.447       0.483       0.489       0.503
    M12              0.388       0.402       0.410       0.448       0.486       0.493       0.508
    Y1               0.459       0.472       0.478       0.511       0.545       0.551       0.564
    Y2               0.414       0.429       0.436       0.474       0.513       0.520       0.535
    Y3               0.391       0.415       0.426       0.488       0.550       0.562       0.585
    X1M10            0.115       0.128       0.135       0.169       0.203       0.210       0.223
    X2M11            0.171       0.181       0.186       0.213       0.239       0.244       0.254
    X3M12            0.203       0.213       0.218       0.243       0.268       0.273       0.282
    Y                0.495       0.520       0.533       0.600       0.667       0.679       0.704

New/Additional Parameters
    VAR_Y            0.716       0.749       0.765       0.853       0.940       0.957       0.989
    STD_B1           0.218       0.236       0.246       0.296       0.345       0.355       0.374
    STD_B2           0.222       0.238       0.246       0.290       0.333       0.342       0.358
    STD_B3           0.098       0.131       0.147       0.235       0.322       0.339       0.371


TECHNICAL 1 OUTPUT


     PARAMETER SPECIFICATION


           NU
              X1            X2            X3            M1            M2
              ________      ________      ________      ________      ________
                  1             2             3             4             5


           NU
              M3            M4            M5            M6            M7
              ________      ________      ________      ________      ________
                  6             7             8             9            10


           NU
              M8            M9            M10           M11           M12
              ________      ________      ________      ________      ________
                 11            12            13            14            15


           NU
              Y1            Y2            Y3            X1M10         X2M11
              ________      ________      ________      ________      ________
                 16            17            18            19            20


           NU
              X3M12
              ________
                 21


           LAMBDA
              X             M             Y             XM
              ________      ________      ________      ________
 X1                22             0             0             0
 X2                23             0             0             0
 X3                 0             0             0             0
 M1                 0            24             0             0
 M2                 0            25             0             0
 M3                 0            26             0             0
 M4                 0            27             0             0
 M5                 0            28             0             0
 M6                 0            29             0             0
 M7                 0            30             0             0
 M8                 0            31             0             0
 M9                 0            32             0             0
 M10                0            33             0             0
 M11                0            34             0             0
 M12                0             0             0             0
 Y1                 0             0            35             0
 Y2                 0             0            36             0
 Y3                 0             0             0             0
 X1M10              0             0             0            37
 X2M11              0             0             0            38
 X3M12              0             0             0             0


           THETA
              X1            X2            X3            M1            M2
              ________      ________      ________      ________      ________
 X1                39
 X2                 0            40
 X3                 0             0            41
 M1                 0             0             0            42
 M2                 0             0             0             0            43
 M3                 0             0             0             0             0
 M4                 0             0             0             0             0
 M5                 0             0             0             0             0
 M6                 0             0             0             0             0
 M7                 0             0             0             0             0
 M8                 0             0             0             0             0
 M9                 0             0             0             0             0
 M10                0             0             0             0             0
 M11                0             0             0             0             0
 M12                0             0             0             0             0
 Y1                 0             0             0             0             0
 Y2                 0             0             0             0             0
 Y3                 0             0             0             0             0
 X1M10              0             0             0             0             0
 X2M11              0             0             0             0             0
 X3M12              0             0             0             0             0


           THETA
              M3            M4            M5            M6            M7
              ________      ________      ________      ________      ________
 M3                44
 M4                 0            45
 M5                 0             0            46
 M6                 0             0             0            47
 M7                 0             0             0             0            48
 M8                 0             0             0             0             0
 M9                 0             0             0             0             0
 M10                0             0             0             0             0
 M11                0             0             0             0             0
 M12                0             0             0             0             0
 Y1                 0             0             0             0             0
 Y2                 0             0             0             0             0
 Y3                 0             0             0             0             0
 X1M10              0             0             0             0             0
 X2M11              0             0             0             0             0
 X3M12              0             0             0             0             0


           THETA
              M8            M9            M10           M11           M12
              ________      ________      ________      ________      ________
 M8                49
 M9                 0            50
 M10                0             0            51
 M11                0             0             0            52
 M12                0             0             0             0            53
 Y1                 0             0             0             0             0
 Y2                 0             0             0             0             0
 Y3                 0             0             0             0             0
 X1M10              0             0             0             0             0
 X2M11              0             0             0             0             0
 X3M12              0             0             0             0             0


           THETA
              Y1            Y2            Y3            X1M10         X2M11
              ________      ________      ________      ________      ________
 Y1                54
 Y2                 0            55
 Y3                 0             0            56
 X1M10              0             0             0            57
 X2M11              0             0             0             0            58
 X3M12              0             0             0             0             0


           THETA
              X3M12
              ________
 X3M12             59


           ALPHA
              X             M             Y             XM
              ________      ________      ________      ________
                  0             0             0             0


           BETA
              X             M             Y             XM
              ________      ________      ________      ________
 X                  0             0             0             0
 M                  0             0             0             0
 Y                 60            61             0            62
 XM                 0             0             0             0


           PSI
              X             M             Y             XM
              ________      ________      ________      ________
 X                 63
 M                 64            65
 Y                  0             0            66
 XM                67            68             0            69


     PARAMETER SPECIFICATION FOR THE ADDITIONAL PARAMETERS


           New/Additional Parameters
              VAR_Y         STD_B1        STD_B2        STD_B3
              ________      ________      ________      ________
                   70            71            72            73


     STARTING VALUES


           NU
              X1            X2            X3            M1            M2
              ________      ________      ________      ________      ________
                0.000         0.000         0.000         0.000         0.000


           NU
              M3            M4            M5            M6            M7
              ________      ________      ________      ________      ________
                0.000         0.000         0.000         0.000         0.000


           NU
              M8            M9            M10           M11           M12
              ________      ________      ________      ________      ________
                0.000         0.000         0.000         0.000         0.000


           NU
              Y1            Y2            Y3            X1M10         X2M11
              ________      ________      ________      ________      ________
                0.650         0.895         1.167         0.000         0.000


           NU
              X3M12
              ________
                0.000


           LAMBDA
              X             M             Y             XM
              ________      ________      ________      ________
 X1             0.721         0.000         0.000         0.000
 X2             0.862         0.000         0.000         0.000
 X3             1.000         0.000         0.000         0.000
 M1             0.000         0.344         0.000         0.000
 M2             0.000         0.394         0.000         0.000
 M3             0.000         0.471         0.000         0.000
 M4             0.000         0.488         0.000         0.000
 M5             0.000         0.583         0.000         0.000
 M6             0.000         0.682         0.000         0.000
 M7             0.000         0.730         0.000         0.000
 M8             0.000         0.754         0.000         0.000
 M9             0.000         0.825         0.000         0.000
 M10            0.000         0.889         0.000         0.000
 M11            0.000         0.945         0.000         0.000
 M12            0.000         1.000         0.000         0.000
 Y1             0.000         0.000         0.503         0.000
 Y2             0.000         0.000         0.761         0.000
 Y3             0.000         0.000         1.000         0.000
 X1M10          0.000         0.000         0.000         1.540
 X2M11          0.000         0.000         0.000         1.216
 X3M12          0.000         0.000         0.000         1.000


           THETA
              X1            X2            X3            M1            M2
              ________      ________      ________      ________      ________
 X1             0.090
 X2             0.000         0.096
 X3             0.000         0.000         0.096
 M1             0.000         0.000         0.000         0.768
 M2             0.000         0.000         0.000         0.000         0.744
 M3             0.000         0.000         0.000         0.000         0.000
 M4             0.000         0.000         0.000         0.000         0.000
 M5             0.000         0.000         0.000         0.000         0.000
 M6             0.000         0.000         0.000         0.000         0.000
 M7             0.000         0.000         0.000         0.000         0.000
 M8             0.000         0.000         0.000         0.000         0.000
 M9             0.000         0.000         0.000         0.000         0.000
 M10            0.000         0.000         0.000         0.000         0.000
 M11            0.000         0.000         0.000         0.000         0.000
 M12            0.000         0.000         0.000         0.000         0.000
 Y1             0.000         0.000         0.000         0.000         0.000
 Y2             0.000         0.000         0.000         0.000         0.000
 Y3             0.000         0.000         0.000         0.000         0.000
 X1M10          0.000         0.000         0.000         0.000         0.000
 X2M11          0.000         0.000         0.000         0.000         0.000
 X3M12          0.000         0.000         0.000         0.000         0.000


           THETA
              M3            M4            M5            M6            M7
              ________      ________      ________      ________      ________
 M3             0.744
 M4             0.000         0.739
 M5             0.000         0.000         0.717
 M6             0.000         0.000         0.000         0.736
 M7             0.000         0.000         0.000         0.000         0.760
 M8             0.000         0.000         0.000         0.000         0.000
 M9             0.000         0.000         0.000         0.000         0.000
 M10            0.000         0.000         0.000         0.000         0.000
 M11            0.000         0.000         0.000         0.000         0.000
 M12            0.000         0.000         0.000         0.000         0.000
 Y1             0.000         0.000         0.000         0.000         0.000
 Y2             0.000         0.000         0.000         0.000         0.000
 Y3             0.000         0.000         0.000         0.000         0.000
 X1M10          0.000         0.000         0.000         0.000         0.000
 X2M11          0.000         0.000         0.000         0.000         0.000
 X3M12          0.000         0.000         0.000         0.000         0.000


           THETA
              M8            M9            M10           M11           M12
              ________      ________      ________      ________      ________
 M8             0.746
 M9             0.000         0.743
 M10            0.000         0.000         0.786
 M11            0.000         0.000         0.000         0.766
 M12            0.000         0.000         0.000         0.000         0.833
 Y1             0.000         0.000         0.000         0.000         0.000
 Y2             0.000         0.000         0.000         0.000         0.000
 Y3             0.000         0.000         0.000         0.000         0.000
 X1M10          0.000         0.000         0.000         0.000         0.000
 X2M11          0.000         0.000         0.000         0.000         0.000
 X3M12          0.000         0.000         0.000         0.000         0.000


           THETA
              Y1            Y2            Y3            X1M10         X2M11
              ________      ________      ________      ________      ________
 Y1             0.363
 Y2             0.000         0.480
 Y3             0.000         0.000         0.671
 X1M10          0.000         0.000         0.000         0.182
 X2M11          0.000         0.000         0.000         0.000         0.166
 X3M12          0.000         0.000         0.000         0.000         0.000


           THETA
              X3M12
              ________
 X3M12          0.162


           ALPHA
              X             M             Y             XM
              ________      ________      ________      ________
                0.000         0.000         0.000         0.000


           BETA
              X             M             Y             XM
              ________      ________      ________      ________
 X              0.000         0.000         0.000         0.000
 M              0.000         0.000         0.000         0.000
 Y              0.000         0.000         0.000         0.000
 XM             0.000         0.000         0.000         0.000


           PSI
              X             M             Y             XM
              ________      ________      ________      ________
 X              0.050
 M              0.000         0.050
 Y              0.000         0.000         0.050
 XM             0.000         0.000         0.000         0.050


     STARTING VALUES FOR THE ADDITIONAL PARAMETERS


           New/Additional Parameters
              VAR_Y         STD_B1        STD_B2        STD_B3
              ________      ________      ________      ________
                0.500         0.500         0.500         0.500


RESULTS SAVING INFORMATION

  Order of data

    Parameter estimates
     (saved in order shown in Technical 1 output)
    Standard errors
     (saved in order shown in Technical 1 output)
    Number of Free Parameters
    H0 Loglikelihood
    H0 Scaling Correction Factor for MLR
    H1 Loglikelihood
    H1 Scaling Correction Factor for MLR
    Akaike (AIC)
    Bayesian (BIC)
    Sample-Size Adjusted BIC
    Chi-square : Value
    Chi-square : Degrees of Freedom
    Chi-square : P-Value
    Chi-square : Scaling Correction Factor for MLR/MLM/WLSM
    CFI
    TLI
    RMSEA : Estimate
    RMSEA : Low CI
    RMSEA : High CI
    RMSEA : Probability
    SRMR
    Condition Number

  Save file
    matchupi_results_2.dat

  Save file format           Free


     Beginning Time:  01:18:10
        Ending Time:  01:18:11
       Elapsed Time:  00:00:01



MUTHEN & MUTHEN
3463 Stoner Ave.
Los Angeles, CA  90066

Tel: (310) 391-9971
Fax: (310) 391-8971
Web: www.StatModel.com
Support: Support@StatModel.com

Copyright (c) 1998-2022 Muthen & Muthen
