Mplus VERSION 8.8 (Mac)
MUTHEN & MUTHEN
07/27/2025   8:31 PM

INPUT INSTRUCTIONS


    TITLE: Parceling Unconstrained Product Indicator

    DATA:
      FILE = parcelupi_simdat_1179.dat;
      FORMAT IS FREE;

    VARIABLE:
      NAMES = x1 x2 x3
      	    m1 m2 m3 m4 m5 m6
      	    m7 m8 m9 m10 m11 m12
      	    y1 y2 y3
      	    p1 p2 p3
      	    x3p1 x2p2 x1p3;
      USEVARIABLES = x1 x2 x3
      	    m1 m2 m3 m4 m5 m6
      	    m7 m8 m9 m10 m11 m12
      	    y1 y2 y3
      	    x3p1 x2p2 x1p3;

    ANALYSIS:
      TYPE = general;
      ESTIMATOR = MLR;
    MODEL:
      !measurement model
      X BY x3 x2 x1;
      X (var_X);
      M BY m12 m11 m10 m9 m8 m7 m6 m5 m4 m3 m2 m1;
      M (var_M);
      Y BY y3 y2 y1;
      Y (resvar_Y);
      XM BY x3p1 x2p2 x1p3;
      XM (var_XM);

      !covariances between predictors
      X WITH M (cov_XM);
      X WITH XM (cov_XXM);
      M WITH XM (cov_MXM);

      !structural model
      Y ON X (b1);
      Y ON M (b2);
      Y ON XM (b3);

    MODEL CONSTRAINT:

      NEW(var_Y std_b1 std_b2 std_b3);
      var_Y = resvar_Y +
       (b1^2 * var_X +
        b2^2 * var_M +
        b3^2 * var_XM +
        2 * b1 * b2 * cov_XM +
        2 * b1 * b3 * cov_XXM +
        2 * b2 * b3 * cov_MXM);

        std_b1 = b1 * sqrt(var_X) / sqrt(var_Y);
        std_b2 = b2 * sqrt(var_M) / sqrt(var_Y);
        std_b3 = b3 * sqrt(var_X) * sqrt(var_M) / sqrt(var_Y);

    OUTPUT:
      sampstat tech1 CINTERVAL;

    SAVEDATA:
      RESULTS = parcelupi_results_1179.dat;




INPUT READING TERMINATED NORMALLY



Parceling Unconstrained Product Indicator

SUMMARY OF ANALYSIS

Number of groups                                                 1
Number of observations                                         100

Number of dependent variables                                   21
Number of independent variables                                  0
Number of continuous latent variables                            4

Observed dependent variables

  Continuous
   X1          X2          X3          M1          M2          M3
   M4          M5          M6          M7          M8          M9
   M10         M11         M12         Y1          Y2          Y3
   X3P1        X2P2        X1P3

Continuous latent variables
   X           M           Y           XM


Estimator                                                      MLR
Information matrix                                        OBSERVED
Maximum number of iterations                                  1000
Convergence criterion                                    0.500D-04
Maximum number of steepest descent iterations                   20

Input data file(s)
  parcelupi_simdat_1179.dat

Input data format  FREE


SAMPLE STATISTICS


     SAMPLE STATISTICS


           Means
              X1            X2            X3            M1            M2
              ________      ________      ________      ________      ________
                0.000         0.000         0.000         0.000         0.000


           Means
              M3            M4            M5            M6            M7
              ________      ________      ________      ________      ________
                0.000         0.000         0.000         0.000         0.000


           Means
              M8            M9            M10           M11           M12
              ________      ________      ________      ________      ________
                0.000         0.000         0.000         0.000         0.000


           Means
              Y1            Y2            Y3            X3P1          X2P2
              ________      ________      ________      ________      ________
                0.662         0.750         0.927         0.000         0.000


           Means
              X1P3
              ________
                0.000


           Covariances
              X1            X2            X3            M1            M2
              ________      ________      ________      ________      ________
 X1             0.244
 X2             0.076         0.250
 X3             0.111         0.080         0.248
 M1            -0.020         0.093        -0.055         2.754
 M2            -0.036         0.134         0.100         0.099         2.658
 M3            -0.026        -0.089        -0.034         0.035         0.079
 M4            -0.007         0.156         0.058         0.218         0.276
 M5             0.146         0.029         0.094        -0.265         0.001
 M6            -0.093        -0.005         0.017         0.404         0.407
 M7             0.055         0.111         0.127         0.481         0.447
 M8             0.102         0.130         0.071         0.066        -0.062
 M9             0.070         0.170         0.190         0.210        -0.100
 M10            0.056         0.015         0.116         0.318         0.119
 M11            0.223         0.160         0.222        -0.028         0.296
 M12            0.038         0.110         0.039         0.364         0.152
 Y1             0.014         0.048         0.014        -0.001         0.029
 Y2             0.090         0.119         0.096        -0.145         0.125
 Y3             0.088         0.169         0.078        -0.080         0.110
 X3P1           0.058         0.002         0.006         0.007        -0.103
 X2P2          -0.016        -0.002         0.013        -0.077        -0.023
 X1P3           0.000         0.025         0.037         0.094        -0.075


           Covariances
              M3            M4            M5            M6            M7
              ________      ________      ________      ________      ________
 M3             2.554
 M4             0.028         2.427
 M5             0.326        -0.068         2.594
 M6             0.162         0.104         0.318         2.529
 M7             0.395         0.741         0.505         0.442         2.256
 M8             0.412         0.453         0.248        -0.071         0.611
 M9             0.490         0.460         0.620         0.440         0.790
 M10            0.451         0.132         0.329         0.300         0.571
 M11            0.483         0.636         0.447         0.249         0.752
 M12            0.448         0.397         0.752         0.251         0.739
 Y1             0.303         0.089        -0.054         0.046         0.252
 Y2             0.043         0.125         0.164         0.033         0.194
 Y3             0.272         0.303         0.077         0.312         0.388
 X3P1          -0.005        -0.113         0.143         0.081         0.083
 X2P2          -0.064        -0.061         0.030         0.063        -0.051
 X1P3          -0.106        -0.008        -0.006         0.105         0.023


           Covariances
              M8            M9            M10           M11           M12
              ________      ________      ________      ________      ________
 M8             2.620
 M9             0.620         2.640
 M10            0.870         1.090         2.330
 M11            0.829         1.050         1.000         2.258
 M12            1.030         1.090         0.930         0.951         2.160
 Y1             0.357         0.303         0.173         0.329         0.194
 Y2             0.364         0.596         0.419         0.675         0.343
 Y3             0.375         0.321         0.300         0.430         0.254
 X3P1           0.147         0.014         0.093         0.128         0.075
 X2P2          -0.062        -0.012         0.007        -0.064        -0.029
 X1P3           0.141         0.109         0.021         0.058         0.070


           Covariances
              Y1            Y2            Y3            X3P1          X2P2
              ________      ________      ________      ________      ________
 Y1             0.549
 Y2             0.315         1.089
 Y3             0.394         0.572         1.094
 X3P1          -0.057        -0.039        -0.088         0.235
 X2P2          -0.022         0.013        -0.021         0.029         0.201
 X1P3          -0.015        -0.041         0.002         0.090         0.021


           Covariances
              X1P3
              ________
 X1P3           0.220


           Correlations
              X1            X2            X3            M1            M2
              ________      ________      ________      ________      ________
 X1             1.000
 X2             0.307         1.000
 X3             0.452         0.324         1.000
 M1            -0.024         0.112        -0.067         1.000
 M2            -0.045         0.164         0.124         0.037         1.000
 M3            -0.033        -0.112        -0.043         0.013         0.030
 M4            -0.009         0.201         0.074         0.085         0.109
 M5             0.184         0.036         0.117        -0.099         0.000
 M6            -0.118        -0.007         0.021         0.153         0.157
 M7             0.074         0.147         0.170         0.193         0.182
 M8             0.127         0.160         0.088         0.025        -0.024
 M9             0.087         0.209         0.235         0.078        -0.038
 M10            0.074         0.020         0.152         0.126         0.048
 M11            0.301         0.212         0.297        -0.011         0.121
 M12            0.053         0.150         0.053         0.149         0.064
 Y1             0.038         0.128         0.037        -0.001         0.024
 Y2             0.175         0.228         0.185        -0.084         0.073
 Y3             0.171         0.323         0.150        -0.046         0.065
 X3P1           0.240         0.008         0.024         0.009        -0.130
 X2P2          -0.073        -0.010         0.056        -0.104        -0.032
 X1P3          -0.001         0.107         0.160         0.121        -0.098


           Correlations
              M3            M4            M5            M6            M7
              ________      ________      ________      ________      ________
 M3             1.000
 M4             0.011         1.000
 M5             0.127        -0.027         1.000
 M6             0.064         0.042         0.124         1.000
 M7             0.165         0.317         0.209         0.185         1.000
 M8             0.159         0.180         0.095        -0.027         0.251
 M9             0.189         0.182         0.237         0.170         0.324
 M10            0.185         0.055         0.134         0.123         0.249
 M11            0.201         0.272         0.185         0.104         0.333
 M12            0.191         0.173         0.318         0.107         0.335
 Y1             0.256         0.077        -0.046         0.039         0.227
 Y2             0.026         0.077         0.098         0.020         0.124
 Y3             0.163         0.186         0.046         0.188         0.247
 X3P1          -0.007        -0.149         0.183         0.105         0.115
 X2P2          -0.089        -0.087         0.041         0.089        -0.076
 X1P3          -0.141        -0.010        -0.007         0.141         0.033


           Correlations
              M8            M9            M10           M11           M12
              ________      ________      ________      ________      ________
 M8             1.000
 M9             0.236         1.000
 M10            0.352         0.439         1.000
 M11            0.341         0.430         0.436         1.000
 M12            0.433         0.456         0.415         0.431         1.000
 Y1             0.298         0.251         0.153         0.296         0.178
 Y2             0.215         0.351         0.263         0.431         0.224
 Y3             0.222         0.189         0.188         0.274         0.165
 X3P1           0.187         0.018         0.126         0.175         0.105
 X2P2          -0.085        -0.017         0.010        -0.095        -0.045
 X1P3           0.187         0.143         0.029         0.082         0.101


           Correlations
              Y1            Y2            Y3            X3P1          X2P2
              ________      ________      ________      ________      ________
 Y1             1.000
 Y2             0.408         1.000
 Y3             0.509         0.524         1.000
 X3P1          -0.159        -0.078        -0.173         1.000
 X2P2          -0.065         0.028        -0.044         0.132         1.000
 X1P3          -0.043        -0.083         0.005         0.396         0.100


           Correlations
              X1P3
              ________
 X1P3           1.000


UNIVARIATE SAMPLE STATISTICS


     UNIVARIATE HIGHER-ORDER MOMENT DESCRIPTIVE STATISTICS

         Variable/         Mean/     Skewness/   Minimum/ % with                Percentiles
        Sample Size      Variance    Kurtosis    Maximum  Min/Max      20%/60%    40%/80%    Median

     X1                    0.000       0.324      -0.420   58.00%      -0.420     -0.420     -0.420
             100.000       0.244      -1.895       0.580   42.00%       0.580      0.580
     X2                    0.000      -0.040      -0.510   49.00%      -0.510     -0.510      0.490
             100.000       0.250      -1.998       0.490   51.00%       0.490      0.490
     X3                    0.000       0.201      -0.450   55.00%      -0.450     -0.450     -0.450
             100.000       0.247      -1.960       0.550   45.00%       0.550      0.550
     M1                    0.000      -0.238      -2.190   30.00%      -2.190     -0.190     -0.190
             100.000       2.754      -1.574       1.810   35.00%       0.810      1.810
     M2                    0.000      -0.122      -2.110   28.00%      -2.110     -1.110     -0.110
             100.000       2.658      -1.597       1.890   32.00%       0.890      1.890
     M3                    0.000       0.072      -1.920   31.00%      -1.920     -0.920      0.080
             100.000       2.554      -1.541       2.080   27.00%       0.080      2.080
     M4                    0.000       0.091      -1.850   32.00%      -1.850     -0.850      0.150
             100.000       2.428      -1.505       2.150   22.00%       0.150      2.150
     M5                    0.000      -0.058      -2.080   27.00%      -2.080     -1.080     -0.080
             100.000       2.594      -1.564       1.920   32.00%       0.920      1.920
     M6                    0.000      -0.019      -2.030   28.00%      -2.030     -0.030     -0.030
             100.000       2.529      -1.517       1.970   30.00%      -0.030      1.970
     M7                    0.000       0.014      -1.940   27.00%      -1.940     -0.940      0.060
             100.000       2.256      -1.409       2.060   22.00%       0.060      2.060
     M8                    0.000      -0.032      -2.020   30.00%      -2.020     -1.020     -0.020
             100.000       2.620      -1.568       1.980   30.00%       0.980      1.980
     M9                    0.000      -0.014      -2.000   31.00%      -2.000     -1.000      0.000
             100.000       2.640      -1.571       2.000   30.00%       1.000      2.000
     M10                   0.000      -0.051      -2.010   26.00%      -2.010     -1.010     -0.010
             100.000       2.330      -1.464       1.990   24.00%       0.990      1.990
     M11                   0.000      -0.068      -2.040   24.00%      -2.040     -0.040     -0.040
             100.000       2.258      -1.425       1.960   24.00%       0.960      1.960
     M12                   0.000      -0.060      -1.980   25.00%      -1.980      0.020      0.020
             100.000       2.160      -1.383       2.020   20.00%       1.020      1.020
     Y1                    0.662       0.513      -1.378    1.00%       0.090      0.487      0.673
             100.000       0.549       1.399       3.135    1.00%       0.771      1.196
     Y2                    0.750      -0.253      -1.667    1.00%      -0.116      0.605      0.817
             100.000       1.089      -0.190       2.926    1.00%       0.982      1.631
     Y3                    0.927      -0.620      -2.641    1.00%       0.026      0.653      0.970
             100.000       1.094       0.413       2.698    1.00%       1.327      1.774
     X3P1                  0.000      -0.065      -1.023    1.00%      -0.505     -0.060      0.057
             100.000       0.235      -0.809       1.040    1.00%       0.170      0.395
     X2P2                  0.000      -0.241      -0.974    2.00%      -0.389     -0.144      0.046
             100.000       0.201      -0.539       0.939    1.00%       0.174      0.429
     X1P3                  0.000       0.089      -0.999    2.00%      -0.418     -0.218     -0.009
             100.000       0.220      -0.670       1.032    1.00%       0.097      0.452


     THIS ANALYSIS MAY HAVE MULTIPLE SOLUTIONS.  EXPLORE THIS USING RANDOM STARTS,
     FOR EXAMPLE, STARTS = 20.  USE A LARGE ENOUGH NUMBER OF STARTS SO THAT THE
     BEST FIT FUNCTION VALUE IS REPLICATED SEVERAL TIMES.


THE MODEL ESTIMATION TERMINATED NORMALLY

     THE STANDARD ERRORS OF THE MODEL PARAMETER ESTIMATES MAY NOT BE
     TRUSTWORTHY FOR SOME PARAMETERS DUE TO A NON-POSITIVE DEFINITE
     FIRST-ORDER DERIVATIVE PRODUCT MATRIX.  THIS MAY BE DUE TO THE STARTING
     VALUES BUT MAY ALSO BE AN INDICATION OF MODEL NONIDENTIFICATION.  THE
     CONDITION NUMBER IS       0.807D-17.  PROBLEM INVOLVING THE FOLLOWING PARAMETER:
     Parameter 40, X2

     THIS IS MOST LIKELY DUE TO VARIABLE X1 BEING DICHOTOMOUS BUT
     DECLARED AS CONTINUOUS.




MODEL FIT INFORMATION

Number of Free Parameters                       69

Loglikelihood

          H0 Value                       -2903.562
          H0 Scaling Correction Factor      0.9073
            for MLR
          H1 Value                       -2806.178
          H1 Scaling Correction Factor      0.9820
            for MLR

Information Criteria

          Akaike (AIC)                    5945.123
          Bayesian (BIC)                  6124.880
          Sample-Size Adjusted BIC        5906.961
            (n* = (n + 2) / 24)

Chi-Square Test of Model Fit

          Value                            192.817*
          Degrees of Freedom                   183
          P-Value                           0.2950
          Scaling Correction Factor         1.0101
            for MLR

*   The chi-square value for MLM, MLMV, MLR, ULSMV, WLSM and WLSMV cannot be used
    for chi-square difference testing in the regular way.  MLM, MLR and WLSM
    chi-square difference testing is described on the Mplus website.  MLMV, WLSMV,
    and ULSMV difference testing is done using the DIFFTEST option.

RMSEA (Root Mean Square Error Of Approximation)

          Estimate                           0.023
          90 Percent C.I.                    0.000  0.051
          Probability RMSEA <= .05           0.944

CFI/TLI

          CFI                                0.966
          TLI                                0.961

Chi-Square Test of Model Fit for the Baseline Model

          Value                            497.708
          Degrees of Freedom                   210
          P-Value                           0.0000

SRMR (Standardized Root Mean Square Residual)

          Value                              0.070



MODEL RESULTS

                                                    Two-Tailed
                    Estimate       S.E.  Est./S.E.    P-Value

 X        BY
    X3                 1.000      0.000    999.000    999.000
    X2                 0.789      0.243      3.247      0.001
    X1                 1.035      0.309      3.351      0.001

 M        BY
    M12                1.000      0.000    999.000    999.000
    M11                1.080      0.190      5.667      0.000
    M10                0.937      0.151      6.208      0.000
    M9                 1.053      0.157      6.724      0.000
    M8                 0.864      0.164      5.277      0.000
    M7                 0.793      0.170      4.652      0.000
    M6                 0.324      0.179      1.809      0.071
    M5                 0.519      0.169      3.079      0.002
    M4                 0.455      0.172      2.650      0.008
    M3                 0.466      0.180      2.580      0.010
    M2                 0.168      0.192      0.873      0.383
    M1                 0.192      0.182      1.055      0.291

 Y        BY
    Y3                 1.000      0.000    999.000    999.000
    Y2                 0.897      0.180      4.969      0.000
    Y1                 0.589      0.113      5.227      0.000

 XM       BY
    X3P1               1.000      0.000    999.000    999.000
    X2P2               0.146      0.156      0.934      0.350
    X1P3               0.472      0.333      1.416      0.157

 Y        ON
    X                  0.594      0.450      1.319      0.187
    M                  0.430      0.118      3.639      0.000
    XM                -0.672      0.399     -1.686      0.092

 X        WITH
    M                  0.118      0.054      2.193      0.028
    XM                 0.028      0.021      1.290      0.197

 M        WITH
    XM                 0.087      0.071      1.238      0.216

 Intercepts
    X1                 0.000      0.049      0.000      1.000
    X2                 0.000      0.050      0.000      1.000
    X3                 0.000      0.050      0.000      1.000
    M1                 0.000      0.166      0.000      1.000
    M2                 0.000      0.163      0.000      1.000
    M3                 0.000      0.160      0.000      1.000
    M4                 0.000      0.156      0.000      1.000
    M5                 0.000      0.161      0.000      1.000
    M6                 0.000      0.159      0.000      1.000
    M7                 0.000      0.150      0.000      1.000
    M8                 0.000      0.162      0.000      1.000
    M9                 0.000      0.162      0.000      1.000
    M10                0.000      0.153      0.000      1.000
    M11                0.000      0.150      0.000      1.000
    M12                0.000      0.147      0.000      1.000
    Y1                 0.662      0.074      8.932      0.000
    Y2                 0.750      0.104      7.186      0.000
    Y3                 0.927      0.105      8.862      0.000
    X3P1               0.000      0.049      0.000      1.000
    X2P2               0.000      0.045      0.000      1.000
    X1P3               0.000      0.047      0.000      1.000

 Variances
    X                  0.102      0.038      2.689      0.007
    M                  0.959      0.248      3.873      0.000
    XM                 0.192      0.118      1.616      0.106

 Residual Variances
    X1                 0.134      0.044      3.029      0.002
    X2                 0.186      0.032      5.865      0.000
    X3                 0.145      0.038      3.785      0.000
    M1                 2.719      0.193     14.057      0.000
    M2                 2.631      0.175     15.038      0.000
    M3                 2.346      0.215     10.926      0.000
    M4                 2.229      0.200     11.172      0.000
    M5                 2.335      0.221     10.588      0.000
    M6                 2.428      0.195     12.456      0.000
    M7                 1.653      0.213      7.777      0.000
    M8                 1.904      0.249      7.648      0.000
    M9                 1.577      0.256      6.150      0.000
    M10                1.487      0.222      6.693      0.000
    M11                1.141      0.232      4.909      0.000
    M12                1.201      0.231      5.187      0.000
    Y1                 0.327      0.061      5.409      0.000
    Y2                 0.574      0.153      3.755      0.000
    Y3                 0.454      0.149      3.046      0.002
    X3P1               0.044      0.117      0.376      0.707
    X2P2               0.197      0.025      7.816      0.000
    X1P3               0.177      0.040      4.440      0.000
    Y                  0.352      0.153      2.308      0.021

New/Additional Parameters
    VAR_Y              0.640      0.199      3.219      0.001
    STD_B1             0.238      0.157      1.515      0.130
    STD_B2             0.526      0.122      4.298      0.000
    STD_B3            -0.263      0.182     -1.446      0.148


QUALITY OF NUMERICAL RESULTS

     Condition Number for the Information Matrix              0.282E-03
       (ratio of smallest to largest eigenvalue)


CONFIDENCE INTERVALS OF MODEL RESULTS

                  Lower .5%  Lower 2.5%    Lower 5%    Estimate    Upper 5%  Upper 2.5%   Upper .5%

 X        BY
    X3               1.000       1.000       1.000       1.000       1.000       1.000       1.000
    X2               0.163       0.313       0.389       0.789       1.189       1.265       1.415
    X1               0.239       0.430       0.527       1.035       1.544       1.641       1.832

 M        BY
    M12              1.000       1.000       1.000       1.000       1.000       1.000       1.000
    M11              0.589       0.706       0.766       1.080       1.393       1.453       1.570
    M10              0.548       0.641       0.689       0.937       1.186       1.233       1.326
    M9               0.650       0.746       0.795       1.053       1.311       1.360       1.456
    M8               0.442       0.543       0.595       0.864       1.133       1.185       1.286
    M7               0.354       0.459       0.513       0.793       1.073       1.127       1.232
    M6              -0.138      -0.027       0.029       0.324       0.619       0.676       0.786
    M5               0.085       0.189       0.242       0.519       0.797       0.850       0.954
    M4               0.013       0.118       0.173       0.455       0.738       0.792       0.897
    M3               0.001       0.112       0.169       0.466       0.762       0.819       0.930
    M2              -0.328      -0.209      -0.149       0.168       0.485       0.545       0.664
    M1              -0.276      -0.164      -0.107       0.192       0.491       0.548       0.660

 Y        BY
    Y3               1.000       1.000       1.000       1.000       1.000       1.000       1.000
    Y2               0.432       0.543       0.600       0.897       1.194       1.251       1.362
    Y1               0.299       0.368       0.403       0.589       0.774       0.809       0.879

 XM       BY
    X3P1             1.000       1.000       1.000       1.000       1.000       1.000       1.000
    X2P2            -0.257      -0.160      -0.111       0.146       0.403       0.453       0.549
    X1P3            -0.387      -0.181      -0.076       0.472       1.021       1.126       1.331

 Y        ON
    X               -0.566      -0.289      -0.147       0.594       1.335       1.477       1.754
    M                0.126       0.198       0.236       0.430       0.624       0.662       0.734
    XM              -1.699      -1.454      -1.328      -0.672      -0.016       0.109       0.355

 X        WITH
    M               -0.021       0.013       0.029       0.118       0.206       0.223       0.256
    XM              -0.028      -0.014      -0.008       0.028       0.063       0.070       0.083

 M        WITH
    XM              -0.094      -0.051      -0.029       0.087       0.203       0.225       0.269

 Intercepts
    X1              -0.127      -0.097      -0.081       0.000       0.081       0.097       0.127
    X2              -0.129      -0.098      -0.082       0.000       0.082       0.098       0.129
    X3              -0.128      -0.098      -0.082       0.000       0.082       0.098       0.128
    M1              -0.427      -0.325      -0.273       0.000       0.273       0.325       0.427
    M2              -0.420      -0.320      -0.268       0.000       0.268       0.320       0.420
    M3              -0.412      -0.313      -0.263       0.000       0.263       0.313       0.412
    M4              -0.401      -0.305      -0.256       0.000       0.256       0.305       0.401
    M5              -0.415      -0.316      -0.265       0.000       0.265       0.316       0.415
    M6              -0.410      -0.312      -0.262       0.000       0.262       0.312       0.410
    M7              -0.387      -0.294      -0.247       0.000       0.247       0.294       0.387
    M8              -0.417      -0.317      -0.266       0.000       0.266       0.317       0.417
    M9              -0.419      -0.318      -0.267       0.000       0.267       0.318       0.419
    M10             -0.393      -0.299      -0.251       0.000       0.251       0.299       0.393
    M11             -0.387      -0.295      -0.247       0.000       0.247       0.295       0.387
    M12             -0.379      -0.288      -0.242       0.000       0.242       0.288       0.379
    Y1               0.471       0.517       0.540       0.662       0.784       0.807       0.853
    Y2               0.481       0.545       0.578       0.750       0.921       0.954       1.018
    Y3               0.657       0.722       0.755       0.927       1.099       1.132       1.196
    X3P1            -0.125      -0.095      -0.080       0.000       0.080       0.095       0.125
    X2P2            -0.115      -0.088      -0.074       0.000       0.074       0.088       0.115
    X1P3            -0.121      -0.092      -0.077       0.000       0.077       0.092       0.121

 Variances
    X                0.004       0.028       0.040       0.102       0.165       0.177       0.200
    M                0.321       0.474       0.552       0.959       1.366       1.444       1.597
    XM              -0.114      -0.041      -0.003       0.192       0.386       0.424       0.497

 Residual Variances
    X1               0.020       0.047       0.061       0.134       0.206       0.220       0.248
    X2               0.104       0.124       0.134       0.186       0.238       0.248       0.268
    X3               0.046       0.070       0.082       0.145       0.208       0.220       0.244
    M1               2.220       2.340       2.400       2.719       3.037       3.098       3.217
    M2               2.180       2.288       2.343       2.631       2.919       2.974       3.081
    M3               1.793       1.925       1.993       2.346       2.699       2.767       2.899
    M4               1.715       1.838       1.901       2.229       2.557       2.620       2.743
    M5               1.767       1.903       1.972       2.335       2.698       2.767       2.903
    M6               1.926       2.046       2.108       2.428       2.749       2.810       2.930
    M7               1.106       1.237       1.304       1.653       2.003       2.070       2.201
    M8               1.263       1.416       1.494       1.904       2.313       2.392       2.545
    M9               0.916       1.074       1.155       1.577       1.998       2.079       2.237
    M10              0.915       1.052       1.122       1.487       1.853       1.923       2.060
    M11              0.542       0.685       0.759       1.141       1.523       1.596       1.740
    M12              0.604       0.747       0.820       1.201       1.582       1.654       1.797
    Y1               0.171       0.209       0.228       0.327       0.427       0.446       0.483
    Y2               0.180       0.274       0.323       0.574       0.825       0.873       0.968
    Y3               0.070       0.162       0.209       0.454       0.699       0.746       0.837
    X3P1            -0.257      -0.185      -0.148       0.044       0.236       0.273       0.345
    X2P2             0.132       0.147       0.155       0.197       0.238       0.246       0.262
    X1P3             0.074       0.099       0.111       0.177       0.242       0.255       0.280
    Y               -0.041       0.053       0.101       0.352       0.603       0.651       0.745

New/Additional Parameters
    VAR_Y            0.128       0.250       0.313       0.640       0.967       1.030       1.152
    STD_B1          -0.166      -0.070      -0.020       0.238       0.496       0.545       0.642
    STD_B2           0.211       0.286       0.325       0.526       0.728       0.766       0.842
    STD_B3          -0.732      -0.620      -0.563      -0.263       0.036       0.094       0.206


TECHNICAL 1 OUTPUT


     PARAMETER SPECIFICATION


           NU
              X1            X2            X3            M1            M2
              ________      ________      ________      ________      ________
                  1             2             3             4             5


           NU
              M3            M4            M5            M6            M7
              ________      ________      ________      ________      ________
                  6             7             8             9            10


           NU
              M8            M9            M10           M11           M12
              ________      ________      ________      ________      ________
                 11            12            13            14            15


           NU
              Y1            Y2            Y3            X3P1          X2P2
              ________      ________      ________      ________      ________
                 16            17            18            19            20


           NU
              X1P3
              ________
                 21


           LAMBDA
              X             M             Y             XM
              ________      ________      ________      ________
 X1                22             0             0             0
 X2                23             0             0             0
 X3                 0             0             0             0
 M1                 0            24             0             0
 M2                 0            25             0             0
 M3                 0            26             0             0
 M4                 0            27             0             0
 M5                 0            28             0             0
 M6                 0            29             0             0
 M7                 0            30             0             0
 M8                 0            31             0             0
 M9                 0            32             0             0
 M10                0            33             0             0
 M11                0            34             0             0
 M12                0             0             0             0
 Y1                 0             0            35             0
 Y2                 0             0            36             0
 Y3                 0             0             0             0
 X3P1               0             0             0             0
 X2P2               0             0             0            37
 X1P3               0             0             0            38


           THETA
              X1            X2            X3            M1            M2
              ________      ________      ________      ________      ________
 X1                39
 X2                 0            40
 X3                 0             0            41
 M1                 0             0             0            42
 M2                 0             0             0             0            43
 M3                 0             0             0             0             0
 M4                 0             0             0             0             0
 M5                 0             0             0             0             0
 M6                 0             0             0             0             0
 M7                 0             0             0             0             0
 M8                 0             0             0             0             0
 M9                 0             0             0             0             0
 M10                0             0             0             0             0
 M11                0             0             0             0             0
 M12                0             0             0             0             0
 Y1                 0             0             0             0             0
 Y2                 0             0             0             0             0
 Y3                 0             0             0             0             0
 X3P1               0             0             0             0             0
 X2P2               0             0             0             0             0
 X1P3               0             0             0             0             0


           THETA
              M3            M4            M5            M6            M7
              ________      ________      ________      ________      ________
 M3                44
 M4                 0            45
 M5                 0             0            46
 M6                 0             0             0            47
 M7                 0             0             0             0            48
 M8                 0             0             0             0             0
 M9                 0             0             0             0             0
 M10                0             0             0             0             0
 M11                0             0             0             0             0
 M12                0             0             0             0             0
 Y1                 0             0             0             0             0
 Y2                 0             0             0             0             0
 Y3                 0             0             0             0             0
 X3P1               0             0             0             0             0
 X2P2               0             0             0             0             0
 X1P3               0             0             0             0             0


           THETA
              M8            M9            M10           M11           M12
              ________      ________      ________      ________      ________
 M8                49
 M9                 0            50
 M10                0             0            51
 M11                0             0             0            52
 M12                0             0             0             0            53
 Y1                 0             0             0             0             0
 Y2                 0             0             0             0             0
 Y3                 0             0             0             0             0
 X3P1               0             0             0             0             0
 X2P2               0             0             0             0             0
 X1P3               0             0             0             0             0


           THETA
              Y1            Y2            Y3            X3P1          X2P2
              ________      ________      ________      ________      ________
 Y1                54
 Y2                 0            55
 Y3                 0             0            56
 X3P1               0             0             0            57
 X2P2               0             0             0             0            58
 X1P3               0             0             0             0             0


           THETA
              X1P3
              ________
 X1P3              59


           ALPHA
              X             M             Y             XM
              ________      ________      ________      ________
                  0             0             0             0


           BETA
              X             M             Y             XM
              ________      ________      ________      ________
 X                  0             0             0             0
 M                  0             0             0             0
 Y                 60            61             0            62
 XM                 0             0             0             0


           PSI
              X             M             Y             XM
              ________      ________      ________      ________
 X                 63
 M                 64            65
 Y                  0             0            66
 XM                67            68             0            69


     PARAMETER SPECIFICATION FOR THE ADDITIONAL PARAMETERS


           New/Additional Parameters
              VAR_Y         STD_B1        STD_B2        STD_B3
              ________      ________      ________      ________
                   70            71            72            73


     STARTING VALUES


           NU
              X1            X2            X3            M1            M2
              ________      ________      ________      ________      ________
                0.000         0.000         0.000         0.000         0.000


           NU
              M3            M4            M5            M6            M7
              ________      ________      ________      ________      ________
                0.000         0.000         0.000         0.000         0.000


           NU
              M8            M9            M10           M11           M12
              ________      ________      ________      ________      ________
                0.000         0.000         0.000         0.000         0.000


           NU
              Y1            Y2            Y3            X3P1          X2P2
              ________      ________      ________      ________      ________
                0.662         0.750         0.927         0.000         0.000


           NU
              X1P3
              ________
                0.000


           LAMBDA
              X             M             Y             XM
              ________      ________      ________      ________
 X1             0.942         0.000         0.000         0.000
 X2             0.683         0.000         0.000         0.000
 X3             1.000         0.000         0.000         0.000
 M1             0.000         2.897         0.000         0.000
 M2             0.000         1.380         0.000         0.000
 M3             0.000         0.596         0.000         0.000
 M4             0.000         1.277         0.000         0.000
 M5             0.000         1.933         0.000         0.000
 M6             0.000         0.984         0.000         0.000
 M7             0.000         1.629         0.000         0.000
 M8             0.000         1.884         0.000         0.000
 M9             0.000         2.148         0.000         0.000
 M10            0.000         1.261         0.000         0.000
 M11            0.000         2.280         0.000         0.000
 M12            0.000         1.000         0.000         0.000
 Y1             0.000         0.000         0.551         0.000
 Y2             0.000         0.000         0.800         0.000
 Y3             0.000         0.000         1.000         0.000
 X3P1           0.000         0.000         0.000         1.000
 X2P2           0.000         0.000         0.000         0.233
 X1P3           0.000         0.000         0.000         0.729


           THETA
              X1            X2            X3            M1            M2
              ________      ________      ________      ________      ________
 X1             0.122
 X2             0.000         0.125
 X3             0.000         0.000         0.124
 M1             0.000         0.000         0.000         1.377
 M2             0.000         0.000         0.000         0.000         1.329
 M3             0.000         0.000         0.000         0.000         0.000
 M4             0.000         0.000         0.000         0.000         0.000
 M5             0.000         0.000         0.000         0.000         0.000
 M6             0.000         0.000         0.000         0.000         0.000
 M7             0.000         0.000         0.000         0.000         0.000
 M8             0.000         0.000         0.000         0.000         0.000
 M9             0.000         0.000         0.000         0.000         0.000
 M10            0.000         0.000         0.000         0.000         0.000
 M11            0.000         0.000         0.000         0.000         0.000
 M12            0.000         0.000         0.000         0.000         0.000
 Y1             0.000         0.000         0.000         0.000         0.000
 Y2             0.000         0.000         0.000         0.000         0.000
 Y3             0.000         0.000         0.000         0.000         0.000
 X3P1           0.000         0.000         0.000         0.000         0.000
 X2P2           0.000         0.000         0.000         0.000         0.000
 X1P3           0.000         0.000         0.000         0.000         0.000


           THETA
              M3            M4            M5            M6            M7
              ________      ________      ________      ________      ________
 M3             1.277
 M4             0.000         1.214
 M5             0.000         0.000         1.297
 M6             0.000         0.000         0.000         1.265
 M7             0.000         0.000         0.000         0.000         1.128
 M8             0.000         0.000         0.000         0.000         0.000
 M9             0.000         0.000         0.000         0.000         0.000
 M10            0.000         0.000         0.000         0.000         0.000
 M11            0.000         0.000         0.000         0.000         0.000
 M12            0.000         0.000         0.000         0.000         0.000
 Y1             0.000         0.000         0.000         0.000         0.000
 Y2             0.000         0.000         0.000         0.000         0.000
 Y3             0.000         0.000         0.000         0.000         0.000
 X3P1           0.000         0.000         0.000         0.000         0.000
 X2P2           0.000         0.000         0.000         0.000         0.000
 X1P3           0.000         0.000         0.000         0.000         0.000


           THETA
              M8            M9            M10           M11           M12
              ________      ________      ________      ________      ________
 M8             1.310
 M9             0.000         1.320
 M10            0.000         0.000         1.165
 M11            0.000         0.000         0.000         1.129
 M12            0.000         0.000         0.000         0.000         1.080
 Y1             0.000         0.000         0.000         0.000         0.000
 Y2             0.000         0.000         0.000         0.000         0.000
 Y3             0.000         0.000         0.000         0.000         0.000
 X3P1           0.000         0.000         0.000         0.000         0.000
 X2P2           0.000         0.000         0.000         0.000         0.000
 X1P3           0.000         0.000         0.000         0.000         0.000


           THETA
              Y1            Y2            Y3            X3P1          X2P2
              ________      ________      ________      ________      ________
 Y1             0.275
 Y2             0.000         0.544
 Y3             0.000         0.000         0.547
 X3P1           0.000         0.000         0.000         0.118
 X2P2           0.000         0.000         0.000         0.000         0.100
 X1P3           0.000         0.000         0.000         0.000         0.000


           THETA
              X1P3
              ________
 X1P3           0.110


           ALPHA
              X             M             Y             XM
              ________      ________      ________      ________
                0.000         0.000         0.000         0.000


           BETA
              X             M             Y             XM
              ________      ________      ________      ________
 X              0.000         0.000         0.000         0.000
 M              0.000         0.000         0.000         0.000
 Y              0.000         0.000         0.000         0.000
 XM             0.000         0.000         0.000         0.000


           PSI
              X             M             Y             XM
              ________      ________      ________      ________
 X              0.050
 M              0.000         0.050
 Y              0.000         0.000         0.050
 XM             0.000         0.000         0.000         0.050


     STARTING VALUES FOR THE ADDITIONAL PARAMETERS


           New/Additional Parameters
              VAR_Y         STD_B1        STD_B2        STD_B3
              ________      ________      ________      ________
                0.500         0.500         0.500         0.500


RESULTS SAVING INFORMATION

  Order of data

    Parameter estimates
     (saved in order shown in Technical 1 output)
    Standard errors
     (saved in order shown in Technical 1 output)
    Number of Free Parameters
    H0 Loglikelihood
    H0 Scaling Correction Factor for MLR
    H1 Loglikelihood
    H1 Scaling Correction Factor for MLR
    Akaike (AIC)
    Bayesian (BIC)
    Sample-Size Adjusted BIC
    Chi-square : Value
    Chi-square : Degrees of Freedom
    Chi-square : P-Value
    Chi-square : Scaling Correction Factor for MLR/MLM/WLSM
    CFI
    TLI
    RMSEA : Estimate
    RMSEA : Low CI
    RMSEA : High CI
    RMSEA : Probability
    SRMR
    Condition Number

  Save file
    parcelupi_results_1179.dat

  Save file format           Free


     Beginning Time:  20:31:49
        Ending Time:  20:31:51
       Elapsed Time:  00:00:02



MUTHEN & MUTHEN
3463 Stoner Ave.
Los Angeles, CA  90066

Tel: (310) 391-9971
Fax: (310) 391-8971
Web: www.StatModel.com
Support: Support@StatModel.com

Copyright (c) 1998-2022 Muthen & Muthen
