Mplus VERSION 8.8 (Mac)
MUTHEN & MUTHEN
07/27/2025   4:32 PM

INPUT INSTRUCTIONS


    TITLE: Parceling Unconstrained Product Indicator

    DATA:
      FILE = parcelupi_simdat_489.dat;
      FORMAT IS FREE;

    VARIABLE:
      NAMES = x1 x2 x3
      	    m1 m2 m3 m4 m5 m6
      	    m7 m8 m9 m10 m11 m12
      	    y1 y2 y3
      	    p1 p2 p3
      	    x3p1 x2p2 x1p3;
      USEVARIABLES = x1 x2 x3
      	    m1 m2 m3 m4 m5 m6
      	    m7 m8 m9 m10 m11 m12
      	    y1 y2 y3
      	    x3p1 x2p2 x1p3;

    ANALYSIS:
      TYPE = general;
      ESTIMATOR = MLR;
    MODEL:
      !measurement model
      X BY x3 x2 x1;
      X (var_X);
      M BY m12 m11 m10 m9 m8 m7 m6 m5 m4 m3 m2 m1;
      M (var_M);
      Y BY y3 y2 y1;
      Y (resvar_Y);
      XM BY x3p1 x2p2 x1p3;
      XM (var_XM);

      !covariances between predictors
      X WITH M (cov_XM);
      X WITH XM (cov_XXM);
      M WITH XM (cov_MXM);

      !structural model
      Y ON X (b1);
      Y ON M (b2);
      Y ON XM (b3);

    MODEL CONSTRAINT:

      NEW(var_Y std_b1 std_b2 std_b3);
      var_Y = resvar_Y +
       (b1^2 * var_X +
        b2^2 * var_M +
        b3^2 * var_XM +
        2 * b1 * b2 * cov_XM +
        2 * b1 * b3 * cov_XXM +
        2 * b2 * b3 * cov_MXM);

        std_b1 = b1 * sqrt(var_X) / sqrt(var_Y);
        std_b2 = b2 * sqrt(var_M) / sqrt(var_Y);
        std_b3 = b3 * sqrt(var_X) * sqrt(var_M) / sqrt(var_Y);

    OUTPUT:
      sampstat tech1 CINTERVAL;

    SAVEDATA:
      RESULTS = parcelupi_results_489.dat;




INPUT READING TERMINATED NORMALLY



Parceling Unconstrained Product Indicator

SUMMARY OF ANALYSIS

Number of groups                                                 1
Number of observations                                         100

Number of dependent variables                                   21
Number of independent variables                                  0
Number of continuous latent variables                            4

Observed dependent variables

  Continuous
   X1          X2          X3          M1          M2          M3
   M4          M5          M6          M7          M8          M9
   M10         M11         M12         Y1          Y2          Y3
   X3P1        X2P2        X1P3

Continuous latent variables
   X           M           Y           XM


Estimator                                                      MLR
Information matrix                                        OBSERVED
Maximum number of iterations                                  1000
Convergence criterion                                    0.500D-04
Maximum number of steepest descent iterations                   20

Input data file(s)
  parcelupi_simdat_489.dat

Input data format  FREE


SAMPLE STATISTICS


     SAMPLE STATISTICS


           Means
              X1            X2            X3            M1            M2
              ________      ________      ________      ________      ________
                0.000         0.000         0.000         0.000         0.000


           Means
              M3            M4            M5            M6            M7
              ________      ________      ________      ________      ________
                0.000         0.000         0.000         0.000         0.000


           Means
              M8            M9            M10           M11           M12
              ________      ________      ________      ________      ________
                0.000         0.000         0.000         0.000         0.000


           Means
              Y1            Y2            Y3            X3P1          X2P2
              ________      ________      ________      ________      ________
                0.638         0.825         1.123         0.000         0.000


           Means
              X1P3
              ________
                0.000


           Covariances
              X1            X2            X3            M1            M2
              ________      ________      ________      ________      ________
 X1             0.242
 X2             0.045         0.250
 X3             0.087         0.080         0.250
 M1            -0.022         0.085         0.099         2.854
 M2             0.071         0.130         0.098         0.573         2.626
 M3            -0.014        -0.040        -0.084        -0.026        -0.402
 M4            -0.078        -0.025        -0.064        -0.016        -0.376
 M5             0.011         0.050         0.036        -0.011         0.018
 M6            -0.026         0.025         0.061        -0.050         0.225
 M7            -0.016        -0.085         0.001         0.590         0.135
 M8            -0.058        -0.095         0.070         0.403         0.700
 M9            -0.140         0.085         0.024         0.179         0.054
 M10            0.097         0.065         0.152         0.055         0.164
 M11           -0.040        -0.060         0.004         0.058         0.296
 M12            0.006        -0.075         0.075         0.352         0.459
 Y1             0.025         0.088         0.130         0.127        -0.014
 Y2             0.023         0.082         0.108         0.001         0.125
 Y3             0.104         0.074         0.195         0.077         0.138
 X3P1           0.006        -0.010        -0.001        -0.039         0.035
 X2P2           0.019         0.000         0.015         0.062        -0.051
 X1P3           0.002        -0.045        -0.003         0.022         0.037


           Covariances
              M3            M4            M5            M6            M7
              ________      ________      ________      ________      ________
 M3             2.728
 M4            -0.165         2.469
 M5            -0.232        -0.350         2.698
 M6             0.082        -0.204         0.347         2.266
 M7            -0.118         0.416        -0.093        -0.164         2.386
 M8             0.655        -0.237         0.170         0.312         0.523
 M9             0.411         0.131         0.896         0.520         0.200
 M10            0.367         0.014         0.252         0.183         0.793
 M11            0.330         0.323         0.470         0.346         0.216
 M12            0.388         0.000         0.563         0.638         0.668
 Y1             0.134         0.066         0.349         0.017         0.247
 Y2             0.159        -0.010         0.441         0.345         0.300
 Y3            -0.004        -0.188         0.391         0.041         0.190
 X3P1          -0.110         0.054        -0.012         0.022         0.091
 X2P2          -0.164        -0.069         0.037        -0.061         0.032
 X1P3          -0.021         0.008        -0.088        -0.088         0.011


           Covariances
              M8            M9            M10           M11           M12
              ________      ________      ________      ________      ________
 M8             2.547
 M9             0.582         2.667
 M10            0.622         0.693         2.313
 M11            1.085         0.841         0.699         2.132
 M12            0.813         0.809         0.969         0.662         2.010
 Y1             0.328         0.476         0.526         0.219         0.398
 Y2             0.371         0.324         0.304         0.146         0.402
 Y3             0.230         0.312         0.407        -0.005         0.319
 X3P1          -0.054        -0.055        -0.053         0.040        -0.024
 X2P2           0.012        -0.031         0.041         0.073        -0.034
 X1P3          -0.075        -0.156        -0.123        -0.107        -0.107


           Covariances
              Y1            Y2            Y3            X3P1          X2P2
              ________      ________      ________      ________      ________
 Y1             0.707
 Y2             0.398         1.060
 Y3             0.446         0.691         1.152
 X3P1          -0.013        -0.040        -0.063         0.201
 X2P2           0.022        -0.032         0.019         0.030         0.242
 X1P3          -0.041         0.009        -0.026         0.016        -0.037


           Covariances
              X1P3
              ________
 X1P3           0.171


           Correlations
              X1            X2            X3            M1            M2
              ________      ________      ________      ________      ________
 X1             1.000
 X2             0.183         1.000
 X3             0.353         0.320         1.000
 M1            -0.027         0.101         0.117         1.000
 M2             0.089         0.160         0.121         0.209         1.000
 M3            -0.017        -0.048        -0.101        -0.009        -0.150
 M4            -0.101        -0.032        -0.082        -0.006        -0.148
 M5             0.014         0.061         0.044        -0.004         0.007
 M6            -0.035         0.033         0.081        -0.020         0.092
 M7            -0.021        -0.110         0.001         0.226         0.054
 M8            -0.073        -0.119         0.088         0.149         0.271
 M9            -0.175         0.104         0.029         0.065         0.020
 M10            0.129         0.085         0.201         0.021         0.067
 M11           -0.055        -0.082         0.006         0.024         0.125
 M12            0.008        -0.106         0.106         0.147         0.200
 Y1             0.062         0.210         0.310         0.089        -0.010
 Y2             0.046         0.158         0.211         0.001         0.075
 Y3             0.196         0.137         0.364         0.043         0.079
 X3P1           0.029        -0.043        -0.006        -0.052         0.048
 X2P2           0.077         0.000         0.062         0.074        -0.065
 X1P3           0.009        -0.216        -0.016         0.031         0.055


           Correlations
              M3            M4            M5            M6            M7
              ________      ________      ________      ________      ________
 M3             1.000
 M4            -0.063         1.000
 M5            -0.086        -0.135         1.000
 M6             0.033        -0.086         0.140         1.000
 M7            -0.046         0.172        -0.037        -0.071         1.000
 M8             0.248        -0.095         0.065         0.130         0.212
 M9             0.152         0.051         0.334         0.211         0.079
 M10            0.146         0.006         0.101         0.080         0.337
 M11            0.137         0.141         0.196         0.158         0.096
 M12            0.166         0.000         0.242         0.299         0.305
 Y1             0.096         0.050         0.253         0.014         0.190
 Y2             0.094        -0.006         0.261         0.222         0.188
 Y3            -0.002        -0.112         0.222         0.025         0.115
 X3P1          -0.148         0.077        -0.017         0.033         0.132
 X2P2          -0.202        -0.089         0.045        -0.082         0.042
 X1P3          -0.031         0.012        -0.129        -0.142         0.017


           Correlations
              M8            M9            M10           M11           M12
              ________      ________      ________      ________      ________
 M8             1.000
 M9             0.223         1.000
 M10            0.256         0.279         1.000
 M11            0.466         0.353         0.315         1.000
 M12            0.359         0.350         0.449         0.320         1.000
 Y1             0.245         0.347         0.411         0.179         0.334
 Y2             0.226         0.193         0.194         0.097         0.276
 Y3             0.134         0.178         0.249        -0.003         0.210
 X3P1          -0.076        -0.075        -0.078         0.062        -0.038
 X2P2           0.015        -0.039         0.055         0.101        -0.049
 X1P3          -0.113        -0.230        -0.196        -0.177        -0.183


           Correlations
              Y1            Y2            Y3            X3P1          X2P2
              ________      ________      ________      ________      ________
 Y1             1.000
 Y2             0.460         1.000
 Y3             0.494         0.626         1.000
 X3P1          -0.034        -0.086        -0.131         1.000
 X2P2           0.054        -0.064         0.036         0.136         1.000
 X1P3          -0.119         0.020        -0.060         0.086        -0.183


           Correlations
              X1P3
              ________
 X1P3           1.000


UNIVARIATE SAMPLE STATISTICS


     UNIVARIATE HIGHER-ORDER MOMENT DESCRIPTIVE STATISTICS

         Variable/         Mean/     Skewness/   Minimum/ % with                Percentiles
        Sample Size      Variance    Kurtosis    Maximum  Min/Max      20%/60%    40%/80%    Median

     X1                    0.000       0.366      -0.410   59.00%      -0.410     -0.410     -0.410
             100.000       0.242      -1.866       0.590   41.00%       0.590      0.590
     X2                    0.000       0.000      -0.500   50.00%      -0.500     -0.500      0.000
             100.000       0.250      -2.000       0.500   50.00%       0.500      0.500
     X3                    0.000      -0.080      -0.520   48.00%      -0.520     -0.520      0.480
             100.000       0.250      -1.994       0.480   52.00%       0.480      0.480
     M1                    0.000       0.187      -1.810   38.00%      -1.810     -0.810      0.190
             100.000       2.854      -1.650       2.190   29.00%       0.190      2.190
     M2                    0.000      -0.039      -2.120   24.00%      -2.120     -1.120     -0.120
             100.000       2.626      -1.611       1.880   35.00%       0.880      1.880
     M3                    0.000      -0.208      -2.180   29.00%      -2.180     -0.180     -0.180
             100.000       2.728      -1.577       1.820   35.00%       0.820      1.820
     M4                    0.000       0.019      -1.970   28.00%      -1.970     -0.970      0.030
             100.000       2.469      -1.533       2.030   26.00%       1.030      2.030
     M5                    0.000       0.303      -1.680   40.00%      -1.680     -1.680     -0.680
             100.000       2.698      -1.553       2.320   24.00%       0.320      2.320
     M6                    0.000      -0.149      -2.210   19.00%      -1.210     -0.210     -0.210
             100.000       2.266      -1.416       1.790   31.00%       0.790      1.790
     M7                    0.000      -0.207      -2.210   22.00%      -2.210     -0.210     -0.210
             100.000       2.386      -1.455       1.790   31.00%       0.790      1.790
     M8                    0.000       0.235      -1.750   35.00%      -1.750     -0.750     -0.250
             100.000       2.547      -1.526       2.250   23.00%       0.250      2.250
     M9                    0.000      -0.067      -2.050   30.00%      -2.050     -1.050     -0.050
             100.000       2.667      -1.593       1.950   31.00%       0.950      1.950
     M10                   0.000      -0.118      -2.130   22.00%      -2.130     -0.130     -0.130
             100.000       2.313      -1.447       1.870   28.00%       0.870      1.870
     M11                   0.000       0.153      -1.780   30.00%      -1.780     -0.780      0.220
             100.000       2.132      -1.297       2.220   18.00%       0.220      1.220
     M12                   0.000      -0.081      -2.010   22.00%      -2.010     -0.010     -0.010
             100.000       2.010      -1.283       1.990   19.00%       0.990      0.990
     Y1                    0.638       0.579      -1.301    1.00%      -0.051      0.371      0.589
             100.000       0.707       1.142       3.824    1.00%       0.822      1.217
     Y2                    0.825       0.450      -1.341    1.00%      -0.097      0.621      0.902
             100.000       1.060       0.748       4.086    1.00%       1.080      1.519
     Y3                    1.123      -0.296      -1.983    1.00%       0.269      0.947      1.245
             100.000       1.152       0.622       4.322    1.00%       1.474      1.990
     X3P1                  0.000      -0.112      -0.974    1.00%      -0.444     -0.134     -0.034
             100.000       0.201      -0.753       0.986    1.00%       0.206      0.466
     X2P2                  0.000      -0.116      -0.965    1.00%      -0.465     -0.215      0.035
             100.000       0.242      -1.107       0.910    2.00%       0.203      0.453
     X1P3                  0.000      -0.015      -0.855    1.00%      -0.413     -0.140     -0.004
             100.000       0.171      -1.031       0.767    3.00%       0.167      0.372


     THIS ANALYSIS MAY HAVE MULTIPLE SOLUTIONS.  EXPLORE THIS USING RANDOM STARTS,
     FOR EXAMPLE, STARTS = 20.  USE A LARGE ENOUGH NUMBER OF STARTS SO THAT THE
     BEST FIT FUNCTION VALUE IS REPLICATED SEVERAL TIMES.


     NO CONVERGENCE.  NUMBER OF ITERATIONS EXCEEDED.



MODEL RESULTS

                    Estimate

 X        BY
    X3                 1.000
    X2                 0.530
    X1                 0.535

 M        BY
    M12                1.000
    M11                0.762
    M10                0.861
    M9                 0.856
    M8                 0.849
    M7                 0.501
    M6                 0.445
    M5                 0.519
    M4                 0.000
    M3                 0.354
    M2                 0.328
    M1                 0.249

 Y        BY
    Y3                 1.000
    Y2                 0.911
    Y1                 0.656

 XM       BY
    X3P1               1.000
    X2P2              -1.971
    X1P3              70.654

 Y        ON
    X                  0.923
    M                  0.367
    XM                 1.663

 X        WITH
    M                  0.054
    XM                 0.000

 M        WITH
    XM                -0.002

 Intercepts
    X1                 0.000
    X2                 0.000
    X3                 0.000
    M1                 0.000
    M2                 0.000
    M3                 0.000
    M4                 0.000
    M5                 0.000
    M6                 0.000
    M7                 0.000
    M8                 0.000
    M9                 0.000
    M10                0.000
    M11                0.000
    M12                0.000
    Y1                 0.638
    Y2                 0.825
    Y3                 1.123
    X3P1               0.000
    X2P2               0.000
    X1P3               0.000

 Variances
    X                  0.157
    M                  1.041
    XM                 0.000

 Residual Variances
    X1                 0.197
    X2                 0.206
    X3                 0.093
    M1                 2.790
    M2                 2.513
    M3                 2.597
    M4                 2.469
    M5                 2.417
    M6                 2.060
    M7                 2.124
    M8                 1.798
    M9                 1.906
    M10                1.542
    M11                1.528
    M12                0.969
    Y1                 0.399
    Y2                 0.467
    Y3                 0.438
    X3P1               0.201
    X2P2               0.241
    X1P3              -1.261
    Y                  0.405

New/Additional Parameters
    VAR_Y              0.714
    STD_B1             0.432
    STD_B2             0.443
    STD_B3             0.795


MODEL COMMAND WITH FINAL ESTIMATES USED AS STARTING VALUES

     x BY x3@1;
     x BY x2*0.53003;
     x BY x1*0.53493;
     m BY m12@1;
     m BY m11*0.76180;
     m BY m10*0.86099;
     m BY m9*0.85561;
     m BY m8*0.84855;
     m BY m7*0.50128;
     m BY m6*0.44520;
     m BY m5*0.51905;
     m BY m4*-0.00013;
     m BY m3*0.35357;
     m BY m2*0.32838;
     m BY m1*0.24871;
     y BY y3@1;
     y BY y2*0.91113;
     y BY y1*0.65648;
     xm BY x3p1@1;
     xm BY x2p2*-1.97065;
     xm BY x1p3*70.65353;

     y ON x*0.92254 (b1);
     y ON m*0.36693 (b2);
     y ON xm*1.66264 (b3);

     x WITH m*0.05376 (cov_xm);
     x WITH xm*-0.00012 (cov_xxm);
     m WITH xm*-0.00166 (cov_mxm);

     [ x1*0.00000 ];
     [ x2*0.00000 ];
     [ x3*0.00000 ];
     [ m1*0.00000 ];
     [ m2*0.00000 ];
     [ m3*0.00000 ];
     [ m4*0.00000 ];
     [ m5*0.00000 ];
     [ m6*0.00000 ];
     [ m7*0.00000 ];
     [ m8*0.00000 ];
     [ m9*0.00000 ];
     [ m10*0.00000 ];
     [ m11*0.00000 ];
     [ m12*0.00000 ];
     [ y1*0.63802 ];
     [ y2*0.82451 ];
     [ y3*1.12321 ];
     [ x3p1*0.00000 ];
     [ x2p2*0.00000 ];
     [ x1p3*0.00000 ];

     x1*0.19700;
     x2*0.20592;
     x3*0.09270;
     m1*2.78951;
     m2*2.51336;
     m3*2.59748;
     m4*2.46910;
     m5*2.41718;
     m6*2.05960;
     m7*2.12435;
     m8*1.79805;
     m9*1.90553;
     m10*1.54151;
     m11*1.52755;
     m12*0.96905;
     y1*0.39900;
     y2*0.46702;
     y3*0.43806;
     x3p1*0.20084;
     x2p2*0.24074;
     x1p3*-1.26135;
     x*0.15690 (var_x);
     m*1.04086 (var_m);
     y*0.40546 (resvar_y);
     xm*0.00029 (var_xm);

     ! NEW statements in MODEL CONSTRAINT
     NEW(var_y*0.71393);
     NEW(std_b1*0.43248);
     NEW(std_b2*0.44304);
     NEW(std_b3*0.79519);




TECHNICAL 1 OUTPUT


     PARAMETER SPECIFICATION


           NU
              X1            X2            X3            M1            M2
              ________      ________      ________      ________      ________
                  1             2             3             4             5


           NU
              M3            M4            M5            M6            M7
              ________      ________      ________      ________      ________
                  6             7             8             9            10


           NU
              M8            M9            M10           M11           M12
              ________      ________      ________      ________      ________
                 11            12            13            14            15


           NU
              Y1            Y2            Y3            X3P1          X2P2
              ________      ________      ________      ________      ________
                 16            17            18            19            20


           NU
              X1P3
              ________
                 21


           LAMBDA
              X             M             Y             XM
              ________      ________      ________      ________
 X1                22             0             0             0
 X2                23             0             0             0
 X3                 0             0             0             0
 M1                 0            24             0             0
 M2                 0            25             0             0
 M3                 0            26             0             0
 M4                 0            27             0             0
 M5                 0            28             0             0
 M6                 0            29             0             0
 M7                 0            30             0             0
 M8                 0            31             0             0
 M9                 0            32             0             0
 M10                0            33             0             0
 M11                0            34             0             0
 M12                0             0             0             0
 Y1                 0             0            35             0
 Y2                 0             0            36             0
 Y3                 0             0             0             0
 X3P1               0             0             0             0
 X2P2               0             0             0            37
 X1P3               0             0             0            38


           THETA
              X1            X2            X3            M1            M2
              ________      ________      ________      ________      ________
 X1                39
 X2                 0            40
 X3                 0             0            41
 M1                 0             0             0            42
 M2                 0             0             0             0            43
 M3                 0             0             0             0             0
 M4                 0             0             0             0             0
 M5                 0             0             0             0             0
 M6                 0             0             0             0             0
 M7                 0             0             0             0             0
 M8                 0             0             0             0             0
 M9                 0             0             0             0             0
 M10                0             0             0             0             0
 M11                0             0             0             0             0
 M12                0             0             0             0             0
 Y1                 0             0             0             0             0
 Y2                 0             0             0             0             0
 Y3                 0             0             0             0             0
 X3P1               0             0             0             0             0
 X2P2               0             0             0             0             0
 X1P3               0             0             0             0             0


           THETA
              M3            M4            M5            M6            M7
              ________      ________      ________      ________      ________
 M3                44
 M4                 0            45
 M5                 0             0            46
 M6                 0             0             0            47
 M7                 0             0             0             0            48
 M8                 0             0             0             0             0
 M9                 0             0             0             0             0
 M10                0             0             0             0             0
 M11                0             0             0             0             0
 M12                0             0             0             0             0
 Y1                 0             0             0             0             0
 Y2                 0             0             0             0             0
 Y3                 0             0             0             0             0
 X3P1               0             0             0             0             0
 X2P2               0             0             0             0             0
 X1P3               0             0             0             0             0


           THETA
              M8            M9            M10           M11           M12
              ________      ________      ________      ________      ________
 M8                49
 M9                 0            50
 M10                0             0            51
 M11                0             0             0            52
 M12                0             0             0             0            53
 Y1                 0             0             0             0             0
 Y2                 0             0             0             0             0
 Y3                 0             0             0             0             0
 X3P1               0             0             0             0             0
 X2P2               0             0             0             0             0
 X1P3               0             0             0             0             0


           THETA
              Y1            Y2            Y3            X3P1          X2P2
              ________      ________      ________      ________      ________
 Y1                54
 Y2                 0            55
 Y3                 0             0            56
 X3P1               0             0             0            57
 X2P2               0             0             0             0            58
 X1P3               0             0             0             0             0


           THETA
              X1P3
              ________
 X1P3              59


           ALPHA
              X             M             Y             XM
              ________      ________      ________      ________
                  0             0             0             0


           BETA
              X             M             Y             XM
              ________      ________      ________      ________
 X                  0             0             0             0
 M                  0             0             0             0
 Y                 60            61             0            62
 XM                 0             0             0             0


           PSI
              X             M             Y             XM
              ________      ________      ________      ________
 X                 63
 M                 64            65
 Y                  0             0            66
 XM                67            68             0            69


     PARAMETER SPECIFICATION FOR THE ADDITIONAL PARAMETERS


           New/Additional Parameters
              VAR_Y         STD_B1        STD_B2        STD_B3
              ________      ________      ________      ________
                   70            71            72            73


     STARTING VALUES


           NU
              X1            X2            X3            M1            M2
              ________      ________      ________      ________      ________
                0.000         0.000         0.000         0.000         0.000


           NU
              M3            M4            M5            M6            M7
              ________      ________      ________      ________      ________
                0.000         0.000         0.000         0.000         0.000


           NU
              M8            M9            M10           M11           M12
              ________      ________      ________      ________      ________
                0.000         0.000         0.000         0.000         0.000


           NU
              Y1            Y2            Y3            X3P1          X2P2
              ________      ________      ________      ________      ________
                0.638         0.825         1.123         0.000         0.000


           NU
              X1P3
              ________
                0.000


           LAMBDA
              X             M             Y             XM
              ________      ________      ________      ________
 X1             0.562         0.000         0.000         0.000
 X2             0.518         0.000         0.000         0.000
 X3             1.000         0.000         0.000         0.000
 M1             0.000         1.300         0.000         0.000
 M2             0.000         0.898         0.000         0.000
 M3             0.000        -0.204         0.000         0.000
 M4             0.000         0.028         0.000         0.000
 M5             0.000         0.094         0.000         0.000
 M6             0.000         0.256         0.000         0.000
 M7             0.000         1.009         0.000         0.000
 M8             0.000         1.211         0.000         0.000
 M9             0.000         0.202         0.000         0.000
 M10            0.000         1.185         0.000         0.000
 M11            0.000         0.611         0.000         0.000
 M12            0.000         1.000         0.000         0.000
 Y1             0.000         0.000         0.575         0.000
 Y2             0.000         0.000         0.892         0.000
 Y3             0.000         0.000         1.000         0.000
 X3P1           0.000         0.000         0.000         1.000
 X2P2           0.000         0.000         0.000         1.000
 X1P3           0.000         0.000         0.000         1.000


           THETA
              X1            X2            X3            M1            M2
              ________      ________      ________      ________      ________
 X1             0.121
 X2             0.000         0.125
 X3             0.000         0.000         0.125
 M1             0.000         0.000         0.000         1.427
 M2             0.000         0.000         0.000         0.000         1.313
 M3             0.000         0.000         0.000         0.000         0.000
 M4             0.000         0.000         0.000         0.000         0.000
 M5             0.000         0.000         0.000         0.000         0.000
 M6             0.000         0.000         0.000         0.000         0.000
 M7             0.000         0.000         0.000         0.000         0.000
 M8             0.000         0.000         0.000         0.000         0.000
 M9             0.000         0.000         0.000         0.000         0.000
 M10            0.000         0.000         0.000         0.000         0.000
 M11            0.000         0.000         0.000         0.000         0.000
 M12            0.000         0.000         0.000         0.000         0.000
 Y1             0.000         0.000         0.000         0.000         0.000
 Y2             0.000         0.000         0.000         0.000         0.000
 Y3             0.000         0.000         0.000         0.000         0.000
 X3P1           0.000         0.000         0.000         0.000         0.000
 X2P2           0.000         0.000         0.000         0.000         0.000
 X1P3           0.000         0.000         0.000         0.000         0.000


           THETA
              M3            M4            M5            M6            M7
              ________      ________      ________      ________      ________
 M3             1.364
 M4             0.000         1.235
 M5             0.000         0.000         1.349
 M6             0.000         0.000         0.000         1.133
 M7             0.000         0.000         0.000         0.000         1.193
 M8             0.000         0.000         0.000         0.000         0.000
 M9             0.000         0.000         0.000         0.000         0.000
 M10            0.000         0.000         0.000         0.000         0.000
 M11            0.000         0.000         0.000         0.000         0.000
 M12            0.000         0.000         0.000         0.000         0.000
 Y1             0.000         0.000         0.000         0.000         0.000
 Y2             0.000         0.000         0.000         0.000         0.000
 Y3             0.000         0.000         0.000         0.000         0.000
 X3P1           0.000         0.000         0.000         0.000         0.000
 X2P2           0.000         0.000         0.000         0.000         0.000
 X1P3           0.000         0.000         0.000         0.000         0.000


           THETA
              M8            M9            M10           M11           M12
              ________      ________      ________      ________      ________
 M8             1.274
 M9             0.000         1.334
 M10            0.000         0.000         1.157
 M11            0.000         0.000         0.000         1.066
 M12            0.000         0.000         0.000         0.000         1.005
 Y1             0.000         0.000         0.000         0.000         0.000
 Y2             0.000         0.000         0.000         0.000         0.000
 Y3             0.000         0.000         0.000         0.000         0.000
 X3P1           0.000         0.000         0.000         0.000         0.000
 X2P2           0.000         0.000         0.000         0.000         0.000
 X1P3           0.000         0.000         0.000         0.000         0.000


           THETA
              Y1            Y2            Y3            X3P1          X2P2
              ________      ________      ________      ________      ________
 Y1             0.353
 Y2             0.000         0.530
 Y3             0.000         0.000         0.576
 X3P1           0.000         0.000         0.000         0.100
 X2P2           0.000         0.000         0.000         0.000         0.121
 X1P3           0.000         0.000         0.000         0.000         0.000


           THETA
              X1P3
              ________
 X1P3           0.085


           ALPHA
              X             M             Y             XM
              ________      ________      ________      ________
                0.000         0.000         0.000         0.000


           BETA
              X             M             Y             XM
              ________      ________      ________      ________
 X              0.000         0.000         0.000         0.000
 M              0.000         0.000         0.000         0.000
 Y              0.000         0.000         0.000         0.000
 XM             0.000         0.000         0.000         0.000


           PSI
              X             M             Y             XM
              ________      ________      ________      ________
 X              0.050
 M              0.000         0.050
 Y              0.000         0.000         0.050
 XM             0.000         0.000         0.000         0.050


     STARTING VALUES FOR THE ADDITIONAL PARAMETERS


           New/Additional Parameters
              VAR_Y         STD_B1        STD_B2        STD_B3
              ________      ________      ________      ________
                0.500         0.500         0.500         0.500


RESULTS SAVING INFORMATION

    Model estimation did not terminate normally.  No results were saved.

     Beginning Time:  16:32:07
        Ending Time:  16:32:20
       Elapsed Time:  00:00:13



MUTHEN & MUTHEN
3463 Stoner Ave.
Los Angeles, CA  90066

Tel: (310) 391-9971
Fax: (310) 391-8971
Web: www.StatModel.com
Support: Support@StatModel.com

Copyright (c) 1998-2022 Muthen & Muthen
