Mplus VERSION 8.8 (Mac)
MUTHEN & MUTHEN
07/27/2025   2:45 PM

INPUT INSTRUCTIONS


    TITLE: Parceling Unconstrained Product Indicator

    DATA:
      FILE = parcelupi_simdat_208.dat;
      FORMAT IS FREE;

    VARIABLE:
      NAMES = x1 x2 x3
      	    m1 m2 m3 m4 m5 m6
      	    m7 m8 m9 m10 m11 m12
      	    y1 y2 y3
      	    p1 p2 p3
      	    x3p1 x2p2 x1p3;
      USEVARIABLES = x1 x2 x3
      	    m1 m2 m3 m4 m5 m6
      	    m7 m8 m9 m10 m11 m12
      	    y1 y2 y3
      	    x3p1 x2p2 x1p3;

    ANALYSIS:
      TYPE = general;
      ESTIMATOR = MLR;
    MODEL:
      !measurement model
      X BY x3 x2 x1;
      X (var_X);
      M BY m12 m11 m10 m9 m8 m7 m6 m5 m4 m3 m2 m1;
      M (var_M);
      Y BY y3 y2 y1;
      Y (resvar_Y);
      XM BY x3p1 x2p2 x1p3;
      XM (var_XM);

      !covariances between predictors
      X WITH M (cov_XM);
      X WITH XM (cov_XXM);
      M WITH XM (cov_MXM);

      !structural model
      Y ON X (b1);
      Y ON M (b2);
      Y ON XM (b3);

    MODEL CONSTRAINT:

      NEW(var_Y std_b1 std_b2 std_b3);
      var_Y = resvar_Y +
       (b1^2 * var_X +
        b2^2 * var_M +
        b3^2 * var_XM +
        2 * b1 * b2 * cov_XM +
        2 * b1 * b3 * cov_XXM +
        2 * b2 * b3 * cov_MXM);

        std_b1 = b1 * sqrt(var_X) / sqrt(var_Y);
        std_b2 = b2 * sqrt(var_M) / sqrt(var_Y);
        std_b3 = b3 * sqrt(var_X) * sqrt(var_M) / sqrt(var_Y);

    OUTPUT:
      sampstat tech1 CINTERVAL;

    SAVEDATA:
      RESULTS = parcelupi_results_208.dat;




INPUT READING TERMINATED NORMALLY



Parceling Unconstrained Product Indicator

SUMMARY OF ANALYSIS

Number of groups                                                 1
Number of observations                                         100

Number of dependent variables                                   21
Number of independent variables                                  0
Number of continuous latent variables                            4

Observed dependent variables

  Continuous
   X1          X2          X3          M1          M2          M3
   M4          M5          M6          M7          M8          M9
   M10         M11         M12         Y1          Y2          Y3
   X3P1        X2P2        X1P3

Continuous latent variables
   X           M           Y           XM


Estimator                                                      MLR
Information matrix                                        OBSERVED
Maximum number of iterations                                  1000
Convergence criterion                                    0.500D-04
Maximum number of steepest descent iterations                   20

Input data file(s)
  parcelupi_simdat_208.dat

Input data format  FREE


SAMPLE STATISTICS


     SAMPLE STATISTICS


           Means
              X1            X2            X3            M1            M2
              ________      ________      ________      ________      ________
                0.000         0.000         0.000         0.000         0.000


           Means
              M3            M4            M5            M6            M7
              ________      ________      ________      ________      ________
                0.000         0.000         0.000         0.000         0.000


           Means
              M8            M9            M10           M11           M12
              ________      ________      ________      ________      ________
                0.000         0.000         0.000         0.000         0.000


           Means
              Y1            Y2            Y3            X3P1          X2P2
              ________      ________      ________      ________      ________
                0.738         0.858         1.017         0.000         0.000


           Means
              X1P3
              ________
                0.000


           Covariances
              X1            X2            X3            M1            M2
              ________      ________      ________      ________      ________
 X1             0.245
 X2             0.038         0.248
 X3             0.052         0.082         0.248
 M1             0.020        -0.036         0.026         2.680
 M2             0.078         0.043         0.157        -0.417         2.407
 M3            -0.013         0.026         0.084        -0.084        -0.215
 M4             0.054         0.058         0.172         0.462         0.377
 M5             0.087         0.092         0.088         0.006         0.392
 M6             0.093         0.198         0.172         0.284         0.088
 M7             0.020         0.070         0.090         0.470         0.380
 M8             0.091         0.121         0.049         0.357         0.515
 M9             0.006         0.047         0.113         0.329         0.156
 M10            0.097         0.156         0.124         0.466         0.385
 M11            0.058         0.025         0.045         0.123         0.424
 M12            0.046         0.069         0.071         0.499         0.193
 Y1            -0.026         0.021         0.058         0.097        -0.032
 Y2            -0.016         0.092         0.120        -0.221         0.201
 Y3            -0.044         0.062         0.153        -0.043         0.117
 X3P1           0.017        -0.015        -0.008        -0.070         0.030
 X2P2          -0.017         0.006        -0.006         0.029        -0.013
 X1P3          -0.007        -0.004         0.003        -0.034         0.017


           Covariances
              M3            M4            M5            M6            M7
              ________      ________      ________      ________      ________
 M3             2.410
 M4            -0.046         2.436
 M5            -0.036         0.052         2.618
 M6            -0.084         0.018         0.602         2.258
 M7            -0.230         0.050         0.310         0.350         2.560
 M8             0.231         0.275         0.714         0.776         0.650
 M9             0.032         0.135         0.283         0.327         0.550
 M10            0.030         0.304         0.454         0.656         0.610
 M11            0.218         0.363         0.225         0.475         0.320
 M12            0.145         0.141         0.466         0.524         0.710
 Y1            -0.102        -0.258         0.136         0.134         0.359
 Y2             0.155         0.162         0.417         0.270         0.364
 Y3             0.272         0.049         0.532         0.328         0.190
 X3P1           0.071        -0.053         0.049        -0.123        -0.033
 X2P2          -0.172        -0.037         0.032         0.012         0.103
 X1P3           0.088        -0.035         0.028         0.018        -0.010


           Covariances
              M8            M9            M10           M11           M12
              ________      ________      ________      ________      ________
 M8             2.322
 M9             0.643         2.194
 M10            0.701         0.592         2.190
 M11            1.159         0.330         0.628         1.946
 M12            0.906         0.578         0.815         0.462         2.148
 Y1             0.092         0.097         0.024         0.023         0.138
 Y2             0.382         0.093         0.239         0.431         0.411
 Y3             0.506         0.007         0.102         0.443         0.300
 X3P1           0.052         0.006        -0.097         0.032         0.016
 X2P2           0.014         0.026        -0.071         0.025         0.090
 X1P3          -0.024         0.058        -0.057        -0.056        -0.018


           Covariances
              Y1            Y2            Y3            X3P1          X2P2
              ________      ________      ________      ________      ________
 Y1             0.682
 Y2             0.372         1.058
 Y3             0.402         0.736         1.273
 X3P1           0.054        -0.008         0.024         0.206
 X2P2           0.038         0.049         0.089         0.045         0.247
 X1P3           0.001        -0.040         0.021         0.009         0.004


           Covariances
              X1P3
              ________
 X1P3           0.181


           Correlations
              X1            X2            X3            M1            M2
              ________      ________      ________      ________      ________
 X1             1.000
 X2             0.153         1.000
 X3             0.212         0.329         1.000
 M1             0.024        -0.044         0.031         1.000
 M2             0.102         0.056         0.203        -0.164         1.000
 M3            -0.017         0.034         0.109        -0.033        -0.089
 M4             0.070         0.074         0.222         0.181         0.156
 M5             0.109         0.114         0.110         0.002         0.156
 M6             0.125         0.265         0.229         0.116         0.038
 M7             0.025         0.088         0.113         0.179         0.153
 M8             0.121         0.160         0.064         0.143         0.218
 M9             0.008         0.063         0.153         0.136         0.068
 M10            0.132         0.212         0.168         0.192         0.168
 M11            0.085         0.036         0.064         0.054         0.196
 M12            0.063         0.094         0.097         0.208         0.085
 Y1            -0.065         0.051         0.140         0.072        -0.025
 Y2            -0.032         0.179         0.233        -0.131         0.126
 Y3            -0.078         0.111         0.271        -0.023         0.067
 X3P1           0.077        -0.064        -0.034        -0.095         0.042
 X2P2          -0.070         0.023        -0.025         0.036        -0.017
 X1P3          -0.033        -0.018         0.015        -0.048         0.026


           Correlations
              M3            M4            M5            M6            M7
              ________      ________      ________      ________      ________
 M3             1.000
 M4            -0.019         1.000
 M5            -0.014         0.021         1.000
 M6            -0.036         0.008         0.247         1.000
 M7            -0.093         0.020         0.120         0.146         1.000
 M8             0.098         0.115         0.289         0.339         0.267
 M9             0.014         0.058         0.118         0.147         0.232
 M10            0.013         0.132         0.190         0.295         0.258
 M11            0.101         0.167         0.100         0.227         0.143
 M12            0.064         0.062         0.197         0.238         0.303
 Y1            -0.079        -0.200         0.102         0.108         0.272
 Y2             0.097         0.101         0.250         0.175         0.221
 Y3             0.155         0.028         0.292         0.193         0.105
 X3P1           0.101        -0.074         0.067        -0.180        -0.046
 X2P2          -0.223        -0.047         0.039         0.016         0.129
 X1P3           0.133        -0.052         0.040         0.028        -0.015


           Correlations
              M8            M9            M10           M11           M12
              ________      ________      ________      ________      ________
 M8             1.000
 M9             0.285         1.000
 M10            0.311         0.270         1.000
 M11            0.545         0.160         0.304         1.000
 M12            0.406         0.266         0.376         0.226         1.000
 Y1             0.073         0.079         0.020         0.020         0.114
 Y2             0.244         0.061         0.157         0.301         0.272
 Y3             0.294         0.004         0.061         0.281         0.181
 X3P1           0.075         0.009        -0.144         0.050         0.025
 X2P2           0.019         0.036        -0.097         0.036         0.123
 X1P3          -0.037         0.091        -0.090        -0.094        -0.028


           Correlations
              Y1            Y2            Y3            X3P1          X2P2
              ________      ________      ________      ________      ________
 Y1             1.000
 Y2             0.438         1.000
 Y3             0.432         0.634         1.000
 X3P1           0.145        -0.017         0.046         1.000
 X2P2           0.093         0.095         0.158         0.198         1.000
 X1P3           0.002        -0.092         0.043         0.048         0.018


           Correlations
              X1P3
              ________
 X1P3           1.000


UNIVARIATE SAMPLE STATISTICS


     UNIVARIATE HIGHER-ORDER MOMENT DESCRIPTIVE STATISTICS

         Variable/         Mean/     Skewness/   Minimum/ % with                Percentiles
        Sample Size      Variance    Kurtosis    Maximum  Min/Max      20%/60%    40%/80%    Median

     X1                    0.000      -0.283      -0.570   43.00%      -0.570     -0.570      0.430
             100.000       0.245      -1.920       0.430   57.00%       0.430      0.430
     X2                    0.000       0.161      -0.460   54.00%      -0.460     -0.460     -0.460
             100.000       0.248      -1.974       0.540   46.00%       0.540      0.540
     X3                    0.000      -0.161      -0.540   46.00%      -0.540     -0.540      0.460
             100.000       0.248      -1.974       0.460   54.00%       0.460      0.460
     M1                    0.000       0.130      -1.860   34.00%      -1.860     -0.860      0.140
             100.000       2.680      -1.605       2.140   27.00%       0.140      2.140
     M2                    0.000       0.035      -1.950   27.00%      -1.950     -0.950      0.050
             100.000       2.407      -1.530       2.050   24.00%       1.050      2.050
     M3                    0.000       0.055      -1.900   30.00%      -1.900     -0.900      0.100
             100.000       2.410      -1.499       2.100   23.00%       0.100      2.100
     M4                    0.000       0.052      -1.940   28.00%      -1.940     -0.940      0.060
             100.000       2.436      -1.518       2.060   25.00%       1.060      2.060
     M5                    0.000      -0.036      -2.040   28.00%      -2.040     -1.040     -0.040
             100.000       2.618      -1.603       1.960   30.00%       0.960      1.960
     M6                    0.000       0.068      -1.960   24.00%      -1.960     -0.960      0.040
             100.000       2.258      -1.425       2.040   24.00%       0.040      2.040
     M7                    0.000       0.015      -2.000   28.00%      -2.000     -1.000      0.000
             100.000       2.560      -1.566       2.000   29.00%       1.000      2.000
     M8                    0.000       0.084      -1.910   27.00%      -1.910     -0.910      0.090
             100.000       2.322      -1.456       2.090   23.00%       0.090      2.090
     M9                    0.000       0.027      -1.920   26.00%      -1.920     -0.920      0.080
             100.000       2.194      -1.407       2.080   20.00%       0.080      1.080
     M10                   0.000       0.080      -1.900   26.00%      -1.900     -0.900      0.100
             100.000       2.190      -1.371       2.100   21.00%       0.100      2.100
     M11                   0.000       0.038      -1.880   24.00%      -1.880     -0.880      0.120
             100.000       1.946      -1.246       2.120   16.00%       0.120      1.120
     M12                   0.000       0.280      -1.850   23.00%      -1.850     -0.850      0.150
             100.000       2.148      -1.255       2.150   24.00%       0.150      2.150
     Y1                    0.738       0.177      -0.841    1.00%       0.012      0.575      0.745
             100.000       0.682      -0.458       2.654    1.00%       0.872      1.393
     Y2                    0.858      -0.077      -1.340    1.00%      -0.065      0.580      0.821
             100.000       1.058      -0.691       3.091    1.00%       1.152      1.785
     Y3                    1.017       0.005      -1.530    1.00%      -0.064      0.714      0.968
             100.000       1.273      -0.506       3.542    1.00%       1.326      2.041
     X3P1                  0.000       0.076      -0.964    1.00%      -0.424     -0.161     -0.019
             100.000       0.206      -0.953       0.926    1.00%       0.069      0.414
     X2P2                  0.000      -0.045      -1.016    1.00%      -0.556     -0.176      0.019
             100.000       0.247      -0.953       1.039    1.00%       0.229      0.479
     X1P3                  0.000       0.067      -1.081    1.00%      -0.368     -0.131     -0.023
             100.000       0.181      -0.369       1.057    1.00%       0.084      0.344


     THIS ANALYSIS MAY HAVE MULTIPLE SOLUTIONS.  EXPLORE THIS USING RANDOM STARTS,
     FOR EXAMPLE, STARTS = 20.  USE A LARGE ENOUGH NUMBER OF STARTS SO THAT THE
     BEST FIT FUNCTION VALUE IS REPLICATED SEVERAL TIMES.


THE MODEL ESTIMATION TERMINATED NORMALLY

     THE STANDARD ERRORS OF THE MODEL PARAMETER ESTIMATES MAY NOT BE
     TRUSTWORTHY FOR SOME PARAMETERS DUE TO A NON-POSITIVE DEFINITE
     FIRST-ORDER DERIVATIVE PRODUCT MATRIX.  THIS MAY BE DUE TO THE STARTING
     VALUES BUT MAY ALSO BE AN INDICATION OF MODEL NONIDENTIFICATION.  THE
     CONDITION NUMBER IS       0.374D-18.  PROBLEM INVOLVING THE FOLLOWING PARAMETER:
     Parameter 40, X2

     THIS IS MOST LIKELY DUE TO VARIABLE X1 BEING DICHOTOMOUS BUT
     DECLARED AS CONTINUOUS.




MODEL FIT INFORMATION

Number of Free Parameters                       69

Loglikelihood

          H0 Value                       -2915.378
          H0 Scaling Correction Factor      0.8577
            for MLR
          H1 Value                       -2829.534
          H1 Scaling Correction Factor      0.9581
            for MLR

Information Criteria

          Akaike (AIC)                    5968.756
          Bayesian (BIC)                  6148.512
          Sample-Size Adjusted BIC        5930.593
            (n* = (n + 2) / 24)

Chi-Square Test of Model Fit

          Value                            172.377*
          Degrees of Freedom                   183
          P-Value                           0.7024
          Scaling Correction Factor         0.9960
            for MLR

*   The chi-square value for MLM, MLMV, MLR, ULSMV, WLSM and WLSMV cannot be used
    for chi-square difference testing in the regular way.  MLM, MLR and WLSM
    chi-square difference testing is described on the Mplus website.  MLMV, WLSMV,
    and ULSMV difference testing is done using the DIFFTEST option.

RMSEA (Root Mean Square Error Of Approximation)

          Estimate                           0.000
          90 Percent C.I.                    0.000  0.036
          Probability RMSEA <= .05           0.995

CFI/TLI

          CFI                                1.000
          TLI                                1.000

Chi-Square Test of Model Fit for the Baseline Model

          Value                            417.608
          Degrees of Freedom                   210
          P-Value                           0.0000

SRMR (Standardized Root Mean Square Residual)

          Value                              0.068



MODEL RESULTS

                                                    Two-Tailed
                    Estimate       S.E.  Est./S.E.    P-Value

 X        BY
    X3                 1.000      0.000    999.000    999.000
    X2                 0.678      0.447      1.517      0.129
    X1                 0.394      0.264      1.494      0.135

 M        BY
    M12                1.000      0.000    999.000    999.000
    M11                0.974      0.307      3.175      0.001
    M10                0.963      0.213      4.525      0.000
    M9                 0.698      0.221      3.164      0.002
    M8                 1.373      0.327      4.194      0.000
    M7                 0.788      0.221      3.566      0.000
    M6                 0.837      0.246      3.408      0.001
    M5                 0.724      0.219      3.311      0.001
    M4                 0.345      0.250      1.379      0.168
    M3                 0.139      0.240      0.581      0.561
    M2                 0.506      0.248      2.040      0.041
    M1                 0.413      0.213      1.939      0.053

 Y        BY
    Y3                 1.000      0.000    999.000    999.000
    Y2                 0.923      0.159      5.818      0.000
    Y1                 0.489      0.110      4.439      0.000

 XM       BY
    X3P1               1.000      0.000    999.000    999.000
    X2P2               2.997      5.761      0.520      0.603
    X1P3               0.099      0.417      0.237      0.813

 Y        ON
    X                  0.675      0.383      1.760      0.078
    M                  0.364      0.170      2.142      0.032
    XM                 1.500      1.303      1.152      0.249

 X        WITH
    M                  0.107      0.050      2.149      0.032
    XM                -0.002      0.010     -0.224      0.823

 M        WITH
    XM                 0.006      0.019      0.317      0.751

 Intercepts
    X1                 0.000      0.050      0.000      1.000
    X2                 0.000      0.050      0.000      1.000
    X3                 0.000      0.050      0.000      1.000
    M1                 0.000      0.164      0.000      1.000
    M2                 0.000      0.155      0.000      1.000
    M3                 0.000      0.155      0.000      1.000
    M4                 0.000      0.156      0.000      1.000
    M5                 0.000      0.162      0.000      1.000
    M6                 0.000      0.150      0.000      1.000
    M7                 0.000      0.160      0.000      1.000
    M8                 0.000      0.152      0.000      1.000
    M9                 0.000      0.148      0.000      1.000
    M10                0.000      0.148      0.000      1.000
    M11                0.000      0.139      0.000      1.000
    M12                0.000      0.147      0.000      1.000
    Y1                 0.738      0.083      8.936      0.000
    Y2                 0.858      0.103      8.338      0.000
    Y3                 1.017      0.113      9.016      0.000
    X3P1               0.000      0.045      0.000      1.000
    X2P2               0.000      0.050      0.000      1.000
    X1P3               0.000      0.043      0.000      1.000

 Variances
    X                  0.124      0.084      1.480      0.139
    M                  0.676      0.251      2.687      0.007
    XM                 0.015      0.031      0.485      0.628

 Residual Variances
    X1                 0.226      0.020     11.299      0.000
    X2                 0.191      0.042      4.510      0.000
    X3                 0.124      0.084      1.479      0.139
    M1                 2.565      0.206     12.457      0.000
    M2                 2.234      0.209     10.676      0.000
    M3                 2.397      0.172     13.929      0.000
    M4                 2.356      0.186     12.690      0.000
    M5                 2.265      0.205     11.044      0.000
    M6                 1.785      0.244      7.326      0.000
    M7                 2.141      0.243      8.810      0.000
    M8                 1.049      0.244      4.305      0.000
    M9                 1.865      0.205      9.079      0.000
    M10                1.564      0.218      7.177      0.000
    M11                1.304      0.206      6.321      0.000
    M12                1.472      0.225      6.546      0.000
    Y1                 0.489      0.074      6.652      0.000
    Y2                 0.372      0.115      3.242      0.001
    Y3                 0.468      0.140      3.331      0.001
    X3P1               0.191      0.033      5.839      0.000
    X2P2               0.112      0.254      0.443      0.658
    X1P3               0.181      0.023      7.989      0.000
    Y                  0.571      0.178      3.200      0.001

New/Additional Parameters
    VAR_Y              0.805      0.201      4.001      0.000
    STD_B1             0.265      0.167      1.585      0.113
    STD_B2             0.333      0.141      2.363      0.018
    STD_B3             0.484      0.452      1.072      0.284


QUALITY OF NUMERICAL RESULTS

     Condition Number for the Information Matrix              0.101E-05
       (ratio of smallest to largest eigenvalue)


CONFIDENCE INTERVALS OF MODEL RESULTS

                  Lower .5%  Lower 2.5%    Lower 5%    Estimate    Upper 5%  Upper 2.5%   Upper .5%

 X        BY
    X3               1.000       1.000       1.000       1.000       1.000       1.000       1.000
    X2              -0.473      -0.198      -0.057       0.678       1.413       1.554       1.829
    X1              -0.285      -0.123      -0.040       0.394       0.828       0.911       1.074

 M        BY
    M12              1.000       1.000       1.000       1.000       1.000       1.000       1.000
    M11              0.184       0.373       0.469       0.974       1.479       1.576       1.765
    M10              0.415       0.546       0.613       0.963       1.313       1.380       1.511
    M9               0.130       0.265       0.335       0.698       1.060       1.130       1.266
    M8               0.530       0.731       0.834       1.373       1.911       2.014       2.216
    M7               0.219       0.355       0.424       0.788       1.151       1.221       1.357
    M6               0.204       0.356       0.433       0.837       1.241       1.318       1.469
    M5               0.161       0.295       0.364       0.724       1.083       1.152       1.287
    M4              -0.300      -0.145      -0.067       0.345       0.757       0.836       0.990
    M3              -0.479      -0.331      -0.255       0.139       0.534       0.609       0.757
    M2              -0.133       0.020       0.098       0.506       0.914       0.992       1.145
    M1              -0.136      -0.005       0.063       0.413       0.764       0.831       0.962

 Y        BY
    Y3               1.000       1.000       1.000       1.000       1.000       1.000       1.000
    Y2               0.514       0.612       0.662       0.923       1.184       1.234       1.332
    Y1               0.205       0.273       0.308       0.489       0.671       0.705       0.773

 XM       BY
    X3P1             1.000       1.000       1.000       1.000       1.000       1.000       1.000
    X2P2           -11.842      -8.294      -6.480       2.997      12.474      14.289      17.837
    X1P3            -0.976      -0.719      -0.588       0.099       0.785       0.917       1.174

 Y        ON
    X               -0.312      -0.077       0.044       0.675       1.305       1.426       1.662
    M               -0.074       0.031       0.084       0.364       0.643       0.697       0.802
    XM              -1.855      -1.053      -0.642       1.500       3.643       4.054       4.856

 X        WITH
    M               -0.021       0.009       0.025       0.107       0.190       0.205       0.236
    XM              -0.027      -0.021      -0.018      -0.002       0.014       0.017       0.023

 M        WITH
    XM              -0.042      -0.031      -0.025       0.006       0.037       0.043       0.054

 Intercepts
    X1              -0.128      -0.097      -0.081       0.000       0.081       0.097       0.128
    X2              -0.128      -0.098      -0.082       0.000       0.082       0.098       0.128
    X3              -0.128      -0.098      -0.082       0.000       0.082       0.098       0.128
    M1              -0.422      -0.321      -0.269       0.000       0.269       0.321       0.422
    M2              -0.400      -0.304      -0.255       0.000       0.255       0.304       0.400
    M3              -0.400      -0.304      -0.255       0.000       0.255       0.304       0.400
    M4              -0.402      -0.306      -0.257       0.000       0.257       0.306       0.402
    M5              -0.417      -0.317      -0.266       0.000       0.266       0.317       0.417
    M6              -0.387      -0.295      -0.247       0.000       0.247       0.295       0.387
    M7              -0.412      -0.314      -0.263       0.000       0.263       0.314       0.412
    M8              -0.392      -0.299      -0.251       0.000       0.251       0.299       0.392
    M9              -0.381      -0.290      -0.244       0.000       0.244       0.290       0.381
    M10             -0.381      -0.290      -0.243       0.000       0.243       0.290       0.381
    M11             -0.359      -0.273      -0.229       0.000       0.229       0.273       0.359
    M12             -0.377      -0.287      -0.241       0.000       0.241       0.287       0.377
    Y1               0.525       0.576       0.602       0.738       0.874       0.900       0.951
    Y2               0.593       0.656       0.688       0.858       1.027       1.059       1.123
    Y3               0.727       0.796       0.832       1.017       1.203       1.238       1.308
    X3P1            -0.117      -0.089      -0.075       0.000       0.075       0.089       0.117
    X2P2            -0.128      -0.097      -0.082       0.000       0.082       0.097       0.128
    X1P3            -0.110      -0.083      -0.070       0.000       0.070       0.083       0.110

 Variances
    X               -0.092      -0.040      -0.014       0.124       0.262       0.289       0.340
    M                0.028       0.183       0.262       0.676       1.089       1.168       1.323
    XM              -0.065      -0.046      -0.036       0.015       0.066       0.076       0.095

 Residual Variances
    X1               0.174       0.187       0.193       0.226       0.259       0.265       0.277
    X2               0.082       0.108       0.122       0.191       0.261       0.274       0.301
    X3              -0.092      -0.040      -0.014       0.124       0.262       0.289       0.341
    M1               2.035       2.161       2.226       2.565       2.904       2.969       3.095
    M2               1.695       1.824       1.890       2.234       2.579       2.645       2.774
    M3               1.954       2.060       2.114       2.397       2.680       2.734       2.840
    M4               1.878       1.992       2.050       2.356       2.661       2.720       2.834
    M5               1.736       1.863       1.927       2.265       2.602       2.667       2.793
    M6               1.158       1.308       1.384       1.785       2.186       2.263       2.413
    M7               1.515       1.665       1.741       2.141       2.541       2.617       2.767
    M8               0.421       0.571       0.648       1.049       1.449       1.526       1.676
    M9               1.336       1.462       1.527       1.865       2.203       2.267       2.394
    M10              1.003       1.137       1.205       1.564       1.922       1.991       2.125
    M11              0.773       0.900       0.965       1.304       1.644       1.709       1.836
    M12              0.893       1.031       1.102       1.472       1.842       1.913       2.051
    Y1               0.300       0.345       0.368       0.489       0.610       0.633       0.678
    Y2               0.077       0.147       0.183       0.372       0.561       0.597       0.668
    Y3               0.106       0.193       0.237       0.468       0.699       0.743       0.829
    X3P1             0.107       0.127       0.137       0.191       0.245       0.256       0.276
    X2P2            -0.541      -0.385      -0.305       0.112       0.530       0.610       0.766
    X1P3             0.123       0.137       0.144       0.181       0.218       0.226       0.240
    Y                0.111       0.221       0.277       0.571       0.864       0.920       1.030

New/Additional Parameters
    VAR_Y            0.287       0.411       0.474       0.805       1.136       1.200       1.324
    STD_B1          -0.166      -0.063      -0.010       0.265       0.540       0.592       0.695
    STD_B2          -0.030       0.057       0.101       0.333       0.565       0.610       0.697
    STD_B3          -0.679      -0.401      -0.259       0.484       1.227       1.369       1.648


TECHNICAL 1 OUTPUT


     PARAMETER SPECIFICATION


           NU
              X1            X2            X3            M1            M2
              ________      ________      ________      ________      ________
                  1             2             3             4             5


           NU
              M3            M4            M5            M6            M7
              ________      ________      ________      ________      ________
                  6             7             8             9            10


           NU
              M8            M9            M10           M11           M12
              ________      ________      ________      ________      ________
                 11            12            13            14            15


           NU
              Y1            Y2            Y3            X3P1          X2P2
              ________      ________      ________      ________      ________
                 16            17            18            19            20


           NU
              X1P3
              ________
                 21


           LAMBDA
              X             M             Y             XM
              ________      ________      ________      ________
 X1                22             0             0             0
 X2                23             0             0             0
 X3                 0             0             0             0
 M1                 0            24             0             0
 M2                 0            25             0             0
 M3                 0            26             0             0
 M4                 0            27             0             0
 M5                 0            28             0             0
 M6                 0            29             0             0
 M7                 0            30             0             0
 M8                 0            31             0             0
 M9                 0            32             0             0
 M10                0            33             0             0
 M11                0            34             0             0
 M12                0             0             0             0
 Y1                 0             0            35             0
 Y2                 0             0            36             0
 Y3                 0             0             0             0
 X3P1               0             0             0             0
 X2P2               0             0             0            37
 X1P3               0             0             0            38


           THETA
              X1            X2            X3            M1            M2
              ________      ________      ________      ________      ________
 X1                39
 X2                 0            40
 X3                 0             0            41
 M1                 0             0             0            42
 M2                 0             0             0             0            43
 M3                 0             0             0             0             0
 M4                 0             0             0             0             0
 M5                 0             0             0             0             0
 M6                 0             0             0             0             0
 M7                 0             0             0             0             0
 M8                 0             0             0             0             0
 M9                 0             0             0             0             0
 M10                0             0             0             0             0
 M11                0             0             0             0             0
 M12                0             0             0             0             0
 Y1                 0             0             0             0             0
 Y2                 0             0             0             0             0
 Y3                 0             0             0             0             0
 X3P1               0             0             0             0             0
 X2P2               0             0             0             0             0
 X1P3               0             0             0             0             0


           THETA
              M3            M4            M5            M6            M7
              ________      ________      ________      ________      ________
 M3                44
 M4                 0            45
 M5                 0             0            46
 M6                 0             0             0            47
 M7                 0             0             0             0            48
 M8                 0             0             0             0             0
 M9                 0             0             0             0             0
 M10                0             0             0             0             0
 M11                0             0             0             0             0
 M12                0             0             0             0             0
 Y1                 0             0             0             0             0
 Y2                 0             0             0             0             0
 Y3                 0             0             0             0             0
 X3P1               0             0             0             0             0
 X2P2               0             0             0             0             0
 X1P3               0             0             0             0             0


           THETA
              M8            M9            M10           M11           M12
              ________      ________      ________      ________      ________
 M8                49
 M9                 0            50
 M10                0             0            51
 M11                0             0             0            52
 M12                0             0             0             0            53
 Y1                 0             0             0             0             0
 Y2                 0             0             0             0             0
 Y3                 0             0             0             0             0
 X3P1               0             0             0             0             0
 X2P2               0             0             0             0             0
 X1P3               0             0             0             0             0


           THETA
              Y1            Y2            Y3            X3P1          X2P2
              ________      ________      ________      ________      ________
 Y1                54
 Y2                 0            55
 Y3                 0             0            56
 X3P1               0             0             0            57
 X2P2               0             0             0             0            58
 X1P3               0             0             0             0             0


           THETA
              X1P3
              ________
 X1P3              59


           ALPHA
              X             M             Y             XM
              ________      ________      ________      ________
                  0             0             0             0


           BETA
              X             M             Y             XM
              ________      ________      ________      ________
 X                  0             0             0             0
 M                  0             0             0             0
 Y                 60            61             0            62
 XM                 0             0             0             0


           PSI
              X             M             Y             XM
              ________      ________      ________      ________
 X                 63
 M                 64            65
 Y                  0             0            66
 XM                67            68             0            69


     PARAMETER SPECIFICATION FOR THE ADDITIONAL PARAMETERS


           New/Additional Parameters
              VAR_Y         STD_B1        STD_B2        STD_B3
              ________      ________      ________      ________
                   70            71            72            73


     STARTING VALUES


           NU
              X1            X2            X3            M1            M2
              ________      ________      ________      ________      ________
                0.000         0.000         0.000         0.000         0.000


           NU
              M3            M4            M5            M6            M7
              ________      ________      ________      ________      ________
                0.000         0.000         0.000         0.000         0.000


           NU
              M8            M9            M10           M11           M12
              ________      ________      ________      ________      ________
                0.000         0.000         0.000         0.000         0.000


           NU
              Y1            Y2            Y3            X3P1          X2P2
              ________      ________      ________      ________      ________
                0.738         0.858         1.017         0.000         0.000


           NU
              X1P3
              ________
                0.000


           LAMBDA
              X             M             Y             XM
              ________      ________      ________      ________
 X1             0.463         0.000         0.000         0.000
 X2             0.724         0.000         0.000         0.000
 X3             1.000         0.000         0.000         0.000
 M1             0.000         1.334         0.000         0.000
 M2             0.000         0.680         0.000         0.000
 M3             0.000         0.129         0.000         0.000
 M4             0.000        -0.010         0.000         0.000
 M5             0.000         0.413         0.000         0.000
 M6             0.000         0.665         0.000         0.000
 M7             0.000         0.666         0.000         0.000
 M8             0.000         0.720         0.000         0.000
 M9             0.000         0.769         0.000         0.000
 M10            0.000         0.836         0.000         0.000
 M11            0.000         0.667         0.000         0.000
 M12            0.000         1.000         0.000         0.000
 Y1             0.000         0.000         0.505         0.000
 Y2             0.000         0.000         0.925         0.000
 Y3             0.000         0.000         1.000         0.000
 X3P1           0.000         0.000         0.000         1.000
 X2P2           0.000         0.000         0.000         0.418
 X1P3           0.000         0.000         0.000         0.086


           THETA
              X1            X2            X3            M1            M2
              ________      ________      ________      ________      ________
 X1             0.123
 X2             0.000         0.124
 X3             0.000         0.000         0.124
 M1             0.000         0.000         0.000         1.340
 M2             0.000         0.000         0.000         0.000         1.204
 M3             0.000         0.000         0.000         0.000         0.000
 M4             0.000         0.000         0.000         0.000         0.000
 M5             0.000         0.000         0.000         0.000         0.000
 M6             0.000         0.000         0.000         0.000         0.000
 M7             0.000         0.000         0.000         0.000         0.000
 M8             0.000         0.000         0.000         0.000         0.000
 M9             0.000         0.000         0.000         0.000         0.000
 M10            0.000         0.000         0.000         0.000         0.000
 M11            0.000         0.000         0.000         0.000         0.000
 M12            0.000         0.000         0.000         0.000         0.000
 Y1             0.000         0.000         0.000         0.000         0.000
 Y2             0.000         0.000         0.000         0.000         0.000
 Y3             0.000         0.000         0.000         0.000         0.000
 X3P1           0.000         0.000         0.000         0.000         0.000
 X2P2           0.000         0.000         0.000         0.000         0.000
 X1P3           0.000         0.000         0.000         0.000         0.000


           THETA
              M3            M4            M5            M6            M7
              ________      ________      ________      ________      ________
 M3             1.205
 M4             0.000         1.218
 M5             0.000         0.000         1.309
 M6             0.000         0.000         0.000         1.129
 M7             0.000         0.000         0.000         0.000         1.280
 M8             0.000         0.000         0.000         0.000         0.000
 M9             0.000         0.000         0.000         0.000         0.000
 M10            0.000         0.000         0.000         0.000         0.000
 M11            0.000         0.000         0.000         0.000         0.000
 M12            0.000         0.000         0.000         0.000         0.000
 Y1             0.000         0.000         0.000         0.000         0.000
 Y2             0.000         0.000         0.000         0.000         0.000
 Y3             0.000         0.000         0.000         0.000         0.000
 X3P1           0.000         0.000         0.000         0.000         0.000
 X2P2           0.000         0.000         0.000         0.000         0.000
 X1P3           0.000         0.000         0.000         0.000         0.000


           THETA
              M8            M9            M10           M11           M12
              ________      ________      ________      ________      ________
 M8             1.161
 M9             0.000         1.097
 M10            0.000         0.000         1.095
 M11            0.000         0.000         0.000         0.973
 M12            0.000         0.000         0.000         0.000         1.074
 Y1             0.000         0.000         0.000         0.000         0.000
 Y2             0.000         0.000         0.000         0.000         0.000
 Y3             0.000         0.000         0.000         0.000         0.000
 X3P1           0.000         0.000         0.000         0.000         0.000
 X2P2           0.000         0.000         0.000         0.000         0.000
 X1P3           0.000         0.000         0.000         0.000         0.000


           THETA
              Y1            Y2            Y3            X3P1          X2P2
              ________      ________      ________      ________      ________
 Y1             0.341
 Y2             0.000         0.529
 Y3             0.000         0.000         0.637
 X3P1           0.000         0.000         0.000         0.103
 X2P2           0.000         0.000         0.000         0.000         0.123
 X1P3           0.000         0.000         0.000         0.000         0.000


           THETA
              X1P3
              ________
 X1P3           0.091


           ALPHA
              X             M             Y             XM
              ________      ________      ________      ________
                0.000         0.000         0.000         0.000


           BETA
              X             M             Y             XM
              ________      ________      ________      ________
 X              0.000         0.000         0.000         0.000
 M              0.000         0.000         0.000         0.000
 Y              0.000         0.000         0.000         0.000
 XM             0.000         0.000         0.000         0.000


           PSI
              X             M             Y             XM
              ________      ________      ________      ________
 X              0.050
 M              0.000         0.050
 Y              0.000         0.000         0.050
 XM             0.000         0.000         0.000         0.050


     STARTING VALUES FOR THE ADDITIONAL PARAMETERS


           New/Additional Parameters
              VAR_Y         STD_B1        STD_B2        STD_B3
              ________      ________      ________      ________
                0.500         0.500         0.500         0.500


RESULTS SAVING INFORMATION

  Order of data

    Parameter estimates
     (saved in order shown in Technical 1 output)
    Standard errors
     (saved in order shown in Technical 1 output)
    Number of Free Parameters
    H0 Loglikelihood
    H0 Scaling Correction Factor for MLR
    H1 Loglikelihood
    H1 Scaling Correction Factor for MLR
    Akaike (AIC)
    Bayesian (BIC)
    Sample-Size Adjusted BIC
    Chi-square : Value
    Chi-square : Degrees of Freedom
    Chi-square : P-Value
    Chi-square : Scaling Correction Factor for MLR/MLM/WLSM
    CFI
    TLI
    RMSEA : Estimate
    RMSEA : Low CI
    RMSEA : High CI
    RMSEA : Probability
    SRMR
    Condition Number

  Save file
    parcelupi_results_208.dat

  Save file format           Free


     Beginning Time:  14:45:11
        Ending Time:  14:45:13
       Elapsed Time:  00:00:02



MUTHEN & MUTHEN
3463 Stoner Ave.
Los Angeles, CA  90066

Tel: (310) 391-9971
Fax: (310) 391-8971
Web: www.StatModel.com
Support: Support@StatModel.com

Copyright (c) 1998-2022 Muthen & Muthen
