Mplus VERSION 8.8 (Mac)
MUTHEN & MUTHEN
07/27/2025   6:10 PM

INPUT INSTRUCTIONS


    TITLE: Parceling Unconstrained Product Indicator

    DATA:
      FILE = parcelupi_simdat_629.dat;
      FORMAT IS FREE;

    VARIABLE:
      NAMES = x1 x2 x3
      	    m1 m2 m3 m4 m5 m6
      	    m7 m8 m9 m10 m11 m12
      	    y1 y2 y3
      	    p1 p2 p3
      	    x3p1 x2p2 x1p3;
      USEVARIABLES = x1 x2 x3
      	    m1 m2 m3 m4 m5 m6
      	    m7 m8 m9 m10 m11 m12
      	    y1 y2 y3
      	    x3p1 x2p2 x1p3;

    ANALYSIS:
      TYPE = general;
      ESTIMATOR = MLR;
    MODEL:
      !measurement model
      X BY x3 x2 x1;
      X (var_X);
      M BY m12 m11 m10 m9 m8 m7 m6 m5 m4 m3 m2 m1;
      M (var_M);
      Y BY y3 y2 y1;
      Y (resvar_Y);
      XM BY x3p1 x2p2 x1p3;
      XM (var_XM);

      !covariances between predictors
      X WITH M (cov_XM);
      X WITH XM (cov_XXM);
      M WITH XM (cov_MXM);

      !structural model
      Y ON X (b1);
      Y ON M (b2);
      Y ON XM (b3);

    MODEL CONSTRAINT:

      NEW(var_Y std_b1 std_b2 std_b3);
      var_Y = resvar_Y +
       (b1^2 * var_X +
        b2^2 * var_M +
        b3^2 * var_XM +
        2 * b1 * b2 * cov_XM +
        2 * b1 * b3 * cov_XXM +
        2 * b2 * b3 * cov_MXM);

        std_b1 = b1 * sqrt(var_X) / sqrt(var_Y);
        std_b2 = b2 * sqrt(var_M) / sqrt(var_Y);
        std_b3 = b3 * sqrt(var_X) * sqrt(var_M) / sqrt(var_Y);

    OUTPUT:
      sampstat tech1 CINTERVAL;

    SAVEDATA:
      RESULTS = parcelupi_results_629.dat;




INPUT READING TERMINATED NORMALLY



Parceling Unconstrained Product Indicator

SUMMARY OF ANALYSIS

Number of groups                                                 1
Number of observations                                         100

Number of dependent variables                                   21
Number of independent variables                                  0
Number of continuous latent variables                            4

Observed dependent variables

  Continuous
   X1          X2          X3          M1          M2          M3
   M4          M5          M6          M7          M8          M9
   M10         M11         M12         Y1          Y2          Y3
   X3P1        X2P2        X1P3

Continuous latent variables
   X           M           Y           XM


Estimator                                                      MLR
Information matrix                                        OBSERVED
Maximum number of iterations                                  1000
Convergence criterion                                    0.500D-04
Maximum number of steepest descent iterations                   20

Input data file(s)
  parcelupi_simdat_629.dat

Input data format  FREE


SAMPLE STATISTICS


     SAMPLE STATISTICS


           Means
              X1            X2            X3            M1            M2
              ________      ________      ________      ________      ________
                0.000         0.000         0.000         0.000         0.000


           Means
              M3            M4            M5            M6            M7
              ________      ________      ________      ________      ________
                0.000         0.000         0.000         0.000         0.000


           Means
              M8            M9            M10           M11           M12
              ________      ________      ________      ________      ________
                0.000         0.000         0.000         0.000         0.000


           Means
              Y1            Y2            Y3            X3P1          X2P2
              ________      ________      ________      ________      ________
                0.623         0.700         0.967         0.000         0.000


           Means
              X1P3
              ________
                0.000


           Covariances
              X1            X2            X3            M1            M2
              ________      ________      ________      ________      ________
 X1             0.250
 X2             0.056         0.249
 X3             0.085         0.060         0.250
 M1             0.159        -0.006         0.058         2.366
 M2            -0.088         0.004        -0.079         0.167         2.553
 M3            -0.036        -0.144         0.035         0.181         0.311
 M4             0.135         0.095        -0.085         0.317         0.174
 M5            -0.006         0.014         0.218         0.038         0.386
 M6             0.025         0.075         0.205         0.717         0.154
 M7             0.024        -0.025         0.078         0.102         0.333
 M8             0.062         0.059         0.236         0.077        -0.014
 M9             0.078         0.134         0.121        -0.115         0.484
 M10            0.038         0.132         0.101         0.157         0.370
 M11           -0.033         0.114         0.071        -0.101         0.432
 M12            0.080         0.061         0.090         0.614         0.587
 Y1             0.071         0.086         0.146        -0.119        -0.251
 Y2            -0.017         0.073         0.062         0.123         0.107
 Y3             0.067         0.202         0.020         0.061         0.297
 X3P1           0.033         0.014         0.001         0.017        -0.067
 X2P2           0.006         0.003         0.057        -0.116         0.009
 X1P3          -0.001        -0.001         0.019        -0.052         0.046


           Covariances
              M3            M4            M5            M6            M7
              ________      ________      ________      ________      ________
 M3             2.509
 M4             0.290         2.850
 M5             0.366        -0.288         2.540
 M6             0.530         0.570         0.122         2.790
 M7             0.065         0.532         0.394         0.482         2.408
 M8             0.635         0.498         0.280         0.458         0.287
 M9            -0.044         1.009         0.294         0.339         0.332
 M10            0.218         0.669         0.516         0.599         0.464
 M11            0.526         0.559         0.438         0.329         0.135
 M12            0.439         0.750         0.554         0.540         0.604
 Y1            -0.082         0.049         0.179         0.164        -0.014
 Y2            -0.026         0.025         0.251         0.112         0.073
 Y3            -0.258         0.305         0.282         0.149         0.086
 X3P1          -0.078         0.027         0.040        -0.109        -0.050
 X2P2           0.066        -0.114         0.113        -0.050        -0.092
 X1P3          -0.063        -0.051        -0.116         0.001        -0.048


           Covariances
              M8            M9            M10           M11           M12
              ________      ________      ________      ________      ________
 M8             2.587
 M9             0.432         2.286
 M10            0.658         0.530         2.574
 M11            0.709         0.723         0.769         2.300
 M12            0.977         0.748         0.748         1.057         2.320
 Y1             0.098        -0.088         0.207         0.066         0.125
 Y2             0.105        -0.063         0.212         0.131         0.250
 Y3             0.138         0.197         0.278         0.273         0.583
 X3P1          -0.059         0.104        -0.117        -0.061         0.040
 X2P2           0.116         0.090         0.064         0.093         0.028
 X1P3          -0.067         0.010        -0.113        -0.092        -0.132


           Covariances
              Y1            Y2            Y3            X3P1          X2P2
              ________      ________      ________      ________      ________
 Y1             0.697
 Y2             0.250         0.954
 Y3             0.331         0.779         1.431
 X3P1          -0.020        -0.012         0.070         0.256
 X2P2          -0.026         0.012        -0.020         0.010         0.228
 X1P3          -0.027        -0.086         0.018         0.045         0.021


           Covariances
              X1P3
              ________
 X1P3           0.236


           Correlations
              X1            X2            X3            M1            M2
              ________      ________      ________      ________      ________
 X1             1.000
 X2             0.223         1.000
 X3             0.341         0.239         1.000
 M1             0.207        -0.008         0.075         1.000
 M2            -0.110         0.005        -0.099         0.068         1.000
 M3            -0.045        -0.182         0.045         0.074         0.123
 M4             0.160         0.113        -0.101         0.122         0.064
 M5            -0.008         0.018         0.274         0.016         0.152
 M6             0.030         0.090         0.246         0.279         0.058
 M7             0.030        -0.033         0.101         0.043         0.134
 M8             0.077         0.074         0.294         0.031        -0.006
 M9             0.103         0.177         0.160        -0.049         0.201
 M10            0.048         0.165         0.126         0.064         0.144
 M11           -0.043         0.151         0.094        -0.043         0.178
 M12            0.105         0.080         0.118         0.262         0.241
 Y1             0.169         0.207         0.349        -0.092        -0.188
 Y2            -0.035         0.149         0.127         0.082         0.069
 Y3             0.112         0.338         0.033         0.033         0.155
 X3P1           0.132         0.056         0.004         0.022        -0.083
 X2P2           0.026         0.012         0.238        -0.158         0.012
 X1P3          -0.002        -0.006         0.079        -0.070         0.060


           Correlations
              M3            M4            M5            M6            M7
              ________      ________      ________      ________      ________
 M3             1.000
 M4             0.108         1.000
 M5             0.145        -0.107         1.000
 M6             0.200         0.202         0.046         1.000
 M7             0.027         0.203         0.159         0.186         1.000
 M8             0.249         0.184         0.109         0.171         0.115
 M9            -0.018         0.395         0.122         0.134         0.141
 M10            0.086         0.247         0.202         0.224         0.187
 M11            0.219         0.218         0.181         0.130         0.057
 M12            0.182         0.292         0.228         0.212         0.255
 Y1            -0.062         0.035         0.135         0.118        -0.011
 Y2            -0.017         0.015         0.161         0.068         0.048
 Y3            -0.136         0.151         0.148         0.074         0.046
 X3P1          -0.097         0.032         0.050        -0.129        -0.064
 X2P2           0.087        -0.142         0.149        -0.062        -0.124
 X1P3          -0.081        -0.062        -0.150         0.001        -0.064


           Correlations
              M8            M9            M10           M11           M12
              ________      ________      ________      ________      ________
 M8             1.000
 M9             0.178         1.000
 M10            0.255         0.219         1.000
 M11            0.291         0.315         0.316         1.000
 M12            0.399         0.325         0.306         0.458         1.000
 Y1             0.073        -0.069         0.154         0.052         0.099
 Y2             0.067        -0.042         0.136         0.089         0.168
 Y3             0.072         0.109         0.145         0.151         0.320
 X3P1          -0.073         0.135        -0.144        -0.080         0.052
 X2P2           0.151         0.125         0.083         0.128         0.039
 X1P3          -0.086         0.014        -0.146        -0.125        -0.178


           Correlations
              Y1            Y2            Y3            X3P1          X2P2
              ________      ________      ________      ________      ________
 Y1             1.000
 Y2             0.306         1.000
 Y3             0.331         0.667         1.000
 X3P1          -0.048        -0.024         0.115         1.000
 X2P2          -0.066         0.027        -0.035         0.043         1.000
 X1P3          -0.066        -0.181         0.032         0.184         0.089


           Correlations
              X1P3
              ________
 X1P3           1.000


UNIVARIATE SAMPLE STATISTICS


     UNIVARIATE HIGHER-ORDER MOMENT DESCRIPTIVE STATISTICS

         Variable/         Mean/     Skewness/   Minimum/ % with                Percentiles
        Sample Size      Variance    Kurtosis    Maximum  Min/Max      20%/60%    40%/80%    Median

     X1                    0.000      -0.080      -0.520   48.00%      -0.520     -0.520      0.480
             100.000       0.250      -1.994       0.480   52.00%       0.480      0.480
     X2                    0.000       0.120      -0.470   53.00%      -0.470     -0.470     -0.470
             100.000       0.249      -1.986       0.530   47.00%       0.530      0.530
     X3                    0.000       0.040      -0.490   51.00%      -0.490     -0.490     -0.490
             100.000       0.250      -1.998       0.510   49.00%       0.510      0.510
     M1                    0.000      -0.229      -2.290   19.00%      -1.290     -0.290     -0.290
             100.000       2.366      -1.447       1.710   35.00%       0.710      1.710
     M2                    0.000       0.352      -1.630   39.00%      -1.630     -0.630     -0.630
             100.000       2.553      -1.482       2.370   21.00%       0.370      2.370
     M3                    0.000      -0.049      -2.030   27.00%      -2.030     -1.030     -0.030
             100.000       2.509      -1.570       1.970   27.00%       0.970      1.970
     M4                    0.000      -0.066      -2.010   34.00%      -2.010     -1.010     -0.010
             100.000       2.850      -1.702       1.990   30.00%       0.990      1.990
     M5                    0.000       0.196      -1.800   33.00%      -1.800     -0.800      0.200
             100.000       2.540      -1.536       2.200   24.00%       0.200      2.200
     M6                    0.000       0.010      -2.010   31.00%      -2.010     -1.010     -0.010
             100.000       2.790      -1.655       1.990   33.00%       0.990      1.990
     M7                    0.000       0.109      -1.820   33.00%      -1.820     -0.820      0.180
             100.000       2.408      -1.492       2.180   21.00%       0.180      2.180
     M8                    0.000      -0.158      -2.150   26.00%      -2.150     -0.150     -0.150
             100.000       2.588      -1.564       1.850   32.00%       0.850      1.850
     M9                    0.000      -0.065      -2.120   21.00%      -2.120     -0.120     -0.120
             100.000       2.286      -1.428       1.880   29.00%       0.880      1.880
     M10                   0.000      -0.058      -2.080   26.00%      -2.080     -1.080     -0.080
             100.000       2.574      -1.581       1.920   31.00%       0.920      1.920
     M11                   0.000      -0.169      -2.140   23.00%      -2.140     -0.140     -0.140
             100.000       2.300      -1.417       1.860   27.00%       0.860      1.860
     M12                   0.000      -0.051      -2.020   25.00%      -2.020     -1.020     -0.020
             100.000       2.320      -1.474       1.980   24.00%       0.980      1.980
     Y1                    0.623       0.136      -1.483    1.00%      -0.033      0.361      0.620
             100.000       0.697       0.130       2.985    1.00%       0.829      1.239
     Y2                    0.700      -0.093      -1.683    1.00%      -0.149      0.511      0.788
             100.000       0.954      -0.179       3.402    1.00%       0.984      1.434
     Y3                    0.967       0.136      -1.567    1.00%      -0.063      0.628      0.954
             100.000       1.431      -0.648       3.668    1.00%       1.131      2.005
     X3P1                  0.000       0.056      -0.995    2.00%      -0.360     -0.230     -0.047
             100.000       0.256      -0.755       0.988    1.00%       0.025      0.498
     X2P2                  0.000      -0.086      -1.071    1.00%      -0.433     -0.081      0.013
             100.000       0.228      -0.520       1.049    1.00%       0.154      0.389
     X1P3                  0.000       0.062      -1.061    1.00%      -0.411     -0.151     -0.013
             100.000       0.236      -0.700       1.019    3.00%       0.114      0.474


     THIS ANALYSIS MAY HAVE MULTIPLE SOLUTIONS.  EXPLORE THIS USING RANDOM STARTS,
     FOR EXAMPLE, STARTS = 20.  USE A LARGE ENOUGH NUMBER OF STARTS SO THAT THE
     BEST FIT FUNCTION VALUE IS REPLICATED SEVERAL TIMES.


THE MODEL ESTIMATION TERMINATED NORMALLY

     THE STANDARD ERRORS OF THE MODEL PARAMETER ESTIMATES MAY NOT BE
     TRUSTWORTHY FOR SOME PARAMETERS DUE TO A NON-POSITIVE DEFINITE
     FIRST-ORDER DERIVATIVE PRODUCT MATRIX.  THIS MAY BE DUE TO THE STARTING
     VALUES BUT MAY ALSO BE AN INDICATION OF MODEL NONIDENTIFICATION.  THE
     CONDITION NUMBER IS      -0.138D-15.  PROBLEM INVOLVING THE FOLLOWING PARAMETER:
     Parameter 40, X2

     THIS IS MOST LIKELY DUE TO VARIABLE X1 BEING DICHOTOMOUS BUT
     DECLARED AS CONTINUOUS.




MODEL FIT INFORMATION

Number of Free Parameters                       69

Loglikelihood

          H0 Value                       -2985.452
          H0 Scaling Correction Factor      0.9692
            for MLR
          H1 Value                       -2868.718
          H1 Scaling Correction Factor      0.9540
            for MLR

Information Criteria

          Akaike (AIC)                    6108.905
          Bayesian (BIC)                  6288.662
          Sample-Size Adjusted BIC        6070.742
            (n* = (n + 2) / 24)

Chi-Square Test of Model Fit

          Value                            246.224*
          Degrees of Freedom                   183
          P-Value                           0.0013
          Scaling Correction Factor         0.9482
            for MLR

*   The chi-square value for MLM, MLMV, MLR, ULSMV, WLSM and WLSMV cannot be used
    for chi-square difference testing in the regular way.  MLM, MLR and WLSM
    chi-square difference testing is described on the Mplus website.  MLMV, WLSMV,
    and ULSMV difference testing is done using the DIFFTEST option.

RMSEA (Root Mean Square Error Of Approximation)

          Estimate                           0.059
          90 Percent C.I.                    0.038  0.077
          Probability RMSEA <= .05           0.223

CFI/TLI

          CFI                                0.755
          TLI                                0.719

Chi-Square Test of Model Fit for the Baseline Model

          Value                            467.743
          Degrees of Freedom                   210
          P-Value                           0.0000

SRMR (Standardized Root Mean Square Residual)

          Value                              0.080



MODEL RESULTS

                                                    Two-Tailed
                    Estimate       S.E.  Est./S.E.    P-Value

 X        BY
    X3                 1.000      0.000    999.000    999.000
    X2                 0.797      0.724      1.101      0.271
    X1                 0.863      0.449      1.923      0.054

 M        BY
    M12                1.000      0.000    999.000    999.000
    M11                0.749      0.149      5.033      0.000
    M10                0.679      0.198      3.435      0.001
    M9                 0.592      0.164      3.602      0.000
    M8                 0.672      0.186      3.608      0.000
    M7                 0.417      0.153      2.722      0.006
    M6                 0.493      0.183      2.697      0.007
    M5                 0.404      0.179      2.262      0.024
    M4                 0.617      0.185      3.344      0.001
    M3                 0.350      0.175      2.002      0.045
    M2                 0.382      0.167      2.280      0.023
    M1                 0.277      0.141      1.970      0.049

 Y        BY
    Y3                 1.000      0.000    999.000    999.000
    Y2                 0.627      0.449      1.395      0.163
    Y1                 0.278      0.246      1.128      0.259

 XM       BY
    X3P1               1.000      0.000    999.000    999.000
    X2P2               0.413      0.616      0.671      0.502
    X1P3               2.264      7.025      0.322      0.747

 Y        ON
    X                  0.756      1.655      0.457      0.648
    M                  0.261      0.395      0.661      0.508
    XM                 0.466      4.208      0.111      0.912

 X        WITH
    M                  0.113      0.073      1.552      0.121
    XM                 0.006      0.033      0.181      0.857

 M        WITH
    XM                -0.044      0.094     -0.465      0.642

 Intercepts
    X1                 0.000      0.050      0.000      1.000
    X2                 0.000      0.050      0.000      1.000
    X3                 0.000      0.050      0.000      1.000
    M1                 0.000      0.154      0.000      1.000
    M2                 0.000      0.160      0.000      1.000
    M3                 0.000      0.158      0.000      1.000
    M4                 0.000      0.169      0.000      1.000
    M5                 0.000      0.159      0.000      1.000
    M6                 0.000      0.167      0.000      1.000
    M7                 0.000      0.155      0.000      1.000
    M8                 0.000      0.161      0.000      1.000
    M9                 0.000      0.151      0.000      1.000
    M10                0.000      0.160      0.000      1.000
    M11                0.000      0.152      0.000      1.000
    M12                0.000      0.152      0.000      1.000
    Y1                 0.623      0.083      7.459      0.000
    Y2                 0.700      0.098      7.169      0.000
    Y3                 0.967      0.120      8.084      0.000
    X3P1               0.000      0.051      0.000      1.000
    X2P2               0.000      0.048      0.000      1.000
    X1P3               0.000      0.049      0.000      1.000

 Variances
    X                  0.086      0.077      1.128      0.259
    M                  1.344      0.330      4.075      0.000
    XM                 0.020      0.069      0.294      0.769

 Residual Variances
    X1                 0.185      0.042      4.398      0.000
    X2                 0.194      0.056      3.447      0.001
    X3                 0.163      0.077      2.136      0.033
    M1                 2.263      0.192     11.805      0.000
    M2                 2.357      0.221     10.651      0.000
    M3                 2.345      0.204     11.510      0.000
    M4                 2.338      0.287      8.144      0.000
    M5                 2.321      0.214     10.870      0.000
    M6                 2.464      0.237     10.386      0.000
    M7                 2.174      0.224      9.703      0.000
    M8                 1.980      0.284      6.963      0.000
    M9                 1.815      0.225      8.073      0.000
    M10                1.954      0.255      7.670      0.000
    M11                1.546      0.241      6.408      0.000
    M12                0.976      0.283      3.443      0.001
    Y1                 0.601      0.132      4.567      0.000
    Y2                 0.467      0.326      1.431      0.152
    Y3                 0.190      0.866      0.220      0.826
    X3P1               0.236      0.074      3.167      0.002
    X2P2               0.224      0.029      7.631      0.000
    X1P3               0.131      0.303      0.435      0.664
    Y                  1.057      0.727      1.454      0.146

New/Additional Parameters
    VAR_Y              1.241      0.884      1.404      0.160
    STD_B1             0.200      0.429      0.466      0.641
    STD_B2             0.272      0.337      0.807      0.420
    STD_B3             0.143      1.226      0.116      0.907


QUALITY OF NUMERICAL RESULTS

     Condition Number for the Information Matrix              0.303E-05
       (ratio of smallest to largest eigenvalue)


CONFIDENCE INTERVALS OF MODEL RESULTS

                  Lower .5%  Lower 2.5%    Lower 5%    Estimate    Upper 5%  Upper 2.5%   Upper .5%

 X        BY
    X3               1.000       1.000       1.000       1.000       1.000       1.000       1.000
    X2              -1.067      -0.621      -0.393       0.797       1.987       2.215       2.661
    X1              -0.293      -0.017       0.125       0.863       1.602       1.743       2.019

 M        BY
    M12              1.000       1.000       1.000       1.000       1.000       1.000       1.000
    M11              0.366       0.458       0.505       0.749       0.994       1.041       1.133
    M10              0.170       0.292       0.354       0.679       1.004       1.066       1.188
    M9               0.169       0.270       0.321       0.592       0.862       0.914       1.015
    M8               0.192       0.307       0.366       0.672       0.979       1.038       1.153
    M7               0.022       0.117       0.165       0.417       0.670       0.718       0.812
    M6               0.022       0.135       0.192       0.493       0.793       0.851       0.963
    M5              -0.056       0.054       0.110       0.404       0.697       0.754       0.864
    M4               0.142       0.256       0.314       0.617       0.921       0.979       1.093
    M3              -0.100       0.007       0.062       0.350       0.637       0.692       0.799
    M2              -0.050       0.054       0.106       0.382       0.657       0.710       0.813
    M1              -0.085       0.001       0.046       0.277       0.508       0.553       0.639

 Y        BY
    Y3               1.000       1.000       1.000       1.000       1.000       1.000       1.000
    Y2              -0.530      -0.254      -0.112       0.627       1.365       1.507       1.783
    Y1              -0.357      -0.205      -0.127       0.278       0.683       0.761       0.912

 XM       BY
    X3P1             1.000       1.000       1.000       1.000       1.000       1.000       1.000
    X2P2            -1.173      -0.794      -0.600       0.413       1.426       1.620       1.999
    X1P3           -15.830     -11.504      -9.291       2.264      13.819      16.032      20.358

 Y        ON
    X               -3.506      -2.487      -1.966       0.756       3.479       4.000       5.019
    M               -0.757      -0.513      -0.389       0.261       0.912       1.036       1.280
    XM             -10.373      -7.781      -6.456       0.466       7.388       8.714      11.305

 X        WITH
    M               -0.075      -0.030      -0.007       0.113       0.233       0.256       0.301
    XM              -0.079      -0.059      -0.049       0.006       0.061       0.071       0.091

 M        WITH
    XM              -0.285      -0.227      -0.198      -0.044       0.111       0.140       0.198

 Intercepts
    X1              -0.129      -0.098      -0.082       0.000       0.082       0.098       0.129
    X2              -0.129      -0.098      -0.082       0.000       0.082       0.098       0.129
    X3              -0.129      -0.098      -0.082       0.000       0.082       0.098       0.129
    M1              -0.396      -0.301      -0.253       0.000       0.253       0.301       0.396
    M2              -0.412      -0.313      -0.263       0.000       0.263       0.313       0.412
    M3              -0.408      -0.310      -0.261       0.000       0.261       0.310       0.408
    M4              -0.435      -0.331      -0.278       0.000       0.278       0.331       0.435
    M5              -0.411      -0.312      -0.262       0.000       0.262       0.312       0.411
    M6              -0.430      -0.327      -0.275       0.000       0.275       0.327       0.430
    M7              -0.400      -0.304      -0.255       0.000       0.255       0.304       0.400
    M8              -0.414      -0.315      -0.265       0.000       0.265       0.315       0.414
    M9              -0.389      -0.296      -0.249       0.000       0.249       0.296       0.389
    M10             -0.413      -0.314      -0.264       0.000       0.264       0.314       0.413
    M11             -0.391      -0.297      -0.249       0.000       0.249       0.297       0.391
    M12             -0.392      -0.299      -0.251       0.000       0.251       0.299       0.392
    Y1               0.408       0.459       0.485       0.623       0.760       0.786       0.838
    Y2               0.449       0.509       0.540       0.700       0.861       0.892       0.952
    Y3               0.659       0.733       0.770       0.967       1.164       1.202       1.275
    X3P1            -0.130      -0.099      -0.083       0.000       0.083       0.099       0.130
    X2P2            -0.123      -0.093      -0.078       0.000       0.078       0.093       0.123
    X1P3            -0.125      -0.095      -0.080       0.000       0.080       0.095       0.125

 Variances
    X               -0.111      -0.064      -0.040       0.086       0.212       0.236       0.284
    M                0.494       0.697       0.801       1.344       1.886       1.990       2.193
    XM              -0.159      -0.116      -0.094       0.020       0.135       0.157       0.199

 Residual Variances
    X1               0.077       0.103       0.116       0.185       0.255       0.268       0.294
    X2               0.049       0.084       0.102       0.194       0.287       0.305       0.339
    X3              -0.034       0.013       0.038       0.163       0.289       0.314       0.361
    M1               1.769       1.887       1.947       2.263       2.578       2.638       2.756
    M2               1.787       1.924       1.993       2.357       2.721       2.791       2.927
    M3               1.820       1.946       2.010       2.345       2.680       2.744       2.870
    M4               1.598       1.775       1.865       2.338       2.810       2.900       3.077
    M5               1.771       1.902       1.970       2.321       2.672       2.739       2.871
    M6               1.853       1.999       2.073       2.464       2.854       2.928       3.074
    M7               1.597       1.734       1.805       2.174       2.542       2.613       2.750
    M8               1.247       1.422       1.512       1.980       2.447       2.537       2.712
    M9               1.236       1.374       1.445       1.815       2.185       2.256       2.394
    M10              1.298       1.455       1.535       1.954       2.374       2.454       2.611
    M11              0.924       1.073       1.149       1.546       1.942       2.018       2.167
    M12              0.246       0.420       0.509       0.976       1.442       1.531       1.706
    Y1               0.262       0.343       0.385       0.601       0.818       0.859       0.940
    Y2              -0.373      -0.172      -0.070       0.467       1.004       1.106       1.307
    Y3              -2.042      -1.508      -1.235       0.190       1.616       1.889       2.422
    X3P1             0.044       0.090       0.113       0.236       0.358       0.381       0.427
    X2P2             0.148       0.166       0.176       0.224       0.272       0.282       0.300
    X1P3            -0.648      -0.462      -0.366       0.131       0.629       0.725       0.911
    Y               -0.815      -0.367      -0.138       1.057       2.252       2.481       2.929

New/Additional Parameters
    VAR_Y           -1.036      -0.492      -0.213       1.241       2.695       2.974       3.518
    STD_B1          -0.905      -0.641      -0.506       0.200       0.905       1.040       1.304
    STD_B2          -0.596      -0.389      -0.283       0.272       0.827       0.933       1.141
    STD_B3          -3.014      -2.260      -1.874       0.143       2.159       2.545       3.299


TECHNICAL 1 OUTPUT


     PARAMETER SPECIFICATION


           NU
              X1            X2            X3            M1            M2
              ________      ________      ________      ________      ________
                  1             2             3             4             5


           NU
              M3            M4            M5            M6            M7
              ________      ________      ________      ________      ________
                  6             7             8             9            10


           NU
              M8            M9            M10           M11           M12
              ________      ________      ________      ________      ________
                 11            12            13            14            15


           NU
              Y1            Y2            Y3            X3P1          X2P2
              ________      ________      ________      ________      ________
                 16            17            18            19            20


           NU
              X1P3
              ________
                 21


           LAMBDA
              X             M             Y             XM
              ________      ________      ________      ________
 X1                22             0             0             0
 X2                23             0             0             0
 X3                 0             0             0             0
 M1                 0            24             0             0
 M2                 0            25             0             0
 M3                 0            26             0             0
 M4                 0            27             0             0
 M5                 0            28             0             0
 M6                 0            29             0             0
 M7                 0            30             0             0
 M8                 0            31             0             0
 M9                 0            32             0             0
 M10                0            33             0             0
 M11                0            34             0             0
 M12                0             0             0             0
 Y1                 0             0            35             0
 Y2                 0             0            36             0
 Y3                 0             0             0             0
 X3P1               0             0             0             0
 X2P2               0             0             0            37
 X1P3               0             0             0            38


           THETA
              X1            X2            X3            M1            M2
              ________      ________      ________      ________      ________
 X1                39
 X2                 0            40
 X3                 0             0            41
 M1                 0             0             0            42
 M2                 0             0             0             0            43
 M3                 0             0             0             0             0
 M4                 0             0             0             0             0
 M5                 0             0             0             0             0
 M6                 0             0             0             0             0
 M7                 0             0             0             0             0
 M8                 0             0             0             0             0
 M9                 0             0             0             0             0
 M10                0             0             0             0             0
 M11                0             0             0             0             0
 M12                0             0             0             0             0
 Y1                 0             0             0             0             0
 Y2                 0             0             0             0             0
 Y3                 0             0             0             0             0
 X3P1               0             0             0             0             0
 X2P2               0             0             0             0             0
 X1P3               0             0             0             0             0


           THETA
              M3            M4            M5            M6            M7
              ________      ________      ________      ________      ________
 M3                44
 M4                 0            45
 M5                 0             0            46
 M6                 0             0             0            47
 M7                 0             0             0             0            48
 M8                 0             0             0             0             0
 M9                 0             0             0             0             0
 M10                0             0             0             0             0
 M11                0             0             0             0             0
 M12                0             0             0             0             0
 Y1                 0             0             0             0             0
 Y2                 0             0             0             0             0
 Y3                 0             0             0             0             0
 X3P1               0             0             0             0             0
 X2P2               0             0             0             0             0
 X1P3               0             0             0             0             0


           THETA
              M8            M9            M10           M11           M12
              ________      ________      ________      ________      ________
 M8                49
 M9                 0            50
 M10                0             0            51
 M11                0             0             0            52
 M12                0             0             0             0            53
 Y1                 0             0             0             0             0
 Y2                 0             0             0             0             0
 Y3                 0             0             0             0             0
 X3P1               0             0             0             0             0
 X2P2               0             0             0             0             0
 X1P3               0             0             0             0             0


           THETA
              Y1            Y2            Y3            X3P1          X2P2
              ________      ________      ________      ________      ________
 Y1                54
 Y2                 0            55
 Y3                 0             0            56
 X3P1               0             0             0            57
 X2P2               0             0             0             0            58
 X1P3               0             0             0             0             0


           THETA
              X1P3
              ________
 X1P3              59


           ALPHA
              X             M             Y             XM
              ________      ________      ________      ________
                  0             0             0             0


           BETA
              X             M             Y             XM
              ________      ________      ________      ________
 X                  0             0             0             0
 M                  0             0             0             0
 Y                 60            61             0            62
 XM                 0             0             0             0


           PSI
              X             M             Y             XM
              ________      ________      ________      ________
 X                 63
 M                 64            65
 Y                  0             0            66
 XM                67            68             0            69


     PARAMETER SPECIFICATION FOR THE ADDITIONAL PARAMETERS


           New/Additional Parameters
              VAR_Y         STD_B1        STD_B2        STD_B3
              ________      ________      ________      ________
                   70            71            72            73


     STARTING VALUES


           NU
              X1            X2            X3            M1            M2
              ________      ________      ________      ________      ________
                0.000         0.000         0.000         0.000         0.000


           NU
              M3            M4            M5            M6            M7
              ________      ________      ________      ________      ________
                0.000         0.000         0.000         0.000         0.000


           NU
              M8            M9            M10           M11           M12
              ________      ________      ________      ________      ________
                0.000         0.000         0.000         0.000         0.000


           NU
              Y1            Y2            Y3            X3P1          X2P2
              ________      ________      ________      ________      ________
                0.623         0.700         0.967         0.000         0.000


           NU
              X1P3
              ________
                0.000


           LAMBDA
              X             M             Y             XM
              ________      ________      ________      ________
 X1             0.931         0.000         0.000         0.000
 X2             0.653         0.000         0.000         0.000
 X3             1.000         0.000         0.000         0.000
 M1             0.000         2.770         0.000         0.000
 M2             0.000         0.557         0.000         0.000
 M3             0.000         1.064         0.000         0.000
 M4             0.000         0.829         0.000         0.000
 M5             0.000         0.203         0.000         0.000
 M6             0.000         1.258         0.000         0.000
 M7             0.000         1.668         0.000         0.000
 M8             0.000         1.461         0.000         0.000
 M9             0.000         1.076         0.000         0.000
 M10            0.000         1.005         0.000         0.000
 M11            0.000         1.482         0.000         0.000
 M12            0.000         1.000         0.000         0.000
 Y1             0.000         0.000         0.320         0.000
 Y2             0.000         0.000         0.755         0.000
 Y3             0.000         0.000         1.000         0.000
 X3P1           0.000         0.000         0.000         1.000
 X2P2           0.000         0.000         0.000         0.458
 X1P3           0.000         0.000         0.000         1.997


           THETA
              X1            X2            X3            M1            M2
              ________      ________      ________      ________      ________
 X1             0.125
 X2             0.000         0.125
 X3             0.000         0.000         0.125
 M1             0.000         0.000         0.000         1.183
 M2             0.000         0.000         0.000         0.000         1.277
 M3             0.000         0.000         0.000         0.000         0.000
 M4             0.000         0.000         0.000         0.000         0.000
 M5             0.000         0.000         0.000         0.000         0.000
 M6             0.000         0.000         0.000         0.000         0.000
 M7             0.000         0.000         0.000         0.000         0.000
 M8             0.000         0.000         0.000         0.000         0.000
 M9             0.000         0.000         0.000         0.000         0.000
 M10            0.000         0.000         0.000         0.000         0.000
 M11            0.000         0.000         0.000         0.000         0.000
 M12            0.000         0.000         0.000         0.000         0.000
 Y1             0.000         0.000         0.000         0.000         0.000
 Y2             0.000         0.000         0.000         0.000         0.000
 Y3             0.000         0.000         0.000         0.000         0.000
 X3P1           0.000         0.000         0.000         0.000         0.000
 X2P2           0.000         0.000         0.000         0.000         0.000
 X1P3           0.000         0.000         0.000         0.000         0.000


           THETA
              M3            M4            M5            M6            M7
              ________      ________      ________      ________      ________
 M3             1.255
 M4             0.000         1.425
 M5             0.000         0.000         1.270
 M6             0.000         0.000         0.000         1.395
 M7             0.000         0.000         0.000         0.000         1.204
 M8             0.000         0.000         0.000         0.000         0.000
 M9             0.000         0.000         0.000         0.000         0.000
 M10            0.000         0.000         0.000         0.000         0.000
 M11            0.000         0.000         0.000         0.000         0.000
 M12            0.000         0.000         0.000         0.000         0.000
 Y1             0.000         0.000         0.000         0.000         0.000
 Y2             0.000         0.000         0.000         0.000         0.000
 Y3             0.000         0.000         0.000         0.000         0.000
 X3P1           0.000         0.000         0.000         0.000         0.000
 X2P2           0.000         0.000         0.000         0.000         0.000
 X1P3           0.000         0.000         0.000         0.000         0.000


           THETA
              M8            M9            M10           M11           M12
              ________      ________      ________      ________      ________
 M8             1.294
 M9             0.000         1.143
 M10            0.000         0.000         1.287
 M11            0.000         0.000         0.000         1.150
 M12            0.000         0.000         0.000         0.000         1.160
 Y1             0.000         0.000         0.000         0.000         0.000
 Y2             0.000         0.000         0.000         0.000         0.000
 Y3             0.000         0.000         0.000         0.000         0.000
 X3P1           0.000         0.000         0.000         0.000         0.000
 X2P2           0.000         0.000         0.000         0.000         0.000
 X1P3           0.000         0.000         0.000         0.000         0.000


           THETA
              Y1            Y2            Y3            X3P1          X2P2
              ________      ________      ________      ________      ________
 Y1             0.348
 Y2             0.000         0.477
 Y3             0.000         0.000         0.716
 X3P1           0.000         0.000         0.000         0.128
 X2P2           0.000         0.000         0.000         0.000         0.114
 X1P3           0.000         0.000         0.000         0.000         0.000


           THETA
              X1P3
              ________
 X1P3           0.118


           ALPHA
              X             M             Y             XM
              ________      ________      ________      ________
                0.000         0.000         0.000         0.000


           BETA
              X             M             Y             XM
              ________      ________      ________      ________
 X              0.000         0.000         0.000         0.000
 M              0.000         0.000         0.000         0.000
 Y              0.000         0.000         0.000         0.000
 XM             0.000         0.000         0.000         0.000


           PSI
              X             M             Y             XM
              ________      ________      ________      ________
 X              0.050
 M              0.000         0.050
 Y              0.000         0.000         0.050
 XM             0.000         0.000         0.000         0.050


     STARTING VALUES FOR THE ADDITIONAL PARAMETERS


           New/Additional Parameters
              VAR_Y         STD_B1        STD_B2        STD_B3
              ________      ________      ________      ________
                0.500         0.500         0.500         0.500


RESULTS SAVING INFORMATION

  Order of data

    Parameter estimates
     (saved in order shown in Technical 1 output)
    Standard errors
     (saved in order shown in Technical 1 output)
    Number of Free Parameters
    H0 Loglikelihood
    H0 Scaling Correction Factor for MLR
    H1 Loglikelihood
    H1 Scaling Correction Factor for MLR
    Akaike (AIC)
    Bayesian (BIC)
    Sample-Size Adjusted BIC
    Chi-square : Value
    Chi-square : Degrees of Freedom
    Chi-square : P-Value
    Chi-square : Scaling Correction Factor for MLR/MLM/WLSM
    CFI
    TLI
    RMSEA : Estimate
    RMSEA : Low CI
    RMSEA : High CI
    RMSEA : Probability
    SRMR
    Condition Number

  Save file
    parcelupi_results_629.dat

  Save file format           Free


     Beginning Time:  18:10:17
        Ending Time:  18:10:18
       Elapsed Time:  00:00:01



MUTHEN & MUTHEN
3463 Stoner Ave.
Los Angeles, CA  90066

Tel: (310) 391-9971
Fax: (310) 391-8971
Web: www.StatModel.com
Support: Support@StatModel.com

Copyright (c) 1998-2022 Muthen & Muthen
