Mplus VERSION 8.8 (Mac)
MUTHEN & MUTHEN
07/27/2025   3:37 PM

INPUT INSTRUCTIONS


    TITLE: Parceling Unconstrained Product Indicator

    DATA:
      FILE = parcelupi_simdat_1418.dat;
      FORMAT IS FREE;

    VARIABLE:
      NAMES = x1 x2 x3
      	    m1 m2 m3 m4 m5 m6
      	    m7 m8 m9 m10 m11 m12
      	    y1 y2 y3
      	    p1 p2 p3
      	    x3p1 x2p2 x1p3;
      USEVARIABLES = x1 x2 x3
      	    m1 m2 m3 m4 m5 m6
      	    m7 m8 m9 m10 m11 m12
      	    y1 y2 y3
      	    x3p1 x2p2 x1p3;

    ANALYSIS:
      TYPE = general;
      ESTIMATOR = MLR;
    MODEL:
      !measurement model
      X BY x3 x2 x1;
      X (var_X);
      M BY m12 m11 m10 m9 m8 m7 m6 m5 m4 m3 m2 m1;
      M (var_M);
      Y BY y3 y2 y1;
      Y (resvar_Y);
      XM BY x3p1 x2p2 x1p3;
      XM (var_XM);

      !covariances between predictors
      X WITH M (cov_XM);
      X WITH XM (cov_XXM);
      M WITH XM (cov_MXM);

      !structural model
      Y ON X (b1);
      Y ON M (b2);
      Y ON XM (b3);

    MODEL CONSTRAINT:

      NEW(var_Y std_b1 std_b2 std_b3);
      var_Y = resvar_Y +
       (b1^2 * var_X +
        b2^2 * var_M +
        b3^2 * var_XM +
        2 * b1 * b2 * cov_XM +
        2 * b1 * b3 * cov_XXM +
        2 * b2 * b3 * cov_MXM);

        std_b1 = b1 * sqrt(var_X) / sqrt(var_Y);
        std_b2 = b2 * sqrt(var_M) / sqrt(var_Y);
        std_b3 = b3 * sqrt(var_X) * sqrt(var_M) / sqrt(var_Y);

    OUTPUT:
      sampstat tech1 CINTERVAL;

    SAVEDATA:
      RESULTS = parcelupi_results_1418.dat;




INPUT READING TERMINATED NORMALLY



Parceling Unconstrained Product Indicator

SUMMARY OF ANALYSIS

Number of groups                                                 1
Number of observations                                         100

Number of dependent variables                                   21
Number of independent variables                                  0
Number of continuous latent variables                            4

Observed dependent variables

  Continuous
   X1          X2          X3          M1          M2          M3
   M4          M5          M6          M7          M8          M9
   M10         M11         M12         Y1          Y2          Y3
   X3P1        X2P2        X1P3

Continuous latent variables
   X           M           Y           XM


Estimator                                                      MLR
Information matrix                                        OBSERVED
Maximum number of iterations                                  1000
Convergence criterion                                    0.500D-04
Maximum number of steepest descent iterations                   20

Input data file(s)
  parcelupi_simdat_1418.dat

Input data format  FREE


SAMPLE STATISTICS


     SAMPLE STATISTICS


           Means
              X1            X2            X3            M1            M2
              ________      ________      ________      ________      ________
                0.000         0.000         0.000         0.000         0.000


           Means
              M3            M4            M5            M6            M7
              ________      ________      ________      ________      ________
                0.000         0.000         0.000         0.000         0.000


           Means
              M8            M9            M10           M11           M12
              ________      ________      ________      ________      ________
                0.000         0.000         0.000         0.000         0.000


           Means
              Y1            Y2            Y3            X3P1          X2P2
              ________      ________      ________      ________      ________
                0.590         0.837         1.245         0.000         0.000


           Means
              X1P3
              ________
                0.000


           Covariances
              X1            X2            X3            M1            M2
              ________      ________      ________      ________      ________
 X1             0.250
 X2             0.061         0.246
 X3             0.116         0.072         0.248
 M1             0.107         0.010         0.050         2.462
 M2            -0.009         0.036         0.117         0.165         2.696
 M3            -0.043        -0.090        -0.012        -0.126         0.220
 M4             0.048         0.087         0.126         0.441        -0.283
 M5             0.065         0.096         0.076         0.021         0.361
 M6             0.202         0.093         0.124         0.779        -0.027
 M7             0.187         0.050         0.168         0.044         0.010
 M8            -0.018         0.143        -0.019         0.272         0.378
 M9             0.051         0.098         0.188         0.016         0.548
 M10           -0.001         0.114         0.123         0.035         0.324
 M11            0.078         0.035         0.037         0.255         0.330
 M12            0.161         0.116         0.227         0.095         0.026
 Y1             0.037         0.039         0.072         0.113        -0.088
 Y2             0.077         0.078         0.097         0.358         0.268
 Y3             0.104         0.064         0.150         0.319        -0.081
 X3P1          -0.006         0.010        -0.015         0.088        -0.029
 X2P2           0.059        -0.009        -0.006         0.000         0.024
 X1P3           0.003         0.018        -0.031         0.014         0.028


           Covariances
              M3            M4            M5            M6            M7
              ________      ________      ________      ________      ________
 M3             2.654
 M4            -0.069         2.646
 M5             0.048         0.449         2.550
 M6             0.369         0.784         0.251         2.666
 M7             0.414         0.481         0.628         0.259         2.374
 M8            -0.431         0.244         0.879         0.356         0.409
 M9             0.316         0.315         0.510         0.175         0.526
 M10           -0.040         0.233         0.839         0.367         0.400
 M11            0.227         0.350         1.122         0.380         0.187
 M12            0.170         0.377         0.811         0.843         0.690
 Y1             0.002         0.124         0.077         0.114         0.337
 Y2             0.018         0.220         0.161         0.342         0.207
 Y3            -0.052         0.348         0.320         0.278         0.552
 X3P1          -0.005         0.007         0.079        -0.024        -0.092
 X2P2           0.080         0.082         0.004         0.223         0.040
 X1P3           0.071         0.018         0.078         0.082         0.035


           Covariances
              M8            M9            M10           M11           M12
              ________      ________      ________      ________      ________
 M8             2.733
 M9             0.855         2.398
 M10            0.912         0.682         2.176
 M11            0.952         0.573         0.600         2.401
 M12            0.518         0.768         0.664         0.380         2.176
 Y1             0.245         0.297        -0.025         0.149         0.072
 Y2             0.277         0.314         0.366         0.275         0.192
 Y3             0.430         0.535         0.551         0.263         0.461
 X3P1           0.031         0.025         0.013         0.036         0.087
 X2P2          -0.056        -0.009         0.201         0.014         0.029
 X1P3          -0.019        -0.068         0.010         0.078         0.111


           Covariances
              Y1            Y2            Y3            X3P1          X2P2
              ________      ________      ________      ________      ________
 Y1             0.634
 Y2             0.248         0.836
 Y3             0.424         0.702         1.610
 X3P1           0.009        -0.039         0.003         0.185
 X2P2          -0.020         0.047         0.051         0.019         0.278
 X1P3          -0.018         0.078         0.054         0.051         0.040


           Covariances
              X1P3
              ________
 X1P3           0.204


           Correlations
              X1            X2            X3            M1            M2
              ________      ________      ________      ________      ________
 X1             1.000
 X2             0.247         1.000
 X3             0.467         0.292         1.000
 M1             0.136         0.012         0.065         1.000
 M2            -0.011         0.045         0.143         0.064         1.000
 M3            -0.053        -0.112        -0.015        -0.049         0.082
 M4             0.059         0.108         0.156         0.173        -0.106
 M5             0.081         0.121         0.095         0.008         0.138
 M6             0.248         0.115         0.153         0.304        -0.010
 M7             0.243         0.065         0.219         0.018         0.004
 M8            -0.021         0.174        -0.022         0.105         0.139
 M9             0.066         0.127         0.244         0.007         0.215
 M10           -0.002         0.155         0.168         0.015         0.134
 M11            0.101         0.045         0.047         0.105         0.130
 M12            0.219         0.159         0.309         0.041         0.011
 Y1             0.093         0.098         0.181         0.090        -0.068
 Y2             0.169         0.172         0.214         0.249         0.178
 Y3             0.164         0.101         0.238         0.160        -0.039
 X3P1          -0.026         0.048        -0.069         0.130        -0.041
 X2P2           0.224        -0.035        -0.021        -0.001         0.028
 X1P3           0.015         0.082        -0.138         0.020         0.038


           Correlations
              M3            M4            M5            M6            M7
              ________      ________      ________      ________      ________
 M3             1.000
 M4            -0.026         1.000
 M5             0.019         0.173         1.000
 M6             0.139         0.295         0.096         1.000
 M7             0.165         0.192         0.255         0.103         1.000
 M8            -0.160         0.091         0.333         0.132         0.161
 M9             0.125         0.125         0.206         0.069         0.221
 M10           -0.016         0.097         0.356         0.152         0.176
 M11            0.090         0.139         0.453         0.150         0.078
 M12            0.071         0.157         0.344         0.350         0.303
 Y1             0.001         0.096         0.061         0.088         0.275
 Y2             0.012         0.148         0.110         0.229         0.147
 Y3            -0.025         0.169         0.158         0.134         0.282
 X3P1          -0.007         0.010         0.115        -0.034        -0.139
 X2P2           0.093         0.096         0.004         0.259         0.050
 X1P3           0.096         0.025         0.108         0.112         0.050


           Correlations
              M8            M9            M10           M11           M12
              ________      ________      ________      ________      ________
 M8             1.000
 M9             0.334         1.000
 M10            0.374         0.299         1.000
 M11            0.372         0.239         0.263         1.000
 M12            0.212         0.336         0.305         0.166         1.000
 Y1             0.186         0.241        -0.021         0.121         0.061
 Y2             0.183         0.221         0.271         0.194         0.142
 Y3             0.205         0.272         0.294         0.134         0.246
 X3P1           0.044         0.037         0.020         0.054         0.137
 X2P2          -0.064        -0.011         0.258         0.017         0.037
 X1P3          -0.025        -0.097         0.015         0.112         0.166


           Correlations
              Y1            Y2            Y3            X3P1          X2P2
              ________      ________      ________      ________      ________
 Y1             1.000
 Y2             0.340         1.000
 Y3             0.420         0.605         1.000
 X3P1           0.025        -0.098         0.005         1.000
 X2P2          -0.047         0.097         0.076         0.082         1.000
 X1P3          -0.051         0.190         0.095         0.265         0.167


           Correlations
              X1P3
              ________
 X1P3           1.000


UNIVARIATE SAMPLE STATISTICS


     UNIVARIATE HIGHER-ORDER MOMENT DESCRIPTIVE STATISTICS

         Variable/         Mean/     Skewness/   Minimum/ % with                Percentiles
        Sample Size      Variance    Kurtosis    Maximum  Min/Max      20%/60%    40%/80%    Median

     X1                    0.000       0.080      -0.480   52.00%      -0.480     -0.480     -0.480
             100.000       0.250      -1.994       0.520   48.00%       0.520      0.520
     X2                    0.000      -0.242      -0.560   44.00%      -0.560     -0.560      0.440
             100.000       0.246      -1.942       0.440   56.00%       0.440      0.440
     X3                    0.000      -0.201      -0.550   45.00%      -0.550     -0.550      0.450
             100.000       0.247      -1.960       0.450   55.00%       0.450      0.450
     M1                    0.000      -0.040      -2.090   23.00%      -2.090     -1.090     -0.090
             100.000       2.462      -1.554       1.910   30.00%       0.910      1.910
     M2                    0.000      -0.055      -2.060   29.00%      -2.060     -1.060     -0.060
             100.000       2.696      -1.622       1.940   32.00%       0.940      1.940
     M3                    0.000       0.189      -1.840   33.00%      -1.840     -0.840      0.160
             100.000       2.654      -1.564       2.160   28.00%       0.160      2.160
     M4                    0.000       0.124      -1.880   33.00%      -1.880     -0.880      0.120
             100.000       2.646      -1.570       2.120   28.00%       0.120      2.120
     M5                    0.000       0.061      -1.990   27.00%      -1.990     -0.990      0.010
             100.000       2.550      -1.555       2.010   30.00%       0.010      2.010
     M6                    0.000      -0.042      -2.120   24.00%      -2.120     -1.120     -0.120
             100.000       2.666      -1.647       1.880   35.00%       0.880      1.880
     M7                    0.000       0.121      -1.840   31.00%      -1.840     -0.840      0.160
             100.000       2.374      -1.461       2.160   22.00%       0.160      2.160
     M8                    0.000       0.101      -1.870   34.00%      -1.870     -0.870     -0.370
             100.000       2.733      -1.673       2.130   26.00%       1.130      2.130
     M9                    0.000      -0.051      -2.040   25.00%      -2.040     -1.040     -0.040
             100.000       2.398      -1.518       1.960   26.00%       0.960      1.960
     M10                   0.000       0.047      -1.940   25.00%      -1.940     -0.940      0.060
             100.000       2.176      -1.351       2.060   22.00%       0.060      2.060
     M11                   0.000      -0.123      -2.170   21.00%      -2.170     -1.170     -0.170
             100.000       2.401      -1.514       1.830   31.00%       0.830      1.830
     M12                   0.000      -0.047      -2.060   21.00%      -2.060     -1.060     -0.060
             100.000       2.176      -1.402       1.940   24.00%       0.940      1.940
     Y1                    0.590       0.061      -1.572    1.00%      -0.163      0.371      0.668
             100.000       0.634       0.160       2.865    1.00%       0.847      1.164
     Y2                    0.837      -0.244      -2.069    1.00%       0.213      0.666      0.847
             100.000       0.836       0.502       2.743    1.00%       0.957      1.622
     Y3                    1.245       0.121      -2.223    1.00%       0.194      0.925      1.301
             100.000       1.610       0.280       4.934    1.00%       1.455      2.151
     X3P1                  0.000      -0.046      -0.831    1.00%      -0.381     -0.138      0.103
             100.000       0.185      -0.691       0.962    2.00%       0.137      0.407
     X2P2                  0.000       0.041      -1.045    1.00%      -0.527     -0.205      0.023
             100.000       0.278      -1.055       1.055    1.00%       0.215      0.463
     X1P3                  0.000       0.048      -0.962    1.00%      -0.442     -0.182      0.003
             100.000       0.204      -0.803       0.988    1.00%       0.123      0.468


     THIS ANALYSIS MAY HAVE MULTIPLE SOLUTIONS.  EXPLORE THIS USING RANDOM STARTS,
     FOR EXAMPLE, STARTS = 20.  USE A LARGE ENOUGH NUMBER OF STARTS SO THAT THE
     BEST FIT FUNCTION VALUE IS REPLICATED SEVERAL TIMES.


THE MODEL ESTIMATION TERMINATED NORMALLY

     THE STANDARD ERRORS OF THE MODEL PARAMETER ESTIMATES MAY NOT BE
     TRUSTWORTHY FOR SOME PARAMETERS DUE TO A NON-POSITIVE DEFINITE
     FIRST-ORDER DERIVATIVE PRODUCT MATRIX.  THIS MAY BE DUE TO THE STARTING
     VALUES BUT MAY ALSO BE AN INDICATION OF MODEL NONIDENTIFICATION.  THE
     CONDITION NUMBER IS      -0.471D-18.  PROBLEM INVOLVING THE FOLLOWING PARAMETER:
     Parameter 40, X2

     THIS IS MOST LIKELY DUE TO VARIABLE X1 BEING DICHOTOMOUS BUT
     DECLARED AS CONTINUOUS.




MODEL FIT INFORMATION

Number of Free Parameters                       69

Loglikelihood

          H0 Value                       -2950.999
          H0 Scaling Correction Factor      0.8647
            for MLR
          H1 Value                       -2843.907
          H1 Scaling Correction Factor      0.9631
            for MLR

Information Criteria

          Akaike (AIC)                    6039.998
          Bayesian (BIC)                  6219.755
          Sample-Size Adjusted BIC        6001.836
            (n* = (n + 2) / 24)

Chi-Square Test of Model Fit

          Value                            214.131*
          Degrees of Freedom                   183
          P-Value                           0.0573
          Scaling Correction Factor         1.0002
            for MLR

*   The chi-square value for MLM, MLMV, MLR, ULSMV, WLSM and WLSMV cannot be used
    for chi-square difference testing in the regular way.  MLM, MLR and WLSM
    chi-square difference testing is described on the Mplus website.  MLMV, WLSMV,
    and ULSMV difference testing is done using the DIFFTEST option.

RMSEA (Root Mean Square Error Of Approximation)

          Estimate                           0.041
          90 Percent C.I.                    0.000  0.063
          Probability RMSEA <= .05           0.727

CFI/TLI

          CFI                                0.879
          TLI                                0.861

Chi-Square Test of Model Fit for the Baseline Model

          Value                            466.915
          Degrees of Freedom                   210
          P-Value                           0.0000

SRMR (Standardized Root Mean Square Residual)

          Value                              0.075



MODEL RESULTS

                                                    Two-Tailed
                    Estimate       S.E.  Est./S.E.    P-Value

 X        BY
    X3                 1.000      0.000    999.000    999.000
    X2                 0.444      0.206      2.159      0.031
    X1                 0.676      0.228      2.960      0.003

 M        BY
    M12                1.000      0.000    999.000    999.000
    M11                0.911      0.339      2.691      0.007
    M10                0.982      0.260      3.770      0.000
    M9                 0.947      0.256      3.705      0.000
    M8                 1.026      0.333      3.083      0.002
    M7                 0.745      0.204      3.660      0.000
    M6                 0.680      0.216      3.142      0.002
    M5                 1.090      0.300      3.634      0.000
    M4                 0.575      0.237      2.422      0.015
    M3                 0.130      0.217      0.599      0.549
    M2                 0.359      0.260      1.381      0.167
    M1                 0.302      0.237      1.276      0.202

 Y        BY
    Y3                 1.000      0.000    999.000    999.000
    Y2                 0.632      0.137      4.610      0.000
    Y1                 0.366      0.072      5.084      0.000

 XM       BY
    X3P1               1.000      0.000    999.000    999.000
    X2P2               0.799      0.520      1.536      0.124
    X1P3               2.408      2.728      0.883      0.377

 Y        ON
    X                  0.582      0.411      1.416      0.157
    M                  0.502      0.214      2.341      0.019
    XM                 0.970      1.300      0.746      0.456

 X        WITH
    M                  0.134      0.065      2.046      0.041
    XM                -0.008      0.014     -0.595      0.552

 M        WITH
    XM                 0.020      0.044      0.454      0.650

 Intercepts
    X1                 0.000      0.050      0.000      1.000
    X2                 0.000      0.050      0.000      1.000
    X3                 0.000      0.050      0.000      1.000
    M1                 0.000      0.157      0.000      1.000
    M2                 0.000      0.164      0.000      1.000
    M3                 0.000      0.163      0.000      1.000
    M4                 0.000      0.163      0.000      1.000
    M5                 0.000      0.160      0.000      1.000
    M6                 0.000      0.163      0.000      1.000
    M7                 0.000      0.154      0.000      1.000
    M8                 0.000      0.165      0.000      1.000
    M9                 0.000      0.155      0.000      1.000
    M10                0.000      0.148      0.000      1.000
    M11                0.000      0.155      0.000      1.000
    M12                0.000      0.148      0.000      1.000
    Y1                 0.590      0.080      7.412      0.000
    Y2                 0.837      0.091      9.154      0.000
    Y3                 1.245      0.127      9.813      0.000
    X3P1               0.000      0.043      0.000      1.000
    X2P2               0.000      0.053      0.000      1.000
    X1P3               0.000      0.045      0.000      1.000

 Variances
    X                  0.171      0.056      3.061      0.002
    M                  0.709      0.276      2.569      0.010
    XM                 0.021      0.026      0.815      0.415

 Residual Variances
    X1                 0.172      0.034      5.005      0.000
    X2                 0.213      0.024      8.777      0.000
    X3                 0.077      0.056      1.370      0.171
    M1                 2.397      0.179     13.405      0.000
    M2                 2.605      0.188     13.890      0.000
    M3                 2.642      0.172     15.376      0.000
    M4                 2.411      0.220     10.966      0.000
    M5                 1.708      0.268      6.384      0.000
    M6                 2.338      0.263      8.891      0.000
    M7                 1.980      0.231      8.587      0.000
    M8                 1.987      0.286      6.943      0.000
    M9                 1.762      0.244      7.234      0.000
    M10                1.492      0.183      8.165      0.000
    M11                1.812      0.274      6.605      0.000
    M12                1.467      0.235      6.236      0.000
    Y1                 0.484      0.089      5.461      0.000
    Y2                 0.391      0.107      3.667      0.000
    Y3                 0.494      0.205      2.407      0.016
    X3P1               0.164      0.033      4.925      0.000
    X2P2               0.265      0.036      7.266      0.000
    X1P3               0.081      0.138      0.586      0.558
    Y                  0.772      0.252      3.065      0.002

New/Additional Parameters
    VAR_Y              1.116      0.300      3.725      0.000
    STD_B1             0.228      0.153      1.492      0.136
    STD_B2             0.400      0.134      2.976      0.003
    STD_B3             0.320      0.433      0.739      0.460


QUALITY OF NUMERICAL RESULTS

     Condition Number for the Information Matrix              0.559E-05
       (ratio of smallest to largest eigenvalue)


CONFIDENCE INTERVALS OF MODEL RESULTS

                  Lower .5%  Lower 2.5%    Lower 5%    Estimate    Upper 5%  Upper 2.5%   Upper .5%

 X        BY
    X3               1.000       1.000       1.000       1.000       1.000       1.000       1.000
    X2              -0.086       0.041       0.106       0.444       0.783       0.847       0.974
    X1               0.088       0.228       0.300       0.676       1.052       1.124       1.264

 M        BY
    M12              1.000       1.000       1.000       1.000       1.000       1.000       1.000
    M11              0.039       0.247       0.354       0.911       1.468       1.575       1.783
    M10              0.311       0.472       0.554       0.982       1.411       1.493       1.653
    M9               0.289       0.446       0.527       0.947       1.368       1.449       1.606
    M8               0.169       0.374       0.479       1.026       1.573       1.678       1.883
    M7               0.221       0.346       0.410       0.745       1.080       1.144       1.270
    M6               0.123       0.256       0.324       0.680       1.036       1.104       1.237
    M5               0.317       0.502       0.596       1.090       1.583       1.677       1.862
    M4              -0.036       0.110       0.184       0.575       0.965       1.040       1.186
    M3              -0.428      -0.295      -0.227       0.130       0.486       0.555       0.688
    M2              -0.310      -0.150      -0.069       0.359       0.786       0.868       1.028
    M1              -0.308      -0.162      -0.087       0.302       0.692       0.767       0.913

 Y        BY
    Y3               1.000       1.000       1.000       1.000       1.000       1.000       1.000
    Y2               0.279       0.363       0.406       0.632       0.857       0.900       0.984
    Y1               0.181       0.225       0.248       0.366       0.485       0.508       0.552

 XM       BY
    X3P1             1.000       1.000       1.000       1.000       1.000       1.000       1.000
    X2P2            -0.541      -0.220      -0.057       0.799       1.654       1.818       2.138
    X1P3            -4.620      -2.940      -2.080       2.408       6.896       7.756       9.436

 Y        ON
    X               -0.477      -0.224      -0.094       0.582       1.258       1.388       1.641
    M               -0.050       0.082       0.149       0.502       0.855       0.922       1.055
    XM              -2.379      -1.578      -1.169       0.970       3.108       3.518       4.318

 X        WITH
    M               -0.035       0.006       0.026       0.134       0.241       0.262       0.302
    XM              -0.045      -0.036      -0.032      -0.008       0.015       0.019       0.028

 M        WITH
    XM              -0.093      -0.066      -0.052       0.020       0.092       0.106       0.132

 Intercepts
    X1              -0.129      -0.098      -0.082       0.000       0.082       0.098       0.129
    X2              -0.128      -0.097      -0.082       0.000       0.082       0.097       0.128
    X3              -0.128      -0.098      -0.082       0.000       0.082       0.098       0.128
    M1              -0.404      -0.308      -0.258       0.000       0.258       0.308       0.404
    M2              -0.423      -0.322      -0.270       0.000       0.270       0.322       0.423
    M3              -0.420      -0.319      -0.268       0.000       0.268       0.319       0.420
    M4              -0.419      -0.319      -0.268       0.000       0.268       0.319       0.419
    M5              -0.411      -0.313      -0.263       0.000       0.263       0.313       0.411
    M6              -0.421      -0.320      -0.269       0.000       0.269       0.320       0.421
    M7              -0.397      -0.302      -0.253       0.000       0.253       0.302       0.397
    M8              -0.426      -0.324      -0.272       0.000       0.272       0.324       0.426
    M9              -0.399      -0.304      -0.255       0.000       0.255       0.304       0.399
    M10             -0.380      -0.289      -0.243       0.000       0.243       0.289       0.380
    M11             -0.399      -0.304      -0.255       0.000       0.255       0.304       0.399
    M12             -0.380      -0.289      -0.243       0.000       0.243       0.289       0.380
    Y1               0.385       0.434       0.459       0.590       0.721       0.746       0.795
    Y2               0.602       0.658       0.687       0.837       0.988       1.016       1.073
    Y3               0.918       0.996       1.036       1.245       1.454       1.494       1.572
    X3P1            -0.111      -0.084      -0.071       0.000       0.071       0.084       0.111
    X2P2            -0.136      -0.103      -0.087       0.000       0.087       0.103       0.136
    X1P3            -0.116      -0.088      -0.074       0.000       0.074       0.088       0.116

 Variances
    X                0.027       0.061       0.079       0.171       0.263       0.280       0.315
    M               -0.002       0.168       0.255       0.709       1.163       1.250       1.420
    XM              -0.046      -0.030      -0.022       0.021       0.064       0.072       0.088

 Residual Variances
    X1               0.083       0.104       0.115       0.172       0.228       0.239       0.260
    X2               0.150       0.165       0.173       0.213       0.253       0.260       0.275
    X3              -0.067      -0.033      -0.015       0.077       0.169       0.186       0.221
    M1               1.936       2.047       2.103       2.397       2.691       2.748       2.858
    M2               2.122       2.238       2.297       2.605       2.914       2.973       3.088
    M3               2.200       2.306       2.360       2.642       2.925       2.979       3.085
    M4               1.845       1.980       2.050       2.411       2.773       2.842       2.978
    M5               1.019       1.183       1.268       1.708       2.148       2.232       2.397
    M6               1.661       1.822       1.905       2.338       2.770       2.853       3.015
    M7               1.386       1.528       1.601       1.980       2.360       2.432       2.574
    M8               1.250       1.426       1.516       1.987       2.457       2.548       2.724
    M9               1.135       1.285       1.361       1.762       2.162       2.239       2.389
    M10              1.022       1.134       1.192       1.492       1.793       1.851       1.963
    M11              1.106       1.275       1.361       1.812       2.264       2.350       2.519
    M12              0.861       1.006       1.080       1.467       1.854       1.928       2.073
    Y1               0.256       0.310       0.338       0.484       0.630       0.658       0.713
    Y2               0.116       0.182       0.216       0.391       0.566       0.600       0.666
    Y3              -0.035       0.092       0.156       0.494       0.831       0.896       1.022
    X3P1             0.078       0.099       0.109       0.164       0.218       0.229       0.249
    X2P2             0.171       0.193       0.205       0.265       0.325       0.336       0.358
    X1P3            -0.275      -0.190      -0.146       0.081       0.308       0.352       0.437
    Y                0.123       0.278       0.358       0.772       1.186       1.265       1.420

New/Additional Parameters
    VAR_Y            0.344       0.529       0.623       1.116       1.609       1.704       1.888
    STD_B1          -0.166      -0.072      -0.023       0.228       0.479       0.527       0.621
    STD_B2           0.054       0.137       0.179       0.400       0.621       0.664       0.747
    STD_B3          -0.795      -0.528      -0.392       0.320       1.031       1.167       1.434


TECHNICAL 1 OUTPUT


     PARAMETER SPECIFICATION


           NU
              X1            X2            X3            M1            M2
              ________      ________      ________      ________      ________
                  1             2             3             4             5


           NU
              M3            M4            M5            M6            M7
              ________      ________      ________      ________      ________
                  6             7             8             9            10


           NU
              M8            M9            M10           M11           M12
              ________      ________      ________      ________      ________
                 11            12            13            14            15


           NU
              Y1            Y2            Y3            X3P1          X2P2
              ________      ________      ________      ________      ________
                 16            17            18            19            20


           NU
              X1P3
              ________
                 21


           LAMBDA
              X             M             Y             XM
              ________      ________      ________      ________
 X1                22             0             0             0
 X2                23             0             0             0
 X3                 0             0             0             0
 M1                 0            24             0             0
 M2                 0            25             0             0
 M3                 0            26             0             0
 M4                 0            27             0             0
 M5                 0            28             0             0
 M6                 0            29             0             0
 M7                 0            30             0             0
 M8                 0            31             0             0
 M9                 0            32             0             0
 M10                0            33             0             0
 M11                0            34             0             0
 M12                0             0             0             0
 Y1                 0             0            35             0
 Y2                 0             0            36             0
 Y3                 0             0             0             0
 X3P1               0             0             0             0
 X2P2               0             0             0            37
 X1P3               0             0             0            38


           THETA
              X1            X2            X3            M1            M2
              ________      ________      ________      ________      ________
 X1                39
 X2                 0            40
 X3                 0             0            41
 M1                 0             0             0            42
 M2                 0             0             0             0            43
 M3                 0             0             0             0             0
 M4                 0             0             0             0             0
 M5                 0             0             0             0             0
 M6                 0             0             0             0             0
 M7                 0             0             0             0             0
 M8                 0             0             0             0             0
 M9                 0             0             0             0             0
 M10                0             0             0             0             0
 M11                0             0             0             0             0
 M12                0             0             0             0             0
 Y1                 0             0             0             0             0
 Y2                 0             0             0             0             0
 Y3                 0             0             0             0             0
 X3P1               0             0             0             0             0
 X2P2               0             0             0             0             0
 X1P3               0             0             0             0             0


           THETA
              M3            M4            M5            M6            M7
              ________      ________      ________      ________      ________
 M3                44
 M4                 0            45
 M5                 0             0            46
 M6                 0             0             0            47
 M7                 0             0             0             0            48
 M8                 0             0             0             0             0
 M9                 0             0             0             0             0
 M10                0             0             0             0             0
 M11                0             0             0             0             0
 M12                0             0             0             0             0
 Y1                 0             0             0             0             0
 Y2                 0             0             0             0             0
 Y3                 0             0             0             0             0
 X3P1               0             0             0             0             0
 X2P2               0             0             0             0             0
 X1P3               0             0             0             0             0


           THETA
              M8            M9            M10           M11           M12
              ________      ________      ________      ________      ________
 M8                49
 M9                 0            50
 M10                0             0            51
 M11                0             0             0            52
 M12                0             0             0             0            53
 Y1                 0             0             0             0             0
 Y2                 0             0             0             0             0
 Y3                 0             0             0             0             0
 X3P1               0             0             0             0             0
 X2P2               0             0             0             0             0
 X1P3               0             0             0             0             0


           THETA
              Y1            Y2            Y3            X3P1          X2P2
              ________      ________      ________      ________      ________
 Y1                54
 Y2                 0            55
 Y3                 0             0            56
 X3P1               0             0             0            57
 X2P2               0             0             0             0            58
 X1P3               0             0             0             0             0


           THETA
              X1P3
              ________
 X1P3              59


           ALPHA
              X             M             Y             XM
              ________      ________      ________      ________
                  0             0             0             0


           BETA
              X             M             Y             XM
              ________      ________      ________      ________
 X                  0             0             0             0
 M                  0             0             0             0
 Y                 60            61             0            62
 XM                 0             0             0             0


           PSI
              X             M             Y             XM
              ________      ________      ________      ________
 X                 63
 M                 64            65
 Y                  0             0            66
 XM                67            68             0            69


     PARAMETER SPECIFICATION FOR THE ADDITIONAL PARAMETERS


           New/Additional Parameters
              VAR_Y         STD_B1        STD_B2        STD_B3
              ________      ________      ________      ________
                   70            71            72            73


     STARTING VALUES


           NU
              X1            X2            X3            M1            M2
              ________      ________      ________      ________      ________
                0.000         0.000         0.000         0.000         0.000


           NU
              M3            M4            M5            M6            M7
              ________      ________      ________      ________      ________
                0.000         0.000         0.000         0.000         0.000


           NU
              M8            M9            M10           M11           M12
              ________      ________      ________      ________      ________
                0.000         0.000         0.000         0.000         0.000


           NU
              Y1            Y2            Y3            X3P1          X2P2
              ________      ________      ________      ________      ________
                0.590         0.837         1.245         0.000         0.000


           NU
              X1P3
              ________
                0.000


           LAMBDA
              X             M             Y             XM
              ________      ________      ________      ________
 X1             0.850         0.000         0.000         0.000
 X2             0.528         0.000         0.000         0.000
 X3             1.000         0.000         0.000         0.000
 M1             0.000         1.685         0.000         0.000
 M2             0.000        -0.230         0.000         0.000
 M3             0.000         0.367         0.000         0.000
 M4             0.000         1.275         0.000         0.000
 M5             0.000         0.662         0.000         0.000
 M6             0.000         2.091         0.000         0.000
 M7             0.000         0.070         0.000         0.000
 M8             0.000         0.885         0.000         0.000
 M9             0.000         0.356         0.000         0.000
 M10            0.000         0.655         0.000         0.000
 M11            0.000         0.673         0.000         0.000
 M12            0.000         1.000         0.000         0.000
 Y1             0.000         0.000         0.353         0.000
 Y2             0.000         0.000         0.584         0.000
 Y3             0.000         0.000         1.000         0.000
 X3P1           0.000         0.000         0.000         1.000
 X2P2           0.000         0.000         0.000         0.773
 X1P3           0.000         0.000         0.000         2.138


           THETA
              X1            X2            X3            M1            M2
              ________      ________      ________      ________      ________
 X1             0.125
 X2             0.000         0.123
 X3             0.000         0.000         0.124
 M1             0.000         0.000         0.000         1.231
 M2             0.000         0.000         0.000         0.000         1.348
 M3             0.000         0.000         0.000         0.000         0.000
 M4             0.000         0.000         0.000         0.000         0.000
 M5             0.000         0.000         0.000         0.000         0.000
 M6             0.000         0.000         0.000         0.000         0.000
 M7             0.000         0.000         0.000         0.000         0.000
 M8             0.000         0.000         0.000         0.000         0.000
 M9             0.000         0.000         0.000         0.000         0.000
 M10            0.000         0.000         0.000         0.000         0.000
 M11            0.000         0.000         0.000         0.000         0.000
 M12            0.000         0.000         0.000         0.000         0.000
 Y1             0.000         0.000         0.000         0.000         0.000
 Y2             0.000         0.000         0.000         0.000         0.000
 Y3             0.000         0.000         0.000         0.000         0.000
 X3P1           0.000         0.000         0.000         0.000         0.000
 X2P2           0.000         0.000         0.000         0.000         0.000
 X1P3           0.000         0.000         0.000         0.000         0.000


           THETA
              M3            M4            M5            M6            M7
              ________      ________      ________      ________      ________
 M3             1.327
 M4             0.000         1.323
 M5             0.000         0.000         1.275
 M6             0.000         0.000         0.000         1.333
 M7             0.000         0.000         0.000         0.000         1.187
 M8             0.000         0.000         0.000         0.000         0.000
 M9             0.000         0.000         0.000         0.000         0.000
 M10            0.000         0.000         0.000         0.000         0.000
 M11            0.000         0.000         0.000         0.000         0.000
 M12            0.000         0.000         0.000         0.000         0.000
 Y1             0.000         0.000         0.000         0.000         0.000
 Y2             0.000         0.000         0.000         0.000         0.000
 Y3             0.000         0.000         0.000         0.000         0.000
 X3P1           0.000         0.000         0.000         0.000         0.000
 X2P2           0.000         0.000         0.000         0.000         0.000
 X1P3           0.000         0.000         0.000         0.000         0.000


           THETA
              M8            M9            M10           M11           M12
              ________      ________      ________      ________      ________
 M8             1.367
 M9             0.000         1.199
 M10            0.000         0.000         1.088
 M11            0.000         0.000         0.000         1.201
 M12            0.000         0.000         0.000         0.000         1.088
 Y1             0.000         0.000         0.000         0.000         0.000
 Y2             0.000         0.000         0.000         0.000         0.000
 Y3             0.000         0.000         0.000         0.000         0.000
 X3P1           0.000         0.000         0.000         0.000         0.000
 X2P2           0.000         0.000         0.000         0.000         0.000
 X1P3           0.000         0.000         0.000         0.000         0.000


           THETA
              Y1            Y2            Y3            X3P1          X2P2
              ________      ________      ________      ________      ________
 Y1             0.317
 Y2             0.000         0.418
 Y3             0.000         0.000         0.805
 X3P1           0.000         0.000         0.000         0.092
 X2P2           0.000         0.000         0.000         0.000         0.139
 X1P3           0.000         0.000         0.000         0.000         0.000


           THETA
              X1P3
              ________
 X1P3           0.102


           ALPHA
              X             M             Y             XM
              ________      ________      ________      ________
                0.000         0.000         0.000         0.000


           BETA
              X             M             Y             XM
              ________      ________      ________      ________
 X              0.000         0.000         0.000         0.000
 M              0.000         0.000         0.000         0.000
 Y              0.000         0.000         0.000         0.000
 XM             0.000         0.000         0.000         0.000


           PSI
              X             M             Y             XM
              ________      ________      ________      ________
 X              0.050
 M              0.000         0.050
 Y              0.000         0.000         0.050
 XM             0.000         0.000         0.000         0.050


     STARTING VALUES FOR THE ADDITIONAL PARAMETERS


           New/Additional Parameters
              VAR_Y         STD_B1        STD_B2        STD_B3
              ________      ________      ________      ________
                0.500         0.500         0.500         0.500


RESULTS SAVING INFORMATION

  Order of data

    Parameter estimates
     (saved in order shown in Technical 1 output)
    Standard errors
     (saved in order shown in Technical 1 output)
    Number of Free Parameters
    H0 Loglikelihood
    H0 Scaling Correction Factor for MLR
    H1 Loglikelihood
    H1 Scaling Correction Factor for MLR
    Akaike (AIC)
    Bayesian (BIC)
    Sample-Size Adjusted BIC
    Chi-square : Value
    Chi-square : Degrees of Freedom
    Chi-square : P-Value
    Chi-square : Scaling Correction Factor for MLR/MLM/WLSM
    CFI
    TLI
    RMSEA : Estimate
    RMSEA : Low CI
    RMSEA : High CI
    RMSEA : Probability
    SRMR
    Condition Number

  Save file
    parcelupi_results_1418.dat

  Save file format           Free


     Beginning Time:  15:37:27
        Ending Time:  15:37:29
       Elapsed Time:  00:00:02



MUTHEN & MUTHEN
3463 Stoner Ave.
Los Angeles, CA  90066

Tel: (310) 391-9971
Fax: (310) 391-8971
Web: www.StatModel.com
Support: Support@StatModel.com

Copyright (c) 1998-2022 Muthen & Muthen
