Mplus VERSION 8.8 (Mac)
MUTHEN & MUTHEN
07/27/2025   8:28 PM

INPUT INSTRUCTIONS


    TITLE: Parceling Unconstrained Product Indicator

    DATA:
      FILE = parcelupi_simdat_322.dat;
      FORMAT IS FREE;

    VARIABLE:
      NAMES = x1 x2 x3
      	    m1 m2 m3 m4 m5 m6
      	    m7 m8 m9 m10 m11 m12
      	    y1 y2 y3
      	    p1 p2 p3
      	    x3p1 x2p2 x1p3;
      USEVARIABLES = x1 x2 x3
      	    m1 m2 m3 m4 m5 m6
      	    m7 m8 m9 m10 m11 m12
      	    y1 y2 y3
      	    x3p1 x2p2 x1p3;

    ANALYSIS:
      TYPE = general;
      ESTIMATOR = MLR;
    MODEL:
      !measurement model
      X BY x3 x2 x1;
      X (var_X);
      M BY m12 m11 m10 m9 m8 m7 m6 m5 m4 m3 m2 m1;
      M (var_M);
      Y BY y3 y2 y1;
      Y (resvar_Y);
      XM BY x3p1 x2p2 x1p3;
      XM (var_XM);

      !covariances between predictors
      X WITH M (cov_XM);
      X WITH XM (cov_XXM);
      M WITH XM (cov_MXM);

      !structural model
      Y ON X (b1);
      Y ON M (b2);
      Y ON XM (b3);

    MODEL CONSTRAINT:

      NEW(var_Y std_b1 std_b2 std_b3);
      var_Y = resvar_Y +
       (b1^2 * var_X +
        b2^2 * var_M +
        b3^2 * var_XM +
        2 * b1 * b2 * cov_XM +
        2 * b1 * b3 * cov_XXM +
        2 * b2 * b3 * cov_MXM);

        std_b1 = b1 * sqrt(var_X) / sqrt(var_Y);
        std_b2 = b2 * sqrt(var_M) / sqrt(var_Y);
        std_b3 = b3 * sqrt(var_X) * sqrt(var_M) / sqrt(var_Y);

    OUTPUT:
      sampstat tech1 CINTERVAL;

    SAVEDATA:
      RESULTS = parcelupi_results_322.dat;




INPUT READING TERMINATED NORMALLY



Parceling Unconstrained Product Indicator

SUMMARY OF ANALYSIS

Number of groups                                                 1
Number of observations                                         100

Number of dependent variables                                   21
Number of independent variables                                  0
Number of continuous latent variables                            4

Observed dependent variables

  Continuous
   X1          X2          X3          M1          M2          M3
   M4          M5          M6          M7          M8          M9
   M10         M11         M12         Y1          Y2          Y3
   X3P1        X2P2        X1P3

Continuous latent variables
   X           M           Y           XM


Estimator                                                      MLR
Information matrix                                        OBSERVED
Maximum number of iterations                                  1000
Convergence criterion                                    0.500D-04
Maximum number of steepest descent iterations                   20

Input data file(s)
  parcelupi_simdat_322.dat

Input data format  FREE


SAMPLE STATISTICS


     SAMPLE STATISTICS


           Means
              X1            X2            X3            M1            M2
              ________      ________      ________      ________      ________
                0.000         0.000         0.000         0.000         0.000


           Means
              M3            M4            M5            M6            M7
              ________      ________      ________      ________      ________
                0.000         0.000         0.000         0.000         0.000


           Means
              M8            M9            M10           M11           M12
              ________      ________      ________      ________      ________
                0.000         0.000         0.000         0.000         0.000


           Means
              Y1            Y2            Y3            X3P1          X2P2
              ________      ________      ________      ________      ________
                0.485         0.741         1.078         0.000         0.000


           Means
              X1P3
              ________
                0.000


           Covariances
              X1            X2            X3            M1            M2
              ________      ________      ________      ________      ________
 X1             0.250
 X2             0.050         0.250
 X3             0.074         0.085         0.249
 M1             0.105         0.065         0.125         2.390
 M2             0.081        -0.030         0.022        -0.141         2.536
 M3             0.058         0.145         0.089         0.449        -0.188
 M4             0.182        -0.045         0.050         0.092         0.050
 M5             0.003        -0.050         0.054         0.489         0.132
 M6             0.045        -0.055         0.035         0.030         0.069
 M7             0.141         0.090         0.061         0.640        -0.102
 M8            -0.027        -0.060        -0.005        -0.222         0.080
 M9             0.083         0.090        -0.045         0.568        -0.150
 M10           -0.049        -0.030        -0.028        -0.271         0.006
 M11           -0.157         0.025         0.052         0.081        -0.135
 M12            0.015         0.045         0.025         0.370        -0.171
 Y1             0.100         0.025         0.077         0.396         0.127
 Y2             0.082         0.063         0.114         0.252        -0.078
 Y3             0.114         0.095         0.176         0.309        -0.184
 X3P1           0.043         0.017         0.002         0.050         0.036
 X2P2           0.014         0.000         0.007        -0.070         0.040
 X1P3           0.002         0.048         0.008         0.066         0.014


           Covariances
              M3            M4            M5            M6            M7
              ________      ________      ________      ________      ________
 M3             2.533
 M4             0.342         2.621
 M5             0.132         0.144         2.240
 M6             0.119         0.012         0.239         2.350
 M7             0.435         0.497         0.474         0.330         2.238
 M8             0.579         0.227         0.488         0.578         0.554
 M9             0.499         0.587         0.418         0.248         0.684
 M10            0.682        -0.020         0.122         0.039         0.228
 M11            0.282         0.105         0.503         0.541         0.464
 M12            0.629         0.382         0.259         0.350         0.800
 Y1             0.243         0.120         0.124         0.020         0.213
 Y2             0.299         0.099         0.018         0.113         0.212
 Y3             0.362        -0.010         0.067         0.215         0.340
 X3P1           0.002        -0.003        -0.042        -0.093         0.045
 X2P2          -0.036         0.133         0.055         0.033        -0.095
 X1P3          -0.011        -0.207        -0.017        -0.056        -0.069


           Covariances
              M8            M9            M10           M11           M12
              ________      ________      ________      ________      ________
 M8             2.174
 M9             0.264         2.394
 M10            0.850         0.300         2.356
 M11            0.944         0.824         0.745         2.162
 M12            0.718         0.828         0.939         1.241         2.070
 Y1             0.087         0.285         0.081         0.048         0.184
 Y2             0.227         0.195         0.316         0.193         0.203
 Y3             0.318         0.134         0.046         0.241         0.378
 X3P1          -0.033         0.012        -0.049        -0.089        -0.002
 X2P2          -0.005         0.036         0.016         0.099         0.073
 X1P3          -0.133         0.012        -0.073        -0.082        -0.028


           Covariances
              Y1            Y2            Y3            X3P1          X2P2
              ________      ________      ________      ________      ________
 Y1             0.761
 Y2             0.470         0.999
 Y3             0.485         0.645         1.278
 X3P1           0.024         0.018         0.053         0.235
 X2P2           0.017        -0.009         0.005         0.032         0.204
 X1P3           0.003        -0.047         0.022         0.064         0.011


           Covariances
              X1P3
              ________
 X1P3           0.201


           Correlations
              X1            X2            X3            M1            M2
              ________      ________      ________      ________      ________
 X1             1.000
 X2             0.200         1.000
 X3             0.298         0.341         1.000
 M1             0.136         0.084         0.162         1.000
 M2             0.102        -0.038         0.027        -0.057         1.000
 M3             0.072         0.182         0.112         0.182        -0.074
 M4             0.225        -0.056         0.062         0.037         0.019
 M5             0.004        -0.067         0.073         0.211         0.055
 M6             0.059        -0.072         0.046         0.013         0.028
 M7             0.188         0.120         0.082         0.277        -0.043
 M8            -0.036        -0.081        -0.007        -0.097         0.034
 M9             0.108         0.116        -0.059         0.238        -0.061
 M10           -0.064        -0.039        -0.037        -0.114         0.003
 M11           -0.213         0.034         0.071         0.036        -0.057
 M12            0.021         0.063         0.035         0.166        -0.074
 Y1             0.231         0.056         0.177         0.294         0.091
 Y2             0.165         0.127         0.229         0.163        -0.049
 Y3             0.202         0.167         0.311         0.177        -0.102
 X3P1           0.177         0.068         0.010         0.067         0.046
 X2P2           0.063         0.000         0.029        -0.101         0.056
 X1P3           0.009         0.213         0.035         0.096         0.019


           Correlations
              M3            M4            M5            M6            M7
              ________      ________      ________      ________      ________
 M3             1.000
 M4             0.133         1.000
 M5             0.055         0.059         1.000
 M6             0.049         0.005         0.104         1.000
 M7             0.183         0.205         0.212         0.144         1.000
 M8             0.247         0.095         0.221         0.256         0.251
 M9             0.203         0.234         0.180         0.105         0.295
 M10            0.279        -0.008         0.053         0.017         0.099
 M11            0.120         0.044         0.228         0.240         0.211
 M12            0.275         0.164         0.120         0.159         0.371
 Y1             0.175         0.085         0.095         0.015         0.163
 Y2             0.188         0.061         0.012         0.074         0.142
 Y3             0.201        -0.005         0.039         0.124         0.201
 X3P1           0.002        -0.004        -0.058        -0.125         0.063
 X2P2          -0.050         0.182         0.081         0.047        -0.140
 X1P3          -0.015        -0.286        -0.025        -0.082        -0.103


           Correlations
              M8            M9            M10           M11           M12
              ________      ________      ________      ________      ________
 M8             1.000
 M9             0.116         1.000
 M10            0.376         0.126         1.000
 M11            0.436         0.362         0.330         1.000
 M12            0.339         0.372         0.425         0.587         1.000
 Y1             0.067         0.211         0.060         0.037         0.147
 Y2             0.154         0.126         0.206         0.131         0.141
 Y3             0.191         0.077         0.026         0.145         0.232
 X3P1          -0.046         0.016        -0.066        -0.124        -0.003
 X2P2          -0.008         0.051         0.023         0.150         0.113
 X1P3          -0.202         0.018        -0.107        -0.125        -0.043


           Correlations
              Y1            Y2            Y3            X3P1          X2P2
              ________      ________      ________      ________      ________
 Y1             1.000
 Y2             0.539         1.000
 Y3             0.492         0.571         1.000
 X3P1           0.057         0.037         0.097         1.000
 X2P2           0.042        -0.020         0.010         0.144         1.000
 X1P3           0.007        -0.105         0.044         0.296         0.056


           Correlations
              X1P3
              ________
 X1P3           1.000


UNIVARIATE SAMPLE STATISTICS


     UNIVARIATE HIGHER-ORDER MOMENT DESCRIPTIVE STATISTICS

         Variable/         Mean/     Skewness/   Minimum/ % with                Percentiles
        Sample Size      Variance    Kurtosis    Maximum  Min/Max      20%/60%    40%/80%    Median

     X1                    0.000       0.080      -0.480   52.00%      -0.480     -0.480     -0.480
             100.000       0.250      -1.994       0.520   48.00%       0.520      0.520
     X2                    0.000       0.000      -0.500   50.00%      -0.500     -0.500      0.000
             100.000       0.250      -2.000       0.500   50.00%       0.500      0.500
     X3                    0.000       0.120      -0.470   53.00%      -0.470     -0.470     -0.470
             100.000       0.249      -1.986       0.530   47.00%       0.530      0.530
     M1                    0.000      -0.065      -2.010   27.00%      -2.010     -1.010     -0.010
             100.000       2.390      -1.509       1.990   24.00%       0.990      1.990
     M2                    0.000      -0.083      -2.060   28.00%      -2.060     -0.060     -0.060
             100.000       2.536      -1.538       1.940   29.00%       0.940      1.940
     M3                    0.000      -0.065      -2.130   24.00%      -2.130     -0.130     -0.130
             100.000       2.533      -1.537       1.870   34.00%       0.870      1.870
     M4                    0.000       0.163      -1.830   34.00%      -1.830     -0.830      0.170
             100.000       2.621      -1.564       2.170   26.00%       0.170      2.170
     M5                    0.000      -0.132      -2.140   21.00%      -2.140     -0.140     -0.140
             100.000       2.240      -1.405       1.860   27.00%       0.860      1.860
     M6                    0.000      -0.067      -2.010   27.00%      -2.010     -0.010     -0.010
             100.000       2.350      -1.465       1.990   24.00%       0.990      1.990
     M7                    0.000       0.057      -2.040   21.00%      -2.040     -1.040     -0.040
             100.000       2.238      -1.390       1.960   28.00%      -0.040      1.960
     M8                    0.000      -0.165      -2.160   21.00%      -2.160     -0.160     -0.160
             100.000       2.174      -1.316       1.840   27.00%       0.840      1.840
     M9                    0.000      -0.139      -2.160   22.00%      -2.160     -0.160     -0.160
             100.000       2.394      -1.496       1.840   30.00%       0.840      1.840
     M10                   0.000      -0.051      -2.060   24.00%      -2.060     -1.060     -0.060
             100.000       2.356      -1.474       1.940   27.00%       0.940      1.940
     M11                   0.000       0.118      -1.910   24.00%      -1.910     -0.910      0.090
             100.000       2.162      -1.348       2.090   22.00%       0.090      2.090
     M12                   0.000      -0.118      -2.010   24.00%      -2.010     -0.010     -0.010
             100.000       2.070      -1.310       1.990   19.00%       0.990      0.990
     Y1                    0.485      -0.134      -1.831    1.00%      -0.259      0.352      0.576
             100.000       0.761      -0.081       2.716    1.00%       0.751      1.153
     Y2                    0.741      -0.343      -2.007    1.00%      -0.138      0.527      0.759
             100.000       0.999      -0.038       2.869    1.00%       1.109      1.558
     Y3                    1.078       0.359      -2.008    1.00%       0.271      0.749      0.992
             100.000       1.278       1.110       4.519    1.00%       1.296      1.895
     X3P1                  0.000      -0.138      -1.100    1.00%      -0.438     -0.155      0.021
             100.000       0.235      -0.675       0.902    1.00%       0.092      0.357
     X2P2                  0.000       0.036      -1.005    1.00%      -0.438     -0.130     -0.005
             100.000       0.204      -0.719       0.995    1.00%       0.062      0.438
     X1P3                  0.000      -0.280      -1.120    1.00%      -0.470     -0.080      0.050
             100.000       0.201      -0.669       0.830    2.00%       0.180      0.440


     THIS ANALYSIS MAY HAVE MULTIPLE SOLUTIONS.  EXPLORE THIS USING RANDOM STARTS,
     FOR EXAMPLE, STARTS = 20.  USE A LARGE ENOUGH NUMBER OF STARTS SO THAT THE
     BEST FIT FUNCTION VALUE IS REPLICATED SEVERAL TIMES.


THE MODEL ESTIMATION TERMINATED NORMALLY

     THE STANDARD ERRORS OF THE MODEL PARAMETER ESTIMATES MAY NOT BE
     TRUSTWORTHY FOR SOME PARAMETERS DUE TO A NON-POSITIVE DEFINITE
     FIRST-ORDER DERIVATIVE PRODUCT MATRIX.  THIS MAY BE DUE TO THE STARTING
     VALUES BUT MAY ALSO BE AN INDICATION OF MODEL NONIDENTIFICATION.  THE
     CONDITION NUMBER IS      -0.343D-17.  PROBLEM INVOLVING THE FOLLOWING PARAMETER:
     Parameter 40, X2

     THIS IS MOST LIKELY DUE TO VARIABLE X1 BEING DICHOTOMOUS BUT
     DECLARED AS CONTINUOUS.




MODEL FIT INFORMATION

Number of Free Parameters                       69

Loglikelihood

          H0 Value                       -2908.364
          H0 Scaling Correction Factor      0.9593
            for MLR
          H1 Value                       -2811.656
          H1 Scaling Correction Factor      0.9595
            for MLR

Information Criteria

          Akaike (AIC)                    5954.728
          Bayesian (BIC)                  6134.485
          Sample-Size Adjusted BIC        5916.565
            (n* = (n + 2) / 24)

Chi-Square Test of Model Fit

          Value                            201.559*
          Degrees of Freedom                   183
          P-Value                           0.1651
          Scaling Correction Factor         0.9596
            for MLR

*   The chi-square value for MLM, MLMV, MLR, ULSMV, WLSM and WLSMV cannot be used
    for chi-square difference testing in the regular way.  MLM, MLR and WLSM
    chi-square difference testing is described on the Mplus website.  MLMV, WLSMV,
    and ULSMV difference testing is done using the DIFFTEST option.

RMSEA (Root Mean Square Error Of Approximation)

          Estimate                           0.032
          90 Percent C.I.                    0.000  0.056
          Probability RMSEA <= .05           0.880

CFI/TLI

          CFI                                0.927
          TLI                                0.917

Chi-Square Test of Model Fit for the Baseline Model

          Value                            465.060
          Degrees of Freedom                   210
          P-Value                           0.0000

SRMR (Standardized Root Mean Square Residual)

          Value                              0.076



MODEL RESULTS

                                                    Two-Tailed
                    Estimate       S.E.  Est./S.E.    P-Value

 X        BY
    X3                 1.000      0.000    999.000    999.000
    X2                 0.713      0.300      2.377      0.017
    X1                 0.705      0.322      2.191      0.028

 M        BY
    M12                1.000      0.000    999.000    999.000
    M11                0.922      0.125      7.392      0.000
    M10                0.652      0.148      4.417      0.000
    M9                 0.658      0.122      5.376      0.000
    M8                 0.695      0.177      3.917      0.000
    M7                 0.602      0.139      4.327      0.000
    M6                 0.357      0.164      2.176      0.030
    M5                 0.354      0.159      2.219      0.026
    M4                 0.282      0.158      1.789      0.074
    M3                 0.508      0.163      3.117      0.002
    M2                -0.100      0.152     -0.654      0.513
    M1                 0.249      0.178      1.398      0.162

 Y        BY
    Y3                 1.000      0.000    999.000    999.000
    Y2                 0.891      0.204      4.368      0.000
    Y1                 0.682      0.134      5.084      0.000

 XM       BY
    X3P1               1.000      0.000    999.000    999.000
    X2P2               0.269      0.249      1.078      0.281
    X1P3               0.758      2.333      0.325      0.745

 Y        ON
    X                  1.175      0.594      1.980      0.048
    M                  0.226      0.109      2.069      0.039
    XM                 0.034      0.999      0.034      0.973

 X        WITH
    M                  0.031      0.063      0.493      0.622
    XM                 0.021      0.022      0.960      0.337

 M        WITH
    XM                -0.047      0.106     -0.447      0.655

 Intercepts
    X1                 0.000      0.050      0.000      1.000
    X2                 0.000      0.050      0.000      1.000
    X3                 0.000      0.050      0.000      1.000
    M1                 0.000      0.155      0.000      1.000
    M2                 0.000      0.159      0.000      1.000
    M3                 0.000      0.159      0.000      1.000
    M4                 0.000      0.162      0.000      1.000
    M5                 0.000      0.150      0.000      1.000
    M6                 0.000      0.153      0.000      1.000
    M7                 0.000      0.150      0.000      1.000
    M8                 0.000      0.147      0.000      1.000
    M9                 0.000      0.155      0.000      1.000
    M10                0.000      0.154      0.000      1.000
    M11                0.000      0.147      0.000      1.000
    M12                0.000      0.144      0.000      1.000
    Y1                 0.485      0.087      5.558      0.000
    Y2                 0.741      0.100      7.416      0.000
    Y3                 1.078      0.113      9.535      0.000
    X3P1               0.000      0.048      0.000      1.000
    X2P2               0.000      0.045      0.000      1.000
    X1P3               0.000      0.045      0.000      1.000

 Variances
    X                  0.111      0.054      2.041      0.041
    M                  1.257      0.263      4.786      0.000
    XM                 0.086      0.265      0.325      0.745

 Residual Variances
    X1                 0.195      0.033      5.877      0.000
    X2                 0.194      0.033      5.811      0.000
    X3                 0.139      0.055      2.537      0.011
    M1                 2.312      0.184     12.545      0.000
    M2                 2.524      0.175     14.411      0.000
    M3                 2.209      0.218     10.117      0.000
    M4                 2.521      0.192     13.138      0.000
    M5                 2.083      0.192     10.861      0.000
    M6                 2.189      0.206     10.603      0.000
    M7                 1.783      0.228      7.810      0.000
    M8                 1.568      0.245      6.410      0.000
    M9                 1.850      0.243      7.624      0.000
    M10                1.822      0.242      7.518      0.000
    M11                1.093      0.244      4.477      0.000
    M12                0.813      0.210      3.868      0.000
    Y1                 0.420      0.084      5.007      0.000
    Y2                 0.417      0.119      3.495      0.000
    Y3                 0.544      0.110      4.933      0.000
    X3P1               0.149      0.261      0.571      0.568
    X2P2               0.198      0.031      6.491      0.000
    X1P3               0.151      0.157      0.964      0.335
    Y                  0.499      0.142      3.517      0.000

New/Additional Parameters
    VAR_Y              0.734      0.236      3.109      0.002
    STD_B1             0.456      0.146      3.131      0.002
    STD_B2             0.296      0.129      2.300      0.021
    STD_B3             0.015      0.436      0.034      0.973


QUALITY OF NUMERICAL RESULTS

     Condition Number for the Information Matrix              0.242E-03
       (ratio of smallest to largest eigenvalue)


CONFIDENCE INTERVALS OF MODEL RESULTS

                  Lower .5%  Lower 2.5%    Lower 5%    Estimate    Upper 5%  Upper 2.5%   Upper .5%

 X        BY
    X3               1.000       1.000       1.000       1.000       1.000       1.000       1.000
    X2              -0.060       0.125       0.220       0.713       1.207       1.301       1.486
    X1              -0.124       0.074       0.176       0.705       1.234       1.335       1.534

 M        BY
    M12              1.000       1.000       1.000       1.000       1.000       1.000       1.000
    M11              0.601       0.678       0.717       0.922       1.127       1.167       1.243
    M10              0.272       0.363       0.409       0.652       0.895       0.941       1.032
    M9               0.343       0.418       0.457       0.658       0.859       0.898       0.973
    M8               0.238       0.347       0.403       0.695       0.986       1.042       1.151
    M7               0.244       0.329       0.373       0.602       0.831       0.875       0.960
    M6              -0.066       0.035       0.087       0.357       0.628       0.680       0.781
    M5              -0.057       0.041       0.091       0.354       0.616       0.666       0.764
    M4              -0.124      -0.027       0.023       0.282       0.541       0.591       0.688
    M3               0.088       0.188       0.240       0.508       0.776       0.827       0.927
    M2              -0.492      -0.398      -0.350      -0.100       0.151       0.199       0.293
    M1              -0.210      -0.100      -0.044       0.249       0.541       0.597       0.707

 Y        BY
    Y3               1.000       1.000       1.000       1.000       1.000       1.000       1.000
    Y2               0.366       0.491       0.555       0.891       1.226       1.291       1.416
    Y1               0.337       0.419       0.462       0.682       0.903       0.945       1.028

 XM       BY
    X3P1             1.000       1.000       1.000       1.000       1.000       1.000       1.000
    X2P2            -0.373      -0.220      -0.141       0.269       0.679       0.758       0.911
    X1P3            -5.251      -3.815      -3.080       0.758       4.597       5.332       6.768

 Y        ON
    X               -0.353       0.012       0.199       1.175       2.152       2.339       2.704
    M               -0.055       0.012       0.046       0.226       0.406       0.441       0.508
    XM              -2.538      -1.923      -1.609       0.034       1.677       1.991       2.606

 X        WITH
    M               -0.131      -0.092      -0.072       0.031       0.134       0.154       0.193
    XM              -0.036      -0.022      -0.015       0.021       0.058       0.065       0.079

 M        WITH
    XM              -0.320      -0.255      -0.222      -0.047       0.127       0.160       0.226

 Intercepts
    X1              -0.129      -0.098      -0.082       0.000       0.082       0.098       0.129
    X2              -0.129      -0.098      -0.082       0.000       0.082       0.098       0.129
    X3              -0.129      -0.098      -0.082       0.000       0.082       0.098       0.129
    M1              -0.398      -0.303      -0.254       0.000       0.254       0.303       0.398
    M2              -0.410      -0.312      -0.262       0.000       0.262       0.312       0.410
    M3              -0.410      -0.312      -0.262       0.000       0.262       0.312       0.410
    M4              -0.417      -0.317      -0.266       0.000       0.266       0.317       0.417
    M5              -0.386      -0.293      -0.246       0.000       0.246       0.293       0.386
    M6              -0.395      -0.300      -0.252       0.000       0.252       0.300       0.395
    M7              -0.385      -0.293      -0.246       0.000       0.246       0.293       0.385
    M8              -0.380      -0.289      -0.243       0.000       0.243       0.289       0.380
    M9              -0.399      -0.303      -0.255       0.000       0.255       0.303       0.399
    M10             -0.395      -0.301      -0.253       0.000       0.253       0.301       0.395
    M11             -0.379      -0.288      -0.242       0.000       0.242       0.288       0.379
    M12             -0.371      -0.282      -0.237       0.000       0.237       0.282       0.371
    Y1               0.260       0.314       0.341       0.485       0.629       0.656       0.710
    Y2               0.484       0.545       0.577       0.741       0.906       0.937       0.999
    Y3               0.787       0.856       0.892       1.078       1.264       1.300       1.369
    X3P1            -0.125      -0.095      -0.080       0.000       0.080       0.095       0.125
    X2P2            -0.116      -0.089      -0.074       0.000       0.074       0.089       0.116
    X1P3            -0.115      -0.088      -0.074       0.000       0.074       0.088       0.115

 Variances
    X               -0.029       0.004       0.021       0.111       0.200       0.217       0.250
    M                0.581       0.742       0.825       1.257       1.689       1.772       1.934
    XM              -0.597      -0.434      -0.350       0.086       0.522       0.606       0.769

 Residual Variances
    X1               0.109       0.130       0.140       0.195       0.249       0.260       0.280
    X2               0.108       0.128       0.139       0.194       0.249       0.259       0.280
    X3              -0.002       0.032       0.049       0.139       0.228       0.246       0.279
    M1               1.837       1.951       2.009       2.312       2.615       2.673       2.787
    M2               2.073       2.181       2.236       2.524       2.812       2.867       2.975
    M3               1.647       1.781       1.850       2.209       2.568       2.637       2.771
    M4               2.027       2.145       2.206       2.521       2.837       2.897       3.016
    M5               1.589       1.707       1.768       2.083       2.399       2.459       2.577
    M6               1.657       1.785       1.850       2.189       2.529       2.594       2.721
    M7               1.195       1.336       1.407       1.783       2.158       2.230       2.371
    M8               0.938       1.089       1.166       1.568       1.970       2.047       2.198
    M9               1.225       1.374       1.451       1.850       2.249       2.326       2.475
    M10              1.198       1.347       1.423       1.822       2.220       2.297       2.446
    M11              0.464       0.614       0.691       1.093       1.494       1.571       1.722
    M12              0.272       0.401       0.467       0.813       1.158       1.224       1.354
    Y1               0.204       0.255       0.282       0.420       0.557       0.584       0.635
    Y2               0.110       0.183       0.221       0.417       0.613       0.650       0.724
    Y3               0.260       0.328       0.363       0.544       0.726       0.761       0.829
    X3P1            -0.522      -0.362      -0.280       0.149       0.577       0.659       0.820
    X2P2             0.120       0.138       0.148       0.198       0.248       0.258       0.277
    X1P3            -0.252      -0.156      -0.107       0.151       0.409       0.458       0.554
    Y                0.134       0.221       0.266       0.499       0.733       0.778       0.865

New/Additional Parameters
    VAR_Y            0.126       0.271       0.346       0.734       1.122       1.197       1.342
    STD_B1           0.081       0.171       0.216       0.456       0.696       0.742       0.831
    STD_B2          -0.036       0.044       0.084       0.296       0.508       0.549       0.628
    STD_B3          -1.107      -0.839      -0.702       0.015       0.731       0.869       1.137


TECHNICAL 1 OUTPUT


     PARAMETER SPECIFICATION


           NU
              X1            X2            X3            M1            M2
              ________      ________      ________      ________      ________
                  1             2             3             4             5


           NU
              M3            M4            M5            M6            M7
              ________      ________      ________      ________      ________
                  6             7             8             9            10


           NU
              M8            M9            M10           M11           M12
              ________      ________      ________      ________      ________
                 11            12            13            14            15


           NU
              Y1            Y2            Y3            X3P1          X2P2
              ________      ________      ________      ________      ________
                 16            17            18            19            20


           NU
              X1P3
              ________
                 21


           LAMBDA
              X             M             Y             XM
              ________      ________      ________      ________
 X1                22             0             0             0
 X2                23             0             0             0
 X3                 0             0             0             0
 M1                 0            24             0             0
 M2                 0            25             0             0
 M3                 0            26             0             0
 M4                 0            27             0             0
 M5                 0            28             0             0
 M6                 0            29             0             0
 M7                 0            30             0             0
 M8                 0            31             0             0
 M9                 0            32             0             0
 M10                0            33             0             0
 M11                0            34             0             0
 M12                0             0             0             0
 Y1                 0             0            35             0
 Y2                 0             0            36             0
 Y3                 0             0             0             0
 X3P1               0             0             0             0
 X2P2               0             0             0            37
 X1P3               0             0             0            38


           THETA
              X1            X2            X3            M1            M2
              ________      ________      ________      ________      ________
 X1                39
 X2                 0            40
 X3                 0             0            41
 M1                 0             0             0            42
 M2                 0             0             0             0            43
 M3                 0             0             0             0             0
 M4                 0             0             0             0             0
 M5                 0             0             0             0             0
 M6                 0             0             0             0             0
 M7                 0             0             0             0             0
 M8                 0             0             0             0             0
 M9                 0             0             0             0             0
 M10                0             0             0             0             0
 M11                0             0             0             0             0
 M12                0             0             0             0             0
 Y1                 0             0             0             0             0
 Y2                 0             0             0             0             0
 Y3                 0             0             0             0             0
 X3P1               0             0             0             0             0
 X2P2               0             0             0             0             0
 X1P3               0             0             0             0             0


           THETA
              M3            M4            M5            M6            M7
              ________      ________      ________      ________      ________
 M3                44
 M4                 0            45
 M5                 0             0            46
 M6                 0             0             0            47
 M7                 0             0             0             0            48
 M8                 0             0             0             0             0
 M9                 0             0             0             0             0
 M10                0             0             0             0             0
 M11                0             0             0             0             0
 M12                0             0             0             0             0
 Y1                 0             0             0             0             0
 Y2                 0             0             0             0             0
 Y3                 0             0             0             0             0
 X3P1               0             0             0             0             0
 X2P2               0             0             0             0             0
 X1P3               0             0             0             0             0


           THETA
              M8            M9            M10           M11           M12
              ________      ________      ________      ________      ________
 M8                49
 M9                 0            50
 M10                0             0            51
 M11                0             0             0            52
 M12                0             0             0             0            53
 Y1                 0             0             0             0             0
 Y2                 0             0             0             0             0
 Y3                 0             0             0             0             0
 X3P1               0             0             0             0             0
 X2P2               0             0             0             0             0
 X1P3               0             0             0             0             0


           THETA
              Y1            Y2            Y3            X3P1          X2P2
              ________      ________      ________      ________      ________
 Y1                54
 Y2                 0            55
 Y3                 0             0            56
 X3P1               0             0             0            57
 X2P2               0             0             0             0            58
 X1P3               0             0             0             0             0


           THETA
              X1P3
              ________
 X1P3              59


           ALPHA
              X             M             Y             XM
              ________      ________      ________      ________
                  0             0             0             0


           BETA
              X             M             Y             XM
              ________      ________      ________      ________
 X                  0             0             0             0
 M                  0             0             0             0
 Y                 60            61             0            62
 XM                 0             0             0             0


           PSI
              X             M             Y             XM
              ________      ________      ________      ________
 X                 63
 M                 64            65
 Y                  0             0            66
 XM                67            68             0            69


     PARAMETER SPECIFICATION FOR THE ADDITIONAL PARAMETERS


           New/Additional Parameters
              VAR_Y         STD_B1        STD_B2        STD_B3
              ________      ________      ________      ________
                   70            71            72            73


     STARTING VALUES


           NU
              X1            X2            X3            M1            M2
              ________      ________      ________      ________      ________
                0.000         0.000         0.000         0.000         0.000


           NU
              M3            M4            M5            M6            M7
              ________      ________      ________      ________      ________
                0.000         0.000         0.000         0.000         0.000


           NU
              M8            M9            M10           M11           M12
              ________      ________      ________      ________      ________
                0.000         0.000         0.000         0.000         0.000


           NU
              Y1            Y2            Y3            X3P1          X2P2
              ________      ________      ________      ________      ________
                0.485         0.741         1.078         0.000         0.000


           NU
              X1P3
              ________
                0.000


           LAMBDA
              X             M             Y             XM
              ________      ________      ________      ________
 X1             0.588         0.000         0.000         0.000
 X2             0.672         0.000         0.000         0.000
 X3             1.000         0.000         0.000         0.000
 M1             0.000         2.768         0.000         0.000
 M2             0.000        -0.484         0.000         0.000
 M3             0.000         0.459         0.000         0.000
 M4             0.000         1.415         0.000         0.000
 M5             0.000         0.594         0.000         0.000
 M6             0.000         0.326         0.000         0.000
 M7             0.000         1.698         0.000         0.000
 M8             0.000         0.416         0.000         0.000
 M9             0.000         1.810         0.000         0.000
 M10            0.000         0.266         0.000         0.000
 M11            0.000         0.833         0.000         0.000
 M12            0.000         1.000         0.000         0.000
 Y1             0.000         0.000         0.729         0.000
 Y2             0.000         0.000         0.969         0.000
 Y3             0.000         0.000         1.000         0.000
 X3P1           0.000         0.000         0.000         1.000
 X2P2           0.000         0.000         0.000         0.175
 X1P3           0.000         0.000         0.000         0.356


           THETA
              X1            X2            X3            M1            M2
              ________      ________      ________      ________      ________
 X1             0.125
 X2             0.000         0.125
 X3             0.000         0.000         0.125
 M1             0.000         0.000         0.000         1.195
 M2             0.000         0.000         0.000         0.000         1.268
 M3             0.000         0.000         0.000         0.000         0.000
 M4             0.000         0.000         0.000         0.000         0.000
 M5             0.000         0.000         0.000         0.000         0.000
 M6             0.000         0.000         0.000         0.000         0.000
 M7             0.000         0.000         0.000         0.000         0.000
 M8             0.000         0.000         0.000         0.000         0.000
 M9             0.000         0.000         0.000         0.000         0.000
 M10            0.000         0.000         0.000         0.000         0.000
 M11            0.000         0.000         0.000         0.000         0.000
 M12            0.000         0.000         0.000         0.000         0.000
 Y1             0.000         0.000         0.000         0.000         0.000
 Y2             0.000         0.000         0.000         0.000         0.000
 Y3             0.000         0.000         0.000         0.000         0.000
 X3P1           0.000         0.000         0.000         0.000         0.000
 X2P2           0.000         0.000         0.000         0.000         0.000
 X1P3           0.000         0.000         0.000         0.000         0.000


           THETA
              M3            M4            M5            M6            M7
              ________      ________      ________      ________      ________
 M3             1.267
 M4             0.000         1.311
 M5             0.000         0.000         1.120
 M6             0.000         0.000         0.000         1.175
 M7             0.000         0.000         0.000         0.000         1.119
 M8             0.000         0.000         0.000         0.000         0.000
 M9             0.000         0.000         0.000         0.000         0.000
 M10            0.000         0.000         0.000         0.000         0.000
 M11            0.000         0.000         0.000         0.000         0.000
 M12            0.000         0.000         0.000         0.000         0.000
 Y1             0.000         0.000         0.000         0.000         0.000
 Y2             0.000         0.000         0.000         0.000         0.000
 Y3             0.000         0.000         0.000         0.000         0.000
 X3P1           0.000         0.000         0.000         0.000         0.000
 X2P2           0.000         0.000         0.000         0.000         0.000
 X1P3           0.000         0.000         0.000         0.000         0.000


           THETA
              M8            M9            M10           M11           M12
              ________      ________      ________      ________      ________
 M8             1.087
 M9             0.000         1.197
 M10            0.000         0.000         1.178
 M11            0.000         0.000         0.000         1.081
 M12            0.000         0.000         0.000         0.000         1.035
 Y1             0.000         0.000         0.000         0.000         0.000
 Y2             0.000         0.000         0.000         0.000         0.000
 Y3             0.000         0.000         0.000         0.000         0.000
 X3P1           0.000         0.000         0.000         0.000         0.000
 X2P2           0.000         0.000         0.000         0.000         0.000
 X1P3           0.000         0.000         0.000         0.000         0.000


           THETA
              Y1            Y2            Y3            X3P1          X2P2
              ________      ________      ________      ________      ________
 Y1             0.381
 Y2             0.000         0.500
 Y3             0.000         0.000         0.639
 X3P1           0.000         0.000         0.000         0.117
 X2P2           0.000         0.000         0.000         0.000         0.102
 X1P3           0.000         0.000         0.000         0.000         0.000


           THETA
              X1P3
              ________
 X1P3           0.100


           ALPHA
              X             M             Y             XM
              ________      ________      ________      ________
                0.000         0.000         0.000         0.000


           BETA
              X             M             Y             XM
              ________      ________      ________      ________
 X              0.000         0.000         0.000         0.000
 M              0.000         0.000         0.000         0.000
 Y              0.000         0.000         0.000         0.000
 XM             0.000         0.000         0.000         0.000


           PSI
              X             M             Y             XM
              ________      ________      ________      ________
 X              0.050
 M              0.000         0.050
 Y              0.000         0.000         0.050
 XM             0.000         0.000         0.000         0.050


     STARTING VALUES FOR THE ADDITIONAL PARAMETERS


           New/Additional Parameters
              VAR_Y         STD_B1        STD_B2        STD_B3
              ________      ________      ________      ________
                0.500         0.500         0.500         0.500


RESULTS SAVING INFORMATION

  Order of data

    Parameter estimates
     (saved in order shown in Technical 1 output)
    Standard errors
     (saved in order shown in Technical 1 output)
    Number of Free Parameters
    H0 Loglikelihood
    H0 Scaling Correction Factor for MLR
    H1 Loglikelihood
    H1 Scaling Correction Factor for MLR
    Akaike (AIC)
    Bayesian (BIC)
    Sample-Size Adjusted BIC
    Chi-square : Value
    Chi-square : Degrees of Freedom
    Chi-square : P-Value
    Chi-square : Scaling Correction Factor for MLR/MLM/WLSM
    CFI
    TLI
    RMSEA : Estimate
    RMSEA : Low CI
    RMSEA : High CI
    RMSEA : Probability
    SRMR
    Condition Number

  Save file
    parcelupi_results_322.dat

  Save file format           Free


     Beginning Time:  20:28:39
        Ending Time:  20:28:41
       Elapsed Time:  00:00:02



MUTHEN & MUTHEN
3463 Stoner Ave.
Los Angeles, CA  90066

Tel: (310) 391-9971
Fax: (310) 391-8971
Web: www.StatModel.com
Support: Support@StatModel.com

Copyright (c) 1998-2022 Muthen & Muthen
