Mplus VERSION 8.8 (Mac)
MUTHEN & MUTHEN
07/27/2025   4:52 PM

INPUT INSTRUCTIONS


    TITLE: Parceling Unconstrained Product Indicator

    DATA:
      FILE = parcelupi_simdat_1368.dat;
      FORMAT IS FREE;

    VARIABLE:
      NAMES = x1 x2 x3
      	    m1 m2 m3 m4 m5 m6
      	    m7 m8 m9 m10 m11 m12
      	    y1 y2 y3
      	    p1 p2 p3
      	    x3p1 x2p2 x1p3;
      USEVARIABLES = x1 x2 x3
      	    m1 m2 m3 m4 m5 m6
      	    m7 m8 m9 m10 m11 m12
      	    y1 y2 y3
      	    x3p1 x2p2 x1p3;

    ANALYSIS:
      TYPE = general;
      ESTIMATOR = MLR;
    MODEL:
      !measurement model
      X BY x3 x2 x1;
      X (var_X);
      M BY m12 m11 m10 m9 m8 m7 m6 m5 m4 m3 m2 m1;
      M (var_M);
      Y BY y3 y2 y1;
      Y (resvar_Y);
      XM BY x3p1 x2p2 x1p3;
      XM (var_XM);

      !covariances between predictors
      X WITH M (cov_XM);
      X WITH XM (cov_XXM);
      M WITH XM (cov_MXM);

      !structural model
      Y ON X (b1);
      Y ON M (b2);
      Y ON XM (b3);

    MODEL CONSTRAINT:

      NEW(var_Y std_b1 std_b2 std_b3);
      var_Y = resvar_Y +
       (b1^2 * var_X +
        b2^2 * var_M +
        b3^2 * var_XM +
        2 * b1 * b2 * cov_XM +
        2 * b1 * b3 * cov_XXM +
        2 * b2 * b3 * cov_MXM);

        std_b1 = b1 * sqrt(var_X) / sqrt(var_Y);
        std_b2 = b2 * sqrt(var_M) / sqrt(var_Y);
        std_b3 = b3 * sqrt(var_X) * sqrt(var_M) / sqrt(var_Y);

    OUTPUT:
      sampstat tech1 CINTERVAL;

    SAVEDATA:
      RESULTS = parcelupi_results_1368.dat;




INPUT READING TERMINATED NORMALLY



Parceling Unconstrained Product Indicator

SUMMARY OF ANALYSIS

Number of groups                                                 1
Number of observations                                         100

Number of dependent variables                                   21
Number of independent variables                                  0
Number of continuous latent variables                            4

Observed dependent variables

  Continuous
   X1          X2          X3          M1          M2          M3
   M4          M5          M6          M7          M8          M9
   M10         M11         M12         Y1          Y2          Y3
   X3P1        X2P2        X1P3

Continuous latent variables
   X           M           Y           XM


Estimator                                                      MLR
Information matrix                                        OBSERVED
Maximum number of iterations                                  1000
Convergence criterion                                    0.500D-04
Maximum number of steepest descent iterations                   20

Input data file(s)
  parcelupi_simdat_1368.dat

Input data format  FREE


SAMPLE STATISTICS


     SAMPLE STATISTICS


           Means
              X1            X2            X3            M1            M2
              ________      ________      ________      ________      ________
                0.000         0.000         0.000         0.000         0.000


           Means
              M3            M4            M5            M6            M7
              ________      ________      ________      ________      ________
                0.000         0.000         0.000         0.000         0.000


           Means
              M8            M9            M10           M11           M12
              ________      ________      ________      ________      ________
                0.000         0.000         0.000         0.000         0.000


           Means
              Y1            Y2            Y3            X3P1          X2P2
              ________      ________      ________      ________      ________
                0.551         0.851         1.076         0.000         0.000


           Means
              X1P3
              ________
                0.000


           Covariances
              X1            X2            X3            M1            M2
              ________      ________      ________      ________      ________
 X1             0.248
 X2             0.050         0.250
 X3             0.099         0.100         0.250
 M1             0.198         0.017         0.017         3.047
 M2            -0.088         0.040         0.060         0.090         2.898
 M3             0.124         0.065         0.105         0.818         0.091
 M4             0.169         0.036         0.016         0.332        -0.043
 M5             0.037        -0.003         0.067         0.065         0.240
 M6             0.039         0.070         0.040         0.065         0.181
 M7             0.030         0.086         0.116        -0.032         0.316
 M8            -0.059         0.096         0.036         0.637         0.255
 M9             0.064         0.003         0.013         0.373         0.188
 M10            0.086         0.115         0.115         0.562         0.239
 M11            0.024         0.125        -0.005         0.333         0.510
 M12            0.204         0.071         0.131         0.910         0.257
 Y1             0.043         0.005         0.106         0.203         0.291
 Y2             0.018         0.036         0.055         0.186         0.159
 Y3             0.047         0.054         0.170         0.197         0.328
 X3P1          -0.002        -0.004        -0.001        -0.031        -0.007
 X2P2          -0.013        -0.001        -0.007        -0.009        -0.023
 X1P3          -0.007        -0.016        -0.013        -0.113        -0.063


           Covariances
              M3            M4            M5            M6            M7
              ________      ________      ________      ________      ________
 M3             2.689
 M4             0.002         2.485
 M5             0.562         0.088         2.292
 M6             0.169         0.291         0.465         2.560
 M7             0.113         0.014         0.243         0.162         2.682
 M8             0.184         0.181        -0.206         0.303         0.328
 M9             0.604         0.655         0.435         0.566         0.239
 M10            0.751         0.698         0.398         0.511         0.417
 M11            0.490         0.371         0.267         0.330         0.371
 M12            0.472         0.354         0.331         0.062         0.233
 Y1             0.325         0.141         0.262         0.086         0.294
 Y2             0.352        -0.077         0.323        -0.131         0.279
 Y3             0.236         0.150         0.087        -0.130         0.345
 X3P1           0.063        -0.021        -0.034        -0.061        -0.015
 X2P2           0.002        -0.134        -0.033         0.081         0.057
 X1P3          -0.046         0.086        -0.022        -0.051        -0.175


           Covariances
              M8            M9            M10           M11           M12
              ________      ________      ________      ________      ________
 M8             2.193
 M9             0.367         2.326
 M10            0.826         0.726         2.409
 M11            0.561         0.648         0.470         2.190
 M12            0.490         0.757         0.638         0.451         2.074
 Y1             0.143         0.166         0.217         0.231         0.272
 Y2             0.093         0.172         0.364         0.301         0.243
 Y3             0.105         0.062         0.364         0.223         0.357
 X3P1          -0.027         0.025         0.039         0.032        -0.049
 X2P2           0.040         0.010         0.008         0.034        -0.005
 X1P3          -0.061         0.020         0.026        -0.066        -0.045


           Covariances
              Y1            Y2            Y3            X3P1          X2P2
              ________      ________      ________      ________      ________
 Y1             0.854
 Y2             0.482         1.133
 Y3             0.649         0.716         1.195
 X3P1          -0.008         0.108         0.040         0.259
 X2P2          -0.002         0.023        -0.063         0.060         0.196
 X1P3          -0.126        -0.049        -0.124         0.063         0.027


           Covariances
              X1P3
              ________
 X1P3           0.227


           Correlations
              X1            X2            X3            M1            M2
              ________      ________      ________      ________      ________
 X1             1.000
 X2             0.199         1.000
 X3             0.400         0.400         1.000
 M1             0.227         0.020         0.020         1.000
 M2            -0.104         0.047         0.071         0.030         1.000
 M3             0.151         0.079         0.128         0.286         0.033
 M4             0.215         0.045         0.020         0.121        -0.016
 M5             0.049        -0.003         0.089         0.025         0.093
 M6             0.049         0.087         0.050         0.023         0.066
 M7             0.036         0.105         0.142        -0.011         0.113
 M8            -0.079         0.130         0.049         0.247         0.101
 M9             0.085         0.004         0.017         0.140         0.073
 M10            0.112         0.149         0.149         0.208         0.090
 M11            0.033         0.169        -0.007         0.129         0.203
 M12            0.285         0.098         0.182         0.362         0.105
 Y1             0.094         0.012         0.230         0.126         0.185
 Y2             0.033         0.067         0.102         0.100         0.088
 Y3             0.087         0.099         0.312         0.103         0.176
 X3P1          -0.009        -0.016        -0.003        -0.035        -0.008
 X2P2          -0.059        -0.006        -0.033        -0.012        -0.031
 X1P3          -0.029        -0.067        -0.055        -0.136        -0.078


           Correlations
              M3            M4            M5            M6            M7
              ________      ________      ________      ________      ________
 M3             1.000
 M4             0.001         1.000
 M5             0.226         0.037         1.000
 M6             0.065         0.116         0.192         1.000
 M7             0.042         0.005         0.098         0.062         1.000
 M8             0.076         0.077        -0.092         0.128         0.135
 M9             0.241         0.272         0.189         0.232         0.096
 M10            0.295         0.285         0.169         0.206         0.164
 M11            0.202         0.159         0.119         0.139         0.153
 M12            0.200         0.156         0.152         0.027         0.099
 Y1             0.214         0.097         0.187         0.058         0.194
 Y2             0.202        -0.046         0.201        -0.077         0.160
 Y3             0.131         0.087         0.053        -0.074         0.193
 X3P1           0.075        -0.026        -0.044        -0.075        -0.019
 X2P2           0.003        -0.192        -0.050         0.115         0.078
 X1P3          -0.059         0.115        -0.030        -0.067        -0.225


           Correlations
              M8            M9            M10           M11           M12
              ________      ________      ________      ________      ________
 M8             1.000
 M9             0.163         1.000
 M10            0.359         0.307         1.000
 M11            0.256         0.287         0.205         1.000
 M12            0.230         0.345         0.285         0.212         1.000
 Y1             0.105         0.118         0.152         0.169         0.204
 Y2             0.059         0.106         0.220         0.191         0.159
 Y3             0.065         0.037         0.214         0.138         0.227
 X3P1          -0.036         0.032         0.049         0.043        -0.067
 X2P2           0.061         0.014         0.012         0.051        -0.008
 X1P3          -0.087         0.028         0.035        -0.094        -0.065


           Correlations
              Y1            Y2            Y3            X3P1          X2P2
              ________      ________      ________      ________      ________
 Y1             1.000
 Y2             0.490         1.000
 Y3             0.643         0.616         1.000
 X3P1          -0.018         0.200         0.072         1.000
 X2P2          -0.005         0.048        -0.131         0.265         1.000
 X1P3          -0.286        -0.096        -0.237         0.258         0.130


           Correlations
              X1P3
              ________
 X1P3           1.000


UNIVARIATE SAMPLE STATISTICS


     UNIVARIATE HIGHER-ORDER MOMENT DESCRIPTIVE STATISTICS

         Variable/         Mean/     Skewness/   Minimum/ % with                Percentiles
        Sample Size      Variance    Kurtosis    Maximum  Min/Max      20%/60%    40%/80%    Median

     X1                    0.000      -0.201      -0.550   45.00%      -0.550     -0.550      0.450
             100.000       0.248      -1.960       0.450   55.00%       0.450      0.450
     X2                    0.000      -0.040      -0.510   49.00%      -0.510     -0.510      0.490
             100.000       0.250      -1.998       0.490   51.00%       0.490      0.490
     X3                    0.000      -0.040      -0.510   49.00%      -0.510     -0.510      0.490
             100.000       0.250      -1.998       0.490   51.00%       0.490      0.490
     M1                    0.000       0.239      -1.750   43.00%      -1.750     -1.750     -0.750
             100.000       3.047      -1.708       2.250   30.00%       0.250      2.250
     M2                    0.000       0.038      -1.960   35.00%      -1.960     -0.960      0.040
             100.000       2.898      -1.683       2.040   33.00%       1.040      2.040
     M3                    0.000      -0.034      -2.030   29.00%      -2.030     -1.030     -0.030
             100.000       2.689      -1.648       1.970   30.00%       0.970      1.970
     M4                    0.000       0.115      -1.930   27.00%      -1.930     -0.930      0.070
             100.000       2.485      -1.539       2.070   27.00%       0.070      2.070
     M5                    0.000      -0.238      -2.260   19.00%      -1.260     -0.260      0.240
             100.000       2.292      -1.424       1.740   31.00%       0.740      1.740
     M6                    0.000      -0.033      -2.020   29.00%      -2.020     -1.020     -0.020
             100.000       2.560      -1.546       1.980   29.00%       0.980      1.980
     M7                    0.000       0.117      -1.910   32.00%      -1.910     -0.910      0.090
             100.000       2.682      -1.584       2.090   30.00%       0.090      2.090
     M8                    0.000       0.095      -1.870   27.00%      -1.870     -0.870      0.130
             100.000       2.193      -1.381       2.130   20.00%       0.130      1.130
     M9                    0.000      -0.221      -2.210   22.00%      -2.210     -0.210     -0.210
             100.000       2.326      -1.401       1.790   30.00%       0.790      1.790
     M10                   0.000       0.066      -1.970   25.00%      -1.970     -0.970      0.030
             100.000       2.409      -1.527       2.030   26.00%       1.030      2.030
     M11                   0.000      -0.128      -2.010   26.00%      -2.010     -0.010     -0.010
             100.000       2.190      -1.389       1.990   20.00%       0.990      0.990
     M12                   0.000       0.100      -1.920   23.00%      -1.920     -0.920      0.080
             100.000       2.074      -1.285       2.080   21.00%       0.080      2.080
     Y1                    0.551       0.175      -1.933    1.00%      -0.109      0.318      0.531
             100.000       0.854       0.794       3.215    1.00%       0.697      1.270
     Y2                    0.851       0.134      -1.776    1.00%      -0.072      0.418      0.786
             100.000       1.133      -0.128       3.491    1.00%       1.070      1.794
     Y3                    1.076      -0.004      -1.676    1.00%       0.201      0.706      1.004
             100.000       1.195      -0.162       3.839    1.00%       1.345      2.099
     X3P1                  0.000       0.000      -0.961    3.00%      -0.511     -0.266     -0.068
             100.000       0.259      -1.011       0.959    1.00%       0.187      0.469
     X2P2                  0.000      -0.196      -1.072    1.00%      -0.434     -0.077     -0.052
             100.000       0.196      -0.509       0.841    3.00%       0.168      0.331
     X1P3                  0.000      -0.103      -1.179    1.00%      -0.492     -0.174      0.051
             100.000       0.227      -0.399       1.021    1.00%       0.058      0.388


     THIS ANALYSIS MAY HAVE MULTIPLE SOLUTIONS.  EXPLORE THIS USING RANDOM STARTS,
     FOR EXAMPLE, STARTS = 20.  USE A LARGE ENOUGH NUMBER OF STARTS SO THAT THE
     BEST FIT FUNCTION VALUE IS REPLICATED SEVERAL TIMES.


THE MODEL ESTIMATION TERMINATED NORMALLY

     THE STANDARD ERRORS OF THE MODEL PARAMETER ESTIMATES MAY NOT BE
     TRUSTWORTHY FOR SOME PARAMETERS DUE TO A NON-POSITIVE DEFINITE
     FIRST-ORDER DERIVATIVE PRODUCT MATRIX.  THIS MAY BE DUE TO THE STARTING
     VALUES BUT MAY ALSO BE AN INDICATION OF MODEL NONIDENTIFICATION.  THE
     CONDITION NUMBER IS      -0.121D-16.  PROBLEM INVOLVING THE FOLLOWING PARAMETER:
     Parameter 40, X2

     THIS IS MOST LIKELY DUE TO VARIABLE X1 BEING DICHOTOMOUS BUT
     DECLARED AS CONTINUOUS.




MODEL FIT INFORMATION

Number of Free Parameters                       69

Loglikelihood

          H0 Value                       -2962.197
          H0 Scaling Correction Factor      1.0129
            for MLR
          H1 Value                       -2882.231
          H1 Scaling Correction Factor      0.9507
            for MLR

Information Criteria

          Akaike (AIC)                    6062.395
          Bayesian (BIC)                  6242.152
          Sample-Size Adjusted BIC        6024.232
            (n* = (n + 2) / 24)

Chi-Square Test of Model Fit

          Value                            172.488*
          Degrees of Freedom                   183
          P-Value                           0.7003
          Scaling Correction Factor         0.9272
            for MLR

*   The chi-square value for MLM, MLMV, MLR, ULSMV, WLSM and WLSMV cannot be used
    for chi-square difference testing in the regular way.  MLM, MLR and WLSM
    chi-square difference testing is described on the Mplus website.  MLMV, WLSMV,
    and ULSMV difference testing is done using the DIFFTEST option.

RMSEA (Root Mean Square Error Of Approximation)

          Estimate                           0.000
          90 Percent C.I.                    0.000  0.036
          Probability RMSEA <= .05           0.995

CFI/TLI

          CFI                                1.000
          TLI                                1.000

Chi-Square Test of Model Fit for the Baseline Model

          Value                            431.259
          Degrees of Freedom                   210
          P-Value                           0.0000

SRMR (Standardized Root Mean Square Residual)

          Value                              0.070



MODEL RESULTS

                                                    Two-Tailed
                    Estimate       S.E.  Est./S.E.    P-Value

 X        BY
    X3                 1.000      0.000    999.000    999.000
    X2                 0.483      0.269      1.797      0.072
    X1                 0.483      0.278      1.736      0.083

 M        BY
    M12                1.000      0.000    999.000    999.000
    M11                0.835      0.286      2.918      0.004
    M10                1.217      0.366      3.325      0.001
    M9                 1.028      0.307      3.353      0.001
    M8                 0.778      0.277      2.809      0.005
    M7                 0.484      0.284      1.707      0.088
    M6                 0.516      0.297      1.738      0.082
    M5                 0.516      0.272      1.899      0.058
    M4                 0.640      0.264      2.423      0.015
    M3                 0.876      0.288      3.038      0.002
    M2                 0.434      0.274      1.584      0.113
    M1                 0.877      0.256      3.426      0.001

 Y        BY
    Y3                 1.000      0.000    999.000    999.000
    Y2                 0.736      0.177      4.152      0.000
    Y1                 0.680      0.131      5.213      0.000

 XM       BY
    X3P1               1.000      0.000    999.000    999.000
    X2P2               0.631      1.086      0.581      0.561
    X1P3               0.735      2.538      0.289      0.772

 Y        ON
    X                  0.560      0.263      2.126      0.033
    M                  0.366      0.185      1.977      0.048
    XM                -0.329      3.568     -0.092      0.927

 X        WITH
    M                  0.083      0.067      1.237      0.216
    XM                -0.009      0.023     -0.373      0.709

 M        WITH
    XM                -0.011      0.067     -0.165      0.869

 Intercepts
    X1                 0.000      0.050      0.000      1.000
    X2                 0.000      0.050      0.000      1.000
    X3                 0.000      0.050      0.000      1.000
    M1                 0.000      0.175      0.000      1.000
    M2                 0.000      0.170      0.000      1.000
    M3                 0.000      0.164      0.000      1.000
    M4                 0.000      0.158      0.000      1.000
    M5                 0.000      0.151      0.000      1.000
    M6                 0.000      0.160      0.000      1.000
    M7                 0.000      0.164      0.000      1.000
    M8                 0.000      0.148      0.000      1.000
    M9                 0.000      0.153      0.000      1.000
    M10                0.000      0.155      0.000      1.000
    M11                0.000      0.148      0.000      1.000
    M12                0.000      0.144      0.000      1.000
    Y1                 0.551      0.092      5.959      0.000
    Y2                 0.851      0.106      7.993      0.000
    Y3                 1.076      0.109      9.840      0.000
    X3P1               0.000      0.051      0.000      1.000
    X2P2               0.000      0.044      0.000      1.000
    X1P3               0.000      0.048      0.000      1.000

 Variances
    X                  0.206      0.113      1.824      0.068
    M                  0.626      0.262      2.389      0.017
    XM                 0.084      0.290      0.289      0.773

 Residual Variances
    X1                 0.199      0.033      6.078      0.000
    X2                 0.202      0.031      6.409      0.000
    X3                 0.043      0.113      0.384      0.701
    M1                 2.566      0.308      8.343      0.000
    M2                 2.781      0.196     14.162      0.000
    M3                 2.209      0.268      8.240      0.000
    M4                 2.229      0.235      9.475      0.000
    M5                 2.125      0.208     10.228      0.000
    M6                 2.393      0.205     11.684      0.000
    M7                 2.535      0.212     11.929      0.000
    M8                 1.814      0.204      8.895      0.000
    M9                 1.664      0.283      5.871      0.000
    M10                1.482      0.305      4.865      0.000
    M11                1.754      0.225      7.793      0.000
    M12                1.447      0.248      5.846      0.000
    Y1                 0.408      0.092      4.436      0.000
    Y2                 0.612      0.138      4.426      0.000
    Y3                 0.232      0.140      1.664      0.096
    X3P1               0.175      0.289      0.606      0.544
    X2P2               0.163      0.025      6.513      0.000
    X1P3               0.182      0.154      1.178      0.239
    Y                  0.765      0.201      3.813      0.000

New/Additional Parameters
    VAR_Y              0.963      0.228      4.221      0.000
    STD_B1             0.259      0.122      2.120      0.034
    STD_B2             0.295      0.147      2.006      0.045
    STD_B3            -0.121      1.295     -0.093      0.926


QUALITY OF NUMERICAL RESULTS

     Condition Number for the Information Matrix              0.171E-03
       (ratio of smallest to largest eigenvalue)


CONFIDENCE INTERVALS OF MODEL RESULTS

                  Lower .5%  Lower 2.5%    Lower 5%    Estimate    Upper 5%  Upper 2.5%   Upper .5%

 X        BY
    X3               1.000       1.000       1.000       1.000       1.000       1.000       1.000
    X2              -0.209      -0.044       0.041       0.483       0.926       1.010       1.176
    X1              -0.234      -0.062       0.025       0.483       0.941       1.028       1.200

 M        BY
    M12              1.000       1.000       1.000       1.000       1.000       1.000       1.000
    M11              0.098       0.274       0.364       0.835       1.305       1.395       1.571
    M10              0.274       0.500       0.615       1.217       1.819       1.934       2.159
    M9               0.238       0.427       0.524       1.028       1.532       1.629       1.818
    M8               0.064       0.235       0.322       0.778       1.233       1.320       1.491
    M7              -0.246      -0.072       0.018       0.484       0.951       1.040       1.215
    M6              -0.249      -0.066       0.028       0.516       1.005       1.098       1.281
    M5              -0.184      -0.016       0.069       0.516       0.964       1.049       1.217
    M4              -0.040       0.122       0.205       0.640       1.074       1.157       1.319
    M3               0.133       0.311       0.402       0.876       1.350       1.441       1.618
    M2              -0.272      -0.103      -0.017       0.434       0.884       0.970       1.139
    M1               0.218       0.375       0.456       0.877       1.298       1.378       1.536

 Y        BY
    Y3               1.000       1.000       1.000       1.000       1.000       1.000       1.000
    Y2               0.279       0.388       0.444       0.736       1.027       1.083       1.192
    Y1               0.344       0.425       0.466       0.680       0.895       0.936       1.017

 XM       BY
    X3P1             1.000       1.000       1.000       1.000       1.000       1.000       1.000
    X2P2            -2.167      -1.498      -1.156       0.631       2.418       2.760       3.429
    X1P3            -5.803      -4.240      -3.440       0.735       4.910       5.710       7.273

 Y        ON
    X               -0.118       0.044       0.127       0.560       0.993       1.075       1.238
    M               -0.111       0.003       0.061       0.366       0.671       0.729       0.843
    XM              -9.519      -7.322      -6.198      -0.329       5.540       6.664       8.861

 X        WITH
    M               -0.090      -0.049      -0.027       0.083       0.194       0.215       0.256
    XM              -0.068      -0.054      -0.047      -0.009       0.029       0.037       0.051

 M        WITH
    XM              -0.182      -0.141      -0.120      -0.011       0.098       0.119       0.160

 Intercepts
    X1              -0.128      -0.098      -0.082       0.000       0.082       0.098       0.128
    X2              -0.129      -0.098      -0.082       0.000       0.082       0.098       0.129
    X3              -0.129      -0.098      -0.082       0.000       0.082       0.098       0.129
    M1              -0.450      -0.342      -0.287       0.000       0.287       0.342       0.450
    M2              -0.439      -0.334      -0.280       0.000       0.280       0.334       0.439
    M3              -0.422      -0.321      -0.270       0.000       0.270       0.321       0.422
    M4              -0.406      -0.309      -0.259       0.000       0.259       0.309       0.406
    M5              -0.390      -0.297      -0.249       0.000       0.249       0.297       0.390
    M6              -0.412      -0.314      -0.263       0.000       0.263       0.314       0.412
    M7              -0.422      -0.321      -0.269       0.000       0.269       0.321       0.422
    M8              -0.381      -0.290      -0.244       0.000       0.244       0.290       0.381
    M9              -0.393      -0.299      -0.251       0.000       0.251       0.299       0.393
    M10             -0.400      -0.304      -0.255       0.000       0.255       0.304       0.400
    M11             -0.381      -0.290      -0.243       0.000       0.243       0.290       0.381
    M12             -0.371      -0.282      -0.237       0.000       0.237       0.282       0.371
    Y1               0.313       0.369       0.399       0.551       0.703       0.732       0.789
    Y2               0.577       0.642       0.676       0.851       1.026       1.059       1.125
    Y3               0.794       0.861       0.896       1.076       1.255       1.290       1.357
    X3P1            -0.131      -0.100      -0.084       0.000       0.084       0.100       0.131
    X2P2            -0.114      -0.087      -0.073       0.000       0.073       0.087       0.114
    X1P3            -0.123      -0.093      -0.078       0.000       0.078       0.093       0.123

 Variances
    X               -0.085      -0.015       0.020       0.206       0.393       0.428       0.498
    M               -0.049       0.112       0.195       0.626       1.058       1.140       1.302
    XM              -0.662      -0.484      -0.393       0.084       0.560       0.651       0.830

 Residual Variances
    X1               0.115       0.135       0.145       0.199       0.253       0.264       0.284
    X2               0.121       0.140       0.150       0.202       0.253       0.263       0.283
    X3              -0.248      -0.178      -0.143       0.043       0.230       0.265       0.335
    M1               1.774       1.963       2.060       2.566       3.072       3.169       3.358
    M2               2.275       2.396       2.458       2.781       3.104       3.165       3.286
    M3               1.518       1.683       1.768       2.209       2.650       2.734       2.899
    M4               1.623       1.768       1.842       2.229       2.616       2.690       2.835
    M5               1.590       1.718       1.784       2.125       2.467       2.533       2.661
    M6               1.865       1.991       2.056       2.393       2.729       2.794       2.920
    M7               1.988       2.118       2.185       2.535       2.884       2.951       3.082
    M8               1.289       1.415       1.479       1.814       2.150       2.214       2.340
    M9               0.934       1.109       1.198       1.664       2.130       2.220       2.394
    M10              0.697       0.885       0.981       1.482       1.983       2.079       2.266
    M11              1.174       1.312       1.383       1.754       2.124       2.195       2.333
    M12              0.810       0.962       1.040       1.447       1.854       1.932       2.085
    Y1               0.171       0.228       0.257       0.408       0.559       0.588       0.645
    Y2               0.256       0.341       0.384       0.612       0.839       0.883       0.968
    Y3              -0.127      -0.041       0.003       0.232       0.462       0.506       0.592
    X3P1            -0.570      -0.392      -0.300       0.175       0.651       0.743       0.921
    X2P2             0.098       0.114       0.122       0.163       0.204       0.212       0.227
    X1P3            -0.216      -0.121      -0.072       0.182       0.435       0.484       0.579
    Y                0.248       0.372       0.435       0.765       1.095       1.158       1.282

New/Additional Parameters
    VAR_Y            0.375       0.516       0.587       0.963       1.338       1.409       1.550
    STD_B1          -0.056       0.020       0.058       0.259       0.460       0.499       0.574
    STD_B2          -0.084       0.007       0.053       0.295       0.537       0.584       0.674
    STD_B3          -3.457      -2.659      -2.251      -0.121       2.010       2.418       3.216


TECHNICAL 1 OUTPUT


     PARAMETER SPECIFICATION


           NU
              X1            X2            X3            M1            M2
              ________      ________      ________      ________      ________
                  1             2             3             4             5


           NU
              M3            M4            M5            M6            M7
              ________      ________      ________      ________      ________
                  6             7             8             9            10


           NU
              M8            M9            M10           M11           M12
              ________      ________      ________      ________      ________
                 11            12            13            14            15


           NU
              Y1            Y2            Y3            X3P1          X2P2
              ________      ________      ________      ________      ________
                 16            17            18            19            20


           NU
              X1P3
              ________
                 21


           LAMBDA
              X             M             Y             XM
              ________      ________      ________      ________
 X1                22             0             0             0
 X2                23             0             0             0
 X3                 0             0             0             0
 M1                 0            24             0             0
 M2                 0            25             0             0
 M3                 0            26             0             0
 M4                 0            27             0             0
 M5                 0            28             0             0
 M6                 0            29             0             0
 M7                 0            30             0             0
 M8                 0            31             0             0
 M9                 0            32             0             0
 M10                0            33             0             0
 M11                0            34             0             0
 M12                0             0             0             0
 Y1                 0             0            35             0
 Y2                 0             0            36             0
 Y3                 0             0             0             0
 X3P1               0             0             0             0
 X2P2               0             0             0            37
 X1P3               0             0             0            38


           THETA
              X1            X2            X3            M1            M2
              ________      ________      ________      ________      ________
 X1                39
 X2                 0            40
 X3                 0             0            41
 M1                 0             0             0            42
 M2                 0             0             0             0            43
 M3                 0             0             0             0             0
 M4                 0             0             0             0             0
 M5                 0             0             0             0             0
 M6                 0             0             0             0             0
 M7                 0             0             0             0             0
 M8                 0             0             0             0             0
 M9                 0             0             0             0             0
 M10                0             0             0             0             0
 M11                0             0             0             0             0
 M12                0             0             0             0             0
 Y1                 0             0             0             0             0
 Y2                 0             0             0             0             0
 Y3                 0             0             0             0             0
 X3P1               0             0             0             0             0
 X2P2               0             0             0             0             0
 X1P3               0             0             0             0             0


           THETA
              M3            M4            M5            M6            M7
              ________      ________      ________      ________      ________
 M3                44
 M4                 0            45
 M5                 0             0            46
 M6                 0             0             0            47
 M7                 0             0             0             0            48
 M8                 0             0             0             0             0
 M9                 0             0             0             0             0
 M10                0             0             0             0             0
 M11                0             0             0             0             0
 M12                0             0             0             0             0
 Y1                 0             0             0             0             0
 Y2                 0             0             0             0             0
 Y3                 0             0             0             0             0
 X3P1               0             0             0             0             0
 X2P2               0             0             0             0             0
 X1P3               0             0             0             0             0


           THETA
              M8            M9            M10           M11           M12
              ________      ________      ________      ________      ________
 M8                49
 M9                 0            50
 M10                0             0            51
 M11                0             0             0            52
 M12                0             0             0             0            53
 Y1                 0             0             0             0             0
 Y2                 0             0             0             0             0
 Y3                 0             0             0             0             0
 X3P1               0             0             0             0             0
 X2P2               0             0             0             0             0
 X1P3               0             0             0             0             0


           THETA
              Y1            Y2            Y3            X3P1          X2P2
              ________      ________      ________      ________      ________
 Y1                54
 Y2                 0            55
 Y3                 0             0            56
 X3P1               0             0             0            57
 X2P2               0             0             0             0            58
 X1P3               0             0             0             0             0


           THETA
              X1P3
              ________
 X1P3              59


           ALPHA
              X             M             Y             XM
              ________      ________      ________      ________
                  0             0             0             0


           BETA
              X             M             Y             XM
              ________      ________      ________      ________
 X                  0             0             0             0
 M                  0             0             0             0
 Y                 60            61             0            62
 XM                 0             0             0             0


           PSI
              X             M             Y             XM
              ________      ________      ________      ________
 X                 63
 M                 64            65
 Y                  0             0            66
 XM                67            68             0            69


     PARAMETER SPECIFICATION FOR THE ADDITIONAL PARAMETERS


           New/Additional Parameters
              VAR_Y         STD_B1        STD_B2        STD_B3
              ________      ________      ________      ________
                   70            71            72            73


     STARTING VALUES


           NU
              X1            X2            X3            M1            M2
              ________      ________      ________      ________      ________
                0.000         0.000         0.000         0.000         0.000


           NU
              M3            M4            M5            M6            M7
              ________      ________      ________      ________      ________
                0.000         0.000         0.000         0.000         0.000


           NU
              M8            M9            M10           M11           M12
              ________      ________      ________      ________      ________
                0.000         0.000         0.000         0.000         0.000


           NU
              Y1            Y2            Y3            X3P1          X2P2
              ________      ________      ________      ________      ________
                0.551         0.851         1.076         0.000         0.000


           NU
              X1P3
              ________
                0.000


           LAMBDA
              X             M             Y             XM
              ________      ________      ________      ________
 X1             0.495         0.000         0.000         0.000
 X2             0.497         0.000         0.000         0.000
 X3             1.000         0.000         0.000         0.000
 M1             0.000         1.430         0.000         0.000
 M2             0.000         0.242         0.000         0.000
 M3             0.000         0.692         0.000         0.000
 M4             0.000         0.336         0.000         0.000
 M5             0.000         0.356         0.000         0.000
 M6             0.000         0.173         0.000         0.000
 M7             0.000         0.301         0.000         0.000
 M8             0.000         0.716         0.000         0.000
 M9             0.000         1.026         0.000         0.000
 M10            0.000         1.178         0.000         0.000
 M11            0.000         0.743         0.000         0.000
 M12            0.000         1.000         0.000         0.000
 Y1             0.000         0.000         0.673         0.000
 Y2             0.000         0.000         0.743         0.000
 Y3             0.000         0.000         1.000         0.000
 X3P1           0.000         0.000         0.000         1.000
 X2P2           0.000         0.000         0.000         0.438
 X1P3           0.000         0.000         0.000         0.458


           THETA
              X1            X2            X3            M1            M2
              ________      ________      ________      ________      ________
 X1             0.124
 X2             0.000         0.125
 X3             0.000         0.000         0.125
 M1             0.000         0.000         0.000         1.524
 M2             0.000         0.000         0.000         0.000         1.449
 M3             0.000         0.000         0.000         0.000         0.000
 M4             0.000         0.000         0.000         0.000         0.000
 M5             0.000         0.000         0.000         0.000         0.000
 M6             0.000         0.000         0.000         0.000         0.000
 M7             0.000         0.000         0.000         0.000         0.000
 M8             0.000         0.000         0.000         0.000         0.000
 M9             0.000         0.000         0.000         0.000         0.000
 M10            0.000         0.000         0.000         0.000         0.000
 M11            0.000         0.000         0.000         0.000         0.000
 M12            0.000         0.000         0.000         0.000         0.000
 Y1             0.000         0.000         0.000         0.000         0.000
 Y2             0.000         0.000         0.000         0.000         0.000
 Y3             0.000         0.000         0.000         0.000         0.000
 X3P1           0.000         0.000         0.000         0.000         0.000
 X2P2           0.000         0.000         0.000         0.000         0.000
 X1P3           0.000         0.000         0.000         0.000         0.000


           THETA
              M3            M4            M5            M6            M7
              ________      ________      ________      ________      ________
 M3             1.345
 M4             0.000         1.243
 M5             0.000         0.000         1.146
 M6             0.000         0.000         0.000         1.280
 M7             0.000         0.000         0.000         0.000         1.341
 M8             0.000         0.000         0.000         0.000         0.000
 M9             0.000         0.000         0.000         0.000         0.000
 M10            0.000         0.000         0.000         0.000         0.000
 M11            0.000         0.000         0.000         0.000         0.000
 M12            0.000         0.000         0.000         0.000         0.000
 Y1             0.000         0.000         0.000         0.000         0.000
 Y2             0.000         0.000         0.000         0.000         0.000
 Y3             0.000         0.000         0.000         0.000         0.000
 X3P1           0.000         0.000         0.000         0.000         0.000
 X2P2           0.000         0.000         0.000         0.000         0.000
 X1P3           0.000         0.000         0.000         0.000         0.000


           THETA
              M8            M9            M10           M11           M12
              ________      ________      ________      ________      ________
 M8             1.097
 M9             0.000         1.163
 M10            0.000         0.000         1.205
 M11            0.000         0.000         0.000         1.095
 M12            0.000         0.000         0.000         0.000         1.037
 Y1             0.000         0.000         0.000         0.000         0.000
 Y2             0.000         0.000         0.000         0.000         0.000
 Y3             0.000         0.000         0.000         0.000         0.000
 X3P1           0.000         0.000         0.000         0.000         0.000
 X2P2           0.000         0.000         0.000         0.000         0.000
 X1P3           0.000         0.000         0.000         0.000         0.000


           THETA
              Y1            Y2            Y3            X3P1          X2P2
              ________      ________      ________      ________      ________
 Y1             0.427
 Y2             0.000         0.567
 Y3             0.000         0.000         0.597
 X3P1           0.000         0.000         0.000         0.130
 X2P2           0.000         0.000         0.000         0.000         0.098
 X1P3           0.000         0.000         0.000         0.000         0.000


           THETA
              X1P3
              ________
 X1P3           0.113


           ALPHA
              X             M             Y             XM
              ________      ________      ________      ________
                0.000         0.000         0.000         0.000


           BETA
              X             M             Y             XM
              ________      ________      ________      ________
 X              0.000         0.000         0.000         0.000
 M              0.000         0.000         0.000         0.000
 Y              0.000         0.000         0.000         0.000
 XM             0.000         0.000         0.000         0.000


           PSI
              X             M             Y             XM
              ________      ________      ________      ________
 X              0.050
 M              0.000         0.050
 Y              0.000         0.000         0.050
 XM             0.000         0.000         0.000         0.050


     STARTING VALUES FOR THE ADDITIONAL PARAMETERS


           New/Additional Parameters
              VAR_Y         STD_B1        STD_B2        STD_B3
              ________      ________      ________      ________
                0.500         0.500         0.500         0.500


RESULTS SAVING INFORMATION

  Order of data

    Parameter estimates
     (saved in order shown in Technical 1 output)
    Standard errors
     (saved in order shown in Technical 1 output)
    Number of Free Parameters
    H0 Loglikelihood
    H0 Scaling Correction Factor for MLR
    H1 Loglikelihood
    H1 Scaling Correction Factor for MLR
    Akaike (AIC)
    Bayesian (BIC)
    Sample-Size Adjusted BIC
    Chi-square : Value
    Chi-square : Degrees of Freedom
    Chi-square : P-Value
    Chi-square : Scaling Correction Factor for MLR/MLM/WLSM
    CFI
    TLI
    RMSEA : Estimate
    RMSEA : Low CI
    RMSEA : High CI
    RMSEA : Probability
    SRMR
    Condition Number

  Save file
    parcelupi_results_1368.dat

  Save file format           Free


     Beginning Time:  16:52:59
        Ending Time:  16:53:00
       Elapsed Time:  00:00:01



MUTHEN & MUTHEN
3463 Stoner Ave.
Los Angeles, CA  90066

Tel: (310) 391-9971
Fax: (310) 391-8971
Web: www.StatModel.com
Support: Support@StatModel.com

Copyright (c) 1998-2022 Muthen & Muthen
