Mplus VERSION 8.8 (Mac)
MUTHEN & MUTHEN
07/27/2025   3:50 PM

INPUT INSTRUCTIONS


    TITLE: Parceling Unconstrained Product Indicator

    DATA:
      FILE = parcelupi_simdat_484.dat;
      FORMAT IS FREE;

    VARIABLE:
      NAMES = x1 x2 x3
      	    m1 m2 m3 m4 m5 m6
      	    m7 m8 m9 m10 m11 m12
      	    y1 y2 y3
      	    p1 p2 p3
      	    x3p1 x2p2 x1p3;
      USEVARIABLES = x1 x2 x3
      	    m1 m2 m3 m4 m5 m6
      	    m7 m8 m9 m10 m11 m12
      	    y1 y2 y3
      	    x3p1 x2p2 x1p3;

    ANALYSIS:
      TYPE = general;
      ESTIMATOR = MLR;
    MODEL:
      !measurement model
      X BY x3 x2 x1;
      X (var_X);
      M BY m12 m11 m10 m9 m8 m7 m6 m5 m4 m3 m2 m1;
      M (var_M);
      Y BY y3 y2 y1;
      Y (resvar_Y);
      XM BY x3p1 x2p2 x1p3;
      XM (var_XM);

      !covariances between predictors
      X WITH M (cov_XM);
      X WITH XM (cov_XXM);
      M WITH XM (cov_MXM);

      !structural model
      Y ON X (b1);
      Y ON M (b2);
      Y ON XM (b3);

    MODEL CONSTRAINT:

      NEW(var_Y std_b1 std_b2 std_b3);
      var_Y = resvar_Y +
       (b1^2 * var_X +
        b2^2 * var_M +
        b3^2 * var_XM +
        2 * b1 * b2 * cov_XM +
        2 * b1 * b3 * cov_XXM +
        2 * b2 * b3 * cov_MXM);

        std_b1 = b1 * sqrt(var_X) / sqrt(var_Y);
        std_b2 = b2 * sqrt(var_M) / sqrt(var_Y);
        std_b3 = b3 * sqrt(var_X) * sqrt(var_M) / sqrt(var_Y);

    OUTPUT:
      sampstat tech1 CINTERVAL;

    SAVEDATA:
      RESULTS = parcelupi_results_484.dat;




INPUT READING TERMINATED NORMALLY



Parceling Unconstrained Product Indicator

SUMMARY OF ANALYSIS

Number of groups                                                 1
Number of observations                                         100

Number of dependent variables                                   21
Number of independent variables                                  0
Number of continuous latent variables                            4

Observed dependent variables

  Continuous
   X1          X2          X3          M1          M2          M3
   M4          M5          M6          M7          M8          M9
   M10         M11         M12         Y1          Y2          Y3
   X3P1        X2P2        X1P3

Continuous latent variables
   X           M           Y           XM


Estimator                                                      MLR
Information matrix                                        OBSERVED
Maximum number of iterations                                  1000
Convergence criterion                                    0.500D-04
Maximum number of steepest descent iterations                   20

Input data file(s)
  parcelupi_simdat_484.dat

Input data format  FREE


SAMPLE STATISTICS


     SAMPLE STATISTICS


           Means
              X1            X2            X3            M1            M2
              ________      ________      ________      ________      ________
                0.000         0.000         0.000         0.000         0.000


           Means
              M3            M4            M5            M6            M7
              ________      ________      ________      ________      ________
                0.000         0.000         0.000         0.000         0.000


           Means
              M8            M9            M10           M11           M12
              ________      ________      ________      ________      ________
                0.000         0.000         0.000         0.000         0.000


           Means
              Y1            Y2            Y3            X3P1          X2P2
              ________      ________      ________      ________      ________
                0.572         0.905         1.066         0.000         0.000


           Means
              X1P3
              ________
                0.000


           Covariances
              X1            X2            X3            M1            M2
              ________      ________      ________      ________      ________
 X1             0.250
 X2             0.055         0.250
 X3             0.070         0.095         0.250
 M1             0.055        -0.053        -0.071         2.554
 M2            -0.015        -0.015         0.065        -0.062         2.510
 M3             0.075         0.074         0.154        -0.040         0.360
 M4             0.180         0.109         0.069        -0.089        -0.079
 M5             0.070        -0.022         0.076         0.234        -0.048
 M6             0.175         0.047         0.039        -0.186        -0.102
 M7             0.095        -0.025         0.084         0.296         0.150
 M8             0.045        -0.004         0.167         0.213         0.169
 M9             0.115         0.118         0.191         0.411        -0.013
 M10            0.185         0.023         0.112         0.082         0.462
 M11           -0.055         0.045         0.045         0.118        -0.020
 M12            0.220        -0.010         0.151         0.372        -0.050
 Y1             0.060         0.102         0.087        -0.038        -0.015
 Y2             0.023         0.102         0.089         0.071         0.184
 Y3             0.059         0.168         0.108         0.160         0.046
 X3P1           0.047         0.024         0.003        -0.051        -0.002
 X2P2          -0.016         0.000         0.009         0.024         0.065
 X1P3           0.000        -0.023         0.027         0.008         0.000


           Covariances
              M3            M4            M5            M6            M7
              ________      ________      ________      ________      ________
 M3             2.987
 M4             0.067         2.776
 M5             0.221         0.229         2.508
 M6            -0.061         0.711         0.284         2.294
 M7             0.108         0.438         0.835         0.146         2.209
 M8             0.624         0.145         0.276         0.413         0.383
 M9             0.055         0.249         0.826         0.741         0.779
 M10            0.582         0.250         0.569         0.382         0.655
 M11            0.270         0.091         0.272         0.338         0.500
 M12            0.342         0.602         0.797         0.752         0.771
 Y1             0.145        -0.051         0.289         0.193        -0.058
 Y2             0.085         0.086         0.181         0.095         0.070
 Y3             0.112         0.519         0.433         0.058         0.340
 X3P1           0.088         0.026         0.119         0.009         0.003
 X2P2           0.113         0.009        -0.063        -0.125         0.036
 X1P3           0.015         0.007        -0.023        -0.074         0.070


           Covariances
              M8            M9            M10           M11           M12
              ________      ________      ________      ________      ________
 M8             2.682
 M9             0.472         2.494
 M10            0.715         0.523         2.301
 M11            0.669         0.957         0.662         2.070
 M12            0.866         1.038         0.967         0.690         2.318
 Y1             0.034         0.372         0.192         0.180         0.158
 Y2            -0.013         0.341         0.421         0.149         0.100
 Y3             0.148         0.453         0.514         0.169         0.415
 X3P1           0.064        -0.003         0.085         0.026         0.044
 X2P2           0.106         0.032        -0.013        -0.025         0.031
 X1P3           0.007         0.006         0.037         0.042         0.024


           Covariances
              Y1            Y2            Y3            X3P1          X2P2
              ________      ________      ________      ________      ________
 Y1             0.789
 Y2             0.535         1.065
 Y3             0.502         0.619         1.152
 X3P1          -0.040        -0.055        -0.030         0.232
 X2P2          -0.005        -0.013         0.103         0.043         0.194
 X1P3          -0.010        -0.016         0.008         0.056         0.034


           Covariances
              X1P3
              ________
 X1P3           0.192


           Correlations
              X1            X2            X3            M1            M2
              ________      ________      ________      ________      ________
 X1             1.000
 X2             0.220         1.000
 X3             0.280         0.380         1.000
 M1             0.069        -0.066        -0.089         1.000
 M2            -0.019        -0.019         0.082        -0.024         1.000
 M3             0.087         0.086         0.178        -0.015         0.132
 M4             0.216         0.131         0.083        -0.033        -0.030
 M5             0.088        -0.028         0.097         0.093        -0.019
 M6             0.231         0.062         0.051        -0.077        -0.042
 M7             0.128        -0.034         0.114         0.124         0.064
 M8             0.055        -0.005         0.204         0.081         0.065
 M9             0.146         0.150         0.242         0.163        -0.005
 M10            0.244         0.031         0.147         0.034         0.192
 M11           -0.076         0.063         0.063         0.051        -0.009
 M12            0.289        -0.013         0.198         0.153        -0.021
 Y1             0.136         0.231         0.196        -0.027        -0.011
 Y2             0.044         0.197         0.173         0.043         0.113
 Y3             0.110         0.314         0.202         0.093         0.027
 X3P1           0.195         0.100         0.014        -0.066        -0.003
 X2P2          -0.072         0.000         0.043         0.034         0.093
 X1P3           0.000        -0.104         0.125         0.012         0.000


           Correlations
              M3            M4            M5            M6            M7
              ________      ________      ________      ________      ________
 M3             1.000
 M4             0.023         1.000
 M5             0.081         0.087         1.000
 M6            -0.023         0.282         0.118         1.000
 M7             0.042         0.177         0.355         0.065         1.000
 M8             0.221         0.053         0.107         0.166         0.157
 M9             0.020         0.094         0.330         0.310         0.332
 M10            0.222         0.099         0.237         0.166         0.290
 M11            0.109         0.038         0.119         0.155         0.234
 M12            0.130         0.237         0.331         0.326         0.341
 Y1             0.094        -0.035         0.205         0.144        -0.044
 Y2             0.048         0.050         0.110         0.061         0.046
 Y3             0.061         0.290         0.255         0.036         0.213
 X3P1           0.105         0.032         0.156         0.012         0.004
 X2P2           0.148         0.013        -0.090        -0.187         0.054
 X1P3           0.020         0.009        -0.033        -0.111         0.108


           Correlations
              M8            M9            M10           M11           M12
              ________      ________      ________      ________      ________
 M8             1.000
 M9             0.183         1.000
 M10            0.288         0.218         1.000
 M11            0.284         0.421         0.303         1.000
 M12            0.347         0.432         0.419         0.315         1.000
 Y1             0.024         0.265         0.143         0.141         0.117
 Y2            -0.008         0.209         0.269         0.100         0.064
 Y3             0.084         0.267         0.316         0.109         0.254
 X3P1           0.081        -0.003         0.116         0.037         0.060
 X2P2           0.146         0.046        -0.020        -0.040         0.046
 X1P3           0.010         0.008         0.055         0.066         0.036


           Correlations
              Y1            Y2            Y3            X3P1          X2P2
              ________      ________      ________      ________      ________
 Y1             1.000
 Y2             0.583         1.000
 Y3             0.526         0.559         1.000
 X3P1          -0.095        -0.111        -0.057         1.000
 X2P2          -0.013        -0.028         0.218         0.202         1.000
 X1P3          -0.026        -0.034         0.016         0.265         0.175


           Correlations
              X1P3
              ________
 X1P3           1.000


UNIVARIATE SAMPLE STATISTICS


     UNIVARIATE HIGHER-ORDER MOMENT DESCRIPTIVE STATISTICS

         Variable/         Mean/     Skewness/   Minimum/ % with                Percentiles
        Sample Size      Variance    Kurtosis    Maximum  Min/Max      20%/60%    40%/80%    Median

     X1                    0.000       0.000      -0.500   50.00%      -0.500     -0.500      0.000
             100.000       0.250      -2.000       0.500   50.00%       0.500      0.500
     X2                    0.000       0.040      -0.490   51.00%      -0.490     -0.490     -0.490
             100.000       0.250      -1.998       0.510   49.00%       0.510      0.510
     X3                    0.000       0.080      -0.480   52.00%      -0.480     -0.480     -0.480
             100.000       0.250      -1.994       0.520   48.00%       0.520      0.520
     M1                    0.000      -0.135      -2.190   23.00%      -2.190     -0.190     -0.190
             100.000       2.554      -1.556       1.810   35.00%       0.810      1.810
     M2                    0.000      -0.001      -2.010   27.00%      -2.010     -1.010     -0.010
             100.000       2.510      -1.554       1.990   28.00%       0.990      1.990
     M3                    0.000       0.007      -1.950   38.00%      -1.950     -0.950      0.050
             100.000       2.987      -1.728       2.050   32.00%       1.050      2.050
     M4                    0.000       0.069      -1.940   33.00%      -1.940     -0.940      0.060
             100.000       2.776      -1.641       2.060   31.00%       1.060      2.060
     M5                    0.000       0.206      -1.820   30.00%      -1.820     -0.820     -0.820
             100.000       2.508      -1.549       2.180   24.00%       0.180      2.180
     M6                    0.000      -0.203      -2.190   21.00%      -2.190     -0.190     -0.190
             100.000       2.294      -1.433       1.810   28.00%       0.810      1.810
     M7                    0.000      -0.003      -1.970   25.00%      -1.970     -0.970      0.030
             100.000       2.209      -1.394       2.030   22.00%       0.030      2.030
     M8                    0.000      -0.090      -2.090   29.00%      -2.090     -0.090     -0.090
             100.000       2.682      -1.590       1.910   33.00%       0.910      1.910
     M9                    0.000      -0.304      -2.310   22.00%      -2.310     -0.310      0.690
             100.000       2.494      -1.458       1.690   36.00%       0.690      1.690
     M10                   0.000       0.186      -1.830   29.00%      -1.830     -0.830      0.170
             100.000       2.301      -1.374       2.170   23.00%       0.170      2.170
     M11                   0.000      -0.078      -2.010   24.00%      -2.010     -0.010     -0.010
             100.000       2.070      -1.255       1.990   21.00%      -0.010      1.990
     M12                   0.000      -0.101      -2.040   26.00%      -2.040     -0.040     -0.040
             100.000       2.318      -1.446       1.960   24.00%       0.960      1.960
     Y1                    0.572      -0.332      -1.872    1.00%      -0.076      0.352      0.572
             100.000       0.789       0.566       3.133    1.00%       0.819      1.226
     Y2                    0.905      -0.182      -1.951    1.00%      -0.129      0.614      0.899
             100.000       1.065      -0.386       3.298    1.00%       1.252      1.887
     Y3                    1.066       0.087      -1.168    1.00%       0.141      0.687      1.099
             100.000       1.152      -0.547       3.562    1.00%       1.306      1.986
     X3P1                  0.000      -0.267      -1.187    1.00%      -0.507     -0.147      0.093
             100.000       0.232      -0.715       0.933    1.00%       0.213      0.453
     X2P2                  0.000       0.091      -1.012    1.00%      -0.375     -0.132     -0.010
             100.000       0.194      -0.523       1.028    1.00%       0.113      0.390
     X1P3                  0.000      -0.021      -0.890    2.00%      -0.375     -0.250     -0.015
             100.000       0.192      -0.773       0.875    1.00%       0.125      0.375


     THIS ANALYSIS MAY HAVE MULTIPLE SOLUTIONS.  EXPLORE THIS USING RANDOM STARTS,
     FOR EXAMPLE, STARTS = 20.  USE A LARGE ENOUGH NUMBER OF STARTS SO THAT THE
     BEST FIT FUNCTION VALUE IS REPLICATED SEVERAL TIMES.


THE MODEL ESTIMATION TERMINATED NORMALLY

     THE STANDARD ERRORS OF THE MODEL PARAMETER ESTIMATES MAY NOT BE
     TRUSTWORTHY FOR SOME PARAMETERS DUE TO A NON-POSITIVE DEFINITE
     FIRST-ORDER DERIVATIVE PRODUCT MATRIX.  THIS MAY BE DUE TO THE STARTING
     VALUES BUT MAY ALSO BE AN INDICATION OF MODEL NONIDENTIFICATION.  THE
     CONDITION NUMBER IS       0.114D-17.  PROBLEM INVOLVING THE FOLLOWING PARAMETER:
     Parameter 40, X2

     THIS IS MOST LIKELY DUE TO VARIABLE X1 BEING DICHOTOMOUS BUT
     DECLARED AS CONTINUOUS.




MODEL FIT INFORMATION

Number of Free Parameters                       69

Loglikelihood

          H0 Value                       -2931.601
          H0 Scaling Correction Factor      0.8835
            for MLR
          H1 Value                       -2832.859
          H1 Scaling Correction Factor      0.9560
            for MLR

Information Criteria

          Akaike (AIC)                    6001.202
          Bayesian (BIC)                  6180.959
          Sample-Size Adjusted BIC        5963.039
            (n* = (n + 2) / 24)

Chi-Square Test of Model Fit

          Value                            200.843*
          Degrees of Freedom                   183
          P-Value                           0.1740
          Scaling Correction Factor         0.9833
            for MLR

*   The chi-square value for MLM, MLMV, MLR, ULSMV, WLSM and WLSMV cannot be used
    for chi-square difference testing in the regular way.  MLM, MLR and WLSM
    chi-square difference testing is described on the Mplus website.  MLMV, WLSMV,
    and ULSMV difference testing is done using the DIFFTEST option.

RMSEA (Root Mean Square Error Of Approximation)

          Estimate                           0.031
          90 Percent C.I.                    0.000  0.056
          Probability RMSEA <= .05           0.886

CFI/TLI

          CFI                                0.933
          TLI                                0.923

Chi-Square Test of Model Fit for the Baseline Model

          Value                            476.481
          Degrees of Freedom                   210
          P-Value                           0.0000

SRMR (Standardized Root Mean Square Residual)

          Value                              0.070



MODEL RESULTS

                                                    Two-Tailed
                    Estimate       S.E.  Est./S.E.    P-Value

 X        BY
    X3                 1.000      0.000    999.000    999.000
    X2                 0.870      0.324      2.688      0.007
    X1                 0.688      0.273      2.520      0.012

 M        BY
    M12                1.000      0.000    999.000    999.000
    M11                0.635      0.157      4.034      0.000
    M10                0.760      0.145      5.238      0.000
    M9                 0.888      0.183      4.852      0.000
    M8                 0.624      0.147      4.238      0.000
    M7                 0.657      0.156      4.212      0.000
    M6                 0.516      0.151      3.409      0.001
    M5                 0.656      0.171      3.834      0.000
    M4                 0.391      0.170      2.298      0.022
    M3                 0.308      0.189      1.635      0.102
    M2                 0.075      0.175      0.428      0.669
    M1                 0.224      0.179      1.253      0.210

 Y        BY
    Y3                 1.000      0.000    999.000    999.000
    Y2                 0.979      0.191      5.117      0.000
    Y1                 0.822      0.167      4.918      0.000

 XM       BY
    X3P1               1.000      0.000    999.000    999.000
    X2P2               0.287      0.473      0.607      0.544
    X1P3               0.378      0.602      0.628      0.530

 Y        ON
    X                  0.942      0.595      1.582      0.114
    M                  0.186      0.118      1.575      0.115
    XM                -0.455      0.390     -1.168      0.243

 X        WITH
    M                  0.133      0.072      1.842      0.065
    XM                 0.021      0.023      0.921      0.357

 M        WITH
    XM                 0.054      0.072      0.743      0.457

 Intercepts
    X1                 0.000      0.050      0.000      1.000
    X2                 0.000      0.050      0.000      1.000
    X3                 0.000      0.050      0.000      1.000
    M1                 0.000      0.160      0.000      1.000
    M2                 0.000      0.158      0.000      1.000
    M3                 0.000      0.173      0.000      1.000
    M4                 0.000      0.167      0.000      1.000
    M5                 0.000      0.158      0.000      1.000
    M6                 0.000      0.151      0.000      1.000
    M7                 0.000      0.149      0.000      1.000
    M8                 0.000      0.164      0.000      1.000
    M9                 0.000      0.158      0.000      1.000
    M10                0.000      0.152      0.000      1.000
    M11                0.000      0.144      0.000      1.000
    M12                0.000      0.152      0.000      1.000
    Y1                 0.572      0.089      6.445      0.000
    Y2                 0.905      0.103      8.769      0.000
    Y3                 1.066      0.107      9.934      0.000
    X3P1               0.000      0.048      0.000      1.000
    X2P2               0.000      0.044      0.000      1.000
    X1P3               0.000      0.044      0.000      1.000

 Variances
    X                  0.104      0.046      2.274      0.023
    M                  1.216      0.272      4.475      0.000
    XM                 0.152      0.215      0.709      0.478

 Residual Variances
    X1                 0.201      0.029      6.812      0.000
    X2                 0.171      0.040      4.284      0.000
    X3                 0.146      0.046      3.185      0.001
    M1                 2.493      0.182     13.720      0.000
    M2                 2.503      0.168     14.861      0.000
    M3                 2.872      0.202     14.238      0.000
    M4                 2.590      0.226     11.468      0.000
    M5                 1.985      0.236      8.405      0.000
    M6                 1.970      0.222      8.854      0.000
    M7                 1.685      0.205      8.200      0.000
    M8                 2.208      0.251      8.801      0.000
    M9                 1.535      0.311      4.930      0.000
    M10                1.600      0.226      7.085      0.000
    M11                1.580      0.228      6.918      0.000
    M12                1.103      0.219      5.036      0.000
    Y1                 0.359      0.073      4.904      0.000
    Y2                 0.455      0.089      5.121      0.000
    Y3                 0.516      0.161      3.203      0.001
    X3P1               0.080      0.217      0.367      0.714
    X2P2               0.182      0.032      5.683      0.000
    X1P3               0.170      0.044      3.881      0.000
    Y                  0.451      0.145      3.109      0.002

New/Additional Parameters
    VAR_Y              0.636      0.192      3.310      0.001
    STD_B1             0.381      0.175      2.172      0.030
    STD_B2             0.257      0.150      1.710      0.087
    STD_B3            -0.203      0.202     -1.005      0.315


QUALITY OF NUMERICAL RESULTS

     Condition Number for the Information Matrix              0.315E-03
       (ratio of smallest to largest eigenvalue)


CONFIDENCE INTERVALS OF MODEL RESULTS

                  Lower .5%  Lower 2.5%    Lower 5%    Estimate    Upper 5%  Upper 2.5%   Upper .5%

 X        BY
    X3               1.000       1.000       1.000       1.000       1.000       1.000       1.000
    X2               0.036       0.236       0.338       0.870       1.403       1.505       1.704
    X1              -0.015       0.153       0.239       0.688       1.137       1.223       1.391

 M        BY
    M12              1.000       1.000       1.000       1.000       1.000       1.000       1.000
    M11              0.229       0.326       0.376       0.635       0.894       0.943       1.040
    M10              0.386       0.475       0.521       0.760       0.998       1.044       1.133
    M9               0.417       0.529       0.587       0.888       1.189       1.247       1.360
    M8               0.245       0.336       0.382       0.624       0.866       0.913       1.003
    M7               0.255       0.351       0.400       0.657       0.913       0.963       1.059
    M6               0.126       0.220       0.267       0.516       0.766       0.813       0.907
    M5               0.215       0.321       0.374       0.656       0.937       0.991       1.097
    M4              -0.047       0.058       0.111       0.391       0.672       0.725       0.830
    M3              -0.177      -0.061      -0.002       0.308       0.619       0.678       0.794
    M2              -0.376      -0.268      -0.213       0.075       0.363       0.418       0.526
    M1              -0.237      -0.127      -0.070       0.224       0.519       0.575       0.685

 Y        BY
    Y3               1.000       1.000       1.000       1.000       1.000       1.000       1.000
    Y2               0.486       0.604       0.664       0.979       1.294       1.354       1.472
    Y1               0.392       0.495       0.547       0.822       1.097       1.150       1.253

 XM       BY
    X3P1             1.000       1.000       1.000       1.000       1.000       1.000       1.000
    X2P2            -0.931      -0.640      -0.491       0.287       1.065       1.214       1.505
    X1P3            -1.173      -0.802      -0.613       0.378       1.368       1.558       1.929

 Y        ON
    X               -0.592      -0.225      -0.037       0.942       1.921       2.109       2.476
    M               -0.118      -0.045      -0.008       0.186       0.380       0.417       0.490
    XM              -1.459      -1.219      -1.096      -0.455       0.186       0.309       0.549

 X        WITH
    M               -0.053      -0.009       0.014       0.133       0.252       0.275       0.319
    XM              -0.038      -0.024      -0.017       0.021       0.059       0.067       0.081

 M        WITH
    XM              -0.133      -0.088      -0.065       0.054       0.173       0.196       0.240

 Intercepts
    X1              -0.129      -0.098      -0.082       0.000       0.082       0.098       0.129
    X2              -0.129      -0.098      -0.082       0.000       0.082       0.098       0.129
    X3              -0.129      -0.098      -0.082       0.000       0.082       0.098       0.129
    M1              -0.412      -0.313      -0.263       0.000       0.263       0.313       0.412
    M2              -0.408      -0.311      -0.261       0.000       0.261       0.311       0.408
    M3              -0.445      -0.339      -0.284       0.000       0.284       0.339       0.445
    M4              -0.429      -0.327      -0.274       0.000       0.274       0.327       0.429
    M5              -0.408      -0.310      -0.260       0.000       0.260       0.310       0.408
    M6              -0.390      -0.297      -0.249       0.000       0.249       0.297       0.390
    M7              -0.383      -0.291      -0.244       0.000       0.244       0.291       0.383
    M8              -0.422      -0.321      -0.269       0.000       0.269       0.321       0.422
    M9              -0.407      -0.310      -0.260       0.000       0.260       0.310       0.407
    M10             -0.391      -0.297      -0.250       0.000       0.250       0.297       0.391
    M11             -0.371      -0.282      -0.237       0.000       0.237       0.282       0.371
    M12             -0.392      -0.298      -0.250       0.000       0.250       0.298       0.392
    Y1               0.344       0.398       0.426       0.572       0.719       0.747       0.801
    Y2               0.639       0.703       0.735       0.905       1.075       1.107       1.171
    Y3               0.790       0.856       0.890       1.066       1.243       1.277       1.343
    X3P1            -0.124      -0.094      -0.079       0.000       0.079       0.094       0.124
    X2P2            -0.113      -0.086      -0.072       0.000       0.072       0.086       0.113
    X1P3            -0.113      -0.086      -0.072       0.000       0.072       0.086       0.113

 Variances
    X               -0.014       0.014       0.029       0.104       0.179       0.193       0.221
    M                0.516       0.683       0.769       1.216       1.662       1.748       1.915
    XM              -0.400      -0.268      -0.201       0.152       0.505       0.573       0.705

 Residual Variances
    X1               0.125       0.143       0.152       0.201       0.249       0.259       0.277
    X2               0.068       0.093       0.106       0.171       0.237       0.250       0.274
    X3               0.028       0.056       0.070       0.146       0.221       0.236       0.264
    M1               2.025       2.137       2.194       2.493       2.792       2.849       2.961
    M2               2.069       2.173       2.226       2.503       2.780       2.833       2.937
    M3               2.352       2.477       2.540       2.872       3.204       3.267       3.391
    M4               2.008       2.147       2.219       2.590       2.962       3.033       3.172
    M5               1.376       1.522       1.596       1.985       2.373       2.447       2.593
    M6               1.397       1.534       1.604       1.970       2.336       2.406       2.543
    M7               1.155       1.282       1.347       1.685       2.022       2.087       2.214
    M8               1.562       1.717       1.796       2.208       2.621       2.700       2.855
    M9               0.733       0.925       1.023       1.535       2.047       2.146       2.337
    M10              1.018       1.157       1.228       1.600       1.971       2.042       2.182
    M11              0.992       1.133       1.204       1.580       1.956       2.028       2.169
    M12              0.539       0.674       0.743       1.103       1.463       1.532       1.667
    Y1               0.170       0.215       0.238       0.359       0.479       0.502       0.547
    Y2               0.226       0.281       0.309       0.455       0.602       0.630       0.684
    Y3               0.101       0.200       0.251       0.516       0.781       0.832       0.931
    X3P1            -0.480      -0.346      -0.278       0.080       0.437       0.505       0.639
    X2P2             0.099       0.119       0.129       0.182       0.234       0.244       0.264
    X1P3             0.057       0.084       0.098       0.170       0.243       0.256       0.283
    Y                0.077       0.167       0.212       0.451       0.690       0.736       0.825

New/Additional Parameters
    VAR_Y            0.141       0.259       0.320       0.636       0.952       1.013       1.131
    STD_B1          -0.071       0.037       0.092       0.381       0.669       0.724       0.832
    STD_B2          -0.130      -0.038       0.010       0.257       0.504       0.551       0.644
    STD_B3          -0.722      -0.598      -0.535      -0.203       0.129       0.193       0.317


TECHNICAL 1 OUTPUT


     PARAMETER SPECIFICATION


           NU
              X1            X2            X3            M1            M2
              ________      ________      ________      ________      ________
                  1             2             3             4             5


           NU
              M3            M4            M5            M6            M7
              ________      ________      ________      ________      ________
                  6             7             8             9            10


           NU
              M8            M9            M10           M11           M12
              ________      ________      ________      ________      ________
                 11            12            13            14            15


           NU
              Y1            Y2            Y3            X3P1          X2P2
              ________      ________      ________      ________      ________
                 16            17            18            19            20


           NU
              X1P3
              ________
                 21


           LAMBDA
              X             M             Y             XM
              ________      ________      ________      ________
 X1                22             0             0             0
 X2                23             0             0             0
 X3                 0             0             0             0
 M1                 0            24             0             0
 M2                 0            25             0             0
 M3                 0            26             0             0
 M4                 0            27             0             0
 M5                 0            28             0             0
 M6                 0            29             0             0
 M7                 0            30             0             0
 M8                 0            31             0             0
 M9                 0            32             0             0
 M10                0            33             0             0
 M11                0            34             0             0
 M12                0             0             0             0
 Y1                 0             0            35             0
 Y2                 0             0            36             0
 Y3                 0             0             0             0
 X3P1               0             0             0             0
 X2P2               0             0             0            37
 X1P3               0             0             0            38


           THETA
              X1            X2            X3            M1            M2
              ________      ________      ________      ________      ________
 X1                39
 X2                 0            40
 X3                 0             0            41
 M1                 0             0             0            42
 M2                 0             0             0             0            43
 M3                 0             0             0             0             0
 M4                 0             0             0             0             0
 M5                 0             0             0             0             0
 M6                 0             0             0             0             0
 M7                 0             0             0             0             0
 M8                 0             0             0             0             0
 M9                 0             0             0             0             0
 M10                0             0             0             0             0
 M11                0             0             0             0             0
 M12                0             0             0             0             0
 Y1                 0             0             0             0             0
 Y2                 0             0             0             0             0
 Y3                 0             0             0             0             0
 X3P1               0             0             0             0             0
 X2P2               0             0             0             0             0
 X1P3               0             0             0             0             0


           THETA
              M3            M4            M5            M6            M7
              ________      ________      ________      ________      ________
 M3                44
 M4                 0            45
 M5                 0             0            46
 M6                 0             0             0            47
 M7                 0             0             0             0            48
 M8                 0             0             0             0             0
 M9                 0             0             0             0             0
 M10                0             0             0             0             0
 M11                0             0             0             0             0
 M12                0             0             0             0             0
 Y1                 0             0             0             0             0
 Y2                 0             0             0             0             0
 Y3                 0             0             0             0             0
 X3P1               0             0             0             0             0
 X2P2               0             0             0             0             0
 X1P3               0             0             0             0             0


           THETA
              M8            M9            M10           M11           M12
              ________      ________      ________      ________      ________
 M8                49
 M9                 0            50
 M10                0             0            51
 M11                0             0             0            52
 M12                0             0             0             0            53
 Y1                 0             0             0             0             0
 Y2                 0             0             0             0             0
 Y3                 0             0             0             0             0
 X3P1               0             0             0             0             0
 X2P2               0             0             0             0             0
 X1P3               0             0             0             0             0


           THETA
              Y1            Y2            Y3            X3P1          X2P2
              ________      ________      ________      ________      ________
 Y1                54
 Y2                 0            55
 Y3                 0             0            56
 X3P1               0             0             0            57
 X2P2               0             0             0             0            58
 X1P3               0             0             0             0             0


           THETA
              X1P3
              ________
 X1P3              59


           ALPHA
              X             M             Y             XM
              ________      ________      ________      ________
                  0             0             0             0


           BETA
              X             M             Y             XM
              ________      ________      ________      ________
 X                  0             0             0             0
 M                  0             0             0             0
 Y                 60            61             0            62
 XM                 0             0             0             0


           PSI
              X             M             Y             XM
              ________      ________      ________      ________
 X                 63
 M                 64            65
 Y                  0             0            66
 XM                67            68             0            69


     PARAMETER SPECIFICATION FOR THE ADDITIONAL PARAMETERS


           New/Additional Parameters
              VAR_Y         STD_B1        STD_B2        STD_B3
              ________      ________      ________      ________
                   70            71            72            73


     STARTING VALUES


           NU
              X1            X2            X3            M1            M2
              ________      ________      ________      ________      ________
                0.000         0.000         0.000         0.000         0.000


           NU
              M3            M4            M5            M6            M7
              ________      ________      ________      ________      ________
                0.000         0.000         0.000         0.000         0.000


           NU
              M8            M9            M10           M11           M12
              ________      ________      ________      ________      ________
                0.000         0.000         0.000         0.000         0.000


           NU
              Y1            Y2            Y3            X3P1          X2P2
              ________      ________      ________      ________      ________
                0.572         0.905         1.066         0.000         0.000


           NU
              X1P3
              ________
                0.000


           LAMBDA
              X             M             Y             XM
              ________      ________      ________      ________
 X1             0.580         0.000         0.000         0.000
 X2             0.786         0.000         0.000         0.000
 X3             1.000         0.000         0.000         0.000
 M1             0.000         0.893         0.000         0.000
 M2             0.000        -0.021         0.000         0.000
 M3             0.000         0.282         0.000         0.000
 M4             0.000         0.075         0.000         0.000
 M5             0.000         1.077         0.000         0.000
 M6             0.000         0.846         0.000         0.000
 M7             0.000         1.009         0.000         0.000
 M8             0.000         0.482         0.000         0.000
 M9             0.000         1.051         0.000         0.000
 M10            0.000         0.716         0.000         0.000
 M11            0.000         0.999         0.000         0.000
 M12            0.000         1.000         0.000         0.000
 Y1             0.000         0.000         0.864         0.000
 Y2             0.000         0.000         1.065         0.000
 Y3             0.000         0.000         1.000         0.000
 X3P1           0.000         0.000         0.000         1.000
 X2P2           0.000         0.000         0.000         0.605
 X1P3           0.000         0.000         0.000         0.787


           THETA
              X1            X2            X3            M1            M2
              ________      ________      ________      ________      ________
 X1             0.125
 X2             0.000         0.125
 X3             0.000         0.000         0.125
 M1             0.000         0.000         0.000         1.277
 M2             0.000         0.000         0.000         0.000         1.255
 M3             0.000         0.000         0.000         0.000         0.000
 M4             0.000         0.000         0.000         0.000         0.000
 M5             0.000         0.000         0.000         0.000         0.000
 M6             0.000         0.000         0.000         0.000         0.000
 M7             0.000         0.000         0.000         0.000         0.000
 M8             0.000         0.000         0.000         0.000         0.000
 M9             0.000         0.000         0.000         0.000         0.000
 M10            0.000         0.000         0.000         0.000         0.000
 M11            0.000         0.000         0.000         0.000         0.000
 M12            0.000         0.000         0.000         0.000         0.000
 Y1             0.000         0.000         0.000         0.000         0.000
 Y2             0.000         0.000         0.000         0.000         0.000
 Y3             0.000         0.000         0.000         0.000         0.000
 X3P1           0.000         0.000         0.000         0.000         0.000
 X2P2           0.000         0.000         0.000         0.000         0.000
 X1P3           0.000         0.000         0.000         0.000         0.000


           THETA
              M3            M4            M5            M6            M7
              ________      ________      ________      ________      ________
 M3             1.494
 M4             0.000         1.388
 M5             0.000         0.000         1.254
 M6             0.000         0.000         0.000         1.147
 M7             0.000         0.000         0.000         0.000         1.105
 M8             0.000         0.000         0.000         0.000         0.000
 M9             0.000         0.000         0.000         0.000         0.000
 M10            0.000         0.000         0.000         0.000         0.000
 M11            0.000         0.000         0.000         0.000         0.000
 M12            0.000         0.000         0.000         0.000         0.000
 Y1             0.000         0.000         0.000         0.000         0.000
 Y2             0.000         0.000         0.000         0.000         0.000
 Y3             0.000         0.000         0.000         0.000         0.000
 X3P1           0.000         0.000         0.000         0.000         0.000
 X2P2           0.000         0.000         0.000         0.000         0.000
 X1P3           0.000         0.000         0.000         0.000         0.000


           THETA
              M8            M9            M10           M11           M12
              ________      ________      ________      ________      ________
 M8             1.341
 M9             0.000         1.247
 M10            0.000         0.000         1.151
 M11            0.000         0.000         0.000         1.035
 M12            0.000         0.000         0.000         0.000         1.159
 Y1             0.000         0.000         0.000         0.000         0.000
 Y2             0.000         0.000         0.000         0.000         0.000
 Y3             0.000         0.000         0.000         0.000         0.000
 X3P1           0.000         0.000         0.000         0.000         0.000
 X2P2           0.000         0.000         0.000         0.000         0.000
 X1P3           0.000         0.000         0.000         0.000         0.000


           THETA
              Y1            Y2            Y3            X3P1          X2P2
              ________      ________      ________      ________      ________
 Y1             0.394
 Y2             0.000         0.533
 Y3             0.000         0.000         0.576
 X3P1           0.000         0.000         0.000         0.116
 X2P2           0.000         0.000         0.000         0.000         0.097
 X1P3           0.000         0.000         0.000         0.000         0.000


           THETA
              X1P3
              ________
 X1P3           0.096


           ALPHA
              X             M             Y             XM
              ________      ________      ________      ________
                0.000         0.000         0.000         0.000


           BETA
              X             M             Y             XM
              ________      ________      ________      ________
 X              0.000         0.000         0.000         0.000
 M              0.000         0.000         0.000         0.000
 Y              0.000         0.000         0.000         0.000
 XM             0.000         0.000         0.000         0.000


           PSI
              X             M             Y             XM
              ________      ________      ________      ________
 X              0.050
 M              0.000         0.050
 Y              0.000         0.000         0.050
 XM             0.000         0.000         0.000         0.050


     STARTING VALUES FOR THE ADDITIONAL PARAMETERS


           New/Additional Parameters
              VAR_Y         STD_B1        STD_B2        STD_B3
              ________      ________      ________      ________
                0.500         0.500         0.500         0.500


RESULTS SAVING INFORMATION

  Order of data

    Parameter estimates
     (saved in order shown in Technical 1 output)
    Standard errors
     (saved in order shown in Technical 1 output)
    Number of Free Parameters
    H0 Loglikelihood
    H0 Scaling Correction Factor for MLR
    H1 Loglikelihood
    H1 Scaling Correction Factor for MLR
    Akaike (AIC)
    Bayesian (BIC)
    Sample-Size Adjusted BIC
    Chi-square : Value
    Chi-square : Degrees of Freedom
    Chi-square : P-Value
    Chi-square : Scaling Correction Factor for MLR/MLM/WLSM
    CFI
    TLI
    RMSEA : Estimate
    RMSEA : Low CI
    RMSEA : High CI
    RMSEA : Probability
    SRMR
    Condition Number

  Save file
    parcelupi_results_484.dat

  Save file format           Free


     Beginning Time:  15:50:05
        Ending Time:  15:50:06
       Elapsed Time:  00:00:01



MUTHEN & MUTHEN
3463 Stoner Ave.
Los Angeles, CA  90066

Tel: (310) 391-9971
Fax: (310) 391-8971
Web: www.StatModel.com
Support: Support@StatModel.com

Copyright (c) 1998-2022 Muthen & Muthen
