Mplus VERSION 8.8 (Mac)
MUTHEN & MUTHEN
07/27/2025   4:18 PM

INPUT INSTRUCTIONS


    TITLE: Parceling Unconstrained Product Indicator

    DATA:
      FILE = parcelupi_simdat_1093.dat;
      FORMAT IS FREE;

    VARIABLE:
      NAMES = x1 x2 x3
      	    m1 m2 m3 m4 m5 m6
      	    m7 m8 m9 m10 m11 m12
      	    y1 y2 y3
      	    p1 p2 p3
      	    x3p1 x2p2 x1p3;
      USEVARIABLES = x1 x2 x3
      	    m1 m2 m3 m4 m5 m6
      	    m7 m8 m9 m10 m11 m12
      	    y1 y2 y3
      	    x3p1 x2p2 x1p3;

    ANALYSIS:
      TYPE = general;
      ESTIMATOR = MLR;
    MODEL:
      !measurement model
      X BY x3 x2 x1;
      X (var_X);
      M BY m12 m11 m10 m9 m8 m7 m6 m5 m4 m3 m2 m1;
      M (var_M);
      Y BY y3 y2 y1;
      Y (resvar_Y);
      XM BY x3p1 x2p2 x1p3;
      XM (var_XM);

      !covariances between predictors
      X WITH M (cov_XM);
      X WITH XM (cov_XXM);
      M WITH XM (cov_MXM);

      !structural model
      Y ON X (b1);
      Y ON M (b2);
      Y ON XM (b3);

    MODEL CONSTRAINT:

      NEW(var_Y std_b1 std_b2 std_b3);
      var_Y = resvar_Y +
       (b1^2 * var_X +
        b2^2 * var_M +
        b3^2 * var_XM +
        2 * b1 * b2 * cov_XM +
        2 * b1 * b3 * cov_XXM +
        2 * b2 * b3 * cov_MXM);

        std_b1 = b1 * sqrt(var_X) / sqrt(var_Y);
        std_b2 = b2 * sqrt(var_M) / sqrt(var_Y);
        std_b3 = b3 * sqrt(var_X) * sqrt(var_M) / sqrt(var_Y);

    OUTPUT:
      sampstat tech1 CINTERVAL;

    SAVEDATA:
      RESULTS = parcelupi_results_1093.dat;




INPUT READING TERMINATED NORMALLY



Parceling Unconstrained Product Indicator

SUMMARY OF ANALYSIS

Number of groups                                                 1
Number of observations                                         100

Number of dependent variables                                   21
Number of independent variables                                  0
Number of continuous latent variables                            4

Observed dependent variables

  Continuous
   X1          X2          X3          M1          M2          M3
   M4          M5          M6          M7          M8          M9
   M10         M11         M12         Y1          Y2          Y3
   X3P1        X2P2        X1P3

Continuous latent variables
   X           M           Y           XM


Estimator                                                      MLR
Information matrix                                        OBSERVED
Maximum number of iterations                                  1000
Convergence criterion                                    0.500D-04
Maximum number of steepest descent iterations                   20

Input data file(s)
  parcelupi_simdat_1093.dat

Input data format  FREE


SAMPLE STATISTICS


     SAMPLE STATISTICS


           Means
              X1            X2            X3            M1            M2
              ________      ________      ________      ________      ________
                0.000         0.000         0.000         0.000         0.000


           Means
              M3            M4            M5            M6            M7
              ________      ________      ________      ________      ________
                0.000         0.000         0.000         0.000         0.000


           Means
              M8            M9            M10           M11           M12
              ________      ________      ________      ________      ________
                0.000         0.000         0.000         0.000         0.000


           Means
              Y1            Y2            Y3            X3P1          X2P2
              ________      ________      ________      ________      ________
                0.543         0.792         1.186         0.000         0.000


           Means
              X1P3
              ________
                0.000


           Covariances
              X1            X2            X3            M1            M2
              ________      ________      ________      ________      ________
 X1             0.250
 X2             0.050         0.250
 X3             0.040         0.120         0.250
 M1             0.073        -0.097         0.113         2.741
 M2             0.148         0.038        -0.042         0.179         2.508
 M3             0.061         0.061        -0.019         0.104         0.094
 M4             0.165         0.005        -0.095        -0.195         0.295
 M5             0.060        -0.050         0.040         0.360        -0.440
 M6             0.080         0.020         0.070         0.310         0.250
 M7             0.090         0.060         0.050         0.233         0.034
 M8             0.080         0.000         0.010         0.223        -0.007
 M9             0.165        -0.075        -0.015         0.578         0.569
 M10            0.021         0.131         0.071        -0.006         0.314
 M11            0.165         0.156         0.045         0.578         0.119
 M12            0.095         0.075        -0.025         0.445         0.235
 Y1             0.053         0.020         0.035         0.037         0.111
 Y2             0.134         0.088         0.091         0.089         0.380
 Y3             0.086         0.082         0.142         0.037         0.267
 X3P1          -0.013         0.022         0.000         0.055         0.011
 X2P2          -0.033         0.001        -0.016        -0.078        -0.078
 X1P3           0.001        -0.015        -0.009         0.005        -0.061


           Covariances
              M3            M4            M5            M6            M7
              ________      ________      ________      ________      ________
 M3             2.694
 M4             0.428         2.389
 M5             0.360        -0.040         2.520
 M6             0.570         0.210         0.210         2.360
 M7             0.218         0.189         0.140         0.020         2.440
 M8             0.293        -0.129         0.200         0.490         0.161
 M9             0.496         0.179         0.210         0.560         0.379
 M10            0.544        -0.012         0.090         0.650         0.208
 M11            0.666         0.118         0.390         0.940         0.339
 M12            0.552         0.381         0.550         0.560         0.641
 Y1             0.176         0.072         0.023         0.094         0.043
 Y2             0.038         0.074         0.045         0.267         0.227
 Y3             0.167         0.315         0.115         0.450         0.159
 X3P1          -0.092         0.008        -0.046        -0.004        -0.085
 X2P2          -0.037         0.060         0.006        -0.011        -0.005
 X1P3          -0.133        -0.055         0.019        -0.080         0.018


           Covariances
              M8            M9            M10           M11           M12
              ________      ________      ________      ________      ________
 M8             2.478
 M9             0.712         2.467
 M10            0.613         1.126         2.354
 M11            0.902         1.257         1.356         2.487
 M12            0.909         0.962         0.882         1.242         2.029
 Y1            -0.004         0.305        -0.035         0.092         0.081
 Y2             0.206         0.397         0.175         0.272         0.158
 Y3             0.451         0.447         0.337         0.433         0.431
 X3P1          -0.023        -0.015         0.100        -0.002        -0.056
 X2P2          -0.010        -0.061         0.011        -0.039        -0.031
 X1P3          -0.018        -0.003        -0.040        -0.066        -0.007


           Covariances
              Y1            Y2            Y3            X3P1          X2P2
              ________      ________      ________      ________      ________
 Y1             0.710
 Y2             0.390         1.102
 Y3             0.427         0.799         1.412
 X3P1          -0.013         0.006        -0.082         0.224
 X2P2          -0.004        -0.054        -0.042         0.056         0.191
 X1P3          -0.027         0.007        -0.056         0.039         0.026


           Covariances
              X1P3
              ________
 X1P3           0.218


           Correlations
              X1            X2            X3            M1            M2
              ________      ________      ________      ________      ________
 X1             1.000
 X2             0.200         1.000
 X3             0.160         0.480         1.000
 M1             0.089        -0.117         0.137         1.000
 M2             0.187         0.048        -0.053         0.068         1.000
 M3             0.074         0.074        -0.023         0.038         0.036
 M4             0.214         0.007        -0.123        -0.076         0.121
 M5             0.076        -0.063         0.050         0.137        -0.175
 M6             0.104         0.026         0.091         0.122         0.103
 M7             0.116         0.077         0.064         0.090         0.014
 M8             0.101        -0.001         0.012         0.086        -0.003
 M9             0.211        -0.095        -0.018         0.222         0.229
 M10            0.027         0.171         0.092        -0.003         0.129
 M11            0.210         0.197         0.058         0.222         0.048
 M12            0.133         0.105        -0.036         0.189         0.104
 Y1             0.126         0.047         0.084         0.026         0.083
 Y2             0.255         0.168         0.174         0.051         0.229
 Y3             0.144         0.137         0.240         0.019         0.142
 X3P1          -0.053         0.093         0.000         0.071         0.015
 X2P2          -0.152         0.003        -0.075        -0.108        -0.112
 X1P3           0.005        -0.063        -0.041         0.007        -0.083


           Correlations
              M3            M4            M5            M6            M7
              ________      ________      ________      ________      ________
 M3             1.000
 M4             0.169         1.000
 M5             0.138        -0.016         1.000
 M6             0.226         0.088         0.086         1.000
 M7             0.085         0.078         0.056         0.008         1.000
 M8             0.113        -0.053         0.080         0.203         0.065
 M9             0.192         0.074         0.084         0.232         0.154
 M10            0.216        -0.005         0.037         0.276         0.087
 M11            0.257         0.049         0.156         0.388         0.138
 M12            0.236         0.173         0.243         0.256         0.288
 Y1             0.127         0.055         0.017         0.073         0.033
 Y2             0.022         0.046         0.027         0.166         0.138
 Y3             0.086         0.171         0.061         0.247         0.086
 X3P1          -0.119         0.011        -0.061        -0.005        -0.115
 X2P2          -0.051         0.089         0.008        -0.016        -0.008
 X1P3          -0.173        -0.076         0.026        -0.111         0.025


           Correlations
              M8            M9            M10           M11           M12
              ________      ________      ________      ________      ________
 M8             1.000
 M9             0.288         1.000
 M10            0.254         0.467         1.000
 M11            0.363         0.508         0.560         1.000
 M12            0.405         0.430         0.404         0.553         1.000
 Y1            -0.003         0.231        -0.027         0.069         0.068
 Y2             0.124         0.241         0.109         0.164         0.106
 Y3             0.241         0.239         0.185         0.231         0.255
 X3P1          -0.031        -0.020         0.138        -0.002        -0.084
 X2P2          -0.014        -0.088         0.017        -0.057        -0.050
 X1P3          -0.025        -0.004        -0.056        -0.090        -0.011


           Correlations
              Y1            Y2            Y3            X3P1          X2P2
              ________      ________      ________      ________      ________
 Y1             1.000
 Y2             0.441         1.000
 Y3             0.427         0.641         1.000
 X3P1          -0.033         0.012        -0.145         1.000
 X2P2          -0.010        -0.119        -0.080         0.270         1.000
 X1P3          -0.069         0.015        -0.102         0.175         0.130


           Correlations
              X1P3
              ________
 X1P3           1.000


UNIVARIATE SAMPLE STATISTICS


     UNIVARIATE HIGHER-ORDER MOMENT DESCRIPTIVE STATISTICS

         Variable/         Mean/     Skewness/   Minimum/ % with                Percentiles
        Sample Size      Variance    Kurtosis    Maximum  Min/Max      20%/60%    40%/80%    Median

     X1                    0.000       0.040      -0.490   51.00%      -0.490     -0.490     -0.490
             100.000       0.250      -1.998       0.510   49.00%       0.510      0.510
     X2                    0.000       0.040      -0.490   51.00%      -0.490     -0.490     -0.490
             100.000       0.250      -1.998       0.510   49.00%       0.510      0.510
     X3                    0.000       0.040      -0.490   51.00%      -0.490     -0.490     -0.490
             100.000       0.250      -1.998       0.510   49.00%       0.510      0.510
     M1                    0.000       0.153      -1.830   36.00%      -1.830     -0.830      0.170
             100.000       2.741      -1.626       2.170   27.00%       0.170      2.170
     M2                    0.000       0.222      -1.820   31.00%      -1.820     -0.820      0.180
             100.000       2.508      -1.485       2.180   26.00%       0.180      2.180
     M3                    0.000      -0.074      -2.080   29.00%      -2.080     -1.080     -0.080
             100.000       2.694      -1.602       1.920   33.00%       0.920      1.920
     M4                    0.000      -0.001      -2.030   25.00%      -2.030     -1.030     -0.030
             100.000       2.389      -1.469       1.970   28.00%      -0.030      1.970
     M5                    0.000       0.030      -2.000   27.00%      -2.000     -1.000      0.000
             100.000       2.520      -1.545       2.000   29.00%       1.000      2.000
     M6                    0.000       0.066      -2.000   23.00%      -2.000     -1.000      0.000
             100.000       2.360      -1.499       2.000   27.00%       1.000      2.000
     M7                    0.000      -0.017      -2.020   25.00%      -2.020     -1.020     -0.020
             100.000       2.440      -1.562       1.980   26.00%       0.980      1.980
     M8                    0.000       0.035      -1.960   28.00%      -1.960     -0.960      0.040
             100.000       2.478      -1.542       2.040   26.00%       1.040      2.040
     M9                    0.000      -0.052      -2.050   26.00%      -2.050     -1.050     -0.050
             100.000       2.467      -1.530       1.950   28.00%       0.950      1.950
     M10                   0.000      -0.118      -2.080   25.00%      -2.080     -0.080     -0.080
             100.000       2.354      -1.461       1.920   26.00%       0.920      1.920
     M11                   0.000      -0.021      -2.050   25.00%      -2.050     -1.050     -0.050
             100.000       2.487      -1.554       1.950   29.00%       0.950      1.950
     M12                   0.000       0.115      -1.970   20.00%      -1.970     -0.970      0.030
             100.000       2.029      -1.247       2.030   23.00%       0.030      2.030
     Y1                    0.543       0.210      -1.684    1.00%      -0.220      0.361      0.516
             100.000       0.710       0.679       3.357    1.00%       0.682      1.245
     Y2                    0.792      -0.338      -2.137    1.00%      -0.081      0.477      0.819
             100.000       1.102      -0.157       3.209    1.00%       1.171      1.713
     Y3                    1.186       0.105      -1.731    1.00%       0.049      0.766      1.062
             100.000       1.412      -0.408       4.294    1.00%       1.546      2.116
     X3P1                  0.000      -0.183      -0.999    1.00%      -0.499     -0.107      0.067
             100.000       0.224      -0.756       1.041    1.00%       0.148      0.403
     X2P2                  0.000      -0.124      -0.914    3.00%      -0.397     -0.057      0.026
             100.000       0.191      -0.355       1.006    1.00%       0.113      0.311
     X1P3                  0.000      -0.029      -1.106    1.00%      -0.468     -0.163     -0.041
             100.000       0.218      -0.740       0.817    3.00%       0.082      0.449


     THIS ANALYSIS MAY HAVE MULTIPLE SOLUTIONS.  EXPLORE THIS USING RANDOM STARTS,
     FOR EXAMPLE, STARTS = 20.  USE A LARGE ENOUGH NUMBER OF STARTS SO THAT THE
     BEST FIT FUNCTION VALUE IS REPLICATED SEVERAL TIMES.


THE MODEL ESTIMATION TERMINATED NORMALLY

     THE STANDARD ERRORS OF THE MODEL PARAMETER ESTIMATES MAY NOT BE
     TRUSTWORTHY FOR SOME PARAMETERS DUE TO A NON-POSITIVE DEFINITE
     FIRST-ORDER DERIVATIVE PRODUCT MATRIX.  THIS MAY BE DUE TO THE STARTING
     VALUES BUT MAY ALSO BE AN INDICATION OF MODEL NONIDENTIFICATION.  THE
     CONDITION NUMBER IS      -0.905D-18.  PROBLEM INVOLVING THE FOLLOWING PARAMETER:
     Parameter 69, XM (equality/label)

     THIS IS MOST LIKELY DUE TO VARIABLE X1 BEING DICHOTOMOUS BUT
     DECLARED AS CONTINUOUS.




MODEL FIT INFORMATION

Number of Free Parameters                       69

Loglikelihood

          H0 Value                       -2924.664
          H0 Scaling Correction Factor      0.8827
            for MLR
          H1 Value                       -2843.346
          H1 Scaling Correction Factor      0.9498
            for MLR

Information Criteria

          Akaike (AIC)                    5987.327
          Bayesian (BIC)                  6167.084
          Sample-Size Adjusted BIC        5949.165
            (n* = (n + 2) / 24)

Chi-Square Test of Model Fit

          Value                            166.775*
          Degrees of Freedom                   183
          P-Value                           0.7994
          Scaling Correction Factor         0.9752
            for MLR

*   The chi-square value for MLM, MLMV, MLR, ULSMV, WLSM and WLSMV cannot be used
    for chi-square difference testing in the regular way.  MLM, MLR and WLSM
    chi-square difference testing is described on the Mplus website.  MLMV, WLSMV,
    and ULSMV difference testing is done using the DIFFTEST option.

RMSEA (Root Mean Square Error Of Approximation)

          Estimate                           0.000
          90 Percent C.I.                    0.000  0.030
          Probability RMSEA <= .05           0.998

CFI/TLI

          CFI                                1.000
          TLI                                1.000

Chi-Square Test of Model Fit for the Baseline Model

          Value                            473.106
          Degrees of Freedom                   210
          P-Value                           0.0000

SRMR (Standardized Root Mean Square Residual)

          Value                              0.066



MODEL RESULTS

                                                    Two-Tailed
                    Estimate       S.E.  Est./S.E.    P-Value

 X        BY
    X3                 1.000      0.000    999.000    999.000
    X2                 0.992      0.362      2.744      0.006
    X1                 0.419      0.239      1.758      0.079

 M        BY
    M12                1.000      0.000    999.000    999.000
    M11                1.284      0.186      6.892      0.000
    M10                0.986      0.178      5.556      0.000
    M9                 1.025      0.170      6.039      0.000
    M8                 0.732      0.169      4.325      0.000
    M7                 0.352      0.163      2.156      0.031
    M6                 0.681      0.162      4.210      0.000
    M5                 0.315      0.184      1.714      0.086
    M4                 0.169      0.181      0.937      0.349
    M3                 0.548      0.168      3.261      0.001
    M2                 0.242      0.175      1.383      0.167
    M1                 0.396      0.193      2.051      0.040

 Y        BY
    Y3                 1.000      0.000    999.000    999.000
    Y2                 0.793      0.211      3.752      0.000
    Y1                 0.434      0.110      3.960      0.000

 XM       BY
    X3P1               1.000      0.000    999.000    999.000
    X2P2               0.748      0.679      1.103      0.270
    X1P3               0.512      0.442      1.159      0.246

 Y        ON
    X                  0.828      0.419      1.978      0.048
    M                  0.299      0.149      2.002      0.045
    XM                -0.626      0.623     -1.006      0.315

 X        WITH
    M                  0.058      0.050      1.174      0.240
    XM                -0.002      0.026     -0.089      0.929

 M        WITH
    XM                -0.026      0.059     -0.434      0.665

 Intercepts
    X1                 0.000      0.050      0.000      1.000
    X2                 0.000      0.050      0.000      1.000
    X3                 0.000      0.050      0.000      1.000
    M1                 0.000      0.166      0.000      1.000
    M2                 0.000      0.158      0.000      1.000
    M3                 0.000      0.164      0.000      1.000
    M4                 0.000      0.155      0.000      1.000
    M5                 0.000      0.159      0.000      1.000
    M6                 0.000      0.154      0.000      1.000
    M7                 0.000      0.156      0.000      1.000
    M8                 0.000      0.157      0.000      1.000
    M9                 0.000      0.157      0.000      1.000
    M10                0.000      0.153      0.000      1.000
    M11                0.000      0.158      0.000      1.000
    M12                0.000      0.142      0.000      1.000
    Y1                 0.543      0.084      6.447      0.000
    Y2                 0.792      0.105      7.541      0.000
    Y3                 1.186      0.119      9.983      0.000
    X3P1               0.000      0.047      0.000      1.000
    X2P2               0.000      0.044      0.000      1.000
    X1P3               0.000      0.047      0.000      1.000

 Variances
    X                  0.119      0.050      2.380      0.017
    M                  0.983      0.221      4.440      0.000
    XM                 0.074      0.077      0.963      0.336

 Residual Variances
    X1                 0.229      0.019     11.845      0.000
    X2                 0.133      0.048      2.773      0.006
    X3                 0.131      0.050      2.638      0.008
    M1                 2.587      0.213     12.131      0.000
    M2                 2.450      0.194     12.649      0.000
    M3                 2.398      0.220     10.877      0.000
    M4                 2.361      0.175     13.494      0.000
    M5                 2.423      0.183     13.264      0.000
    M6                 1.904      0.199      9.561      0.000
    M7                 2.318      0.187     12.388      0.000
    M8                 1.952      0.234      8.358      0.000
    M9                 1.434      0.266      5.397      0.000
    M10                1.398      0.205      6.817      0.000
    M11                0.866      0.232      3.739      0.000
    M12                1.046      0.176      5.935      0.000
    Y1                 0.518      0.093      5.560      0.000
    Y2                 0.464      0.174      2.673      0.008
    Y3                 0.395      0.225      1.761      0.078
    X3P1               0.150      0.075      2.002      0.045
    X2P2               0.149      0.040      3.708      0.000
    X1P3               0.198      0.030      6.664      0.000
    Y                  0.777      0.212      3.673      0.000

New/Additional Parameters
    VAR_Y              1.016      0.287      3.546      0.000
    STD_B1             0.283      0.138      2.043      0.041
    STD_B2             0.294      0.132      2.220      0.026
    STD_B3            -0.212      0.207     -1.026      0.305


QUALITY OF NUMERICAL RESULTS

     Condition Number for the Information Matrix              0.273E-03
       (ratio of smallest to largest eigenvalue)


CONFIDENCE INTERVALS OF MODEL RESULTS

                  Lower .5%  Lower 2.5%    Lower 5%    Estimate    Upper 5%  Upper 2.5%   Upper .5%

 X        BY
    X3               1.000       1.000       1.000       1.000       1.000       1.000       1.000
    X2               0.061       0.283       0.397       0.992       1.587       1.701       1.923
    X1              -0.195      -0.048       0.027       0.419       0.812       0.887       1.034

 M        BY
    M12              1.000       1.000       1.000       1.000       1.000       1.000       1.000
    M11              0.804       0.919       0.978       1.284       1.591       1.650       1.765
    M10              0.529       0.638       0.694       0.986       1.278       1.334       1.444
    M9               0.588       0.693       0.746       1.025       1.305       1.358       1.463
    M8               0.296       0.400       0.453       0.732       1.010       1.063       1.167
    M7              -0.069       0.032       0.083       0.352       0.620       0.671       0.772
    M6               0.265       0.364       0.415       0.681       0.948       0.999       1.098
    M5              -0.158      -0.045       0.013       0.315       0.617       0.674       0.787
    M4              -0.296      -0.185      -0.128       0.169       0.467       0.524       0.635
    M3               0.115       0.219       0.272       0.548       0.825       0.878       0.982
    M2              -0.209      -0.101      -0.046       0.242       0.530       0.585       0.693
    M1              -0.101       0.018       0.078       0.396       0.714       0.775       0.894

 Y        BY
    Y3               1.000       1.000       1.000       1.000       1.000       1.000       1.000
    Y2               0.248       0.379       0.445       0.793       1.140       1.207       1.337
    Y1               0.152       0.219       0.254       0.434       0.615       0.649       0.717

 XM       BY
    X3P1             1.000       1.000       1.000       1.000       1.000       1.000       1.000
    X2P2            -0.999      -0.582      -0.368       0.748       1.865       2.078       2.496
    X1P3            -0.626      -0.354      -0.215       0.512       1.239       1.378       1.650

 Y        ON
    X               -0.250       0.008       0.139       0.828       1.517       1.649       1.907
    M               -0.086       0.006       0.053       0.299       0.545       0.592       0.684
    XM              -2.230      -1.847      -1.651      -0.626       0.398       0.594       0.978

 X        WITH
    M               -0.069      -0.039      -0.023       0.058       0.140       0.155       0.186
    XM              -0.069      -0.053      -0.045      -0.002       0.040       0.048       0.064

 M        WITH
    XM              -0.178      -0.142      -0.123      -0.026       0.072       0.090       0.127

 Intercepts
    X1              -0.129      -0.098      -0.082       0.000       0.082       0.098       0.129
    X2              -0.129      -0.098      -0.082       0.000       0.082       0.098       0.129
    X3              -0.129      -0.098      -0.082       0.000       0.082       0.098       0.129
    M1              -0.426      -0.325      -0.272       0.000       0.272       0.325       0.426
    M2              -0.408      -0.310      -0.260       0.000       0.260       0.310       0.408
    M3              -0.423      -0.322      -0.270       0.000       0.270       0.322       0.423
    M4              -0.398      -0.303      -0.254       0.000       0.254       0.303       0.398
    M5              -0.409      -0.311      -0.261       0.000       0.261       0.311       0.409
    M6              -0.396      -0.301      -0.253       0.000       0.253       0.301       0.396
    M7              -0.402      -0.306      -0.257       0.000       0.257       0.306       0.402
    M8              -0.406      -0.309      -0.259       0.000       0.259       0.309       0.406
    M9              -0.405      -0.308      -0.258       0.000       0.258       0.308       0.405
    M10             -0.395      -0.301      -0.252       0.000       0.252       0.301       0.395
    M11             -0.406      -0.309      -0.259       0.000       0.259       0.309       0.406
    M12             -0.367      -0.279      -0.234       0.000       0.234       0.279       0.367
    Y1               0.326       0.378       0.405       0.543       0.682       0.708       0.760
    Y2               0.521       0.586       0.619       0.792       0.964       0.998       1.062
    Y3               0.880       0.953       0.991       1.186       1.382       1.419       1.492
    X3P1            -0.122      -0.093      -0.078       0.000       0.078       0.093       0.122
    X2P2            -0.112      -0.086      -0.072       0.000       0.072       0.086       0.112
    X1P3            -0.120      -0.091      -0.077       0.000       0.077       0.091       0.120

 Variances
    X               -0.010       0.021       0.037       0.119       0.201       0.216       0.247
    M                0.413       0.549       0.619       0.983       1.347       1.417       1.553
    XM              -0.124      -0.077      -0.052       0.074       0.200       0.225       0.272

 Residual Variances
    X1               0.179       0.191       0.197       0.229       0.261       0.267       0.279
    X2               0.009       0.039       0.054       0.133       0.212       0.227       0.257
    X3               0.003       0.034       0.049       0.131       0.213       0.229       0.260
    M1               2.038       2.169       2.236       2.587       2.938       3.005       3.136
    M2               1.951       2.070       2.131       2.450       2.769       2.830       2.949
    M3               1.830       1.966       2.035       2.398       2.761       2.830       2.966
    M4               1.910       2.018       2.073       2.361       2.649       2.704       2.812
    M5               1.952       2.065       2.122       2.423       2.723       2.781       2.893
    M6               1.391       1.513       1.576       1.904       2.231       2.294       2.416
    M7               1.836       1.951       2.010       2.318       2.626       2.685       2.800
    M8               1.351       1.494       1.568       1.952       2.336       2.410       2.554
    M9               0.750       0.913       0.997       1.434       1.871       1.955       2.119
    M10              0.870       0.996       1.060       1.398       1.735       1.799       1.926
    M11              0.269       0.412       0.485       0.866       1.247       1.320       1.463
    M12              0.592       0.701       0.756       1.046       1.336       1.392       1.500
    Y1               0.278       0.336       0.365       0.518       0.672       0.701       0.758
    Y2               0.017       0.124       0.178       0.464       0.749       0.804       0.911
    Y3              -0.183      -0.045       0.026       0.395       0.765       0.836       0.974
    X3P1            -0.043       0.003       0.027       0.150       0.273       0.296       0.342
    X2P2             0.046       0.070       0.083       0.149       0.215       0.228       0.253
    X1P3             0.122       0.140       0.149       0.198       0.247       0.257       0.275
    Y                0.232       0.362       0.429       0.777       1.125       1.192       1.322

New/Additional Parameters
    VAR_Y            0.278       0.454       0.545       1.016       1.487       1.578       1.754
    STD_B1          -0.074       0.011       0.055       0.283       0.511       0.554       0.640
    STD_B2          -0.047       0.034       0.076       0.294       0.512       0.554       0.635
    STD_B3          -0.744      -0.617      -0.552      -0.212       0.128       0.193       0.320


TECHNICAL 1 OUTPUT


     PARAMETER SPECIFICATION


           NU
              X1            X2            X3            M1            M2
              ________      ________      ________      ________      ________
                  1             2             3             4             5


           NU
              M3            M4            M5            M6            M7
              ________      ________      ________      ________      ________
                  6             7             8             9            10


           NU
              M8            M9            M10           M11           M12
              ________      ________      ________      ________      ________
                 11            12            13            14            15


           NU
              Y1            Y2            Y3            X3P1          X2P2
              ________      ________      ________      ________      ________
                 16            17            18            19            20


           NU
              X1P3
              ________
                 21


           LAMBDA
              X             M             Y             XM
              ________      ________      ________      ________
 X1                22             0             0             0
 X2                23             0             0             0
 X3                 0             0             0             0
 M1                 0            24             0             0
 M2                 0            25             0             0
 M3                 0            26             0             0
 M4                 0            27             0             0
 M5                 0            28             0             0
 M6                 0            29             0             0
 M7                 0            30             0             0
 M8                 0            31             0             0
 M9                 0            32             0             0
 M10                0            33             0             0
 M11                0            34             0             0
 M12                0             0             0             0
 Y1                 0             0            35             0
 Y2                 0             0            36             0
 Y3                 0             0             0             0
 X3P1               0             0             0             0
 X2P2               0             0             0            37
 X1P3               0             0             0            38


           THETA
              X1            X2            X3            M1            M2
              ________      ________      ________      ________      ________
 X1                39
 X2                 0            40
 X3                 0             0            41
 M1                 0             0             0            42
 M2                 0             0             0             0            43
 M3                 0             0             0             0             0
 M4                 0             0             0             0             0
 M5                 0             0             0             0             0
 M6                 0             0             0             0             0
 M7                 0             0             0             0             0
 M8                 0             0             0             0             0
 M9                 0             0             0             0             0
 M10                0             0             0             0             0
 M11                0             0             0             0             0
 M12                0             0             0             0             0
 Y1                 0             0             0             0             0
 Y2                 0             0             0             0             0
 Y3                 0             0             0             0             0
 X3P1               0             0             0             0             0
 X2P2               0             0             0             0             0
 X1P3               0             0             0             0             0


           THETA
              M3            M4            M5            M6            M7
              ________      ________      ________      ________      ________
 M3                44
 M4                 0            45
 M5                 0             0            46
 M6                 0             0             0            47
 M7                 0             0             0             0            48
 M8                 0             0             0             0             0
 M9                 0             0             0             0             0
 M10                0             0             0             0             0
 M11                0             0             0             0             0
 M12                0             0             0             0             0
 Y1                 0             0             0             0             0
 Y2                 0             0             0             0             0
 Y3                 0             0             0             0             0
 X3P1               0             0             0             0             0
 X2P2               0             0             0             0             0
 X1P3               0             0             0             0             0


           THETA
              M8            M9            M10           M11           M12
              ________      ________      ________      ________      ________
 M8                49
 M9                 0            50
 M10                0             0            51
 M11                0             0             0            52
 M12                0             0             0             0            53
 Y1                 0             0             0             0             0
 Y2                 0             0             0             0             0
 Y3                 0             0             0             0             0
 X3P1               0             0             0             0             0
 X2P2               0             0             0             0             0
 X1P3               0             0             0             0             0


           THETA
              Y1            Y2            Y3            X3P1          X2P2
              ________      ________      ________      ________      ________
 Y1                54
 Y2                 0            55
 Y3                 0             0            56
 X3P1               0             0             0            57
 X2P2               0             0             0             0            58
 X1P3               0             0             0             0             0


           THETA
              X1P3
              ________
 X1P3              59


           ALPHA
              X             M             Y             XM
              ________      ________      ________      ________
                  0             0             0             0


           BETA
              X             M             Y             XM
              ________      ________      ________      ________
 X                  0             0             0             0
 M                  0             0             0             0
 Y                 60            61             0            62
 XM                 0             0             0             0


           PSI
              X             M             Y             XM
              ________      ________      ________      ________
 X                 63
 M                 64            65
 Y                  0             0            66
 XM                67            68             0            69


     PARAMETER SPECIFICATION FOR THE ADDITIONAL PARAMETERS


           New/Additional Parameters
              VAR_Y         STD_B1        STD_B2        STD_B3
              ________      ________      ________      ________
                   70            71            72            73


     STARTING VALUES


           NU
              X1            X2            X3            M1            M2
              ________      ________      ________      ________      ________
                0.000         0.000         0.000         0.000         0.000


           NU
              M3            M4            M5            M6            M7
              ________      ________      ________      ________      ________
                0.000         0.000         0.000         0.000         0.000


           NU
              M8            M9            M10           M11           M12
              ________      ________      ________      ________      ________
                0.000         0.000         0.000         0.000         0.000


           NU
              Y1            Y2            Y3            X3P1          X2P2
              ________      ________      ________      ________      ________
                0.543         0.792         1.186         0.000         0.000


           NU
              X1P3
              ________
                0.000


           LAMBDA
              X             M             Y             XM
              ________      ________      ________      ________
 X1             0.416         0.000         0.000         0.000
 X2             1.251         0.000         0.000         0.000
 X3             1.000         0.000         0.000         0.000
 M1             0.000         1.087         0.000         0.000
 M2             0.000         0.086         0.000         0.000
 M3             0.000         0.439         0.000         0.000
 M4             0.000         0.350         0.000         0.000
 M5             0.000         0.497         0.000         0.000
 M6             0.000         0.571         0.000         0.000
 M7             0.000         0.423         0.000         0.000
 M8             0.000         0.883         0.000         0.000
 M9             0.000         0.958         0.000         0.000
 M10            0.000         1.646         0.000         0.000
 M11            0.000         1.104         0.000         0.000
 M12            0.000         1.000         0.000         0.000
 Y1             0.000         0.000         0.488         0.000
 Y2             0.000         0.000         0.912         0.000
 Y3             0.000         0.000         1.000         0.000
 X3P1           0.000         0.000         0.000         1.000
 X2P2           0.000         0.000         0.000         0.684
 X1P3           0.000         0.000         0.000         0.473


           THETA
              X1            X2            X3            M1            M2
              ________      ________      ________      ________      ________
 X1             0.125
 X2             0.000         0.125
 X3             0.000         0.000         0.125
 M1             0.000         0.000         0.000         1.371
 M2             0.000         0.000         0.000         0.000         1.254
 M3             0.000         0.000         0.000         0.000         0.000
 M4             0.000         0.000         0.000         0.000         0.000
 M5             0.000         0.000         0.000         0.000         0.000
 M6             0.000         0.000         0.000         0.000         0.000
 M7             0.000         0.000         0.000         0.000         0.000
 M8             0.000         0.000         0.000         0.000         0.000
 M9             0.000         0.000         0.000         0.000         0.000
 M10            0.000         0.000         0.000         0.000         0.000
 M11            0.000         0.000         0.000         0.000         0.000
 M12            0.000         0.000         0.000         0.000         0.000
 Y1             0.000         0.000         0.000         0.000         0.000
 Y2             0.000         0.000         0.000         0.000         0.000
 Y3             0.000         0.000         0.000         0.000         0.000
 X3P1           0.000         0.000         0.000         0.000         0.000
 X2P2           0.000         0.000         0.000         0.000         0.000
 X1P3           0.000         0.000         0.000         0.000         0.000


           THETA
              M3            M4            M5            M6            M7
              ________      ________      ________      ________      ________
 M3             1.347
 M4             0.000         1.195
 M5             0.000         0.000         1.260
 M6             0.000         0.000         0.000         1.180
 M7             0.000         0.000         0.000         0.000         1.220
 M8             0.000         0.000         0.000         0.000         0.000
 M9             0.000         0.000         0.000         0.000         0.000
 M10            0.000         0.000         0.000         0.000         0.000
 M11            0.000         0.000         0.000         0.000         0.000
 M12            0.000         0.000         0.000         0.000         0.000
 Y1             0.000         0.000         0.000         0.000         0.000
 Y2             0.000         0.000         0.000         0.000         0.000
 Y3             0.000         0.000         0.000         0.000         0.000
 X3P1           0.000         0.000         0.000         0.000         0.000
 X2P2           0.000         0.000         0.000         0.000         0.000
 X1P3           0.000         0.000         0.000         0.000         0.000


           THETA
              M8            M9            M10           M11           M12
              ________      ________      ________      ________      ________
 M8             1.239
 M9             0.000         1.234
 M10            0.000         0.000         1.177
 M11            0.000         0.000         0.000         1.244
 M12            0.000         0.000         0.000         0.000         1.015
 Y1             0.000         0.000         0.000         0.000         0.000
 Y2             0.000         0.000         0.000         0.000         0.000
 Y3             0.000         0.000         0.000         0.000         0.000
 X3P1           0.000         0.000         0.000         0.000         0.000
 X2P2           0.000         0.000         0.000         0.000         0.000
 X1P3           0.000         0.000         0.000         0.000         0.000


           THETA
              Y1            Y2            Y3            X3P1          X2P2
              ________      ________      ________      ________      ________
 Y1             0.355
 Y2             0.000         0.551
 Y3             0.000         0.000         0.706
 X3P1           0.000         0.000         0.000         0.112
 X2P2           0.000         0.000         0.000         0.000         0.095
 X1P3           0.000         0.000         0.000         0.000         0.000


           THETA
              X1P3
              ________
 X1P3           0.109


           ALPHA
              X             M             Y             XM
              ________      ________      ________      ________
                0.000         0.000         0.000         0.000


           BETA
              X             M             Y             XM
              ________      ________      ________      ________
 X              0.000         0.000         0.000         0.000
 M              0.000         0.000         0.000         0.000
 Y              0.000         0.000         0.000         0.000
 XM             0.000         0.000         0.000         0.000


           PSI
              X             M             Y             XM
              ________      ________      ________      ________
 X              0.050
 M              0.000         0.050
 Y              0.000         0.000         0.050
 XM             0.000         0.000         0.000         0.050


     STARTING VALUES FOR THE ADDITIONAL PARAMETERS


           New/Additional Parameters
              VAR_Y         STD_B1        STD_B2        STD_B3
              ________      ________      ________      ________
                0.500         0.500         0.500         0.500


RESULTS SAVING INFORMATION

  Order of data

    Parameter estimates
     (saved in order shown in Technical 1 output)
    Standard errors
     (saved in order shown in Technical 1 output)
    Number of Free Parameters
    H0 Loglikelihood
    H0 Scaling Correction Factor for MLR
    H1 Loglikelihood
    H1 Scaling Correction Factor for MLR
    Akaike (AIC)
    Bayesian (BIC)
    Sample-Size Adjusted BIC
    Chi-square : Value
    Chi-square : Degrees of Freedom
    Chi-square : P-Value
    Chi-square : Scaling Correction Factor for MLR/MLM/WLSM
    CFI
    TLI
    RMSEA : Estimate
    RMSEA : Low CI
    RMSEA : High CI
    RMSEA : Probability
    SRMR
    Condition Number

  Save file
    parcelupi_results_1093.dat

  Save file format           Free


     Beginning Time:  16:18:05
        Ending Time:  16:18:07
       Elapsed Time:  00:00:02



MUTHEN & MUTHEN
3463 Stoner Ave.
Los Angeles, CA  90066

Tel: (310) 391-9971
Fax: (310) 391-8971
Web: www.StatModel.com
Support: Support@StatModel.com

Copyright (c) 1998-2022 Muthen & Muthen
