Mplus VERSION 8.8 (Mac)
MUTHEN & MUTHEN
07/27/2025   5:18 PM

INPUT INSTRUCTIONS


    TITLE: Parceling Unconstrained Product Indicator

    DATA:
      FILE = parcelupi_simdat_1291.dat;
      FORMAT IS FREE;

    VARIABLE:
      NAMES = x1 x2 x3
      	    m1 m2 m3 m4 m5 m6
      	    m7 m8 m9 m10 m11 m12
      	    y1 y2 y3
      	    p1 p2 p3
      	    x3p1 x2p2 x1p3;
      USEVARIABLES = x1 x2 x3
      	    m1 m2 m3 m4 m5 m6
      	    m7 m8 m9 m10 m11 m12
      	    y1 y2 y3
      	    x3p1 x2p2 x1p3;

    ANALYSIS:
      TYPE = general;
      ESTIMATOR = MLR;
    MODEL:
      !measurement model
      X BY x3 x2 x1;
      X (var_X);
      M BY m12 m11 m10 m9 m8 m7 m6 m5 m4 m3 m2 m1;
      M (var_M);
      Y BY y3 y2 y1;
      Y (resvar_Y);
      XM BY x3p1 x2p2 x1p3;
      XM (var_XM);

      !covariances between predictors
      X WITH M (cov_XM);
      X WITH XM (cov_XXM);
      M WITH XM (cov_MXM);

      !structural model
      Y ON X (b1);
      Y ON M (b2);
      Y ON XM (b3);

    MODEL CONSTRAINT:

      NEW(var_Y std_b1 std_b2 std_b3);
      var_Y = resvar_Y +
       (b1^2 * var_X +
        b2^2 * var_M +
        b3^2 * var_XM +
        2 * b1 * b2 * cov_XM +
        2 * b1 * b3 * cov_XXM +
        2 * b2 * b3 * cov_MXM);

        std_b1 = b1 * sqrt(var_X) / sqrt(var_Y);
        std_b2 = b2 * sqrt(var_M) / sqrt(var_Y);
        std_b3 = b3 * sqrt(var_X) * sqrt(var_M) / sqrt(var_Y);

    OUTPUT:
      sampstat tech1 CINTERVAL;

    SAVEDATA:
      RESULTS = parcelupi_results_1291.dat;




INPUT READING TERMINATED NORMALLY



Parceling Unconstrained Product Indicator

SUMMARY OF ANALYSIS

Number of groups                                                 1
Number of observations                                         100

Number of dependent variables                                   21
Number of independent variables                                  0
Number of continuous latent variables                            4

Observed dependent variables

  Continuous
   X1          X2          X3          M1          M2          M3
   M4          M5          M6          M7          M8          M9
   M10         M11         M12         Y1          Y2          Y3
   X3P1        X2P2        X1P3

Continuous latent variables
   X           M           Y           XM


Estimator                                                      MLR
Information matrix                                        OBSERVED
Maximum number of iterations                                  1000
Convergence criterion                                    0.500D-04
Maximum number of steepest descent iterations                   20

Input data file(s)
  parcelupi_simdat_1291.dat

Input data format  FREE


SAMPLE STATISTICS


     SAMPLE STATISTICS


           Means
              X1            X2            X3            M1            M2
              ________      ________      ________      ________      ________
                0.000         0.000         0.000         0.000         0.000


           Means
              M3            M4            M5            M6            M7
              ________      ________      ________      ________      ________
                0.000         0.000         0.000         0.000         0.000


           Means
              M8            M9            M10           M11           M12
              ________      ________      ________      ________      ________
                0.000         0.000         0.000         0.000         0.000


           Means
              Y1            Y2            Y3            X3P1          X2P2
              ________      ________      ________      ________      ________
                0.644         0.836         1.179         0.000         0.000


           Means
              X1P3
              ________
                0.000


           Covariances
              X1            X2            X3            M1            M2
              ________      ________      ________      ________      ________
 X1             0.250
 X2             0.025         0.250
 X3             0.082         0.094         0.244
 M1            -0.153         0.011        -0.029         2.500
 M2             0.141        -0.030         0.047        -0.484         2.658
 M3             0.044         0.026         0.099         0.413        -0.698
 M4             0.082         0.039         0.160         0.017        -0.085
 M5            -0.059         0.059        -0.055         0.198        -0.272
 M6             0.045         0.018        -0.149         0.184        -0.050
 M7             0.114        -0.064         0.031        -0.410         0.233
 M8             0.006         0.085         0.061        -0.013         0.318
 M9             0.079         0.048         0.110        -0.263         0.252
 M10            0.013         0.026         0.092         0.317         0.284
 M11            0.120         0.010        -0.052        -0.017         0.099
 M12            0.073         0.009        -0.011        -0.280         0.554
 Y1             0.060         0.038         0.051        -0.122        -0.018
 Y2             0.092         0.119         0.070         0.053         0.128
 Y3             0.090         0.081         0.169         0.072         0.264
 X3P1          -0.022        -0.016        -0.009        -0.011        -0.013
 X2P2           0.030        -0.001        -0.005        -0.028        -0.046
 X1P3           0.002        -0.013        -0.005         0.074        -0.061


           Covariances
              M3            M4            M5            M6            M7
              ________      ________      ________      ________      ________
 M3             2.927
 M4             0.286         2.446
 M5             0.453         0.073         2.276
 M6             0.552         0.541         0.056         2.682
 M7             0.446         0.628         0.374         0.387         2.345
 M8             0.013         0.454         0.097         0.528         0.444
 M9             0.205         0.757         0.259         0.564         0.518
 M10           -0.054         0.441         0.205         0.432         0.324
 M11            0.041         0.228         0.549         0.355         0.081
 M12            0.197         0.343         0.452         0.446         0.530
 Y1            -0.004         0.127         0.083        -0.009         0.189
 Y2             0.272         0.112        -0.056         0.063        -0.009
 Y3             0.351         0.264        -0.193        -0.047         0.090
 X3P1           0.059         0.072        -0.004         0.089        -0.025
 X2P2           0.116        -0.078        -0.064         0.036         0.072
 X1P3           0.163         0.155         0.071         0.175         0.105


           Covariances
              M8            M9            M10           M11           M12
              ________      ________      ________      ________      ________
 M8             2.188
 M9             1.086         2.554
 M10            0.524         0.492         2.362
 M11            0.379         0.646         0.672         2.260
 M12            0.453         0.813         0.653         0.717         2.380
 Y1             0.117         0.353        -0.045         0.200         0.172
 Y2             0.228         0.237        -0.133         0.179         0.080
 Y3             0.249         0.317         0.148         0.253         0.097
 X3P1           0.007         0.145         0.106         0.089         0.081
 X2P2          -0.071        -0.007         0.004         0.054         0.055
 X1P3           0.014         0.034         0.133        -0.070        -0.028


           Covariances
              Y1            Y2            Y3            X3P1          X2P2
              ________      ________      ________      ________      ________
 Y1             0.680
 Y2             0.408         1.047
 Y3             0.343         0.768         1.246
 X3P1           0.004        -0.049        -0.022         0.178
 X2P2          -0.015         0.046         0.009         0.026         0.183
 X1P3          -0.004        -0.044        -0.004         0.021         0.038


           Covariances
              X1P3
              ________
 X1P3           0.229


           Correlations
              X1            X2            X3            M1            M2
              ________      ________      ________      ________      ________
 X1             1.000
 X2             0.101         1.000
 X3             0.331         0.382         1.000
 M1            -0.193         0.014        -0.037         1.000
 M2             0.173        -0.037         0.058        -0.188         1.000
 M3             0.051         0.030         0.117         0.153        -0.250
 M4             0.105         0.050         0.208         0.007        -0.033
 M5            -0.078         0.079        -0.074         0.083        -0.111
 M6             0.055         0.021        -0.185         0.071        -0.019
 M7             0.148        -0.084         0.040        -0.169         0.093
 M8             0.008         0.114         0.084        -0.006         0.132
 M9             0.099         0.060         0.139        -0.104         0.097
 M10            0.017         0.034         0.122         0.131         0.113
 M11            0.160         0.013        -0.070        -0.007         0.040
 M12            0.094         0.011        -0.015        -0.115         0.220
 Y1             0.145         0.093         0.125        -0.093        -0.013
 Y2             0.180         0.233         0.138         0.033         0.076
 Y3             0.162         0.144         0.307         0.041         0.145
 X3P1          -0.106        -0.077        -0.044        -0.016        -0.020
 X2P2           0.139        -0.003        -0.022        -0.041        -0.066
 X1P3           0.009        -0.053        -0.022         0.097        -0.078


           Correlations
              M3            M4            M5            M6            M7
              ________      ________      ________      ________      ________
 M3             1.000
 M4             0.107         1.000
 M5             0.175         0.031         1.000
 M6             0.197         0.211         0.023         1.000
 M7             0.170         0.262         0.162         0.154         1.000
 M8             0.005         0.196         0.043         0.218         0.196
 M9             0.075         0.303         0.107         0.216         0.212
 M10           -0.021         0.183         0.089         0.171         0.138
 M11            0.016         0.097         0.242         0.144         0.035
 M12            0.075         0.142         0.194         0.177         0.224
 Y1            -0.003         0.099         0.067        -0.007         0.149
 Y2             0.155         0.070        -0.036         0.037        -0.006
 Y3             0.184         0.151        -0.115        -0.025         0.053
 X3P1           0.082         0.110        -0.007         0.129        -0.039
 X2P2           0.159        -0.117        -0.098         0.051         0.110
 X1P3           0.199         0.207         0.099         0.223         0.144


           Correlations
              M8            M9            M10           M11           M12
              ________      ________      ________      ________      ________
 M8             1.000
 M9             0.459         1.000
 M10            0.231         0.200         1.000
 M11            0.170         0.269         0.291         1.000
 M12            0.199         0.330         0.275         0.309         1.000
 Y1             0.096         0.268        -0.035         0.161         0.135
 Y2             0.151         0.145        -0.085         0.117         0.051
 Y3             0.151         0.178         0.086         0.151         0.056
 X3P1           0.011         0.215         0.164         0.140         0.124
 X2P2          -0.113        -0.010         0.006         0.085         0.083
 X1P3           0.019         0.044         0.180        -0.097        -0.038


           Correlations
              Y1            Y2            Y3            X3P1          X2P2
              ________      ________      ________      ________      ________
 Y1             1.000
 Y2             0.483         1.000
 Y3             0.372         0.673         1.000
 X3P1           0.010        -0.113        -0.047         1.000
 X2P2          -0.042         0.105         0.019         0.145         1.000
 X1P3          -0.011        -0.091        -0.008         0.105         0.186


           Correlations
              X1P3
              ________
 X1P3           1.000


UNIVARIATE SAMPLE STATISTICS


     UNIVARIATE HIGHER-ORDER MOMENT DESCRIPTIVE STATISTICS

         Variable/         Mean/     Skewness/   Minimum/ % with                Percentiles
        Sample Size      Variance    Kurtosis    Maximum  Min/Max      20%/60%    40%/80%    Median

     X1                    0.000       0.080      -0.480   52.00%      -0.480     -0.480     -0.480
             100.000       0.250      -1.994       0.520   48.00%       0.520      0.520
     X2                    0.000      -0.040      -0.510   49.00%      -0.510     -0.510      0.490
             100.000       0.250      -1.998       0.490   51.00%       0.490      0.490
     X3                    0.000      -0.324      -0.580   42.00%      -0.580     -0.580      0.420
             100.000       0.244      -1.895       0.420   58.00%       0.420      0.420
     M1                    0.000       0.064      -1.860   34.00%      -1.860     -0.860      0.140
             100.000       2.500      -1.527       2.140   23.00%       0.140      2.140
     M2                    0.000      -0.009      -2.040   29.00%      -2.040     -1.040     -0.040
             100.000       2.658      -1.574       1.960   33.00%      -0.040      1.960
     M3                    0.000       0.054      -1.950   35.00%      -1.950     -0.950      0.050
             100.000       2.927      -1.705       2.050   33.00%       1.050      2.050
     M4                    0.000      -0.042      -2.120   22.00%      -2.120     -1.120     -0.120
             100.000       2.446      -1.528       1.880   32.00%       0.880      1.880
     M5                    0.000      -0.067      -2.060   23.00%      -2.060     -1.060     -0.060
             100.000       2.276      -1.447       1.940   25.00%       0.940      1.940
     M6                    0.000      -0.252      -2.240   26.00%      -2.240     -0.240      0.760
             100.000       2.682      -1.567       1.760   36.00%       0.760      1.760
     M7                    0.000       0.051      -1.930   28.00%      -1.930     -0.930      0.070
             100.000       2.345      -1.441       2.070   24.00%       0.070      2.070
     M8                    0.000      -0.086      -2.050   23.00%      -2.050     -0.050     -0.050
             100.000       2.187      -1.384       1.950   23.00%       0.950      1.950
     M9                    0.000       0.278      -1.690   38.00%      -1.690     -0.690     -0.190
             100.000       2.554      -1.501       2.310   22.00%       0.310      2.310
     M10                   0.000       0.035      -1.910   29.00%      -1.910     -0.910      0.090
             100.000       2.362      -1.490       2.090   22.00%       1.090      2.090
     M11                   0.000      -0.052      -2.020   25.00%      -2.020     -0.020     -0.020
             100.000       2.260      -1.404       1.980   24.00%       0.980      1.980
     M12                   0.000      -0.088      -2.140   21.00%      -2.140     -1.140     -0.140
             100.000       2.380      -1.514       1.860   30.00%       0.860      1.860
     Y1                    0.644      -0.180      -1.742    1.00%      -0.056      0.437      0.616
             100.000       0.680      -0.072       2.446    1.00%       0.857      1.356
     Y2                    0.836       0.174      -1.513    1.00%      -0.164      0.590      0.792
             100.000       1.047      -0.182       4.015    1.00%       0.988      1.877
     Y3                    1.179       0.148      -1.904    1.00%       0.374      0.799      0.934
             100.000       1.246       0.179       3.996    1.00%       1.408      2.092
     X3P1                  0.000      -0.019      -0.810    2.00%      -0.375     -0.143      0.060
             100.000       0.178      -0.817       1.075    1.00%       0.172      0.382
     X2P2                  0.000      -0.047      -1.032    1.00%      -0.392     -0.052      0.071
             100.000       0.183      -0.324       1.011    1.00%       0.118      0.316
     X1P3                  0.000      -0.057      -1.098    1.00%      -0.530     -0.050      0.010
             100.000       0.229      -0.650       0.982    2.00%       0.072      0.430


     THIS ANALYSIS MAY HAVE MULTIPLE SOLUTIONS.  EXPLORE THIS USING RANDOM STARTS,
     FOR EXAMPLE, STARTS = 20.  USE A LARGE ENOUGH NUMBER OF STARTS SO THAT THE
     BEST FIT FUNCTION VALUE IS REPLICATED SEVERAL TIMES.


THE MODEL ESTIMATION TERMINATED NORMALLY

     THE STANDARD ERRORS OF THE MODEL PARAMETER ESTIMATES MAY NOT BE
     TRUSTWORTHY FOR SOME PARAMETERS DUE TO A NON-POSITIVE DEFINITE
     FIRST-ORDER DERIVATIVE PRODUCT MATRIX.  THIS MAY BE DUE TO THE STARTING
     VALUES BUT MAY ALSO BE AN INDICATION OF MODEL NONIDENTIFICATION.  THE
     CONDITION NUMBER IS       0.188D-17.  PROBLEM INVOLVING THE FOLLOWING PARAMETER:
     Parameter 40, X2

     THIS IS MOST LIKELY DUE TO VARIABLE X1 BEING DICHOTOMOUS BUT
     DECLARED AS CONTINUOUS.




MODEL FIT INFORMATION

Number of Free Parameters                       69

Loglikelihood

          H0 Value                       -2945.197
          H0 Scaling Correction Factor      0.9159
            for MLR
          H1 Value                       -2842.907
          H1 Scaling Correction Factor      0.9626
            for MLR

Information Criteria

          Akaike (AIC)                    6028.395
          Bayesian (BIC)                  6208.151
          Sample-Size Adjusted BIC        5990.232
            (n* = (n + 2) / 24)

Chi-Square Test of Model Fit

          Value                            208.716*
          Degrees of Freedom                   183
          P-Value                           0.0934
          Scaling Correction Factor         0.9802
            for MLR

*   The chi-square value for MLM, MLMV, MLR, ULSMV, WLSM and WLSMV cannot be used
    for chi-square difference testing in the regular way.  MLM, MLR and WLSM
    chi-square difference testing is described on the Mplus website.  MLMV, WLSMV,
    and ULSMV difference testing is done using the DIFFTEST option.

RMSEA (Root Mean Square Error Of Approximation)

          Estimate                           0.037
          90 Percent C.I.                    0.000  0.060
          Probability RMSEA <= .05           0.802

CFI/TLI

          CFI                                0.880
          TLI                                0.862

Chi-Square Test of Model Fit for the Baseline Model

          Value                            424.527
          Degrees of Freedom                   210
          P-Value                           0.0000

SRMR (Standardized Root Mean Square Residual)

          Value                              0.076



MODEL RESULTS

                                                    Two-Tailed
                    Estimate       S.E.  Est./S.E.    P-Value

 X        BY
    X3                 1.000      0.000    999.000    999.000
    X2                 0.631      0.250      2.528      0.011
    X1                 0.543      0.219      2.481      0.013

 M        BY
    M12                1.000      0.000    999.000    999.000
    M11                0.795      0.236      3.366      0.001
    M10                0.811      0.261      3.106      0.002
    M9                 1.386      0.430      3.224      0.001
    M8                 0.997      0.362      2.757      0.006
    M7                 0.713      0.273      2.609      0.009
    M6                 0.758      0.327      2.317      0.020
    M5                 0.381      0.245      1.559      0.119
    M4                 0.831      0.333      2.496      0.013
    M3                 0.355      0.326      1.086      0.277
    M2                 0.319      0.300      1.064      0.287
    M1                -0.129      0.259     -0.497      0.619

 Y        BY
    Y3                 1.000      0.000    999.000    999.000
    Y2                 1.007      0.188      5.348      0.000
    Y1                 0.507      0.109      4.644      0.000

 XM       BY
    X3P1               1.000      0.000    999.000    999.000
    X2P2               0.410      0.511      0.803      0.422
    X1P3               0.612      0.917      0.667      0.505

 Y        ON
    X                  0.650      0.567      1.146      0.252
    M                  0.312      0.292      1.068      0.286
    XM                -0.805      1.284     -0.627      0.531

 X        WITH
    M                  0.055      0.047      1.164      0.244
    XM                -0.013      0.021     -0.588      0.557

 M        WITH
    XM                 0.073      0.059      1.247      0.213

 Intercepts
    X1                 0.000      0.050      0.000      1.000
    X2                 0.000      0.050      0.000      1.000
    X3                 0.000      0.049      0.000      1.000
    M1                 0.000      0.158      0.000      1.000
    M2                 0.000      0.163      0.000      1.000
    M3                 0.000      0.171      0.000      1.000
    M4                 0.000      0.156      0.000      1.000
    M5                 0.000      0.151      0.000      1.000
    M6                 0.000      0.164      0.000      1.000
    M7                 0.000      0.153      0.000      1.000
    M8                 0.000      0.148      0.000      1.000
    M9                 0.000      0.160      0.000      1.000
    M10                0.000      0.154      0.000      1.000
    M11                0.000      0.150      0.000      1.000
    M12                0.000      0.154      0.000      1.000
    Y1                 0.644      0.082      7.814      0.000
    Y2                 0.836      0.102      8.171      0.000
    Y3                 1.179      0.112     10.560      0.000
    X3P1               0.000      0.042      0.000      1.000
    X2P2               0.000      0.043      0.000      1.000
    X1P3               0.000      0.048      0.000      1.000

 Variances
    X                  0.144      0.064      2.239      0.025
    M                  0.620      0.288      2.152      0.031
    XM                 0.053      0.057      0.923      0.356

 Residual Variances
    X1                 0.207      0.025      8.401      0.000
    X2                 0.193      0.030      6.465      0.000
    X3                 0.100      0.064      1.562      0.118
    M1                 2.490      0.177     14.082      0.000
    M2                 2.595      0.199     13.016      0.000
    M3                 2.850      0.199     14.349      0.000
    M4                 2.018      0.241      8.366      0.000
    M5                 2.186      0.187     11.666      0.000
    M6                 2.326      0.267      8.714      0.000
    M7                 2.030      0.229      8.866      0.000
    M8                 1.571      0.249      6.296      0.000
    M9                 1.362      0.305      4.465      0.000
    M10                1.954      0.274      7.128      0.000
    M11                1.867      0.246      7.585      0.000
    M12                1.760      0.271      6.495      0.000
    Y1                 0.484      0.087      5.586      0.000
    Y2                 0.275      0.132      2.091      0.037
    Y3                 0.485      0.120      4.034      0.000
    X3P1               0.125      0.056      2.223      0.026
    X2P2               0.174      0.028      6.297      0.000
    X1P3               0.209      0.038      5.457      0.000
    Y                  0.607      0.197      3.087      0.002

New/Additional Parameters
    VAR_Y              0.761      0.227      3.345      0.001
    STD_B1             0.282      0.200      1.412      0.158
    STD_B2             0.282      0.251      1.122      0.262
    STD_B3            -0.276      0.452     -0.610      0.542


QUALITY OF NUMERICAL RESULTS

     Condition Number for the Information Matrix              0.181E-03
       (ratio of smallest to largest eigenvalue)


CONFIDENCE INTERVALS OF MODEL RESULTS

                  Lower .5%  Lower 2.5%    Lower 5%    Estimate    Upper 5%  Upper 2.5%   Upper .5%

 X        BY
    X3               1.000       1.000       1.000       1.000       1.000       1.000       1.000
    X2              -0.012       0.142       0.221       0.631       1.042       1.121       1.275
    X1              -0.021       0.114       0.183       0.543       0.902       0.971       1.106

 M        BY
    M12              1.000       1.000       1.000       1.000       1.000       1.000       1.000
    M11              0.187       0.332       0.407       0.795       1.184       1.258       1.404
    M10              0.139       0.299       0.382       0.811       1.241       1.323       1.484
    M9               0.279       0.543       0.679       1.386       2.094       2.229       2.494
    M8               0.065       0.288       0.402       0.997       1.592       1.706       1.929
    M7               0.009       0.177       0.263       0.713       1.162       1.248       1.416
    M6              -0.085       0.117       0.220       0.758       1.297       1.400       1.601
    M5              -0.249      -0.098      -0.021       0.381       0.784       0.861       1.011
    M4              -0.026       0.178       0.283       0.831       1.378       1.483       1.688
    M3              -0.486      -0.285      -0.182       0.355       0.892       0.994       1.195
    M2              -0.454      -0.269      -0.174       0.319       0.813       0.907       1.092
    M1              -0.797      -0.637      -0.556      -0.129       0.298       0.379       0.539

 Y        BY
    Y3               1.000       1.000       1.000       1.000       1.000       1.000       1.000
    Y2               0.522       0.638       0.697       1.007       1.317       1.376       1.492
    Y1               0.226       0.293       0.327       0.507       0.687       0.721       0.788

 XM       BY
    X3P1             1.000       1.000       1.000       1.000       1.000       1.000       1.000
    X2P2            -0.906      -0.591      -0.430       0.410       1.251       1.412       1.726
    X1P3            -1.751      -1.186      -0.897       0.612       2.121       2.410       2.975

 Y        ON
    X               -0.811      -0.462      -0.283       0.650       1.582       1.761       2.110
    M               -0.441      -0.261      -0.169       0.312       0.793       0.885       1.064
    XM              -4.112      -3.321      -2.917      -0.805       1.307       1.711       2.501

 X        WITH
    M               -0.067      -0.038      -0.023       0.055       0.133       0.147       0.176
    XM              -0.067      -0.054      -0.048      -0.013       0.023       0.029       0.042

 M        WITH
    XM              -0.078      -0.042      -0.023       0.073       0.170       0.188       0.224

 Intercepts
    X1              -0.129      -0.098      -0.082       0.000       0.082       0.098       0.129
    X2              -0.129      -0.098      -0.082       0.000       0.082       0.098       0.129
    X3              -0.127      -0.097      -0.081       0.000       0.081       0.097       0.127
    M1              -0.407      -0.310      -0.260       0.000       0.260       0.310       0.407
    M2              -0.420      -0.320      -0.268       0.000       0.268       0.320       0.420
    M3              -0.441      -0.335      -0.281       0.000       0.281       0.335       0.441
    M4              -0.403      -0.307      -0.257       0.000       0.257       0.307       0.403
    M5              -0.389      -0.296      -0.248       0.000       0.248       0.296       0.389
    M6              -0.422      -0.321      -0.269       0.000       0.269       0.321       0.422
    M7              -0.394      -0.300      -0.252       0.000       0.252       0.300       0.394
    M8              -0.381      -0.290      -0.243       0.000       0.243       0.290       0.381
    M9              -0.412      -0.313      -0.263       0.000       0.263       0.313       0.412
    M10             -0.396      -0.301      -0.253       0.000       0.253       0.301       0.396
    M11             -0.387      -0.295      -0.247       0.000       0.247       0.295       0.387
    M12             -0.397      -0.302      -0.254       0.000       0.254       0.302       0.397
    Y1               0.432       0.483       0.509       0.644       0.780       0.806       0.857
    Y2               0.573       0.636       0.668       0.836       1.004       1.037       1.100
    Y3               0.891       0.960       0.995       1.179       1.362       1.397       1.466
    X3P1            -0.109      -0.083      -0.069       0.000       0.069       0.083       0.109
    X2P2            -0.110      -0.084      -0.070       0.000       0.070       0.084       0.110
    X1P3            -0.123      -0.094      -0.079       0.000       0.079       0.094       0.123

 Variances
    X               -0.022       0.018       0.038       0.144       0.249       0.270       0.309
    M               -0.122       0.055       0.146       0.620       1.094       1.185       1.363
    XM              -0.094      -0.059      -0.041       0.053       0.147       0.165       0.200

 Residual Variances
    X1               0.144       0.159       0.167       0.207       0.248       0.256       0.271
    X2               0.116       0.134       0.144       0.193       0.242       0.251       0.269
    X3              -0.065      -0.025      -0.005       0.100       0.205       0.225       0.264
    M1               2.035       2.144       2.199       2.490       2.781       2.837       2.946
    M2               2.082       2.204       2.267       2.595       2.923       2.986       3.109
    M3               2.338       2.460       2.523       2.850       3.176       3.239       3.361
    M4               1.396       1.545       1.621       2.018       2.414       2.490       2.639
    M5               1.703       1.819       1.878       2.186       2.494       2.553       2.669
    M6               1.638       1.803       1.887       2.326       2.765       2.849       3.013
    M7               1.440       1.581       1.654       2.030       2.407       2.479       2.620
    M8               0.928       1.082       1.160       1.571       1.981       2.060       2.213
    M9               0.576       0.764       0.860       1.362       1.863       1.959       2.147
    M10              1.248       1.417       1.503       1.954       2.405       2.491       2.660
    M11              1.233       1.385       1.462       1.867       2.272       2.350       2.501
    M12              1.062       1.229       1.314       1.760       2.206       2.291       2.458
    Y1               0.261       0.314       0.342       0.484       0.627       0.654       0.708
    Y2              -0.064       0.017       0.059       0.275       0.492       0.534       0.615
    Y3               0.175       0.249       0.287       0.485       0.683       0.721       0.795
    X3P1            -0.020       0.015       0.033       0.125       0.218       0.235       0.270
    X2P2             0.103       0.120       0.128       0.174       0.219       0.228       0.245
    X1P3             0.110       0.134       0.146       0.209       0.272       0.284       0.308
    Y                0.100       0.221       0.283       0.607       0.930       0.992       1.113

New/Additional Parameters
    VAR_Y            0.175       0.315       0.387       0.761       1.135       1.206       1.346
    STD_B1          -0.233      -0.109      -0.046       0.282       0.611       0.674       0.797
    STD_B2          -0.365      -0.210      -0.131       0.282       0.695       0.774       0.928
    STD_B3          -1.440      -1.161      -1.019      -0.276       0.468       0.610       0.888


TECHNICAL 1 OUTPUT


     PARAMETER SPECIFICATION


           NU
              X1            X2            X3            M1            M2
              ________      ________      ________      ________      ________
                  1             2             3             4             5


           NU
              M3            M4            M5            M6            M7
              ________      ________      ________      ________      ________
                  6             7             8             9            10


           NU
              M8            M9            M10           M11           M12
              ________      ________      ________      ________      ________
                 11            12            13            14            15


           NU
              Y1            Y2            Y3            X3P1          X2P2
              ________      ________      ________      ________      ________
                 16            17            18            19            20


           NU
              X1P3
              ________
                 21


           LAMBDA
              X             M             Y             XM
              ________      ________      ________      ________
 X1                22             0             0             0
 X2                23             0             0             0
 X3                 0             0             0             0
 M1                 0            24             0             0
 M2                 0            25             0             0
 M3                 0            26             0             0
 M4                 0            27             0             0
 M5                 0            28             0             0
 M6                 0            29             0             0
 M7                 0            30             0             0
 M8                 0            31             0             0
 M9                 0            32             0             0
 M10                0            33             0             0
 M11                0            34             0             0
 M12                0             0             0             0
 Y1                 0             0            35             0
 Y2                 0             0            36             0
 Y3                 0             0             0             0
 X3P1               0             0             0             0
 X2P2               0             0             0            37
 X1P3               0             0             0            38


           THETA
              X1            X2            X3            M1            M2
              ________      ________      ________      ________      ________
 X1                39
 X2                 0            40
 X3                 0             0            41
 M1                 0             0             0            42
 M2                 0             0             0             0            43
 M3                 0             0             0             0             0
 M4                 0             0             0             0             0
 M5                 0             0             0             0             0
 M6                 0             0             0             0             0
 M7                 0             0             0             0             0
 M8                 0             0             0             0             0
 M9                 0             0             0             0             0
 M10                0             0             0             0             0
 M11                0             0             0             0             0
 M12                0             0             0             0             0
 Y1                 0             0             0             0             0
 Y2                 0             0             0             0             0
 Y3                 0             0             0             0             0
 X3P1               0             0             0             0             0
 X2P2               0             0             0             0             0
 X1P3               0             0             0             0             0


           THETA
              M3            M4            M5            M6            M7
              ________      ________      ________      ________      ________
 M3                44
 M4                 0            45
 M5                 0             0            46
 M6                 0             0             0            47
 M7                 0             0             0             0            48
 M8                 0             0             0             0             0
 M9                 0             0             0             0             0
 M10                0             0             0             0             0
 M11                0             0             0             0             0
 M12                0             0             0             0             0
 Y1                 0             0             0             0             0
 Y2                 0             0             0             0             0
 Y3                 0             0             0             0             0
 X3P1               0             0             0             0             0
 X2P2               0             0             0             0             0
 X1P3               0             0             0             0             0


           THETA
              M8            M9            M10           M11           M12
              ________      ________      ________      ________      ________
 M8                49
 M9                 0            50
 M10                0             0            51
 M11                0             0             0            52
 M12                0             0             0             0            53
 Y1                 0             0             0             0             0
 Y2                 0             0             0             0             0
 Y3                 0             0             0             0             0
 X3P1               0             0             0             0             0
 X2P2               0             0             0             0             0
 X1P3               0             0             0             0             0


           THETA
              Y1            Y2            Y3            X3P1          X2P2
              ________      ________      ________      ________      ________
 Y1                54
 Y2                 0            55
 Y3                 0             0            56
 X3P1               0             0             0            57
 X2P2               0             0             0             0            58
 X1P3               0             0             0             0             0


           THETA
              X1P3
              ________
 X1P3              59


           ALPHA
              X             M             Y             XM
              ________      ________      ________      ________
                  0             0             0             0


           BETA
              X             M             Y             XM
              ________      ________      ________      ________
 X                  0             0             0             0
 M                  0             0             0             0
 Y                 60            61             0            62
 XM                 0             0             0             0


           PSI
              X             M             Y             XM
              ________      ________      ________      ________
 X                 63
 M                 64            65
 Y                  0             0            66
 XM                67            68             0            69


     PARAMETER SPECIFICATION FOR THE ADDITIONAL PARAMETERS


           New/Additional Parameters
              VAR_Y         STD_B1        STD_B2        STD_B3
              ________      ________      ________      ________
                   70            71            72            73


     STARTING VALUES


           NU
              X1            X2            X3            M1            M2
              ________      ________      ________      ________      ________
                0.000         0.000         0.000         0.000         0.000


           NU
              M3            M4            M5            M6            M7
              ________      ________      ________      ________      ________
                0.000         0.000         0.000         0.000         0.000


           NU
              M8            M9            M10           M11           M12
              ________      ________      ________      ________      ________
                0.000         0.000         0.000         0.000         0.000


           NU
              Y1            Y2            Y3            X3P1          X2P2
              ________      ________      ________      ________      ________
                0.644         0.836         1.179         0.000         0.000


           NU
              X1P3
              ________
                0.000


           LAMBDA
              X             M             Y             XM
              ________      ________      ________      ________
 X1             0.268         0.000         0.000         0.000
 X2             0.309         0.000         0.000         0.000
 X3             1.000         0.000         0.000         0.000
 M1             0.000        -3.805         0.000         0.000
 M2             0.000         2.773         0.000         0.000
 M3             0.000        -0.915         0.000         0.000
 M4             0.000         0.498         0.000         0.000
 M5             0.000         0.042         0.000         0.000
 M6             0.000        -0.420         0.000         0.000
 M7             0.000        -0.108         0.000         0.000
 M8             0.000         1.277         0.000         0.000
 M9             0.000         0.748         0.000         0.000
 M10            0.000         1.177         0.000         0.000
 M11            0.000        -0.581         0.000         0.000
 M12            0.000         1.000         0.000         0.000
 Y1             0.000         0.000         0.531         0.000
 Y2             0.000         0.000         1.189         0.000
 Y3             0.000         0.000         1.000         0.000
 X3P1           0.000         0.000         0.000         1.000
 X2P2           0.000         0.000         0.000         1.788
 X1P3           0.000         0.000         0.000         1.453


           THETA
              X1            X2            X3            M1            M2
              ________      ________      ________      ________      ________
 X1             0.125
 X2             0.000         0.125
 X3             0.000         0.000         0.122
 M1             0.000         0.000         0.000         1.250
 M2             0.000         0.000         0.000         0.000         1.329
 M3             0.000         0.000         0.000         0.000         0.000
 M4             0.000         0.000         0.000         0.000         0.000
 M5             0.000         0.000         0.000         0.000         0.000
 M6             0.000         0.000         0.000         0.000         0.000
 M7             0.000         0.000         0.000         0.000         0.000
 M8             0.000         0.000         0.000         0.000         0.000
 M9             0.000         0.000         0.000         0.000         0.000
 M10            0.000         0.000         0.000         0.000         0.000
 M11            0.000         0.000         0.000         0.000         0.000
 M12            0.000         0.000         0.000         0.000         0.000
 Y1             0.000         0.000         0.000         0.000         0.000
 Y2             0.000         0.000         0.000         0.000         0.000
 Y3             0.000         0.000         0.000         0.000         0.000
 X3P1           0.000         0.000         0.000         0.000         0.000
 X2P2           0.000         0.000         0.000         0.000         0.000
 X1P3           0.000         0.000         0.000         0.000         0.000


           THETA
              M3            M4            M5            M6            M7
              ________      ________      ________      ________      ________
 M3             1.464
 M4             0.000         1.223
 M5             0.000         0.000         1.138
 M6             0.000         0.000         0.000         1.341
 M7             0.000         0.000         0.000         0.000         1.173
 M8             0.000         0.000         0.000         0.000         0.000
 M9             0.000         0.000         0.000         0.000         0.000
 M10            0.000         0.000         0.000         0.000         0.000
 M11            0.000         0.000         0.000         0.000         0.000
 M12            0.000         0.000         0.000         0.000         0.000
 Y1             0.000         0.000         0.000         0.000         0.000
 Y2             0.000         0.000         0.000         0.000         0.000
 Y3             0.000         0.000         0.000         0.000         0.000
 X3P1           0.000         0.000         0.000         0.000         0.000
 X2P2           0.000         0.000         0.000         0.000         0.000
 X1P3           0.000         0.000         0.000         0.000         0.000


           THETA
              M8            M9            M10           M11           M12
              ________      ________      ________      ________      ________
 M8             1.094
 M9             0.000         1.277
 M10            0.000         0.000         1.181
 M11            0.000         0.000         0.000         1.130
 M12            0.000         0.000         0.000         0.000         1.190
 Y1             0.000         0.000         0.000         0.000         0.000
 Y2             0.000         0.000         0.000         0.000         0.000
 Y3             0.000         0.000         0.000         0.000         0.000
 X3P1           0.000         0.000         0.000         0.000         0.000
 X2P2           0.000         0.000         0.000         0.000         0.000
 X1P3           0.000         0.000         0.000         0.000         0.000


           THETA
              Y1            Y2            Y3            X3P1          X2P2
              ________      ________      ________      ________      ________
 Y1             0.340
 Y2             0.000         0.523
 Y3             0.000         0.000         0.623
 X3P1           0.000         0.000         0.000         0.089
 X2P2           0.000         0.000         0.000         0.000         0.091
 X1P3           0.000         0.000         0.000         0.000         0.000


           THETA
              X1P3
              ________
 X1P3           0.114


           ALPHA
              X             M             Y             XM
              ________      ________      ________      ________
                0.000         0.000         0.000         0.000


           BETA
              X             M             Y             XM
              ________      ________      ________      ________
 X              0.000         0.000         0.000         0.000
 M              0.000         0.000         0.000         0.000
 Y              0.000         0.000         0.000         0.000
 XM             0.000         0.000         0.000         0.000


           PSI
              X             M             Y             XM
              ________      ________      ________      ________
 X              0.050
 M              0.000         0.050
 Y              0.000         0.000         0.050
 XM             0.000         0.000         0.000         0.050


     STARTING VALUES FOR THE ADDITIONAL PARAMETERS


           New/Additional Parameters
              VAR_Y         STD_B1        STD_B2        STD_B3
              ________      ________      ________      ________
                0.500         0.500         0.500         0.500


RESULTS SAVING INFORMATION

  Order of data

    Parameter estimates
     (saved in order shown in Technical 1 output)
    Standard errors
     (saved in order shown in Technical 1 output)
    Number of Free Parameters
    H0 Loglikelihood
    H0 Scaling Correction Factor for MLR
    H1 Loglikelihood
    H1 Scaling Correction Factor for MLR
    Akaike (AIC)
    Bayesian (BIC)
    Sample-Size Adjusted BIC
    Chi-square : Value
    Chi-square : Degrees of Freedom
    Chi-square : P-Value
    Chi-square : Scaling Correction Factor for MLR/MLM/WLSM
    CFI
    TLI
    RMSEA : Estimate
    RMSEA : Low CI
    RMSEA : High CI
    RMSEA : Probability
    SRMR
    Condition Number

  Save file
    parcelupi_results_1291.dat

  Save file format           Free


     Beginning Time:  17:18:51
        Ending Time:  17:18:53
       Elapsed Time:  00:00:02



MUTHEN & MUTHEN
3463 Stoner Ave.
Los Angeles, CA  90066

Tel: (310) 391-9971
Fax: (310) 391-8971
Web: www.StatModel.com
Support: Support@StatModel.com

Copyright (c) 1998-2022 Muthen & Muthen
