Mplus VERSION 8.8 (Mac)
MUTHEN & MUTHEN
07/27/2025   7:39 PM

INPUT INSTRUCTIONS


    TITLE: Parceling Unconstrained Product Indicator

    DATA:
      FILE = parcelupi_simdat_909.dat;
      FORMAT IS FREE;

    VARIABLE:
      NAMES = x1 x2 x3
      	    m1 m2 m3 m4 m5 m6
      	    m7 m8 m9 m10 m11 m12
      	    y1 y2 y3
      	    p1 p2 p3
      	    x3p1 x2p2 x1p3;
      USEVARIABLES = x1 x2 x3
      	    m1 m2 m3 m4 m5 m6
      	    m7 m8 m9 m10 m11 m12
      	    y1 y2 y3
      	    x3p1 x2p2 x1p3;

    ANALYSIS:
      TYPE = general;
      ESTIMATOR = MLR;
    MODEL:
      !measurement model
      X BY x3 x2 x1;
      X (var_X);
      M BY m12 m11 m10 m9 m8 m7 m6 m5 m4 m3 m2 m1;
      M (var_M);
      Y BY y3 y2 y1;
      Y (resvar_Y);
      XM BY x3p1 x2p2 x1p3;
      XM (var_XM);

      !covariances between predictors
      X WITH M (cov_XM);
      X WITH XM (cov_XXM);
      M WITH XM (cov_MXM);

      !structural model
      Y ON X (b1);
      Y ON M (b2);
      Y ON XM (b3);

    MODEL CONSTRAINT:

      NEW(var_Y std_b1 std_b2 std_b3);
      var_Y = resvar_Y +
       (b1^2 * var_X +
        b2^2 * var_M +
        b3^2 * var_XM +
        2 * b1 * b2 * cov_XM +
        2 * b1 * b3 * cov_XXM +
        2 * b2 * b3 * cov_MXM);

        std_b1 = b1 * sqrt(var_X) / sqrt(var_Y);
        std_b2 = b2 * sqrt(var_M) / sqrt(var_Y);
        std_b3 = b3 * sqrt(var_X) * sqrt(var_M) / sqrt(var_Y);

    OUTPUT:
      sampstat tech1 CINTERVAL;

    SAVEDATA:
      RESULTS = parcelupi_results_909.dat;




INPUT READING TERMINATED NORMALLY



Parceling Unconstrained Product Indicator

SUMMARY OF ANALYSIS

Number of groups                                                 1
Number of observations                                         100

Number of dependent variables                                   21
Number of independent variables                                  0
Number of continuous latent variables                            4

Observed dependent variables

  Continuous
   X1          X2          X3          M1          M2          M3
   M4          M5          M6          M7          M8          M9
   M10         M11         M12         Y1          Y2          Y3
   X3P1        X2P2        X1P3

Continuous latent variables
   X           M           Y           XM


Estimator                                                      MLR
Information matrix                                        OBSERVED
Maximum number of iterations                                  1000
Convergence criterion                                    0.500D-04
Maximum number of steepest descent iterations                   20

Input data file(s)
  parcelupi_simdat_909.dat

Input data format  FREE


SAMPLE STATISTICS


     SAMPLE STATISTICS


           Means
              X1            X2            X3            M1            M2
              ________      ________      ________      ________      ________
                0.000         0.000         0.000         0.000         0.000


           Means
              M3            M4            M5            M6            M7
              ________      ________      ________      ________      ________
                0.000         0.000         0.000         0.000         0.000


           Means
              M8            M9            M10           M11           M12
              ________      ________      ________      ________      ________
                0.000         0.000         0.000         0.000         0.000


           Means
              Y1            Y2            Y3            X3P1          X2P2
              ________      ________      ________      ________      ________
                0.602         0.876         1.099         0.000         0.000


           Means
              X1P3
              ________
                0.000


           Covariances
              X1            X2            X3            M1            M2
              ________      ________      ________      ________      ________
 X1             0.248
 X2             0.075         0.250
 X3             0.051         0.095         0.250
 M1             0.039        -0.064         0.003         2.682
 M2            -0.065         0.109         0.042         0.031         2.466
 M3            -0.014         0.015         0.024         0.107         0.114
 M4            -0.053        -0.002        -0.101        -0.108        -0.133
 M5            -0.136        -0.102        -0.017        -0.136         0.301
 M6             0.056        -0.023        -0.133        -0.089         0.139
 M7             0.077         0.155        -0.046         0.015         0.376
 M8             0.153         0.025        -0.164         0.024         0.164
 M9             0.186         0.025        -0.106        -0.013        -0.126
 M10            0.118        -0.044        -0.016        -0.066        -0.422
 M11            0.101         0.170         0.030        -0.002         0.092
 M12            0.162         0.111        -0.041         0.005         0.047
 Y1             0.102         0.032         0.087         0.129        -0.001
 Y2             0.057         0.137         0.108         0.225         0.146
 Y3            -0.012         0.059         0.088         0.146         0.147
 X3P1          -0.033        -0.004         0.002         0.001        -0.071
 X2P2          -0.006         0.001        -0.031         0.021         0.022
 X1P3           0.005         0.021        -0.017         0.062         0.103


           Covariances
              M3            M4            M5            M6            M7
              ________      ________      ________      ________      ________
 M3             2.369
 M4             0.231         2.414
 M5            -0.035        -0.060         2.494
 M6             0.460         0.345         0.156         2.684
 M7             0.379         0.355         0.158         0.467         2.488
 M8             0.131         0.215         0.242         0.473         0.992
 M9             0.549         0.411         0.415         0.160         0.578
 M10            0.548         0.278         0.461         0.534         0.256
 M11            0.579         0.234         0.113         0.807         0.779
 M12            0.408         0.421         0.400         0.580         0.837
 Y1             0.129         0.006        -0.122        -0.039        -0.006
 Y2            -0.003         0.003         0.052        -0.140         0.075
 Y3            -0.020         0.012         0.280         0.065         0.063
 X3P1          -0.049         0.051         0.045         0.063        -0.069
 X2P2           0.134         0.082         0.046         0.175         0.112
 X1P3           0.099        -0.088         0.109        -0.044         0.046


           Covariances
              M8            M9            M10           M11           M12
              ________      ________      ________      ________      ________
 M8             2.607
 M9             0.661         2.349
 M10            0.653         0.648         2.065
 M11            0.771         0.789         0.839         1.940
 M12            0.823         1.008         0.626         1.239         2.036
 Y1             0.093        -0.037         0.103         0.132         0.114
 Y2             0.026        -0.044         0.149         0.172         0.126
 Y3            -0.042        -0.003         0.213         0.279         0.140
 X3P1          -0.061        -0.058         0.121         0.025         0.021
 X2P2           0.174         0.056         0.098         0.063         0.006
 X1P3           0.173         0.138        -0.048         0.061         0.089


           Covariances
              Y1            Y2            Y3            X3P1          X2P2
              ________      ________      ________      ________      ________
 Y1             0.622
 Y2             0.314         1.006
 Y3             0.382         0.557         1.115
 X3P1          -0.039        -0.011         0.047         0.198
 X2P2           0.013        -0.055         0.009         0.050         0.200
 X1P3          -0.033        -0.099        -0.068         0.020         0.046


           Covariances
              X1P3
              ________
 X1P3           0.229


           Correlations
              X1            X2            X3            M1            M2
              ________      ________      ________      ________      ________
 X1             1.000
 X2             0.299         1.000
 X3             0.204         0.381         1.000
 M1             0.047        -0.078         0.004         1.000
 M2            -0.083         0.139         0.054         0.012         1.000
 M3            -0.018         0.020         0.032         0.043         0.047
 M4            -0.068        -0.002        -0.130        -0.042        -0.054
 M5            -0.173        -0.129        -0.021        -0.052         0.121
 M6             0.069        -0.029        -0.163        -0.033         0.054
 M7             0.098         0.197        -0.058         0.006         0.152
 M8             0.190         0.030        -0.203         0.009         0.065
 M9             0.244         0.033        -0.138        -0.005        -0.053
 M10            0.164        -0.062        -0.023        -0.028        -0.187
 M11            0.145         0.244         0.043        -0.001         0.042
 M12            0.228         0.155        -0.058         0.002         0.021
 Y1             0.260         0.080         0.221         0.100        -0.001
 Y2             0.114         0.273         0.216         0.137         0.092
 Y3            -0.023         0.112         0.167         0.085         0.089
 X3P1          -0.151        -0.020         0.011         0.001        -0.102
 X2P2          -0.029         0.005        -0.138         0.029         0.032
 X1P3           0.020         0.087        -0.073         0.079         0.137


           Correlations
              M3            M4            M5            M6            M7
              ________      ________      ________      ________      ________
 M3             1.000
 M4             0.096         1.000
 M5            -0.014        -0.025         1.000
 M6             0.182         0.136         0.060         1.000
 M7             0.156         0.145         0.063         0.181         1.000
 M8             0.053         0.086         0.095         0.179         0.390
 M9             0.233         0.172         0.171         0.064         0.239
 M10            0.248         0.125         0.203         0.227         0.113
 M11            0.270         0.108         0.051         0.354         0.355
 M12            0.186         0.190         0.177         0.248         0.372
 Y1             0.107         0.005        -0.098        -0.030        -0.005
 Y2            -0.002         0.002         0.033        -0.085         0.047
 Y3            -0.012         0.008         0.168         0.038         0.038
 X3P1          -0.072         0.074         0.063         0.086        -0.099
 X2P2           0.195         0.118         0.065         0.238         0.158
 X1P3           0.134        -0.119         0.145        -0.056         0.062


           Correlations
              M8            M9            M10           M11           M12
              ________      ________      ________      ________      ________
 M8             1.000
 M9             0.267         1.000
 M10            0.282         0.294         1.000
 M11            0.343         0.370         0.419         1.000
 M12            0.357         0.461         0.305         0.623         1.000
 Y1             0.073        -0.031         0.091         0.120         0.101
 Y2             0.016        -0.028         0.104         0.123         0.088
 Y3            -0.024        -0.002         0.141         0.190         0.093
 X3P1          -0.086        -0.085         0.190         0.040         0.033
 X2P2           0.241         0.082         0.153         0.101         0.009
 X1P3           0.224         0.188        -0.070         0.092         0.130


           Correlations
              Y1            Y2            Y3            X3P1          X2P2
              ________      ________      ________      ________      ________
 Y1             1.000
 Y2             0.397         1.000
 Y3             0.459         0.526         1.000
 X3P1          -0.112        -0.025         0.099         1.000
 X2P2           0.038        -0.123         0.019         0.251         1.000
 X1P3          -0.086        -0.206        -0.136         0.093         0.214


           Correlations
              X1P3
              ________
 X1P3           1.000


UNIVARIATE SAMPLE STATISTICS


     UNIVARIATE HIGHER-ORDER MOMENT DESCRIPTIVE STATISTICS

         Variable/         Mean/     Skewness/   Minimum/ % with                Percentiles
        Sample Size      Variance    Kurtosis    Maximum  Min/Max      20%/60%    40%/80%    Median

     X1                    0.000       0.161      -0.460   54.00%      -0.460     -0.460     -0.460
             100.000       0.248      -1.974       0.540   46.00%       0.540      0.540
     X2                    0.000       0.040      -0.490   51.00%      -0.490     -0.490     -0.490
             100.000       0.250      -1.998       0.510   49.00%       0.510      0.510
     X3                    0.000      -0.080      -0.520   48.00%      -0.520     -0.520      0.480
             100.000       0.250      -1.994       0.480   52.00%       0.480      0.480
     M1                    0.000      -0.104      -2.090   29.00%      -2.090     -1.090     -0.090
             100.000       2.682      -1.604       1.910   32.00%       0.910      1.910
     M2                    0.000       0.121      -1.880   30.00%      -1.880     -0.880      0.120
             100.000       2.466      -1.504       2.120   25.00%       0.120      2.120
     M3                    0.000       0.048      -2.030   23.00%      -2.030     -1.030     -0.030
             100.000       2.369      -1.472       1.970   29.00%      -0.030      1.970
     M4                    0.000      -0.380      -2.310   23.00%      -2.310     -0.310      0.690
             100.000       2.414      -1.374       1.690   32.00%       0.690      1.690
     M5                    0.000       0.173      -1.840   31.00%      -1.840     -0.840      0.160
             100.000       2.494      -1.507       2.160   25.00%       0.160      2.160
     M6                    0.000       0.309      -1.660   41.00%      -1.660     -1.660     -0.660
             100.000       2.684      -1.550       2.340   23.00%       0.340      2.340
     M7                    0.000      -0.037      -2.050   26.00%      -2.050     -1.050     -0.050
             100.000       2.487      -1.532       1.950   29.00%       0.950      1.950
     M8                    0.000       0.024      -1.950   31.00%      -1.950     -0.950      0.050
             100.000       2.607      -1.595       2.050   27.00%       1.050      2.050
     M9                    0.000      -0.017      -2.030   25.00%      -2.030     -0.030     -0.030
             100.000       2.349      -1.444       1.970   27.00%      -0.030      1.970
     M10                   0.000      -0.123      -2.070   22.00%      -2.070     -0.070     -0.070
             100.000       2.065      -1.267       1.930   22.00%       0.930      1.930
     M11                   0.000      -0.080      -2.020   20.00%      -2.020     -0.020     -0.020
             100.000       1.940      -1.269       1.980   18.00%       0.980      0.980
     M12                   0.000      -0.002      -2.060   18.00%      -1.060     -1.060     -0.060
             100.000       2.036      -1.332       1.940   23.00%       0.940      1.940
     Y1                    0.602       0.352      -1.066    1.00%      -0.121      0.324      0.527
             100.000       0.622      -0.079       2.962    1.00%       0.701      1.241
     Y2                    0.876       0.305      -1.370    1.00%       0.005      0.506      0.831
             100.000       1.006      -0.450       3.416    1.00%       1.024      1.715
     Y3                    1.099       0.077      -1.284    1.00%       0.158      0.800      1.055
             100.000       1.115      -0.342       3.860    1.00%       1.322      2.042
     X3P1                  0.000      -0.081      -0.958    1.00%      -0.478     -0.118      0.002
             100.000       0.198      -0.716       0.962    1.00%       0.122      0.385
     X2P2                  0.000      -0.025      -1.031    1.00%      -0.393     -0.138     -0.011
             100.000       0.200      -0.581       1.009    1.00%       0.117      0.499
     X1P3                  0.000       0.190      -0.886    1.00%      -0.439     -0.196     -0.034
             100.000       0.229      -0.941       1.046    1.00%       0.101      0.494


     THIS ANALYSIS MAY HAVE MULTIPLE SOLUTIONS.  EXPLORE THIS USING RANDOM STARTS,
     FOR EXAMPLE, STARTS = 20.  USE A LARGE ENOUGH NUMBER OF STARTS SO THAT THE
     BEST FIT FUNCTION VALUE IS REPLICATED SEVERAL TIMES.


THE MODEL ESTIMATION TERMINATED NORMALLY

     THE STANDARD ERRORS OF THE MODEL PARAMETER ESTIMATES MAY NOT BE
     TRUSTWORTHY FOR SOME PARAMETERS DUE TO A NON-POSITIVE DEFINITE
     FIRST-ORDER DERIVATIVE PRODUCT MATRIX.  THIS MAY BE DUE TO THE STARTING
     VALUES BUT MAY ALSO BE AN INDICATION OF MODEL NONIDENTIFICATION.  THE
     CONDITION NUMBER IS      -0.207D-17.  PROBLEM INVOLVING THE FOLLOWING PARAMETER:
     Parameter 67, XM WITH X (equality/label)

     THIS IS MOST LIKELY DUE TO VARIABLE X1 BEING DICHOTOMOUS BUT
     DECLARED AS CONTINUOUS.




MODEL FIT INFORMATION

Number of Free Parameters                       69

Loglikelihood

          H0 Value                       -2901.287
          H0 Scaling Correction Factor      0.9161
            for MLR
          H1 Value                       -2796.677
          H1 Scaling Correction Factor      0.9588
            for MLR

Information Criteria

          Akaike (AIC)                    5940.575
          Bayesian (BIC)                  6120.332
          Sample-Size Adjusted BIC        5902.412
            (n* = (n + 2) / 24)

Chi-Square Test of Model Fit

          Value                            214.607*
          Degrees of Freedom                   183
          P-Value                           0.0548
          Scaling Correction Factor         0.9749
            for MLR

*   The chi-square value for MLM, MLMV, MLR, ULSMV, WLSM and WLSMV cannot be used
    for chi-square difference testing in the regular way.  MLM, MLR and WLSM
    chi-square difference testing is described on the Mplus website.  MLMV, WLSMV,
    and ULSMV difference testing is done using the DIFFTEST option.

RMSEA (Root Mean Square Error Of Approximation)

          Estimate                           0.042
          90 Percent C.I.                    0.000  0.063
          Probability RMSEA <= .05           0.720

CFI/TLI

          CFI                                0.879
          TLI                                0.862

Chi-Square Test of Model Fit for the Baseline Model

          Value                            472.113
          Degrees of Freedom                   210
          P-Value                           0.0000

SRMR (Standardized Root Mean Square Residual)

          Value                              0.077



MODEL RESULTS

                                                    Two-Tailed
                    Estimate       S.E.  Est./S.E.    P-Value

 X        BY
    X3                 1.000      0.000    999.000    999.000
    X2                 1.323      0.634      2.087      0.037
    X1                 0.809      0.364      2.222      0.026

 M        BY
    M12                1.000      0.000    999.000    999.000
    M11                1.015      0.140      7.233      0.000
    M10                0.649      0.149      4.366      0.000
    M9                 0.743      0.136      5.473      0.000
    M8                 0.721      0.184      3.929      0.000
    M7                 0.694      0.160      4.341      0.000
    M6                 0.571      0.180      3.176      0.001
    M5                 0.249      0.173      1.442      0.149
    M4                 0.306      0.154      1.990      0.047
    M3                 0.458      0.154      2.968      0.003
    M2                 0.057      0.169      0.338      0.736
    M1                -0.001      0.171     -0.006      0.995

 Y        BY
    Y3                 1.000      0.000    999.000    999.000
    Y2                 0.969      0.285      3.404      0.001
    Y1                 0.615      0.145      4.238      0.000

 XM       BY
    X3P1               1.000      0.000    999.000    999.000
    X2P2               1.911      1.211      1.579      0.114
    X1P3               1.153      1.475      0.781      0.435

 Y        ON
    X                  0.996      0.460      2.167      0.030
    M                  0.102      0.110      0.929      0.353
    XM                -0.787      2.413     -0.326      0.744

 X        WITH
    M                  0.060      0.044      1.384      0.166
    XM                -0.003      0.011     -0.283      0.777

 M        WITH
    XM                 0.045      0.033      1.392      0.164

 Intercepts
    X1                 0.000      0.050      0.000      1.000
    X2                 0.000      0.050      0.000      1.000
    X3                 0.000      0.050      0.000      1.000
    M1                 0.000      0.164      0.000      1.000
    M2                 0.000      0.157      0.000      1.000
    M3                 0.000      0.154      0.000      1.000
    M4                 0.000      0.155      0.000      1.000
    M5                 0.000      0.158      0.000      1.000
    M6                 0.000      0.164      0.000      1.000
    M7                 0.000      0.158      0.000      1.000
    M8                 0.000      0.161      0.000      1.000
    M9                 0.000      0.153      0.000      1.000
    M10                0.000      0.144      0.000      1.000
    M11                0.000      0.139      0.000      1.000
    M12                0.000      0.143      0.000      1.000
    Y1                 0.602      0.079      7.631      0.000
    Y2                 0.876      0.100      8.737      0.000
    Y3                 1.099      0.106     10.407      0.000
    X3P1               0.000      0.044      0.000      1.000
    X2P2               0.000      0.045      0.000      1.000
    X1P3               0.000      0.048      0.000      1.000

 Variances
    X                  0.070      0.044      1.606      0.108
    M                  1.178      0.252      4.684      0.000
    XM                 0.023      0.020      1.117      0.264

 Residual Variances
    X1                 0.203      0.027      7.428      0.000
    X2                 0.127      0.057      2.238      0.025
    X3                 0.180      0.044      4.108      0.000
    M1                 2.682      0.169     15.880      0.000
    M2                 2.462      0.172     14.324      0.000
    M3                 2.122      0.189     11.212      0.000
    M4                 2.303      0.210     10.970      0.000
    M5                 2.421      0.186     13.014      0.000
    M6                 2.300      0.271      8.485      0.000
    M7                 1.919      0.243      7.901      0.000
    M8                 1.995      0.269      7.427      0.000
    M9                 1.700      0.236      7.200      0.000
    M10                1.569      0.192      8.172      0.000
    M11                0.725      0.152      4.783      0.000
    M12                0.858      0.213      4.039      0.000
    Y1                 0.404      0.089      4.524      0.000
    Y2                 0.468      0.156      3.006      0.003
    Y3                 0.541      0.163      3.325      0.001
    X3P1               0.175      0.027      6.470      0.000
    X2P2               0.117      0.113      1.034      0.301
    X1P3               0.199      0.059      3.383      0.001
    Y                  0.467      0.238      1.967      0.049

New/Additional Parameters
    VAR_Y              0.573      0.200      2.871      0.004
    STD_B1             0.348      0.178      1.956      0.050
    STD_B2             0.147      0.156      0.937      0.349
    STD_B3            -0.299      0.895     -0.334      0.739


QUALITY OF NUMERICAL RESULTS

     Condition Number for the Information Matrix              0.175E-04
       (ratio of smallest to largest eigenvalue)


CONFIDENCE INTERVALS OF MODEL RESULTS

                  Lower .5%  Lower 2.5%    Lower 5%    Estimate    Upper 5%  Upper 2.5%   Upper .5%

 X        BY
    X3               1.000       1.000       1.000       1.000       1.000       1.000       1.000
    X2              -0.310       0.080       0.280       1.323       2.365       2.565       2.955
    X1              -0.129       0.096       0.210       0.809       1.408       1.522       1.746

 M        BY
    M12              1.000       1.000       1.000       1.000       1.000       1.000       1.000
    M11              0.654       0.740       0.784       1.015       1.246       1.291       1.377
    M10              0.266       0.358       0.405       0.649       0.894       0.940       1.032
    M9               0.393       0.477       0.519       0.743       0.966       1.008       1.092
    M8               0.248       0.361       0.419       0.721       1.023       1.081       1.194
    M7               0.282       0.381       0.431       0.694       0.958       1.008       1.107
    M6               0.108       0.219       0.275       0.571       0.867       0.923       1.034
    M5              -0.196      -0.090      -0.035       0.249       0.534       0.589       0.695
    M4              -0.090       0.005       0.053       0.306       0.560       0.608       0.703
    M3               0.060       0.156       0.204       0.458       0.712       0.761       0.856
    M2              -0.378      -0.274      -0.221       0.057       0.334       0.388       0.491
    M1              -0.442      -0.337      -0.283      -0.001       0.281       0.334       0.440

 Y        BY
    Y3               1.000       1.000       1.000       1.000       1.000       1.000       1.000
    Y2               0.236       0.411       0.501       0.969       1.437       1.527       1.702
    Y1               0.241       0.331       0.377       0.615       0.854       0.900       0.989

 XM       BY
    X3P1             1.000       1.000       1.000       1.000       1.000       1.000       1.000
    X2P2            -1.207      -0.461      -0.080       1.911       3.902       4.284       5.029
    X1P3            -2.647      -1.738      -1.274       1.153       3.579       4.044       4.952

 Y        ON
    X               -0.188       0.095       0.240       0.996       1.752       1.897       2.180
    M               -0.181      -0.113      -0.079       0.102       0.283       0.318       0.386
    XM              -7.003      -5.517      -4.757      -0.787       3.183       3.943       5.429

 X        WITH
    M               -0.052      -0.025      -0.011       0.060       0.132       0.146       0.173
    XM              -0.033      -0.026      -0.022      -0.003       0.016       0.019       0.026

 M        WITH
    XM              -0.039      -0.019      -0.008       0.045       0.099       0.109       0.129

 Intercepts
    X1              -0.128      -0.098      -0.082       0.000       0.082       0.098       0.128
    X2              -0.129      -0.098      -0.082       0.000       0.082       0.098       0.129
    X3              -0.129      -0.098      -0.082       0.000       0.082       0.098       0.129
    M1              -0.422      -0.321      -0.269       0.000       0.269       0.321       0.422
    M2              -0.404      -0.308      -0.258       0.000       0.258       0.308       0.404
    M3              -0.396      -0.302      -0.253       0.000       0.253       0.302       0.396
    M4              -0.400      -0.305      -0.256       0.000       0.256       0.305       0.400
    M5              -0.407      -0.310      -0.260       0.000       0.260       0.310       0.407
    M6              -0.422      -0.321      -0.270       0.000       0.270       0.321       0.422
    M7              -0.406      -0.309      -0.259       0.000       0.259       0.309       0.406
    M8              -0.416      -0.316      -0.266       0.000       0.266       0.316       0.416
    M9              -0.395      -0.300      -0.252       0.000       0.252       0.300       0.395
    M10             -0.370      -0.282      -0.236       0.000       0.236       0.282       0.370
    M11             -0.359      -0.273      -0.229       0.000       0.229       0.273       0.359
    M12             -0.368      -0.280      -0.235       0.000       0.235       0.280       0.368
    Y1               0.399       0.447       0.472       0.602       0.731       0.756       0.805
    Y2               0.618       0.680       0.711       0.876       1.042       1.073       1.135
    Y3               0.827       0.892       0.925       1.099       1.272       1.306       1.371
    X3P1            -0.115      -0.087      -0.073       0.000       0.073       0.087       0.115
    X2P2            -0.115      -0.088      -0.074       0.000       0.074       0.088       0.115
    X1P3            -0.123      -0.094      -0.079       0.000       0.079       0.094       0.123

 Variances
    X               -0.042      -0.015      -0.002       0.070       0.142       0.156       0.182
    M                0.530       0.685       0.764       1.178       1.592       1.671       1.826
    XM              -0.030      -0.017      -0.011       0.023       0.056       0.063       0.075

 Residual Variances
    X1               0.132       0.149       0.158       0.203       0.247       0.256       0.273
    X2              -0.019       0.016       0.034       0.127       0.221       0.239       0.274
    X3               0.067       0.094       0.108       0.180       0.251       0.265       0.292
    M1               2.247       2.351       2.404       2.682       2.960       3.013       3.117
    M2               2.019       2.125       2.179       2.462       2.744       2.799       2.904
    M3               1.634       1.751       1.810       2.122       2.433       2.493       2.609
    M4               1.762       1.892       1.958       2.303       2.649       2.715       2.844
    M5               1.942       2.056       2.115       2.421       2.727       2.786       2.900
    M6               1.602       1.769       1.854       2.300       2.746       2.832       2.999
    M7               1.294       1.443       1.520       1.919       2.319       2.395       2.545
    M8               1.303       1.468       1.553       1.995       2.437       2.521       2.687
    M9               1.092       1.237       1.311       1.700       2.088       2.162       2.308
    M10              1.074       1.193       1.253       1.569       1.885       1.945       2.063
    M11              0.335       0.428       0.476       0.725       0.974       1.022       1.116
    M12              0.311       0.442       0.509       0.858       1.208       1.275       1.406
    Y1               0.174       0.229       0.257       0.404       0.551       0.580       0.635
    Y2               0.067       0.163       0.212       0.468       0.724       0.773       0.869
    Y3               0.122       0.222       0.273       0.541       0.809       0.860       0.960
    X3P1             0.105       0.122       0.131       0.175       0.220       0.228       0.245
    X2P2            -0.174      -0.105      -0.069       0.117       0.303       0.339       0.409
    X1P3             0.047       0.084       0.102       0.199       0.295       0.314       0.350
    Y               -0.145       0.002       0.077       0.467       0.858       0.933       1.079

New/Additional Parameters
    VAR_Y            0.059       0.182       0.245       0.573       0.902       0.965       1.088
    STD_B1          -0.110      -0.001       0.055       0.348       0.641       0.697       0.807
    STD_B2          -0.256      -0.160      -0.111       0.147       0.404       0.453       0.549
    STD_B3          -2.603      -2.052      -1.770      -0.299       1.173       1.455       2.006


TECHNICAL 1 OUTPUT


     PARAMETER SPECIFICATION


           NU
              X1            X2            X3            M1            M2
              ________      ________      ________      ________      ________
                  1             2             3             4             5


           NU
              M3            M4            M5            M6            M7
              ________      ________      ________      ________      ________
                  6             7             8             9            10


           NU
              M8            M9            M10           M11           M12
              ________      ________      ________      ________      ________
                 11            12            13            14            15


           NU
              Y1            Y2            Y3            X3P1          X2P2
              ________      ________      ________      ________      ________
                 16            17            18            19            20


           NU
              X1P3
              ________
                 21


           LAMBDA
              X             M             Y             XM
              ________      ________      ________      ________
 X1                22             0             0             0
 X2                23             0             0             0
 X3                 0             0             0             0
 M1                 0            24             0             0
 M2                 0            25             0             0
 M3                 0            26             0             0
 M4                 0            27             0             0
 M5                 0            28             0             0
 M6                 0            29             0             0
 M7                 0            30             0             0
 M8                 0            31             0             0
 M9                 0            32             0             0
 M10                0            33             0             0
 M11                0            34             0             0
 M12                0             0             0             0
 Y1                 0             0            35             0
 Y2                 0             0            36             0
 Y3                 0             0             0             0
 X3P1               0             0             0             0
 X2P2               0             0             0            37
 X1P3               0             0             0            38


           THETA
              X1            X2            X3            M1            M2
              ________      ________      ________      ________      ________
 X1                39
 X2                 0            40
 X3                 0             0            41
 M1                 0             0             0            42
 M2                 0             0             0             0            43
 M3                 0             0             0             0             0
 M4                 0             0             0             0             0
 M5                 0             0             0             0             0
 M6                 0             0             0             0             0
 M7                 0             0             0             0             0
 M8                 0             0             0             0             0
 M9                 0             0             0             0             0
 M10                0             0             0             0             0
 M11                0             0             0             0             0
 M12                0             0             0             0             0
 Y1                 0             0             0             0             0
 Y2                 0             0             0             0             0
 Y3                 0             0             0             0             0
 X3P1               0             0             0             0             0
 X2P2               0             0             0             0             0
 X1P3               0             0             0             0             0


           THETA
              M3            M4            M5            M6            M7
              ________      ________      ________      ________      ________
 M3                44
 M4                 0            45
 M5                 0             0            46
 M6                 0             0             0            47
 M7                 0             0             0             0            48
 M8                 0             0             0             0             0
 M9                 0             0             0             0             0
 M10                0             0             0             0             0
 M11                0             0             0             0             0
 M12                0             0             0             0             0
 Y1                 0             0             0             0             0
 Y2                 0             0             0             0             0
 Y3                 0             0             0             0             0
 X3P1               0             0             0             0             0
 X2P2               0             0             0             0             0
 X1P3               0             0             0             0             0


           THETA
              M8            M9            M10           M11           M12
              ________      ________      ________      ________      ________
 M8                49
 M9                 0            50
 M10                0             0            51
 M11                0             0             0            52
 M12                0             0             0             0            53
 Y1                 0             0             0             0             0
 Y2                 0             0             0             0             0
 Y3                 0             0             0             0             0
 X3P1               0             0             0             0             0
 X2P2               0             0             0             0             0
 X1P3               0             0             0             0             0


           THETA
              Y1            Y2            Y3            X3P1          X2P2
              ________      ________      ________      ________      ________
 Y1                54
 Y2                 0            55
 Y3                 0             0            56
 X3P1               0             0             0            57
 X2P2               0             0             0             0            58
 X1P3               0             0             0             0             0


           THETA
              X1P3
              ________
 X1P3              59


           ALPHA
              X             M             Y             XM
              ________      ________      ________      ________
                  0             0             0             0


           BETA
              X             M             Y             XM
              ________      ________      ________      ________
 X                  0             0             0             0
 M                  0             0             0             0
 Y                 60            61             0            62
 XM                 0             0             0             0


           PSI
              X             M             Y             XM
              ________      ________      ________      ________
 X                 63
 M                 64            65
 Y                  0             0            66
 XM                67            68             0            69


     PARAMETER SPECIFICATION FOR THE ADDITIONAL PARAMETERS


           New/Additional Parameters
              VAR_Y         STD_B1        STD_B2        STD_B3
              ________      ________      ________      ________
                   70            71            72            73


     STARTING VALUES


           NU
              X1            X2            X3            M1            M2
              ________      ________      ________      ________      ________
                0.000         0.000         0.000         0.000         0.000


           NU
              M3            M4            M5            M6            M7
              ________      ________      ________      ________      ________
                0.000         0.000         0.000         0.000         0.000


           NU
              M8            M9            M10           M11           M12
              ________      ________      ________      ________      ________
                0.000         0.000         0.000         0.000         0.000


           NU
              Y1            Y2            Y3            X3P1          X2P2
              ________      ________      ________      ________      ________
                0.602         0.876         1.099         0.000         0.000


           NU
              X1P3
              ________
                0.000


           LAMBDA
              X             M             Y             XM
              ________      ________      ________      ________
 X1             0.784         0.000         0.000         0.000
 X2             1.469         0.000         0.000         0.000
 X3             1.000         0.000         0.000         0.000
 M1             0.000        -1.012         0.000         0.000
 M2             0.000        -0.512         0.000         0.000
 M3             0.000         0.763         0.000         0.000
 M4             0.000         0.059         0.000         0.000
 M5             0.000         1.024         0.000         0.000
 M6             0.000         0.344         0.000         0.000
 M7             0.000        -0.540         0.000         0.000
 M8             0.000         0.876         0.000         0.000
 M9             0.000         0.046         0.000         0.000
 M10            0.000         1.071         0.000         0.000
 M11            0.000        -0.191         0.000         0.000
 M12            0.000         1.000         0.000         0.000
 Y1             0.000         0.000         0.563         0.000
 Y2             0.000         0.000         0.821         0.000
 Y3             0.000         0.000         1.000         0.000
 X3P1           0.000         0.000         0.000         1.000
 X2P2           0.000         0.000         0.000         2.325
 X1P3           0.000         0.000         0.000         0.917


           THETA
              X1            X2            X3            M1            M2
              ________      ________      ________      ________      ________
 X1             0.124
 X2             0.000         0.125
 X3             0.000         0.000         0.125
 M1             0.000         0.000         0.000         1.341
 M2             0.000         0.000         0.000         0.000         1.233
 M3             0.000         0.000         0.000         0.000         0.000
 M4             0.000         0.000         0.000         0.000         0.000
 M5             0.000         0.000         0.000         0.000         0.000
 M6             0.000         0.000         0.000         0.000         0.000
 M7             0.000         0.000         0.000         0.000         0.000
 M8             0.000         0.000         0.000         0.000         0.000
 M9             0.000         0.000         0.000         0.000         0.000
 M10            0.000         0.000         0.000         0.000         0.000
 M11            0.000         0.000         0.000         0.000         0.000
 M12            0.000         0.000         0.000         0.000         0.000
 Y1             0.000         0.000         0.000         0.000         0.000
 Y2             0.000         0.000         0.000         0.000         0.000
 Y3             0.000         0.000         0.000         0.000         0.000
 X3P1           0.000         0.000         0.000         0.000         0.000
 X2P2           0.000         0.000         0.000         0.000         0.000
 X1P3           0.000         0.000         0.000         0.000         0.000


           THETA
              M3            M4            M5            M6            M7
              ________      ________      ________      ________      ________
 M3             1.185
 M4             0.000         1.207
 M5             0.000         0.000         1.247
 M6             0.000         0.000         0.000         1.342
 M7             0.000         0.000         0.000         0.000         1.244
 M8             0.000         0.000         0.000         0.000         0.000
 M9             0.000         0.000         0.000         0.000         0.000
 M10            0.000         0.000         0.000         0.000         0.000
 M11            0.000         0.000         0.000         0.000         0.000
 M12            0.000         0.000         0.000         0.000         0.000
 Y1             0.000         0.000         0.000         0.000         0.000
 Y2             0.000         0.000         0.000         0.000         0.000
 Y3             0.000         0.000         0.000         0.000         0.000
 X3P1           0.000         0.000         0.000         0.000         0.000
 X2P2           0.000         0.000         0.000         0.000         0.000
 X1P3           0.000         0.000         0.000         0.000         0.000


           THETA
              M8            M9            M10           M11           M12
              ________      ________      ________      ________      ________
 M8             1.304
 M9             0.000         1.175
 M10            0.000         0.000         1.033
 M11            0.000         0.000         0.000         0.970
 M12            0.000         0.000         0.000         0.000         1.018
 Y1             0.000         0.000         0.000         0.000         0.000
 Y2             0.000         0.000         0.000         0.000         0.000
 Y3             0.000         0.000         0.000         0.000         0.000
 X3P1           0.000         0.000         0.000         0.000         0.000
 X2P2           0.000         0.000         0.000         0.000         0.000
 X1P3           0.000         0.000         0.000         0.000         0.000


           THETA
              Y1            Y2            Y3            X3P1          X2P2
              ________      ________      ________      ________      ________
 Y1             0.311
 Y2             0.000         0.503
 Y3             0.000         0.000         0.557
 X3P1           0.000         0.000         0.000         0.099
 X2P2           0.000         0.000         0.000         0.000         0.100
 X1P3           0.000         0.000         0.000         0.000         0.000


           THETA
              X1P3
              ________
 X1P3           0.114


           ALPHA
              X             M             Y             XM
              ________      ________      ________      ________
                0.000         0.000         0.000         0.000


           BETA
              X             M             Y             XM
              ________      ________      ________      ________
 X              0.000         0.000         0.000         0.000
 M              0.000         0.000         0.000         0.000
 Y              0.000         0.000         0.000         0.000
 XM             0.000         0.000         0.000         0.000


           PSI
              X             M             Y             XM
              ________      ________      ________      ________
 X              0.050
 M              0.000         0.050
 Y              0.000         0.000         0.050
 XM             0.000         0.000         0.000         0.050


     STARTING VALUES FOR THE ADDITIONAL PARAMETERS


           New/Additional Parameters
              VAR_Y         STD_B1        STD_B2        STD_B3
              ________      ________      ________      ________
                0.500         0.500         0.500         0.500


RESULTS SAVING INFORMATION

  Order of data

    Parameter estimates
     (saved in order shown in Technical 1 output)
    Standard errors
     (saved in order shown in Technical 1 output)
    Number of Free Parameters
    H0 Loglikelihood
    H0 Scaling Correction Factor for MLR
    H1 Loglikelihood
    H1 Scaling Correction Factor for MLR
    Akaike (AIC)
    Bayesian (BIC)
    Sample-Size Adjusted BIC
    Chi-square : Value
    Chi-square : Degrees of Freedom
    Chi-square : P-Value
    Chi-square : Scaling Correction Factor for MLR/MLM/WLSM
    CFI
    TLI
    RMSEA : Estimate
    RMSEA : Low CI
    RMSEA : High CI
    RMSEA : Probability
    SRMR
    Condition Number

  Save file
    parcelupi_results_909.dat

  Save file format           Free


     Beginning Time:  19:39:08
        Ending Time:  19:39:10
       Elapsed Time:  00:00:02



MUTHEN & MUTHEN
3463 Stoner Ave.
Los Angeles, CA  90066

Tel: (310) 391-9971
Fax: (310) 391-8971
Web: www.StatModel.com
Support: Support@StatModel.com

Copyright (c) 1998-2022 Muthen & Muthen
