Mplus VERSION 8.8 (Mac)
MUTHEN & MUTHEN
07/27/2025   5:47 PM

INPUT INSTRUCTIONS


    TITLE: Parceling Unconstrained Product Indicator

    DATA:
      FILE = parcelupi_simdat_1966.dat;
      FORMAT IS FREE;

    VARIABLE:
      NAMES = x1 x2 x3
      	    m1 m2 m3 m4 m5 m6
      	    m7 m8 m9 m10 m11 m12
      	    y1 y2 y3
      	    p1 p2 p3
      	    x3p1 x2p2 x1p3;
      USEVARIABLES = x1 x2 x3
      	    m1 m2 m3 m4 m5 m6
      	    m7 m8 m9 m10 m11 m12
      	    y1 y2 y3
      	    x3p1 x2p2 x1p3;

    ANALYSIS:
      TYPE = general;
      ESTIMATOR = MLR;
    MODEL:
      !measurement model
      X BY x3 x2 x1;
      X (var_X);
      M BY m12 m11 m10 m9 m8 m7 m6 m5 m4 m3 m2 m1;
      M (var_M);
      Y BY y3 y2 y1;
      Y (resvar_Y);
      XM BY x3p1 x2p2 x1p3;
      XM (var_XM);

      !covariances between predictors
      X WITH M (cov_XM);
      X WITH XM (cov_XXM);
      M WITH XM (cov_MXM);

      !structural model
      Y ON X (b1);
      Y ON M (b2);
      Y ON XM (b3);

    MODEL CONSTRAINT:

      NEW(var_Y std_b1 std_b2 std_b3);
      var_Y = resvar_Y +
       (b1^2 * var_X +
        b2^2 * var_M +
        b3^2 * var_XM +
        2 * b1 * b2 * cov_XM +
        2 * b1 * b3 * cov_XXM +
        2 * b2 * b3 * cov_MXM);

        std_b1 = b1 * sqrt(var_X) / sqrt(var_Y);
        std_b2 = b2 * sqrt(var_M) / sqrt(var_Y);
        std_b3 = b3 * sqrt(var_X) * sqrt(var_M) / sqrt(var_Y);

    OUTPUT:
      sampstat tech1 CINTERVAL;

    SAVEDATA:
      RESULTS = parcelupi_results_1966.dat;




INPUT READING TERMINATED NORMALLY



Parceling Unconstrained Product Indicator

SUMMARY OF ANALYSIS

Number of groups                                                 1
Number of observations                                         100

Number of dependent variables                                   21
Number of independent variables                                  0
Number of continuous latent variables                            4

Observed dependent variables

  Continuous
   X1          X2          X3          M1          M2          M3
   M4          M5          M6          M7          M8          M9
   M10         M11         M12         Y1          Y2          Y3
   X3P1        X2P2        X1P3

Continuous latent variables
   X           M           Y           XM


Estimator                                                      MLR
Information matrix                                        OBSERVED
Maximum number of iterations                                  1000
Convergence criterion                                    0.500D-04
Maximum number of steepest descent iterations                   20

Input data file(s)
  parcelupi_simdat_1966.dat

Input data format  FREE


SAMPLE STATISTICS


     SAMPLE STATISTICS


           Means
              X1            X2            X3            M1            M2
              ________      ________      ________      ________      ________
                0.000         0.000         0.000         0.000         0.000


           Means
              M3            M4            M5            M6            M7
              ________      ________      ________      ________      ________
                0.000         0.000         0.000         0.000         0.000


           Means
              M8            M9            M10           M11           M12
              ________      ________      ________      ________      ________
                0.000         0.000         0.000         0.000         0.000


           Means
              Y1            Y2            Y3            X3P1          X2P2
              ________      ________      ________      ________      ________
                0.570         0.936         1.150         0.000         0.000


           Means
              X1P3
              ________
                0.000


           Covariances
              X1            X2            X3            M1            M2
              ________      ________      ________      ________      ________
 X1             0.250
 X2             0.050         0.250
 X3             0.075         0.085         0.250
 M1            -0.009        -0.009        -0.050         2.616
 M2             0.126         0.146         0.135         0.052         2.893
 M3             0.048        -0.062         0.050        -0.008        -0.004
 M4             0.048        -0.022         0.050        -0.029         0.293
 M5             0.081         0.031         0.140        -0.504         0.302
 M6            -0.089         0.011         0.070        -0.457        -0.206
 M7             0.059         0.059         0.090        -0.612         0.138
 M8             0.076         0.065         0.125        -0.413         0.473
 M9             0.106        -0.124         0.030        -0.438         0.057
 M10            0.174         0.084         0.145         0.347         0.204
 M11            0.051        -0.029         0.120         0.215         0.350
 M12            0.010        -0.080         0.070        -0.049         0.233
 Y1            -0.003         0.053         0.079        -0.021         0.218
 Y2             0.081         0.130         0.089        -0.161         0.086
 Y3             0.131         0.118         0.125        -0.067         0.294
 X3P1           0.009         0.027         0.000         0.027        -0.072
 X2P2           0.013        -0.001         0.027         0.075        -0.012
 X1P3          -0.001         0.056         0.024         0.027         0.052


           Covariances
              M3            M4            M5            M6            M7
              ________      ________      ________      ________      ________
 M3             2.360
 M4             0.654         2.668
 M5             0.012         0.251         2.496
 M6            -0.026         0.342         0.243         2.246
 M7            -0.148         0.585         0.618         0.497         2.560
 M8             0.240         0.739         0.267         0.484         0.797
 M9             0.448         0.645        -0.048         0.263         0.550
 M10            0.468         0.750         0.297         0.053         0.725
 M11            0.456         0.854         0.495         0.380         0.561
 M12            0.526         0.946         0.671         0.482         0.867
 Y1             0.067         0.404         0.225        -0.045         0.121
 Y2             0.063         0.554         0.071         0.017         0.367
 Y3             0.241         0.665         0.258        -0.025         0.277
 X3P1          -0.034        -0.058        -0.046        -0.075        -0.032
 X2P2          -0.017         0.026        -0.021         0.017        -0.039
 X1P3          -0.050        -0.095        -0.093         0.048        -0.093


           Covariances
              M8            M9            M10           M11           M12
              ________      ________      ________      ________      ________
 M8             2.127
 M9             0.488         1.930
 M10            0.555         0.390         2.238
 M11            0.686         0.729         0.769         2.094
 M12            0.641         0.793         0.718         1.082         2.100
 Y1             0.034        -0.012         0.365         0.126         0.163
 Y2             0.161         0.172         0.461         0.274         0.307
 Y3             0.223         0.219         0.390         0.292         0.505
 X3P1          -0.031        -0.051        -0.081        -0.088        -0.052
 X2P2           0.013        -0.091        -0.027        -0.083        -0.044
 X1P3           0.004        -0.124        -0.068        -0.126        -0.143


           Covariances
              Y1            Y2            Y3            X3P1          X2P2
              ________      ________      ________      ________      ________
 Y1             0.814
 Y2             0.509         0.987
 Y3             0.518         0.705         1.371
 X3P1          -0.070        -0.124        -0.036         0.203
 X2P2          -0.001        -0.056        -0.073         0.017         0.228
 X1P3          -0.051        -0.041        -0.042         0.045         0.028


           Covariances
              X1P3
              ________
 X1P3           0.194


           Correlations
              X1            X2            X3            M1            M2
              ________      ________      ________      ________      ________
 X1             1.000
 X2             0.200         1.000
 X3             0.300         0.340         1.000
 M1            -0.012        -0.012        -0.062         1.000
 M2             0.149         0.172         0.159         0.019         1.000
 M3             0.063        -0.081         0.065        -0.003        -0.002
 M4             0.059        -0.027         0.061        -0.011         0.106
 M5             0.102         0.039         0.177        -0.197         0.112
 M6            -0.119         0.015         0.093        -0.189        -0.081
 M7             0.073         0.073         0.112        -0.236         0.051
 M8             0.104         0.090         0.171        -0.175         0.191
 M9             0.153        -0.178         0.043        -0.195         0.024
 M10            0.233         0.112         0.194         0.143         0.080
 M11            0.070        -0.040         0.166         0.092         0.142
 M12            0.014        -0.111         0.097        -0.021         0.094
 Y1            -0.006         0.119         0.175        -0.015         0.142
 Y2             0.163         0.262         0.179        -0.100         0.051
 Y3             0.224         0.201         0.213        -0.035         0.148
 X3P1           0.040         0.118         0.000         0.036        -0.094
 X2P2           0.053        -0.004         0.112         0.097        -0.014
 X1P3          -0.004         0.253         0.107         0.038         0.069


           Correlations
              M3            M4            M5            M6            M7
              ________      ________      ________      ________      ________
 M3             1.000
 M4             0.261         1.000
 M5             0.005         0.097         1.000
 M6            -0.011         0.140         0.103         1.000
 M7            -0.060         0.224         0.245         0.207         1.000
 M8             0.107         0.310         0.116         0.221         0.341
 M9             0.210         0.284        -0.022         0.126         0.247
 M10            0.204         0.307         0.125         0.024         0.303
 M11            0.205         0.362         0.217         0.175         0.242
 M12            0.236         0.400         0.293         0.222         0.374
 Y1             0.049         0.274         0.158        -0.034         0.084
 Y2             0.041         0.342         0.045         0.011         0.231
 Y3             0.134         0.348         0.140        -0.014         0.148
 X3P1          -0.049        -0.079        -0.065        -0.110        -0.045
 X2P2          -0.023         0.033        -0.028         0.024        -0.051
 X1P3          -0.074        -0.132        -0.133         0.072        -0.132


           Correlations
              M8            M9            M10           M11           M12
              ________      ________      ________      ________      ________
 M8             1.000
 M9             0.241         1.000
 M10            0.255         0.188         1.000
 M11            0.325         0.363         0.355         1.000
 M12            0.303         0.394         0.331         0.516         1.000
 Y1             0.026        -0.010         0.271         0.096         0.125
 Y2             0.111         0.125         0.310         0.191         0.213
 Y3             0.131         0.135         0.222         0.173         0.298
 X3P1          -0.047        -0.082        -0.120        -0.135        -0.079
 X2P2           0.018        -0.137        -0.038        -0.121        -0.064
 X1P3           0.005        -0.203        -0.104        -0.197        -0.224


           Correlations
              Y1            Y2            Y3            X3P1          X2P2
              ________      ________      ________      ________      ________
 Y1             1.000
 Y2             0.568         1.000
 Y3             0.490         0.606         1.000
 X3P1          -0.172        -0.278        -0.069         1.000
 X2P2          -0.003        -0.117        -0.131         0.077         1.000
 X1P3          -0.128        -0.094        -0.081         0.226         0.133


           Correlations
              X1P3
              ________
 X1P3           1.000


UNIVARIATE SAMPLE STATISTICS


     UNIVARIATE HIGHER-ORDER MOMENT DESCRIPTIVE STATISTICS

         Variable/         Mean/     Skewness/   Minimum/ % with                Percentiles
        Sample Size      Variance    Kurtosis    Maximum  Min/Max      20%/60%    40%/80%    Median

     X1                    0.000      -0.040      -0.510   49.00%      -0.510     -0.510      0.490
             100.000       0.250      -1.998       0.490   51.00%       0.490      0.490
     X2                    0.000      -0.040      -0.510   49.00%      -0.510     -0.510      0.490
             100.000       0.250      -1.998       0.490   51.00%       0.490      0.490
     X3                    0.000       0.000      -0.500   50.00%      -0.500     -0.500      0.000
             100.000       0.250      -2.000       0.500   50.00%       0.500      0.500
     M1                    0.000       0.040      -1.940   31.00%      -1.940     -0.940      0.060
             100.000       2.616      -1.603       2.060   27.00%       1.060      2.060
     M2                    0.000       0.118      -1.870   37.00%      -1.870     -0.870      0.130
             100.000       2.893      -1.691       2.130   30.00%       1.130      2.130
     M3                    0.000      -0.156      -2.200   21.00%      -2.200     -0.200     -0.200
             100.000       2.360      -1.448       1.800   32.00%       0.800      1.800
     M4                    0.000      -0.153      -2.180   26.00%      -2.180     -0.180     -0.180
             100.000       2.668      -1.581       1.820   36.00%       0.820      1.820
     M5                    0.000       0.053      -1.940   29.00%      -1.940     -0.940      0.060
             100.000       2.496      -1.540       2.060   26.00%       1.060      2.060
     M6                    0.000       0.080      -1.880   28.00%      -1.880     -0.880      0.120
             100.000       2.246      -1.399       2.120   21.00%       0.120      2.120
     M7                    0.000      -0.141      -2.140   26.00%      -2.140     -0.140     -0.140
             100.000       2.560      -1.541       1.860   32.00%       0.860      1.860
     M8                    0.000       0.145      -1.950   21.00%      -1.950     -0.950      0.050
             100.000       2.127      -1.324       2.050   24.00%       0.050      2.050
     M9                    0.000      -0.347      -2.360   14.00%      -1.360     -0.360      0.640
             100.000       1.930      -1.142       1.640   28.00%       0.640      1.640
     M10                   0.000      -0.045      -2.110   20.00%      -2.110     -0.110     -0.110
             100.000       2.238      -1.420       1.890   28.00%       0.890      1.890
     M11                   0.000       0.100      -1.920   23.00%      -1.920     -0.920      0.080
             100.000       2.094      -1.313       2.080   21.00%       0.080      2.080
     M12                   0.000       0.005      -2.020   21.00%      -2.020     -0.020     -0.020
             100.000       2.100      -1.327       1.980   23.00%      -0.020      1.980
     Y1                    0.570       0.089      -1.649    1.00%      -0.156      0.324      0.546
             100.000       0.814       0.149       3.115    1.00%       0.728      1.259
     Y2                    0.936       0.154      -1.302    1.00%       0.020      0.653      0.850
             100.000       0.987      -0.434       3.256    1.00%       1.207      1.805
     Y3                    1.150      -0.374      -2.060    1.00%       0.169      0.853      1.269
             100.000       1.371      -0.261       3.503    1.00%       1.514      2.319
     X3P1                  0.000      -0.030      -0.963    1.00%      -0.463     -0.212      0.037
             100.000       0.203      -0.897       0.912    2.00%       0.163      0.412
     X2P2                  0.000      -0.035      -1.114    1.00%      -0.382     -0.137     -0.014
             100.000       0.228      -0.473       0.926    3.00%       0.033      0.416
     X1P3                  0.000      -0.078      -1.068    1.00%      -0.388     -0.211      0.014
             100.000       0.194      -0.862       0.892    1.00%       0.157      0.402


     THIS ANALYSIS MAY HAVE MULTIPLE SOLUTIONS.  EXPLORE THIS USING RANDOM STARTS,
     FOR EXAMPLE, STARTS = 20.  USE A LARGE ENOUGH NUMBER OF STARTS SO THAT THE
     BEST FIT FUNCTION VALUE IS REPLICATED SEVERAL TIMES.


THE MODEL ESTIMATION TERMINATED NORMALLY

     THE STANDARD ERRORS OF THE MODEL PARAMETER ESTIMATES MAY NOT BE
     TRUSTWORTHY FOR SOME PARAMETERS DUE TO A NON-POSITIVE DEFINITE
     FIRST-ORDER DERIVATIVE PRODUCT MATRIX.  THIS MAY BE DUE TO THE STARTING
     VALUES BUT MAY ALSO BE AN INDICATION OF MODEL NONIDENTIFICATION.  THE
     CONDITION NUMBER IS      -0.494D-18.  PROBLEM INVOLVING THE FOLLOWING PARAMETER:
     Parameter 40, X2

     THIS IS MOST LIKELY DUE TO VARIABLE X1 BEING DICHOTOMOUS BUT
     DECLARED AS CONTINUOUS.




MODEL FIT INFORMATION

Number of Free Parameters                       69

Loglikelihood

          H0 Value                       -2896.566
          H0 Scaling Correction Factor      0.8953
            for MLR
          H1 Value                       -2811.281
          H1 Scaling Correction Factor      0.9538
            for MLR

Information Criteria

          Akaike (AIC)                    5931.132
          Bayesian (BIC)                  6110.888
          Sample-Size Adjusted BIC        5892.969
            (n* = (n + 2) / 24)

Chi-Square Test of Model Fit

          Value                            174.795*
          Degrees of Freedom                   183
          P-Value                           0.6556
          Scaling Correction Factor         0.9758
            for MLR

*   The chi-square value for MLM, MLMV, MLR, ULSMV, WLSM and WLSMV cannot be used
    for chi-square difference testing in the regular way.  MLM, MLR and WLSM
    chi-square difference testing is described on the Mplus website.  MLMV, WLSMV,
    and ULSMV difference testing is done using the DIFFTEST option.

RMSEA (Root Mean Square Error Of Approximation)

          Estimate                           0.000
          90 Percent C.I.                    0.000  0.038
          Probability RMSEA <= .05           0.993

CFI/TLI

          CFI                                1.000
          TLI                                1.000

Chi-Square Test of Model Fit for the Baseline Model

          Value                            479.345
          Degrees of Freedom                   210
          P-Value                           0.0000

SRMR (Standardized Root Mean Square Residual)

          Value                              0.071



MODEL RESULTS

                                                    Two-Tailed
                    Estimate       S.E.  Est./S.E.    P-Value

 X        BY
    X3                 1.000      0.000    999.000    999.000
    X2                 1.039      0.612      1.696      0.090
    X1                 0.680      0.228      2.989      0.003

 M        BY
    M12                1.000      0.000    999.000    999.000
    M11                0.907      0.152      5.985      0.000
    M10                0.713      0.186      3.823      0.000
    M9                 0.648      0.144      4.485      0.000
    M8                 0.669      0.178      3.753      0.000
    M7                 0.737      0.183      4.038      0.000
    M6                 0.366      0.148      2.467      0.014
    M5                 0.452      0.157      2.879      0.004
    M4                 0.876      0.172      5.088      0.000
    M3                 0.414      0.164      2.532      0.011
    M2                 0.269      0.187      1.438      0.150
    M1                -0.141      0.191     -0.740      0.460

 Y        BY
    Y3                 1.000      0.000    999.000    999.000
    Y2                 0.985      0.183      5.370      0.000
    Y1                 0.695      0.124      5.612      0.000

 XM       BY
    X3P1               1.000      0.000    999.000    999.000
    X2P2               0.612      0.429      1.426      0.154
    X1P3               1.216      0.662      1.836      0.066

 Y        ON
    X                  2.106      1.588      1.326      0.185
    M                  0.001      0.263      0.004      0.997
    XM                -3.058      2.382     -1.284      0.199

 X        WITH
    M                  0.054      0.084      0.641      0.522
    XM                 0.022      0.013      1.701      0.089

 M        WITH
    XM                -0.089      0.050     -1.762      0.078

 Intercepts
    X1                 0.000      0.050      0.000      1.000
    X2                 0.000      0.050      0.000      1.000
    X3                 0.000      0.050      0.000      1.000
    M1                 0.000      0.162      0.000      1.000
    M2                 0.000      0.170      0.000      1.000
    M3                 0.000      0.154      0.000      1.000
    M4                 0.000      0.163      0.000      1.000
    M5                 0.000      0.158      0.000      1.000
    M6                 0.000      0.150      0.000      1.000
    M7                 0.000      0.160      0.000      1.000
    M8                 0.000      0.146      0.000      1.000
    M9                 0.000      0.139      0.000      1.000
    M10                0.000      0.150      0.000      1.000
    M11                0.000      0.145      0.000      1.000
    M12                0.000      0.145      0.000      1.000
    Y1                 0.570      0.090      6.323      0.000
    Y2                 0.936      0.099      9.419      0.000
    Y3                 1.150      0.117      9.824      0.000
    X3P1               0.000      0.045      0.000      1.000
    X2P2               0.000      0.048      0.000      1.000
    X1P3               0.000      0.044      0.000      1.000

 Variances
    X                  0.085      0.055      1.546      0.122
    M                  1.128      0.261      4.325      0.000
    XM                 0.036      0.025      1.429      0.153

 Residual Variances
    X1                 0.211      0.031      6.745      0.000
    X2                 0.158      0.058      2.744      0.006
    X3                 0.165      0.055      3.009      0.003
    M1                 2.594      0.179     14.483      0.000
    M2                 2.812      0.190     14.811      0.000
    M3                 2.166      0.182     11.899      0.000
    M4                 1.802      0.268      6.724      0.000
    M5                 2.266      0.211     10.720      0.000
    M6                 2.095      0.190     11.042      0.000
    M7                 1.948      0.258      7.551      0.000
    M8                 1.622      0.228      7.121      0.000
    M9                 1.457      0.200      7.289      0.000
    M10                1.665      0.226      7.361      0.000
    M11                1.165      0.203      5.749      0.000
    M12                0.972      0.206      4.719      0.000
    Y1                 0.462      0.092      4.994      0.000
    Y2                 0.279      0.108      2.587      0.010
    Y3                 0.642      0.128      5.016      0.000
    X3P1               0.167      0.026      6.319      0.000
    X2P2               0.215      0.029      7.321      0.000
    X1P3               0.141      0.038      3.722      0.000
    Y                  0.305      0.258      1.180      0.238

New/Additional Parameters
    VAR_Y              0.729      0.202      3.610      0.000
    STD_B1             0.718      0.383      1.877      0.061
    STD_B2             0.001      0.327      0.004      0.997
    STD_B3            -1.108      0.832     -1.331      0.183


QUALITY OF NUMERICAL RESULTS

     Condition Number for the Information Matrix              0.749E-05
       (ratio of smallest to largest eigenvalue)


CONFIDENCE INTERVALS OF MODEL RESULTS

                  Lower .5%  Lower 2.5%    Lower 5%    Estimate    Upper 5%  Upper 2.5%   Upper .5%

 X        BY
    X3               1.000       1.000       1.000       1.000       1.000       1.000       1.000
    X2              -0.539      -0.162       0.031       1.039       2.046       2.239       2.616
    X1               0.094       0.234       0.306       0.680       1.054       1.126       1.266

 M        BY
    M12              1.000       1.000       1.000       1.000       1.000       1.000       1.000
    M11              0.517       0.610       0.658       0.907       1.157       1.204       1.298
    M10              0.233       0.347       0.406       0.713       1.020       1.078       1.193
    M9               0.276       0.365       0.410       0.648       0.886       0.931       1.020
    M8               0.210       0.320       0.376       0.669       0.963       1.019       1.129
    M7               0.267       0.379       0.437       0.737       1.037       1.095       1.207
    M6              -0.016       0.075       0.122       0.366       0.609       0.656       0.747
    M5               0.048       0.144       0.194       0.452       0.711       0.760       0.857
    M4               0.433       0.539       0.593       0.876       1.160       1.214       1.320
    M3              -0.007       0.094       0.145       0.414       0.683       0.735       0.836
    M2              -0.212      -0.097      -0.039       0.269       0.576       0.635       0.750
    M1              -0.633      -0.515      -0.455      -0.141       0.173       0.233       0.350

 Y        BY
    Y3               1.000       1.000       1.000       1.000       1.000       1.000       1.000
    Y2               0.513       0.626       0.683       0.985       1.287       1.345       1.458
    Y1               0.376       0.452       0.491       0.695       0.899       0.938       1.014

 XM       BY
    X3P1             1.000       1.000       1.000       1.000       1.000       1.000       1.000
    X2P2            -0.493      -0.229      -0.094       0.612       1.318       1.453       1.717
    X1P3            -0.490      -0.082       0.127       1.216       2.306       2.515       2.923

 Y        ON
    X               -1.984      -1.006      -0.506       2.106       4.717       5.217       6.195
    M               -0.677      -0.515      -0.432       0.001       0.434       0.517       0.679
    XM              -9.194      -7.727      -6.977      -3.058       0.861       1.611       3.078

 X        WITH
    M               -0.163      -0.111      -0.084       0.054       0.192       0.219       0.270
    XM              -0.012      -0.003       0.001       0.022       0.044       0.048       0.056

 M        WITH
    XM              -0.218      -0.187      -0.171      -0.089      -0.006       0.010       0.041

 Intercepts
    X1              -0.129      -0.098      -0.082       0.000       0.082       0.098       0.129
    X2              -0.129      -0.098      -0.082       0.000       0.082       0.098       0.129
    X3              -0.129      -0.098      -0.082       0.000       0.082       0.098       0.129
    M1              -0.417      -0.317      -0.266       0.000       0.266       0.317       0.417
    M2              -0.438      -0.333      -0.280       0.000       0.280       0.333       0.438
    M3              -0.396      -0.301      -0.253       0.000       0.253       0.301       0.396
    M4              -0.421      -0.320      -0.269       0.000       0.269       0.320       0.421
    M5              -0.407      -0.310      -0.260       0.000       0.260       0.310       0.407
    M6              -0.386      -0.294      -0.247       0.000       0.247       0.294       0.386
    M7              -0.412      -0.314      -0.263       0.000       0.263       0.314       0.412
    M8              -0.376      -0.286      -0.240       0.000       0.240       0.286       0.376
    M9              -0.358      -0.272      -0.229       0.000       0.229       0.272       0.358
    M10             -0.385      -0.293      -0.246       0.000       0.246       0.293       0.385
    M11             -0.373      -0.284      -0.238       0.000       0.238       0.284       0.373
    M12             -0.373      -0.284      -0.238       0.000       0.238       0.284       0.373
    Y1               0.338       0.394       0.422       0.570       0.719       0.747       0.803
    Y2               0.680       0.741       0.773       0.936       1.099       1.131       1.192
    Y3               0.849       0.921       0.958       1.150       1.343       1.380       1.452
    X3P1            -0.116      -0.088      -0.074       0.000       0.074       0.088       0.116
    X2P2            -0.123      -0.094      -0.079       0.000       0.079       0.094       0.123
    X1P3            -0.114      -0.086      -0.073       0.000       0.073       0.086       0.114

 Variances
    X               -0.057      -0.023      -0.005       0.085       0.175       0.192       0.226
    M                0.456       0.617       0.699       1.128       1.557       1.639       1.799
    XM              -0.029      -0.013      -0.005       0.036       0.077       0.085       0.101

 Residual Variances
    X1               0.130       0.149       0.159       0.211       0.262       0.272       0.291
    X2               0.010       0.045       0.063       0.158       0.253       0.271       0.307
    X3               0.024       0.058       0.075       0.165       0.255       0.273       0.307
    M1               2.133       2.243       2.299       2.594       2.889       2.945       3.055
    M2               2.323       2.440       2.499       2.812       3.124       3.184       3.301
    M3               1.697       1.810       1.867       2.166       2.466       2.523       2.635
    M4               1.111       1.276       1.361       1.802       2.242       2.327       2.492
    M5               1.721       1.851       1.918       2.266       2.613       2.680       2.810
    M6               1.606       1.723       1.783       2.095       2.407       2.467       2.584
    M7               1.283       1.442       1.523       1.948       2.372       2.453       2.612
    M8               1.035       1.176       1.247       1.622       1.997       2.069       2.209
    M9               0.942       1.065       1.128       1.457       1.786       1.849       1.972
    M10              1.082       1.221       1.293       1.665       2.037       2.108       2.247
    M11              0.643       0.768       0.832       1.165       1.499       1.563       1.688
    M12              0.441       0.568       0.633       0.972       1.311       1.376       1.502
    Y1               0.224       0.281       0.310       0.462       0.614       0.643       0.700
    Y2               0.001       0.068       0.102       0.279       0.457       0.491       0.558
    Y3               0.312       0.391       0.431       0.642       0.852       0.892       0.971
    X3P1             0.099       0.115       0.124       0.167       0.211       0.219       0.236
    X2P2             0.139       0.157       0.166       0.215       0.263       0.272       0.290
    X1P3             0.044       0.067       0.079       0.141       0.204       0.216       0.239
    Y               -0.360      -0.201      -0.120       0.305       0.729       0.810       0.969

New/Additional Parameters
    VAR_Y            0.209       0.333       0.397       0.729       1.062       1.125       1.250
    STD_B1          -0.268      -0.032       0.089       0.718       1.348       1.468       1.704
    STD_B2          -0.842      -0.640      -0.537       0.001       0.540       0.643       0.844
    STD_B3          -3.252      -2.739      -2.477      -1.108       0.262       0.524       1.037


TECHNICAL 1 OUTPUT


     PARAMETER SPECIFICATION


           NU
              X1            X2            X3            M1            M2
              ________      ________      ________      ________      ________
                  1             2             3             4             5


           NU
              M3            M4            M5            M6            M7
              ________      ________      ________      ________      ________
                  6             7             8             9            10


           NU
              M8            M9            M10           M11           M12
              ________      ________      ________      ________      ________
                 11            12            13            14            15


           NU
              Y1            Y2            Y3            X3P1          X2P2
              ________      ________      ________      ________      ________
                 16            17            18            19            20


           NU
              X1P3
              ________
                 21


           LAMBDA
              X             M             Y             XM
              ________      ________      ________      ________
 X1                22             0             0             0
 X2                23             0             0             0
 X3                 0             0             0             0
 M1                 0            24             0             0
 M2                 0            25             0             0
 M3                 0            26             0             0
 M4                 0            27             0             0
 M5                 0            28             0             0
 M6                 0            29             0             0
 M7                 0            30             0             0
 M8                 0            31             0             0
 M9                 0            32             0             0
 M10                0            33             0             0
 M11                0            34             0             0
 M12                0             0             0             0
 Y1                 0             0            35             0
 Y2                 0             0            36             0
 Y3                 0             0             0             0
 X3P1               0             0             0             0
 X2P2               0             0             0            37
 X1P3               0             0             0            38


           THETA
              X1            X2            X3            M1            M2
              ________      ________      ________      ________      ________
 X1                39
 X2                 0            40
 X3                 0             0            41
 M1                 0             0             0            42
 M2                 0             0             0             0            43
 M3                 0             0             0             0             0
 M4                 0             0             0             0             0
 M5                 0             0             0             0             0
 M6                 0             0             0             0             0
 M7                 0             0             0             0             0
 M8                 0             0             0             0             0
 M9                 0             0             0             0             0
 M10                0             0             0             0             0
 M11                0             0             0             0             0
 M12                0             0             0             0             0
 Y1                 0             0             0             0             0
 Y2                 0             0             0             0             0
 Y3                 0             0             0             0             0
 X3P1               0             0             0             0             0
 X2P2               0             0             0             0             0
 X1P3               0             0             0             0             0


           THETA
              M3            M4            M5            M6            M7
              ________      ________      ________      ________      ________
 M3                44
 M4                 0            45
 M5                 0             0            46
 M6                 0             0             0            47
 M7                 0             0             0             0            48
 M8                 0             0             0             0             0
 M9                 0             0             0             0             0
 M10                0             0             0             0             0
 M11                0             0             0             0             0
 M12                0             0             0             0             0
 Y1                 0             0             0             0             0
 Y2                 0             0             0             0             0
 Y3                 0             0             0             0             0
 X3P1               0             0             0             0             0
 X2P2               0             0             0             0             0
 X1P3               0             0             0             0             0


           THETA
              M8            M9            M10           M11           M12
              ________      ________      ________      ________      ________
 M8                49
 M9                 0            50
 M10                0             0            51
 M11                0             0             0            52
 M12                0             0             0             0            53
 Y1                 0             0             0             0             0
 Y2                 0             0             0             0             0
 Y3                 0             0             0             0             0
 X3P1               0             0             0             0             0
 X2P2               0             0             0             0             0
 X1P3               0             0             0             0             0


           THETA
              Y1            Y2            Y3            X3P1          X2P2
              ________      ________      ________      ________      ________
 Y1                54
 Y2                 0            55
 Y3                 0             0            56
 X3P1               0             0             0            57
 X2P2               0             0             0             0            58
 X1P3               0             0             0             0             0


           THETA
              X1P3
              ________
 X1P3              59


           ALPHA
              X             M             Y             XM
              ________      ________      ________      ________
                  0             0             0             0


           BETA
              X             M             Y             XM
              ________      ________      ________      ________
 X                  0             0             0             0
 M                  0             0             0             0
 Y                 60            61             0            62
 XM                 0             0             0             0


           PSI
              X             M             Y             XM
              ________      ________      ________      ________
 X                 63
 M                 64            65
 Y                  0             0            66
 XM                67            68             0            69


     PARAMETER SPECIFICATION FOR THE ADDITIONAL PARAMETERS


           New/Additional Parameters
              VAR_Y         STD_B1        STD_B2        STD_B3
              ________      ________      ________      ________
                   70            71            72            73


     STARTING VALUES


           NU
              X1            X2            X3            M1            M2
              ________      ________      ________      ________      ________
                0.000         0.000         0.000         0.000         0.000


           NU
              M3            M4            M5            M6            M7
              ________      ________      ________      ________      ________
                0.000         0.000         0.000         0.000         0.000


           NU
              M8            M9            M10           M11           M12
              ________      ________      ________      ________      ________
                0.000         0.000         0.000         0.000         0.000


           NU
              Y1            Y2            Y3            X3P1          X2P2
              ________      ________      ________      ________      ________
                0.570         0.936         1.150         0.000         0.000


           NU
              X1P3
              ________
                0.000


           LAMBDA
              X             M             Y             XM
              ________      ________      ________      ________
 X1             0.587         0.000         0.000         0.000
 X2             0.665         0.000         0.000         0.000
 X3             1.000         0.000         0.000         0.000
 M1             0.000        -2.927         0.000         0.000
 M2             0.000        -0.026         0.000         0.000
 M3             0.000        -0.634         0.000         0.000
 M4             0.000         0.281         0.000         0.000
 M5             0.000        -0.034         0.000         0.000
 M6             0.000         0.885         0.000         0.000
 M7             0.000         1.167         0.000         0.000
 M8             0.000         0.709         0.000         0.000
 M9             0.000         0.039         0.000         0.000
 M10            0.000         0.257         0.000         0.000
 M11            0.000         0.607         0.000         0.000
 M12            0.000         1.000         0.000         0.000
 Y1             0.000         0.000         0.722         0.000
 Y2             0.000         0.000         0.983         0.000
 Y3             0.000         0.000         1.000         0.000
 X3P1           0.000         0.000         0.000         1.000
 X2P2           0.000         0.000         0.000         0.622
 X1P3           0.000         0.000         0.000         1.686


           THETA
              X1            X2            X3            M1            M2
              ________      ________      ________      ________      ________
 X1             0.125
 X2             0.000         0.125
 X3             0.000         0.000         0.125
 M1             0.000         0.000         0.000         1.308
 M2             0.000         0.000         0.000         0.000         1.447
 M3             0.000         0.000         0.000         0.000         0.000
 M4             0.000         0.000         0.000         0.000         0.000
 M5             0.000         0.000         0.000         0.000         0.000
 M6             0.000         0.000         0.000         0.000         0.000
 M7             0.000         0.000         0.000         0.000         0.000
 M8             0.000         0.000         0.000         0.000         0.000
 M9             0.000         0.000         0.000         0.000         0.000
 M10            0.000         0.000         0.000         0.000         0.000
 M11            0.000         0.000         0.000         0.000         0.000
 M12            0.000         0.000         0.000         0.000         0.000
 Y1             0.000         0.000         0.000         0.000         0.000
 Y2             0.000         0.000         0.000         0.000         0.000
 Y3             0.000         0.000         0.000         0.000         0.000
 X3P1           0.000         0.000         0.000         0.000         0.000
 X2P2           0.000         0.000         0.000         0.000         0.000
 X1P3           0.000         0.000         0.000         0.000         0.000


           THETA
              M3            M4            M5            M6            M7
              ________      ________      ________      ________      ________
 M3             1.180
 M4             0.000         1.334
 M5             0.000         0.000         1.248
 M6             0.000         0.000         0.000         1.123
 M7             0.000         0.000         0.000         0.000         1.280
 M8             0.000         0.000         0.000         0.000         0.000
 M9             0.000         0.000         0.000         0.000         0.000
 M10            0.000         0.000         0.000         0.000         0.000
 M11            0.000         0.000         0.000         0.000         0.000
 M12            0.000         0.000         0.000         0.000         0.000
 Y1             0.000         0.000         0.000         0.000         0.000
 Y2             0.000         0.000         0.000         0.000         0.000
 Y3             0.000         0.000         0.000         0.000         0.000
 X3P1           0.000         0.000         0.000         0.000         0.000
 X2P2           0.000         0.000         0.000         0.000         0.000
 X1P3           0.000         0.000         0.000         0.000         0.000


           THETA
              M8            M9            M10           M11           M12
              ________      ________      ________      ________      ________
 M8             1.064
 M9             0.000         0.965
 M10            0.000         0.000         1.119
 M11            0.000         0.000         0.000         1.047
 M12            0.000         0.000         0.000         0.000         1.050
 Y1             0.000         0.000         0.000         0.000         0.000
 Y2             0.000         0.000         0.000         0.000         0.000
 Y3             0.000         0.000         0.000         0.000         0.000
 X3P1           0.000         0.000         0.000         0.000         0.000
 X2P2           0.000         0.000         0.000         0.000         0.000
 X1P3           0.000         0.000         0.000         0.000         0.000


           THETA
              Y1            Y2            Y3            X3P1          X2P2
              ________      ________      ________      ________      ________
 Y1             0.407
 Y2             0.000         0.494
 Y3             0.000         0.000         0.685
 X3P1           0.000         0.000         0.000         0.102
 X2P2           0.000         0.000         0.000         0.000         0.114
 X1P3           0.000         0.000         0.000         0.000         0.000


           THETA
              X1P3
              ________
 X1P3           0.097


           ALPHA
              X             M             Y             XM
              ________      ________      ________      ________
                0.000         0.000         0.000         0.000


           BETA
              X             M             Y             XM
              ________      ________      ________      ________
 X              0.000         0.000         0.000         0.000
 M              0.000         0.000         0.000         0.000
 Y              0.000         0.000         0.000         0.000
 XM             0.000         0.000         0.000         0.000


           PSI
              X             M             Y             XM
              ________      ________      ________      ________
 X              0.050
 M              0.000         0.050
 Y              0.000         0.000         0.050
 XM             0.000         0.000         0.000         0.050


     STARTING VALUES FOR THE ADDITIONAL PARAMETERS


           New/Additional Parameters
              VAR_Y         STD_B1        STD_B2        STD_B3
              ________      ________      ________      ________
                0.500         0.500         0.500         0.500


RESULTS SAVING INFORMATION

  Order of data

    Parameter estimates
     (saved in order shown in Technical 1 output)
    Standard errors
     (saved in order shown in Technical 1 output)
    Number of Free Parameters
    H0 Loglikelihood
    H0 Scaling Correction Factor for MLR
    H1 Loglikelihood
    H1 Scaling Correction Factor for MLR
    Akaike (AIC)
    Bayesian (BIC)
    Sample-Size Adjusted BIC
    Chi-square : Value
    Chi-square : Degrees of Freedom
    Chi-square : P-Value
    Chi-square : Scaling Correction Factor for MLR/MLM/WLSM
    CFI
    TLI
    RMSEA : Estimate
    RMSEA : Low CI
    RMSEA : High CI
    RMSEA : Probability
    SRMR
    Condition Number

  Save file
    parcelupi_results_1966.dat

  Save file format           Free


     Beginning Time:  17:47:43
        Ending Time:  17:47:45
       Elapsed Time:  00:00:02



MUTHEN & MUTHEN
3463 Stoner Ave.
Los Angeles, CA  90066

Tel: (310) 391-9971
Fax: (310) 391-8971
Web: www.StatModel.com
Support: Support@StatModel.com

Copyright (c) 1998-2022 Muthen & Muthen
