Mplus VERSION 8.8 (Mac)
MUTHEN & MUTHEN
07/27/2025   9:33 PM

INPUT INSTRUCTIONS


    TITLE: Parceling Unconstrained Product Indicator

    DATA:
      FILE = parcelupi_simdat_1330.dat;
      FORMAT IS FREE;

    VARIABLE:
      NAMES = x1 x2 x3
      	    m1 m2 m3 m4 m5 m6
      	    m7 m8 m9 m10 m11 m12
      	    y1 y2 y3
      	    p1 p2 p3
      	    x3p1 x2p2 x1p3;
      USEVARIABLES = x1 x2 x3
      	    m1 m2 m3 m4 m5 m6
      	    m7 m8 m9 m10 m11 m12
      	    y1 y2 y3
      	    x3p1 x2p2 x1p3;

    ANALYSIS:
      TYPE = general;
      ESTIMATOR = MLR;
    MODEL:
      !measurement model
      X BY x3 x2 x1;
      X (var_X);
      M BY m12 m11 m10 m9 m8 m7 m6 m5 m4 m3 m2 m1;
      M (var_M);
      Y BY y3 y2 y1;
      Y (resvar_Y);
      XM BY x3p1 x2p2 x1p3;
      XM (var_XM);

      !covariances between predictors
      X WITH M (cov_XM);
      X WITH XM (cov_XXM);
      M WITH XM (cov_MXM);

      !structural model
      Y ON X (b1);
      Y ON M (b2);
      Y ON XM (b3);

    MODEL CONSTRAINT:

      NEW(var_Y std_b1 std_b2 std_b3);
      var_Y = resvar_Y +
       (b1^2 * var_X +
        b2^2 * var_M +
        b3^2 * var_XM +
        2 * b1 * b2 * cov_XM +
        2 * b1 * b3 * cov_XXM +
        2 * b2 * b3 * cov_MXM);

        std_b1 = b1 * sqrt(var_X) / sqrt(var_Y);
        std_b2 = b2 * sqrt(var_M) / sqrt(var_Y);
        std_b3 = b3 * sqrt(var_X) * sqrt(var_M) / sqrt(var_Y);

    OUTPUT:
      sampstat tech1 CINTERVAL;

    SAVEDATA:
      RESULTS = parcelupi_results_1330.dat;




INPUT READING TERMINATED NORMALLY



Parceling Unconstrained Product Indicator

SUMMARY OF ANALYSIS

Number of groups                                                 1
Number of observations                                         100

Number of dependent variables                                   21
Number of independent variables                                  0
Number of continuous latent variables                            4

Observed dependent variables

  Continuous
   X1          X2          X3          M1          M2          M3
   M4          M5          M6          M7          M8          M9
   M10         M11         M12         Y1          Y2          Y3
   X3P1        X2P2        X1P3

Continuous latent variables
   X           M           Y           XM


Estimator                                                      MLR
Information matrix                                        OBSERVED
Maximum number of iterations                                  1000
Convergence criterion                                    0.500D-04
Maximum number of steepest descent iterations                   20

Input data file(s)
  parcelupi_simdat_1330.dat

Input data format  FREE


SAMPLE STATISTICS


     SAMPLE STATISTICS


           Means
              X1            X2            X3            M1            M2
              ________      ________      ________      ________      ________
                0.000         0.000         0.000         0.000         0.000


           Means
              M3            M4            M5            M6            M7
              ________      ________      ________      ________      ________
                0.000         0.000         0.000         0.000         0.000


           Means
              M8            M9            M10           M11           M12
              ________      ________      ________      ________      ________
                0.000         0.000         0.000         0.000         0.000


           Means
              Y1            Y2            Y3            X3P1          X2P2
              ________      ________      ________      ________      ________
                0.662         0.869         1.026         0.000         0.000


           Means
              X1P3
              ________
                0.000


           Covariances
              X1            X2            X3            M1            M2
              ________      ________      ________      ________      ________
 X1             0.246
 X2             0.038         0.247
 X3             0.052         0.113         0.248
 M1            -0.070        -0.052        -0.088         2.554
 M2             0.037        -0.044         0.094        -0.115         2.482
 M3             0.085         0.174         0.156        -0.113         0.052
 M4             0.010         0.061        -0.010         0.004        -0.135
 M5             0.098         0.033         0.038        -0.092         0.136
 M6            -0.010        -0.112        -0.018        -0.336         0.045
 M7             0.054        -0.143        -0.067         0.130         0.423
 M8             0.029         0.163         0.187         0.277         0.526
 M9             0.123         0.016        -0.036        -0.269         0.144
 M10            0.021         0.109         0.121         0.003         0.624
 M11            0.012         0.007         0.142        -0.008         0.004
 M12            0.021         0.059         0.211        -0.291         0.470
 Y1             0.011         0.068         0.085        -0.015        -0.114
 Y2             0.087         0.077         0.097        -0.135         0.073
 Y3             0.073         0.076         0.091        -0.170         0.019
 X3P1          -0.011         0.012        -0.002        -0.025        -0.121
 X2P2          -0.048         0.004         0.017         0.034         0.010
 X1P3          -0.005        -0.025        -0.009        -0.010         0.033


           Covariances
              M3            M4            M5            M6            M7
              ________      ________      ________      ________      ________
 M3             2.434
 M4            -0.093         2.502
 M5             0.524         0.285         2.587
 M6             0.237         0.284         0.168         2.474
 M7             0.035        -0.195         0.287         0.330         2.016
 M8             0.598         0.359         0.348         0.577         0.476
 M9             0.370         0.341         0.496         0.581         0.417
 M10            0.202         0.278         0.049         0.613         0.489
 M11            0.446         0.304         0.072         0.362         0.463
 M12            0.194         0.346         0.204         0.419         0.374
 Y1             0.217         0.178         0.296         0.234         0.188
 Y2             0.532         0.027         0.150         0.222         0.029
 Y3             0.375         0.133         0.506         0.366         0.048
 X3P1          -0.004        -0.068        -0.037        -0.026        -0.102
 X2P2          -0.064        -0.045        -0.008         0.049        -0.117
 X1P3          -0.048         0.037         0.138         0.004        -0.055


           Covariances
              M8            M9            M10           M11           M12
              ________      ________      ________      ________      ________
 M8             2.477
 M9             0.848         2.446
 M10            1.035         0.902         2.540
 M11            0.882         0.614         0.831         2.127
 M12            1.086         0.642         1.091         0.847         1.925
 Y1             0.244         0.058         0.348         0.149         0.238
 Y2             0.377         0.156         0.443         0.099         0.330
 Y3             0.441         0.328         0.542         0.418         0.458
 X3P1          -0.070        -0.041        -0.107        -0.056        -0.013
 X2P2           0.063        -0.027        -0.022         0.077         0.031
 X1P3           0.069         0.077        -0.045         0.002         0.034


           Covariances
              Y1            Y2            Y3            X3P1          X2P2
              ________      ________      ________      ________      ________
 Y1             0.723
 Y2             0.507         1.116
 Y3             0.426         0.672         1.270
 X3P1          -0.036        -0.004         0.005         0.173
 X2P2           0.060         0.049         0.048         0.033         0.213
 X1P3          -0.034        -0.021         0.015         0.000         0.029


           Covariances
              X1P3
              ________
 X1P3           0.207


           Correlations
              X1            X2            X3            M1            M2
              ________      ________      ________      ________      ________
 X1             1.000
 X2             0.154         1.000
 X3             0.211         0.455         1.000
 M1            -0.088        -0.065        -0.111         1.000
 M2             0.047        -0.056         0.120        -0.046         1.000
 M3             0.110         0.224         0.201        -0.045         0.021
 M4             0.013         0.077        -0.013         0.002        -0.054
 M5             0.123         0.041         0.047        -0.036         0.054
 M6            -0.012        -0.143        -0.023        -0.133         0.018
 M7             0.076        -0.202        -0.095         0.057         0.189
 M8             0.037         0.209         0.238         0.110         0.212
 M9             0.158         0.021        -0.046        -0.108         0.058
 M10            0.027         0.137         0.153         0.001         0.249
 M11            0.017         0.010         0.196        -0.003         0.002
 M12            0.030         0.085         0.306        -0.131         0.215
 Y1             0.027         0.162         0.201        -0.011        -0.085
 Y2             0.165         0.147         0.184        -0.080         0.044
 Y3             0.130         0.136         0.163        -0.095         0.011
 X3P1          -0.052         0.056        -0.009        -0.038        -0.184
 X2P2          -0.208         0.017         0.075         0.046         0.014
 X1P3          -0.020        -0.110        -0.042        -0.014         0.045


           Correlations
              M3            M4            M5            M6            M7
              ________      ________      ________      ________      ________
 M3             1.000
 M4            -0.038         1.000
 M5             0.209         0.112         1.000
 M6             0.097         0.114         0.066         1.000
 M7             0.016        -0.087         0.126         0.148         1.000
 M8             0.244         0.144         0.138         0.233         0.213
 M9             0.152         0.138         0.197         0.236         0.188
 M10            0.081         0.110         0.019         0.245         0.216
 M11            0.196         0.132         0.031         0.158         0.224
 M12            0.090         0.158         0.091         0.192         0.190
 Y1             0.164         0.132         0.216         0.175         0.156
 Y2             0.323         0.016         0.088         0.134         0.019
 Y3             0.214         0.075         0.279         0.206         0.030
 X3P1          -0.006        -0.104        -0.056        -0.039        -0.173
 X2P2          -0.089        -0.062        -0.011         0.068        -0.179
 X1P3          -0.067         0.051         0.188         0.006        -0.086


           Correlations
              M8            M9            M10           M11           M12
              ________      ________      ________      ________      ________
 M8             1.000
 M9             0.344         1.000
 M10            0.413         0.362         1.000
 M11            0.384         0.269         0.358         1.000
 M12            0.497         0.296         0.494         0.418         1.000
 Y1             0.182         0.044         0.257         0.120         0.202
 Y2             0.227         0.095         0.263         0.064         0.225
 Y3             0.249         0.186         0.302         0.255         0.293
 X3P1          -0.107        -0.063        -0.162        -0.092        -0.023
 X2P2           0.087        -0.038        -0.030         0.115         0.048
 X1P3           0.096         0.109        -0.062         0.003         0.054


           Correlations
              Y1            Y2            Y3            X3P1          X2P2
              ________      ________      ________      ________      ________
 Y1             1.000
 Y2             0.565         1.000
 Y3             0.444         0.565         1.000
 X3P1          -0.101        -0.010         0.010         1.000
 X2P2           0.152         0.100         0.093         0.174         1.000
 X1P3          -0.088        -0.043         0.029         0.000         0.140


           Correlations
              X1P3
              ________
 X1P3           1.000


UNIVARIATE SAMPLE STATISTICS


     UNIVARIATE HIGHER-ORDER MOMENT DESCRIPTIVE STATISTICS

         Variable/         Mean/     Skewness/   Minimum/ % with                Percentiles
        Sample Size      Variance    Kurtosis    Maximum  Min/Max      20%/60%    40%/80%    Median

     X1                    0.000      -0.242      -0.560   44.00%      -0.560     -0.560      0.440
             100.000       0.246      -1.942       0.440   56.00%       0.440      0.440
     X2                    0.000       0.201      -0.450   55.00%      -0.450     -0.450     -0.450
             100.000       0.247      -1.960       0.550   45.00%       0.550      0.550
     X3                    0.000      -0.201      -0.550   45.00%      -0.550     -0.550      0.450
             100.000       0.247      -1.960       0.450   55.00%       0.450      0.450
     M1                    0.000      -0.174      -2.160   26.00%      -2.160     -0.160     -0.160
             100.000       2.554      -1.528       1.840   32.00%       0.840      1.840
     M2                    0.000       0.268      -1.720   35.00%      -1.720     -0.720     -0.220
             100.000       2.482      -1.474       2.280   22.00%       0.280      2.280
     M3                    0.000      -0.070      -2.080   25.00%      -2.080     -0.080     -0.080
             100.000       2.434      -1.495       1.920   29.00%       0.920      1.920
     M4                    0.000       0.118      -1.910   29.00%      -1.910     -0.910      0.090
             100.000       2.502      -1.518       2.090   27.00%       0.090      2.090
     M5                    0.000       0.052      -1.950   30.00%      -1.950     -0.950      0.050
             100.000       2.587      -1.573       2.050   28.00%       1.050      2.050
     M6                    0.000      -0.157      -2.160   24.00%      -2.160     -0.160     -0.160
             100.000       2.474      -1.512       1.840   31.00%       0.840      1.840
     M7                    0.000      -0.020      -1.940   23.00%      -1.940     -0.940      0.060
             100.000       2.016      -1.337       2.060   17.00%       1.060      1.060
     M8                    0.000       0.229      -1.770   33.00%      -1.770     -0.770      0.230
             100.000       2.477      -1.487       2.230   23.00%       0.230      2.230
     M9                    0.000      -0.105      -2.120   24.00%      -2.120     -0.120     -0.120
             100.000       2.446      -1.508       1.880   30.00%       0.880      1.880
     M10                   0.000       0.003      -1.980   29.00%      -1.980     -0.980      0.020
             100.000       2.540      -1.565       2.020   27.00%       1.020      2.020
     M11                   0.000       0.010      -2.050   20.00%      -2.050     -0.050     -0.050
             100.000       2.127      -1.345       1.950   25.00%      -0.050      1.950
     M12                   0.000      -0.035      -2.070   19.00%      -1.070     -0.070     -0.070
             100.000       1.925      -1.127       1.930   23.00%      -0.070      1.930
     Y1                    0.662       0.199      -1.164    1.00%      -0.105      0.433      0.610
             100.000       0.723      -0.336       2.850    1.00%       0.850      1.460
     Y2                    0.869      -0.053      -1.718    1.00%      -0.113      0.546      0.863
             100.000       1.116      -0.388       3.376    1.00%       1.158      1.701
     Y3                    1.026       0.366      -1.154    1.00%       0.138      0.667      0.862
             100.000       1.270      -0.168       4.036    1.00%       1.184      1.900
     X3P1                  0.000      -0.028      -1.083    1.00%      -0.396     -0.121     -0.016
             100.000       0.173      -0.397       0.852    1.00%       0.154      0.291
     X2P2                  0.000      -0.330      -1.070    4.00%      -0.435     -0.097      0.030
             100.000       0.213      -0.357       1.130    1.00%       0.128      0.443
     X1P3                  0.000      -0.176      -1.135    1.00%      -0.385     -0.155     -0.015
             100.000       0.207      -0.608       0.825    4.00%       0.125      0.495


     THIS ANALYSIS MAY HAVE MULTIPLE SOLUTIONS.  EXPLORE THIS USING RANDOM STARTS,
     FOR EXAMPLE, STARTS = 20.  USE A LARGE ENOUGH NUMBER OF STARTS SO THAT THE
     BEST FIT FUNCTION VALUE IS REPLICATED SEVERAL TIMES.


     NO CONVERGENCE.  NUMBER OF ITERATIONS EXCEEDED.



MODEL RESULTS

                    Estimate

 X        BY
    X3                 1.000
    X2                 0.663
    X1                 0.316

 M        BY
    M12                1.000
    M11                0.807
    M10                1.068
    M9                 0.762
    M8                 1.099
    M7                 0.432
    M6                 0.531
    M5                 0.300
    M4                 0.306
    M3                 0.415
    M2                 0.399
    M1                -0.094

 Y        BY
    Y3                 1.000
    Y2                 1.071
    Y1                 0.739

 XM       BY
    X3P1               1.000
    X2P2             765.724
    X1P3               0.914

 Y        ON
    X                  0.353
    M                  0.318
    XM                 1.384

 X        WITH
    M                  0.135
    XM                 0.000

 M        WITH
    XM                 0.000

 Intercepts
    X1                 0.000
    X2                 0.000
    X3                 0.000
    M1                 0.000
    M2                 0.000
    M3                 0.000
    M4                 0.000
    M5                 0.000
    M6                 0.000
    M7                 0.000
    M8                 0.000
    M9                 0.000
    M10                0.000
    M11                0.000
    M12                0.000
    Y1                 0.662
    Y2                 0.869
    Y3                 1.026
    X3P1               0.000
    X2P2               0.000
    X1P3               0.000

 Variances
    X                  0.169
    M                  0.977
    XM                 0.000

 Residual Variances
    X1                 0.230
    X2                 0.173
    X3                 0.078
    M1                 2.546
    M2                 2.326
    M3                 2.265
    M4                 2.411
    M5                 2.500
    M6                 2.199
    M7                 1.834
    M8                 1.296
    M9                 1.878
    M10                1.425
    M11                1.491
    M12                0.948
    Y1                 0.383
    Y2                 0.402
    Y3                 0.648
    X3P1               0.173
    X2P2             -25.873
    X1P3               0.207
    Y                  0.471

New/Additional Parameters
    VAR_Y              0.622
    STD_B1             0.184
    STD_B2             0.399
    STD_B3             0.714


MODEL COMMAND WITH FINAL ESTIMATES USED AS STARTING VALUES

     x BY x3@1;
     x BY x2*0.66324;
     x BY x1*0.31601;
     m BY m12@1;
     m BY m11*0.80684;
     m BY m10*1.06780;
     m BY m9*0.76203;
     m BY m8*1.09921;
     m BY m7*0.43237;
     m BY m6*0.53125;
     m BY m5*0.29988;
     m BY m4*0.30575;
     m BY m3*0.41492;
     m BY m2*0.39882;
     m BY m1*-0.09411;
     y BY y3@1;
     y BY y2*1.07136;
     y BY y1*0.73870;
     xm BY x3p1@1;
     xm BY x2p2*765.72437;
     xm BY x1p3*0.91366;

     y ON x*0.35279 (b1);
     y ON m*0.31838 (b2);
     y ON xm*1.38448 (b3);

     x WITH m*0.13517 (cov_xm);
     x WITH xm*0.00002 (cov_xxm);
     m WITH xm*0.00003 (cov_mxm);

     [ x1*0.00000 ];
     [ x2*0.00000 ];
     [ x3*0.00000 ];
     [ m1*0.00000 ];
     [ m2*0.00000 ];
     [ m3*0.00000 ];
     [ m4*0.00000 ];
     [ m5*0.00000 ];
     [ m6*0.00000 ];
     [ m7*0.00000 ];
     [ m8*0.00000 ];
     [ m9*0.00000 ];
     [ m10*0.00000 ];
     [ m11*0.00000 ];
     [ m12*0.00000 ];
     [ y1*0.66172 ];
     [ y2*0.86859 ];
     [ y3*1.02592 ];
     [ x3p1*0.00000 ];
     [ x2p2*0.00000 ];
     [ x1p3*0.00000 ];

     x1*0.22950;
     x2*0.17306;
     x3*0.07827;
     m1*2.54574;
     m2*2.32613;
     m3*2.26532;
     m4*2.41053;
     m5*2.49960;
     m6*2.19854;
     m7*1.83367;
     m8*1.29608;
     m9*1.87800;
     m10*1.42510;
     m11*1.49118;
     m12*0.94764;
     y1*0.38312;
     y2*0.40167;
     y3*0.64782;
     x3p1*0.17302;
     x2p2*-25.87258;
     x1p3*0.20730;
     x*0.16923 (var_x);
     m*0.97746 (var_m);
     y*0.47135 (resvar_y);
     xm*0.00004 (var_xm);

     ! NEW statements in MODEL CONSTRAINT
     NEW(var_y*0.62199);
     NEW(std_b1*0.18402);
     NEW(std_b2*0.39912);
     NEW(std_b3*0.71398);




TECHNICAL 1 OUTPUT


     PARAMETER SPECIFICATION


           NU
              X1            X2            X3            M1            M2
              ________      ________      ________      ________      ________
                  1             2             3             4             5


           NU
              M3            M4            M5            M6            M7
              ________      ________      ________      ________      ________
                  6             7             8             9            10


           NU
              M8            M9            M10           M11           M12
              ________      ________      ________      ________      ________
                 11            12            13            14            15


           NU
              Y1            Y2            Y3            X3P1          X2P2
              ________      ________      ________      ________      ________
                 16            17            18            19            20


           NU
              X1P3
              ________
                 21


           LAMBDA
              X             M             Y             XM
              ________      ________      ________      ________
 X1                22             0             0             0
 X2                23             0             0             0
 X3                 0             0             0             0
 M1                 0            24             0             0
 M2                 0            25             0             0
 M3                 0            26             0             0
 M4                 0            27             0             0
 M5                 0            28             0             0
 M6                 0            29             0             0
 M7                 0            30             0             0
 M8                 0            31             0             0
 M9                 0            32             0             0
 M10                0            33             0             0
 M11                0            34             0             0
 M12                0             0             0             0
 Y1                 0             0            35             0
 Y2                 0             0            36             0
 Y3                 0             0             0             0
 X3P1               0             0             0             0
 X2P2               0             0             0            37
 X1P3               0             0             0            38


           THETA
              X1            X2            X3            M1            M2
              ________      ________      ________      ________      ________
 X1                39
 X2                 0            40
 X3                 0             0            41
 M1                 0             0             0            42
 M2                 0             0             0             0            43
 M3                 0             0             0             0             0
 M4                 0             0             0             0             0
 M5                 0             0             0             0             0
 M6                 0             0             0             0             0
 M7                 0             0             0             0             0
 M8                 0             0             0             0             0
 M9                 0             0             0             0             0
 M10                0             0             0             0             0
 M11                0             0             0             0             0
 M12                0             0             0             0             0
 Y1                 0             0             0             0             0
 Y2                 0             0             0             0             0
 Y3                 0             0             0             0             0
 X3P1               0             0             0             0             0
 X2P2               0             0             0             0             0
 X1P3               0             0             0             0             0


           THETA
              M3            M4            M5            M6            M7
              ________      ________      ________      ________      ________
 M3                44
 M4                 0            45
 M5                 0             0            46
 M6                 0             0             0            47
 M7                 0             0             0             0            48
 M8                 0             0             0             0             0
 M9                 0             0             0             0             0
 M10                0             0             0             0             0
 M11                0             0             0             0             0
 M12                0             0             0             0             0
 Y1                 0             0             0             0             0
 Y2                 0             0             0             0             0
 Y3                 0             0             0             0             0
 X3P1               0             0             0             0             0
 X2P2               0             0             0             0             0
 X1P3               0             0             0             0             0


           THETA
              M8            M9            M10           M11           M12
              ________      ________      ________      ________      ________
 M8                49
 M9                 0            50
 M10                0             0            51
 M11                0             0             0            52
 M12                0             0             0             0            53
 Y1                 0             0             0             0             0
 Y2                 0             0             0             0             0
 Y3                 0             0             0             0             0
 X3P1               0             0             0             0             0
 X2P2               0             0             0             0             0
 X1P3               0             0             0             0             0


           THETA
              Y1            Y2            Y3            X3P1          X2P2
              ________      ________      ________      ________      ________
 Y1                54
 Y2                 0            55
 Y3                 0             0            56
 X3P1               0             0             0            57
 X2P2               0             0             0             0            58
 X1P3               0             0             0             0             0


           THETA
              X1P3
              ________
 X1P3              59


           ALPHA
              X             M             Y             XM
              ________      ________      ________      ________
                  0             0             0             0


           BETA
              X             M             Y             XM
              ________      ________      ________      ________
 X                  0             0             0             0
 M                  0             0             0             0
 Y                 60            61             0            62
 XM                 0             0             0             0


           PSI
              X             M             Y             XM
              ________      ________      ________      ________
 X                 63
 M                 64            65
 Y                  0             0            66
 XM                67            68             0            69


     PARAMETER SPECIFICATION FOR THE ADDITIONAL PARAMETERS


           New/Additional Parameters
              VAR_Y         STD_B1        STD_B2        STD_B3
              ________      ________      ________      ________
                   70            71            72            73


     STARTING VALUES


           NU
              X1            X2            X3            M1            M2
              ________      ________      ________      ________      ________
                0.000         0.000         0.000         0.000         0.000


           NU
              M3            M4            M5            M6            M7
              ________      ________      ________      ________      ________
                0.000         0.000         0.000         0.000         0.000


           NU
              M8            M9            M10           M11           M12
              ________      ________      ________      ________      ________
                0.000         0.000         0.000         0.000         0.000


           NU
              Y1            Y2            Y3            X3P1          X2P2
              ________      ________      ________      ________      ________
                0.662         0.869         1.026         0.000         0.000


           NU
              X1P3
              ________
                0.000


           LAMBDA
              X             M             Y             XM
              ________      ________      ________      ________
 X1             0.338         0.000         0.000         0.000
 X2             0.731         0.000         0.000         0.000
 X3             1.000         0.000         0.000         0.000
 M1             0.000         1.000         0.000         0.000
 M2             0.000         1.000         0.000         0.000
 M3             0.000         1.000         0.000         0.000
 M4             0.000         1.000         0.000         0.000
 M5             0.000         1.000         0.000         0.000
 M6             0.000         1.000         0.000         0.000
 M7             0.000         1.000         0.000         0.000
 M8             0.000         1.000         0.000         0.000
 M9             0.000         1.000         0.000         0.000
 M10            0.000         1.000         0.000         0.000
 M11            0.000         1.000         0.000         0.000
 M12            0.000         1.000         0.000         0.000
 Y1             0.000         0.000         0.754         0.000
 Y2             0.000         0.000         1.192         0.000
 Y3             0.000         0.000         1.000         0.000
 X3P1           0.000         0.000         0.000         1.000
 X2P2           0.000         0.000         0.000       591.823
 X1P3           0.000         0.000         0.000         0.884


           THETA
              X1            X2            X3            M1            M2
              ________      ________      ________      ________      ________
 X1             0.123
 X2             0.000         0.124
 X3             0.000         0.000         0.124
 M1             0.000         0.000         0.000         1.277
 M2             0.000         0.000         0.000         0.000         1.241
 M3             0.000         0.000         0.000         0.000         0.000
 M4             0.000         0.000         0.000         0.000         0.000
 M5             0.000         0.000         0.000         0.000         0.000
 M6             0.000         0.000         0.000         0.000         0.000
 M7             0.000         0.000         0.000         0.000         0.000
 M8             0.000         0.000         0.000         0.000         0.000
 M9             0.000         0.000         0.000         0.000         0.000
 M10            0.000         0.000         0.000         0.000         0.000
 M11            0.000         0.000         0.000         0.000         0.000
 M12            0.000         0.000         0.000         0.000         0.000
 Y1             0.000         0.000         0.000         0.000         0.000
 Y2             0.000         0.000         0.000         0.000         0.000
 Y3             0.000         0.000         0.000         0.000         0.000
 X3P1           0.000         0.000         0.000         0.000         0.000
 X2P2           0.000         0.000         0.000         0.000         0.000
 X1P3           0.000         0.000         0.000         0.000         0.000


           THETA
              M3            M4            M5            M6            M7
              ________      ________      ________      ________      ________
 M3             1.217
 M4             0.000         1.251
 M5             0.000         0.000         1.294
 M6             0.000         0.000         0.000         1.237
 M7             0.000         0.000         0.000         0.000         1.008
 M8             0.000         0.000         0.000         0.000         0.000
 M9             0.000         0.000         0.000         0.000         0.000
 M10            0.000         0.000         0.000         0.000         0.000
 M11            0.000         0.000         0.000         0.000         0.000
 M12            0.000         0.000         0.000         0.000         0.000
 Y1             0.000         0.000         0.000         0.000         0.000
 Y2             0.000         0.000         0.000         0.000         0.000
 Y3             0.000         0.000         0.000         0.000         0.000
 X3P1           0.000         0.000         0.000         0.000         0.000
 X2P2           0.000         0.000         0.000         0.000         0.000
 X1P3           0.000         0.000         0.000         0.000         0.000


           THETA
              M8            M9            M10           M11           M12
              ________      ________      ________      ________      ________
 M8             1.239
 M9             0.000         1.223
 M10            0.000         0.000         1.270
 M11            0.000         0.000         0.000         1.064
 M12            0.000         0.000         0.000         0.000         0.963
 Y1             0.000         0.000         0.000         0.000         0.000
 Y2             0.000         0.000         0.000         0.000         0.000
 Y3             0.000         0.000         0.000         0.000         0.000
 X3P1           0.000         0.000         0.000         0.000         0.000
 X2P2           0.000         0.000         0.000         0.000         0.000
 X1P3           0.000         0.000         0.000         0.000         0.000


           THETA
              Y1            Y2            Y3            X3P1          X2P2
              ________      ________      ________      ________      ________
 Y1             0.361
 Y2             0.000         0.558
 Y3             0.000         0.000         0.635
 X3P1           0.000         0.000         0.000         0.087
 X2P2           0.000         0.000         0.000         0.000         0.106
 X1P3           0.000         0.000         0.000         0.000         0.000


           THETA
              X1P3
              ________
 X1P3           0.104


           ALPHA
              X             M             Y             XM
              ________      ________      ________      ________
                0.000         0.000         0.000         0.000


           BETA
              X             M             Y             XM
              ________      ________      ________      ________
 X              0.000         0.000         0.000         0.000
 M              0.000         0.000         0.000         0.000
 Y              0.000         0.000         0.000         0.000
 XM             0.000         0.000         0.000         0.000


           PSI
              X             M             Y             XM
              ________      ________      ________      ________
 X              0.050
 M              0.000         0.050
 Y              0.000         0.000         0.050
 XM             0.000         0.000         0.000         0.050


     STARTING VALUES FOR THE ADDITIONAL PARAMETERS


           New/Additional Parameters
              VAR_Y         STD_B1        STD_B2        STD_B3
              ________      ________      ________      ________
                0.500         0.500         0.500         0.500


RESULTS SAVING INFORMATION

    Model estimation did not terminate normally.  No results were saved.

     Beginning Time:  21:33:09
        Ending Time:  21:33:13
       Elapsed Time:  00:00:04



MUTHEN & MUTHEN
3463 Stoner Ave.
Los Angeles, CA  90066

Tel: (310) 391-9971
Fax: (310) 391-8971
Web: www.StatModel.com
Support: Support@StatModel.com

Copyright (c) 1998-2022 Muthen & Muthen
