Mplus VERSION 8.8 (Mac)
MUTHEN & MUTHEN
07/27/2025   5:45 PM

INPUT INSTRUCTIONS


    TITLE: Parceling Unconstrained Product Indicator

    DATA:
      FILE = parcelupi_simdat_1374.dat;
      FORMAT IS FREE;

    VARIABLE:
      NAMES = x1 x2 x3
      	    m1 m2 m3 m4 m5 m6
      	    m7 m8 m9 m10 m11 m12
      	    y1 y2 y3
      	    p1 p2 p3
      	    x3p1 x2p2 x1p3;
      USEVARIABLES = x1 x2 x3
      	    m1 m2 m3 m4 m5 m6
      	    m7 m8 m9 m10 m11 m12
      	    y1 y2 y3
      	    x3p1 x2p2 x1p3;

    ANALYSIS:
      TYPE = general;
      ESTIMATOR = MLR;
    MODEL:
      !measurement model
      X BY x3 x2 x1;
      X (var_X);
      M BY m12 m11 m10 m9 m8 m7 m6 m5 m4 m3 m2 m1;
      M (var_M);
      Y BY y3 y2 y1;
      Y (resvar_Y);
      XM BY x3p1 x2p2 x1p3;
      XM (var_XM);

      !covariances between predictors
      X WITH M (cov_XM);
      X WITH XM (cov_XXM);
      M WITH XM (cov_MXM);

      !structural model
      Y ON X (b1);
      Y ON M (b2);
      Y ON XM (b3);

    MODEL CONSTRAINT:

      NEW(var_Y std_b1 std_b2 std_b3);
      var_Y = resvar_Y +
       (b1^2 * var_X +
        b2^2 * var_M +
        b3^2 * var_XM +
        2 * b1 * b2 * cov_XM +
        2 * b1 * b3 * cov_XXM +
        2 * b2 * b3 * cov_MXM);

        std_b1 = b1 * sqrt(var_X) / sqrt(var_Y);
        std_b2 = b2 * sqrt(var_M) / sqrt(var_Y);
        std_b3 = b3 * sqrt(var_X) * sqrt(var_M) / sqrt(var_Y);

    OUTPUT:
      sampstat tech1 CINTERVAL;

    SAVEDATA:
      RESULTS = parcelupi_results_1374.dat;




INPUT READING TERMINATED NORMALLY



Parceling Unconstrained Product Indicator

SUMMARY OF ANALYSIS

Number of groups                                                 1
Number of observations                                         100

Number of dependent variables                                   21
Number of independent variables                                  0
Number of continuous latent variables                            4

Observed dependent variables

  Continuous
   X1          X2          X3          M1          M2          M3
   M4          M5          M6          M7          M8          M9
   M10         M11         M12         Y1          Y2          Y3
   X3P1        X2P2        X1P3

Continuous latent variables
   X           M           Y           XM


Estimator                                                      MLR
Information matrix                                        OBSERVED
Maximum number of iterations                                  1000
Convergence criterion                                    0.500D-04
Maximum number of steepest descent iterations                   20

Input data file(s)
  parcelupi_simdat_1374.dat

Input data format  FREE


SAMPLE STATISTICS


     SAMPLE STATISTICS


           Means
              X1            X2            X3            M1            M2
              ________      ________      ________      ________      ________
                0.000         0.000         0.000         0.000         0.000


           Means
              M3            M4            M5            M6            M7
              ________      ________      ________      ________      ________
                0.000         0.000         0.000         0.000         0.000


           Means
              M8            M9            M10           M11           M12
              ________      ________      ________      ________      ________
                0.000         0.000         0.000         0.000         0.000


           Means
              Y1            Y2            Y3            X3P1          X2P2
              ________      ________      ________      ________      ________
                0.664         0.846         1.050         0.000         0.000


           Means
              X1P3
              ________
                0.000


           Covariances
              X1            X2            X3            M1            M2
              ________      ________      ________      ________      ________
 X1             0.250
 X2             0.050         0.250
 X3             0.025         0.105         0.250
 M1             0.074         0.055         0.126         2.288
 M2            -0.062        -0.060        -0.149        -0.144         2.594
 M3            -0.010        -0.015         0.183         0.371        -0.172
 M4             0.134        -0.015        -0.054         0.188        -0.174
 M5             0.091        -0.040         0.029         0.123         0.575
 M6            -0.029         0.040        -0.031        -0.097         0.255
 M7             0.029         0.255         0.173         0.291         0.017
 M8             0.109         0.050         0.141         0.467         0.085
 M9            -0.048         0.110         0.079         0.444         0.376
 M10            0.016         0.065         0.035        -0.078         0.312
 M11            0.099         0.200         0.131         0.007         0.345
 M12            0.182         0.100         0.119         0.284         0.166
 Y1             0.008         0.105         0.054         0.103         0.055
 Y2             0.000         0.094         0.063         0.185        -0.124
 Y3             0.050         0.153         0.055         0.049         0.049
 X3P1           0.008        -0.018        -0.001         0.053        -0.053
 X2P2           0.010         0.000        -0.003        -0.011        -0.023
 X1P3           0.000         0.009         0.030         0.023         0.001


           Covariances
              M3            M4            M5            M6            M7
              ________      ________      ________      ________      ________
 M3             2.517
 M4            -0.178         2.507
 M5             0.086         0.643         2.756
 M6             0.186         0.473         0.146         1.956
 M7            -0.028         0.481         0.157         0.367         2.326
 M8             0.514         0.207         0.484         0.334         0.463
 M9             0.282         0.314         0.225        -0.045         0.173
 M10            0.383         0.711         0.318         0.478         0.704
 M11            0.224         0.627         0.474         0.254         0.493
 M12            0.202         0.704         0.435         0.375         0.793
 Y1             0.057        -0.116        -0.085         0.094         0.312
 Y2             0.264        -0.013         0.200         0.044         0.071
 Y3             0.311         0.092         0.124        -0.035         0.200
 X3P1           0.016        -0.039         0.036        -0.092        -0.132
 X2P2          -0.099         0.068         0.011         0.037        -0.001
 X1P3          -0.111        -0.068        -0.126        -0.081        -0.027


           Covariances
              M8            M9            M10           M11           M12
              ________      ________      ________      ________      ________
 M8             2.736
 M9             0.655         2.074
 M10            0.622         0.418         2.289
 M11            0.586         0.685         0.862         2.336
 M12            0.825         0.664         1.028         0.785         2.154
 Y1             0.132         0.271         0.281        -0.137         0.211
 Y2             0.216         0.307         0.400         0.054         0.180
 Y3             0.085         0.112         0.489         0.023         0.254
 X3P1          -0.077         0.025        -0.140        -0.011        -0.110
 X2P2           0.044        -0.095        -0.050         0.046         0.106
 X1P3          -0.050         0.097        -0.044        -0.009        -0.049


           Covariances
              Y1            Y2            Y3            X3P1          X2P2
              ________      ________      ________      ________      ________
 Y1             0.662
 Y2             0.405         0.971
 Y3             0.487         0.524         1.344
 X3P1          -0.068        -0.048        -0.062         0.218
 X2P2          -0.102        -0.109        -0.087         0.071         0.241
 X1P3           0.051         0.028        -0.024         0.004        -0.010


           Covariances
              X1P3
              ________
 X1P3           0.204


           Correlations
              X1            X2            X3            M1            M2
              ________      ________      ________      ________      ________
 X1             1.000
 X2             0.200         1.000
 X3             0.101         0.420         1.000
 M1             0.098         0.073         0.166         1.000
 M2            -0.077        -0.075        -0.185        -0.059         1.000
 M3            -0.013        -0.019         0.230         0.155        -0.067
 M4             0.169        -0.019        -0.069         0.078        -0.068
 M5             0.110        -0.048         0.035         0.049         0.215
 M6            -0.041         0.057        -0.044        -0.046         0.113
 M7             0.038         0.334         0.227         0.126         0.007
 M8             0.132         0.060         0.170         0.187         0.032
 M9            -0.067         0.153         0.110         0.204         0.162
 M10            0.021         0.086         0.046        -0.034         0.128
 M11            0.129         0.262         0.171         0.003         0.140
 M12            0.248         0.136         0.162         0.128         0.070
 Y1             0.020         0.258         0.133         0.084         0.042
 Y2             0.001         0.191         0.127         0.124        -0.078
 Y3             0.086         0.264         0.095         0.028         0.026
 X3P1           0.033        -0.079        -0.006         0.076        -0.070
 X2P2           0.041         0.000        -0.012        -0.015        -0.029
 X1P3           0.000         0.042         0.134         0.033         0.002


           Correlations
              M3            M4            M5            M6            M7
              ________      ________      ________      ________      ________
 M3             1.000
 M4            -0.071         1.000
 M5             0.033         0.245         1.000
 M6             0.084         0.214         0.063         1.000
 M7            -0.012         0.199         0.062         0.172         1.000
 M8             0.196         0.079         0.176         0.144         0.183
 M9             0.123         0.138         0.094        -0.022         0.079
 M10            0.160         0.297         0.127         0.226         0.305
 M11            0.092         0.259         0.187         0.119         0.211
 M12            0.087         0.303         0.179         0.183         0.354
 Y1             0.044        -0.090        -0.063         0.082         0.251
 Y2             0.169        -0.009         0.122         0.032         0.047
 Y3             0.169         0.050         0.064        -0.022         0.113
 X3P1           0.022        -0.053         0.046        -0.140        -0.186
 X2P2          -0.127         0.087         0.014         0.053        -0.002
 X1P3          -0.154        -0.095        -0.168        -0.128        -0.039


           Correlations
              M8            M9            M10           M11           M12
              ________      ________      ________      ________      ________
 M8             1.000
 M9             0.275         1.000
 M10            0.248         0.192         1.000
 M11            0.232         0.311         0.373         1.000
 M12            0.340         0.314         0.463         0.350         1.000
 Y1             0.098         0.231         0.228        -0.110         0.177
 Y2             0.132         0.217         0.268         0.036         0.125
 Y3             0.044         0.067         0.279         0.013         0.149
 X3P1          -0.100         0.037        -0.199        -0.015        -0.161
 X2P2           0.054        -0.135        -0.067         0.061         0.146
 X1P3          -0.067         0.149        -0.064        -0.013        -0.075


           Correlations
              Y1            Y2            Y3            X3P1          X2P2
              ________      ________      ________      ________      ________
 Y1             1.000
 Y2             0.505         1.000
 Y3             0.516         0.459         1.000
 X3P1          -0.179        -0.105        -0.114         1.000
 X2P2          -0.256        -0.226        -0.153         0.308         1.000
 X1P3           0.138         0.063        -0.045         0.020        -0.045


           Correlations
              X1P3
              ________
 X1P3           1.000


UNIVARIATE SAMPLE STATISTICS


     UNIVARIATE HIGHER-ORDER MOMENT DESCRIPTIVE STATISTICS

         Variable/         Mean/     Skewness/   Minimum/ % with                Percentiles
        Sample Size      Variance    Kurtosis    Maximum  Min/Max      20%/60%    40%/80%    Median

     X1                    0.000       0.080      -0.480   52.00%      -0.480     -0.480     -0.480
             100.000       0.250      -1.994       0.520   48.00%       0.520      0.520
     X2                    0.000       0.000      -0.500   50.00%      -0.500     -0.500      0.000
             100.000       0.250      -2.000       0.500   50.00%       0.500      0.500
     X3                    0.000      -0.040      -0.510   49.00%      -0.510     -0.510      0.490
             100.000       0.250      -1.998       0.490   51.00%       0.490      0.490
     M1                    0.000       0.102      -1.950   24.00%      -1.950     -0.950      0.050
             100.000       2.287      -1.432       2.050   25.00%       0.050      2.050
     M2                    0.000       0.173      -1.920   27.00%      -1.920     -0.920     -0.420
             100.000       2.594      -1.577       2.080   30.00%       0.080      2.080
     M3                    0.000      -0.185      -2.230   22.00%      -2.230     -0.230     -0.230
             100.000       2.517      -1.534       1.770   35.00%       0.770      1.770
     M4                    0.000       0.082      -1.950   28.00%      -1.950     -0.950      0.050
             100.000       2.507      -1.528       2.050   28.00%       0.050      2.050
     M5                    0.000      -0.056      -2.060   30.00%      -2.060     -1.060     -0.060
             100.000       2.756      -1.641       1.940   33.00%       0.940      1.940
     M6                    0.000      -0.129      -2.060   20.00%      -2.060     -0.060     -0.060
             100.000       1.956      -1.254       1.940   19.00%       0.940      0.940
     M7                    0.000      -0.255      -2.210   23.00%      -2.210     -0.210     -0.210
             100.000       2.326      -1.382       1.790   29.00%       0.790      1.790
     M8                    0.000       0.003      -1.940   35.00%      -1.940     -0.940      0.060
             100.000       2.736      -1.632       2.060   28.00%       1.060      2.060
     M9                    0.000      -0.080      -2.080   20.00%      -2.080     -0.080     -0.080
             100.000       2.074      -1.317       1.920   23.00%       0.920      1.920
     M10                   0.000      -0.051      -2.030   25.00%      -2.030     -0.030     -0.030
             100.000       2.289      -1.416       1.970   25.00%       0.970      1.970
     M11                   0.000       0.000      -1.940   28.00%      -1.940     -0.940      0.060
             100.000       2.336      -1.481       2.060   22.00%       1.060      2.060
     M12                   0.000      -0.062      -2.080   21.00%      -2.080     -0.080     -0.080
             100.000       2.154      -1.348       1.920   25.00%       0.920      1.920
     Y1                    0.664       0.315      -1.357    1.00%      -0.033      0.429      0.609
             100.000       0.662       0.155       2.807    1.00%       0.828      1.271
     Y2                    0.846      -0.163      -2.010    1.00%       0.108      0.691      0.920
             100.000       0.971       0.315       3.364    1.00%       1.072      1.516
     Y3                    1.050       0.200      -1.332    1.00%       0.105      0.714      0.976
             100.000       1.344      -0.351       4.035    1.00%       1.283      2.006
     X3P1                  0.000      -0.303      -1.080    1.00%      -0.442     -0.075      0.048
             100.000       0.218      -0.626       0.833    2.00%       0.170      0.450
     X2P2                  0.000      -0.140      -1.055    1.00%      -0.430     -0.055     -0.020
             100.000       0.241      -0.576       0.980    2.00%       0.105      0.445
     X1P3                  0.000      -0.079      -0.980    2.00%      -0.460     -0.178      0.060
             100.000       0.204      -0.760       0.902    2.00%       0.182      0.422


     THIS ANALYSIS MAY HAVE MULTIPLE SOLUTIONS.  EXPLORE THIS USING RANDOM STARTS,
     FOR EXAMPLE, STARTS = 20.  USE A LARGE ENOUGH NUMBER OF STARTS SO THAT THE
     BEST FIT FUNCTION VALUE IS REPLICATED SEVERAL TIMES.


THE MODEL ESTIMATION TERMINATED NORMALLY

     THE STANDARD ERRORS OF THE MODEL PARAMETER ESTIMATES MAY NOT BE
     TRUSTWORTHY FOR SOME PARAMETERS DUE TO A NON-POSITIVE DEFINITE
     FIRST-ORDER DERIVATIVE PRODUCT MATRIX.  THIS MAY BE DUE TO THE STARTING
     VALUES BUT MAY ALSO BE AN INDICATION OF MODEL NONIDENTIFICATION.  THE
     CONDITION NUMBER IS      -0.452D-17.  PROBLEM INVOLVING THE FOLLOWING PARAMETER:
     Parameter 40, X2

     THIS IS MOST LIKELY DUE TO VARIABLE X1 BEING DICHOTOMOUS BUT
     DECLARED AS CONTINUOUS.




MODEL FIT INFORMATION

Number of Free Parameters                       69

Loglikelihood

          H0 Value                       -2930.483
          H0 Scaling Correction Factor      0.8984
            for MLR
          H1 Value                       -2830.468
          H1 Scaling Correction Factor      0.9614
            for MLR

Information Criteria

          Akaike (AIC)                    5998.967
          Bayesian (BIC)                  6178.723
          Sample-Size Adjusted BIC        5960.804
            (n* = (n + 2) / 24)

Chi-Square Test of Model Fit

          Value                            203.039*
          Degrees of Freedom                   183
          P-Value                           0.1478
          Scaling Correction Factor         0.9852
            for MLR

*   The chi-square value for MLM, MLMV, MLR, ULSMV, WLSM and WLSMV cannot be used
    for chi-square difference testing in the regular way.  MLM, MLR and WLSM
    chi-square difference testing is described on the Mplus website.  MLMV, WLSMV,
    and ULSMV difference testing is done using the DIFFTEST option.

RMSEA (Root Mean Square Error Of Approximation)

          Estimate                           0.033
          90 Percent C.I.                    0.000  0.057
          Probability RMSEA <= .05           0.866

CFI/TLI

          CFI                                0.913
          TLI                                0.901

Chi-Square Test of Model Fit for the Baseline Model

          Value                            441.350
          Degrees of Freedom                   210
          P-Value                           0.0000

SRMR (Standardized Root Mean Square Residual)

          Value                              0.077



MODEL RESULTS

                                                    Two-Tailed
                    Estimate       S.E.  Est./S.E.    P-Value

 X        BY
    X3                 1.000      0.000    999.000    999.000
    X2                 1.636      0.625      2.616      0.009
    X1                 0.478      0.245      1.953      0.051

 M        BY
    M12                1.000      0.000    999.000    999.000
    M11                0.774      0.190      4.066      0.000
    M10                0.910      0.184      4.938      0.000
    M9                 0.566      0.170      3.333      0.001
    M8                 0.709      0.172      4.120      0.000
    M7                 0.664      0.194      3.426      0.001
    M6                 0.370      0.153      2.414      0.016
    M5                 0.423      0.186      2.268      0.023
    M4                 0.603      0.181      3.337      0.001
    M3                 0.256      0.196      1.303      0.193
    M2                 0.205      0.183      1.119      0.263
    M1                 0.228      0.178      1.277      0.202

 Y        BY
    Y3                 1.000      0.000    999.000    999.000
    Y2                 0.843      0.176      4.784      0.000
    Y1                 0.792      0.172      4.610      0.000

 XM       BY
    X3P1               1.000      0.000    999.000    999.000
    X2P2               2.700      4.146      0.651      0.515
    X1P3              -0.152      0.345     -0.440      0.660

 Y        ON
    X                  0.986      0.541      1.822      0.068
    M                  0.171      0.113      1.513      0.130
    XM                -1.752      0.838     -2.091      0.037

 X        WITH
    M                  0.085      0.063      1.355      0.176
    XM                 0.000      0.007     -0.048      0.962

 M        WITH
    XM                 0.007      0.041      0.178      0.859

 Intercepts
    X1                 0.000      0.050      0.000      1.000
    X2                 0.000      0.050      0.000      1.000
    X3                 0.000      0.050      0.000      1.000
    M1                 0.000      0.151      0.000      1.000
    M2                 0.000      0.161      0.000      1.000
    M3                 0.000      0.159      0.000      1.000
    M4                 0.000      0.158      0.000      1.000
    M5                 0.000      0.166      0.000      1.000
    M6                 0.000      0.140      0.000      1.000
    M7                 0.000      0.153      0.000      1.000
    M8                 0.000      0.165      0.000      1.000
    M9                 0.000      0.144      0.000      1.000
    M10                0.000      0.151      0.000      1.000
    M11                0.000      0.153      0.000      1.000
    M12                0.000      0.147      0.000      1.000
    Y1                 0.664      0.081      8.167      0.000
    Y2                 0.846      0.099      8.588      0.000
    Y3                 1.050      0.116      9.054      0.000
    X3P1               0.000      0.047      0.000      1.000
    X2P2               0.000      0.049      0.000      1.000
    X1P3               0.000      0.045      0.000      1.000

 Variances
    X                  0.064      0.032      1.984      0.047
    M                  1.117      0.254      4.391      0.000
    XM                 0.026      0.042      0.618      0.537

 Residual Variances
    X1                 0.235      0.015     15.237      0.000
    X2                 0.079      0.062      1.280      0.201
    X3                 0.186      0.032      5.765      0.000
    M1                 2.230      0.176     12.661      0.000
    M2                 2.547      0.189     13.498      0.000
    M3                 2.444      0.198     12.350      0.000
    M4                 2.101      0.224      9.370      0.000
    M5                 2.557      0.211     12.111      0.000
    M6                 1.804      0.179     10.079      0.000
    M7                 1.833      0.273      6.724      0.000
    M8                 2.174      0.267      8.146      0.000
    M9                 1.715      0.226      7.586      0.000
    M10                1.365      0.258      5.282      0.000
    M11                1.666      0.268      6.212      0.000
    M12                1.036      0.217      4.774      0.000
    Y1                 0.277      0.083      3.333      0.001
    Y2                 0.535      0.102      5.230      0.000
    Y3                 0.731      0.159      4.604      0.000
    X3P1               0.192      0.046      4.149      0.000
    X2P2               0.051      0.289      0.177      0.859
    X1P3               0.204      0.023      8.958      0.000
    Y                  0.413      0.207      1.993      0.046

New/Additional Parameters
    VAR_Y              0.613      0.203      3.022      0.003
    STD_B1             0.318      0.131      2.421      0.015
    STD_B2             0.231      0.151      1.526      0.127
    STD_B3            -0.598      0.328     -1.824      0.068


QUALITY OF NUMERICAL RESULTS

     Condition Number for the Information Matrix              0.474E-05
       (ratio of smallest to largest eigenvalue)


CONFIDENCE INTERVALS OF MODEL RESULTS

                  Lower .5%  Lower 2.5%    Lower 5%    Estimate    Upper 5%  Upper 2.5%   Upper .5%

 X        BY
    X3               1.000       1.000       1.000       1.000       1.000       1.000       1.000
    X2               0.025       0.410       0.607       1.636       2.664       2.861       3.246
    X1              -0.152      -0.002       0.075       0.478       0.880       0.957       1.108

 M        BY
    M12              1.000       1.000       1.000       1.000       1.000       1.000       1.000
    M11              0.284       0.401       0.461       0.774       1.088       1.148       1.265
    M10              0.435       0.549       0.607       0.910       1.213       1.271       1.384
    M9               0.129       0.233       0.287       0.566       0.846       0.900       1.004
    M8               0.266       0.372       0.426       0.709       0.993       1.047       1.153
    M7               0.165       0.284       0.345       0.664       0.983       1.044       1.163
    M6              -0.025       0.069       0.118       0.370       0.621       0.670       0.764
    M5              -0.057       0.057       0.116       0.423       0.729       0.788       0.903
    M4               0.138       0.249       0.306       0.603       0.900       0.957       1.069
    M3              -0.250      -0.129      -0.067       0.256       0.579       0.640       0.761
    M2              -0.267      -0.154      -0.096       0.205       0.507       0.565       0.678
    M1              -0.231      -0.122      -0.066       0.228       0.521       0.577       0.687

 Y        BY
    Y3               1.000       1.000       1.000       1.000       1.000       1.000       1.000
    Y2               0.389       0.498       0.553       0.843       1.134       1.189       1.298
    Y1               0.350       0.455       0.510       0.792       1.075       1.129       1.235

 XM       BY
    X3P1             1.000       1.000       1.000       1.000       1.000       1.000       1.000
    X2P2            -7.978      -5.425      -4.119       2.700       9.520      10.826      13.378
    X1P3            -1.041      -0.828      -0.720      -0.152       0.416       0.525       0.737

 Y        ON
    X               -0.408      -0.075       0.096       0.986       1.876       2.046       2.379
    M               -0.120      -0.051      -0.015       0.171       0.357       0.393       0.462
    XM              -3.909      -3.393      -3.130      -1.752      -0.374      -0.110       0.406

 X        WITH
    M               -0.077      -0.038      -0.018       0.085       0.189       0.208       0.247
    XM              -0.018      -0.014      -0.012       0.000       0.011       0.013       0.018

 M        WITH
    XM              -0.098      -0.073      -0.060       0.007       0.075       0.087       0.113

 Intercepts
    X1              -0.129      -0.098      -0.082       0.000       0.082       0.098       0.129
    X2              -0.129      -0.098      -0.082       0.000       0.082       0.098       0.129
    X3              -0.129      -0.098      -0.082       0.000       0.082       0.098       0.129
    M1              -0.390      -0.296      -0.249       0.000       0.249       0.296       0.390
    M2              -0.415      -0.316      -0.265       0.000       0.265       0.316       0.415
    M3              -0.409      -0.311      -0.261       0.000       0.261       0.311       0.409
    M4              -0.408      -0.310      -0.260       0.000       0.260       0.310       0.408
    M5              -0.428      -0.325      -0.273       0.000       0.273       0.325       0.428
    M6              -0.360      -0.274      -0.230       0.000       0.230       0.274       0.360
    M7              -0.393      -0.299      -0.251       0.000       0.251       0.299       0.393
    M8              -0.426      -0.324      -0.272       0.000       0.272       0.324       0.426
    M9              -0.371      -0.282      -0.237       0.000       0.237       0.282       0.371
    M10             -0.390      -0.297      -0.249       0.000       0.249       0.297       0.390
    M11             -0.394      -0.300      -0.251       0.000       0.251       0.300       0.394
    M12             -0.378      -0.288      -0.241       0.000       0.241       0.288       0.378
    Y1               0.455       0.505       0.531       0.664       0.798       0.824       0.874
    Y2               0.592       0.653       0.684       0.846       1.008       1.039       1.100
    Y3               0.751       0.822       0.859       1.050       1.240       1.277       1.348
    X3P1            -0.120      -0.091      -0.077       0.000       0.077       0.091       0.120
    X2P2            -0.126      -0.096      -0.081       0.000       0.081       0.096       0.126
    X1P3            -0.116      -0.089      -0.074       0.000       0.074       0.089       0.116

 Variances
    X               -0.019       0.001       0.011       0.064       0.117       0.127       0.147
    M                0.462       0.619       0.699       1.117       1.536       1.616       1.773
    XM              -0.083      -0.057      -0.043       0.026       0.095       0.109       0.135

 Residual Variances
    X1               0.195       0.205       0.210       0.235       0.260       0.265       0.275
    X2              -0.080      -0.042      -0.023       0.079       0.181       0.200       0.238
    X3               0.103       0.123       0.133       0.186       0.239       0.249       0.269
    M1               1.776       1.884       1.940       2.230       2.519       2.575       2.683
    M2               2.061       2.177       2.236       2.547       2.857       2.916       3.032
    M3               1.934       2.056       2.119       2.444       2.770       2.832       2.954
    M4               1.523       1.662       1.732       2.101       2.470       2.541       2.679
    M5               2.013       2.143       2.209       2.557       2.904       2.970       3.100
    M6               1.343       1.453       1.509       1.804       2.098       2.155       2.265
    M7               1.131       1.299       1.385       1.833       2.282       2.368       2.536
    M8               1.487       1.651       1.735       2.174       2.613       2.697       2.862
    M9               1.133       1.272       1.343       1.715       2.087       2.158       2.297
    M10              0.699       0.858       0.940       1.365       1.790       1.871       2.030
    M11              0.975       1.141       1.225       1.666       2.108       2.192       2.357
    M12              0.477       0.611       0.679       1.036       1.393       1.462       1.595
    Y1               0.063       0.114       0.140       0.277       0.414       0.440       0.491
    Y2               0.271       0.334       0.366       0.535       0.703       0.735       0.798
    Y3               0.322       0.420       0.470       0.731       0.993       1.043       1.140
    X3P1             0.073       0.101       0.116       0.192       0.268       0.282       0.311
    X2P2            -0.694      -0.516      -0.425       0.051       0.527       0.618       0.797
    X1P3             0.145       0.159       0.166       0.204       0.241       0.248       0.262
    Y               -0.121       0.007       0.072       0.413       0.753       0.818       0.946

New/Additional Parameters
    VAR_Y            0.090       0.215       0.279       0.613       0.946       1.010       1.135
    STD_B1          -0.020       0.061       0.102       0.318       0.535       0.576       0.657
    STD_B2          -0.159      -0.066      -0.018       0.231       0.480       0.528       0.621
    STD_B3          -1.442      -1.240      -1.137      -0.598      -0.059       0.045       0.247


TECHNICAL 1 OUTPUT


     PARAMETER SPECIFICATION


           NU
              X1            X2            X3            M1            M2
              ________      ________      ________      ________      ________
                  1             2             3             4             5


           NU
              M3            M4            M5            M6            M7
              ________      ________      ________      ________      ________
                  6             7             8             9            10


           NU
              M8            M9            M10           M11           M12
              ________      ________      ________      ________      ________
                 11            12            13            14            15


           NU
              Y1            Y2            Y3            X3P1          X2P2
              ________      ________      ________      ________      ________
                 16            17            18            19            20


           NU
              X1P3
              ________
                 21


           LAMBDA
              X             M             Y             XM
              ________      ________      ________      ________
 X1                22             0             0             0
 X2                23             0             0             0
 X3                 0             0             0             0
 M1                 0            24             0             0
 M2                 0            25             0             0
 M3                 0            26             0             0
 M4                 0            27             0             0
 M5                 0            28             0             0
 M6                 0            29             0             0
 M7                 0            30             0             0
 M8                 0            31             0             0
 M9                 0            32             0             0
 M10                0            33             0             0
 M11                0            34             0             0
 M12                0             0             0             0
 Y1                 0             0            35             0
 Y2                 0             0            36             0
 Y3                 0             0             0             0
 X3P1               0             0             0             0
 X2P2               0             0             0            37
 X1P3               0             0             0            38


           THETA
              X1            X2            X3            M1            M2
              ________      ________      ________      ________      ________
 X1                39
 X2                 0            40
 X3                 0             0            41
 M1                 0             0             0            42
 M2                 0             0             0             0            43
 M3                 0             0             0             0             0
 M4                 0             0             0             0             0
 M5                 0             0             0             0             0
 M6                 0             0             0             0             0
 M7                 0             0             0             0             0
 M8                 0             0             0             0             0
 M9                 0             0             0             0             0
 M10                0             0             0             0             0
 M11                0             0             0             0             0
 M12                0             0             0             0             0
 Y1                 0             0             0             0             0
 Y2                 0             0             0             0             0
 Y3                 0             0             0             0             0
 X3P1               0             0             0             0             0
 X2P2               0             0             0             0             0
 X1P3               0             0             0             0             0


           THETA
              M3            M4            M5            M6            M7
              ________      ________      ________      ________      ________
 M3                44
 M4                 0            45
 M5                 0             0            46
 M6                 0             0             0            47
 M7                 0             0             0             0            48
 M8                 0             0             0             0             0
 M9                 0             0             0             0             0
 M10                0             0             0             0             0
 M11                0             0             0             0             0
 M12                0             0             0             0             0
 Y1                 0             0             0             0             0
 Y2                 0             0             0             0             0
 Y3                 0             0             0             0             0
 X3P1               0             0             0             0             0
 X2P2               0             0             0             0             0
 X1P3               0             0             0             0             0


           THETA
              M8            M9            M10           M11           M12
              ________      ________      ________      ________      ________
 M8                49
 M9                 0            50
 M10                0             0            51
 M11                0             0             0            52
 M12                0             0             0             0            53
 Y1                 0             0             0             0             0
 Y2                 0             0             0             0             0
 Y3                 0             0             0             0             0
 X3P1               0             0             0             0             0
 X2P2               0             0             0             0             0
 X1P3               0             0             0             0             0


           THETA
              Y1            Y2            Y3            X3P1          X2P2
              ________      ________      ________      ________      ________
 Y1                54
 Y2                 0            55
 Y3                 0             0            56
 X3P1               0             0             0            57
 X2P2               0             0             0             0            58
 X1P3               0             0             0             0             0


           THETA
              X1P3
              ________
 X1P3              59


           ALPHA
              X             M             Y             XM
              ________      ________      ________      ________
                  0             0             0             0


           BETA
              X             M             Y             XM
              ________      ________      ________      ________
 X                  0             0             0             0
 M                  0             0             0             0
 Y                 60            61             0            62
 XM                 0             0             0             0


           PSI
              X             M             Y             XM
              ________      ________      ________      ________
 X                 63
 M                 64            65
 Y                  0             0            66
 XM                67            68             0            69


     PARAMETER SPECIFICATION FOR THE ADDITIONAL PARAMETERS


           New/Additional Parameters
              VAR_Y         STD_B1        STD_B2        STD_B3
              ________      ________      ________      ________
                   70            71            72            73


     STARTING VALUES


           NU
              X1            X2            X3            M1            M2
              ________      ________      ________      ________      ________
                0.000         0.000         0.000         0.000         0.000


           NU
              M3            M4            M5            M6            M7
              ________      ________      ________      ________      ________
                0.000         0.000         0.000         0.000         0.000


           NU
              M8            M9            M10           M11           M12
              ________      ________      ________      ________      ________
                0.000         0.000         0.000         0.000         0.000


           NU
              Y1            Y2            Y3            X3P1          X2P2
              ________      ________      ________      ________      ________
                0.664         0.846         1.050         0.000         0.000


           NU
              X1P3
              ________
                0.000


           LAMBDA
              X             M             Y             XM
              ________      ________      ________      ________
 X1             0.476         0.000         0.000         0.000
 X2             1.984         0.000         0.000         0.000
 X3             1.000         0.000         0.000         0.000
 M1             0.000         1.486         0.000         0.000
 M2             0.000        -0.312         0.000         0.000
 M3             0.000         0.302         0.000         0.000
 M4             0.000         0.114         0.000         0.000
 M5             0.000         0.471         0.000         0.000
 M6             0.000         0.228         0.000         0.000
 M7             0.000         0.235         0.000         0.000
 M8             0.000         1.209         0.000         0.000
 M9             0.000         0.945         0.000         0.000
 M10            0.000         1.054         0.000         0.000
 M11            0.000         0.939         0.000         0.000
 M12            0.000         1.000         0.000         0.000
 Y1             0.000         0.000         0.772         0.000
 Y2             0.000         0.000         0.831         0.000
 Y3             0.000         0.000         1.000         0.000
 X3P1           0.000         0.000         0.000         1.000
 X2P2           0.000         0.000         0.000         1.000
 X1P3           0.000         0.000         0.000         1.000


           THETA
              X1            X2            X3            M1            M2
              ________      ________      ________      ________      ________
 X1             0.125
 X2             0.000         0.125
 X3             0.000         0.000         0.125
 M1             0.000         0.000         0.000         1.144
 M2             0.000         0.000         0.000         0.000         1.297
 M3             0.000         0.000         0.000         0.000         0.000
 M4             0.000         0.000         0.000         0.000         0.000
 M5             0.000         0.000         0.000         0.000         0.000
 M6             0.000         0.000         0.000         0.000         0.000
 M7             0.000         0.000         0.000         0.000         0.000
 M8             0.000         0.000         0.000         0.000         0.000
 M9             0.000         0.000         0.000         0.000         0.000
 M10            0.000         0.000         0.000         0.000         0.000
 M11            0.000         0.000         0.000         0.000         0.000
 M12            0.000         0.000         0.000         0.000         0.000
 Y1             0.000         0.000         0.000         0.000         0.000
 Y2             0.000         0.000         0.000         0.000         0.000
 Y3             0.000         0.000         0.000         0.000         0.000
 X3P1           0.000         0.000         0.000         0.000         0.000
 X2P2           0.000         0.000         0.000         0.000         0.000
 X1P3           0.000         0.000         0.000         0.000         0.000


           THETA
              M3            M4            M5            M6            M7
              ________      ________      ________      ________      ________
 M3             1.259
 M4             0.000         1.254
 M5             0.000         0.000         1.378
 M6             0.000         0.000         0.000         0.978
 M7             0.000         0.000         0.000         0.000         1.163
 M8             0.000         0.000         0.000         0.000         0.000
 M9             0.000         0.000         0.000         0.000         0.000
 M10            0.000         0.000         0.000         0.000         0.000
 M11            0.000         0.000         0.000         0.000         0.000
 M12            0.000         0.000         0.000         0.000         0.000
 Y1             0.000         0.000         0.000         0.000         0.000
 Y2             0.000         0.000         0.000         0.000         0.000
 Y3             0.000         0.000         0.000         0.000         0.000
 X3P1           0.000         0.000         0.000         0.000         0.000
 X2P2           0.000         0.000         0.000         0.000         0.000
 X1P3           0.000         0.000         0.000         0.000         0.000


           THETA
              M8            M9            M10           M11           M12
              ________      ________      ________      ________      ________
 M8             1.368
 M9             0.000         1.037
 M10            0.000         0.000         1.145
 M11            0.000         0.000         0.000         1.168
 M12            0.000         0.000         0.000         0.000         1.077
 Y1             0.000         0.000         0.000         0.000         0.000
 Y2             0.000         0.000         0.000         0.000         0.000
 Y3             0.000         0.000         0.000         0.000         0.000
 X3P1           0.000         0.000         0.000         0.000         0.000
 X2P2           0.000         0.000         0.000         0.000         0.000
 X1P3           0.000         0.000         0.000         0.000         0.000


           THETA
              Y1            Y2            Y3            X3P1          X2P2
              ________      ________      ________      ________      ________
 Y1             0.331
 Y2             0.000         0.485
 Y3             0.000         0.000         0.672
 X3P1           0.000         0.000         0.000         0.109
 X2P2           0.000         0.000         0.000         0.000         0.121
 X1P3           0.000         0.000         0.000         0.000         0.000


           THETA
              X1P3
              ________
 X1P3           0.102


           ALPHA
              X             M             Y             XM
              ________      ________      ________      ________
                0.000         0.000         0.000         0.000


           BETA
              X             M             Y             XM
              ________      ________      ________      ________
 X              0.000         0.000         0.000         0.000
 M              0.000         0.000         0.000         0.000
 Y              0.000         0.000         0.000         0.000
 XM             0.000         0.000         0.000         0.000


           PSI
              X             M             Y             XM
              ________      ________      ________      ________
 X              0.050
 M              0.000         0.050
 Y              0.000         0.000         0.050
 XM             0.000         0.000         0.000         0.050


     STARTING VALUES FOR THE ADDITIONAL PARAMETERS


           New/Additional Parameters
              VAR_Y         STD_B1        STD_B2        STD_B3
              ________      ________      ________      ________
                0.500         0.500         0.500         0.500


RESULTS SAVING INFORMATION

  Order of data

    Parameter estimates
     (saved in order shown in Technical 1 output)
    Standard errors
     (saved in order shown in Technical 1 output)
    Number of Free Parameters
    H0 Loglikelihood
    H0 Scaling Correction Factor for MLR
    H1 Loglikelihood
    H1 Scaling Correction Factor for MLR
    Akaike (AIC)
    Bayesian (BIC)
    Sample-Size Adjusted BIC
    Chi-square : Value
    Chi-square : Degrees of Freedom
    Chi-square : P-Value
    Chi-square : Scaling Correction Factor for MLR/MLM/WLSM
    CFI
    TLI
    RMSEA : Estimate
    RMSEA : Low CI
    RMSEA : High CI
    RMSEA : Probability
    SRMR
    Condition Number

  Save file
    parcelupi_results_1374.dat

  Save file format           Free


     Beginning Time:  17:45:06
        Ending Time:  17:45:07
       Elapsed Time:  00:00:01



MUTHEN & MUTHEN
3463 Stoner Ave.
Los Angeles, CA  90066

Tel: (310) 391-9971
Fax: (310) 391-8971
Web: www.StatModel.com
Support: Support@StatModel.com

Copyright (c) 1998-2022 Muthen & Muthen
