Mplus VERSION 8.8 (Mac)
MUTHEN & MUTHEN
07/27/2025   6:30 PM

INPUT INSTRUCTIONS


    TITLE: Parceling Unconstrained Product Indicator

    DATA:
      FILE = parcelupi_simdat_632.dat;
      FORMAT IS FREE;

    VARIABLE:
      NAMES = x1 x2 x3
      	    m1 m2 m3 m4 m5 m6
      	    m7 m8 m9 m10 m11 m12
      	    y1 y2 y3
      	    p1 p2 p3
      	    x3p1 x2p2 x1p3;
      USEVARIABLES = x1 x2 x3
      	    m1 m2 m3 m4 m5 m6
      	    m7 m8 m9 m10 m11 m12
      	    y1 y2 y3
      	    x3p1 x2p2 x1p3;

    ANALYSIS:
      TYPE = general;
      ESTIMATOR = MLR;
    MODEL:
      !measurement model
      X BY x3 x2 x1;
      X (var_X);
      M BY m12 m11 m10 m9 m8 m7 m6 m5 m4 m3 m2 m1;
      M (var_M);
      Y BY y3 y2 y1;
      Y (resvar_Y);
      XM BY x3p1 x2p2 x1p3;
      XM (var_XM);

      !covariances between predictors
      X WITH M (cov_XM);
      X WITH XM (cov_XXM);
      M WITH XM (cov_MXM);

      !structural model
      Y ON X (b1);
      Y ON M (b2);
      Y ON XM (b3);

    MODEL CONSTRAINT:

      NEW(var_Y std_b1 std_b2 std_b3);
      var_Y = resvar_Y +
       (b1^2 * var_X +
        b2^2 * var_M +
        b3^2 * var_XM +
        2 * b1 * b2 * cov_XM +
        2 * b1 * b3 * cov_XXM +
        2 * b2 * b3 * cov_MXM);

        std_b1 = b1 * sqrt(var_X) / sqrt(var_Y);
        std_b2 = b2 * sqrt(var_M) / sqrt(var_Y);
        std_b3 = b3 * sqrt(var_X) * sqrt(var_M) / sqrt(var_Y);

    OUTPUT:
      sampstat tech1 CINTERVAL;

    SAVEDATA:
      RESULTS = parcelupi_results_632.dat;




INPUT READING TERMINATED NORMALLY



Parceling Unconstrained Product Indicator

SUMMARY OF ANALYSIS

Number of groups                                                 1
Number of observations                                         100

Number of dependent variables                                   21
Number of independent variables                                  0
Number of continuous latent variables                            4

Observed dependent variables

  Continuous
   X1          X2          X3          M1          M2          M3
   M4          M5          M6          M7          M8          M9
   M10         M11         M12         Y1          Y2          Y3
   X3P1        X2P2        X1P3

Continuous latent variables
   X           M           Y           XM


Estimator                                                      MLR
Information matrix                                        OBSERVED
Maximum number of iterations                                  1000
Convergence criterion                                    0.500D-04
Maximum number of steepest descent iterations                   20

Input data file(s)
  parcelupi_simdat_632.dat

Input data format  FREE


SAMPLE STATISTICS


     SAMPLE STATISTICS


           Means
              X1            X2            X3            M1            M2
              ________      ________      ________      ________      ________
                0.000         0.000         0.000         0.000         0.000


           Means
              M3            M4            M5            M6            M7
              ________      ________      ________      ________      ________
                0.000         0.000         0.000         0.000         0.000


           Means
              M8            M9            M10           M11           M12
              ________      ________      ________      ________      ________
                0.000         0.000         0.000         0.000         0.000


           Means
              Y1            Y2            Y3            X3P1          X2P2
              ________      ________      ________      ________      ________
                0.649         0.818         1.037         0.000         0.000


           Means
              X1P3
              ________
                0.000


           Covariances
              X1            X2            X3            M1            M2
              ________      ________      ________      ________      ________
 X1             0.250
 X2             0.035         0.250
 X3             0.110         0.115         0.249
 M1            -0.001        -0.030        -0.022         2.656
 M2             0.094         0.265         0.122        -0.077         2.778
 M3            -0.058         0.100        -0.075         0.470         0.448
 M4             0.135        -0.005         0.094         0.037        -0.126
 M5            -0.057         0.125         0.029        -0.373         0.407
 M6            -0.030         0.000         0.131        -0.078         0.034
 M7             0.056        -0.005         0.148        -0.095         0.250
 M8             0.023         0.005        -0.002         0.196         0.235
 M9             0.016         0.015         0.028        -0.055         0.270
 M10            0.153        -0.065         0.038         0.386         0.075
 M11            0.101         0.020         0.142         0.165         0.479
 M12            0.032         0.000         0.175         0.231         0.050
 Y1             0.077         0.011         0.005        -0.060        -0.209
 Y2             0.124         0.042         0.062         0.049         0.185
 Y3             0.146         0.088         0.199         0.126        -0.015
 X3P1          -0.004        -0.029        -0.004         0.069        -0.003
 X2P2          -0.015         0.000        -0.011         0.005         0.041
 X1P3          -0.001        -0.007        -0.006         0.009        -0.059


           Covariances
              M3            M4            M5            M6            M7
              ________      ________      ________      ________      ________
 M3             2.614
 M4             0.138         2.688
 M5             0.304         0.090         2.386
 M6            -0.016         0.312         0.388         2.438
 M7            -0.094         0.544        -0.141         0.186         2.222
 M8            -0.223         0.249         0.032         0.399        -0.049
 M9             0.326         0.605         0.299         0.346         0.102
 M10            0.097         0.428         0.242         0.029         0.291
 M11            0.307         0.704         0.387         0.637         0.313
 M12            0.551         0.509         0.338         0.363         0.244
 Y1             0.032         0.043         0.059         0.226         0.122
 Y2             0.111         0.276         0.260         0.177        -0.027
 Y3             0.042         0.227         0.120         0.379        -0.003
 X3P1          -0.127         0.040        -0.066         0.010         0.027
 X2P2          -0.070         0.118         0.040         0.009         0.054
 X1P3          -0.069        -0.021        -0.034        -0.161        -0.059


           Covariances
              M8            M9            M10           M11           M12
              ________      ________      ________      ________      ________
 M8             2.257
 M9             0.321         2.102
 M10            0.517         0.321         2.297
 M11            0.768         0.883         0.938         2.174
 M12            0.661         0.774         0.571         1.226         2.248
 Y1            -0.016        -0.055         0.091         0.067         0.106
 Y2            -0.084         0.189         0.316         0.289         0.209
 Y3             0.118         0.051         0.288         0.444         0.265
 X3P1           0.142         0.096         0.039         0.053         0.015
 X2P2           0.028         0.001         0.021         0.037         0.020
 X1P3          -0.044        -0.075        -0.056        -0.132        -0.121


           Covariances
              Y1            Y2            Y3            X3P1          X2P2
              ________      ________      ________      ________      ________
 Y1             0.827
 Y2             0.380         0.876
 Y3             0.493         0.511         1.207
 X3P1          -0.052        -0.039         0.015         0.208
 X2P2           0.045        -0.008         0.020         0.030         0.211
 X1P3          -0.064        -0.051         0.033         0.021         0.005


           Covariances
              X1P3
              ________
 X1P3           0.166


           Correlations
              X1            X2            X3            M1            M2
              ________      ________      ________      ________      ________
 X1             1.000
 X2             0.140         1.000
 X3             0.440         0.461         1.000
 M1            -0.001        -0.037        -0.027         1.000
 M2             0.113         0.318         0.146        -0.028         1.000
 M3            -0.072         0.124        -0.093         0.178         0.166
 M4             0.164        -0.006         0.114         0.014        -0.046
 M5            -0.074         0.162         0.037        -0.148         0.158
 M6            -0.038         0.000         0.168        -0.030         0.013
 M7             0.075        -0.007         0.199        -0.039         0.101
 M8             0.030         0.007        -0.003         0.080         0.094
 M9             0.022         0.021         0.038        -0.023         0.112
 M10            0.202        -0.086         0.050         0.156         0.030
 M11            0.137         0.027         0.194         0.069         0.195
 M12            0.042         0.000         0.234         0.094         0.020
 Y1             0.169         0.025         0.010        -0.041        -0.138
 Y2             0.265         0.090         0.132         0.032         0.118
 Y3             0.267         0.161         0.362         0.070        -0.008
 X3P1          -0.017        -0.127        -0.018         0.092        -0.005
 X2P2          -0.063         0.000        -0.048         0.006         0.054
 X1P3          -0.003        -0.035        -0.030         0.014        -0.087


           Correlations
              M3            M4            M5            M6            M7
              ________      ________      ________      ________      ________
 M3             1.000
 M4             0.052         1.000
 M5             0.122         0.035         1.000
 M6            -0.006         0.122         0.161         1.000
 M7            -0.039         0.223        -0.061         0.080         1.000
 M8            -0.092         0.101         0.014         0.170        -0.022
 M9             0.139         0.254         0.133         0.153         0.047
 M10            0.040         0.172         0.103         0.012         0.129
 M11            0.129         0.291         0.170         0.277         0.142
 M12            0.227         0.207         0.146         0.155         0.109
 Y1             0.022         0.029         0.042         0.159         0.090
 Y2             0.073         0.180         0.180         0.121        -0.019
 Y3             0.023         0.126         0.071         0.221        -0.002
 X3P1          -0.172         0.054        -0.093         0.013         0.040
 X2P2          -0.094         0.156         0.056         0.013         0.078
 X1P3          -0.105        -0.031        -0.054        -0.253        -0.098


           Correlations
              M8            M9            M10           M11           M12
              ________      ________      ________      ________      ________
 M8             1.000
 M9             0.147         1.000
 M10            0.227         0.146         1.000
 M11            0.347         0.413         0.420         1.000
 M12            0.294         0.356         0.251         0.554         1.000
 Y1            -0.011        -0.042         0.066         0.050         0.078
 Y2            -0.060         0.139         0.223         0.209         0.149
 Y3             0.072         0.032         0.173         0.274         0.161
 X3P1           0.208         0.146         0.057         0.078         0.021
 X2P2           0.041         0.002         0.031         0.055         0.029
 X1P3          -0.073        -0.127        -0.091        -0.219        -0.198


           Correlations
              Y1            Y2            Y3            X3P1          X2P2
              ________      ________      ________      ________      ________
 Y1             1.000
 Y2             0.446         1.000
 Y3             0.493         0.497         1.000
 X3P1          -0.126        -0.092         0.029         1.000
 X2P2           0.108        -0.018         0.040         0.144         1.000
 X1P3          -0.174        -0.134         0.073         0.112         0.026


           Correlations
              X1P3
              ________
 X1P3           1.000


UNIVARIATE SAMPLE STATISTICS


     UNIVARIATE HIGHER-ORDER MOMENT DESCRIPTIVE STATISTICS

         Variable/         Mean/     Skewness/   Minimum/ % with                Percentiles
        Sample Size      Variance    Kurtosis    Maximum  Min/Max      20%/60%    40%/80%    Median

     X1                    0.000      -0.040      -0.510   49.00%      -0.510     -0.510      0.490
             100.000       0.250      -1.998       0.490   51.00%       0.490      0.490
     X2                    0.000       0.000      -0.500   50.00%      -0.500     -0.500      0.000
             100.000       0.250      -2.000       0.500   50.00%       0.500      0.500
     X3                    0.000      -0.120      -0.530   47.00%      -0.530     -0.530      0.470
             100.000       0.249      -1.986       0.470   53.00%       0.470      0.470
     M1                    0.000      -0.083      -2.060   30.00%      -2.060     -0.060     -0.060
             100.000       2.656      -1.582       1.940   31.00%       0.940      1.940
     M2                    0.000      -0.071      -2.110   27.00%      -2.110     -1.110     -0.110
             100.000       2.778      -1.682       1.890   35.00%       0.890      1.890
     M3                    0.000       0.132      -1.840   34.00%      -1.840     -0.840      0.160
             100.000       2.614      -1.584       2.160   25.00%       0.160      2.160
     M4                    0.000      -0.053      -2.050   29.00%      -2.050     -1.050     -0.050
             100.000       2.687      -1.630       1.950   31.00%       0.950      1.950
     M5                    0.000      -0.272      -2.210   24.00%      -2.210     -0.210      0.290
             100.000       2.386      -1.419       1.790   29.00%       0.790      1.790
     M6                    0.000       0.035      -1.960   28.00%      -1.960     -0.960      0.040
             100.000       2.438      -1.500       2.040   26.00%       0.040      2.040
     M7                    0.000       0.100      -1.910   25.00%      -1.910     -0.910      0.090
             100.000       2.222      -1.404       2.090   22.00%       0.090      2.090
     M8                    0.000      -0.236      -2.230   21.00%      -2.230     -0.230     -0.230
             100.000       2.257      -1.342       1.770   30.00%       0.770      1.770
     M9                    0.000       0.118      -1.910   23.00%      -1.910     -0.910      0.090
             100.000       2.102      -1.321       2.090   21.00%       0.090      2.090
     M10                   0.000      -0.220      -2.230   20.00%      -2.230     -0.230     -0.230
             100.000       2.297      -1.423       1.770   30.00%       0.770      1.770
     M11                   0.000       0.026      -1.920   26.00%      -1.920     -0.920      0.080
             100.000       2.174      -1.382       2.080   20.00%       0.080      1.080
     M12                   0.000       0.202      -1.820   27.00%      -1.820     -0.820      0.180
             100.000       2.248      -1.398       2.180   21.00%       0.180      2.180
     Y1                    0.649      -0.554      -1.771    1.00%      -0.025      0.429      0.800
             100.000       0.827       0.229       2.706    1.00%       0.981      1.373
     Y2                    0.818       0.319      -1.367    1.00%       0.006      0.459      0.783
             100.000       0.876       0.018       3.782    1.00%       0.972      1.699
     Y3                    1.037      -0.042      -1.681    1.00%       0.096      0.786      1.047
             100.000       1.207       0.159       3.924    1.00%       1.428      1.804
     X3P1                  0.000      -0.157      -0.990    1.00%      -0.487     -0.090      0.043
             100.000       0.208      -0.574       0.970    2.00%       0.175      0.420
     X2P2                  0.000      -0.295      -1.163    1.00%      -0.420     -0.163      0.080
             100.000       0.211      -0.640       0.838    3.00%       0.205      0.455
     X1P3                  0.000       0.112      -0.803    2.00%      -0.390     -0.145     -0.023
             100.000       0.166      -0.441       0.982    3.00%       0.100      0.345


     THIS ANALYSIS MAY HAVE MULTIPLE SOLUTIONS.  EXPLORE THIS USING RANDOM STARTS,
     FOR EXAMPLE, STARTS = 20.  USE A LARGE ENOUGH NUMBER OF STARTS SO THAT THE
     BEST FIT FUNCTION VALUE IS REPLICATED SEVERAL TIMES.


     NO CONVERGENCE.  NUMBER OF ITERATIONS EXCEEDED.



MODEL RESULTS

                    Estimate

 X        BY
    X3                 1.000
    X2                 0.471
    X1                 0.451

 M        BY
    M12                1.000
    M11                1.354
    M10                0.722
    M9                 0.727
    M8                 0.619
    M7                 0.272
    M6                 0.504
    M5                 0.332
    M4                 0.601
    M3                 0.278
    M2                 0.327
    M1                 0.155

 Y        BY
    Y3                 1.000
    Y2                 0.632
    Y1                 0.579

 XM       BY
    X3P1               1.000
    X2P2               0.116
    X1P3               0.084

 Y        ON
    X                  0.497
    M                  0.263
    XM                -0.104

 X        WITH
    M                  0.111
    XM                -0.004

 M        WITH
    XM                 0.047

 Intercepts
    X1                 0.000
    X2                 0.000
    X3                 0.000
    M1                 0.000
    M2                 0.000
    M3                 0.000
    M4                 0.000
    M5                 0.000
    M6                 0.000
    M7                 0.000
    M8                 0.000
    M9                 0.000
    M10                0.000
    M11                0.000
    M12                0.000
    Y1                 0.649
    Y2                 0.818
    Y3                 1.037
    X3P1               0.000
    X2P2               0.000
    X1P3               0.000

 Variances
    X                  0.243
    M                  0.907
    XM                 0.259

 Residual Variances
    X1                 0.200
    X2                 0.196
    X3                 0.006
    M1                 2.634
    M2                 2.680
    M3                 2.544
    M4                 2.359
    M5                 2.286
    M6                 2.208
    M7                 2.155
    M8                 1.910
    M9                 1.623
    M10                1.824
    M11                0.508
    M12                1.330
    Y1                 0.543
    Y2                 0.538
    Y3                 0.354
    X3P1              -0.051
    X2P2               0.208
    X1P3               0.164
    Y                  0.693

New/Additional Parameters
    VAR_Y              0.845
    STD_B1             0.266
    STD_B2             0.272
    STD_B3            -0.053


MODEL COMMAND WITH FINAL ESTIMATES USED AS STARTING VALUES

     x BY x3@1;
     x BY x2*0.47139;
     x BY x1*0.45096;
     m BY m12@1;
     m BY m11*1.35415;
     m BY m10*0.72234;
     m BY m9*0.72668;
     m BY m8*0.61886;
     m BY m7*0.27155;
     m BY m6*0.50429;
     m BY m5*0.33185;
     m BY m4*0.60075;
     m BY m3*0.27777;
     m BY m2*0.32684;
     m BY m1*0.15537;
     y BY y3@1;
     y BY y2*0.63168;
     y BY y1*0.57912;
     xm BY x3p1@1;
     xm BY x2p2*0.11607;
     xm BY x1p3*0.08442;

     y ON x*0.49692 (b1);
     y ON m*0.26278 (b2);
     y ON xm*-0.10362 (b3);

     x WITH m*0.11051 (cov_xm);
     x WITH xm*-0.00424 (cov_xxm);
     m WITH xm*0.04703 (cov_mxm);

     [ x1*0.00000 ];
     [ x2*0.00000 ];
     [ x3*0.00000 ];
     [ m1*0.00000 ];
     [ m2*0.00000 ];
     [ m3*0.00000 ];
     [ m4*0.00000 ];
     [ m5*0.00000 ];
     [ m6*0.00000 ];
     [ m7*0.00000 ];
     [ m8*0.00000 ];
     [ m9*0.00000 ];
     [ m10*0.00000 ];
     [ m11*0.00000 ];
     [ m12*0.00000 ];
     [ y1*0.64915 ];
     [ y2*0.81835 ];
     [ y3*1.03729 ];
     [ x3p1*0.00000 ];
     [ x2p2*0.00000 ];
     [ x1p3*0.00000 ];

     x1*0.20028;
     x2*0.19581;
     x3*0.00555;
     m1*2.63359;
     m2*2.68039;
     m3*2.54359;
     m4*2.35929;
     m5*2.28569;
     m6*2.20780;
     m7*2.15475;
     m8*1.90971;
     m9*1.62264;
     m10*1.82363;
     m11*0.50814;
     m12*1.32958;
     y1*0.54307;
     y2*0.53805;
     y3*0.35359;
     x3p1*-0.05110;
     x2p2*0.20782;
     x1p3*0.16387;
     x*0.24298 (var_x);
     m*0.90717 (var_m);
     y*0.69310 (resvar_y);
     xm*0.25908 (var_xm);

     ! NEW statements in MODEL CONSTRAINT
     NEW(var_y*0.84525);
     NEW(std_b1*0.26642);
     NEW(std_b2*0.27223);
     NEW(std_b3*-0.05291);




TECHNICAL 1 OUTPUT


     PARAMETER SPECIFICATION


           NU
              X1            X2            X3            M1            M2
              ________      ________      ________      ________      ________
                  1             2             3             4             5


           NU
              M3            M4            M5            M6            M7
              ________      ________      ________      ________      ________
                  6             7             8             9            10


           NU
              M8            M9            M10           M11           M12
              ________      ________      ________      ________      ________
                 11            12            13            14            15


           NU
              Y1            Y2            Y3            X3P1          X2P2
              ________      ________      ________      ________      ________
                 16            17            18            19            20


           NU
              X1P3
              ________
                 21


           LAMBDA
              X             M             Y             XM
              ________      ________      ________      ________
 X1                22             0             0             0
 X2                23             0             0             0
 X3                 0             0             0             0
 M1                 0            24             0             0
 M2                 0            25             0             0
 M3                 0            26             0             0
 M4                 0            27             0             0
 M5                 0            28             0             0
 M6                 0            29             0             0
 M7                 0            30             0             0
 M8                 0            31             0             0
 M9                 0            32             0             0
 M10                0            33             0             0
 M11                0            34             0             0
 M12                0             0             0             0
 Y1                 0             0            35             0
 Y2                 0             0            36             0
 Y3                 0             0             0             0
 X3P1               0             0             0             0
 X2P2               0             0             0            37
 X1P3               0             0             0            38


           THETA
              X1            X2            X3            M1            M2
              ________      ________      ________      ________      ________
 X1                39
 X2                 0            40
 X3                 0             0            41
 M1                 0             0             0            42
 M2                 0             0             0             0            43
 M3                 0             0             0             0             0
 M4                 0             0             0             0             0
 M5                 0             0             0             0             0
 M6                 0             0             0             0             0
 M7                 0             0             0             0             0
 M8                 0             0             0             0             0
 M9                 0             0             0             0             0
 M10                0             0             0             0             0
 M11                0             0             0             0             0
 M12                0             0             0             0             0
 Y1                 0             0             0             0             0
 Y2                 0             0             0             0             0
 Y3                 0             0             0             0             0
 X3P1               0             0             0             0             0
 X2P2               0             0             0             0             0
 X1P3               0             0             0             0             0


           THETA
              M3            M4            M5            M6            M7
              ________      ________      ________      ________      ________
 M3                44
 M4                 0            45
 M5                 0             0            46
 M6                 0             0             0            47
 M7                 0             0             0             0            48
 M8                 0             0             0             0             0
 M9                 0             0             0             0             0
 M10                0             0             0             0             0
 M11                0             0             0             0             0
 M12                0             0             0             0             0
 Y1                 0             0             0             0             0
 Y2                 0             0             0             0             0
 Y3                 0             0             0             0             0
 X3P1               0             0             0             0             0
 X2P2               0             0             0             0             0
 X1P3               0             0             0             0             0


           THETA
              M8            M9            M10           M11           M12
              ________      ________      ________      ________      ________
 M8                49
 M9                 0            50
 M10                0             0            51
 M11                0             0             0            52
 M12                0             0             0             0            53
 Y1                 0             0             0             0             0
 Y2                 0             0             0             0             0
 Y3                 0             0             0             0             0
 X3P1               0             0             0             0             0
 X2P2               0             0             0             0             0
 X1P3               0             0             0             0             0


           THETA
              Y1            Y2            Y3            X3P1          X2P2
              ________      ________      ________      ________      ________
 Y1                54
 Y2                 0            55
 Y3                 0             0            56
 X3P1               0             0             0            57
 X2P2               0             0             0             0            58
 X1P3               0             0             0             0             0


           THETA
              X1P3
              ________
 X1P3              59


           ALPHA
              X             M             Y             XM
              ________      ________      ________      ________
                  0             0             0             0


           BETA
              X             M             Y             XM
              ________      ________      ________      ________
 X                  0             0             0             0
 M                  0             0             0             0
 Y                 60            61             0            62
 XM                 0             0             0             0


           PSI
              X             M             Y             XM
              ________      ________      ________      ________
 X                 63
 M                 64            65
 Y                  0             0            66
 XM                67            68             0            69


     PARAMETER SPECIFICATION FOR THE ADDITIONAL PARAMETERS


           New/Additional Parameters
              VAR_Y         STD_B1        STD_B2        STD_B3
              ________      ________      ________      ________
                   70            71            72            73


     STARTING VALUES


           NU
              X1            X2            X3            M1            M2
              ________      ________      ________      ________      ________
                0.000         0.000         0.000         0.000         0.000


           NU
              M3            M4            M5            M6            M7
              ________      ________      ________      ________      ________
                0.000         0.000         0.000         0.000         0.000


           NU
              M8            M9            M10           M11           M12
              ________      ________      ________      ________      ________
                0.000         0.000         0.000         0.000         0.000


           NU
              Y1            Y2            Y3            X3P1          X2P2
              ________      ________      ________      ________      ________
                0.649         0.818         1.037         0.000         0.000


           NU
              X1P3
              ________
                0.000


           LAMBDA
              X             M             Y             XM
              ________      ________      ________      ________
 X1             0.304         0.000         0.000         0.000
 X2             0.319         0.000         0.000         0.000
 X3             1.000         0.000         0.000         0.000
 M1             0.000         1.705         0.000         0.000
 M2             0.000        -0.023         0.000         0.000
 M3             0.000         0.055         0.000         0.000
 M4             0.000         0.303         0.000         0.000
 M5             0.000         0.466         0.000         0.000
 M6             0.000        -0.426         0.000         0.000
 M7             0.000         0.223         0.000         0.000
 M8             0.000         0.476         0.000         0.000
 M9             0.000         0.473         0.000         0.000
 M10            0.000         0.605         0.000         0.000
 M11            0.000         0.990         0.000         0.000
 M12            0.000         1.000         0.000         0.000
 Y1             0.000         0.000         0.744         0.000
 Y2             0.000         0.000         0.771         0.000
 Y3             0.000         0.000         1.000         0.000
 X3P1           0.000         0.000         0.000         1.000
 X2P2           0.000         0.000         0.000         0.234
 X1P3           0.000         0.000         0.000         0.161


           THETA
              X1            X2            X3            M1            M2
              ________      ________      ________      ________      ________
 X1             0.125
 X2             0.000         0.125
 X3             0.000         0.000         0.125
 M1             0.000         0.000         0.000         1.328
 M2             0.000         0.000         0.000         0.000         1.389
 M3             0.000         0.000         0.000         0.000         0.000
 M4             0.000         0.000         0.000         0.000         0.000
 M5             0.000         0.000         0.000         0.000         0.000
 M6             0.000         0.000         0.000         0.000         0.000
 M7             0.000         0.000         0.000         0.000         0.000
 M8             0.000         0.000         0.000         0.000         0.000
 M9             0.000         0.000         0.000         0.000         0.000
 M10            0.000         0.000         0.000         0.000         0.000
 M11            0.000         0.000         0.000         0.000         0.000
 M12            0.000         0.000         0.000         0.000         0.000
 Y1             0.000         0.000         0.000         0.000         0.000
 Y2             0.000         0.000         0.000         0.000         0.000
 Y3             0.000         0.000         0.000         0.000         0.000
 X3P1           0.000         0.000         0.000         0.000         0.000
 X2P2           0.000         0.000         0.000         0.000         0.000
 X1P3           0.000         0.000         0.000         0.000         0.000


           THETA
              M3            M4            M5            M6            M7
              ________      ________      ________      ________      ________
 M3             1.307
 M4             0.000         1.344
 M5             0.000         0.000         1.193
 M6             0.000         0.000         0.000         1.219
 M7             0.000         0.000         0.000         0.000         1.111
 M8             0.000         0.000         0.000         0.000         0.000
 M9             0.000         0.000         0.000         0.000         0.000
 M10            0.000         0.000         0.000         0.000         0.000
 M11            0.000         0.000         0.000         0.000         0.000
 M12            0.000         0.000         0.000         0.000         0.000
 Y1             0.000         0.000         0.000         0.000         0.000
 Y2             0.000         0.000         0.000         0.000         0.000
 Y3             0.000         0.000         0.000         0.000         0.000
 X3P1           0.000         0.000         0.000         0.000         0.000
 X2P2           0.000         0.000         0.000         0.000         0.000
 X1P3           0.000         0.000         0.000         0.000         0.000


           THETA
              M8            M9            M10           M11           M12
              ________      ________      ________      ________      ________
 M8             1.129
 M9             0.000         1.051
 M10            0.000         0.000         1.149
 M11            0.000         0.000         0.000         1.087
 M12            0.000         0.000         0.000         0.000         1.124
 Y1             0.000         0.000         0.000         0.000         0.000
 Y2             0.000         0.000         0.000         0.000         0.000
 Y3             0.000         0.000         0.000         0.000         0.000
 X3P1           0.000         0.000         0.000         0.000         0.000
 X2P2           0.000         0.000         0.000         0.000         0.000
 X1P3           0.000         0.000         0.000         0.000         0.000


           THETA
              Y1            Y2            Y3            X3P1          X2P2
              ________      ________      ________      ________      ________
 Y1             0.414
 Y2             0.000         0.438
 Y3             0.000         0.000         0.603
 X3P1           0.000         0.000         0.000         0.104
 X2P2           0.000         0.000         0.000         0.000         0.106
 X1P3           0.000         0.000         0.000         0.000         0.000


           THETA
              X1P3
              ________
 X1P3           0.083


           ALPHA
              X             M             Y             XM
              ________      ________      ________      ________
                0.000         0.000         0.000         0.000


           BETA
              X             M             Y             XM
              ________      ________      ________      ________
 X              0.000         0.000         0.000         0.000
 M              0.000         0.000         0.000         0.000
 Y              0.000         0.000         0.000         0.000
 XM             0.000         0.000         0.000         0.000


           PSI
              X             M             Y             XM
              ________      ________      ________      ________
 X              0.050
 M              0.000         0.050
 Y              0.000         0.000         0.050
 XM             0.000         0.000         0.000         0.050


     STARTING VALUES FOR THE ADDITIONAL PARAMETERS


           New/Additional Parameters
              VAR_Y         STD_B1        STD_B2        STD_B3
              ________      ________      ________      ________
                0.500         0.500         0.500         0.500


RESULTS SAVING INFORMATION

    Model estimation did not terminate normally.  No results were saved.

     Beginning Time:  18:30:23
        Ending Time:  18:30:31
       Elapsed Time:  00:00:08



MUTHEN & MUTHEN
3463 Stoner Ave.
Los Angeles, CA  90066

Tel: (310) 391-9971
Fax: (310) 391-8971
Web: www.StatModel.com
Support: Support@StatModel.com

Copyright (c) 1998-2022 Muthen & Muthen
