Mplus VERSION 8.8 (Mac)
MUTHEN & MUTHEN
07/27/2025   5:33 PM

INPUT INSTRUCTIONS


    TITLE: Parceling Unconstrained Product Indicator

    DATA:
      FILE = parcelupi_simdat_1831.dat;
      FORMAT IS FREE;

    VARIABLE:
      NAMES = x1 x2 x3
      	    m1 m2 m3 m4 m5 m6
      	    m7 m8 m9 m10 m11 m12
      	    y1 y2 y3
      	    p1 p2 p3
      	    x3p1 x2p2 x1p3;
      USEVARIABLES = x1 x2 x3
      	    m1 m2 m3 m4 m5 m6
      	    m7 m8 m9 m10 m11 m12
      	    y1 y2 y3
      	    x3p1 x2p2 x1p3;

    ANALYSIS:
      TYPE = general;
      ESTIMATOR = MLR;
    MODEL:
      !measurement model
      X BY x3 x2 x1;
      X (var_X);
      M BY m12 m11 m10 m9 m8 m7 m6 m5 m4 m3 m2 m1;
      M (var_M);
      Y BY y3 y2 y1;
      Y (resvar_Y);
      XM BY x3p1 x2p2 x1p3;
      XM (var_XM);

      !covariances between predictors
      X WITH M (cov_XM);
      X WITH XM (cov_XXM);
      M WITH XM (cov_MXM);

      !structural model
      Y ON X (b1);
      Y ON M (b2);
      Y ON XM (b3);

    MODEL CONSTRAINT:

      NEW(var_Y std_b1 std_b2 std_b3);
      var_Y = resvar_Y +
       (b1^2 * var_X +
        b2^2 * var_M +
        b3^2 * var_XM +
        2 * b1 * b2 * cov_XM +
        2 * b1 * b3 * cov_XXM +
        2 * b2 * b3 * cov_MXM);

        std_b1 = b1 * sqrt(var_X) / sqrt(var_Y);
        std_b2 = b2 * sqrt(var_M) / sqrt(var_Y);
        std_b3 = b3 * sqrt(var_X) * sqrt(var_M) / sqrt(var_Y);

    OUTPUT:
      sampstat tech1 CINTERVAL;

    SAVEDATA:
      RESULTS = parcelupi_results_1831.dat;




INPUT READING TERMINATED NORMALLY



Parceling Unconstrained Product Indicator

SUMMARY OF ANALYSIS

Number of groups                                                 1
Number of observations                                         100

Number of dependent variables                                   21
Number of independent variables                                  0
Number of continuous latent variables                            4

Observed dependent variables

  Continuous
   X1          X2          X3          M1          M2          M3
   M4          M5          M6          M7          M8          M9
   M10         M11         M12         Y1          Y2          Y3
   X3P1        X2P2        X1P3

Continuous latent variables
   X           M           Y           XM


Estimator                                                      MLR
Information matrix                                        OBSERVED
Maximum number of iterations                                  1000
Convergence criterion                                    0.500D-04
Maximum number of steepest descent iterations                   20

Input data file(s)
  parcelupi_simdat_1831.dat

Input data format  FREE


SAMPLE STATISTICS


     SAMPLE STATISTICS


           Means
              X1            X2            X3            M1            M2
              ________      ________      ________      ________      ________
                0.000         0.000         0.000         0.000         0.000


           Means
              M3            M4            M5            M6            M7
              ________      ________      ________      ________      ________
                0.000         0.000         0.000         0.000         0.000


           Means
              M8            M9            M10           M11           M12
              ________      ________      ________      ________      ________
                0.000         0.000         0.000         0.000         0.000


           Means
              Y1            Y2            Y3            X3P1          X2P2
              ________      ________      ________      ________      ________
                0.604         0.847         1.075         0.000         0.000


           Means
              X1P3
              ________
                0.000


           Covariances
              X1            X2            X3            M1            M2
              ________      ________      ________      ________      ________
 X1             0.250
 X2             0.066         0.249
 X3             0.050         0.094         0.250
 M1            -0.112        -0.049         0.092         2.707
 M2            -0.033        -0.018        -0.107        -0.516         2.918
 M3             0.076        -0.056         0.084         0.216        -0.523
 M4            -0.072         0.030         0.162        -0.216         0.001
 M5            -0.208        -0.051         0.008         0.002         0.356
 M6            -0.023        -0.076         0.123        -0.049        -0.055
 M7             0.012        -0.051         0.088        -0.257        -0.493
 M8            -0.052         0.084         0.102         0.288        -0.157
 M9             0.130         0.038         0.130        -0.084         0.215
 M10            0.051         0.051         0.079         0.159        -0.099
 M11            0.106         0.123         0.084         0.090        -0.008
 M12            0.064         0.026         0.116         0.095        -0.147
 Y1             0.064         0.038         0.088         0.124        -0.398
 Y2             0.067         0.020         0.059         0.118        -0.120
 Y3             0.025         0.076         0.093         0.297        -0.292
 X3P1           0.023        -0.007         0.005        -0.066         0.074
 X2P2           0.015         0.002         0.014        -0.059        -0.003
 X1P3          -0.001         0.011         0.014         0.029        -0.172


           Covariances
              M3            M4            M5            M6            M7
              ________      ________      ________      ________      ________
 M3             2.689
 M4             0.095         2.701
 M5             0.255         0.906         2.608
 M6             0.564        -0.046         0.359         2.260
 M7             0.534         0.015         0.228         0.719         2.288
 M8             0.204         0.330         0.402         0.183         0.242
 M9             0.153         0.641         0.195         0.182         0.364
 M10            0.366         0.452         0.342         0.433         0.222
 M11            0.348         0.478         0.211         0.310         0.560
 M12            0.691         0.475         0.535         0.796         0.696
 Y1             0.070         0.238         0.050         0.400         0.231
 Y2            -0.027        -0.016        -0.047         0.275         0.234
 Y3             0.117         0.016        -0.316         0.301         0.206
 X3P1           0.102         0.017        -0.055        -0.011         0.016
 X2P2           0.032        -0.095        -0.111        -0.071        -0.061
 X1P3          -0.033         0.088        -0.101        -0.089        -0.011


           Covariances
              M8            M9            M10           M11           M12
              ________      ________      ________      ________      ________
 M8             2.566
 M9             0.498         2.117
 M10            0.557         0.404         2.014
 M11            0.908         0.534         0.893         2.125
 M12            0.756         0.797         1.054         1.002         2.089
 Y1             0.286         0.185         0.208         0.197         0.325
 Y2             0.261         0.157         0.260         0.117         0.253
 Y3             0.109         0.265         0.243         0.161         0.268
 X3P1          -0.081         0.030        -0.025        -0.017         0.006
 X2P2          -0.079         0.015        -0.074        -0.047        -0.034
 X1P3          -0.064         0.110        -0.022         0.012        -0.058


           Covariances
              Y1            Y2            Y3            X3P1          X2P2
              ________      ________      ________      ________      ________
 Y1             0.971
 Y2             0.429         0.895
 Y3             0.567         0.559         1.270
 X3P1          -0.074        -0.023        -0.029         0.188
 X2P2          -0.035        -0.053         0.015         0.039         0.208
 X1P3           0.040        -0.030         0.061         0.015         0.023


           Covariances
              X1P3
              ________
 X1P3           0.234


           Correlations
              X1            X2            X3            M1            M2
              ________      ________      ________      ________      ________
 X1             1.000
 X2             0.263         1.000
 X3             0.202         0.379         1.000
 M1            -0.136        -0.060         0.112         1.000
 M2            -0.038        -0.021        -0.126        -0.184         1.000
 M3             0.092        -0.068         0.103         0.080        -0.187
 M4            -0.087         0.036         0.197        -0.080         0.000
 M5            -0.258        -0.063         0.010         0.001         0.129
 M6            -0.030        -0.101         0.163        -0.020        -0.021
 M7             0.016        -0.067         0.116        -0.103        -0.191
 M8            -0.065         0.105         0.128         0.109        -0.057
 M9             0.178         0.052         0.179        -0.035         0.086
 M10            0.072         0.072         0.111         0.068        -0.041
 M11            0.146         0.169         0.115         0.037        -0.003
 M12            0.089         0.036         0.160         0.040        -0.059
 Y1             0.130         0.077         0.178         0.076        -0.237
 Y2             0.142         0.043         0.125         0.076        -0.074
 Y3             0.044         0.136         0.165         0.160        -0.152
 X3P1           0.105        -0.034         0.023        -0.093         0.100
 X2P2           0.064         0.009         0.060        -0.078        -0.003
 X1P3          -0.005         0.046         0.057         0.037        -0.208


           Correlations
              M3            M4            M5            M6            M7
              ________      ________      ________      ________      ________
 M3             1.000
 M4             0.035         1.000
 M5             0.096         0.341         1.000
 M6             0.229        -0.019         0.148         1.000
 M7             0.216         0.006         0.093         0.316         1.000
 M8             0.078         0.126         0.155         0.076         0.100
 M9             0.064         0.268         0.083         0.083         0.166
 M10            0.157         0.194         0.149         0.203         0.103
 M11            0.146         0.200         0.089         0.141         0.254
 M12            0.291         0.200         0.229         0.366         0.318
 Y1             0.043         0.147         0.031         0.270         0.155
 Y2            -0.017        -0.010        -0.031         0.193         0.164
 Y3             0.063         0.008        -0.174         0.178         0.121
 X3P1           0.143         0.024        -0.079        -0.017         0.025
 X2P2           0.043        -0.126        -0.151        -0.103        -0.089
 X1P3          -0.042         0.111        -0.129        -0.123        -0.015


           Correlations
              M8            M9            M10           M11           M12
              ________      ________      ________      ________      ________
 M8             1.000
 M9             0.214         1.000
 M10            0.245         0.196         1.000
 M11            0.389         0.252         0.432         1.000
 M12            0.327         0.379         0.514         0.476         1.000
 Y1             0.181         0.129         0.149         0.137         0.228
 Y2             0.172         0.114         0.194         0.085         0.185
 Y3             0.060         0.161         0.152         0.098         0.165
 X3P1          -0.117         0.047        -0.040        -0.027         0.010
 X2P2          -0.109         0.023        -0.114        -0.071        -0.052
 X1P3          -0.082         0.156        -0.032         0.017        -0.083


           Correlations
              Y1            Y2            Y3            X3P1          X2P2
              ________      ________      ________      ________      ________
 Y1             1.000
 Y2             0.460         1.000
 Y3             0.511         0.525         1.000
 X3P1          -0.174        -0.055        -0.060         1.000
 X2P2          -0.078        -0.124         0.029         0.198         1.000
 X1P3           0.084        -0.066         0.111         0.070         0.106


           Correlations
              X1P3
              ________
 X1P3           1.000


UNIVARIATE SAMPLE STATISTICS


     UNIVARIATE HIGHER-ORDER MOMENT DESCRIPTIVE STATISTICS

         Variable/         Mean/     Skewness/   Minimum/ % with                Percentiles
        Sample Size      Variance    Kurtosis    Maximum  Min/Max      20%/60%    40%/80%    Median

     X1                    0.000      -0.080      -0.520   48.00%      -0.520     -0.520      0.480
             100.000       0.250      -1.994       0.480   52.00%       0.480      0.480
     X2                    0.000       0.120      -0.470   53.00%      -0.470     -0.470     -0.470
             100.000       0.249      -1.986       0.530   47.00%       0.530      0.530
     X3                    0.000       0.080      -0.480   52.00%      -0.480     -0.480     -0.480
             100.000       0.250      -1.994       0.520   48.00%       0.520      0.520
     M1                    0.000       0.133      -1.850   35.00%      -1.850     -0.850      0.150
             100.000       2.708      -1.614       2.150   27.00%       0.150      2.150
     M2                    0.000       0.111      -1.890   36.00%      -1.890     -0.890      0.110
             100.000       2.918      -1.708       2.110   31.00%       1.110      2.110
     M3                    0.000       0.048      -1.970   31.00%      -1.970     -0.970      0.030
             100.000       2.689      -1.598       2.030   31.00%       0.030      2.030
     M4                    0.000       0.192      -1.830   34.00%      -1.830     -0.830      0.170
             100.000       2.701      -1.591       2.170   28.00%       0.170      2.170
     M5                    0.000      -0.144      -2.150   26.00%      -2.150     -0.150     -0.150
             100.000       2.608      -1.570       1.850   33.00%       0.850      1.850
     M6                    0.000      -0.151      -2.140   22.00%      -2.140     -0.140     -0.140
             100.000       2.260      -1.399       1.860   27.00%       0.860      1.860
     M7                    0.000      -0.082      -2.150   20.00%      -2.150     -0.150     -0.150
             100.000       2.288      -1.439       1.850   30.00%       0.850      1.850
     M8                    0.000      -0.094      -2.120   25.00%      -2.120     -1.120     -0.120
             100.000       2.566      -1.574       1.880   32.00%       0.880      1.880
     M9                    0.000       0.287      -1.770   26.00%      -1.770     -0.770      0.230
             100.000       2.117      -1.254       2.230   20.00%       0.230      1.230
     M10                   0.000      -0.254      -2.190   20.00%      -2.190     -0.190     -0.190
             100.000       2.014      -1.165       1.810   24.00%       0.810      1.810
     M11                   0.000       0.005      -1.930   25.00%      -1.930     -0.930      0.070
             100.000       2.125      -1.372       2.070   19.00%       0.070      1.070
     M12                   0.000      -0.132      -2.030   23.00%      -2.030     -0.030     -0.030
             100.000       2.089      -1.358       1.970   19.00%       0.970      0.970
     Y1                    0.604      -0.373      -2.125    1.00%      -0.251      0.435      0.716
             100.000       0.971      -0.265       2.648    1.00%       0.966      1.304
     Y2                    0.847      -0.520      -1.800    1.00%      -0.037      0.777      0.974
             100.000       0.895       0.147       2.855    1.00%       1.141      1.537
     Y3                    1.075      -0.272      -1.719    1.00%       0.046      0.895      1.199
             100.000       1.270      -0.302       3.613    1.00%       1.525      1.968
     X3P1                  0.000       0.087      -1.027    1.00%      -0.427     -0.187     -0.057
             100.000       0.188      -0.720       0.983    1.00%       0.173      0.413
     X2P2                  0.000       0.167      -0.974    1.00%      -0.494     -0.179     -0.046
             100.000       0.208      -0.796       0.916    3.00%       0.086      0.446
     X1P3                  0.000      -0.144      -1.043    1.00%      -0.490     -0.101      0.037
             100.000       0.234      -0.876       0.940    1.00%       0.157      0.419


     THIS ANALYSIS MAY HAVE MULTIPLE SOLUTIONS.  EXPLORE THIS USING RANDOM STARTS,
     FOR EXAMPLE, STARTS = 20.  USE A LARGE ENOUGH NUMBER OF STARTS SO THAT THE
     BEST FIT FUNCTION VALUE IS REPLICATED SEVERAL TIMES.


THE MODEL ESTIMATION TERMINATED NORMALLY

     THE STANDARD ERRORS OF THE MODEL PARAMETER ESTIMATES MAY NOT BE
     TRUSTWORTHY FOR SOME PARAMETERS DUE TO A NON-POSITIVE DEFINITE
     FIRST-ORDER DERIVATIVE PRODUCT MATRIX.  THIS MAY BE DUE TO THE STARTING
     VALUES BUT MAY ALSO BE AN INDICATION OF MODEL NONIDENTIFICATION.  THE
     CONDITION NUMBER IS      -0.545D-15.  PROBLEM INVOLVING THE FOLLOWING PARAMETER:
     Parameter 40, X2

     THIS IS MOST LIKELY DUE TO VARIABLE X1 BEING DICHOTOMOUS BUT
     DECLARED AS CONTINUOUS.




MODEL FIT INFORMATION

Number of Free Parameters                       69

Loglikelihood

          H0 Value                       -2942.636
          H0 Scaling Correction Factor      0.8662
            for MLR
          H1 Value                       -2853.388
          H1 Scaling Correction Factor      0.9558
            for MLR

Information Criteria

          Akaike (AIC)                    6023.273
          Bayesian (BIC)                  6203.029
          Sample-Size Adjusted BIC        5985.110
            (n* = (n + 2) / 24)

Chi-Square Test of Model Fit

          Value                            180.379*
          Degrees of Freedom                   183
          P-Value                           0.5409
          Scaling Correction Factor         0.9896
            for MLR

*   The chi-square value for MLM, MLMV, MLR, ULSMV, WLSM and WLSMV cannot be used
    for chi-square difference testing in the regular way.  MLM, MLR and WLSM
    chi-square difference testing is described on the Mplus website.  MLMV, WLSMV,
    and ULSMV difference testing is done using the DIFFTEST option.

RMSEA (Root Mean Square Error Of Approximation)

          Estimate                           0.000
          90 Percent C.I.                    0.000  0.042
          Probability RMSEA <= .05           0.986

CFI/TLI

          CFI                                1.000
          TLI                                1.000

Chi-Square Test of Model Fit for the Baseline Model

          Value                            425.255
          Degrees of Freedom                   210
          P-Value                           0.0000

SRMR (Standardized Root Mean Square Residual)

          Value                              0.074



MODEL RESULTS

                                                    Two-Tailed
                    Estimate       S.E.  Est./S.E.    P-Value

 X        BY
    X3                 1.000      0.000    999.000    999.000
    X2                 0.822      0.350      2.350      0.019
    X1                 0.553      0.313      1.768      0.077

 M        BY
    M12                1.000      0.000    999.000    999.000
    M11                0.735      0.127      5.778      0.000
    M10                0.715      0.124      5.752      0.000
    M9                 0.518      0.122      4.253      0.000
    M8                 0.577      0.157      3.667      0.000
    M7                 0.476      0.147      3.241      0.001
    M6                 0.499      0.141      3.531      0.000
    M5                 0.355      0.145      2.449      0.014
    M4                 0.386      0.165      2.343      0.019
    M3                 0.434      0.147      2.944      0.003
    M2                -0.123      0.170     -0.726      0.468
    M1                 0.079      0.162      0.491      0.623

 Y        BY
    Y3                 1.000      0.000    999.000    999.000
    Y2                 0.788      0.168      4.694      0.000
    Y1                 0.824      0.166      4.954      0.000

 XM       BY
    X3P1               1.000      0.000    999.000    999.000
    X2P2               1.714      2.043      0.839      0.402
    X1P3               0.600      0.649      0.925      0.355

 Y        ON
    X                  0.629      0.450      1.399      0.162
    M                  0.177      0.103      1.709      0.087
    XM                -0.799      1.109     -0.720      0.471

 X        WITH
    M                  0.108      0.078      1.383      0.167
    XM                 0.007      0.013      0.535      0.592

 M        WITH
    XM                -0.032      0.039     -0.811      0.417

 Intercepts
    X1                 0.000      0.050      0.000      1.000
    X2                 0.000      0.050      0.000      1.000
    X3                 0.000      0.050      0.000      1.000
    M1                 0.000      0.165      0.000      1.000
    M2                 0.000      0.171      0.000      1.000
    M3                 0.000      0.164      0.000      1.000
    M4                 0.000      0.164      0.000      1.000
    M5                 0.000      0.161      0.000      1.000
    M6                 0.000      0.150      0.000      1.000
    M7                 0.000      0.151      0.000      1.000
    M8                 0.000      0.160      0.000      1.000
    M9                 0.000      0.146      0.000      1.000
    M10                0.000      0.142      0.000      1.000
    M11                0.000      0.146      0.000      1.000
    M12                0.000      0.145      0.000      1.000
    Y1                 0.604      0.099      6.132      0.000
    Y2                 0.847      0.095      8.949      0.000
    Y3                 1.075      0.113      9.537      0.000
    X3P1               0.000      0.043      0.000      1.000
    X2P2               0.000      0.046      0.000      1.000
    X1P3               0.000      0.048      0.000      1.000

 Variances
    X                  0.113      0.052      2.158      0.031
    M                  1.429      0.235      6.081      0.000
    XM                 0.023      0.031      0.734      0.463

 Residual Variances
    X1                 0.215      0.027      7.827      0.000
    X2                 0.173      0.040      4.349      0.000
    X3                 0.137      0.052      2.614      0.009
    M1                 2.698      0.169     15.926      0.000
    M2                 2.896      0.163     17.787      0.000
    M3                 2.420      0.228     10.619      0.000
    M4                 2.488      0.225     11.052      0.000
    M5                 2.428      0.198     12.256      0.000
    M6                 1.904      0.204      9.327      0.000
    M7                 1.963      0.233      8.441      0.000
    M8                 2.090      0.253      8.262      0.000
    M9                 1.734      0.205      8.450      0.000
    M10                1.283      0.209      6.126      0.000
    M11                1.352      0.203      6.648      0.000
    M12                0.660      0.175      3.776      0.000
    Y1                 0.504      0.132      3.806      0.000
    Y2                 0.467      0.111      4.213      0.000
    Y3                 0.582      0.159      3.665      0.000
    X3P1               0.165      0.034      4.907      0.000
    X2P2               0.141      0.080      1.759      0.079
    X1P3               0.225      0.025      8.894      0.000
    Y                  0.559      0.184      3.032      0.002

New/Additional Parameters
    VAR_Y              0.689      0.185      3.725      0.000
    STD_B1             0.255      0.160      1.589      0.112
    STD_B2             0.255      0.147      1.732      0.083
    STD_B3            -0.387      0.549     -0.704      0.481


QUALITY OF NUMERICAL RESULTS

     Condition Number for the Information Matrix              0.164E-04
       (ratio of smallest to largest eigenvalue)


CONFIDENCE INTERVALS OF MODEL RESULTS

                  Lower .5%  Lower 2.5%    Lower 5%    Estimate    Upper 5%  Upper 2.5%   Upper .5%

 X        BY
    X3               1.000       1.000       1.000       1.000       1.000       1.000       1.000
    X2              -0.079       0.136       0.247       0.822       1.398       1.508       1.724
    X1              -0.253      -0.060       0.039       0.553       1.068       1.166       1.359

 M        BY
    M12              1.000       1.000       1.000       1.000       1.000       1.000       1.000
    M11              0.408       0.486       0.526       0.735       0.945       0.985       1.063
    M10              0.395       0.471       0.511       0.715       0.920       0.959       1.035
    M9               0.204       0.279       0.318       0.518       0.718       0.757       0.832
    M8               0.172       0.269       0.318       0.577       0.836       0.886       0.983
    M7               0.098       0.188       0.235       0.476       0.718       0.765       0.855
    M6               0.135       0.222       0.267       0.499       0.732       0.777       0.864
    M5              -0.018       0.071       0.116       0.355       0.593       0.639       0.728
    M4              -0.038       0.063       0.115       0.386       0.657       0.709       0.810
    M3               0.054       0.145       0.192       0.434       0.677       0.723       0.814
    M2              -0.561      -0.456      -0.403      -0.123       0.156       0.210       0.314
    M1              -0.337      -0.237      -0.186       0.079       0.345       0.396       0.496

 Y        BY
    Y3               1.000       1.000       1.000       1.000       1.000       1.000       1.000
    Y2               0.356       0.459       0.512       0.788       1.064       1.117       1.220
    Y1               0.395       0.498       0.550       0.824       1.097       1.150       1.252

 XM       BY
    X3P1             1.000       1.000       1.000       1.000       1.000       1.000       1.000
    X2P2            -3.550      -2.292      -1.648       1.714       5.075       5.719       6.977
    X1P3            -1.072      -0.672      -0.468       0.600       1.668       1.873       2.273

 Y        ON
    X               -0.529      -0.252      -0.111       0.629       1.368       1.510       1.787
    M               -0.090      -0.026       0.007       0.177       0.347       0.380       0.443
    XM              -3.656      -2.973      -2.624      -0.799       1.025       1.375       2.058

 X        WITH
    M               -0.093      -0.045      -0.021       0.108       0.237       0.262       0.310
    XM              -0.027      -0.019      -0.015       0.007       0.029       0.033       0.041

 M        WITH
    XM              -0.132      -0.108      -0.096      -0.032       0.033       0.045       0.069

 Intercepts
    X1              -0.129      -0.098      -0.082       0.000       0.082       0.098       0.129
    X2              -0.129      -0.098      -0.082       0.000       0.082       0.098       0.129
    X3              -0.129      -0.098      -0.082       0.000       0.082       0.098       0.129
    M1              -0.424      -0.323      -0.271       0.000       0.271       0.323       0.424
    M2              -0.440      -0.335      -0.281       0.000       0.281       0.335       0.440
    M3              -0.422      -0.321      -0.270       0.000       0.270       0.321       0.422
    M4              -0.423      -0.322      -0.270       0.000       0.270       0.322       0.423
    M5              -0.416      -0.316      -0.266       0.000       0.266       0.316       0.416
    M6              -0.387      -0.295      -0.247       0.000       0.247       0.295       0.387
    M7              -0.390      -0.296      -0.249       0.000       0.249       0.296       0.390
    M8              -0.413      -0.314      -0.263       0.000       0.263       0.314       0.413
    M9              -0.375      -0.285      -0.239       0.000       0.239       0.285       0.375
    M10             -0.366      -0.278      -0.233       0.000       0.233       0.278       0.366
    M11             -0.375      -0.286      -0.240       0.000       0.240       0.286       0.375
    M12             -0.372      -0.283      -0.238       0.000       0.238       0.283       0.372
    Y1               0.350       0.411       0.442       0.604       0.766       0.797       0.858
    Y2               0.603       0.661       0.691       0.847       1.002       1.032       1.090
    Y3               0.785       0.854       0.889       1.075       1.260       1.296       1.365
    X3P1            -0.112      -0.085      -0.071       0.000       0.071       0.085       0.112
    X2P2            -0.117      -0.089      -0.075       0.000       0.075       0.089       0.117
    X1P3            -0.124      -0.095      -0.080       0.000       0.080       0.095       0.124

 Variances
    X               -0.022       0.010       0.027       0.113       0.199       0.216       0.248
    M                0.824       0.968       1.043       1.429       1.816       1.890       2.035
    XM              -0.057      -0.038      -0.028       0.023       0.074       0.084       0.103

 Residual Variances
    X1               0.144       0.161       0.170       0.215       0.260       0.269       0.286
    X2               0.070       0.095       0.107       0.173       0.238       0.251       0.275
    X3               0.002       0.034       0.051       0.137       0.223       0.239       0.271
    M1               2.262       2.366       2.420       2.698       2.977       3.031       3.135
    M2               2.477       2.577       2.628       2.896       3.164       3.215       3.316
    M3               1.833       1.973       2.045       2.420       2.795       2.866       3.007
    M4               1.908       2.047       2.118       2.488       2.859       2.930       3.068
    M5               1.918       2.039       2.102       2.428       2.754       2.816       2.938
    M6               1.378       1.504       1.568       1.904       2.240       2.304       2.430
    M7               1.364       1.507       1.580       1.963       2.346       2.419       2.562
    M8               1.438       1.594       1.674       2.090       2.506       2.585       2.741
    M9               1.205       1.331       1.396       1.734       2.071       2.136       2.262
    M10              0.744       0.873       0.939       1.283       1.628       1.694       1.823
    M11              0.828       0.954       1.018       1.352       1.687       1.751       1.876
    M12              0.210       0.317       0.372       0.660       0.948       1.003       1.110
    Y1               0.163       0.244       0.286       0.504       0.722       0.763       0.845
    Y2               0.182       0.250       0.285       0.467       0.650       0.685       0.753
    Y3               0.173       0.271       0.321       0.582       0.843       0.893       0.990
    X3P1             0.078       0.099       0.109       0.165       0.220       0.230       0.251
    X2P2            -0.065      -0.016       0.009       0.141       0.272       0.297       0.346
    X1P3             0.160       0.176       0.184       0.225       0.267       0.275       0.291
    Y                0.084       0.198       0.256       0.559       0.862       0.920       1.033

New/Additional Parameters
    VAR_Y            0.212       0.326       0.384       0.689       0.993       1.051       1.165
    STD_B1          -0.158      -0.059      -0.009       0.255       0.518       0.569       0.668
    STD_B2          -0.124      -0.034       0.013       0.255       0.497       0.543       0.634
    STD_B3          -1.802      -1.464      -1.291      -0.387       0.517       0.690       1.028


TECHNICAL 1 OUTPUT


     PARAMETER SPECIFICATION


           NU
              X1            X2            X3            M1            M2
              ________      ________      ________      ________      ________
                  1             2             3             4             5


           NU
              M3            M4            M5            M6            M7
              ________      ________      ________      ________      ________
                  6             7             8             9            10


           NU
              M8            M9            M10           M11           M12
              ________      ________      ________      ________      ________
                 11            12            13            14            15


           NU
              Y1            Y2            Y3            X3P1          X2P2
              ________      ________      ________      ________      ________
                 16            17            18            19            20


           NU
              X1P3
              ________
                 21


           LAMBDA
              X             M             Y             XM
              ________      ________      ________      ________
 X1                22             0             0             0
 X2                23             0             0             0
 X3                 0             0             0             0
 M1                 0            24             0             0
 M2                 0            25             0             0
 M3                 0            26             0             0
 M4                 0            27             0             0
 M5                 0            28             0             0
 M6                 0            29             0             0
 M7                 0            30             0             0
 M8                 0            31             0             0
 M9                 0            32             0             0
 M10                0            33             0             0
 M11                0            34             0             0
 M12                0             0             0             0
 Y1                 0             0            35             0
 Y2                 0             0            36             0
 Y3                 0             0             0             0
 X3P1               0             0             0             0
 X2P2               0             0             0            37
 X1P3               0             0             0            38


           THETA
              X1            X2            X3            M1            M2
              ________      ________      ________      ________      ________
 X1                39
 X2                 0            40
 X3                 0             0            41
 M1                 0             0             0            42
 M2                 0             0             0             0            43
 M3                 0             0             0             0             0
 M4                 0             0             0             0             0
 M5                 0             0             0             0             0
 M6                 0             0             0             0             0
 M7                 0             0             0             0             0
 M8                 0             0             0             0             0
 M9                 0             0             0             0             0
 M10                0             0             0             0             0
 M11                0             0             0             0             0
 M12                0             0             0             0             0
 Y1                 0             0             0             0             0
 Y2                 0             0             0             0             0
 Y3                 0             0             0             0             0
 X3P1               0             0             0             0             0
 X2P2               0             0             0             0             0
 X1P3               0             0             0             0             0


           THETA
              M3            M4            M5            M6            M7
              ________      ________      ________      ________      ________
 M3                44
 M4                 0            45
 M5                 0             0            46
 M6                 0             0             0            47
 M7                 0             0             0             0            48
 M8                 0             0             0             0             0
 M9                 0             0             0             0             0
 M10                0             0             0             0             0
 M11                0             0             0             0             0
 M12                0             0             0             0             0
 Y1                 0             0             0             0             0
 Y2                 0             0             0             0             0
 Y3                 0             0             0             0             0
 X3P1               0             0             0             0             0
 X2P2               0             0             0             0             0
 X1P3               0             0             0             0             0


           THETA
              M8            M9            M10           M11           M12
              ________      ________      ________      ________      ________
 M8                49
 M9                 0            50
 M10                0             0            51
 M11                0             0             0            52
 M12                0             0             0             0            53
 Y1                 0             0             0             0             0
 Y2                 0             0             0             0             0
 Y3                 0             0             0             0             0
 X3P1               0             0             0             0             0
 X2P2               0             0             0             0             0
 X1P3               0             0             0             0             0


           THETA
              Y1            Y2            Y3            X3P1          X2P2
              ________      ________      ________      ________      ________
 Y1                54
 Y2                 0            55
 Y3                 0             0            56
 X3P1               0             0             0            57
 X2P2               0             0             0             0            58
 X1P3               0             0             0             0             0


           THETA
              X1P3
              ________
 X1P3              59


           ALPHA
              X             M             Y             XM
              ________      ________      ________      ________
                  0             0             0             0


           BETA
              X             M             Y             XM
              ________      ________      ________      ________
 X                  0             0             0             0
 M                  0             0             0             0
 Y                 60            61             0            62
 XM                 0             0             0             0


           PSI
              X             M             Y             XM
              ________      ________      ________      ________
 X                 63
 M                 64            65
 Y                  0             0            66
 XM                67            68             0            69


     PARAMETER SPECIFICATION FOR THE ADDITIONAL PARAMETERS


           New/Additional Parameters
              VAR_Y         STD_B1        STD_B2        STD_B3
              ________      ________      ________      ________
                   70            71            72            73


     STARTING VALUES


           NU
              X1            X2            X3            M1            M2
              ________      ________      ________      ________      ________
                0.000         0.000         0.000         0.000         0.000


           NU
              M3            M4            M5            M6            M7
              ________      ________      ________      ________      ________
                0.000         0.000         0.000         0.000         0.000


           NU
              M8            M9            M10           M11           M12
              ________      ________      ________      ________      ________
                0.000         0.000         0.000         0.000         0.000


           NU
              Y1            Y2            Y3            X3P1          X2P2
              ________      ________      ________      ________      ________
                0.604         0.847         1.075         0.000         0.000


           NU
              X1P3
              ________
                0.000


           LAMBDA
              X             M             Y             XM
              ________      ________      ________      ________
 X1             0.695         0.000         0.000         0.000
 X2             1.302         0.000         0.000         0.000
 X3             1.000         0.000         0.000         0.000
 M1             0.000         3.438         0.000         0.000
 M2             0.000        -0.112         0.000         0.000
 M3             0.000         1.176         0.000         0.000
 M4             0.000         1.069         0.000         0.000
 M5             0.000        -1.823         0.000         0.000
 M6             0.000        -0.176         0.000         0.000
 M7             0.000         1.969         0.000         0.000
 M8             0.000         1.564         0.000         0.000
 M9             0.000        -1.128         0.000         0.000
 M10            0.000         1.370         0.000         0.000
 M11            0.000         0.504         0.000         0.000
 M12            0.000         1.000         0.000         0.000
 Y1             0.000         0.000         0.767         0.000
 Y2             0.000         0.000         0.756         0.000
 Y3             0.000         0.000         1.000         0.000
 X3P1           0.000         0.000         0.000         1.000
 X2P2           0.000         0.000         0.000         1.578
 X1P3           0.000         0.000         0.000         0.597


           THETA
              X1            X2            X3            M1            M2
              ________      ________      ________      ________      ________
 X1             0.125
 X2             0.000         0.125
 X3             0.000         0.000         0.125
 M1             0.000         0.000         0.000         1.354
 M2             0.000         0.000         0.000         0.000         1.459
 M3             0.000         0.000         0.000         0.000         0.000
 M4             0.000         0.000         0.000         0.000         0.000
 M5             0.000         0.000         0.000         0.000         0.000
 M6             0.000         0.000         0.000         0.000         0.000
 M7             0.000         0.000         0.000         0.000         0.000
 M8             0.000         0.000         0.000         0.000         0.000
 M9             0.000         0.000         0.000         0.000         0.000
 M10            0.000         0.000         0.000         0.000         0.000
 M11            0.000         0.000         0.000         0.000         0.000
 M12            0.000         0.000         0.000         0.000         0.000
 Y1             0.000         0.000         0.000         0.000         0.000
 Y2             0.000         0.000         0.000         0.000         0.000
 Y3             0.000         0.000         0.000         0.000         0.000
 X3P1           0.000         0.000         0.000         0.000         0.000
 X2P2           0.000         0.000         0.000         0.000         0.000
 X1P3           0.000         0.000         0.000         0.000         0.000


           THETA
              M3            M4            M5            M6            M7
              ________      ________      ________      ________      ________
 M3             1.345
 M4             0.000         1.351
 M5             0.000         0.000         1.304
 M6             0.000         0.000         0.000         1.130
 M7             0.000         0.000         0.000         0.000         1.144
 M8             0.000         0.000         0.000         0.000         0.000
 M9             0.000         0.000         0.000         0.000         0.000
 M10            0.000         0.000         0.000         0.000         0.000
 M11            0.000         0.000         0.000         0.000         0.000
 M12            0.000         0.000         0.000         0.000         0.000
 Y1             0.000         0.000         0.000         0.000         0.000
 Y2             0.000         0.000         0.000         0.000         0.000
 Y3             0.000         0.000         0.000         0.000         0.000
 X3P1           0.000         0.000         0.000         0.000         0.000
 X2P2           0.000         0.000         0.000         0.000         0.000
 X1P3           0.000         0.000         0.000         0.000         0.000


           THETA
              M8            M9            M10           M11           M12
              ________      ________      ________      ________      ________
 M8             1.283
 M9             0.000         1.059
 M10            0.000         0.000         1.007
 M11            0.000         0.000         0.000         1.063
 M12            0.000         0.000         0.000         0.000         1.045
 Y1             0.000         0.000         0.000         0.000         0.000
 Y2             0.000         0.000         0.000         0.000         0.000
 Y3             0.000         0.000         0.000         0.000         0.000
 X3P1           0.000         0.000         0.000         0.000         0.000
 X2P2           0.000         0.000         0.000         0.000         0.000
 X1P3           0.000         0.000         0.000         0.000         0.000


           THETA
              Y1            Y2            Y3            X3P1          X2P2
              ________      ________      ________      ________      ________
 Y1             0.486
 Y2             0.000         0.447
 Y3             0.000         0.000         0.635
 X3P1           0.000         0.000         0.000         0.094
 X2P2           0.000         0.000         0.000         0.000         0.104
 X1P3           0.000         0.000         0.000         0.000         0.000


           THETA
              X1P3
              ________
 X1P3           0.117


           ALPHA
              X             M             Y             XM
              ________      ________      ________      ________
                0.000         0.000         0.000         0.000


           BETA
              X             M             Y             XM
              ________      ________      ________      ________
 X              0.000         0.000         0.000         0.000
 M              0.000         0.000         0.000         0.000
 Y              0.000         0.000         0.000         0.000
 XM             0.000         0.000         0.000         0.000


           PSI
              X             M             Y             XM
              ________      ________      ________      ________
 X              0.050
 M              0.000         0.050
 Y              0.000         0.000         0.050
 XM             0.000         0.000         0.000         0.050


     STARTING VALUES FOR THE ADDITIONAL PARAMETERS


           New/Additional Parameters
              VAR_Y         STD_B1        STD_B2        STD_B3
              ________      ________      ________      ________
                0.500         0.500         0.500         0.500


RESULTS SAVING INFORMATION

  Order of data

    Parameter estimates
     (saved in order shown in Technical 1 output)
    Standard errors
     (saved in order shown in Technical 1 output)
    Number of Free Parameters
    H0 Loglikelihood
    H0 Scaling Correction Factor for MLR
    H1 Loglikelihood
    H1 Scaling Correction Factor for MLR
    Akaike (AIC)
    Bayesian (BIC)
    Sample-Size Adjusted BIC
    Chi-square : Value
    Chi-square : Degrees of Freedom
    Chi-square : P-Value
    Chi-square : Scaling Correction Factor for MLR/MLM/WLSM
    CFI
    TLI
    RMSEA : Estimate
    RMSEA : Low CI
    RMSEA : High CI
    RMSEA : Probability
    SRMR
    Condition Number

  Save file
    parcelupi_results_1831.dat

  Save file format           Free


     Beginning Time:  17:33:40
        Ending Time:  17:33:42
       Elapsed Time:  00:00:02



MUTHEN & MUTHEN
3463 Stoner Ave.
Los Angeles, CA  90066

Tel: (310) 391-9971
Fax: (310) 391-8971
Web: www.StatModel.com
Support: Support@StatModel.com

Copyright (c) 1998-2022 Muthen & Muthen
