Mplus VERSION 8.8 (Mac)
MUTHEN & MUTHEN
07/27/2025   3:24 PM

INPUT INSTRUCTIONS


    TITLE: Parceling Unconstrained Product Indicator

    DATA:
      FILE = parcelupi_simdat_1943.dat;
      FORMAT IS FREE;

    VARIABLE:
      NAMES = x1 x2 x3
      	    m1 m2 m3 m4 m5 m6
      	    m7 m8 m9 m10 m11 m12
      	    y1 y2 y3
      	    p1 p2 p3
      	    x3p1 x2p2 x1p3;
      USEVARIABLES = x1 x2 x3
      	    m1 m2 m3 m4 m5 m6
      	    m7 m8 m9 m10 m11 m12
      	    y1 y2 y3
      	    x3p1 x2p2 x1p3;

    ANALYSIS:
      TYPE = general;
      ESTIMATOR = MLR;
    MODEL:
      !measurement model
      X BY x3 x2 x1;
      X (var_X);
      M BY m12 m11 m10 m9 m8 m7 m6 m5 m4 m3 m2 m1;
      M (var_M);
      Y BY y3 y2 y1;
      Y (resvar_Y);
      XM BY x3p1 x2p2 x1p3;
      XM (var_XM);

      !covariances between predictors
      X WITH M (cov_XM);
      X WITH XM (cov_XXM);
      M WITH XM (cov_MXM);

      !structural model
      Y ON X (b1);
      Y ON M (b2);
      Y ON XM (b3);

    MODEL CONSTRAINT:

      NEW(var_Y std_b1 std_b2 std_b3);
      var_Y = resvar_Y +
       (b1^2 * var_X +
        b2^2 * var_M +
        b3^2 * var_XM +
        2 * b1 * b2 * cov_XM +
        2 * b1 * b3 * cov_XXM +
        2 * b2 * b3 * cov_MXM);

        std_b1 = b1 * sqrt(var_X) / sqrt(var_Y);
        std_b2 = b2 * sqrt(var_M) / sqrt(var_Y);
        std_b3 = b3 * sqrt(var_X) * sqrt(var_M) / sqrt(var_Y);

    OUTPUT:
      sampstat tech1 CINTERVAL;

    SAVEDATA:
      RESULTS = parcelupi_results_1943.dat;




INPUT READING TERMINATED NORMALLY



Parceling Unconstrained Product Indicator

SUMMARY OF ANALYSIS

Number of groups                                                 1
Number of observations                                         100

Number of dependent variables                                   21
Number of independent variables                                  0
Number of continuous latent variables                            4

Observed dependent variables

  Continuous
   X1          X2          X3          M1          M2          M3
   M4          M5          M6          M7          M8          M9
   M10         M11         M12         Y1          Y2          Y3
   X3P1        X2P2        X1P3

Continuous latent variables
   X           M           Y           XM


Estimator                                                      MLR
Information matrix                                        OBSERVED
Maximum number of iterations                                  1000
Convergence criterion                                    0.500D-04
Maximum number of steepest descent iterations                   20

Input data file(s)
  parcelupi_simdat_1943.dat

Input data format  FREE


SAMPLE STATISTICS


     SAMPLE STATISTICS


           Means
              X1            X2            X3            M1            M2
              ________      ________      ________      ________      ________
                0.000         0.000         0.000         0.000         0.000


           Means
              M3            M4            M5            M6            M7
              ________      ________      ________      ________      ________
                0.000         0.000         0.000         0.000         0.000


           Means
              M8            M9            M10           M11           M12
              ________      ________      ________      ________      ________
                0.000         0.000         0.000         0.000         0.000


           Means
              Y1            Y2            Y3            X3P1          X2P2
              ________      ________      ________      ________      ________
                0.636         0.859         0.999         0.000         0.000


           Means
              X1P3
              ________
                0.000


           Covariances
              X1            X2            X3            M1            M2
              ________      ________      ________      ________      ________
 X1             0.248
 X2             0.039         0.242
 X3             0.079         0.087         0.250
 M1            -0.015         0.069        -0.058         2.746
 M2            -0.058         0.091        -0.026        -0.102         2.845
 M3             0.106         0.177        -0.037         0.073         0.230
 M4             0.018         0.004        -0.031         0.315         0.057
 M5            -0.046         0.043         0.077         0.617         0.420
 M6             0.016         0.116        -0.017         0.111        -0.119
 M7             0.122        -0.004         0.071         0.105         0.033
 M8             0.022         0.091         0.004         0.208         0.095
 M9             0.104         0.064         0.107         0.029         0.579
 M10           -0.037         0.006         0.076         0.462        -0.123
 M11            0.099         0.177         0.117         0.089         0.466
 M12            0.172         0.196         0.201         0.215         0.203
 Y1             0.025         0.024         0.076         0.050         0.081
 Y2             0.070        -0.017         0.149        -0.052         0.090
 Y3             0.066         0.098         0.171         0.008        -0.003
 X3P1          -0.024         0.006        -0.002         0.011         0.138
 X2P2          -0.016         0.018         0.056        -0.010        -0.027
 X1P3          -0.004         0.002        -0.043         0.064         0.145


           Covariances
              M3            M4            M5            M6            M7
              ________      ________      ________      ________      ________
 M3             2.540
 M4             0.126         2.498
 M5             0.010         0.144         2.520
 M6             0.418         0.126        -0.088         2.374
 M7            -0.056         0.192         0.506         0.244         2.158
 M8             0.400         0.217        -0.110         0.501         0.483
 M9            -0.148         0.014         0.008         0.056         0.506
 M10            0.155         0.173         0.785        -0.011         0.597
 M11            0.387         0.474         0.673         0.306         0.636
 M12            0.104         0.372         0.596         0.454         0.568
 Y1             0.120        -0.130         0.156        -0.206         0.251
 Y2             0.099         0.104         0.320        -0.147         0.281
 Y3             0.101        -0.182         0.400         0.067         0.293
 X3P1           0.001         0.075         0.056        -0.042         0.011
 X2P2          -0.022         0.041        -0.075         0.125         0.065
 X1P3           0.038         0.019         0.070        -0.035         0.069


           Covariances
              M8            M9            M10           M11           M12
              ________      ________      ________      ________      ________
 M8             2.525
 M9             0.309         2.314
 M10            0.787         0.431         2.528
 M11            1.266         0.644         0.706         2.682
 M12            0.553         0.456         0.857         0.936         2.118
 Y1             0.122         0.096         0.233         0.096         0.194
 Y2             0.208         0.171         0.232         0.214         0.516
 Y3             0.290         0.080         0.279         0.421         0.520
 X3P1           0.038         0.036         0.113         0.101         0.072
 X2P2           0.030         0.155         0.225        -0.004         0.093
 X1P3           0.063        -0.010         0.097         0.094         0.015


           Covariances
              Y1            Y2            Y3            X3P1          X2P2
              ________      ________      ________      ________      ________
 Y1             0.678
 Y2             0.344         0.915
 Y3             0.402         0.584         1.171
 X3P1           0.084         0.000         0.009         0.190
 X2P2           0.035         0.034         0.099         0.033         0.231
 X1P3           0.086         0.032         0.058         0.034        -0.007


           Covariances
              X1P3
              ________
 X1P3           0.185


           Correlations
              X1            X2            X3            M1            M2
              ________      ________      ________      ________      ________
 X1             1.000
 X2             0.157         1.000
 X3             0.318         0.353         1.000
 M1            -0.018         0.085        -0.070         1.000
 M2            -0.069         0.110        -0.031        -0.036         1.000
 M3             0.133         0.226        -0.047         0.028         0.085
 M4             0.023         0.005        -0.039         0.120         0.021
 M5            -0.058         0.055         0.097         0.234         0.157
 M6             0.021         0.153        -0.022         0.043        -0.046
 M7             0.166        -0.005         0.096         0.043         0.013
 M8             0.028         0.117         0.005         0.079         0.035
 M9             0.137         0.086         0.141         0.012         0.226
 M10           -0.047         0.008         0.096         0.175        -0.046
 M11            0.121         0.220         0.143         0.033         0.169
 M12            0.237         0.274         0.276         0.089         0.083
 Y1             0.061         0.060         0.184         0.037         0.059
 Y2             0.148        -0.037         0.311        -0.033         0.056
 Y3             0.122         0.184         0.316         0.005        -0.001
 X3P1          -0.112         0.029        -0.010         0.015         0.187
 X2P2          -0.066         0.077         0.233        -0.012        -0.034
 X1P3          -0.019         0.009        -0.198         0.090         0.200


           Correlations
              M3            M4            M5            M6            M7
              ________      ________      ________      ________      ________
 M3             1.000
 M4             0.050         1.000
 M5             0.004         0.058         1.000
 M6             0.170         0.052        -0.036         1.000
 M7            -0.024         0.083         0.217         0.108         1.000
 M8             0.158         0.086        -0.044         0.205         0.207
 M9            -0.061         0.006         0.003         0.024         0.227
 M10            0.061         0.069         0.311        -0.005         0.256
 M11            0.148         0.183         0.259         0.121         0.265
 M12            0.045         0.162         0.258         0.202         0.266
 Y1             0.091        -0.099         0.119        -0.163         0.207
 Y2             0.065         0.069         0.211        -0.100         0.200
 Y3             0.059        -0.106         0.233         0.040         0.184
 X3P1           0.002         0.108         0.081        -0.063         0.017
 X2P2          -0.029         0.054        -0.099         0.168         0.092
 X1P3           0.056         0.028         0.103        -0.053         0.109


           Correlations
              M8            M9            M10           M11           M12
              ________      ________      ________      ________      ________
 M8             1.000
 M9             0.128         1.000
 M10            0.312         0.178         1.000
 M11            0.487         0.259         0.271         1.000
 M12            0.239         0.206         0.370         0.393         1.000
 Y1             0.093         0.077         0.178         0.071         0.162
 Y2             0.137         0.117         0.152         0.137         0.371
 Y3             0.169         0.049         0.162         0.238         0.330
 X3P1           0.056         0.054         0.164         0.141         0.113
 X2P2           0.039         0.212         0.294        -0.005         0.134
 X1P3           0.092        -0.015         0.142         0.134         0.024


           Correlations
              Y1            Y2            Y3            X3P1          X2P2
              ________      ________      ________      ________      ________
 Y1             1.000
 Y2             0.436         1.000
 Y3             0.451         0.564         1.000
 X3P1           0.234        -0.001         0.018         1.000
 X2P2           0.088         0.075         0.191         0.157         1.000
 X1P3           0.243         0.078         0.125         0.181        -0.034


           Correlations
              X1P3
              ________
 X1P3           1.000


UNIVARIATE SAMPLE STATISTICS


     UNIVARIATE HIGHER-ORDER MOMENT DESCRIPTIVE STATISTICS

         Variable/         Mean/     Skewness/   Minimum/ % with                Percentiles
        Sample Size      Variance    Kurtosis    Maximum  Min/Max      20%/60%    40%/80%    Median

     X1                    0.000      -0.161      -0.540   46.00%      -0.540     -0.540      0.460
             100.000       0.248      -1.974       0.460   54.00%       0.460      0.460
     X2                    0.000       0.366      -0.410   59.00%      -0.410     -0.410     -0.410
             100.000       0.242      -1.866       0.590   41.00%       0.590      0.590
     X3                    0.000      -0.080      -0.520   48.00%      -0.520     -0.520      0.480
             100.000       0.250      -1.994       0.480   52.00%       0.480      0.480
     M1                    0.000       0.112      -1.880   35.00%      -1.880     -0.880      0.120
             100.000       2.746      -1.614       2.120   29.00%       0.120      2.120
     M2                    0.000      -0.035      -2.070   29.00%      -2.070     -1.070     -0.070
             100.000       2.845      -1.704       1.930   35.00%       0.930      1.930
     M3                    0.000       0.156      -1.860   32.00%      -1.860     -0.860      0.140
             100.000       2.540      -1.498       2.140   27.00%       0.140      2.140
     M4                    0.000      -0.020      -2.040   26.00%      -2.040     -1.040     -0.040
             100.000       2.498      -1.544       1.960   29.00%       0.960      1.960
     M5                    0.000      -0.230      -2.140   28.00%      -2.140     -0.140      0.360
             100.000       2.520      -1.508       1.860   28.00%       0.860      1.860
     M6                    0.000       0.269      -1.840   26.00%      -1.840     -0.840     -0.340
             100.000       2.374      -1.421       2.160   26.00%       0.160      2.160
     M7                    0.000       0.050      -1.960   24.00%      -1.960      0.040      0.040
             100.000       2.158      -1.325       2.040   23.00%       0.040      2.040
     M8                    0.000      -0.130      -2.070   28.00%      -2.070     -1.070     -0.070
             100.000       2.525      -1.557       1.930   27.00%       0.930      1.930
     M9                    0.000      -0.169      -2.160   22.00%      -2.160     -0.160     -0.160
             100.000       2.314      -1.438       1.840   28.00%       0.840      1.840
     M10                   0.000      -0.102      -2.180   21.00%      -2.180     -1.180     -0.180
             100.000       2.528      -1.597       1.820   34.00%       0.820      1.820
     M11                   0.000       0.035      -1.910   34.00%      -1.910     -0.910      0.090
             100.000       2.682      -1.635       2.090   26.00%       1.090      2.090
     M12                   0.000       0.108      -1.960   21.00%      -1.960     -0.960      0.040
             100.000       2.118      -1.344       2.040   23.00%       0.040      2.040
     Y1                    0.636       0.106      -1.265    1.00%      -0.139      0.491      0.618
             100.000       0.678      -0.128       2.797    1.00%       0.759      1.226
     Y2                    0.859      -0.319      -1.483    1.00%      -0.123      0.724      0.883
             100.000       0.915      -0.422       2.662    1.00%       1.148      1.701
     Y3                    0.999      -0.195      -1.427    1.00%       0.061      0.667      0.972
             100.000       1.171      -0.504       3.445    1.00%       1.367      1.928
     X3P1                  0.000      -0.047      -1.090    1.00%      -0.440     -0.180      0.005
             100.000       0.190      -0.790       0.900    1.00%       0.180      0.420
     X2P2                  0.000      -0.206      -1.161    2.00%      -0.424     -0.081      0.020
             100.000       0.231      -0.377       1.051    2.00%       0.166      0.329
     X1P3                  0.000       0.028      -0.883    2.00%      -0.378     -0.073     -0.033
             100.000       0.185      -0.588       0.887    3.00%       0.082      0.332


     THIS ANALYSIS MAY HAVE MULTIPLE SOLUTIONS.  EXPLORE THIS USING RANDOM STARTS,
     FOR EXAMPLE, STARTS = 20.  USE A LARGE ENOUGH NUMBER OF STARTS SO THAT THE
     BEST FIT FUNCTION VALUE IS REPLICATED SEVERAL TIMES.


THE MODEL ESTIMATION TERMINATED NORMALLY

     THE STANDARD ERRORS OF THE MODEL PARAMETER ESTIMATES MAY NOT BE
     TRUSTWORTHY FOR SOME PARAMETERS DUE TO A NON-POSITIVE DEFINITE
     FIRST-ORDER DERIVATIVE PRODUCT MATRIX.  THIS MAY BE DUE TO THE STARTING
     VALUES BUT MAY ALSO BE AN INDICATION OF MODEL NONIDENTIFICATION.  THE
     CONDITION NUMBER IS      -0.106D-15.  PROBLEM INVOLVING THE FOLLOWING PARAMETER:
     Parameter 40, X2

     THIS IS MOST LIKELY DUE TO VARIABLE X1 BEING DICHOTOMOUS BUT
     DECLARED AS CONTINUOUS.




MODEL FIT INFORMATION

Number of Free Parameters                       69

Loglikelihood

          H0 Value                       -2940.979
          H0 Scaling Correction Factor      0.9054
            for MLR
          H1 Value                       -2836.614
          H1 Scaling Correction Factor      0.9483
            for MLR

Information Criteria

          Akaike (AIC)                    6019.958
          Bayesian (BIC)                  6199.715
          Sample-Size Adjusted BIC        5981.795
            (n* = (n + 2) / 24)

Chi-Square Test of Model Fit

          Value                            216.402*
          Degrees of Freedom                   183
          P-Value                           0.0461
          Scaling Correction Factor         0.9645
            for MLR

*   The chi-square value for MLM, MLMV, MLR, ULSMV, WLSM and WLSMV cannot be used
    for chi-square difference testing in the regular way.  MLM, MLR and WLSM
    chi-square difference testing is described on the Mplus website.  MLMV, WLSMV,
    and ULSMV difference testing is done using the DIFFTEST option.

RMSEA (Root Mean Square Error Of Approximation)

          Estimate                           0.043
          90 Percent C.I.                    0.006  0.064
          Probability RMSEA <= .05           0.693

CFI/TLI

          CFI                                0.856
          TLI                                0.834

Chi-Square Test of Model Fit for the Baseline Model

          Value                            441.395
          Degrees of Freedom                   210
          P-Value                           0.0000

SRMR (Standardized Root Mean Square Residual)

          Value                              0.078



MODEL RESULTS

                                                    Two-Tailed
                    Estimate       S.E.  Est./S.E.    P-Value

 X        BY
    X3                 1.000      0.000    999.000    999.000
    X2                 0.395      0.238      1.660      0.097
    X1                 0.366      0.256      1.427      0.154

 M        BY
    M12                1.000      0.000    999.000    999.000
    M11                1.182      0.300      3.941      0.000
    M10                0.905      0.227      3.991      0.000
    M9                 0.532      0.195      2.723      0.006
    M8                 0.857      0.284      3.019      0.003
    M7                 0.705      0.213      3.314      0.001
    M6                 0.289      0.199      1.449      0.147
    M5                 0.646      0.199      3.252      0.001
    M4                 0.328      0.193      1.696      0.090
    M3                 0.244      0.223      1.096      0.273
    M2                 0.296      0.243      1.218      0.223
    M1                 0.277      0.219      1.266      0.206

 Y        BY
    Y3                 1.000      0.000    999.000    999.000
    Y2                 0.832      0.144      5.758      0.000
    Y1                 0.579      0.124      4.675      0.000

 XM       BY
    X3P1               1.000      0.000    999.000    999.000
    X2P2              -0.046      1.230     -0.037      0.970
    X1P3               2.508      4.082      0.614      0.539

 Y        ON
    X                  0.804      0.692      1.162      0.245
    M                  0.232      0.344      0.673      0.501
    XM                 2.329      1.864      1.250      0.211

 X        WITH
    M                  0.112      0.082      1.370      0.171
    XM                -0.015      0.015     -1.042      0.298

 M        WITH
    XM                 0.032      0.078      0.407      0.684

 Intercepts
    X1                 0.000      0.050      0.000      1.000
    X2                 0.000      0.049      0.000      1.000
    X3                 0.000      0.050      0.000      1.000
    M1                 0.000      0.166      0.000      1.000
    M2                 0.000      0.169      0.000      1.000
    M3                 0.000      0.159      0.000      1.000
    M4                 0.000      0.158      0.000      1.000
    M5                 0.000      0.159      0.000      1.000
    M6                 0.000      0.154      0.000      1.000
    M7                 0.000      0.147      0.000      1.000
    M8                 0.000      0.159      0.000      1.000
    M9                 0.000      0.152      0.000      1.000
    M10                0.000      0.159      0.000      1.000
    M11                0.000      0.164      0.000      1.000
    M12                0.000      0.146      0.000      1.000
    Y1                 0.636      0.082      7.727      0.000
    Y2                 0.859      0.096      8.978      0.000
    Y3                 0.999      0.108      9.228      0.000
    X3P1               0.000      0.044      0.000      1.000
    X2P2               0.000      0.048      0.000      1.000
    X1P3               0.000      0.043      0.000      1.000

 Variances
    X                  0.219      0.121      1.803      0.071
    M                  0.858      0.285      3.013      0.003
    XM                 0.013      0.027      0.494      0.621

 Residual Variances
    X1                 0.219      0.027      8.006      0.000
    X2                 0.208      0.026      8.111      0.000
    X3                 0.031      0.121      0.253      0.800
    M1                 2.680      0.187     14.359      0.000
    M2                 2.770      0.190     14.601      0.000
    M3                 2.489      0.194     12.824      0.000
    M4                 2.406      0.188     12.768      0.000
    M5                 2.162      0.224      9.634      0.000
    M6                 2.303      0.197     11.687      0.000
    M7                 1.731      0.222      7.815      0.000
    M8                 1.894      0.284      6.680      0.000
    M9                 2.071      0.208      9.949      0.000
    M10                1.825      0.281      6.490      0.000
    M11                1.482      0.359      4.126      0.000
    M12                1.260      0.258      4.880      0.000
    Y1                 0.443      0.072      6.174      0.000
    Y2                 0.429      0.101      4.234      0.000
    Y3                 0.469      0.131      3.572      0.000
    X3P1               0.176      0.033      5.393      0.000
    X2P2               0.231      0.030      7.729      0.000
    X1P3               0.100      0.120      0.837      0.403
    Y                  0.423      0.154      2.756      0.006

New/Additional Parameters
    VAR_Y              0.702      0.168      4.178      0.000
    STD_B1             0.449      0.273      1.645      0.100
    STD_B2             0.256      0.376      0.681      0.496
    STD_B3             1.205      0.982      1.227      0.220


QUALITY OF NUMERICAL RESULTS

     Condition Number for the Information Matrix              0.312E-05
       (ratio of smallest to largest eigenvalue)


CONFIDENCE INTERVALS OF MODEL RESULTS

                  Lower .5%  Lower 2.5%    Lower 5%    Estimate    Upper 5%  Upper 2.5%   Upper .5%

 X        BY
    X3               1.000       1.000       1.000       1.000       1.000       1.000       1.000
    X2              -0.218      -0.071       0.004       0.395       0.786       0.861       1.007
    X1              -0.294      -0.137      -0.056       0.366       0.787       0.868       1.026

 M        BY
    M12              1.000       1.000       1.000       1.000       1.000       1.000       1.000
    M11              0.410       0.594       0.689       1.182       1.675       1.770       1.955
    M10              0.321       0.460       0.532       0.905       1.277       1.349       1.488
    M9               0.029       0.149       0.211       0.532       0.853       0.915       1.035
    M8               0.126       0.301       0.390       0.857       1.324       1.413       1.588
    M7               0.157       0.288       0.355       0.705       1.055       1.122       1.254
    M6              -0.225      -0.102      -0.039       0.289       0.617       0.680       0.803
    M5               0.134       0.257       0.319       0.646       0.973       1.035       1.157
    M4              -0.170      -0.051       0.010       0.328       0.646       0.707       0.826
    M3              -0.330      -0.192      -0.122       0.244       0.610       0.681       0.818
    M2              -0.329      -0.180      -0.104       0.296       0.695       0.771       0.921
    M1              -0.287      -0.152      -0.083       0.277       0.637       0.706       0.841

 Y        BY
    Y3               1.000       1.000       1.000       1.000       1.000       1.000       1.000
    Y2               0.460       0.549       0.594       0.832       1.069       1.115       1.204
    Y1               0.260       0.337       0.376       0.579       0.783       0.822       0.899

 XM       BY
    X3P1             1.000       1.000       1.000       1.000       1.000       1.000       1.000
    X2P2            -3.214      -2.457      -2.069      -0.046       1.978       2.365       3.123
    X1P3            -8.006      -5.492      -4.207       2.508       9.222      10.508      13.021

 Y        ON
    X               -0.978      -0.552      -0.334       0.804       1.942       2.160       2.586
    M               -0.655      -0.443      -0.335       0.232       0.798       0.906       1.118
    XM              -2.471      -1.324      -0.737       2.329       5.395       5.983       7.130

 X        WITH
    M               -0.099      -0.048      -0.023       0.112       0.246       0.272       0.322
    XM              -0.053      -0.044      -0.040      -0.015       0.009       0.014       0.023

 M        WITH
    XM              -0.169      -0.121      -0.097       0.032       0.160       0.185       0.233

 Intercepts
    X1              -0.128      -0.098      -0.082       0.000       0.082       0.098       0.128
    X2              -0.127      -0.096      -0.081       0.000       0.081       0.096       0.127
    X3              -0.129      -0.098      -0.082       0.000       0.082       0.098       0.129
    M1              -0.427      -0.325      -0.273       0.000       0.273       0.325       0.427
    M2              -0.434      -0.331      -0.277       0.000       0.277       0.331       0.434
    M3              -0.411      -0.312      -0.262       0.000       0.262       0.312       0.411
    M4              -0.407      -0.310      -0.260       0.000       0.260       0.310       0.407
    M5              -0.409      -0.311      -0.261       0.000       0.261       0.311       0.409
    M6              -0.397      -0.302      -0.253       0.000       0.253       0.302       0.397
    M7              -0.378      -0.288      -0.242       0.000       0.242       0.288       0.378
    M8              -0.409      -0.311      -0.261       0.000       0.261       0.311       0.409
    M9              -0.392      -0.298      -0.250       0.000       0.250       0.298       0.392
    M10             -0.410      -0.312      -0.262       0.000       0.262       0.312       0.410
    M11             -0.422      -0.321      -0.269       0.000       0.269       0.321       0.422
    M12             -0.375      -0.285      -0.239       0.000       0.239       0.285       0.375
    Y1               0.424       0.475       0.501       0.636       0.772       0.798       0.849
    Y2               0.613       0.671       0.702       0.859       1.016       1.046       1.105
    Y3               0.720       0.787       0.821       0.999       1.177       1.211       1.277
    X3P1            -0.112      -0.085      -0.072       0.000       0.072       0.085       0.112
    X2P2            -0.124      -0.094      -0.079       0.000       0.079       0.094       0.124
    X1P3            -0.111      -0.084      -0.071       0.000       0.071       0.084       0.111

 Variances
    X               -0.094      -0.019       0.019       0.219       0.419       0.457       0.532
    M                0.125       0.300       0.390       0.858       1.327       1.417       1.592
    XM              -0.057      -0.040      -0.031       0.013       0.058       0.067       0.084

 Residual Variances
    X1               0.149       0.165       0.174       0.219       0.264       0.273       0.290
    X2               0.142       0.158       0.166       0.208       0.250       0.258       0.274
    X3              -0.282      -0.207      -0.169       0.031       0.230       0.268       0.343
    M1               2.199       2.314       2.373       2.680       2.987       3.045       3.160
    M2               2.281       2.398       2.458       2.770       3.082       3.142       3.259
    M3               1.989       2.109       2.170       2.489       2.809       2.870       2.989
    M4               1.921       2.037       2.096       2.406       2.716       2.775       2.891
    M5               1.584       1.722       1.793       2.162       2.531       2.602       2.740
    M6               1.795       1.917       1.979       2.303       2.627       2.689       2.810
    M7               1.161       1.297       1.367       1.731       2.096       2.165       2.302
    M8               1.164       1.339       1.428       1.894       2.361       2.450       2.625
    M9               1.535       1.663       1.729       2.071       2.414       2.480       2.608
    M10              1.101       1.274       1.363       1.825       2.288       2.376       2.550
    M11              0.557       0.778       0.891       1.482       2.073       2.186       2.408
    M12              0.595       0.754       0.835       1.260       1.685       1.766       1.925
    Y1               0.258       0.302       0.325       0.443       0.561       0.583       0.627
    Y2               0.168       0.231       0.263       0.429       0.596       0.628       0.691
    Y3               0.131       0.212       0.253       0.469       0.685       0.726       0.807
    X3P1             0.092       0.112       0.122       0.176       0.230       0.240       0.260
    X2P2             0.154       0.173       0.182       0.231       0.280       0.290       0.308
    X1P3            -0.208      -0.134      -0.097       0.100       0.297       0.334       0.408
    Y                0.028       0.122       0.171       0.423       0.676       0.724       0.819

New/Additional Parameters
    VAR_Y            0.269       0.373       0.426       0.702       0.979       1.032       1.135
    STD_B1          -0.254      -0.086       0.000       0.449       0.898       0.984       1.152
    STD_B2          -0.713      -0.481      -0.363       0.256       0.875       0.994       1.225
    STD_B3          -1.325      -0.720      -0.411       1.205       2.821       3.130       3.735


TECHNICAL 1 OUTPUT


     PARAMETER SPECIFICATION


           NU
              X1            X2            X3            M1            M2
              ________      ________      ________      ________      ________
                  1             2             3             4             5


           NU
              M3            M4            M5            M6            M7
              ________      ________      ________      ________      ________
                  6             7             8             9            10


           NU
              M8            M9            M10           M11           M12
              ________      ________      ________      ________      ________
                 11            12            13            14            15


           NU
              Y1            Y2            Y3            X3P1          X2P2
              ________      ________      ________      ________      ________
                 16            17            18            19            20


           NU
              X1P3
              ________
                 21


           LAMBDA
              X             M             Y             XM
              ________      ________      ________      ________
 X1                22             0             0             0
 X2                23             0             0             0
 X3                 0             0             0             0
 M1                 0            24             0             0
 M2                 0            25             0             0
 M3                 0            26             0             0
 M4                 0            27             0             0
 M5                 0            28             0             0
 M6                 0            29             0             0
 M7                 0            30             0             0
 M8                 0            31             0             0
 M9                 0            32             0             0
 M10                0            33             0             0
 M11                0            34             0             0
 M12                0             0             0             0
 Y1                 0             0            35             0
 Y2                 0             0            36             0
 Y3                 0             0             0             0
 X3P1               0             0             0             0
 X2P2               0             0             0            37
 X1P3               0             0             0            38


           THETA
              X1            X2            X3            M1            M2
              ________      ________      ________      ________      ________
 X1                39
 X2                 0            40
 X3                 0             0            41
 M1                 0             0             0            42
 M2                 0             0             0             0            43
 M3                 0             0             0             0             0
 M4                 0             0             0             0             0
 M5                 0             0             0             0             0
 M6                 0             0             0             0             0
 M7                 0             0             0             0             0
 M8                 0             0             0             0             0
 M9                 0             0             0             0             0
 M10                0             0             0             0             0
 M11                0             0             0             0             0
 M12                0             0             0             0             0
 Y1                 0             0             0             0             0
 Y2                 0             0             0             0             0
 Y3                 0             0             0             0             0
 X3P1               0             0             0             0             0
 X2P2               0             0             0             0             0
 X1P3               0             0             0             0             0


           THETA
              M3            M4            M5            M6            M7
              ________      ________      ________      ________      ________
 M3                44
 M4                 0            45
 M5                 0             0            46
 M6                 0             0             0            47
 M7                 0             0             0             0            48
 M8                 0             0             0             0             0
 M9                 0             0             0             0             0
 M10                0             0             0             0             0
 M11                0             0             0             0             0
 M12                0             0             0             0             0
 Y1                 0             0             0             0             0
 Y2                 0             0             0             0             0
 Y3                 0             0             0             0             0
 X3P1               0             0             0             0             0
 X2P2               0             0             0             0             0
 X1P3               0             0             0             0             0


           THETA
              M8            M9            M10           M11           M12
              ________      ________      ________      ________      ________
 M8                49
 M9                 0            50
 M10                0             0            51
 M11                0             0             0            52
 M12                0             0             0             0            53
 Y1                 0             0             0             0             0
 Y2                 0             0             0             0             0
 Y3                 0             0             0             0             0
 X3P1               0             0             0             0             0
 X2P2               0             0             0             0             0
 X1P3               0             0             0             0             0


           THETA
              Y1            Y2            Y3            X3P1          X2P2
              ________      ________      ________      ________      ________
 Y1                54
 Y2                 0            55
 Y3                 0             0            56
 X3P1               0             0             0            57
 X2P2               0             0             0             0            58
 X1P3               0             0             0             0             0


           THETA
              X1P3
              ________
 X1P3              59


           ALPHA
              X             M             Y             XM
              ________      ________      ________      ________
                  0             0             0             0


           BETA
              X             M             Y             XM
              ________      ________      ________      ________
 X                  0             0             0             0
 M                  0             0             0             0
 Y                 60            61             0            62
 XM                 0             0             0             0


           PSI
              X             M             Y             XM
              ________      ________      ________      ________
 X                 63
 M                 64            65
 Y                  0             0            66
 XM                67            68             0            69


     PARAMETER SPECIFICATION FOR THE ADDITIONAL PARAMETERS


           New/Additional Parameters
              VAR_Y         STD_B1        STD_B2        STD_B3
              ________      ________      ________      ________
                   70            71            72            73


     STARTING VALUES


           NU
              X1            X2            X3            M1            M2
              ________      ________      ________      ________      ________
                0.000         0.000         0.000         0.000         0.000


           NU
              M3            M4            M5            M6            M7
              ________      ________      ________      ________      ________
                0.000         0.000         0.000         0.000         0.000


           NU
              M8            M9            M10           M11           M12
              ________      ________      ________      ________      ________
                0.000         0.000         0.000         0.000         0.000


           NU
              Y1            Y2            Y3            X3P1          X2P2
              ________      ________      ________      ________      ________
                0.636         0.859         0.999         0.000         0.000


           NU
              X1P3
              ________
                0.000


           LAMBDA
              X             M             Y             XM
              ________      ________      ________      ________
 X1             0.445         0.000         0.000         0.000
 X2             0.487         0.000         0.000         0.000
 X3             1.000         0.000         0.000         0.000
 M1             0.000         1.192         0.000         0.000
 M2             0.000         0.274         0.000         0.000
 M3             0.000         0.140         0.000         0.000
 M4             0.000         0.136         0.000         0.000
 M5             0.000         0.992         0.000         0.000
 M6             0.000         0.106         0.000         0.000
 M7             0.000         0.890         0.000         0.000
 M8             0.000         0.090         0.000         0.000
 M9             0.000        -0.230         0.000         0.000
 M10            0.000         1.406         0.000         0.000
 M11            0.000         1.429         0.000         0.000
 M12            0.000         1.000         0.000         0.000
 Y1             0.000         0.000         0.588         0.000
 Y2             0.000         0.000         0.855         0.000
 Y3             0.000         0.000         1.000         0.000
 X3P1           0.000         0.000         0.000         1.000
 X2P2           0.000         0.000         0.000         1.000
 X1P3           0.000         0.000         0.000         1.000


           THETA
              X1            X2            X3            M1            M2
              ________      ________      ________      ________      ________
 X1             0.124
 X2             0.000         0.121
 X3             0.000         0.000         0.125
 M1             0.000         0.000         0.000         1.373
 M2             0.000         0.000         0.000         0.000         1.423
 M3             0.000         0.000         0.000         0.000         0.000
 M4             0.000         0.000         0.000         0.000         0.000
 M5             0.000         0.000         0.000         0.000         0.000
 M6             0.000         0.000         0.000         0.000         0.000
 M7             0.000         0.000         0.000         0.000         0.000
 M8             0.000         0.000         0.000         0.000         0.000
 M9             0.000         0.000         0.000         0.000         0.000
 M10            0.000         0.000         0.000         0.000         0.000
 M11            0.000         0.000         0.000         0.000         0.000
 M12            0.000         0.000         0.000         0.000         0.000
 Y1             0.000         0.000         0.000         0.000         0.000
 Y2             0.000         0.000         0.000         0.000         0.000
 Y3             0.000         0.000         0.000         0.000         0.000
 X3P1           0.000         0.000         0.000         0.000         0.000
 X2P2           0.000         0.000         0.000         0.000         0.000
 X1P3           0.000         0.000         0.000         0.000         0.000


           THETA
              M3            M4            M5            M6            M7
              ________      ________      ________      ________      ________
 M3             1.270
 M4             0.000         1.249
 M5             0.000         0.000         1.260
 M6             0.000         0.000         0.000         1.187
 M7             0.000         0.000         0.000         0.000         1.079
 M8             0.000         0.000         0.000         0.000         0.000
 M9             0.000         0.000         0.000         0.000         0.000
 M10            0.000         0.000         0.000         0.000         0.000
 M11            0.000         0.000         0.000         0.000         0.000
 M12            0.000         0.000         0.000         0.000         0.000
 Y1             0.000         0.000         0.000         0.000         0.000
 Y2             0.000         0.000         0.000         0.000         0.000
 Y3             0.000         0.000         0.000         0.000         0.000
 X3P1           0.000         0.000         0.000         0.000         0.000
 X2P2           0.000         0.000         0.000         0.000         0.000
 X1P3           0.000         0.000         0.000         0.000         0.000


           THETA
              M8            M9            M10           M11           M12
              ________      ________      ________      ________      ________
 M8             1.263
 M9             0.000         1.157
 M10            0.000         0.000         1.264
 M11            0.000         0.000         0.000         1.341
 M12            0.000         0.000         0.000         0.000         1.059
 Y1             0.000         0.000         0.000         0.000         0.000
 Y2             0.000         0.000         0.000         0.000         0.000
 Y3             0.000         0.000         0.000         0.000         0.000
 X3P1           0.000         0.000         0.000         0.000         0.000
 X2P2           0.000         0.000         0.000         0.000         0.000
 X1P3           0.000         0.000         0.000         0.000         0.000


           THETA
              Y1            Y2            Y3            X3P1          X2P2
              ________      ________      ________      ________      ________
 Y1             0.339
 Y2             0.000         0.458
 Y3             0.000         0.000         0.586
 X3P1           0.000         0.000         0.000         0.095
 X2P2           0.000         0.000         0.000         0.000         0.116
 X1P3           0.000         0.000         0.000         0.000         0.000


           THETA
              X1P3
              ________
 X1P3           0.092


           ALPHA
              X             M             Y             XM
              ________      ________      ________      ________
                0.000         0.000         0.000         0.000


           BETA
              X             M             Y             XM
              ________      ________      ________      ________
 X              0.000         0.000         0.000         0.000
 M              0.000         0.000         0.000         0.000
 Y              0.000         0.000         0.000         0.000
 XM             0.000         0.000         0.000         0.000


           PSI
              X             M             Y             XM
              ________      ________      ________      ________
 X              0.050
 M              0.000         0.050
 Y              0.000         0.000         0.050
 XM             0.000         0.000         0.000         0.050


     STARTING VALUES FOR THE ADDITIONAL PARAMETERS


           New/Additional Parameters
              VAR_Y         STD_B1        STD_B2        STD_B3
              ________      ________      ________      ________
                0.500         0.500         0.500         0.500


RESULTS SAVING INFORMATION

  Order of data

    Parameter estimates
     (saved in order shown in Technical 1 output)
    Standard errors
     (saved in order shown in Technical 1 output)
    Number of Free Parameters
    H0 Loglikelihood
    H0 Scaling Correction Factor for MLR
    H1 Loglikelihood
    H1 Scaling Correction Factor for MLR
    Akaike (AIC)
    Bayesian (BIC)
    Sample-Size Adjusted BIC
    Chi-square : Value
    Chi-square : Degrees of Freedom
    Chi-square : P-Value
    Chi-square : Scaling Correction Factor for MLR/MLM/WLSM
    CFI
    TLI
    RMSEA : Estimate
    RMSEA : Low CI
    RMSEA : High CI
    RMSEA : Probability
    SRMR
    Condition Number

  Save file
    parcelupi_results_1943.dat

  Save file format           Free


     Beginning Time:  15:24:53
        Ending Time:  15:24:55
       Elapsed Time:  00:00:02



MUTHEN & MUTHEN
3463 Stoner Ave.
Los Angeles, CA  90066

Tel: (310) 391-9971
Fax: (310) 391-8971
Web: www.StatModel.com
Support: Support@StatModel.com

Copyright (c) 1998-2022 Muthen & Muthen
