Mplus VERSION 8.8 (Mac)
MUTHEN & MUTHEN
07/27/2025   8:15 PM

INPUT INSTRUCTIONS


    TITLE: Parceling Unconstrained Product Indicator

    DATA:
      FILE = parcelupi_simdat_1642.dat;
      FORMAT IS FREE;

    VARIABLE:
      NAMES = x1 x2 x3
      	    m1 m2 m3 m4 m5 m6
      	    m7 m8 m9 m10 m11 m12
      	    y1 y2 y3
      	    p1 p2 p3
      	    x3p1 x2p2 x1p3;
      USEVARIABLES = x1 x2 x3
      	    m1 m2 m3 m4 m5 m6
      	    m7 m8 m9 m10 m11 m12
      	    y1 y2 y3
      	    x3p1 x2p2 x1p3;

    ANALYSIS:
      TYPE = general;
      ESTIMATOR = MLR;
    MODEL:
      !measurement model
      X BY x3 x2 x1;
      X (var_X);
      M BY m12 m11 m10 m9 m8 m7 m6 m5 m4 m3 m2 m1;
      M (var_M);
      Y BY y3 y2 y1;
      Y (resvar_Y);
      XM BY x3p1 x2p2 x1p3;
      XM (var_XM);

      !covariances between predictors
      X WITH M (cov_XM);
      X WITH XM (cov_XXM);
      M WITH XM (cov_MXM);

      !structural model
      Y ON X (b1);
      Y ON M (b2);
      Y ON XM (b3);

    MODEL CONSTRAINT:

      NEW(var_Y std_b1 std_b2 std_b3);
      var_Y = resvar_Y +
       (b1^2 * var_X +
        b2^2 * var_M +
        b3^2 * var_XM +
        2 * b1 * b2 * cov_XM +
        2 * b1 * b3 * cov_XXM +
        2 * b2 * b3 * cov_MXM);

        std_b1 = b1 * sqrt(var_X) / sqrt(var_Y);
        std_b2 = b2 * sqrt(var_M) / sqrt(var_Y);
        std_b3 = b3 * sqrt(var_X) * sqrt(var_M) / sqrt(var_Y);

    OUTPUT:
      sampstat tech1 CINTERVAL;

    SAVEDATA:
      RESULTS = parcelupi_results_1642.dat;




INPUT READING TERMINATED NORMALLY



Parceling Unconstrained Product Indicator

SUMMARY OF ANALYSIS

Number of groups                                                 1
Number of observations                                         100

Number of dependent variables                                   21
Number of independent variables                                  0
Number of continuous latent variables                            4

Observed dependent variables

  Continuous
   X1          X2          X3          M1          M2          M3
   M4          M5          M6          M7          M8          M9
   M10         M11         M12         Y1          Y2          Y3
   X3P1        X2P2        X1P3

Continuous latent variables
   X           M           Y           XM


Estimator                                                      MLR
Information matrix                                        OBSERVED
Maximum number of iterations                                  1000
Convergence criterion                                    0.500D-04
Maximum number of steepest descent iterations                   20

Input data file(s)
  parcelupi_simdat_1642.dat

Input data format  FREE


SAMPLE STATISTICS


     SAMPLE STATISTICS


           Means
              X1            X2            X3            M1            M2
              ________      ________      ________      ________      ________
                0.000         0.000         0.000         0.000         0.000


           Means
              M3            M4            M5            M6            M7
              ________      ________      ________      ________      ________
                0.000         0.000         0.000         0.000         0.000


           Means
              M8            M9            M10           M11           M12
              ________      ________      ________      ________      ________
                0.000         0.000         0.000         0.000         0.000


           Means
              Y1            Y2            Y3            X3P1          X2P2
              ________      ________      ________      ________      ________
                0.688         0.883         1.225         0.000         0.000


           Means
              X1P3
              ________
                0.000


           Covariances
              X1            X2            X3            M1            M2
              ________      ________      ________      ________      ________
 X1             0.244
 X2             0.110         0.250
 X3             0.073         0.125         0.249
 M1             0.125         0.010        -0.018         2.496
 M2            -0.009         0.075         0.023        -0.327         2.208
 M3            -0.067        -0.020        -0.029         0.208         0.222
 M4             0.003         0.040         0.115         0.360         0.068
 M5             0.123         0.055         0.134        -0.158        -0.142
 M6             0.005        -0.010         0.028         0.204         0.157
 M7            -0.020        -0.025        -0.066         0.091         0.465
 M8            -0.004        -0.060        -0.045         0.071         0.141
 M9             0.171         0.135         0.167         0.106         0.433
 M10            0.105         0.185         0.079         0.262        -0.034
 M11           -0.026         0.025         0.008         0.173         0.315
 M12            0.113         0.030         0.011         0.128        -0.228
 Y1             0.065         0.047         0.028         0.006         0.063
 Y2             0.028         0.025         0.109        -0.060        -0.111
 Y3             0.043         0.076         0.102        -0.032        -0.039
 X3P1          -0.012        -0.049         0.004        -0.056         0.055
 X2P2           0.012         0.000         0.017         0.208         0.023
 X1P3           0.001        -0.010        -0.017         0.074         0.033


           Covariances
              M3            M4            M5            M6            M7
              ________      ________      ________      ________      ________
 M3             2.918
 M4            -0.026         2.114
 M5             0.141         0.475         2.649
 M6             0.552         0.400         0.278         2.476
 M7             0.538        -0.040         0.369         0.239         2.094
 M8            -0.323        -0.001         0.455         0.279         0.426
 M9             0.147         0.259         0.892         0.304         0.678
 M10            0.075         0.129         0.914         0.338         0.500
 M11            0.146         0.252         0.253         0.317         0.576
 M12            0.078         0.534         0.761         0.452         0.428
 Y1            -0.014         0.131        -0.007         0.090         0.083
 Y2             0.196        -0.127         0.274         0.068         0.165
 Y3            -0.011         0.059         0.074        -0.139         0.204
 X3P1          -0.050        -0.083         0.013         0.004         0.021
 X2P2           0.051        -0.006        -0.085        -0.016        -0.055
 X1P3          -0.056        -0.114        -0.045        -0.041         0.018


           Covariances
              M8            M9            M10           M11           M12
              ________      ________      ________      ________      ________
 M8             2.268
 M9             0.573         2.445
 M10            0.903         0.971         2.293
 M11            0.780         0.632         0.756         1.998
 M12            0.577         0.707         1.115         0.826         2.358
 Y1             0.019         0.228         0.173         0.143         0.333
 Y2             0.117         0.080         0.204         0.156         0.246
 Y3             0.052        -0.090         0.101         0.267         0.319
 X3P1           0.055        -0.030        -0.117         0.016        -0.056
 X2P2          -0.072        -0.037        -0.121        -0.058        -0.109
 X1P3           0.082        -0.039        -0.027         0.026        -0.012


           Covariances
              Y1            Y2            Y3            X3P1          X2P2
              ________      ________      ________      ________      ________
 Y1             0.614
 Y2             0.310         0.876
 Y3             0.406         0.706         1.502
 X3P1           0.048         0.122         0.123         0.204
 X2P2           0.011         0.010        -0.018         0.065         0.198
 X1P3           0.025        -0.034        -0.018         0.043         0.025


           Covariances
              X1P3
              ________
 X1P3           0.213


           Correlations
              X1            X2            X3            M1            M2
              ________      ________      ________      ________      ________
 X1             1.000
 X2             0.446         1.000
 X3             0.295         0.501         1.000
 M1             0.160         0.013        -0.023         1.000
 M2            -0.012         0.101         0.032        -0.139         1.000
 M3            -0.079        -0.023        -0.034         0.077         0.087
 M4             0.004         0.055         0.158         0.157         0.031
 M5             0.153         0.068         0.165        -0.062        -0.059
 M6             0.007        -0.013         0.036         0.082         0.067
 M7            -0.028        -0.035        -0.091         0.040         0.217
 M8            -0.006        -0.080        -0.060         0.030         0.063
 M9             0.221         0.173         0.214         0.043         0.187
 M10            0.141         0.244         0.104         0.110        -0.015
 M11           -0.038         0.035         0.012         0.078         0.150
 M12            0.149         0.039         0.015         0.053        -0.100
 Y1             0.169         0.119         0.072         0.005         0.054
 Y2             0.061         0.054         0.233        -0.041        -0.080
 Y3             0.071         0.124         0.166        -0.017        -0.022
 X3P1          -0.054        -0.219         0.018        -0.078         0.082
 X2P2           0.053         0.000         0.078         0.295         0.034
 X1P3           0.004        -0.044        -0.076         0.101         0.049


           Correlations
              M3            M4            M5            M6            M7
              ________      ________      ________      ________      ________
 M3             1.000
 M4            -0.011         1.000
 M5             0.051         0.201         1.000
 M6             0.205         0.175         0.109         1.000
 M7             0.217        -0.019         0.157         0.105         1.000
 M8            -0.125        -0.001         0.185         0.118         0.195
 M9             0.055         0.114         0.351         0.124         0.300
 M10            0.029         0.059         0.371         0.142         0.228
 M11            0.060         0.123         0.110         0.142         0.282
 M12            0.030         0.239         0.305         0.187         0.192
 Y1            -0.011         0.115        -0.005         0.073         0.073
 Y2             0.123        -0.094         0.180         0.046         0.122
 Y3            -0.005         0.033         0.037        -0.072         0.115
 X3P1          -0.064        -0.127         0.018         0.006         0.032
 X2P2           0.067        -0.009        -0.117        -0.023        -0.085
 X1P3          -0.071        -0.170        -0.060        -0.057         0.027


           Correlations
              M8            M9            M10           M11           M12
              ________      ________      ________      ________      ________
 M8             1.000
 M9             0.243         1.000
 M10            0.396         0.410         1.000
 M11            0.366         0.286         0.353         1.000
 M12            0.250         0.294         0.479         0.380         1.000
 Y1             0.016         0.186         0.146         0.129         0.277
 Y2             0.083         0.055         0.144         0.118         0.171
 Y3             0.028        -0.047         0.054         0.154         0.170
 X3P1           0.081        -0.042        -0.171         0.025        -0.080
 X2P2          -0.107        -0.053        -0.180        -0.092        -0.159
 X1P3           0.118        -0.055        -0.038         0.040        -0.016


           Correlations
              Y1            Y2            Y3            X3P1          X2P2
              ________      ________      ________      ________      ________
 Y1             1.000
 Y2             0.424         1.000
 Y3             0.423         0.615         1.000
 X3P1           0.137         0.288         0.222         1.000
 X2P2           0.031         0.024        -0.033         0.326         1.000
 X1P3           0.070        -0.080        -0.032         0.206         0.124


           Correlations
              X1P3
              ________
 X1P3           1.000


UNIVARIATE SAMPLE STATISTICS


     UNIVARIATE HIGHER-ORDER MOMENT DESCRIPTIVE STATISTICS

         Variable/         Mean/     Skewness/   Minimum/ % with                Percentiles
        Sample Size      Variance    Kurtosis    Maximum  Min/Max      20%/60%    40%/80%    Median

     X1                    0.000       0.324      -0.420   58.00%      -0.420     -0.420     -0.420
             100.000       0.244      -1.895       0.580   42.00%       0.580      0.580
     X2                    0.000       0.000      -0.500   50.00%      -0.500     -0.500      0.000
             100.000       0.250      -2.000       0.500   50.00%       0.500      0.500
     X3                    0.000       0.120      -0.470   53.00%      -0.470     -0.470     -0.470
             100.000       0.249      -1.986       0.530   47.00%       0.530      0.530
     M1                    0.000      -0.114      -2.060   28.00%      -2.060     -0.060     -0.060
             100.000       2.496      -1.531       1.940   27.00%       0.940      1.940
     M2                    0.000       0.049      -1.950   24.00%      -1.950     -0.950      0.050
             100.000       2.207      -1.414       2.050   22.00%       0.050      2.050
     M3                    0.000      -0.038      -2.040   33.00%      -2.040     -1.040     -0.040
             100.000       2.918      -1.699       1.960   35.00%       0.960      1.960
     M4                    0.000      -0.123      -2.160   18.00%      -1.160     -0.160     -0.160
             100.000       2.114      -1.359       1.840   26.00%       0.840      1.840
     M5                    0.000       0.021      -1.970   31.00%      -1.970     -0.970      0.030
             100.000       2.649      -1.597       2.030   29.00%       1.030      2.030
     M6                    0.000       0.007      -1.940   30.00%      -1.940     -0.940      0.060
             100.000       2.476      -1.547       2.060   24.00%       1.060      2.060
     M7                    0.000      -0.273      -2.310   16.00%      -1.310     -0.310     -0.310
             100.000       2.094      -1.285       1.690   30.00%       0.690      1.690
     M8                    0.000       0.114      -1.820   31.00%      -1.820     -0.820      0.180
             100.000       2.268      -1.394       2.180   20.00%       0.180      1.180
     M9                    0.000      -0.085      -2.070   26.00%      -2.070     -0.070     -0.070
             100.000       2.445      -1.503       1.930   28.00%       0.930      1.930
     M10                   0.000      -0.152      -2.130   24.00%      -2.130     -0.130     -0.130
             100.000       2.293      -1.366       1.870   28.00%       0.870      1.870
     M11                   0.000      -0.110      -2.110   18.00%      -1.110     -0.110     -0.110
             100.000       1.998      -1.296       1.890   22.00%       0.890      1.890
     M12                   0.000      -0.100      -2.040   26.00%      -2.040     -1.040     -0.040
             100.000       2.358      -1.491       1.960   24.00%       0.960      1.960
     Y1                    0.688      -0.064      -1.809    1.00%       0.110      0.444      0.599
             100.000       0.614       0.790       2.699    1.00%       0.875      1.302
     Y2                    0.883      -0.388      -1.485    1.00%       0.111      0.634      1.009
             100.000       0.876      -0.229       3.065    1.00%       1.232      1.668
     Y3                    1.225      -0.559      -3.096    1.00%       0.309      0.819      1.283
             100.000       1.502       0.343       3.385    1.00%       1.723      2.268
     X3P1                  0.000      -0.246      -1.040    1.00%      -0.500     -0.112      0.020
             100.000       0.204      -0.732       0.910    1.00%       0.153      0.440
     X2P2                  0.000       0.240      -1.042    1.00%      -0.380     -0.168     -0.043
             100.000       0.198      -0.469       0.995    2.00%       0.083      0.370
     X1P3                  0.000       0.078      -1.082    1.00%      -0.382     -0.172      0.038
             100.000       0.213      -0.615       1.093    1.00%       0.143      0.458


     THIS ANALYSIS MAY HAVE MULTIPLE SOLUTIONS.  EXPLORE THIS USING RANDOM STARTS,
     FOR EXAMPLE, STARTS = 20.  USE A LARGE ENOUGH NUMBER OF STARTS SO THAT THE
     BEST FIT FUNCTION VALUE IS REPLICATED SEVERAL TIMES.


THE MODEL ESTIMATION TERMINATED NORMALLY

     THE STANDARD ERRORS OF THE MODEL PARAMETER ESTIMATES MAY NOT BE
     TRUSTWORTHY FOR SOME PARAMETERS DUE TO A NON-POSITIVE DEFINITE
     FIRST-ORDER DERIVATIVE PRODUCT MATRIX.  THIS MAY BE DUE TO THE STARTING
     VALUES BUT MAY ALSO BE AN INDICATION OF MODEL NONIDENTIFICATION.  THE
     CONDITION NUMBER IS      -0.214D-15.  PROBLEM INVOLVING THE FOLLOWING PARAMETER:
     Parameter 67, XM WITH X (equality/label)

     THIS IS MOST LIKELY DUE TO VARIABLE X1 BEING DICHOTOMOUS BUT
     DECLARED AS CONTINUOUS.


     WARNING:  THE RESIDUAL COVARIANCE MATRIX (THETA) IS NOT POSITIVE DEFINITE.
     THIS COULD INDICATE A NEGATIVE VARIANCE/RESIDUAL VARIANCE FOR AN OBSERVED
     VARIABLE, A CORRELATION GREATER OR EQUAL TO ONE BETWEEN TWO OBSERVED
     VARIABLES, OR A LINEAR DEPENDENCY AMONG MORE THAN TWO OBSERVED VARIABLES.
     CHECK THE RESULTS SECTION FOR MORE INFORMATION.
     PROBLEM INVOLVING VARIABLE X3P1.




MODEL FIT INFORMATION

Number of Free Parameters                       69

Loglikelihood

          H0 Value                       -2888.707
          H0 Scaling Correction Factor      0.8840
            for MLR
          H1 Value                       -2795.692
          H1 Scaling Correction Factor      0.9595
            for MLR

Information Criteria

          Akaike (AIC)                    5915.413
          Bayesian (BIC)                  6095.170
          Sample-Size Adjusted BIC        5877.251
            (n* = (n + 2) / 24)

Chi-Square Test of Model Fit

          Value                            188.311*
          Degrees of Freedom                   183
          P-Value                           0.3784
          Scaling Correction Factor         0.9879
            for MLR

*   The chi-square value for MLM, MLMV, MLR, ULSMV, WLSM and WLSMV cannot be used
    for chi-square difference testing in the regular way.  MLM, MLR and WLSM
    chi-square difference testing is described on the Mplus website.  MLMV, WLSMV,
    and ULSMV difference testing is done using the DIFFTEST option.

RMSEA (Root Mean Square Error Of Approximation)

          Estimate                           0.017
          90 Percent C.I.                    0.000  0.048
          Probability RMSEA <= .05           0.964

CFI/TLI

          CFI                                0.980
          TLI                                0.977

Chi-Square Test of Model Fit for the Baseline Model

          Value                            471.911
          Degrees of Freedom                   210
          P-Value                           0.0000

SRMR (Standardized Root Mean Square Residual)

          Value                              0.073



MODEL RESULTS

                                                    Two-Tailed
                    Estimate       S.E.  Est./S.E.    P-Value

 X        BY
    X3                 1.000      0.000    999.000    999.000
    X2                 1.594      0.525      3.037      0.002
    X1                 0.886      0.220      4.020      0.000

 M        BY
    M12                1.000      0.000    999.000    999.000
    M11                0.783      0.189      4.149      0.000
    M10                1.147      0.231      4.965      0.000
    M9                 0.910      0.238      3.818      0.000
    M8                 0.737      0.219      3.364      0.001
    M7                 0.568      0.200      2.836      0.005
    M6                 0.401      0.183      2.184      0.029
    M5                 0.783      0.220      3.564      0.000
    M4                 0.302      0.177      1.708      0.088
    M3                 0.148      0.206      0.717      0.473
    M2                 0.105      0.203      0.518      0.604
    M1                 0.174      0.184      0.947      0.344

 Y        BY
    Y3                 1.000      0.000    999.000    999.000
    Y2                 0.824      0.164      5.023      0.000
    Y1                 0.457      0.119      3.855      0.000

 XM       BY
    X3P1               1.000      0.000    999.000    999.000
    X2P2               0.129      0.225      0.573      0.567
    X1P3               0.082      0.169      0.487      0.627

 Y        ON
    X                  0.523      0.462      1.132      0.258
    M                  0.209      0.120      1.738      0.082
    XM                 0.322      0.562      0.573      0.567

 X        WITH
    M                  0.054      0.043      1.246      0.213
    XM                -0.027      0.013     -2.135      0.033

 M        WITH
    XM                -0.023      0.071     -0.322      0.747

 Intercepts
    X1                 0.000      0.049      0.000      1.000
    X2                 0.000      0.050      0.000      1.000
    X3                 0.000      0.050      0.000      1.000
    M1                 0.000      0.158      0.000      1.000
    M2                 0.000      0.149      0.000      1.000
    M3                 0.000      0.171      0.000      1.000
    M4                 0.000      0.145      0.000      1.000
    M5                 0.000      0.163      0.000      1.000
    M6                 0.000      0.157      0.000      1.000
    M7                 0.000      0.145      0.000      1.000
    M8                 0.000      0.151      0.000      1.000
    M9                 0.000      0.156      0.000      1.000
    M10                0.000      0.151      0.000      1.000
    M11                0.000      0.141      0.000      1.000
    M12                0.000      0.154      0.000      1.000
    Y1                 0.688      0.078      8.780      0.000
    Y2                 0.883      0.094      9.437      0.000
    Y3                 1.225      0.123      9.994      0.000
    X3P1               0.000      0.045      0.000      1.000
    X2P2               0.000      0.045      0.000      1.000
    X1P3               0.000      0.046      0.000      1.000

 Variances
    X                  0.078      0.033      2.351      0.019
    M                  0.936      0.308      3.038      0.002
    XM                 0.498      0.830      0.600      0.549

 Residual Variances
    X1                 0.182      0.027      6.655      0.000
    X2                 0.051      0.061      0.828      0.408
    X3                 0.171      0.033      5.127      0.000
    M1                 2.468      0.168     14.664      0.000
    M2                 2.197      0.171     12.884      0.000
    M3                 2.898      0.170     17.084      0.000
    M4                 2.029      0.178     11.393      0.000
    M5                 2.075      0.260      7.993      0.000
    M6                 2.326      0.194     11.981      0.000
    M7                 1.792      0.197      9.119      0.000
    M8                 1.760      0.210      8.379      0.000
    M9                 1.671      0.278      6.016      0.000
    M10                1.062      0.233      4.566      0.000
    M11                1.424      0.216      6.607      0.000
    M12                1.422      0.293      4.848      0.000
    Y1                 0.435      0.066      6.565      0.000
    Y2                 0.296      0.082      3.623      0.000
    Y3                 0.647      0.211      3.070      0.002
    X3P1              -0.294      0.832     -0.353      0.724
    X2P2               0.190      0.031      6.079      0.000
    X1P3               0.210      0.026      8.110      0.000
    Y                  0.741      0.234      3.168      0.002

New/Additional Parameters
    VAR_Y              0.855      0.242      3.530      0.000
    STD_B1             0.158      0.147      1.082      0.279
    STD_B2             0.219      0.135      1.616      0.106
    STD_B3             0.094      0.170      0.554      0.580


QUALITY OF NUMERICAL RESULTS

     Condition Number for the Information Matrix              0.771E-04
       (ratio of smallest to largest eigenvalue)


CONFIDENCE INTERVALS OF MODEL RESULTS

                  Lower .5%  Lower 2.5%    Lower 5%    Estimate    Upper 5%  Upper 2.5%   Upper .5%

 X        BY
    X3               1.000       1.000       1.000       1.000       1.000       1.000       1.000
    X2               0.242       0.565       0.730       1.594       2.457       2.622       2.946
    X1               0.318       0.454       0.523       0.886       1.248       1.318       1.453

 M        BY
    M12              1.000       1.000       1.000       1.000       1.000       1.000       1.000
    M11              0.297       0.413       0.472       0.783       1.093       1.153       1.269
    M10              0.552       0.694       0.767       1.147       1.527       1.599       1.742
    M9               0.296       0.443       0.518       0.910       1.302       1.377       1.523
    M8               0.173       0.307       0.376       0.737       1.097       1.166       1.301
    M7               0.052       0.175       0.238       0.568       0.897       0.960       1.083
    M6              -0.072       0.041       0.099       0.401       0.702       0.760       0.873
    M5               0.217       0.352       0.422       0.783       1.144       1.213       1.349
    M4              -0.153      -0.044       0.011       0.302       0.592       0.648       0.756
    M3              -0.383      -0.256      -0.191       0.148       0.486       0.551       0.678
    M2              -0.418      -0.293      -0.229       0.105       0.439       0.503       0.628
    M1              -0.299      -0.186      -0.128       0.174       0.476       0.534       0.647

 Y        BY
    Y3               1.000       1.000       1.000       1.000       1.000       1.000       1.000
    Y2               0.401       0.502       0.554       0.824       1.093       1.145       1.246
    Y1               0.152       0.225       0.262       0.457       0.652       0.689       0.762

 XM       BY
    X3P1             1.000       1.000       1.000       1.000       1.000       1.000       1.000
    X2P2            -0.452      -0.313      -0.242       0.129       0.500       0.571       0.710
    X1P3            -0.353      -0.249      -0.196       0.082       0.361       0.414       0.518

 Y        ON
    X               -0.668      -0.383      -0.237       0.523       1.284       1.430       1.714
    M               -0.101      -0.027       0.011       0.209       0.407       0.445       0.519
    XM              -1.126      -0.780      -0.603       0.322       1.246       1.423       1.770

 X        WITH
    M               -0.058      -0.031      -0.017       0.054       0.126       0.139       0.166
    XM              -0.059      -0.052      -0.048      -0.027      -0.006      -0.002       0.006

 M        WITH
    XM              -0.206      -0.162      -0.140      -0.023       0.094       0.116       0.160

 Intercepts
    X1              -0.127      -0.097      -0.081       0.000       0.081       0.097       0.127
    X2              -0.129      -0.098      -0.082       0.000       0.082       0.098       0.129
    X3              -0.129      -0.098      -0.082       0.000       0.082       0.098       0.129
    M1              -0.407      -0.310      -0.260       0.000       0.260       0.310       0.407
    M2              -0.383      -0.291      -0.244       0.000       0.244       0.291       0.383
    M3              -0.440      -0.335      -0.281       0.000       0.281       0.335       0.440
    M4              -0.375      -0.285      -0.239       0.000       0.239       0.285       0.375
    M5              -0.419      -0.319      -0.268       0.000       0.268       0.319       0.419
    M6              -0.405      -0.308      -0.259       0.000       0.259       0.308       0.405
    M7              -0.373      -0.284      -0.238       0.000       0.238       0.284       0.373
    M8              -0.388      -0.295      -0.248       0.000       0.248       0.295       0.388
    M9              -0.403      -0.306      -0.257       0.000       0.257       0.306       0.403
    M10             -0.390      -0.297      -0.249       0.000       0.249       0.297       0.390
    M11             -0.364      -0.277      -0.233       0.000       0.233       0.277       0.364
    M12             -0.396      -0.301      -0.253       0.000       0.253       0.301       0.396
    Y1               0.486       0.534       0.559       0.688       0.817       0.841       0.890
    Y2               0.642       0.700       0.729       0.883       1.037       1.067       1.124
    Y3               0.909       0.985       1.023       1.225       1.426       1.465       1.541
    X3P1            -0.116      -0.088      -0.074       0.000       0.074       0.088       0.116
    X2P2            -0.115      -0.087      -0.073       0.000       0.073       0.087       0.115
    X1P3            -0.119      -0.090      -0.076       0.000       0.076       0.090       0.119

 Variances
    X               -0.008       0.013       0.024       0.078       0.133       0.144       0.164
    M                0.142       0.332       0.429       0.936       1.443       1.540       1.730
    XM              -1.640      -1.129      -0.867       0.498       1.863       2.124       2.635

 Residual Variances
    X1               0.112       0.128       0.137       0.182       0.227       0.236       0.253
    X2              -0.107      -0.070      -0.050       0.051       0.152       0.171       0.209
    X3               0.085       0.105       0.116       0.171       0.225       0.236       0.256
    M1               2.035       2.138       2.191       2.468       2.745       2.798       2.902
    M2               1.758       1.863       1.917       2.197       2.478       2.531       2.636
    M3               2.461       2.566       2.619       2.898       3.177       3.230       3.335
    M4               1.570       1.680       1.736       2.029       2.322       2.378       2.488
    M5               1.407       1.566       1.648       2.075       2.502       2.584       2.744
    M6               1.826       1.946       2.007       2.326       2.646       2.707       2.826
    M7               1.286       1.407       1.469       1.792       2.116       2.177       2.299
    M8               1.219       1.348       1.414       1.760       2.105       2.171       2.300
    M9               0.955       1.126       1.214       1.671       2.127       2.215       2.386
    M10              0.463       0.606       0.679       1.062       1.445       1.518       1.661
    M11              0.869       1.002       1.070       1.424       1.779       1.847       1.980
    M12              0.667       0.847       0.940       1.422       1.905       1.997       2.178
    Y1               0.264       0.305       0.326       0.435       0.544       0.565       0.606
    Y2               0.086       0.136       0.162       0.296       0.430       0.456       0.506
    Y3               0.104       0.234       0.300       0.647       0.994       1.061       1.190
    X3P1            -2.438      -1.925      -1.663      -0.294       1.075       1.337       1.850
    X2P2             0.109       0.129       0.139       0.190       0.241       0.251       0.271
    X1P3             0.143       0.159       0.167       0.210       0.252       0.260       0.276
    Y                0.139       0.283       0.356       0.741       1.126       1.199       1.344

New/Additional Parameters
    VAR_Y            0.231       0.380       0.456       0.855       1.253       1.329       1.478
    STD_B1          -0.219      -0.129      -0.083       0.158       0.400       0.446       0.536
    STD_B2          -0.130      -0.047      -0.004       0.219       0.442       0.484       0.568
    STD_B3          -0.344      -0.239      -0.186       0.094       0.374       0.428       0.533


TECHNICAL 1 OUTPUT


     PARAMETER SPECIFICATION


           NU
              X1            X2            X3            M1            M2
              ________      ________      ________      ________      ________
                  1             2             3             4             5


           NU
              M3            M4            M5            M6            M7
              ________      ________      ________      ________      ________
                  6             7             8             9            10


           NU
              M8            M9            M10           M11           M12
              ________      ________      ________      ________      ________
                 11            12            13            14            15


           NU
              Y1            Y2            Y3            X3P1          X2P2
              ________      ________      ________      ________      ________
                 16            17            18            19            20


           NU
              X1P3
              ________
                 21


           LAMBDA
              X             M             Y             XM
              ________      ________      ________      ________
 X1                22             0             0             0
 X2                23             0             0             0
 X3                 0             0             0             0
 M1                 0            24             0             0
 M2                 0            25             0             0
 M3                 0            26             0             0
 M4                 0            27             0             0
 M5                 0            28             0             0
 M6                 0            29             0             0
 M7                 0            30             0             0
 M8                 0            31             0             0
 M9                 0            32             0             0
 M10                0            33             0             0
 M11                0            34             0             0
 M12                0             0             0             0
 Y1                 0             0            35             0
 Y2                 0             0            36             0
 Y3                 0             0             0             0
 X3P1               0             0             0             0
 X2P2               0             0             0            37
 X1P3               0             0             0            38


           THETA
              X1            X2            X3            M1            M2
              ________      ________      ________      ________      ________
 X1                39
 X2                 0            40
 X3                 0             0            41
 M1                 0             0             0            42
 M2                 0             0             0             0            43
 M3                 0             0             0             0             0
 M4                 0             0             0             0             0
 M5                 0             0             0             0             0
 M6                 0             0             0             0             0
 M7                 0             0             0             0             0
 M8                 0             0             0             0             0
 M9                 0             0             0             0             0
 M10                0             0             0             0             0
 M11                0             0             0             0             0
 M12                0             0             0             0             0
 Y1                 0             0             0             0             0
 Y2                 0             0             0             0             0
 Y3                 0             0             0             0             0
 X3P1               0             0             0             0             0
 X2P2               0             0             0             0             0
 X1P3               0             0             0             0             0


           THETA
              M3            M4            M5            M6            M7
              ________      ________      ________      ________      ________
 M3                44
 M4                 0            45
 M5                 0             0            46
 M6                 0             0             0            47
 M7                 0             0             0             0            48
 M8                 0             0             0             0             0
 M9                 0             0             0             0             0
 M10                0             0             0             0             0
 M11                0             0             0             0             0
 M12                0             0             0             0             0
 Y1                 0             0             0             0             0
 Y2                 0             0             0             0             0
 Y3                 0             0             0             0             0
 X3P1               0             0             0             0             0
 X2P2               0             0             0             0             0
 X1P3               0             0             0             0             0


           THETA
              M8            M9            M10           M11           M12
              ________      ________      ________      ________      ________
 M8                49
 M9                 0            50
 M10                0             0            51
 M11                0             0             0            52
 M12                0             0             0             0            53
 Y1                 0             0             0             0             0
 Y2                 0             0             0             0             0
 Y3                 0             0             0             0             0
 X3P1               0             0             0             0             0
 X2P2               0             0             0             0             0
 X1P3               0             0             0             0             0


           THETA
              Y1            Y2            Y3            X3P1          X2P2
              ________      ________      ________      ________      ________
 Y1                54
 Y2                 0            55
 Y3                 0             0            56
 X3P1               0             0             0            57
 X2P2               0             0             0             0            58
 X1P3               0             0             0             0             0


           THETA
              X1P3
              ________
 X1P3              59


           ALPHA
              X             M             Y             XM
              ________      ________      ________      ________
                  0             0             0             0


           BETA
              X             M             Y             XM
              ________      ________      ________      ________
 X                  0             0             0             0
 M                  0             0             0             0
 Y                 60            61             0            62
 XM                 0             0             0             0


           PSI
              X             M             Y             XM
              ________      ________      ________      ________
 X                 63
 M                 64            65
 Y                  0             0            66
 XM                67            68             0            69


     PARAMETER SPECIFICATION FOR THE ADDITIONAL PARAMETERS


           New/Additional Parameters
              VAR_Y         STD_B1        STD_B2        STD_B3
              ________      ________      ________      ________
                   70            71            72            73


     STARTING VALUES


           NU
              X1            X2            X3            M1            M2
              ________      ________      ________      ________      ________
                0.000         0.000         0.000         0.000         0.000


           NU
              M3            M4            M5            M6            M7
              ________      ________      ________      ________      ________
                0.000         0.000         0.000         0.000         0.000


           NU
              M8            M9            M10           M11           M12
              ________      ________      ________      ________      ________
                0.000         0.000         0.000         0.000         0.000


           NU
              Y1            Y2            Y3            X3P1          X2P2
              ________      ________      ________      ________      ________
                0.688         0.883         1.225         0.000         0.000


           NU
              X1P3
              ________
                0.000


           LAMBDA
              X             M             Y             XM
              ________      ________      ________      ________
 X1             0.880         0.000         0.000         0.000
 X2             1.515         0.000         0.000         0.000
 X3             1.000         0.000         0.000         0.000
 M1             0.000         0.933         0.000         0.000
 M2             0.000         0.437         0.000         0.000
 M3             0.000         0.070         0.000         0.000
 M4             0.000        -0.164         0.000         0.000
 M5             0.000         0.992         0.000         0.000
 M6             0.000         0.440         0.000         0.000
 M7             0.000         0.021         0.000         0.000
 M8             0.000         0.221         0.000         0.000
 M9             0.000         0.091         0.000         0.000
 M10            0.000         0.252         0.000         0.000
 M11            0.000         0.415         0.000         0.000
 M12            0.000         1.000         0.000         0.000
 Y1             0.000         0.000         0.440         0.000
 Y2             0.000         0.000         0.765         0.000
 Y3             0.000         0.000         1.000         0.000
 X3P1           0.000         0.000         0.000         1.000
 X2P2           0.000         0.000         0.000         0.594
 X1P3           0.000         0.000         0.000         0.390


           THETA
              X1            X2            X3            M1            M2
              ________      ________      ________      ________      ________
 X1             0.122
 X2             0.000         0.125
 X3             0.000         0.000         0.125
 M1             0.000         0.000         0.000         1.248
 M2             0.000         0.000         0.000         0.000         1.104
 M3             0.000         0.000         0.000         0.000         0.000
 M4             0.000         0.000         0.000         0.000         0.000
 M5             0.000         0.000         0.000         0.000         0.000
 M6             0.000         0.000         0.000         0.000         0.000
 M7             0.000         0.000         0.000         0.000         0.000
 M8             0.000         0.000         0.000         0.000         0.000
 M9             0.000         0.000         0.000         0.000         0.000
 M10            0.000         0.000         0.000         0.000         0.000
 M11            0.000         0.000         0.000         0.000         0.000
 M12            0.000         0.000         0.000         0.000         0.000
 Y1             0.000         0.000         0.000         0.000         0.000
 Y2             0.000         0.000         0.000         0.000         0.000
 Y3             0.000         0.000         0.000         0.000         0.000
 X3P1           0.000         0.000         0.000         0.000         0.000
 X2P2           0.000         0.000         0.000         0.000         0.000
 X1P3           0.000         0.000         0.000         0.000         0.000


           THETA
              M3            M4            M5            M6            M7
              ________      ________      ________      ________      ________
 M3             1.459
 M4             0.000         1.057
 M5             0.000         0.000         1.325
 M6             0.000         0.000         0.000         1.238
 M7             0.000         0.000         0.000         0.000         1.047
 M8             0.000         0.000         0.000         0.000         0.000
 M9             0.000         0.000         0.000         0.000         0.000
 M10            0.000         0.000         0.000         0.000         0.000
 M11            0.000         0.000         0.000         0.000         0.000
 M12            0.000         0.000         0.000         0.000         0.000
 Y1             0.000         0.000         0.000         0.000         0.000
 Y2             0.000         0.000         0.000         0.000         0.000
 Y3             0.000         0.000         0.000         0.000         0.000
 X3P1           0.000         0.000         0.000         0.000         0.000
 X2P2           0.000         0.000         0.000         0.000         0.000
 X1P3           0.000         0.000         0.000         0.000         0.000


           THETA
              M8            M9            M10           M11           M12
              ________      ________      ________      ________      ________
 M8             1.134
 M9             0.000         1.223
 M10            0.000         0.000         1.147
 M11            0.000         0.000         0.000         0.999
 M12            0.000         0.000         0.000         0.000         1.179
 Y1             0.000         0.000         0.000         0.000         0.000
 Y2             0.000         0.000         0.000         0.000         0.000
 Y3             0.000         0.000         0.000         0.000         0.000
 X3P1           0.000         0.000         0.000         0.000         0.000
 X2P2           0.000         0.000         0.000         0.000         0.000
 X1P3           0.000         0.000         0.000         0.000         0.000


           THETA
              Y1            Y2            Y3            X3P1          X2P2
              ________      ________      ________      ________      ________
 Y1             0.307
 Y2             0.000         0.438
 Y3             0.000         0.000         0.751
 X3P1           0.000         0.000         0.000         0.102
 X2P2           0.000         0.000         0.000         0.000         0.099
 X1P3           0.000         0.000         0.000         0.000         0.000


           THETA
              X1P3
              ________
 X1P3           0.106


           ALPHA
              X             M             Y             XM
              ________      ________      ________      ________
                0.000         0.000         0.000         0.000


           BETA
              X             M             Y             XM
              ________      ________      ________      ________
 X              0.000         0.000         0.000         0.000
 M              0.000         0.000         0.000         0.000
 Y              0.000         0.000         0.000         0.000
 XM             0.000         0.000         0.000         0.000


           PSI
              X             M             Y             XM
              ________      ________      ________      ________
 X              0.050
 M              0.000         0.050
 Y              0.000         0.000         0.050
 XM             0.000         0.000         0.000         0.050


     STARTING VALUES FOR THE ADDITIONAL PARAMETERS


           New/Additional Parameters
              VAR_Y         STD_B1        STD_B2        STD_B3
              ________      ________      ________      ________
                0.500         0.500         0.500         0.500


RESULTS SAVING INFORMATION

  Order of data

    Parameter estimates
     (saved in order shown in Technical 1 output)
    Standard errors
     (saved in order shown in Technical 1 output)
    Number of Free Parameters
    H0 Loglikelihood
    H0 Scaling Correction Factor for MLR
    H1 Loglikelihood
    H1 Scaling Correction Factor for MLR
    Akaike (AIC)
    Bayesian (BIC)
    Sample-Size Adjusted BIC
    Chi-square : Value
    Chi-square : Degrees of Freedom
    Chi-square : P-Value
    Chi-square : Scaling Correction Factor for MLR/MLM/WLSM
    CFI
    TLI
    RMSEA : Estimate
    RMSEA : Low CI
    RMSEA : High CI
    RMSEA : Probability
    SRMR
    Condition Number

  Save file
    parcelupi_results_1642.dat

  Save file format           Free


     Beginning Time:  20:15:28
        Ending Time:  20:15:29
       Elapsed Time:  00:00:01



MUTHEN & MUTHEN
3463 Stoner Ave.
Los Angeles, CA  90066

Tel: (310) 391-9971
Fax: (310) 391-8971
Web: www.StatModel.com
Support: Support@StatModel.com

Copyright (c) 1998-2022 Muthen & Muthen
