Mplus VERSION 8.8 (Mac)
MUTHEN & MUTHEN
07/27/2025   2:23 PM

INPUT INSTRUCTIONS


    TITLE: Parceling Unconstrained Product Indicator

    DATA:
      FILE = parcelupi_simdat_339.dat;
      FORMAT IS FREE;

    VARIABLE:
      NAMES = x1 x2 x3
      	    m1 m2 m3 m4 m5 m6
      	    m7 m8 m9 m10 m11 m12
      	    y1 y2 y3
      	    p1 p2 p3
      	    x3p1 x2p2 x1p3;
      USEVARIABLES = x1 x2 x3
      	    m1 m2 m3 m4 m5 m6
      	    m7 m8 m9 m10 m11 m12
      	    y1 y2 y3
      	    x3p1 x2p2 x1p3;

    ANALYSIS:
      TYPE = general;
      ESTIMATOR = MLR;
    MODEL:
      !measurement model
      X BY x3 x2 x1;
      X (var_X);
      M BY m12 m11 m10 m9 m8 m7 m6 m5 m4 m3 m2 m1;
      M (var_M);
      Y BY y3 y2 y1;
      Y (resvar_Y);
      XM BY x3p1 x2p2 x1p3;
      XM (var_XM);

      !covariances between predictors
      X WITH M (cov_XM);
      X WITH XM (cov_XXM);
      M WITH XM (cov_MXM);

      !structural model
      Y ON X (b1);
      Y ON M (b2);
      Y ON XM (b3);

    MODEL CONSTRAINT:

      NEW(var_Y std_b1 std_b2 std_b3);
      var_Y = resvar_Y +
       (b1^2 * var_X +
        b2^2 * var_M +
        b3^2 * var_XM +
        2 * b1 * b2 * cov_XM +
        2 * b1 * b3 * cov_XXM +
        2 * b2 * b3 * cov_MXM);

        std_b1 = b1 * sqrt(var_X) / sqrt(var_Y);
        std_b2 = b2 * sqrt(var_M) / sqrt(var_Y);
        std_b3 = b3 * sqrt(var_X) * sqrt(var_M) / sqrt(var_Y);

    OUTPUT:
      sampstat tech1 CINTERVAL;

    SAVEDATA:
      RESULTS = parcelupi_results_339.dat;




INPUT READING TERMINATED NORMALLY



Parceling Unconstrained Product Indicator

SUMMARY OF ANALYSIS

Number of groups                                                 1
Number of observations                                         100

Number of dependent variables                                   21
Number of independent variables                                  0
Number of continuous latent variables                            4

Observed dependent variables

  Continuous
   X1          X2          X3          M1          M2          M3
   M4          M5          M6          M7          M8          M9
   M10         M11         M12         Y1          Y2          Y3
   X3P1        X2P2        X1P3

Continuous latent variables
   X           M           Y           XM


Estimator                                                      MLR
Information matrix                                        OBSERVED
Maximum number of iterations                                  1000
Convergence criterion                                    0.500D-04
Maximum number of steepest descent iterations                   20

Input data file(s)
  parcelupi_simdat_339.dat

Input data format  FREE


SAMPLE STATISTICS


     SAMPLE STATISTICS


           Means
              X1            X2            X3            M1            M2
              ________      ________      ________      ________      ________
                0.000         0.000         0.000         0.000         0.000


           Means
              M3            M4            M5            M6            M7
              ________      ________      ________      ________      ________
                0.000         0.000         0.000         0.000         0.000


           Means
              M8            M9            M10           M11           M12
              ________      ________      ________      ________      ________
                0.000         0.000         0.000         0.000         0.000


           Means
              Y1            Y2            Y3            X3P1          X2P2
              ________      ________      ________      ________      ________
                0.446         0.894         1.062         0.000         0.000


           Means
              X1P3
              ________
                0.000


           Covariances
              X1            X2            X3            M1            M2
              ________      ________      ________      ________      ________
 X1             0.248
 X2             0.022         0.248
 X3             0.097         0.103         0.247
 M1            -0.075         0.005        -0.006         2.730
 M2            -0.036         0.126         0.087         0.121         2.680
 M3             0.031         0.019        -0.041         0.420         0.233
 M4             0.136         0.084         0.125         0.381         0.226
 M5             0.087         0.023        -0.016         0.121        -0.251
 M6             0.034         0.166         0.146        -0.190         0.216
 M7             0.120        -0.020         0.020        -0.260        -0.140
 M8             0.253         0.207         0.146        -0.041         0.371
 M9             0.165         0.175         0.106         0.350         0.069
 M10            0.124         0.206         0.105         0.019         0.424
 M11            0.130         0.110         0.062         0.492        -0.014
 M12            0.175         0.085         0.065         0.340         0.209
 Y1             0.028         0.081         0.071        -0.084        -0.026
 Y2             0.019         0.104         0.161        -0.170         0.101
 Y3             0.076         0.012         0.135         0.001         0.370
 X3P1           0.024         0.011        -0.007         0.037        -0.065
 X2P2           0.001        -0.009        -0.009         0.084         0.042
 X1P3           0.006         0.012        -0.004         0.017         0.014


           Covariances
              M3            M4            M5            M6            M7
              ________      ________      ________      ________      ________
 M3             2.420
 M4             0.032         2.270
 M5            -0.128        -0.088         2.314
 M6             0.241         0.147        -0.142         2.129
 M7             0.250         0.100         0.140        -0.070         2.440
 M8             0.428         0.088         0.236         0.412         0.140
 M9             0.370         0.239         0.419         0.270         0.700
 M10            0.248         0.550         0.218         0.283         0.410
 M11            0.045         0.116         0.711         0.303         0.350
 M12            0.220         0.139         0.719         0.110         0.720
 Y1            -0.030         0.118         0.033         0.218        -0.060
 Y2            -0.047         0.296        -0.077         0.233         0.050
 Y3            -0.193         0.150         0.227        -0.003         0.082
 X3P1          -0.001         0.093         0.011        -0.003        -0.060
 X2P2           0.065         0.061         0.016         0.076        -0.056
 X1P3          -0.046         0.060         0.100        -0.023        -0.081


           Covariances
              M8            M9            M10           M11           M12
              ________      ________      ________      ________      ________
 M8             2.714
 M9             0.611         2.130
 M10            0.422         0.381         2.130
 M11            0.559         1.058         0.384         2.282
 M12            1.081         0.810         0.331         0.868         2.110
 Y1             0.372         0.141         0.158         0.216         0.210
 Y2             0.166         0.218         0.246         0.259         0.141
 Y3             0.390         0.275         0.494         0.221         0.377
 X3P1           0.115        -0.009        -0.029        -0.010         0.035
 X2P2           0.023        -0.004        -0.062        -0.017        -0.040
 X1P3          -0.057        -0.063        -0.010        -0.051        -0.044


           Covariances
              Y1            Y2            Y3            X3P1          X2P2
              ________      ________      ________      ________      ________
 Y1             0.659
 Y2             0.397         0.949
 Y3             0.568         0.643         1.404
 X3P1          -0.032        -0.054        -0.072         0.204
 X2P2          -0.007        -0.015         0.000         0.045         0.190
 X1P3          -0.022        -0.007         0.026         0.022         0.027


           Covariances
              X1P3
              ________
 X1P3           0.175


           Correlations
              X1            X2            X3            M1            M2
              ________      ________      ________      ________      ________
 X1             1.000
 X2             0.087         1.000
 X3             0.391         0.415         1.000
 M1            -0.091         0.006        -0.007         1.000
 M2            -0.044         0.154         0.107         0.045         1.000
 M3             0.040         0.025        -0.053         0.163         0.091
 M4             0.181         0.112         0.167         0.153         0.092
 M5             0.114         0.031        -0.021         0.048        -0.101
 M6             0.046         0.229         0.202        -0.079         0.090
 M7             0.154        -0.026         0.026        -0.101        -0.055
 M8             0.308         0.252         0.178        -0.015         0.138
 M9             0.226         0.241         0.145         0.145         0.029
 M10            0.170         0.283         0.145         0.008         0.177
 M11            0.173         0.146         0.082         0.197        -0.005
 M12            0.241         0.118         0.091         0.142         0.088
 Y1             0.068         0.199         0.175        -0.063        -0.020
 Y2             0.038         0.214         0.332        -0.106         0.063
 Y3             0.128         0.020         0.229         0.001         0.191
 X3P1           0.105         0.050        -0.032         0.049        -0.089
 X2P2           0.004        -0.043        -0.040         0.116         0.059
 X1P3           0.030         0.058        -0.021         0.025         0.020


           Correlations
              M3            M4            M5            M6            M7
              ________      ________      ________      ________      ________
 M3             1.000
 M4             0.014         1.000
 M5            -0.054        -0.038         1.000
 M6             0.106         0.067        -0.064         1.000
 M7             0.103         0.042         0.059        -0.031         1.000
 M8             0.167         0.035         0.094         0.172         0.054
 M9             0.163         0.109         0.189         0.127         0.307
 M10            0.109         0.250         0.098         0.133         0.180
 M11            0.019         0.051         0.309         0.137         0.148
 M12            0.097         0.064         0.326         0.052         0.317
 Y1            -0.024         0.096         0.027         0.184        -0.047
 Y2            -0.031         0.202        -0.052         0.164         0.033
 Y3            -0.105         0.084         0.126        -0.002         0.045
 X3P1          -0.001         0.136         0.015        -0.005        -0.085
 X2P2           0.096         0.093         0.024         0.120        -0.082
 X1P3          -0.070         0.096         0.157        -0.037        -0.124


           Correlations
              M8            M9            M10           M11           M12
              ________      ________      ________      ________      ________
 M8             1.000
 M9             0.254         1.000
 M10            0.176         0.179         1.000
 M11            0.225         0.480         0.174         1.000
 M12            0.452         0.382         0.156         0.395         1.000
 Y1             0.278         0.119         0.133         0.176         0.178
 Y2             0.104         0.153         0.173         0.176         0.100
 Y3             0.200         0.159         0.285         0.123         0.219
 X3P1           0.155        -0.014        -0.044        -0.015         0.053
 X2P2           0.032        -0.006        -0.098        -0.025        -0.062
 X1P3          -0.082        -0.104        -0.016        -0.081        -0.073


           Correlations
              Y1            Y2            Y3            X3P1          X2P2
              ________      ________      ________      ________      ________
 Y1             1.000
 Y2             0.502         1.000
 Y3             0.590         0.557         1.000
 X3P1          -0.087        -0.122        -0.134         1.000
 X2P2          -0.021        -0.035         0.000         0.227         1.000
 X1P3          -0.064        -0.017         0.052         0.118         0.146


           Correlations
              X1P3
              ________
 X1P3           1.000


UNIVARIATE SAMPLE STATISTICS


     UNIVARIATE HIGHER-ORDER MOMENT DESCRIPTIVE STATISTICS

         Variable/         Mean/     Skewness/   Minimum/ % with                Percentiles
        Sample Size      Variance    Kurtosis    Maximum  Min/Max      20%/60%    40%/80%    Median

     X1                    0.000       0.161      -0.460   54.00%      -0.460     -0.460     -0.460
             100.000       0.248      -1.974       0.540   46.00%       0.540      0.540
     X2                    0.000      -0.161      -0.540   46.00%      -0.540     -0.540      0.460
             100.000       0.248      -1.974       0.460   54.00%       0.460      0.460
     X3                    0.000      -0.201      -0.550   45.00%      -0.550     -0.550      0.450
             100.000       0.247      -1.960       0.450   55.00%       0.450      0.450
     M1                    0.000       0.011      -2.010   30.00%      -2.010     -1.010     -0.010
             100.000       2.730      -1.636       1.990   32.00%       0.990      1.990
     M2                    0.000       0.102      -1.860   35.00%      -1.860     -0.860      0.140
             100.000       2.680      -1.614       2.140   26.00%       1.140      2.140
     M3                    0.000      -0.065      -2.020   28.00%      -2.020     -0.020     -0.020
             100.000       2.420      -1.477       1.980   26.00%       0.980      1.980
     M4                    0.000       0.047      -1.900   28.00%      -1.900     -0.900      0.100
             100.000       2.270      -1.430       2.100   21.00%       0.100      2.100
     M5                    0.000       0.016      -1.920   28.00%      -1.920     -0.920      0.080
             100.000       2.314      -1.481       2.080   21.00%       1.080      2.080
     M6                    0.000       0.071      -1.970   22.00%      -1.970     -0.970      0.030
             100.000       2.129      -1.336       2.030   23.00%       0.030      2.030
     M7                    0.000       0.047      -2.000   25.00%      -2.000     -1.000      0.000
             100.000       2.440      -1.522       2.000   28.00%       1.000      2.000
     M8                    0.000      -0.114      -2.080   31.00%      -2.080     -0.080     -0.080
             100.000       2.714      -1.596       1.920   32.00%       0.920      1.920
     M9                    0.000      -0.002      -1.990   23.00%      -1.990      0.010      0.010
             100.000       2.130      -1.340       2.010   22.00%       0.010      2.010
     M10                   0.000      -0.077      -2.100   20.00%      -2.100     -0.100     -0.100
             100.000       2.130      -1.345       1.900   25.00%       0.900      1.900
     M11                   0.000       0.220      -1.760   31.00%      -1.760     -0.760      0.240
             100.000       2.282      -1.389       2.240   20.00%       0.240      1.240
     M12                   0.000       0.037      -1.990   22.00%      -1.990      0.010      0.010
             100.000       2.110      -1.312       2.010   23.00%       0.010      2.010
     Y1                    0.446      -0.211      -1.873    1.00%      -0.323      0.277      0.501
             100.000       0.659      -0.106       2.426    1.00%       0.722      1.064
     Y2                    0.894       0.139      -1.944    1.00%       0.013      0.733      1.008
             100.000       0.949       1.163       4.408    1.00%       1.130      1.577
     Y3                    1.062       0.117      -1.729    1.00%       0.126      0.786      1.087
             100.000       1.404       0.160       4.900    1.00%       1.328      2.139
     X3P1                  0.000      -0.008      -1.188    1.00%      -0.398     -0.173     -0.060
             100.000       0.204      -0.639       1.012    2.00%       0.052      0.462
     X2P2                  0.000      -0.157      -0.993    1.00%      -0.418     -0.073      0.005
             100.000       0.190      -0.602       0.912    2.00%       0.157      0.387
     X1P3                  0.000      -0.324      -1.034    3.00%      -0.359     -0.089      0.046
             100.000       0.175      -0.241       0.856    1.00%       0.163      0.393


     THIS ANALYSIS MAY HAVE MULTIPLE SOLUTIONS.  EXPLORE THIS USING RANDOM STARTS,
     FOR EXAMPLE, STARTS = 20.  USE A LARGE ENOUGH NUMBER OF STARTS SO THAT THE
     BEST FIT FUNCTION VALUE IS REPLICATED SEVERAL TIMES.


THE MODEL ESTIMATION TERMINATED NORMALLY

     THE STANDARD ERRORS OF THE MODEL PARAMETER ESTIMATES MAY NOT BE
     TRUSTWORTHY FOR SOME PARAMETERS DUE TO A NON-POSITIVE DEFINITE
     FIRST-ORDER DERIVATIVE PRODUCT MATRIX.  THIS MAY BE DUE TO THE STARTING
     VALUES BUT MAY ALSO BE AN INDICATION OF MODEL NONIDENTIFICATION.  THE
     CONDITION NUMBER IS      -0.843D-16.  PROBLEM INVOLVING THE FOLLOWING PARAMETER:
     Parameter 40, X2

     THIS IS MOST LIKELY DUE TO VARIABLE X1 BEING DICHOTOMOUS BUT
     DECLARED AS CONTINUOUS.




MODEL FIT INFORMATION

Number of Free Parameters                       69

Loglikelihood

          H0 Value                       -2902.670
          H0 Scaling Correction Factor      0.9551
            for MLR
          H1 Value                       -2801.761
          H1 Scaling Correction Factor      0.9663
            for MLR

Information Criteria

          Akaike (AIC)                    5943.341
          Bayesian (BIC)                  6123.098
          Sample-Size Adjusted BIC        5905.178
            (n* = (n + 2) / 24)

Chi-Square Test of Model Fit

          Value                            207.936*
          Degrees of Freedom                   183
          P-Value                           0.0997
          Scaling Correction Factor         0.9706
            for MLR

*   The chi-square value for MLM, MLMV, MLR, ULSMV, WLSM and WLSMV cannot be used
    for chi-square difference testing in the regular way.  MLM, MLR and WLSM
    chi-square difference testing is described on the Mplus website.  MLMV, WLSMV,
    and ULSMV difference testing is done using the DIFFTEST option.

RMSEA (Root Mean Square Error Of Approximation)

          Estimate                           0.037
          90 Percent C.I.                    0.000  0.059
          Probability RMSEA <= .05           0.811

CFI/TLI

          CFI                                0.894
          TLI                                0.878

Chi-Square Test of Model Fit for the Baseline Model

          Value                            444.526
          Degrees of Freedom                   210
          P-Value                           0.0000

SRMR (Standardized Root Mean Square Residual)

          Value                              0.078



MODEL RESULTS

                                                    Two-Tailed
                    Estimate       S.E.  Est./S.E.    P-Value

 X        BY
    X3                 1.000      0.000    999.000    999.000
    X2                 0.530      0.373      1.419      0.156
    X1                 0.497      0.368      1.350      0.177

 M        BY
    M12                1.000      0.000    999.000    999.000
    M11                0.920      0.234      3.938      0.000
    M10                0.483      0.233      2.070      0.038
    M9                 0.926      0.241      3.841      0.000
    M8                 0.822      0.215      3.829      0.000
    M7                 0.520      0.186      2.796      0.005
    M6                 0.266      0.202      1.318      0.188
    M5                 0.520      0.185      2.817      0.005
    M4                 0.246      0.210      1.172      0.241
    M3                 0.258      0.194      1.330      0.183
    M2                 0.180      0.210      0.856      0.392
    M1                 0.281      0.232      1.208      0.227

 Y        BY
    Y3                 1.000      0.000    999.000    999.000
    Y2                 0.722      0.142      5.095      0.000
    Y1                 0.619      0.116      5.316      0.000

 XM       BY
    X3P1               1.000      0.000    999.000    999.000
    X2P2               0.376      1.377      0.273      0.785
    X1P3               0.200      0.862      0.232      0.817

 Y        ON
    X                  0.593      0.400      1.484      0.138
    M                  0.264      0.164      1.611      0.107
    XM                -0.526      1.121     -0.469      0.639

 X        WITH
    M                  0.128      0.124      1.031      0.302
    XM                -0.003      0.034     -0.096      0.923

 M        WITH
    XM                 0.011      0.120      0.093      0.926

 Intercepts
    X1                 0.000      0.050      0.000      1.000
    X2                 0.000      0.050      0.000      1.000
    X3                 0.000      0.050      0.000      1.000
    M1                 0.000      0.165      0.000      1.000
    M2                 0.000      0.164      0.000      1.000
    M3                 0.000      0.156      0.000      1.000
    M4                 0.000      0.151      0.000      1.000
    M5                 0.000      0.152      0.000      1.000
    M6                 0.000      0.146      0.000      1.000
    M7                 0.000      0.156      0.000      1.000
    M8                 0.000      0.165      0.000      1.000
    M9                 0.000      0.146      0.000      1.000
    M10                0.000      0.146      0.000      1.000
    M11                0.000      0.151      0.000      1.000
    M12                0.000      0.145      0.000      1.000
    Y1                 0.446      0.081      5.487      0.000
    Y2                 0.894      0.097      9.178      0.000
    Y3                 1.062      0.118      8.962      0.000
    X3P1               0.000      0.045      0.000      1.000
    X2P2               0.000      0.044      0.000      1.000
    X1P3               0.000      0.042      0.000      1.000

 Variances
    X                  0.191      0.146      1.302      0.193
    M                  1.000      0.302      3.312      0.001
    XM                 0.121      0.430      0.281      0.778

 Residual Variances
    X1                 0.201      0.037      5.414      0.000
    X2                 0.195      0.039      4.991      0.000
    X3                 0.057      0.146      0.390      0.696
    M1                 2.651      0.196     13.501      0.000
    M2                 2.648      0.182     14.580      0.000
    M3                 2.353      0.192     12.257      0.000
    M4                 2.209      0.179     12.313      0.000
    M5                 2.043      0.233      8.780      0.000
    M6                 2.058      0.188     10.925      0.000
    M7                 2.169      0.209     10.372      0.000
    M8                 2.038      0.353      5.769      0.000
    M9                 1.273      0.239      5.335      0.000
    M10                1.897      0.219      8.654      0.000
    M11                1.436      0.262      5.481      0.000
    M12                1.110      0.252      4.406      0.000
    Y1                 0.314      0.072      4.361      0.000
    Y2                 0.479      0.114      4.195      0.000
    Y3                 0.503      0.143      3.518      0.000
    X3P1               0.083      0.436      0.190      0.850
    X2P2               0.173      0.068      2.542      0.011
    X1P3               0.170      0.032      5.338      0.000
    Y                  0.692      0.215      3.219      0.001

New/Additional Parameters
    VAR_Y              0.901      0.248      3.634      0.000
    STD_B1             0.273      0.132      2.060      0.039
    STD_B2             0.278      0.157      1.765      0.078
    STD_B3            -0.242      0.542     -0.446      0.655


QUALITY OF NUMERICAL RESULTS

     Condition Number for the Information Matrix              0.316E-03
       (ratio of smallest to largest eigenvalue)


CONFIDENCE INTERVALS OF MODEL RESULTS

                  Lower .5%  Lower 2.5%    Lower 5%    Estimate    Upper 5%  Upper 2.5%   Upper .5%

 X        BY
    X3               1.000       1.000       1.000       1.000       1.000       1.000       1.000
    X2              -0.432      -0.202      -0.084       0.530       1.144       1.262       1.492
    X1              -0.451      -0.225      -0.109       0.497       1.103       1.219       1.446

 M        BY
    M12              1.000       1.000       1.000       1.000       1.000       1.000       1.000
    M11              0.318       0.462       0.536       0.920       1.304       1.378       1.521
    M10             -0.118       0.026       0.099       0.483       0.866       0.940       1.083
    M9               0.305       0.453       0.529       0.926       1.322       1.398       1.546
    M8               0.269       0.401       0.469       0.822       1.175       1.243       1.375
    M7               0.041       0.156       0.214       0.520       0.826       0.885       0.999
    M6              -0.254      -0.130      -0.066       0.266       0.599       0.662       0.787
    M5               0.045       0.158       0.217       0.520       0.824       0.882       0.996
    M4              -0.295      -0.166      -0.099       0.246       0.592       0.658       0.787
    M3              -0.241      -0.122      -0.061       0.258       0.576       0.637       0.757
    M2              -0.362      -0.232      -0.166       0.180       0.526       0.592       0.722
    M1              -0.318      -0.175      -0.101       0.281       0.663       0.736       0.879

 Y        BY
    Y3               1.000       1.000       1.000       1.000       1.000       1.000       1.000
    Y2               0.357       0.444       0.489       0.722       0.955       1.000       1.087
    Y1               0.319       0.391       0.427       0.619       0.810       0.847       0.919

 XM       BY
    X3P1             1.000       1.000       1.000       1.000       1.000       1.000       1.000
    X2P2            -3.172      -2.324      -1.890       0.376       2.642       3.076       3.924
    X1P3            -2.020      -1.489      -1.218       0.200       1.617       1.888       2.419

 Y        ON
    X               -0.436      -0.190      -0.065       0.593       1.250       1.376       1.622
    M               -0.158      -0.057      -0.006       0.264       0.533       0.584       0.685
    XM              -3.415      -2.724      -2.371      -0.526       1.318       1.672       2.362

 X        WITH
    M               -0.192      -0.115      -0.076       0.128       0.333       0.372       0.448
    XM              -0.092      -0.071      -0.060      -0.003       0.053       0.064       0.085

 M        WITH
    XM              -0.297      -0.224      -0.186       0.011       0.208       0.246       0.320

 Intercepts
    X1              -0.128      -0.098      -0.082       0.000       0.082       0.098       0.128
    X2              -0.128      -0.098      -0.082       0.000       0.082       0.098       0.128
    X3              -0.128      -0.098      -0.082       0.000       0.082       0.098       0.128
    M1              -0.426      -0.324      -0.272       0.000       0.272       0.324       0.426
    M2              -0.422      -0.321      -0.269       0.000       0.269       0.321       0.422
    M3              -0.401      -0.305      -0.256       0.000       0.256       0.305       0.401
    M4              -0.388      -0.295      -0.248       0.000       0.248       0.295       0.388
    M5              -0.392      -0.298      -0.250       0.000       0.250       0.298       0.392
    M6              -0.376      -0.286      -0.240       0.000       0.240       0.286       0.376
    M7              -0.402      -0.306      -0.257       0.000       0.257       0.306       0.402
    M8              -0.424      -0.323      -0.271       0.000       0.271       0.323       0.424
    M9              -0.376      -0.286      -0.240       0.000       0.240       0.286       0.376
    M10             -0.376      -0.286      -0.240       0.000       0.240       0.286       0.376
    M11             -0.389      -0.296      -0.249       0.000       0.249       0.296       0.389
    M12             -0.374      -0.285      -0.239       0.000       0.239       0.285       0.374
    Y1               0.236       0.286       0.312       0.446       0.579       0.605       0.655
    Y2               0.643       0.703       0.734       0.894       1.054       1.085       1.145
    Y3               0.757       0.830       0.867       1.062       1.257       1.294       1.367
    X3P1            -0.116      -0.088      -0.074       0.000       0.074       0.088       0.116
    X2P2            -0.112      -0.086      -0.072       0.000       0.072       0.086       0.112
    X1P3            -0.108      -0.082      -0.069       0.000       0.069       0.082       0.108

 Variances
    X               -0.186      -0.096      -0.050       0.191       0.431       0.477       0.568
    M                0.222       0.408       0.503       1.000       1.496       1.592       1.777
    XM              -0.986      -0.721      -0.586       0.121       0.828       0.963       1.228

 Residual Variances
    X1               0.106       0.128       0.140       0.201       0.262       0.274       0.297
    X2               0.094       0.118       0.131       0.195       0.259       0.271       0.295
    X3              -0.319      -0.229      -0.183       0.057       0.297       0.343       0.433
    M1               2.145       2.266       2.328       2.651       2.974       3.036       3.157
    M2               2.180       2.292       2.349       2.648       2.947       3.004       3.116
    M3               1.859       1.977       2.037       2.353       2.669       2.730       2.848
    M4               1.747       1.858       1.914       2.209       2.505       2.561       2.672
    M5               1.444       1.587       1.660       2.043       2.426       2.499       2.642
    M6               1.573       1.689       1.748       2.058       2.368       2.427       2.543
    M7               1.631       1.759       1.825       2.169       2.513       2.579       2.708
    M8               1.128       1.346       1.457       2.038       2.619       2.730       2.948
    M9               0.658       0.805       0.881       1.273       1.666       1.741       1.888
    M10              1.333       1.467       1.537       1.897       2.258       2.327       2.462
    M11              0.761       0.923       1.005       1.436       1.868       1.950       2.112
    M12              0.461       0.616       0.696       1.110       1.524       1.604       1.759
    Y1               0.129       0.173       0.196       0.314       0.433       0.456       0.500
    Y2               0.185       0.255       0.291       0.479       0.666       0.702       0.773
    Y3               0.135       0.223       0.268       0.503       0.738       0.783       0.871
    X3P1            -1.041      -0.772      -0.635       0.083       0.800       0.938       1.206
    X2P2            -0.002       0.040       0.061       0.173       0.285       0.307       0.349
    X1P3             0.088       0.108       0.118       0.170       0.222       0.232       0.252
    Y                0.138       0.271       0.338       0.692       1.045       1.113       1.246

New/Additional Parameters
    VAR_Y            0.262       0.415       0.493       0.901       1.309       1.387       1.540
    STD_B1          -0.068       0.013       0.055       0.273       0.490       0.532       0.613
    STD_B2          -0.128      -0.031       0.019       0.278       0.537       0.586       0.683
    STD_B3          -1.639      -1.305      -1.134      -0.242       0.650       0.821       1.155


TECHNICAL 1 OUTPUT


     PARAMETER SPECIFICATION


           NU
              X1            X2            X3            M1            M2
              ________      ________      ________      ________      ________
                  1             2             3             4             5


           NU
              M3            M4            M5            M6            M7
              ________      ________      ________      ________      ________
                  6             7             8             9            10


           NU
              M8            M9            M10           M11           M12
              ________      ________      ________      ________      ________
                 11            12            13            14            15


           NU
              Y1            Y2            Y3            X3P1          X2P2
              ________      ________      ________      ________      ________
                 16            17            18            19            20


           NU
              X1P3
              ________
                 21


           LAMBDA
              X             M             Y             XM
              ________      ________      ________      ________
 X1                22             0             0             0
 X2                23             0             0             0
 X3                 0             0             0             0
 M1                 0            24             0             0
 M2                 0            25             0             0
 M3                 0            26             0             0
 M4                 0            27             0             0
 M5                 0            28             0             0
 M6                 0            29             0             0
 M7                 0            30             0             0
 M8                 0            31             0             0
 M9                 0            32             0             0
 M10                0            33             0             0
 M11                0            34             0             0
 M12                0             0             0             0
 Y1                 0             0            35             0
 Y2                 0             0            36             0
 Y3                 0             0             0             0
 X3P1               0             0             0             0
 X2P2               0             0             0            37
 X1P3               0             0             0            38


           THETA
              X1            X2            X3            M1            M2
              ________      ________      ________      ________      ________
 X1                39
 X2                 0            40
 X3                 0             0            41
 M1                 0             0             0            42
 M2                 0             0             0             0            43
 M3                 0             0             0             0             0
 M4                 0             0             0             0             0
 M5                 0             0             0             0             0
 M6                 0             0             0             0             0
 M7                 0             0             0             0             0
 M8                 0             0             0             0             0
 M9                 0             0             0             0             0
 M10                0             0             0             0             0
 M11                0             0             0             0             0
 M12                0             0             0             0             0
 Y1                 0             0             0             0             0
 Y2                 0             0             0             0             0
 Y3                 0             0             0             0             0
 X3P1               0             0             0             0             0
 X2P2               0             0             0             0             0
 X1P3               0             0             0             0             0


           THETA
              M3            M4            M5            M6            M7
              ________      ________      ________      ________      ________
 M3                44
 M4                 0            45
 M5                 0             0            46
 M6                 0             0             0            47
 M7                 0             0             0             0            48
 M8                 0             0             0             0             0
 M9                 0             0             0             0             0
 M10                0             0             0             0             0
 M11                0             0             0             0             0
 M12                0             0             0             0             0
 Y1                 0             0             0             0             0
 Y2                 0             0             0             0             0
 Y3                 0             0             0             0             0
 X3P1               0             0             0             0             0
 X2P2               0             0             0             0             0
 X1P3               0             0             0             0             0


           THETA
              M8            M9            M10           M11           M12
              ________      ________      ________      ________      ________
 M8                49
 M9                 0            50
 M10                0             0            51
 M11                0             0             0            52
 M12                0             0             0             0            53
 Y1                 0             0             0             0             0
 Y2                 0             0             0             0             0
 Y3                 0             0             0             0             0
 X3P1               0             0             0             0             0
 X2P2               0             0             0             0             0
 X1P3               0             0             0             0             0


           THETA
              Y1            Y2            Y3            X3P1          X2P2
              ________      ________      ________      ________      ________
 Y1                54
 Y2                 0            55
 Y3                 0             0            56
 X3P1               0             0             0            57
 X2P2               0             0             0             0            58
 X1P3               0             0             0             0             0


           THETA
              X1P3
              ________
 X1P3              59


           ALPHA
              X             M             Y             XM
              ________      ________      ________      ________
                  0             0             0             0


           BETA
              X             M             Y             XM
              ________      ________      ________      ________
 X                  0             0             0             0
 M                  0             0             0             0
 Y                 60            61             0            62
 XM                 0             0             0             0


           PSI
              X             M             Y             XM
              ________      ________      ________      ________
 X                 63
 M                 64            65
 Y                  0             0            66
 XM                67            68             0            69


     PARAMETER SPECIFICATION FOR THE ADDITIONAL PARAMETERS


           New/Additional Parameters
              VAR_Y         STD_B1        STD_B2        STD_B3
              ________      ________      ________      ________
                   70            71            72            73


     STARTING VALUES


           NU
              X1            X2            X3            M1            M2
              ________      ________      ________      ________      ________
                0.000         0.000         0.000         0.000         0.000


           NU
              M3            M4            M5            M6            M7
              ________      ________      ________      ________      ________
                0.000         0.000         0.000         0.000         0.000


           NU
              M8            M9            M10           M11           M12
              ________      ________      ________      ________      ________
                0.000         0.000         0.000         0.000         0.000


           NU
              Y1            Y2            Y3            X3P1          X2P2
              ________      ________      ________      ________      ________
                0.446         0.894         1.062         0.000         0.000


           NU
              X1P3
              ________
                0.000


           LAMBDA
              X             M             Y             XM
              ________      ________      ________      ________
 X1             0.210         0.000         0.000         0.000
 X2             0.223         0.000         0.000         0.000
 X3             1.000         0.000         0.000         0.000
 M1             0.000         3.880         0.000         0.000
 M2             0.000         0.614         0.000         0.000
 M3             0.000        -0.373         0.000         0.000
 M4             0.000         0.336         0.000         0.000
 M5             0.000         1.792         0.000         0.000
 M6             0.000         1.060         0.000         0.000
 M7             0.000         2.248         0.000         0.000
 M8             0.000         2.516         0.000         0.000
 M9             0.000         2.030         0.000         0.000
 M10            0.000         0.906         0.000         0.000
 M11            0.000         1.921         0.000         0.000
 M12            0.000         1.000         0.000         0.000
 Y1             0.000         0.000         0.618         0.000
 Y2             0.000         0.000         0.699         0.000
 Y3             0.000         0.000         1.000         0.000
 X3P1           0.000         0.000         0.000         1.000
 X2P2           0.000         0.000         0.000         1.189
 X1P3           0.000         0.000         0.000         0.594


           THETA
              X1            X2            X3            M1            M2
              ________      ________      ________      ________      ________
 X1             0.124
 X2             0.000         0.124
 X3             0.000         0.000         0.124
 M1             0.000         0.000         0.000         1.365
 M2             0.000         0.000         0.000         0.000         1.340
 M3             0.000         0.000         0.000         0.000         0.000
 M4             0.000         0.000         0.000         0.000         0.000
 M5             0.000         0.000         0.000         0.000         0.000
 M6             0.000         0.000         0.000         0.000         0.000
 M7             0.000         0.000         0.000         0.000         0.000
 M8             0.000         0.000         0.000         0.000         0.000
 M9             0.000         0.000         0.000         0.000         0.000
 M10            0.000         0.000         0.000         0.000         0.000
 M11            0.000         0.000         0.000         0.000         0.000
 M12            0.000         0.000         0.000         0.000         0.000
 Y1             0.000         0.000         0.000         0.000         0.000
 Y2             0.000         0.000         0.000         0.000         0.000
 Y3             0.000         0.000         0.000         0.000         0.000
 X3P1           0.000         0.000         0.000         0.000         0.000
 X2P2           0.000         0.000         0.000         0.000         0.000
 X1P3           0.000         0.000         0.000         0.000         0.000


           THETA
              M3            M4            M5            M6            M7
              ________      ________      ________      ________      ________
 M3             1.210
 M4             0.000         1.135
 M5             0.000         0.000         1.157
 M6             0.000         0.000         0.000         1.065
 M7             0.000         0.000         0.000         0.000         1.220
 M8             0.000         0.000         0.000         0.000         0.000
 M9             0.000         0.000         0.000         0.000         0.000
 M10            0.000         0.000         0.000         0.000         0.000
 M11            0.000         0.000         0.000         0.000         0.000
 M12            0.000         0.000         0.000         0.000         0.000
 Y1             0.000         0.000         0.000         0.000         0.000
 Y2             0.000         0.000         0.000         0.000         0.000
 Y3             0.000         0.000         0.000         0.000         0.000
 X3P1           0.000         0.000         0.000         0.000         0.000
 X2P2           0.000         0.000         0.000         0.000         0.000
 X1P3           0.000         0.000         0.000         0.000         0.000


           THETA
              M8            M9            M10           M11           M12
              ________      ________      ________      ________      ________
 M8             1.357
 M9             0.000         1.065
 M10            0.000         0.000         1.065
 M11            0.000         0.000         0.000         1.141
 M12            0.000         0.000         0.000         0.000         1.055
 Y1             0.000         0.000         0.000         0.000         0.000
 Y2             0.000         0.000         0.000         0.000         0.000
 Y3             0.000         0.000         0.000         0.000         0.000
 X3P1           0.000         0.000         0.000         0.000         0.000
 X2P2           0.000         0.000         0.000         0.000         0.000
 X1P3           0.000         0.000         0.000         0.000         0.000


           THETA
              Y1            Y2            Y3            X3P1          X2P2
              ________      ________      ________      ________      ________
 Y1             0.330
 Y2             0.000         0.474
 Y3             0.000         0.000         0.702
 X3P1           0.000         0.000         0.000         0.102
 X2P2           0.000         0.000         0.000         0.000         0.095
 X1P3           0.000         0.000         0.000         0.000         0.000


           THETA
              X1P3
              ________
 X1P3           0.087


           ALPHA
              X             M             Y             XM
              ________      ________      ________      ________
                0.000         0.000         0.000         0.000


           BETA
              X             M             Y             XM
              ________      ________      ________      ________
 X              0.000         0.000         0.000         0.000
 M              0.000         0.000         0.000         0.000
 Y              0.000         0.000         0.000         0.000
 XM             0.000         0.000         0.000         0.000


           PSI
              X             M             Y             XM
              ________      ________      ________      ________
 X              0.050
 M              0.000         0.050
 Y              0.000         0.000         0.050
 XM             0.000         0.000         0.000         0.050


     STARTING VALUES FOR THE ADDITIONAL PARAMETERS


           New/Additional Parameters
              VAR_Y         STD_B1        STD_B2        STD_B3
              ________      ________      ________      ________
                0.500         0.500         0.500         0.500


RESULTS SAVING INFORMATION

  Order of data

    Parameter estimates
     (saved in order shown in Technical 1 output)
    Standard errors
     (saved in order shown in Technical 1 output)
    Number of Free Parameters
    H0 Loglikelihood
    H0 Scaling Correction Factor for MLR
    H1 Loglikelihood
    H1 Scaling Correction Factor for MLR
    Akaike (AIC)
    Bayesian (BIC)
    Sample-Size Adjusted BIC
    Chi-square : Value
    Chi-square : Degrees of Freedom
    Chi-square : P-Value
    Chi-square : Scaling Correction Factor for MLR/MLM/WLSM
    CFI
    TLI
    RMSEA : Estimate
    RMSEA : Low CI
    RMSEA : High CI
    RMSEA : Probability
    SRMR
    Condition Number

  Save file
    parcelupi_results_339.dat

  Save file format           Free


     Beginning Time:  14:23:21
        Ending Time:  14:23:22
       Elapsed Time:  00:00:01



MUTHEN & MUTHEN
3463 Stoner Ave.
Los Angeles, CA  90066

Tel: (310) 391-9971
Fax: (310) 391-8971
Web: www.StatModel.com
Support: Support@StatModel.com

Copyright (c) 1998-2022 Muthen & Muthen
