Mplus VERSION 8.8 (Mac)
MUTHEN & MUTHEN
07/27/2025   8:57 PM

INPUT INSTRUCTIONS


    TITLE: Parceling Unconstrained Product Indicator

    DATA:
      FILE = parcelupi_simdat_1860.dat;
      FORMAT IS FREE;

    VARIABLE:
      NAMES = x1 x2 x3
      	    m1 m2 m3 m4 m5 m6
      	    m7 m8 m9 m10 m11 m12
      	    y1 y2 y3
      	    p1 p2 p3
      	    x3p1 x2p2 x1p3;
      USEVARIABLES = x1 x2 x3
      	    m1 m2 m3 m4 m5 m6
      	    m7 m8 m9 m10 m11 m12
      	    y1 y2 y3
      	    x3p1 x2p2 x1p3;

    ANALYSIS:
      TYPE = general;
      ESTIMATOR = MLR;
    MODEL:
      !measurement model
      X BY x3 x2 x1;
      X (var_X);
      M BY m12 m11 m10 m9 m8 m7 m6 m5 m4 m3 m2 m1;
      M (var_M);
      Y BY y3 y2 y1;
      Y (resvar_Y);
      XM BY x3p1 x2p2 x1p3;
      XM (var_XM);

      !covariances between predictors
      X WITH M (cov_XM);
      X WITH XM (cov_XXM);
      M WITH XM (cov_MXM);

      !structural model
      Y ON X (b1);
      Y ON M (b2);
      Y ON XM (b3);

    MODEL CONSTRAINT:

      NEW(var_Y std_b1 std_b2 std_b3);
      var_Y = resvar_Y +
       (b1^2 * var_X +
        b2^2 * var_M +
        b3^2 * var_XM +
        2 * b1 * b2 * cov_XM +
        2 * b1 * b3 * cov_XXM +
        2 * b2 * b3 * cov_MXM);

        std_b1 = b1 * sqrt(var_X) / sqrt(var_Y);
        std_b2 = b2 * sqrt(var_M) / sqrt(var_Y);
        std_b3 = b3 * sqrt(var_X) * sqrt(var_M) / sqrt(var_Y);

    OUTPUT:
      sampstat tech1 CINTERVAL;

    SAVEDATA:
      RESULTS = parcelupi_results_1860.dat;




INPUT READING TERMINATED NORMALLY



Parceling Unconstrained Product Indicator

SUMMARY OF ANALYSIS

Number of groups                                                 1
Number of observations                                         100

Number of dependent variables                                   21
Number of independent variables                                  0
Number of continuous latent variables                            4

Observed dependent variables

  Continuous
   X1          X2          X3          M1          M2          M3
   M4          M5          M6          M7          M8          M9
   M10         M11         M12         Y1          Y2          Y3
   X3P1        X2P2        X1P3

Continuous latent variables
   X           M           Y           XM


Estimator                                                      MLR
Information matrix                                        OBSERVED
Maximum number of iterations                                  1000
Convergence criterion                                    0.500D-04
Maximum number of steepest descent iterations                   20

Input data file(s)
  parcelupi_simdat_1860.dat

Input data format  FREE


SAMPLE STATISTICS


     SAMPLE STATISTICS


           Means
              X1            X2            X3            M1            M2
              ________      ________      ________      ________      ________
                0.000         0.000         0.000         0.000         0.000


           Means
              M3            M4            M5            M6            M7
              ________      ________      ________      ________      ________
                0.000         0.000         0.000         0.000         0.000


           Means
              M8            M9            M10           M11           M12
              ________      ________      ________      ________      ________
                0.000         0.000         0.000         0.000         0.000


           Means
              Y1            Y2            Y3            X3P1          X2P2
              ________      ________      ________      ________      ________
                0.660         0.823         1.060         0.000         0.000


           Means
              X1P3
              ________
                0.000


           Covariances
              X1            X2            X3            M1            M2
              ________      ________      ________      ________      ________
 X1             0.250
 X2             0.054         0.248
 X3             0.065         0.091         0.250
 M1            -0.084         0.106        -0.025         2.609
 M2             0.051         0.011         0.002         0.281         2.554
 M3             0.074         0.122         0.045        -0.329        -0.275
 M4            -0.046        -0.037        -0.045         0.121        -0.021
 M5             0.025         0.025        -0.055         0.120         0.347
 M6            -0.010         0.074         0.137        -0.013         0.321
 M7             0.034         0.075         0.223         0.319         0.143
 M8             0.014         0.002         0.096        -0.148         0.186
 M9             0.053         0.198         0.108         0.285        -0.100
 M10           -0.054         0.130         0.102         0.406         0.202
 M11            0.034         0.150         0.158         0.434        -0.092
 M12            0.031         0.132         0.100         0.239         0.438
 Y1             0.039         0.032         0.088        -0.141        -0.063
 Y2             0.088         0.125         0.065         0.070         0.034
 Y3             0.002         0.111         0.123        -0.038        -0.018
 X3P1           0.004         0.013         0.001         0.000        -0.023
 X2P2           0.033        -0.005         0.004         0.080        -0.038
 X1P3           0.000         0.013         0.006         0.085         0.036


           Covariances
              M3            M4            M5            M6            M7
              ________      ________      ________      ________      ________
 M3             2.647
 M4             0.228         2.609
 M5             0.001         0.360         2.650
 M6            -0.002         0.533         0.192         2.377
 M7             0.285        -0.199         0.153         0.521         2.070
 M8             0.367        -0.051         0.081         0.738         0.275
 M9             0.328        -0.105         0.308         0.337         0.198
 M10            0.420         0.384         0.262         0.844         0.390
 M11            0.320         0.086         0.218         0.486         0.440
 M12            0.582         0.431         0.540         1.019         0.722
 Y1             0.330         0.018        -0.016         0.156         0.071
 Y2             0.338         0.203         0.016         0.434         0.234
 Y3             0.479        -0.070         0.116         0.375         0.097
 X3P1           0.018        -0.014         0.007        -0.035         0.018
 X2P2           0.001        -0.015        -0.008         0.019         0.185
 X1P3           0.042         0.037         0.112         0.005         0.063


           Covariances
              M8            M9            M10           M11           M12
              ________      ________      ________      ________      ________
 M8             2.447
 M9             0.758         2.394
 M10            0.710         0.712         2.120
 M11            0.800         0.908         0.850         2.300
 M12            0.782         0.804         1.038         1.122         2.098
 Y1             0.149         0.131         0.160         0.221         0.245
 Y2             0.031         0.244         0.330         0.292         0.449
 Y3             0.230         0.329         0.309         0.385         0.534
 X3P1           0.020         0.148         0.092         0.085         0.095
 X2P2           0.001         0.105        -0.002         0.096         0.109
 X1P3           0.035        -0.005         0.055         0.038         0.129


           Covariances
              Y1            Y2            Y3            X3P1          X2P2
              ________      ________      ________      ________      ________
 Y1             0.855
 Y2             0.310         0.980
 Y3             0.472         0.568         1.114
 X3P1          -0.004         0.020         0.023         0.207
 X2P2           0.015        -0.015        -0.020         0.040         0.198
 X1P3          -0.002         0.042        -0.035         0.003        -0.005


           Covariances
              X1P3
              ________
 X1P3           0.219


           Correlations
              X1            X2            X3            M1            M2
              ________      ________      ________      ________      ________
 X1             1.000
 X2             0.217         1.000
 X3             0.261         0.364         1.000
 M1            -0.105         0.133        -0.031         1.000
 M2             0.064         0.013         0.002         0.109         1.000
 M3             0.091         0.151         0.056        -0.125        -0.106
 M4            -0.057        -0.045        -0.055         0.046        -0.008
 M5             0.031         0.031        -0.068         0.046         0.133
 M6            -0.012         0.096         0.178        -0.005         0.130
 M7             0.047         0.105         0.310         0.137         0.062
 M8             0.018         0.003         0.122        -0.059         0.074
 M9             0.069         0.257         0.140         0.114        -0.040
 M10           -0.074         0.179         0.140         0.173         0.087
 M11            0.045         0.199         0.208         0.177        -0.038
 M12            0.043         0.183         0.138         0.102         0.189
 Y1             0.085         0.069         0.190        -0.094        -0.043
 Y2             0.178         0.253         0.132         0.044         0.022
 Y3             0.004         0.212         0.232        -0.022        -0.011
 X3P1           0.016         0.055         0.003         0.001        -0.031
 X2P2           0.150        -0.021         0.019         0.112        -0.054
 X1P3          -0.002         0.056         0.026         0.113         0.049


           Correlations
              M3            M4            M5            M6            M7
              ________      ________      ________      ________      ________
 M3             1.000
 M4             0.087         1.000
 M5             0.000         0.137         1.000
 M6            -0.001         0.214         0.077         1.000
 M7             0.122        -0.086         0.065         0.235         1.000
 M8             0.144        -0.020         0.032         0.306         0.122
 M9             0.130        -0.042         0.122         0.141         0.089
 M10            0.177         0.163         0.111         0.376         0.186
 M11            0.130         0.035         0.088         0.208         0.202
 M12            0.247         0.184         0.229         0.456         0.346
 Y1             0.220         0.012        -0.011         0.109         0.053
 Y2             0.210         0.127         0.010         0.284         0.165
 Y3             0.279        -0.041         0.067         0.231         0.064
 X3P1           0.024        -0.020         0.010        -0.050         0.028
 X2P2           0.001        -0.021        -0.011         0.027         0.289
 X1P3           0.055         0.050         0.147         0.007         0.093


           Correlations
              M8            M9            M10           M11           M12
              ________      ________      ________      ________      ________
 M8             1.000
 M9             0.313         1.000
 M10            0.312         0.316         1.000
 M11            0.337         0.387         0.385         1.000
 M12            0.345         0.359         0.492         0.511         1.000
 Y1             0.103         0.091         0.119         0.158         0.183
 Y2             0.020         0.159         0.229         0.195         0.313
 Y3             0.139         0.201         0.201         0.241         0.349
 X3P1           0.028         0.210         0.139         0.123         0.145
 X2P2           0.001         0.153        -0.003         0.142         0.169
 X1P3           0.048        -0.006         0.081         0.054         0.190


           Correlations
              Y1            Y2            Y3            X3P1          X2P2
              ________      ________      ________      ________      ________
 Y1             1.000
 Y2             0.339         1.000
 Y3             0.483         0.544         1.000
 X3P1          -0.010         0.045         0.047         1.000
 X2P2           0.037        -0.033        -0.042         0.196         1.000
 X1P3          -0.004         0.091        -0.070         0.016        -0.026


           Correlations
              X1P3
              ________
 X1P3           1.000


UNIVARIATE SAMPLE STATISTICS


     UNIVARIATE HIGHER-ORDER MOMENT DESCRIPTIVE STATISTICS

         Variable/         Mean/     Skewness/   Minimum/ % with                Percentiles
        Sample Size      Variance    Kurtosis    Maximum  Min/Max      20%/60%    40%/80%    Median

     X1                    0.000      -0.080      -0.520   48.00%      -0.520     -0.520      0.480
             100.000       0.250      -1.994       0.480   52.00%       0.480      0.480
     X2                    0.000      -0.201      -0.550   45.00%      -0.550     -0.550      0.450
             100.000       0.247      -1.960       0.450   55.00%       0.450      0.450
     X3                    0.000       0.040      -0.490   51.00%      -0.490     -0.490     -0.490
             100.000       0.250      -1.998       0.510   49.00%       0.510      0.510
     M1                    0.000       0.049      -1.970   30.00%      -1.970     -0.970      0.030
             100.000       2.609      -1.557       2.030   30.00%       0.030      2.030
     M2                    0.000       0.293      -1.690   37.00%      -1.690     -0.690     -0.690
             100.000       2.554      -1.508       2.310   22.00%       0.310      2.310
     M3                    0.000      -0.039      -2.050   28.00%      -2.050     -1.050     -0.050
             100.000       2.647      -1.613       1.950   31.00%       0.950      1.950
     M4                    0.000      -0.063      -2.030   30.00%      -2.030     -1.030     -0.030
             100.000       2.609      -1.574       1.970   29.00%       0.970      1.970
     M5                    0.000       0.016      -1.990   29.00%      -1.990     -0.990      0.010
             100.000       2.650      -1.631       2.010   29.00%       1.010      2.010
     M6                    0.000      -0.208      -2.230   21.00%      -2.230     -0.230     -0.230
             100.000       2.377      -1.454       1.770   32.00%       0.770      1.770
     M7                    0.000      -0.272      -2.300   16.00%      -1.300     -0.300     -0.300
             100.000       2.070      -1.272       1.700   29.00%       0.700      1.700
     M8                    0.000      -0.005      -2.050   24.00%      -2.050     -1.050     -0.050
             100.000       2.447      -1.535       1.950   29.00%       0.950      1.950
     M9                    0.000       0.268      -1.840   26.00%      -1.840     -0.840     -0.840
             100.000       2.394      -1.443       2.160   26.00%       0.160      2.160
     M10                   0.000      -0.136      -2.200   16.00%      -1.200     -0.200     -0.200
             100.000       2.120      -1.410       1.800   27.00%       0.800      1.800
     M11                   0.000       0.237      -1.800   28.00%      -1.800     -0.800      0.200
             100.000       2.300      -1.403       2.200   22.00%       0.200      2.200
     M12                   0.000      -0.029      -1.960   24.00%      -1.960     -0.960      0.040
             100.000       2.098      -1.359       2.040   19.00%       1.040      1.040
     Y1                    0.660       0.184      -1.228    1.00%      -0.122      0.364      0.727
             100.000       0.855      -0.223       2.891    1.00%       0.855      1.337
     Y2                    0.823      -0.504      -2.580    1.00%      -0.112      0.557      0.991
             100.000       0.980       0.277       3.064    1.00%       1.208      1.592
     Y3                    1.060      -0.313      -1.788    1.00%       0.271      0.741      1.101
             100.000       1.114       0.153       3.569    1.00%       1.351      1.924
     X3P1                  0.000       0.158      -1.029    1.00%      -0.392     -0.137     -0.059
             100.000       0.207      -0.713       1.011    1.00%       0.064      0.431
     X2P2                  0.000       0.164      -0.937    1.00%      -0.387     -0.112     -0.051
             100.000       0.198      -0.789       0.988    1.00%       0.026      0.438
     X1P3                  0.000      -0.235      -1.065    1.00%      -0.465     -0.040      0.015
             100.000       0.219      -0.702       1.000    1.00%       0.220      0.375


     THIS ANALYSIS MAY HAVE MULTIPLE SOLUTIONS.  EXPLORE THIS USING RANDOM STARTS,
     FOR EXAMPLE, STARTS = 20.  USE A LARGE ENOUGH NUMBER OF STARTS SO THAT THE
     BEST FIT FUNCTION VALUE IS REPLICATED SEVERAL TIMES.


THE MODEL ESTIMATION TERMINATED NORMALLY

     THE STANDARD ERRORS OF THE MODEL PARAMETER ESTIMATES MAY NOT BE
     TRUSTWORTHY FOR SOME PARAMETERS DUE TO A NON-POSITIVE DEFINITE
     FIRST-ORDER DERIVATIVE PRODUCT MATRIX.  THIS MAY BE DUE TO THE STARTING
     VALUES BUT MAY ALSO BE AN INDICATION OF MODEL NONIDENTIFICATION.  THE
     CONDITION NUMBER IS      -0.277D-18.  PROBLEM INVOLVING THE FOLLOWING PARAMETER:
     Parameter 67, XM WITH X (equality/label)

     THIS IS MOST LIKELY DUE TO VARIABLE X1 BEING DICHOTOMOUS BUT
     DECLARED AS CONTINUOUS.




MODEL FIT INFORMATION

Number of Free Parameters                       69

Loglikelihood

          H0 Value                       -2920.158
          H0 Scaling Correction Factor      1.2152
            for MLR
          H1 Value                       -2842.136
          H1 Scaling Correction Factor      0.9680
            for MLR

Information Criteria

          Akaike (AIC)                    5978.316
          Bayesian (BIC)                  6158.072
          Sample-Size Adjusted BIC        5940.153
            (n* = (n + 2) / 24)

Chi-Square Test of Model Fit

          Value                            178.381*
          Degrees of Freedom                   183
          P-Value                           0.5826
          Scaling Correction Factor         0.8748
            for MLR

*   The chi-square value for MLM, MLMV, MLR, ULSMV, WLSM and WLSMV cannot be used
    for chi-square difference testing in the regular way.  MLM, MLR and WLSM
    chi-square difference testing is described on the Mplus website.  MLMV, WLSMV,
    and ULSMV difference testing is done using the DIFFTEST option.

RMSEA (Root Mean Square Error Of Approximation)

          Estimate                           0.000
          90 Percent C.I.                    0.000  0.041
          Probability RMSEA <= .05           0.989

CFI/TLI

          CFI                                1.000
          TLI                                1.000

Chi-Square Test of Model Fit for the Baseline Model

          Value                            419.564
          Degrees of Freedom                   210
          P-Value                           0.0000

SRMR (Standardized Root Mean Square Residual)

          Value                              0.065



MODEL RESULTS

                                                    Two-Tailed
                    Estimate       S.E.  Est./S.E.    P-Value

 X        BY
    X3                 1.000      0.000    999.000    999.000
    X2                 0.919      0.377      2.436      0.015
    X1                 0.556      0.229      2.431      0.015

 M        BY
    M12                1.000      0.000    999.000    999.000
    M11                0.753      0.219      3.432      0.001
    M10                0.721      0.188      3.840      0.000
    M9                 0.591      0.229      2.587      0.010
    M8                 0.566      0.213      2.655      0.008
    M7                 0.443      0.128      3.476      0.001
    M6                 0.638      0.179      3.555      0.000
    M5                 0.286      0.148      1.931      0.054
    M4                 0.215      0.137      1.569      0.117
    M3                 0.360      0.154      2.341      0.019
    M2                 0.183      0.152      1.206      0.228
    M1                 0.190      0.140      1.359      0.174

 Y        BY
    Y3                 1.000      0.000    999.000    999.000
    Y2                 0.723      0.265      2.724      0.006
    Y1                 0.572      0.151      3.789      0.000

 XM       BY
    X3P1               1.000      0.000    999.000    999.000
    X2P2               1.134      0.990      1.146      0.252
    X1P3               0.638      8.973      0.071      0.943

 Y        ON
    X                  0.701      0.881      0.795      0.426
    M                  0.428      2.605      0.164      0.870
    XM                -2.304     41.977     -0.055      0.956

 X        WITH
    M                  0.141      0.060      2.369      0.018
    XM                 0.007      0.015      0.458      0.647

 M        WITH
    XM                 0.097      0.094      1.024      0.306

 Intercepts
    X1                 0.000      0.050      0.000      1.000
    X2                 0.000      0.050      0.000      1.000
    X3                 0.000      0.050      0.000      1.000
    M1                 0.000      0.162      0.000      1.000
    M2                 0.000      0.160      0.000      1.000
    M3                 0.000      0.163      0.000      1.000
    M4                 0.000      0.162      0.000      1.000
    M5                 0.000      0.163      0.000      1.000
    M6                 0.000      0.154      0.000      1.000
    M7                 0.000      0.144      0.000      1.000
    M8                 0.000      0.156      0.000      1.000
    M9                 0.000      0.155      0.000      1.000
    M10                0.000      0.146      0.000      1.000
    M11                0.000      0.152      0.000      1.000
    M12                0.000      0.145      0.000      1.000
    Y1                 0.660      0.092      7.136      0.000
    Y2                 0.823      0.099      8.308      0.000
    Y3                 1.060      0.106     10.043      0.000
    X3P1               0.000      0.046      0.000      1.000
    X2P2               0.000      0.045      0.000      1.000
    X1P3               0.000      0.047      0.000      1.000

 Variances
    X                  0.103      0.047      2.204      0.027
    M                  1.505      0.438      3.439      0.001
    XM                 0.021      0.268      0.077      0.938

 Residual Variances
    X1                 0.218      0.024      9.006      0.000
    X2                 0.161      0.042      3.829      0.000
    X3                 0.147      0.047      3.153      0.002
    M1                 2.555      0.174     14.640      0.000
    M2                 2.503      0.177     14.154      0.000
    M3                 2.453      0.219     11.215      0.000
    M4                 2.540      0.195     13.029      0.000
    M5                 2.527      0.204     12.367      0.000
    M6                 1.764      0.256      6.880      0.000
    M7                 1.774      0.197      9.017      0.000
    M8                 1.966      0.302      6.503      0.000
    M9                 1.868      0.311      6.003      0.000
    M10                1.337      0.252      5.304      0.000
    M11                1.447      0.298      4.852      0.000
    M12                0.593      0.423      1.401      0.161
    Y1                 0.595      0.109      5.442      0.000
    Y2                 0.565      0.198      2.855      0.004
    Y3                 0.319      0.267      1.197      0.231
    X3P1               0.186      0.268      0.696      0.486
    X2P2               0.171      0.318      0.540      0.589
    X1P3               0.210      0.132      1.591      0.112
    Y                  0.488      1.257      0.388      0.698

New/Additional Parameters
    VAR_Y              0.795      0.304      2.617      0.009
    STD_B1             0.252      0.345      0.730      0.465
    STD_B2             0.588      3.576      0.165      0.869
    STD_B3            -1.017     18.465     -0.055      0.956


QUALITY OF NUMERICAL RESULTS

     Condition Number for the Information Matrix              0.104E-05
       (ratio of smallest to largest eigenvalue)


CONFIDENCE INTERVALS OF MODEL RESULTS

                  Lower .5%  Lower 2.5%    Lower 5%    Estimate    Upper 5%  Upper 2.5%   Upper .5%

 X        BY
    X3               1.000       1.000       1.000       1.000       1.000       1.000       1.000
    X2              -0.053       0.180       0.299       0.919       1.540       1.659       1.891
    X1              -0.033       0.108       0.180       0.556       0.932       1.004       1.145

 M        BY
    M12              1.000       1.000       1.000       1.000       1.000       1.000       1.000
    M11              0.188       0.323       0.392       0.753       1.114       1.183       1.318
    M10              0.237       0.353       0.412       0.721       1.030       1.089       1.205
    M9               0.003       0.143       0.215       0.591       0.967       1.039       1.180
    M8               0.017       0.148       0.215       0.566       0.916       0.983       1.115
    M7               0.115       0.193       0.234       0.443       0.653       0.693       0.772
    M6               0.176       0.286       0.343       0.638       0.933       0.990       1.100
    M5              -0.096      -0.004       0.042       0.286       0.530       0.576       0.667
    M4              -0.138      -0.053      -0.010       0.215       0.440       0.483       0.567
    M3              -0.036       0.059       0.107       0.360       0.613       0.661       0.756
    M2              -0.208      -0.115      -0.067       0.183       0.434       0.482       0.575
    M1              -0.171      -0.084      -0.040       0.190       0.421       0.465       0.551

 Y        BY
    Y3               1.000       1.000       1.000       1.000       1.000       1.000       1.000
    Y2               0.039       0.203       0.286       0.723       1.159       1.243       1.406
    Y1               0.183       0.276       0.324       0.572       0.821       0.868       0.961

 XM       BY
    X3P1             1.000       1.000       1.000       1.000       1.000       1.000       1.000
    X2P2            -1.415      -0.806      -0.494       1.134       2.762       3.074       3.684
    X1P3           -22.475     -16.950     -14.123       0.638      15.400      18.226      23.752

 Y        ON
    X               -1.568      -1.026      -0.748       0.701       2.149       2.427       2.969
    M               -6.283      -4.679      -3.858       0.428       4.713       5.534       7.138
    XM            -110.428     -84.579     -71.356      -2.304      66.748      79.971     105.821

 X        WITH
    M               -0.012       0.024       0.043       0.141       0.239       0.258       0.295
    XM              -0.032      -0.023      -0.018       0.007       0.032       0.037       0.046

 M        WITH
    XM              -0.146      -0.088      -0.059       0.097       0.252       0.282       0.340

 Intercepts
    X1              -0.129      -0.098      -0.082       0.000       0.082       0.098       0.129
    X2              -0.128      -0.098      -0.082       0.000       0.082       0.098       0.128
    X3              -0.129      -0.098      -0.082       0.000       0.082       0.098       0.129
    M1              -0.416      -0.317      -0.266       0.000       0.266       0.317       0.416
    M2              -0.412      -0.313      -0.263       0.000       0.263       0.313       0.412
    M3              -0.419      -0.319      -0.268       0.000       0.268       0.319       0.419
    M4              -0.416      -0.317      -0.266       0.000       0.266       0.317       0.416
    M5              -0.419      -0.319      -0.268       0.000       0.268       0.319       0.419
    M6              -0.397      -0.302      -0.254       0.000       0.254       0.302       0.397
    M7              -0.371      -0.282      -0.237       0.000       0.237       0.282       0.371
    M8              -0.403      -0.307      -0.257       0.000       0.257       0.307       0.403
    M9              -0.399      -0.303      -0.255       0.000       0.255       0.303       0.399
    M10             -0.375      -0.285      -0.240       0.000       0.240       0.285       0.375
    M11             -0.391      -0.297      -0.249       0.000       0.249       0.297       0.391
    M12             -0.373      -0.284      -0.238       0.000       0.238       0.284       0.373
    Y1               0.422       0.479       0.508       0.660       0.812       0.841       0.898
    Y2               0.568       0.629       0.660       0.823       0.986       1.017       1.078
    Y3               0.788       0.853       0.887       1.060       1.234       1.267       1.332
    X3P1            -0.117      -0.089      -0.075       0.000       0.075       0.089       0.117
    X2P2            -0.115      -0.087      -0.073       0.000       0.073       0.087       0.115
    X1P3            -0.120      -0.092      -0.077       0.000       0.077       0.092       0.120

 Variances
    X               -0.017       0.011       0.026       0.103       0.180       0.194       0.223
    M                0.378       0.648       0.785       1.505       2.225       2.363       2.633
    XM              -0.670      -0.505      -0.420       0.021       0.462       0.546       0.712

 Residual Variances
    X1               0.156       0.170       0.178       0.218       0.258       0.265       0.280
    X2               0.053       0.078       0.092       0.161       0.230       0.243       0.269
    X3               0.027       0.056       0.070       0.147       0.224       0.238       0.267
    M1               2.105       2.213       2.267       2.555       2.842       2.897       3.004
    M2               2.048       2.157       2.212       2.503       2.794       2.850       2.959
    M3               1.889       2.024       2.093       2.453       2.812       2.881       3.016
    M4               2.038       2.158       2.219       2.540       2.860       2.922       3.042
    M5               2.001       2.126       2.191       2.527       2.863       2.927       3.053
    M6               1.104       1.262       1.342       1.764       2.186       2.267       2.425
    M7               1.267       1.388       1.450       1.774       2.098       2.160       2.281
    M8               1.187       1.373       1.468       1.966       2.463       2.558       2.744
    M9               1.066       1.258       1.356       1.868       2.380       2.478       2.669
    M10              0.688       0.843       0.922       1.337       1.751       1.831       1.986
    M11              0.679       0.863       0.956       1.447       1.938       2.032       2.215
    M12             -0.497      -0.237      -0.103       0.593       1.289       1.423       1.684
    Y1               0.313       0.381       0.415       0.595       0.775       0.809       0.877
    Y2               0.055       0.177       0.239       0.565       0.890       0.952       1.074
    Y3              -0.368      -0.204      -0.120       0.319       0.758       0.842       1.006
    X3P1            -0.503      -0.338      -0.254       0.186       0.627       0.711       0.876
    X2P2            -0.647      -0.451      -0.351       0.171       0.694       0.794       0.990
    X1P3            -0.130      -0.049      -0.007       0.210       0.428       0.469       0.551
    Y               -2.750      -1.976      -1.580       0.488       2.555       2.951       3.725

New/Additional Parameters
    VAR_Y            0.012       0.200       0.295       0.795       1.295       1.391       1.578
    STD_B1          -0.637      -0.424      -0.316       0.252       0.819       0.928       1.141
    STD_B2          -8.622      -6.420      -5.294       0.588       6.470       7.597       9.798
    STD_B3         -48.578     -37.207     -31.391      -1.017      29.358      35.174      46.545


TECHNICAL 1 OUTPUT


     PARAMETER SPECIFICATION


           NU
              X1            X2            X3            M1            M2
              ________      ________      ________      ________      ________
                  1             2             3             4             5


           NU
              M3            M4            M5            M6            M7
              ________      ________      ________      ________      ________
                  6             7             8             9            10


           NU
              M8            M9            M10           M11           M12
              ________      ________      ________      ________      ________
                 11            12            13            14            15


           NU
              Y1            Y2            Y3            X3P1          X2P2
              ________      ________      ________      ________      ________
                 16            17            18            19            20


           NU
              X1P3
              ________
                 21


           LAMBDA
              X             M             Y             XM
              ________      ________      ________      ________
 X1                22             0             0             0
 X2                23             0             0             0
 X3                 0             0             0             0
 M1                 0            24             0             0
 M2                 0            25             0             0
 M3                 0            26             0             0
 M4                 0            27             0             0
 M5                 0            28             0             0
 M6                 0            29             0             0
 M7                 0            30             0             0
 M8                 0            31             0             0
 M9                 0            32             0             0
 M10                0            33             0             0
 M11                0            34             0             0
 M12                0             0             0             0
 Y1                 0             0            35             0
 Y2                 0             0            36             0
 Y3                 0             0             0             0
 X3P1               0             0             0             0
 X2P2               0             0             0            37
 X1P3               0             0             0            38


           THETA
              X1            X2            X3            M1            M2
              ________      ________      ________      ________      ________
 X1                39
 X2                 0            40
 X3                 0             0            41
 M1                 0             0             0            42
 M2                 0             0             0             0            43
 M3                 0             0             0             0             0
 M4                 0             0             0             0             0
 M5                 0             0             0             0             0
 M6                 0             0             0             0             0
 M7                 0             0             0             0             0
 M8                 0             0             0             0             0
 M9                 0             0             0             0             0
 M10                0             0             0             0             0
 M11                0             0             0             0             0
 M12                0             0             0             0             0
 Y1                 0             0             0             0             0
 Y2                 0             0             0             0             0
 Y3                 0             0             0             0             0
 X3P1               0             0             0             0             0
 X2P2               0             0             0             0             0
 X1P3               0             0             0             0             0


           THETA
              M3            M4            M5            M6            M7
              ________      ________      ________      ________      ________
 M3                44
 M4                 0            45
 M5                 0             0            46
 M6                 0             0             0            47
 M7                 0             0             0             0            48
 M8                 0             0             0             0             0
 M9                 0             0             0             0             0
 M10                0             0             0             0             0
 M11                0             0             0             0             0
 M12                0             0             0             0             0
 Y1                 0             0             0             0             0
 Y2                 0             0             0             0             0
 Y3                 0             0             0             0             0
 X3P1               0             0             0             0             0
 X2P2               0             0             0             0             0
 X1P3               0             0             0             0             0


           THETA
              M8            M9            M10           M11           M12
              ________      ________      ________      ________      ________
 M8                49
 M9                 0            50
 M10                0             0            51
 M11                0             0             0            52
 M12                0             0             0             0            53
 Y1                 0             0             0             0             0
 Y2                 0             0             0             0             0
 Y3                 0             0             0             0             0
 X3P1               0             0             0             0             0
 X2P2               0             0             0             0             0
 X1P3               0             0             0             0             0


           THETA
              Y1            Y2            Y3            X3P1          X2P2
              ________      ________      ________      ________      ________
 Y1                54
 Y2                 0            55
 Y3                 0             0            56
 X3P1               0             0             0            57
 X2P2               0             0             0             0            58
 X1P3               0             0             0             0             0


           THETA
              X1P3
              ________
 X1P3              59


           ALPHA
              X             M             Y             XM
              ________      ________      ________      ________
                  0             0             0             0


           BETA
              X             M             Y             XM
              ________      ________      ________      ________
 X                  0             0             0             0
 M                  0             0             0             0
 Y                 60            61             0            62
 XM                 0             0             0             0


           PSI
              X             M             Y             XM
              ________      ________      ________      ________
 X                 63
 M                 64            65
 Y                  0             0            66
 XM                67            68             0            69


     PARAMETER SPECIFICATION FOR THE ADDITIONAL PARAMETERS


           New/Additional Parameters
              VAR_Y         STD_B1        STD_B2        STD_B3
              ________      ________      ________      ________
                   70            71            72            73


     STARTING VALUES


           NU
              X1            X2            X3            M1            M2
              ________      ________      ________      ________      ________
                0.000         0.000         0.000         0.000         0.000


           NU
              M3            M4            M5            M6            M7
              ________      ________      ________      ________      ________
                0.000         0.000         0.000         0.000         0.000


           NU
              M8            M9            M10           M11           M12
              ________      ________      ________      ________      ________
                0.000         0.000         0.000         0.000         0.000


           NU
              Y1            Y2            Y3            X3P1          X2P2
              ________      ________      ________      ________      ________
                0.660         0.823         1.060         0.000         0.000


           NU
              X1P3
              ________
                0.000


           LAMBDA
              X             M             Y             XM
              ________      ________      ________      ________
 X1             0.597         0.000         0.000         0.000
 X2             0.828         0.000         0.000         0.000
 X3             1.000         0.000         0.000         0.000
 M1             0.000         1.249         0.000         0.000
 M2             0.000         0.096         0.000         0.000
 M3             0.000         0.297         0.000         0.000
 M4             0.000        -0.178         0.000         0.000
 M5             0.000         0.546         0.000         0.000
 M6             0.000         0.760         0.000         0.000
 M7             0.000         0.178         0.000         0.000
 M8             0.000         0.565         0.000         0.000
 M9             0.000         0.446         0.000         0.000
 M10            0.000         0.583         0.000         0.000
 M11            0.000         0.746         0.000         0.000
 M12            0.000         1.000         0.000         0.000
 Y1             0.000         0.000         0.546         0.000
 Y2             0.000         0.000         0.658         0.000
 Y3             0.000         0.000         1.000         0.000
 X3P1           0.000         0.000         0.000         1.000
 X2P2           0.000         0.000         0.000         1.000
 X1P3           0.000         0.000         0.000         1.000


           THETA
              X1            X2            X3            M1            M2
              ________      ________      ________      ________      ________
 X1             0.125
 X2             0.000         0.124
 X3             0.000         0.000         0.125
 M1             0.000         0.000         0.000         1.305
 M2             0.000         0.000         0.000         0.000         1.277
 M3             0.000         0.000         0.000         0.000         0.000
 M4             0.000         0.000         0.000         0.000         0.000
 M5             0.000         0.000         0.000         0.000         0.000
 M6             0.000         0.000         0.000         0.000         0.000
 M7             0.000         0.000         0.000         0.000         0.000
 M8             0.000         0.000         0.000         0.000         0.000
 M9             0.000         0.000         0.000         0.000         0.000
 M10            0.000         0.000         0.000         0.000         0.000
 M11            0.000         0.000         0.000         0.000         0.000
 M12            0.000         0.000         0.000         0.000         0.000
 Y1             0.000         0.000         0.000         0.000         0.000
 Y2             0.000         0.000         0.000         0.000         0.000
 Y3             0.000         0.000         0.000         0.000         0.000
 X3P1           0.000         0.000         0.000         0.000         0.000
 X2P2           0.000         0.000         0.000         0.000         0.000
 X1P3           0.000         0.000         0.000         0.000         0.000


           THETA
              M3            M4            M5            M6            M7
              ________      ________      ________      ________      ________
 M3             1.324
 M4             0.000         1.305
 M5             0.000         0.000         1.325
 M6             0.000         0.000         0.000         1.189
 M7             0.000         0.000         0.000         0.000         1.035
 M8             0.000         0.000         0.000         0.000         0.000
 M9             0.000         0.000         0.000         0.000         0.000
 M10            0.000         0.000         0.000         0.000         0.000
 M11            0.000         0.000         0.000         0.000         0.000
 M12            0.000         0.000         0.000         0.000         0.000
 Y1             0.000         0.000         0.000         0.000         0.000
 Y2             0.000         0.000         0.000         0.000         0.000
 Y3             0.000         0.000         0.000         0.000         0.000
 X3P1           0.000         0.000         0.000         0.000         0.000
 X2P2           0.000         0.000         0.000         0.000         0.000
 X1P3           0.000         0.000         0.000         0.000         0.000


           THETA
              M8            M9            M10           M11           M12
              ________      ________      ________      ________      ________
 M8             1.224
 M9             0.000         1.197
 M10            0.000         0.000         1.060
 M11            0.000         0.000         0.000         1.150
 M12            0.000         0.000         0.000         0.000         1.049
 Y1             0.000         0.000         0.000         0.000         0.000
 Y2             0.000         0.000         0.000         0.000         0.000
 Y3             0.000         0.000         0.000         0.000         0.000
 X3P1           0.000         0.000         0.000         0.000         0.000
 X2P2           0.000         0.000         0.000         0.000         0.000
 X1P3           0.000         0.000         0.000         0.000         0.000


           THETA
              Y1            Y2            Y3            X3P1          X2P2
              ________      ________      ________      ________      ________
 Y1             0.428
 Y2             0.000         0.490
 Y3             0.000         0.000         0.557
 X3P1           0.000         0.000         0.000         0.104
 X2P2           0.000         0.000         0.000         0.000         0.099
 X1P3           0.000         0.000         0.000         0.000         0.000


           THETA
              X1P3
              ________
 X1P3           0.109


           ALPHA
              X             M             Y             XM
              ________      ________      ________      ________
                0.000         0.000         0.000         0.000


           BETA
              X             M             Y             XM
              ________      ________      ________      ________
 X              0.000         0.000         0.000         0.000
 M              0.000         0.000         0.000         0.000
 Y              0.000         0.000         0.000         0.000
 XM             0.000         0.000         0.000         0.000


           PSI
              X             M             Y             XM
              ________      ________      ________      ________
 X              0.050
 M              0.000         0.050
 Y              0.000         0.000         0.050
 XM             0.000         0.000         0.000         0.050


     STARTING VALUES FOR THE ADDITIONAL PARAMETERS


           New/Additional Parameters
              VAR_Y         STD_B1        STD_B2        STD_B3
              ________      ________      ________      ________
                0.500         0.500         0.500         0.500


RESULTS SAVING INFORMATION

  Order of data

    Parameter estimates
     (saved in order shown in Technical 1 output)
    Standard errors
     (saved in order shown in Technical 1 output)
    Number of Free Parameters
    H0 Loglikelihood
    H0 Scaling Correction Factor for MLR
    H1 Loglikelihood
    H1 Scaling Correction Factor for MLR
    Akaike (AIC)
    Bayesian (BIC)
    Sample-Size Adjusted BIC
    Chi-square : Value
    Chi-square : Degrees of Freedom
    Chi-square : P-Value
    Chi-square : Scaling Correction Factor for MLR/MLM/WLSM
    CFI
    TLI
    RMSEA : Estimate
    RMSEA : Low CI
    RMSEA : High CI
    RMSEA : Probability
    SRMR
    Condition Number

  Save file
    parcelupi_results_1860.dat

  Save file format           Free


     Beginning Time:  20:57:47
        Ending Time:  20:57:48
       Elapsed Time:  00:00:01



MUTHEN & MUTHEN
3463 Stoner Ave.
Los Angeles, CA  90066

Tel: (310) 391-9971
Fax: (310) 391-8971
Web: www.StatModel.com
Support: Support@StatModel.com

Copyright (c) 1998-2022 Muthen & Muthen
