Mplus VERSION 8.8 (Mac)
MUTHEN & MUTHEN
07/27/2025   2:29 PM

INPUT INSTRUCTIONS


    TITLE: Parceling Unconstrained Product Indicator

    DATA:
      FILE = parcelupi_simdat_140.dat;
      FORMAT IS FREE;

    VARIABLE:
      NAMES = x1 x2 x3
      	    m1 m2 m3 m4 m5 m6
      	    m7 m8 m9 m10 m11 m12
      	    y1 y2 y3
      	    p1 p2 p3
      	    x3p1 x2p2 x1p3;
      USEVARIABLES = x1 x2 x3
      	    m1 m2 m3 m4 m5 m6
      	    m7 m8 m9 m10 m11 m12
      	    y1 y2 y3
      	    x3p1 x2p2 x1p3;

    ANALYSIS:
      TYPE = general;
      ESTIMATOR = MLR;
    MODEL:
      !measurement model
      X BY x3 x2 x1;
      X (var_X);
      M BY m12 m11 m10 m9 m8 m7 m6 m5 m4 m3 m2 m1;
      M (var_M);
      Y BY y3 y2 y1;
      Y (resvar_Y);
      XM BY x3p1 x2p2 x1p3;
      XM (var_XM);

      !covariances between predictors
      X WITH M (cov_XM);
      X WITH XM (cov_XXM);
      M WITH XM (cov_MXM);

      !structural model
      Y ON X (b1);
      Y ON M (b2);
      Y ON XM (b3);

    MODEL CONSTRAINT:

      NEW(var_Y std_b1 std_b2 std_b3);
      var_Y = resvar_Y +
       (b1^2 * var_X +
        b2^2 * var_M +
        b3^2 * var_XM +
        2 * b1 * b2 * cov_XM +
        2 * b1 * b3 * cov_XXM +
        2 * b2 * b3 * cov_MXM);

        std_b1 = b1 * sqrt(var_X) / sqrt(var_Y);
        std_b2 = b2 * sqrt(var_M) / sqrt(var_Y);
        std_b3 = b3 * sqrt(var_X) * sqrt(var_M) / sqrt(var_Y);

    OUTPUT:
      sampstat tech1 CINTERVAL;

    SAVEDATA:
      RESULTS = parcelupi_results_140.dat;




INPUT READING TERMINATED NORMALLY



Parceling Unconstrained Product Indicator

SUMMARY OF ANALYSIS

Number of groups                                                 1
Number of observations                                         100

Number of dependent variables                                   21
Number of independent variables                                  0
Number of continuous latent variables                            4

Observed dependent variables

  Continuous
   X1          X2          X3          M1          M2          M3
   M4          M5          M6          M7          M8          M9
   M10         M11         M12         Y1          Y2          Y3
   X3P1        X2P2        X1P3

Continuous latent variables
   X           M           Y           XM


Estimator                                                      MLR
Information matrix                                        OBSERVED
Maximum number of iterations                                  1000
Convergence criterion                                    0.500D-04
Maximum number of steepest descent iterations                   20

Input data file(s)
  parcelupi_simdat_140.dat

Input data format  FREE


SAMPLE STATISTICS


     SAMPLE STATISTICS


           Means
              X1            X2            X3            M1            M2
              ________      ________      ________      ________      ________
                0.000         0.000         0.000         0.000         0.000


           Means
              M3            M4            M5            M6            M7
              ________      ________      ________      ________      ________
                0.000         0.000         0.000         0.000         0.000


           Means
              M8            M9            M10           M11           M12
              ________      ________      ________      ________      ________
                0.000         0.000         0.000         0.000         0.000


           Means
              Y1            Y2            Y3            X3P1          X2P2
              ________      ________      ________      ________      ________
                0.705         0.855         1.069         0.000         0.000


           Means
              X1P3
              ________
                0.000


           Covariances
              X1            X2            X3            M1            M2
              ________      ________      ________      ________      ________
 X1             0.246
 X2             0.080         0.250
 X3             0.086         0.090         0.246
 M1             0.024        -0.040         0.094         2.412
 M2             0.051        -0.040         0.081        -0.313         2.708
 M3            -0.138         0.060        -0.018        -0.270        -0.057
 M4             0.140         0.050         0.060         0.208        -0.021
 M5             0.009        -0.055         0.059         0.388        -0.003
 M6            -0.117        -0.065         0.013         0.492         0.095
 M7             0.140         0.080         0.040         0.388         0.189
 M8            -0.043        -0.065        -0.013         0.086         0.073
 M9             0.080         0.000         0.100        -0.020         0.700
 M10            0.014         0.060         0.094        -0.034         0.289
 M11           -0.001         0.015        -0.061         0.048         0.197
 M12            0.085         0.010         0.045        -0.049         0.136
 Y1             0.023        -0.005         0.052         0.145         0.117
 Y2             0.099         0.048         0.052         0.067         0.116
 Y3             0.021         0.048         0.032         0.312        -0.021
 X3P1           0.002        -0.013         0.009         0.092         0.012
 X2P2           0.002         0.000        -0.025        -0.010         0.057
 X1P3          -0.003        -0.003        -0.002        -0.052        -0.102


           Covariances
              M3            M4            M5            M6            M7
              ________      ________      ________      ________      ________
 M3             2.578
 M4             0.096         2.714
 M5             0.237         0.471         2.445
 M6            -0.019         0.165         0.172         2.129
 M7             0.286         0.324         0.271         0.265         2.334
 M8             0.415         0.209         0.639         0.756         0.529
 M9             0.100         0.610         0.260         0.170         0.360
 M10            0.218         0.130         0.536         0.522         0.450
 M11            0.187         0.441         0.725         0.662         0.701
 M12            0.157         0.683         0.704         0.382         0.553
 Y1             0.169         0.093         0.259         0.118         0.284
 Y2             0.134         0.194         0.626         0.208         0.226
 Y3             0.108        -0.177         0.474         0.269         0.158
 X3P1          -0.057         0.090         0.169         0.229         0.071
 X2P2           0.045        -0.164        -0.035        -0.008         0.085
 X1P3           0.134         0.094         0.069         0.088         0.141


           Covariances
              M8            M9            M10           M11           M12
              ________      ________      ________      ________      ________
 M8             2.373
 M9             0.390         2.140
 M10            0.718         0.500         1.916
 M11            0.639         0.640         0.816         2.205
 M12            0.790         1.020         0.755         1.074         2.154
 Y1             0.118         0.073         0.223         0.410         0.157
 Y2             0.142         0.172         0.242         0.418         0.259
 Y3             0.251         0.008         0.289         0.458         0.296
 X3P1          -0.054         0.053         0.017         0.047         0.070
 X2P2          -0.017         0.041         0.023         0.047        -0.053
 X1P3           0.111        -0.003        -0.002         0.035         0.092


           Covariances
              Y1            Y2            Y3            X3P1          X2P2
              ________      ________      ________      ________      ________
 Y1             0.698
 Y2             0.287         0.794
 Y3             0.405         0.586         1.173
 X3P1           0.040         0.112         0.112         0.224
 X2P2           0.037         0.055         0.013         0.058         0.222
 X1P3           0.006         0.037         0.030         0.013         0.024


           Covariances
              X1P3
              ________
 X1P3           0.201


           Correlations
              X1            X2            X3            M1            M2
              ________      ________      ________      ________      ________
 X1             1.000
 X2             0.322         1.000
 X3             0.351         0.363         1.000
 M1             0.032        -0.052         0.122         1.000
 M2             0.062        -0.049         0.099        -0.123         1.000
 M3            -0.173         0.075        -0.022        -0.108        -0.022
 M4             0.172         0.061         0.074         0.081        -0.008
 M5             0.012        -0.070         0.076         0.160        -0.001
 M6            -0.161        -0.089         0.018         0.217         0.040
 M7             0.185         0.105         0.053         0.164         0.075
 M8            -0.056        -0.084        -0.017         0.036         0.029
 M9             0.110         0.000         0.138        -0.009         0.291
 M10            0.020         0.087         0.136        -0.016         0.127
 M11           -0.001         0.020        -0.082         0.021         0.081
 M12            0.116         0.014         0.062        -0.022         0.056
 Y1             0.056        -0.012         0.126         0.112         0.085
 Y2             0.224         0.108         0.118         0.048         0.079
 Y3             0.040         0.089         0.059         0.185        -0.012
 X3P1           0.009        -0.056         0.038         0.125         0.016
 X2P2           0.009         0.000        -0.105        -0.014         0.074
 X1P3          -0.014        -0.014        -0.009        -0.075        -0.138


           Correlations
              M3            M4            M5            M6            M7
              ________      ________      ________      ________      ________
 M3             1.000
 M4             0.036         1.000
 M5             0.094         0.183         1.000
 M6            -0.008         0.069         0.075         1.000
 M7             0.117         0.129         0.114         0.119         1.000
 M8             0.168         0.082         0.265         0.336         0.225
 M9             0.043         0.253         0.114         0.080         0.161
 M10            0.098         0.057         0.248         0.258         0.213
 M11            0.079         0.180         0.312         0.306         0.309
 M12            0.067         0.282         0.307         0.179         0.247
 Y1             0.126         0.067         0.198         0.096         0.223
 Y2             0.093         0.132         0.449         0.160         0.166
 Y3             0.062        -0.099         0.280         0.170         0.095
 X3P1          -0.075         0.115         0.229         0.332         0.098
 X2P2           0.059        -0.212        -0.047        -0.012         0.119
 X1P3           0.186         0.127         0.098         0.134         0.205


           Correlations
              M8            M9            M10           M11           M12
              ________      ________      ________      ________      ________
 M8             1.000
 M9             0.173         1.000
 M10            0.337         0.247         1.000
 M11            0.279         0.295         0.397         1.000
 M12            0.350         0.475         0.372         0.493         1.000
 Y1             0.092         0.060         0.193         0.331         0.128
 Y2             0.103         0.132         0.196         0.316         0.198
 Y3             0.150         0.005         0.193         0.285         0.186
 X3P1          -0.073         0.077         0.026         0.067         0.100
 X2P2          -0.023         0.060         0.035         0.067        -0.076
 X1P3           0.161        -0.004        -0.003         0.052         0.139


           Correlations
              Y1            Y2            Y3            X3P1          X2P2
              ________      ________      ________      ________      ________
 Y1             1.000
 Y2             0.385         1.000
 Y3             0.447         0.608         1.000
 X3P1           0.100         0.266         0.218         1.000
 X2P2           0.095         0.130         0.026         0.262         1.000
 X1P3           0.016         0.092         0.063         0.060         0.113


           Correlations
              X1P3
              ________
 X1P3           1.000


UNIVARIATE SAMPLE STATISTICS


     UNIVARIATE HIGHER-ORDER MOMENT DESCRIPTIVE STATISTICS

         Variable/         Mean/     Skewness/   Minimum/ % with                Percentiles
        Sample Size      Variance    Kurtosis    Maximum  Min/Max      20%/60%    40%/80%    Median

     X1                    0.000       0.242      -0.440   56.00%      -0.440     -0.440     -0.440
             100.000       0.246      -1.942       0.560   44.00%       0.560      0.560
     X2                    0.000       0.000      -0.500   50.00%      -0.500     -0.500      0.000
             100.000       0.250      -2.000       0.500   50.00%       0.500      0.500
     X3                    0.000       0.242      -0.440   56.00%      -0.440     -0.440     -0.440
             100.000       0.246      -1.942       0.560   44.00%       0.560      0.560
     M1                    0.000       0.229      -1.740   34.00%      -1.740     -0.740      0.260
             100.000       2.412      -1.455       2.260   21.00%       0.260      2.260
     M2                    0.000      -0.249      -2.180   30.00%      -2.180     -0.180      0.320
             100.000       2.708      -1.558       1.820   33.00%       0.820      1.820
     M3                    0.000       0.007      -2.040   26.00%      -2.040     -1.040     -0.040
             100.000       2.578      -1.588       1.960   31.00%       0.960      1.960
     M4                    0.000       0.203      -1.840   33.00%      -1.840     -0.840     -0.340
             100.000       2.714      -1.596       2.160   29.00%       0.160      2.160
     M5                    0.000      -0.100      -2.070   26.00%      -2.070     -1.070     -0.070
             100.000       2.445      -1.520       1.930   27.00%       0.930      1.930
     M6                    0.000       0.052      -1.970   22.00%      -1.970     -0.970      0.030
             100.000       2.129      -1.364       2.030   22.00%       0.030      2.030
     M7                    0.000       0.102      -1.840   30.00%      -1.840     -0.840      0.160
             100.000       2.334      -1.489       2.160   20.00%       0.160      1.160
     M8                    0.000       0.136      -1.870   28.00%      -1.870     -0.870      0.130
             100.000       2.373      -1.486       2.130   23.00%       0.130      2.130
     M9                    0.000       0.038      -2.000   22.00%      -2.000      0.000      0.000
             100.000       2.140      -1.327       2.000   24.00%       0.000      2.000
     M10                   0.000      -0.085      -2.060   19.00%      -1.060     -0.060     -0.060
             100.000       1.916      -1.199       1.940   20.00%      -0.060      0.940
     M11                   0.000       0.045      -2.070   19.00%      -1.070     -1.070     -0.070
             100.000       2.205      -1.407       1.930   28.00%      -0.070      1.930
     M12                   0.000      -0.062      -2.080   20.00%      -2.080     -1.080     -0.080
             100.000       2.154      -1.400       1.920   24.00%       0.920      1.920
     Y1                    0.705       0.002      -1.741    1.00%       0.041      0.517      0.677
             100.000       0.698       0.544       2.886    1.00%       0.925      1.285
     Y2                    0.855      -0.176      -1.745    1.00%      -0.022      0.711      0.964
             100.000       0.794      -0.212       2.871    1.00%       1.174      1.531
     Y3                    1.069      -0.078      -1.570    1.00%       0.128      0.819      1.102
             100.000       1.173      -0.466       3.580    1.00%       1.330      2.090
     X3P1                  0.000      -0.210      -1.007    3.00%      -0.442     -0.112      0.108
             100.000       0.224      -0.610       0.953    2.00%       0.113      0.438
     X2P2                  0.000      -0.102      -0.988    1.00%      -0.440     -0.113      0.036
             100.000       0.222      -0.987       0.810    3.00%       0.138      0.512
     X1P3                  0.000      -0.041      -1.082    1.00%      -0.382     -0.102      0.015
             100.000       0.201      -0.273       1.158    1.00%       0.125      0.455


     THIS ANALYSIS MAY HAVE MULTIPLE SOLUTIONS.  EXPLORE THIS USING RANDOM STARTS,
     FOR EXAMPLE, STARTS = 20.  USE A LARGE ENOUGH NUMBER OF STARTS SO THAT THE
     BEST FIT FUNCTION VALUE IS REPLICATED SEVERAL TIMES.


THE MODEL ESTIMATION TERMINATED NORMALLY

     THE STANDARD ERRORS OF THE MODEL PARAMETER ESTIMATES MAY NOT BE
     TRUSTWORTHY FOR SOME PARAMETERS DUE TO A NON-POSITIVE DEFINITE
     FIRST-ORDER DERIVATIVE PRODUCT MATRIX.  THIS MAY BE DUE TO THE STARTING
     VALUES BUT MAY ALSO BE AN INDICATION OF MODEL NONIDENTIFICATION.  THE
     CONDITION NUMBER IS      -0.144D-14.  PROBLEM INVOLVING THE FOLLOWING PARAMETER:
     Parameter 40, X2

     THIS IS MOST LIKELY DUE TO VARIABLE X1 BEING DICHOTOMOUS BUT
     DECLARED AS CONTINUOUS.




MODEL FIT INFORMATION

Number of Free Parameters                       69

Loglikelihood

          H0 Value                       -2889.813
          H0 Scaling Correction Factor      0.8827
            for MLR
          H1 Value                       -2782.482
          H1 Scaling Correction Factor      0.9570
            for MLR

Information Criteria

          Akaike (AIC)                    5917.625
          Bayesian (BIC)                  6097.382
          Sample-Size Adjusted BIC        5879.462
            (n* = (n + 2) / 24)

Chi-Square Test of Model Fit

          Value                            217.912*
          Degrees of Freedom                   183
          P-Value                           0.0397
          Scaling Correction Factor         0.9851
            for MLR

*   The chi-square value for MLM, MLMV, MLR, ULSMV, WLSM and WLSMV cannot be used
    for chi-square difference testing in the regular way.  MLM, MLR and WLSM
    chi-square difference testing is described on the Mplus website.  MLMV, WLSMV,
    and ULSMV difference testing is done using the DIFFTEST option.

RMSEA (Root Mean Square Error Of Approximation)

          Estimate                           0.044
          90 Percent C.I.                    0.010  0.064
          Probability RMSEA <= .05           0.669

CFI/TLI

          CFI                                0.872
          TLI                                0.853

Chi-Square Test of Model Fit for the Baseline Model

          Value                            483.449
          Degrees of Freedom                   210
          P-Value                           0.0000

SRMR (Standardized Root Mean Square Residual)

          Value                              0.075



MODEL RESULTS

                                                    Two-Tailed
                    Estimate       S.E.  Est./S.E.    P-Value

 X        BY
    X3                 1.000      0.000    999.000    999.000
    X2                 0.937      0.287      3.268      0.001
    X1                 0.923      0.294      3.137      0.002

 M        BY
    M12                1.000      0.000    999.000    999.000
    M11                1.013      0.151      6.730      0.000
    M10                0.753      0.134      5.613      0.000
    M9                 0.673      0.141      4.768      0.000
    M8                 0.734      0.181      4.062      0.000
    M7                 0.586      0.170      3.450      0.001
    M6                 0.524      0.177      2.955      0.003
    M5                 0.699      0.165      4.226      0.000
    M4                 0.469      0.189      2.480      0.013
    M3                 0.227      0.174      1.306      0.192
    M2                 0.226      0.191      1.182      0.237
    M1                 0.127      0.182      0.699      0.485

 Y        BY
    Y3                 1.000      0.000    999.000    999.000
    Y2                 0.887      0.142      6.243      0.000
    Y1                 0.545      0.116      4.711      0.000

 XM       BY
    X3P1               1.000      0.000    999.000    999.000
    X2P2               0.540      0.377      1.433      0.152
    X1P3               0.196      0.311      0.631      0.528

 Y        ON
    X                  0.558      0.448      1.246      0.213
    M                  0.306      0.137      2.239      0.025
    XM                 0.857      0.699      1.225      0.221

 X        WITH
    M                  0.029      0.050      0.585      0.558
    XM                -0.003      0.021     -0.140      0.889

 M        WITH
    XM                 0.074      0.070      1.061      0.289

 Intercepts
    X1                 0.000      0.050      0.000      1.000
    X2                 0.000      0.050      0.000      1.000
    X3                 0.000      0.050      0.000      1.000
    M1                 0.000      0.155      0.000      1.000
    M2                 0.000      0.165      0.000      1.000
    M3                 0.000      0.161      0.000      1.000
    M4                 0.000      0.165      0.000      1.000
    M5                 0.000      0.156      0.000      1.000
    M6                 0.000      0.146      0.000      1.000
    M7                 0.000      0.153      0.000      1.000
    M8                 0.000      0.154      0.000      1.000
    M9                 0.000      0.146      0.000      1.000
    M10                0.000      0.138      0.000      1.000
    M11                0.000      0.148      0.000      1.000
    M12                0.000      0.147      0.000      1.000
    Y1                 0.705      0.084      8.437      0.000
    Y2                 0.855      0.089      9.590      0.000
    Y3                 1.069      0.108      9.867      0.000
    X3P1               0.000      0.047      0.000      1.000
    X2P2               0.000      0.047      0.000      1.000
    X1P3               0.000      0.045      0.000      1.000

 Variances
    X                  0.094      0.037      2.522      0.012
    M                  1.049      0.255      4.116      0.000
    XM                 0.106      0.083      1.279      0.201

 Residual Variances
    X1                 0.166      0.034      4.848      0.000
    X2                 0.167      0.035      4.807      0.000
    X3                 0.152      0.037      4.100      0.000
    M1                 2.395      0.182     13.151      0.000
    M2                 2.654      0.187     14.156      0.000
    M3                 2.524      0.182     13.893      0.000
    M4                 2.484      0.238     10.426      0.000
    M5                 1.933      0.234      8.271      0.000
    M6                 1.841      0.182     10.101      0.000
    M7                 1.974      0.206      9.581      0.000
    M8                 1.809      0.248      7.281      0.000
    M9                 1.665      0.225      7.407      0.000
    M10                1.322      0.219      6.045      0.000
    M11                1.128      0.200      5.651      0.000
    M12                1.105      0.211      5.245      0.000
    Y1                 0.503      0.118      4.259      0.000
    Y2                 0.276      0.104      2.669      0.008
    Y3                 0.514      0.114      4.497      0.000
    X3P1               0.118      0.084      1.414      0.158
    X2P2               0.191      0.030      6.283      0.000
    X1P3               0.197      0.025      7.735      0.000
    Y                  0.408      0.168      2.432      0.015

New/Additional Parameters
    VAR_Y              0.659      0.181      3.639      0.000
    STD_B1             0.211      0.158      1.334      0.182
    STD_B2             0.386      0.146      2.638      0.008
    STD_B3             0.332      0.270      1.231      0.218


QUALITY OF NUMERICAL RESULTS

     Condition Number for the Information Matrix              0.282E-03
       (ratio of smallest to largest eigenvalue)


CONFIDENCE INTERVALS OF MODEL RESULTS

                  Lower .5%  Lower 2.5%    Lower 5%    Estimate    Upper 5%  Upper 2.5%   Upper .5%

 X        BY
    X3               1.000       1.000       1.000       1.000       1.000       1.000       1.000
    X2               0.198       0.375       0.465       0.937       1.408       1.498       1.675
    X1               0.165       0.346       0.439       0.923       1.407       1.500       1.681

 M        BY
    M12              1.000       1.000       1.000       1.000       1.000       1.000       1.000
    M11              0.626       0.718       0.766       1.013       1.261       1.309       1.401
    M10              0.407       0.490       0.532       0.753       0.973       1.015       1.098
    M9               0.309       0.396       0.441       0.673       0.905       0.949       1.036
    M8               0.268       0.380       0.436       0.734       1.031       1.088       1.199
    M7               0.148       0.253       0.307       0.586       0.865       0.919       1.024
    M6               0.067       0.177       0.232       0.524       0.816       0.872       0.981
    M5               0.273       0.375       0.427       0.699       0.971       1.023       1.125
    M4              -0.018       0.098       0.158       0.469       0.780       0.839       0.956
    M3              -0.221      -0.114      -0.059       0.227       0.513       0.568       0.675
    M2              -0.267      -0.149      -0.089       0.226       0.541       0.601       0.719
    M1              -0.341      -0.229      -0.172       0.127       0.426       0.483       0.595

 Y        BY
    Y3               1.000       1.000       1.000       1.000       1.000       1.000       1.000
    Y2               0.521       0.608       0.653       0.887       1.120       1.165       1.252
    Y1               0.247       0.318       0.355       0.545       0.735       0.772       0.843

 XM       BY
    X3P1             1.000       1.000       1.000       1.000       1.000       1.000       1.000
    X2P2            -0.431      -0.199      -0.080       0.540       1.159       1.278       1.510
    X1P3            -0.605      -0.414      -0.315       0.196       0.708       0.806       0.998

 Y        ON
    X               -0.596      -0.320      -0.179       0.558       1.295       1.436       1.712
    M               -0.046       0.038       0.081       0.306       0.531       0.574       0.658
    XM              -0.945      -0.514      -0.294       0.857       2.007       2.228       2.658

 X        WITH
    M               -0.099      -0.068      -0.053       0.029       0.111       0.127       0.157
    XM              -0.056      -0.044      -0.037      -0.003       0.031       0.038       0.051

 M        WITH
    XM              -0.106      -0.063      -0.041       0.074       0.189       0.211       0.253

 Intercepts
    X1              -0.128      -0.097      -0.082       0.000       0.082       0.097       0.128
    X2              -0.129      -0.098      -0.082       0.000       0.082       0.098       0.129
    X3              -0.128      -0.097      -0.082       0.000       0.082       0.097       0.128
    M1              -0.400      -0.304      -0.255       0.000       0.255       0.304       0.400
    M2              -0.424      -0.323      -0.271       0.000       0.271       0.323       0.424
    M3              -0.414      -0.315      -0.264       0.000       0.264       0.315       0.414
    M4              -0.424      -0.323      -0.271       0.000       0.271       0.323       0.424
    M5              -0.403      -0.306      -0.257       0.000       0.257       0.306       0.403
    M6              -0.376      -0.286      -0.240       0.000       0.240       0.286       0.376
    M7              -0.394      -0.299      -0.251       0.000       0.251       0.299       0.394
    M8              -0.397      -0.302      -0.253       0.000       0.253       0.302       0.397
    M9              -0.377      -0.287      -0.241       0.000       0.241       0.287       0.377
    M10             -0.357      -0.271      -0.228       0.000       0.228       0.271       0.357
    M11             -0.382      -0.291      -0.244       0.000       0.244       0.291       0.382
    M12             -0.378      -0.288      -0.241       0.000       0.241       0.288       0.378
    Y1               0.490       0.541       0.568       0.705       0.843       0.869       0.920
    Y2               0.625       0.680       0.708       0.855       1.001       1.029       1.084
    Y3               0.790       0.856       0.891       1.069       1.247       1.281       1.348
    X3P1            -0.122      -0.093      -0.078       0.000       0.078       0.093       0.122
    X2P2            -0.121      -0.092      -0.077       0.000       0.077       0.092       0.121
    X1P3            -0.116      -0.088      -0.074       0.000       0.074       0.088       0.116

 Variances
    X               -0.002       0.021       0.033       0.094       0.156       0.167       0.190
    M                0.393       0.549       0.630       1.049       1.468       1.548       1.705
    XM              -0.107      -0.056      -0.030       0.106       0.242       0.268       0.319

 Residual Variances
    X1               0.078       0.099       0.110       0.166       0.223       0.233       0.254
    X2               0.078       0.099       0.110       0.167       0.225       0.236       0.257
    X3               0.057       0.079       0.091       0.152       0.213       0.225       0.248
    M1               1.926       2.038       2.096       2.395       2.695       2.752       2.865
    M2               2.171       2.287       2.346       2.654       2.962       3.021       3.137
    M3               2.056       2.168       2.225       2.524       2.823       2.880       2.992
    M4               1.870       2.017       2.092       2.484       2.876       2.951       3.097
    M5               1.331       1.475       1.548       1.933       2.317       2.390       2.534
    M6               1.371       1.484       1.541       1.841       2.141       2.198       2.310
    M7               1.443       1.570       1.635       1.974       2.313       2.378       2.505
    M8               1.169       1.322       1.400       1.809       2.217       2.295       2.448
    M9               1.086       1.225       1.296       1.665       2.035       2.106       2.245
    M10              0.759       0.893       0.962       1.322       1.682       1.751       1.886
    M11              0.614       0.737       0.800       1.128       1.456       1.519       1.642
    M12              0.562       0.692       0.758       1.105       1.451       1.517       1.647
    Y1               0.199       0.271       0.308       0.503       0.697       0.734       0.807
    Y2               0.010       0.073       0.106       0.276       0.446       0.479       0.543
    Y3               0.220       0.290       0.326       0.514       0.702       0.738       0.809
    X3P1            -0.097      -0.046      -0.019       0.118       0.256       0.282       0.334
    X2P2             0.113       0.131       0.141       0.191       0.241       0.250       0.269
    X1P3             0.131       0.147       0.155       0.197       0.239       0.247       0.263
    Y               -0.024       0.079       0.132       0.408       0.684       0.737       0.840

New/Additional Parameters
    VAR_Y            0.193       0.304       0.361       0.659       0.957       1.014       1.126
    STD_B1          -0.196      -0.099      -0.049       0.211       0.471       0.521       0.618
    STD_B2           0.009       0.099       0.145       0.386       0.627       0.673       0.763
    STD_B3          -0.363      -0.197      -0.112       0.332       0.775       0.860       1.026


TECHNICAL 1 OUTPUT


     PARAMETER SPECIFICATION


           NU
              X1            X2            X3            M1            M2
              ________      ________      ________      ________      ________
                  1             2             3             4             5


           NU
              M3            M4            M5            M6            M7
              ________      ________      ________      ________      ________
                  6             7             8             9            10


           NU
              M8            M9            M10           M11           M12
              ________      ________      ________      ________      ________
                 11            12            13            14            15


           NU
              Y1            Y2            Y3            X3P1          X2P2
              ________      ________      ________      ________      ________
                 16            17            18            19            20


           NU
              X1P3
              ________
                 21


           LAMBDA
              X             M             Y             XM
              ________      ________      ________      ________
 X1                22             0             0             0
 X2                23             0             0             0
 X3                 0             0             0             0
 M1                 0            24             0             0
 M2                 0            25             0             0
 M3                 0            26             0             0
 M4                 0            27             0             0
 M5                 0            28             0             0
 M6                 0            29             0             0
 M7                 0            30             0             0
 M8                 0            31             0             0
 M9                 0            32             0             0
 M10                0            33             0             0
 M11                0            34             0             0
 M12                0             0             0             0
 Y1                 0             0            35             0
 Y2                 0             0            36             0
 Y3                 0             0             0             0
 X3P1               0             0             0             0
 X2P2               0             0             0            37
 X1P3               0             0             0            38


           THETA
              X1            X2            X3            M1            M2
              ________      ________      ________      ________      ________
 X1                39
 X2                 0            40
 X3                 0             0            41
 M1                 0             0             0            42
 M2                 0             0             0             0            43
 M3                 0             0             0             0             0
 M4                 0             0             0             0             0
 M5                 0             0             0             0             0
 M6                 0             0             0             0             0
 M7                 0             0             0             0             0
 M8                 0             0             0             0             0
 M9                 0             0             0             0             0
 M10                0             0             0             0             0
 M11                0             0             0             0             0
 M12                0             0             0             0             0
 Y1                 0             0             0             0             0
 Y2                 0             0             0             0             0
 Y3                 0             0             0             0             0
 X3P1               0             0             0             0             0
 X2P2               0             0             0             0             0
 X1P3               0             0             0             0             0


           THETA
              M3            M4            M5            M6            M7
              ________      ________      ________      ________      ________
 M3                44
 M4                 0            45
 M5                 0             0            46
 M6                 0             0             0            47
 M7                 0             0             0             0            48
 M8                 0             0             0             0             0
 M9                 0             0             0             0             0
 M10                0             0             0             0             0
 M11                0             0             0             0             0
 M12                0             0             0             0             0
 Y1                 0             0             0             0             0
 Y2                 0             0             0             0             0
 Y3                 0             0             0             0             0
 X3P1               0             0             0             0             0
 X2P2               0             0             0             0             0
 X1P3               0             0             0             0             0


           THETA
              M8            M9            M10           M11           M12
              ________      ________      ________      ________      ________
 M8                49
 M9                 0            50
 M10                0             0            51
 M11                0             0             0            52
 M12                0             0             0             0            53
 Y1                 0             0             0             0             0
 Y2                 0             0             0             0             0
 Y3                 0             0             0             0             0
 X3P1               0             0             0             0             0
 X2P2               0             0             0             0             0
 X1P3               0             0             0             0             0


           THETA
              Y1            Y2            Y3            X3P1          X2P2
              ________      ________      ________      ________      ________
 Y1                54
 Y2                 0            55
 Y3                 0             0            56
 X3P1               0             0             0            57
 X2P2               0             0             0             0            58
 X1P3               0             0             0             0             0


           THETA
              X1P3
              ________
 X1P3              59


           ALPHA
              X             M             Y             XM
              ________      ________      ________      ________
                  0             0             0             0


           BETA
              X             M             Y             XM
              ________      ________      ________      ________
 X                  0             0             0             0
 M                  0             0             0             0
 Y                 60            61             0            62
 XM                 0             0             0             0


           PSI
              X             M             Y             XM
              ________      ________      ________      ________
 X                 63
 M                 64            65
 Y                  0             0            66
 XM                67            68             0            69


     PARAMETER SPECIFICATION FOR THE ADDITIONAL PARAMETERS


           New/Additional Parameters
              VAR_Y         STD_B1        STD_B2        STD_B3
              ________      ________      ________      ________
                   70            71            72            73


     STARTING VALUES


           NU
              X1            X2            X3            M1            M2
              ________      ________      ________      ________      ________
                0.000         0.000         0.000         0.000         0.000


           NU
              M3            M4            M5            M6            M7
              ________      ________      ________      ________      ________
                0.000         0.000         0.000         0.000         0.000


           NU
              M8            M9            M10           M11           M12
              ________      ________      ________      ________      ________
                0.000         0.000         0.000         0.000         0.000


           NU
              Y1            Y2            Y3            X3P1          X2P2
              ________      ________      ________      ________      ________
                0.705         0.855         1.069         0.000         0.000


           NU
              X1P3
              ________
                0.000


           LAMBDA
              X             M             Y             XM
              ________      ________      ________      ________
 X1             0.889         0.000         0.000         0.000
 X2             0.926         0.000         0.000         0.000
 X3             1.000         0.000         0.000         0.000
 M1             0.000         3.519         0.000         0.000
 M2             0.000         0.134         0.000         0.000
 M3             0.000         0.327         0.000         0.000
 M4             0.000         0.993         0.000         0.000
 M5             0.000        -0.343         0.000         0.000
 M6             0.000         0.246         0.000         0.000
 M7             0.000        -0.317         0.000         0.000
 M8             0.000         1.644         0.000         0.000
 M9             0.000        -1.031         0.000         0.000
 M10            0.000         0.669         0.000         0.000
 M11            0.000         1.719         0.000         0.000
 M12            0.000         1.000         0.000         0.000
 Y1             0.000         0.000         0.489         0.000
 Y2             0.000         0.000         0.709         0.000
 Y3             0.000         0.000         1.000         0.000
 X3P1           0.000         0.000         0.000         1.000
 X2P2           0.000         0.000         0.000         1.865
 X1P3           0.000         0.000         0.000         0.409


           THETA
              X1            X2            X3            M1            M2
              ________      ________      ________      ________      ________
 X1             0.123
 X2             0.000         0.125
 X3             0.000         0.000         0.123
 M1             0.000         0.000         0.000         1.206
 M2             0.000         0.000         0.000         0.000         1.354
 M3             0.000         0.000         0.000         0.000         0.000
 M4             0.000         0.000         0.000         0.000         0.000
 M5             0.000         0.000         0.000         0.000         0.000
 M6             0.000         0.000         0.000         0.000         0.000
 M7             0.000         0.000         0.000         0.000         0.000
 M8             0.000         0.000         0.000         0.000         0.000
 M9             0.000         0.000         0.000         0.000         0.000
 M10            0.000         0.000         0.000         0.000         0.000
 M11            0.000         0.000         0.000         0.000         0.000
 M12            0.000         0.000         0.000         0.000         0.000
 Y1             0.000         0.000         0.000         0.000         0.000
 Y2             0.000         0.000         0.000         0.000         0.000
 Y3             0.000         0.000         0.000         0.000         0.000
 X3P1           0.000         0.000         0.000         0.000         0.000
 X2P2           0.000         0.000         0.000         0.000         0.000
 X1P3           0.000         0.000         0.000         0.000         0.000


           THETA
              M3            M4            M5            M6            M7
              ________      ________      ________      ________      ________
 M3             1.289
 M4             0.000         1.357
 M5             0.000         0.000         1.223
 M6             0.000         0.000         0.000         1.065
 M7             0.000         0.000         0.000         0.000         1.167
 M8             0.000         0.000         0.000         0.000         0.000
 M9             0.000         0.000         0.000         0.000         0.000
 M10            0.000         0.000         0.000         0.000         0.000
 M11            0.000         0.000         0.000         0.000         0.000
 M12            0.000         0.000         0.000         0.000         0.000
 Y1             0.000         0.000         0.000         0.000         0.000
 Y2             0.000         0.000         0.000         0.000         0.000
 Y3             0.000         0.000         0.000         0.000         0.000
 X3P1           0.000         0.000         0.000         0.000         0.000
 X2P2           0.000         0.000         0.000         0.000         0.000
 X1P3           0.000         0.000         0.000         0.000         0.000


           THETA
              M8            M9            M10           M11           M12
              ________      ________      ________      ________      ________
 M8             1.187
 M9             0.000         1.070
 M10            0.000         0.000         0.958
 M11            0.000         0.000         0.000         1.103
 M12            0.000         0.000         0.000         0.000         1.077
 Y1             0.000         0.000         0.000         0.000         0.000
 Y2             0.000         0.000         0.000         0.000         0.000
 Y3             0.000         0.000         0.000         0.000         0.000
 X3P1           0.000         0.000         0.000         0.000         0.000
 X2P2           0.000         0.000         0.000         0.000         0.000
 X1P3           0.000         0.000         0.000         0.000         0.000


           THETA
              Y1            Y2            Y3            X3P1          X2P2
              ________      ________      ________      ________      ________
 Y1             0.349
 Y2             0.000         0.397
 Y3             0.000         0.000         0.587
 X3P1           0.000         0.000         0.000         0.112
 X2P2           0.000         0.000         0.000         0.000         0.111
 X1P3           0.000         0.000         0.000         0.000         0.000


           THETA
              X1P3
              ________
 X1P3           0.101


           ALPHA
              X             M             Y             XM
              ________      ________      ________      ________
                0.000         0.000         0.000         0.000


           BETA
              X             M             Y             XM
              ________      ________      ________      ________
 X              0.000         0.000         0.000         0.000
 M              0.000         0.000         0.000         0.000
 Y              0.000         0.000         0.000         0.000
 XM             0.000         0.000         0.000         0.000


           PSI
              X             M             Y             XM
              ________      ________      ________      ________
 X              0.050
 M              0.000         0.050
 Y              0.000         0.000         0.050
 XM             0.000         0.000         0.000         0.050


     STARTING VALUES FOR THE ADDITIONAL PARAMETERS


           New/Additional Parameters
              VAR_Y         STD_B1        STD_B2        STD_B3
              ________      ________      ________      ________
                0.500         0.500         0.500         0.500


RESULTS SAVING INFORMATION

  Order of data

    Parameter estimates
     (saved in order shown in Technical 1 output)
    Standard errors
     (saved in order shown in Technical 1 output)
    Number of Free Parameters
    H0 Loglikelihood
    H0 Scaling Correction Factor for MLR
    H1 Loglikelihood
    H1 Scaling Correction Factor for MLR
    Akaike (AIC)
    Bayesian (BIC)
    Sample-Size Adjusted BIC
    Chi-square : Value
    Chi-square : Degrees of Freedom
    Chi-square : P-Value
    Chi-square : Scaling Correction Factor for MLR/MLM/WLSM
    CFI
    TLI
    RMSEA : Estimate
    RMSEA : Low CI
    RMSEA : High CI
    RMSEA : Probability
    SRMR
    Condition Number

  Save file
    parcelupi_results_140.dat

  Save file format           Free


     Beginning Time:  14:29:25
        Ending Time:  14:29:27
       Elapsed Time:  00:00:02



MUTHEN & MUTHEN
3463 Stoner Ave.
Los Angeles, CA  90066

Tel: (310) 391-9971
Fax: (310) 391-8971
Web: www.StatModel.com
Support: Support@StatModel.com

Copyright (c) 1998-2022 Muthen & Muthen
