Mplus VERSION 8.8 (Mac)
MUTHEN & MUTHEN
07/27/2025   7:33 PM

INPUT INSTRUCTIONS


    TITLE: Parceling Unconstrained Product Indicator

    DATA:
      FILE = parcelupi_simdat_440.dat;
      FORMAT IS FREE;

    VARIABLE:
      NAMES = x1 x2 x3
      	    m1 m2 m3 m4 m5 m6
      	    m7 m8 m9 m10 m11 m12
      	    y1 y2 y3
      	    p1 p2 p3
      	    x3p1 x2p2 x1p3;
      USEVARIABLES = x1 x2 x3
      	    m1 m2 m3 m4 m5 m6
      	    m7 m8 m9 m10 m11 m12
      	    y1 y2 y3
      	    x3p1 x2p2 x1p3;

    ANALYSIS:
      TYPE = general;
      ESTIMATOR = MLR;
    MODEL:
      !measurement model
      X BY x3 x2 x1;
      X (var_X);
      M BY m12 m11 m10 m9 m8 m7 m6 m5 m4 m3 m2 m1;
      M (var_M);
      Y BY y3 y2 y1;
      Y (resvar_Y);
      XM BY x3p1 x2p2 x1p3;
      XM (var_XM);

      !covariances between predictors
      X WITH M (cov_XM);
      X WITH XM (cov_XXM);
      M WITH XM (cov_MXM);

      !structural model
      Y ON X (b1);
      Y ON M (b2);
      Y ON XM (b3);

    MODEL CONSTRAINT:

      NEW(var_Y std_b1 std_b2 std_b3);
      var_Y = resvar_Y +
       (b1^2 * var_X +
        b2^2 * var_M +
        b3^2 * var_XM +
        2 * b1 * b2 * cov_XM +
        2 * b1 * b3 * cov_XXM +
        2 * b2 * b3 * cov_MXM);

        std_b1 = b1 * sqrt(var_X) / sqrt(var_Y);
        std_b2 = b2 * sqrt(var_M) / sqrt(var_Y);
        std_b3 = b3 * sqrt(var_X) * sqrt(var_M) / sqrt(var_Y);

    OUTPUT:
      sampstat tech1 CINTERVAL;

    SAVEDATA:
      RESULTS = parcelupi_results_440.dat;




INPUT READING TERMINATED NORMALLY



Parceling Unconstrained Product Indicator

SUMMARY OF ANALYSIS

Number of groups                                                 1
Number of observations                                         100

Number of dependent variables                                   21
Number of independent variables                                  0
Number of continuous latent variables                            4

Observed dependent variables

  Continuous
   X1          X2          X3          M1          M2          M3
   M4          M5          M6          M7          M8          M9
   M10         M11         M12         Y1          Y2          Y3
   X3P1        X2P2        X1P3

Continuous latent variables
   X           M           Y           XM


Estimator                                                      MLR
Information matrix                                        OBSERVED
Maximum number of iterations                                  1000
Convergence criterion                                    0.500D-04
Maximum number of steepest descent iterations                   20

Input data file(s)
  parcelupi_simdat_440.dat

Input data format  FREE


SAMPLE STATISTICS


     SAMPLE STATISTICS


           Means
              X1            X2            X3            M1            M2
              ________      ________      ________      ________      ________
                0.000         0.000         0.000         0.000         0.000


           Means
              M3            M4            M5            M6            M7
              ________      ________      ________      ________      ________
                0.000         0.000         0.000         0.000         0.000


           Means
              M8            M9            M10           M11           M12
              ________      ________      ________      ________      ________
                0.000         0.000         0.000         0.000         0.000


           Means
              Y1            Y2            Y3            X3P1          X2P2
              ________      ________      ________      ________      ________
                0.695         0.827         1.037         0.000         0.000


           Means
              X1P3
              ________
                0.000


           Covariances
              X1            X2            X3            M1            M2
              ________      ________      ________      ________      ________
 X1             0.250
 X2             0.050         0.248
 X3             0.035         0.055         0.250
 M1             0.020        -0.027         0.031         2.674
 M2            -0.095         0.091        -0.114        -0.182         2.907
 M3             0.045         0.074         0.132        -0.028         0.251
 M4             0.020         0.188         0.007        -0.226         0.465
 M5             0.070         0.058         0.210         0.383         0.186
 M6             0.035         0.091         0.274         0.347         0.613
 M7             0.045         0.097        -0.012        -0.175         0.224
 M8             0.035         0.055         0.035         0.059         0.449
 M9             0.020         0.174         0.008        -0.377         0.464
 M10            0.105         0.199         0.103        -0.048         0.672
 M11            0.110         0.057         0.092         0.226         0.583
 M12            0.095         0.170         0.126         0.090         0.800
 Y1             0.042         0.027         0.068         0.173         0.029
 Y2             0.035         0.098         0.053         0.256        -0.024
 Y3             0.098         0.141         0.049         0.090         0.289
 X3P1           0.036         0.017        -0.001        -0.031        -0.221
 X2P2           0.000        -0.005        -0.006         0.022         0.034
 X1P3           0.000         0.020         0.034        -0.031         0.115


           Covariances
              M3            M4            M5            M6            M7
              ________      ________      ________      ________      ________
 M3             2.617
 M4            -0.041         2.370
 M5             0.269         0.398         2.318
 M6             0.606         0.193         0.166         2.682
 M7             0.344         0.563         0.492         0.588         2.434
 M8             0.533         0.093         0.310         0.461         0.527
 M9             0.227         0.092         0.254         0.226         0.490
 M10            0.390         0.425         0.174         0.546         0.676
 M11            0.459         0.334         0.507         0.636         0.374
 M12            0.765         0.569         0.385         0.542         0.560
 Y1            -0.145         0.145         0.171        -0.021         0.057
 Y2            -0.044         0.467         0.482         0.194        -0.003
 Y3             0.189         0.377         0.351         0.265         0.274
 X3P1           0.014        -0.026        -0.032        -0.041        -0.019
 X2P2          -0.015         0.005         0.010         0.054        -0.086
 X1P3           0.081         0.089         0.028         0.133         0.166


           Covariances
              M8            M9            M10           M11           M12
              ________      ________      ________      ________      ________
 M8             2.290
 M9             0.842         2.434
 M10            0.762         1.096         2.408
 M11            0.958         0.529         0.937         2.028
 M12            1.039         0.611         1.030         0.787         2.173
 Y1             0.022         0.001         0.115        -0.004         0.188
 Y2             0.125         0.072         0.191         0.113         0.155
 Y3             0.420         0.334         0.348         0.280         0.442
 X3P1          -0.076        -0.024        -0.004        -0.059        -0.042
 X2P2           0.026        -0.073         0.090         0.021        -0.025
 X1P3           0.096         0.079         0.135         0.046         0.154


           Covariances
              Y1            Y2            Y3            X3P1          X2P2
              ________      ________      ________      ________      ________
 Y1             0.699
 Y2             0.300         1.266
 Y3             0.338         0.866         1.409
 X3P1           0.011         0.067         0.058         0.173
 X2P2           0.073         0.010         0.045        -0.017         0.235
 X1P3           0.032        -0.042         0.044        -0.014         0.014


           Covariances
              X1P3
              ________
 X1P3           0.254


           Correlations
              X1            X2            X3            M1            M2
              ________      ________      ________      ________      ________
 X1             1.000
 X2             0.201         1.000
 X3             0.140         0.219         1.000
 M1             0.024        -0.033         0.038         1.000
 M2            -0.111         0.107        -0.133        -0.065         1.000
 M3             0.056         0.092         0.164        -0.011         0.091
 M4             0.026         0.245         0.009        -0.090         0.177
 M5             0.092         0.077         0.275         0.154         0.072
 M6             0.043         0.112         0.335         0.130         0.220
 M7             0.058         0.125        -0.015        -0.069         0.084
 M8             0.046         0.073         0.046         0.024         0.174
 M9             0.026         0.223         0.011        -0.148         0.174
 M10            0.135         0.257         0.133        -0.019         0.254
 M11            0.155         0.081         0.129         0.097         0.240
 M12            0.129         0.232         0.171         0.037         0.318
 Y1             0.101         0.064         0.163         0.127         0.020
 Y2             0.062         0.174         0.093         0.139        -0.013
 Y3             0.166         0.239         0.083         0.046         0.143
 X3P1           0.171         0.081        -0.004        -0.046        -0.312
 X2P2           0.000        -0.022        -0.026         0.028         0.041
 X1P3           0.000         0.080         0.135        -0.038         0.133


           Correlations
              M3            M4            M5            M6            M7
              ________      ________      ________      ________      ________
 M3             1.000
 M4            -0.016         1.000
 M5             0.109         0.170         1.000
 M6             0.229         0.077         0.067         1.000
 M7             0.136         0.234         0.207         0.230         1.000
 M8             0.218         0.040         0.135         0.186         0.223
 M9             0.090         0.038         0.107         0.088         0.201
 M10            0.155         0.178         0.074         0.215         0.279
 M11            0.199         0.152         0.234         0.273         0.168
 M12            0.321         0.251         0.172         0.224         0.243
 Y1            -0.107         0.113         0.135        -0.015         0.044
 Y2            -0.024         0.270         0.281         0.105        -0.001
 Y3             0.099         0.206         0.194         0.136         0.148
 X3P1           0.021        -0.040        -0.051        -0.060        -0.030
 X2P2          -0.019         0.007         0.013         0.068        -0.113
 X1P3           0.099         0.115         0.036         0.161         0.211


           Correlations
              M8            M9            M10           M11           M12
              ________      ________      ________      ________      ________
 M8             1.000
 M9             0.356         1.000
 M10            0.324         0.453         1.000
 M11            0.445         0.238         0.424         1.000
 M12            0.466         0.266         0.450         0.375         1.000
 Y1             0.018         0.001         0.088        -0.003         0.153
 Y2             0.074         0.041         0.109         0.071         0.093
 Y3             0.234         0.180         0.189         0.166         0.253
 X3P1          -0.120        -0.038        -0.007        -0.099        -0.069
 X2P2           0.035        -0.096         0.120         0.030        -0.036
 X1P3           0.126         0.100         0.173         0.064         0.207


           Correlations
              Y1            Y2            Y3            X3P1          X2P2
              ________      ________      ________      ________      ________
 Y1             1.000
 Y2             0.319         1.000
 Y3             0.340         0.648         1.000
 X3P1           0.032         0.143         0.117         1.000
 X2P2           0.181         0.019         0.079        -0.084         1.000
 X1P3           0.077        -0.074         0.073        -0.067         0.056


           Correlations
              X1P3
              ________
 X1P3           1.000


UNIVARIATE SAMPLE STATISTICS


     UNIVARIATE HIGHER-ORDER MOMENT DESCRIPTIVE STATISTICS

         Variable/         Mean/     Skewness/   Minimum/ % with                Percentiles
        Sample Size      Variance    Kurtosis    Maximum  Min/Max      20%/60%    40%/80%    Median

     X1                    0.000       0.000      -0.500   50.00%      -0.500     -0.500      0.000
             100.000       0.250      -2.000       0.500   50.00%       0.500      0.500
     X2                    0.000      -0.161      -0.540   46.00%      -0.540     -0.540      0.460
             100.000       0.248      -1.974       0.460   54.00%       0.460      0.460
     X3                    0.000      -0.040      -0.510   49.00%      -0.510     -0.510      0.490
             100.000       0.250      -1.998       0.490   51.00%       0.490      0.490
     M1                    0.000       0.129      -1.920   30.00%      -1.920     -0.920      0.080
             100.000       2.674      -1.607       2.080   30.00%       0.080      2.080
     M2                    0.000       0.186      -1.850   36.00%      -1.850     -0.850     -0.350
             100.000       2.908      -1.669       2.150   32.00%       0.150      2.150
     M3                    0.000      -0.272      -2.270   24.00%      -2.270     -0.270      0.730
             100.000       2.617      -1.543       1.730   36.00%       0.730      1.730
     M4                    0.000      -0.263      -2.300   19.00%      -1.300     -0.300      0.700
             100.000       2.370      -1.454       1.700   34.00%       0.700      1.700
     M5                    0.000       0.051      -2.040   21.00%      -2.040     -1.040     -0.040
             100.000       2.318      -1.484       1.960   28.00%       0.960      1.960
     M6                    0.000      -0.076      -2.090   28.00%      -2.090     -1.090     -0.090
             100.000       2.682      -1.610       1.910   33.00%       0.910      1.910
     M7                    0.000       0.285      -1.690   36.00%      -1.690     -0.690      0.310
             100.000       2.434      -1.430       2.310   21.00%       0.310      2.310
     M8                    0.000      -0.035      -1.990   26.00%      -1.990     -0.990      0.010
             100.000       2.290      -1.443       2.010   23.00%       1.010      2.010
     M9                    0.000      -0.251      -2.160   26.00%      -2.160     -0.160      0.840
             100.000       2.434      -1.472       1.840   27.00%       0.840      1.840
     M10                   0.000      -0.074      -2.150   21.00%      -2.150     -1.150     -0.150
             100.000       2.408      -1.511       1.850   32.00%       0.850      1.850
     M11                   0.000       0.132      -1.820   26.00%      -1.820     -0.820      0.180
             100.000       2.028      -1.273       2.180   17.00%       0.180      1.180
     M12                   0.000       0.094      -1.870   27.00%      -1.870     -0.870      0.130
             100.000       2.173      -1.356       2.130   20.00%       0.130      1.130
     Y1                    0.695       0.548      -1.016    1.00%       0.015      0.317      0.532
             100.000       0.699      -0.195       2.755    1.00%       0.779      1.389
     Y2                    0.827       0.221      -2.507    1.00%      -0.040      0.601      0.894
             100.000       1.266       1.580       5.020    1.00%       1.069      1.622
     Y3                    1.037       0.144      -2.594    1.00%      -0.024      0.796      0.965
             100.000       1.409       0.533       4.164    1.00%       1.329      1.869
     X3P1                  0.000      -0.025      -1.054    1.00%      -0.319     -0.139     -0.011
             100.000       0.173      -0.395       0.906    1.00%       0.049      0.416
     X2P2                  0.000      -0.210      -1.186    1.00%      -0.491     -0.106      0.029
             100.000       0.235      -0.504       0.974    1.00%       0.164      0.429
     X1P3                  0.000       0.053      -0.958    3.00%      -0.458     -0.158     -0.033
             100.000       0.254      -0.865       0.968    2.00%       0.092      0.468


     THIS ANALYSIS MAY HAVE MULTIPLE SOLUTIONS.  EXPLORE THIS USING RANDOM STARTS,
     FOR EXAMPLE, STARTS = 20.  USE A LARGE ENOUGH NUMBER OF STARTS SO THAT THE
     BEST FIT FUNCTION VALUE IS REPLICATED SEVERAL TIMES.


THE MODEL ESTIMATION TERMINATED NORMALLY

     THE STANDARD ERRORS OF THE MODEL PARAMETER ESTIMATES MAY NOT BE
     TRUSTWORTHY FOR SOME PARAMETERS DUE TO A NON-POSITIVE DEFINITE
     FIRST-ORDER DERIVATIVE PRODUCT MATRIX.  THIS MAY BE DUE TO THE STARTING
     VALUES BUT MAY ALSO BE AN INDICATION OF MODEL NONIDENTIFICATION.  THE
     CONDITION NUMBER IS       0.193D-20.  PROBLEM INVOLVING THE FOLLOWING PARAMETER:
     Parameter 40, X2

     THIS IS MOST LIKELY DUE TO VARIABLE X1 BEING DICHOTOMOUS BUT
     DECLARED AS CONTINUOUS.




MODEL FIT INFORMATION

Number of Free Parameters                       69

Loglikelihood

          H0 Value                       -2956.123
          H0 Scaling Correction Factor      0.9285
            for MLR
          H1 Value                       -2864.892
          H1 Scaling Correction Factor      0.9650
            for MLR

Information Criteria

          Akaike (AIC)                    6050.246
          Bayesian (BIC)                  6230.003
          Sample-Size Adjusted BIC        6012.084
            (n* = (n + 2) / 24)

Chi-Square Test of Model Fit

          Value                            186.424*
          Degrees of Freedom                   183
          P-Value                           0.4158
          Scaling Correction Factor         0.9787
            for MLR

*   The chi-square value for MLM, MLMV, MLR, ULSMV, WLSM and WLSMV cannot be used
    for chi-square difference testing in the regular way.  MLM, MLR and WLSM
    chi-square difference testing is described on the Mplus website.  MLMV, WLSMV,
    and ULSMV difference testing is done using the DIFFTEST option.

RMSEA (Root Mean Square Error Of Approximation)

          Estimate                           0.014
          90 Percent C.I.                    0.000  0.047
          Probability RMSEA <= .05           0.971

CFI/TLI

          CFI                                0.985
          TLI                                0.983

Chi-Square Test of Model Fit for the Baseline Model

          Value                            438.795
          Degrees of Freedom                   210
          P-Value                           0.0000

SRMR (Standardized Root Mean Square Residual)

          Value                              0.070



MODEL RESULTS

                                                    Two-Tailed
                    Estimate       S.E.  Est./S.E.    P-Value

 X        BY
    X3                 1.000      0.000    999.000    999.000
    X2                 1.714      0.906      1.892      0.059
    X1                 1.028      0.601      1.713      0.087

 M        BY
    M12                1.000      0.000    999.000    999.000
    M11                0.818      0.166      4.923      0.000
    M10                0.966      0.182      5.316      0.000
    M9                 0.707      0.190      3.727      0.000
    M8                 0.870      0.161      5.415      0.000
    M7                 0.593      0.172      3.441      0.001
    M6                 0.600      0.171      3.508      0.000
    M5                 0.407      0.176      2.316      0.021
    M4                 0.433      0.170      2.552      0.011
    M3                 0.524      0.165      3.183      0.001
    M2                 0.657      0.157      4.172      0.000
    M1                 0.034      0.187      0.181      0.856

 Y        BY
    Y3                 1.000      0.000    999.000    999.000
    Y2                 0.727      0.203      3.583      0.000
    Y1                 0.291      0.125      2.330      0.020

 XM       BY
    X3P1               1.000      0.000    999.000    999.000
    X2P2              -0.065      1.322     -0.049      0.961
    X1P3              -1.116      1.636     -0.682      0.495

 Y        ON
    X                 -2.231     44.309     -0.050      0.960
    M                  1.474     13.903      0.106      0.916
    XM                10.966    123.758      0.089      0.929

 X        WITH
    M                  0.090      0.051      1.763      0.078
    XM                 0.001      0.017      0.076      0.939

 M        WITH
    XM                -0.089      0.048     -1.841      0.066

 Intercepts
    X1                 0.000      0.050      0.000      1.000
    X2                 0.000      0.050      0.000      1.000
    X3                 0.000      0.050      0.000      1.000
    M1                 0.000      0.164      0.000      1.000
    M2                 0.000      0.171      0.000      1.000
    M3                 0.000      0.162      0.000      1.000
    M4                 0.000      0.154      0.000      1.000
    M5                 0.000      0.152      0.000      1.000
    M6                 0.000      0.164      0.000      1.000
    M7                 0.000      0.156      0.000      1.000
    M8                 0.000      0.151      0.000      1.000
    M9                 0.000      0.156      0.000      1.000
    M10                0.000      0.155      0.000      1.000
    M11                0.000      0.142      0.000      1.000
    M12                0.000      0.147      0.000      1.000
    Y1                 0.695      0.084      8.312      0.000
    Y2                 0.827      0.113      7.353      0.000
    Y3                 1.037      0.119      8.734      0.000
    X3P1               0.000      0.042      0.000      1.000
    X2P2               0.000      0.048      0.000      1.000
    X1P3               0.000      0.050      0.000      1.000

 Variances
    X                  0.031      0.026      1.164      0.244
    M                  1.071      0.242      4.428      0.000
    XM                 0.014      0.046      0.304      0.761

 Residual Variances
    X1                 0.218      0.026      8.287      0.000
    X2                 0.159      0.047      3.396      0.001
    X3                 0.219      0.026      8.372      0.000
    M1                 2.672      0.169     15.856      0.000
    M2                 2.446      0.248      9.880      0.000
    M3                 2.323      0.241      9.624      0.000
    M4                 2.169      0.205     10.599      0.000
    M5                 2.141      0.207     10.356      0.000
    M6                 2.296      0.229     10.022      0.000
    M7                 2.057      0.230      8.962      0.000
    M8                 1.479      0.260      5.698      0.000
    M9                 1.899      0.257      7.404      0.000
    M10                1.407      0.266      5.291      0.000
    M11                1.312      0.205      6.405      0.000
    M12                1.102      0.210      5.240      0.000
    Y1                 0.598      0.094      6.353      0.000
    Y2                 0.636      0.186      3.414      0.001
    Y3                 0.217      0.315      0.689      0.491
    X3P1               0.159      0.046      3.493      0.000
    X2P2               0.235      0.029      8.051      0.000
    X1P3               0.236      0.048      4.873      0.000
    Y                  0.545      4.923      0.111      0.912

New/Additional Parameters
    VAR_Y              1.192      0.423      2.818      0.005
    STD_B1            -0.357      7.149     -0.050      0.960
    STD_B2             1.397     13.260      0.105      0.916
    STD_B3             1.816     20.904      0.087      0.931


QUALITY OF NUMERICAL RESULTS

     Condition Number for the Information Matrix              0.128E-08
       (ratio of smallest to largest eigenvalue)


CONFIDENCE INTERVALS OF MODEL RESULTS

                  Lower .5%  Lower 2.5%    Lower 5%    Estimate    Upper 5%  Upper 2.5%   Upper .5%

 X        BY
    X3               1.000       1.000       1.000       1.000       1.000       1.000       1.000
    X2              -0.620      -0.062       0.224       1.714       3.204       3.489       4.047
    X1              -0.518      -0.149       0.041       1.028       2.016       2.205       2.575

 M        BY
    M12              1.000       1.000       1.000       1.000       1.000       1.000       1.000
    M11              0.390       0.492       0.544       0.818       1.091       1.143       1.245
    M10              0.498       0.610       0.667       0.966       1.265       1.322       1.434
    M9               0.218       0.335       0.395       0.707       1.019       1.079       1.195
    M8               0.456       0.555       0.606       0.870       1.134       1.185       1.284
    M7               0.149       0.255       0.309       0.593       0.876       0.930       1.037
    M6               0.159       0.265       0.319       0.600       0.882       0.936       1.041
    M5              -0.046       0.062       0.118       0.407       0.696       0.751       0.859
    M4              -0.004       0.101       0.154       0.433       0.712       0.766       0.870
    M3               0.100       0.201       0.253       0.524       0.795       0.846       0.948
    M2               0.251       0.348       0.398       0.657       0.915       0.965       1.062
    M1              -0.447      -0.332      -0.273       0.034       0.341       0.400       0.515

 Y        BY
    Y3               1.000       1.000       1.000       1.000       1.000       1.000       1.000
    Y2               0.204       0.329       0.393       0.727       1.061       1.125       1.250
    Y1              -0.031       0.046       0.086       0.291       0.497       0.536       0.613

 XM       BY
    X3P1             1.000       1.000       1.000       1.000       1.000       1.000       1.000
    X2P2            -3.472      -2.657      -2.241      -0.065       2.110       2.527       3.341
    X1P3            -5.331      -4.323      -3.808      -1.116       1.575       2.090       3.098

 Y        ON
    X             -116.362     -89.077     -75.119      -2.231      70.657      84.614     111.899
    M              -34.339     -25.777     -21.397       1.474      24.345      28.725      37.286
    XM            -307.810    -231.599    -192.616      10.966     214.548     253.532     329.742

 X        WITH
    M               -0.041      -0.010       0.006       0.090       0.174       0.190       0.221
    XM              -0.043      -0.032      -0.027       0.001       0.030       0.035       0.046

 M        WITH
    XM              -0.212      -0.183      -0.168      -0.089      -0.009       0.006       0.035

 Intercepts
    X1              -0.129      -0.098      -0.082       0.000       0.082       0.098       0.129
    X2              -0.128      -0.098      -0.082       0.000       0.082       0.098       0.128
    X3              -0.129      -0.098      -0.082       0.000       0.082       0.098       0.129
    M1              -0.421      -0.320      -0.269       0.000       0.269       0.320       0.421
    M2              -0.439      -0.334      -0.280       0.000       0.280       0.334       0.439
    M3              -0.417      -0.317      -0.266       0.000       0.266       0.317       0.417
    M4              -0.397      -0.302      -0.253       0.000       0.253       0.302       0.397
    M5              -0.392      -0.298      -0.250       0.000       0.250       0.298       0.392
    M6              -0.422      -0.321      -0.269       0.000       0.269       0.321       0.422
    M7              -0.402      -0.306      -0.257       0.000       0.257       0.306       0.402
    M8              -0.390      -0.297      -0.249       0.000       0.249       0.297       0.390
    M9              -0.402      -0.306      -0.257       0.000       0.257       0.306       0.402
    M10             -0.400      -0.304      -0.255       0.000       0.255       0.304       0.400
    M11             -0.367      -0.279      -0.234       0.000       0.234       0.279       0.367
    M12             -0.380      -0.289      -0.242       0.000       0.242       0.289       0.380
    Y1               0.479       0.531       0.557       0.695       0.832       0.859       0.910
    Y2               0.538       0.607       0.642       0.827       1.012       1.048       1.117
    Y3               0.731       0.804       0.842       1.037       1.232       1.270       1.343
    X3P1            -0.107      -0.082      -0.068       0.000       0.068       0.082       0.107
    X2P2            -0.125      -0.095      -0.080       0.000       0.080       0.095       0.125
    X1P3            -0.130      -0.099      -0.083       0.000       0.083       0.099       0.130

 Variances
    X               -0.037      -0.021      -0.013       0.031       0.074       0.082       0.098
    M                0.448       0.597       0.673       1.071       1.469       1.545       1.694
    XM              -0.105      -0.076      -0.062       0.014       0.090       0.104       0.133

 Residual Variances
    X1               0.150       0.166       0.175       0.218       0.261       0.269       0.285
    X2               0.038       0.067       0.082       0.159       0.236       0.250       0.279
    X3               0.152       0.168       0.176       0.219       0.263       0.271       0.287
    M1               2.238       2.342       2.395       2.672       2.950       3.003       3.106
    M2               1.808       1.961       2.039       2.446       2.853       2.931       3.083
    M3               1.701       1.850       1.926       2.323       2.720       2.796       2.945
    M4               1.642       1.768       1.832       2.169       2.506       2.570       2.696
    M5               1.609       1.736       1.801       2.141       2.481       2.546       2.674
    M6               1.706       1.847       1.919       2.296       2.673       2.745       2.886
    M7               1.466       1.607       1.680       2.057       2.435       2.507       2.649
    M8               0.811       0.970       1.052       1.479       1.906       1.988       2.148
    M9               1.238       1.396       1.477       1.899       2.321       2.402       2.560
    M10              0.722       0.886       0.970       1.407       1.845       1.929       2.093
    M11              0.784       0.910       0.975       1.312       1.648       1.713       1.839
    M12              0.560       0.690       0.756       1.102       1.448       1.514       1.644
    Y1               0.355       0.413       0.443       0.598       0.752       0.782       0.840
    Y2               0.156       0.271       0.329       0.636       0.942       1.001       1.116
    Y3              -0.595      -0.401      -0.301       0.217       0.736       0.835       1.029
    X3P1             0.042       0.070       0.084       0.159       0.234       0.248       0.277
    X2P2             0.160       0.178       0.187       0.235       0.283       0.292       0.310
    X1P3             0.111       0.141       0.156       0.236       0.316       0.331       0.361
    Y              -12.137      -9.105      -7.554       0.545       8.644      10.194      13.226

New/Additional Parameters
    VAR_Y            0.103       0.363       0.496       1.192       1.888       2.021       2.281
    STD_B1         -18.771     -14.368     -12.117      -0.357      11.403      13.654      18.057
    STD_B2         -32.759     -24.593     -20.416       1.397      23.210      27.387      35.553
    STD_B3         -52.029     -39.157     -32.572       1.816      36.203      42.788      55.661


TECHNICAL 1 OUTPUT


     PARAMETER SPECIFICATION


           NU
              X1            X2            X3            M1            M2
              ________      ________      ________      ________      ________
                  1             2             3             4             5


           NU
              M3            M4            M5            M6            M7
              ________      ________      ________      ________      ________
                  6             7             8             9            10


           NU
              M8            M9            M10           M11           M12
              ________      ________      ________      ________      ________
                 11            12            13            14            15


           NU
              Y1            Y2            Y3            X3P1          X2P2
              ________      ________      ________      ________      ________
                 16            17            18            19            20


           NU
              X1P3
              ________
                 21


           LAMBDA
              X             M             Y             XM
              ________      ________      ________      ________
 X1                22             0             0             0
 X2                23             0             0             0
 X3                 0             0             0             0
 M1                 0            24             0             0
 M2                 0            25             0             0
 M3                 0            26             0             0
 M4                 0            27             0             0
 M5                 0            28             0             0
 M6                 0            29             0             0
 M7                 0            30             0             0
 M8                 0            31             0             0
 M9                 0            32             0             0
 M10                0            33             0             0
 M11                0            34             0             0
 M12                0             0             0             0
 Y1                 0             0            35             0
 Y2                 0             0            36             0
 Y3                 0             0             0             0
 X3P1               0             0             0             0
 X2P2               0             0             0            37
 X1P3               0             0             0            38


           THETA
              X1            X2            X3            M1            M2
              ________      ________      ________      ________      ________
 X1                39
 X2                 0            40
 X3                 0             0            41
 M1                 0             0             0            42
 M2                 0             0             0             0            43
 M3                 0             0             0             0             0
 M4                 0             0             0             0             0
 M5                 0             0             0             0             0
 M6                 0             0             0             0             0
 M7                 0             0             0             0             0
 M8                 0             0             0             0             0
 M9                 0             0             0             0             0
 M10                0             0             0             0             0
 M11                0             0             0             0             0
 M12                0             0             0             0             0
 Y1                 0             0             0             0             0
 Y2                 0             0             0             0             0
 Y3                 0             0             0             0             0
 X3P1               0             0             0             0             0
 X2P2               0             0             0             0             0
 X1P3               0             0             0             0             0


           THETA
              M3            M4            M5            M6            M7
              ________      ________      ________      ________      ________
 M3                44
 M4                 0            45
 M5                 0             0            46
 M6                 0             0             0            47
 M7                 0             0             0             0            48
 M8                 0             0             0             0             0
 M9                 0             0             0             0             0
 M10                0             0             0             0             0
 M11                0             0             0             0             0
 M12                0             0             0             0             0
 Y1                 0             0             0             0             0
 Y2                 0             0             0             0             0
 Y3                 0             0             0             0             0
 X3P1               0             0             0             0             0
 X2P2               0             0             0             0             0
 X1P3               0             0             0             0             0


           THETA
              M8            M9            M10           M11           M12
              ________      ________      ________      ________      ________
 M8                49
 M9                 0            50
 M10                0             0            51
 M11                0             0             0            52
 M12                0             0             0             0            53
 Y1                 0             0             0             0             0
 Y2                 0             0             0             0             0
 Y3                 0             0             0             0             0
 X3P1               0             0             0             0             0
 X2P2               0             0             0             0             0
 X1P3               0             0             0             0             0


           THETA
              Y1            Y2            Y3            X3P1          X2P2
              ________      ________      ________      ________      ________
 Y1                54
 Y2                 0            55
 Y3                 0             0            56
 X3P1               0             0             0            57
 X2P2               0             0             0             0            58
 X1P3               0             0             0             0             0


           THETA
              X1P3
              ________
 X1P3              59


           ALPHA
              X             M             Y             XM
              ________      ________      ________      ________
                  0             0             0             0


           BETA
              X             M             Y             XM
              ________      ________      ________      ________
 X                  0             0             0             0
 M                  0             0             0             0
 Y                 60            61             0            62
 XM                 0             0             0             0


           PSI
              X             M             Y             XM
              ________      ________      ________      ________
 X                 63
 M                 64            65
 Y                  0             0            66
 XM                67            68             0            69


     PARAMETER SPECIFICATION FOR THE ADDITIONAL PARAMETERS


           New/Additional Parameters
              VAR_Y         STD_B1        STD_B2        STD_B3
              ________      ________      ________      ________
                   70            71            72            73


     STARTING VALUES


           NU
              X1            X2            X3            M1            M2
              ________      ________      ________      ________      ________
                0.000         0.000         0.000         0.000         0.000


           NU
              M3            M4            M5            M6            M7
              ________      ________      ________      ________      ________
                0.000         0.000         0.000         0.000         0.000


           NU
              M8            M9            M10           M11           M12
              ________      ________      ________      ________      ________
                0.000         0.000         0.000         0.000         0.000


           NU
              Y1            Y2            Y3            X3P1          X2P2
              ________      ________      ________      ________      ________
                0.695         0.827         1.037         0.000         0.000


           NU
              X1P3
              ________
                0.000


           LAMBDA
              X             M             Y             XM
              ________      ________      ________      ________
 X1             0.916         0.000         0.000         0.000
 X2             1.429         0.000         0.000         0.000
 X3             1.000         0.000         0.000         0.000
 M1             0.000         1.000         0.000         0.000
 M2             0.000         1.000         0.000         0.000
 M3             0.000         1.000         0.000         0.000
 M4             0.000         1.000         0.000         0.000
 M5             0.000         1.000         0.000         0.000
 M6             0.000         1.000         0.000         0.000
 M7             0.000         1.000         0.000         0.000
 M8             0.000         1.000         0.000         0.000
 M9             0.000         1.000         0.000         0.000
 M10            0.000         1.000         0.000         0.000
 M11            0.000         1.000         0.000         0.000
 M12            0.000         1.000         0.000         0.000
 Y1             0.000         0.000         0.347         0.000
 Y2             0.000         0.000         0.890         0.000
 Y3             0.000         0.000         1.000         0.000
 X3P1           0.000         0.000         0.000         1.000
 X2P2           0.000         0.000         0.000        -0.975
 X1P3           0.000         0.000         0.000        -0.812


           THETA
              X1            X2            X3            M1            M2
              ________      ________      ________      ________      ________
 X1             0.125
 X2             0.000         0.124
 X3             0.000         0.000         0.125
 M1             0.000         0.000         0.000         1.337
 M2             0.000         0.000         0.000         0.000         1.454
 M3             0.000         0.000         0.000         0.000         0.000
 M4             0.000         0.000         0.000         0.000         0.000
 M5             0.000         0.000         0.000         0.000         0.000
 M6             0.000         0.000         0.000         0.000         0.000
 M7             0.000         0.000         0.000         0.000         0.000
 M8             0.000         0.000         0.000         0.000         0.000
 M9             0.000         0.000         0.000         0.000         0.000
 M10            0.000         0.000         0.000         0.000         0.000
 M11            0.000         0.000         0.000         0.000         0.000
 M12            0.000         0.000         0.000         0.000         0.000
 Y1             0.000         0.000         0.000         0.000         0.000
 Y2             0.000         0.000         0.000         0.000         0.000
 Y3             0.000         0.000         0.000         0.000         0.000
 X3P1           0.000         0.000         0.000         0.000         0.000
 X2P2           0.000         0.000         0.000         0.000         0.000
 X1P3           0.000         0.000         0.000         0.000         0.000


           THETA
              M3            M4            M5            M6            M7
              ________      ________      ________      ________      ________
 M3             1.309
 M4             0.000         1.185
 M5             0.000         0.000         1.159
 M6             0.000         0.000         0.000         1.341
 M7             0.000         0.000         0.000         0.000         1.217
 M8             0.000         0.000         0.000         0.000         0.000
 M9             0.000         0.000         0.000         0.000         0.000
 M10            0.000         0.000         0.000         0.000         0.000
 M11            0.000         0.000         0.000         0.000         0.000
 M12            0.000         0.000         0.000         0.000         0.000
 Y1             0.000         0.000         0.000         0.000         0.000
 Y2             0.000         0.000         0.000         0.000         0.000
 Y3             0.000         0.000         0.000         0.000         0.000
 X3P1           0.000         0.000         0.000         0.000         0.000
 X2P2           0.000         0.000         0.000         0.000         0.000
 X1P3           0.000         0.000         0.000         0.000         0.000


           THETA
              M8            M9            M10           M11           M12
              ________      ________      ________      ________      ________
 M8             1.145
 M9             0.000         1.217
 M10            0.000         0.000         1.204
 M11            0.000         0.000         0.000         1.014
 M12            0.000         0.000         0.000         0.000         1.087
 Y1             0.000         0.000         0.000         0.000         0.000
 Y2             0.000         0.000         0.000         0.000         0.000
 Y3             0.000         0.000         0.000         0.000         0.000
 X3P1           0.000         0.000         0.000         0.000         0.000
 X2P2           0.000         0.000         0.000         0.000         0.000
 X1P3           0.000         0.000         0.000         0.000         0.000


           THETA
              Y1            Y2            Y3            X3P1          X2P2
              ________      ________      ________      ________      ________
 Y1             0.349
 Y2             0.000         0.633
 Y3             0.000         0.000         0.705
 X3P1           0.000         0.000         0.000         0.087
 X2P2           0.000         0.000         0.000         0.000         0.118
 X1P3           0.000         0.000         0.000         0.000         0.000


           THETA
              X1P3
              ________
 X1P3           0.127


           ALPHA
              X             M             Y             XM
              ________      ________      ________      ________
                0.000         0.000         0.000         0.000


           BETA
              X             M             Y             XM
              ________      ________      ________      ________
 X              0.000         0.000         0.000         0.000
 M              0.000         0.000         0.000         0.000
 Y              0.000         0.000         0.000         0.000
 XM             0.000         0.000         0.000         0.000


           PSI
              X             M             Y             XM
              ________      ________      ________      ________
 X              0.050
 M              0.000         0.050
 Y              0.000         0.000         0.050
 XM             0.000         0.000         0.000         0.050


     STARTING VALUES FOR THE ADDITIONAL PARAMETERS


           New/Additional Parameters
              VAR_Y         STD_B1        STD_B2        STD_B3
              ________      ________      ________      ________
                0.500         0.500         0.500         0.500


RESULTS SAVING INFORMATION

  Order of data

    Parameter estimates
     (saved in order shown in Technical 1 output)
    Standard errors
     (saved in order shown in Technical 1 output)
    Number of Free Parameters
    H0 Loglikelihood
    H0 Scaling Correction Factor for MLR
    H1 Loglikelihood
    H1 Scaling Correction Factor for MLR
    Akaike (AIC)
    Bayesian (BIC)
    Sample-Size Adjusted BIC
    Chi-square : Value
    Chi-square : Degrees of Freedom
    Chi-square : P-Value
    Chi-square : Scaling Correction Factor for MLR/MLM/WLSM
    CFI
    TLI
    RMSEA : Estimate
    RMSEA : Low CI
    RMSEA : High CI
    RMSEA : Probability
    SRMR
    Condition Number

  Save file
    parcelupi_results_440.dat

  Save file format           Free


     Beginning Time:  19:33:48
        Ending Time:  19:33:49
       Elapsed Time:  00:00:01



MUTHEN & MUTHEN
3463 Stoner Ave.
Los Angeles, CA  90066

Tel: (310) 391-9971
Fax: (310) 391-8971
Web: www.StatModel.com
Support: Support@StatModel.com

Copyright (c) 1998-2022 Muthen & Muthen
