Mplus VERSION 8.8 (Mac)
MUTHEN & MUTHEN
07/27/2025   3:45 PM

INPUT INSTRUCTIONS


    TITLE: Parceling Unconstrained Product Indicator

    DATA:
      FILE = parcelupi_simdat_820.dat;
      FORMAT IS FREE;

    VARIABLE:
      NAMES = x1 x2 x3
      	    m1 m2 m3 m4 m5 m6
      	    m7 m8 m9 m10 m11 m12
      	    y1 y2 y3
      	    p1 p2 p3
      	    x3p1 x2p2 x1p3;
      USEVARIABLES = x1 x2 x3
      	    m1 m2 m3 m4 m5 m6
      	    m7 m8 m9 m10 m11 m12
      	    y1 y2 y3
      	    x3p1 x2p2 x1p3;

    ANALYSIS:
      TYPE = general;
      ESTIMATOR = MLR;
    MODEL:
      !measurement model
      X BY x3 x2 x1;
      X (var_X);
      M BY m12 m11 m10 m9 m8 m7 m6 m5 m4 m3 m2 m1;
      M (var_M);
      Y BY y3 y2 y1;
      Y (resvar_Y);
      XM BY x3p1 x2p2 x1p3;
      XM (var_XM);

      !covariances between predictors
      X WITH M (cov_XM);
      X WITH XM (cov_XXM);
      M WITH XM (cov_MXM);

      !structural model
      Y ON X (b1);
      Y ON M (b2);
      Y ON XM (b3);

    MODEL CONSTRAINT:

      NEW(var_Y std_b1 std_b2 std_b3);
      var_Y = resvar_Y +
       (b1^2 * var_X +
        b2^2 * var_M +
        b3^2 * var_XM +
        2 * b1 * b2 * cov_XM +
        2 * b1 * b3 * cov_XXM +
        2 * b2 * b3 * cov_MXM);

        std_b1 = b1 * sqrt(var_X) / sqrt(var_Y);
        std_b2 = b2 * sqrt(var_M) / sqrt(var_Y);
        std_b3 = b3 * sqrt(var_X) * sqrt(var_M) / sqrt(var_Y);

    OUTPUT:
      sampstat tech1 CINTERVAL;

    SAVEDATA:
      RESULTS = parcelupi_results_820.dat;




INPUT READING TERMINATED NORMALLY



Parceling Unconstrained Product Indicator

SUMMARY OF ANALYSIS

Number of groups                                                 1
Number of observations                                         100

Number of dependent variables                                   21
Number of independent variables                                  0
Number of continuous latent variables                            4

Observed dependent variables

  Continuous
   X1          X2          X3          M1          M2          M3
   M4          M5          M6          M7          M8          M9
   M10         M11         M12         Y1          Y2          Y3
   X3P1        X2P2        X1P3

Continuous latent variables
   X           M           Y           XM


Estimator                                                      MLR
Information matrix                                        OBSERVED
Maximum number of iterations                                  1000
Convergence criterion                                    0.500D-04
Maximum number of steepest descent iterations                   20

Input data file(s)
  parcelupi_simdat_820.dat

Input data format  FREE


SAMPLE STATISTICS


     SAMPLE STATISTICS


           Means
              X1            X2            X3            M1            M2
              ________      ________      ________      ________      ________
                0.000         0.000         0.000         0.000         0.000


           Means
              M3            M4            M5            M6            M7
              ________      ________      ________      ________      ________
                0.000         0.000         0.000         0.000         0.000


           Means
              M8            M9            M10           M11           M12
              ________      ________      ________      ________      ________
                0.000         0.000         0.000         0.000         0.000


           Means
              Y1            Y2            Y3            X3P1          X2P2
              ________      ________      ________      ________      ________
                0.670         0.881         1.025         0.000         0.000


           Means
              X1P3
              ________
                0.000


           Covariances
              X1            X2            X3            M1            M2
              ________      ________      ________      ________      ________
 X1             0.248
 X2             0.023         0.248
 X3             0.060         0.065         0.250
 M1             0.047        -0.041         0.013         2.868
 M2             0.029         0.021        -0.032         0.407         2.092
 M3            -0.082         0.046        -0.078         0.144         0.135
 M4             0.008         0.118        -0.030         0.274         0.301
 M5            -0.055        -0.075        -0.005        -0.139         0.262
 M6            -0.032        -0.130        -0.006         0.160        -0.049
 M7            -0.050        -0.012        -0.008         0.330         0.544
 M8            -0.031         0.130        -0.046         0.441         0.101
 M9            -0.028         0.040         0.226         0.300         0.239
 M10            0.013         0.131         0.146         0.173         0.103
 M11            0.008        -0.022         0.096         0.711         0.225
 M12            0.040         0.112         0.158         0.430         0.436
 Y1             0.017         0.054         0.099         0.181         0.080
 Y2             0.027         0.149         0.106         0.184         0.183
 Y3             0.015         0.122         0.108         0.530         0.328
 X3P1           0.009         0.006         0.002         0.071         0.134
 X2P2           0.013         0.001         0.029         0.119        -0.001
 X1P3          -0.004         0.012        -0.009         0.075         0.136


           Covariances
              M3            M4            M5            M6            M7
              ________      ________      ________      ________      ________
 M3             2.434
 M4             0.296         2.718
 M5             0.048         0.630         2.570
 M6             0.071         0.335        -0.139         2.453
 M7             0.218         0.468         0.738         0.266         2.300
 M8             0.551         0.735         0.221         0.173         0.266
 M9             0.139         0.345         0.469         0.287         0.414
 M10            0.156         0.636         0.278         0.149         0.210
 M11            0.199         0.363         0.359         0.349         0.626
 M12            0.252         0.282         0.362         0.204         0.770
 Y1            -0.003         0.308         0.022         0.202         0.254
 Y2            -0.069         0.269         0.106        -0.038         0.262
 Y3            -0.077         0.389         0.049         0.057         0.287
 X3P1           0.048         0.010         0.040         0.019         0.017
 X2P2          -0.026         0.081        -0.047         0.010        -0.037
 X1P3           0.033         0.129         0.071        -0.022         0.007


           Covariances
              M8            M9            M10           M11           M12
              ________      ________      ________      ________      ________
 M8             2.693
 M9             0.507         2.333
 M10            0.520         1.021         2.328
 M11            0.689         0.691         0.629         2.125
 M12            0.534         0.816         0.580         0.634         1.800
 Y1             0.036         0.104         0.232         0.218         0.254
 Y2            -0.098         0.282         0.438         0.231         0.284
 Y3             0.016         0.306         0.346         0.316         0.344
 X3P1          -0.054        -0.080         0.028         0.036         0.000
 X2P2          -0.060        -0.052         0.003        -0.034         0.000
 X1P3          -0.001         0.040         0.023        -0.049         0.047


           Covariances
              Y1            Y2            Y3            X3P1          X2P2
              ________      ________      ________      ________      ________
 Y1             0.814
 Y2             0.346         0.801
 Y3             0.546         0.612         1.493
 X3P1           0.006         0.029         0.038         0.220
 X2P2           0.053        -0.026         0.075         0.020         0.202
 X1P3           0.033        -0.004         0.003         0.023        -0.008


           Covariances
              X1P3
              ________
 X1P3           0.180


           Correlations
              X1            X2            X3            M1            M2
              ________      ________      ________      ________      ________
 X1             1.000
 X2             0.093         1.000
 X3             0.239         0.259         1.000
 M1             0.056        -0.049         0.016         1.000
 M2             0.040         0.029        -0.045         0.166         1.000
 M3            -0.106         0.060        -0.101         0.055         0.060
 M4             0.010         0.144        -0.037         0.098         0.126
 M5            -0.068        -0.093        -0.006        -0.051         0.113
 M6            -0.040        -0.167        -0.008         0.061        -0.021
 M7            -0.066        -0.016        -0.011         0.128         0.248
 M8            -0.039         0.159        -0.056         0.159         0.043
 M9            -0.038         0.053         0.296         0.116         0.108
 M10            0.016         0.172         0.192         0.067         0.047
 M11            0.012        -0.031         0.131         0.288         0.107
 M12            0.060         0.167         0.236         0.189         0.225
 Y1             0.039         0.120         0.218         0.118         0.061
 Y2             0.061         0.334         0.237         0.121         0.141
 Y3             0.025         0.200         0.176         0.256         0.186
 X3P1           0.037         0.026         0.008         0.089         0.198
 X2P2           0.056         0.005         0.129         0.156        -0.001
 X1P3          -0.018         0.055        -0.043         0.105         0.221


           Correlations
              M3            M4            M5            M6            M7
              ________      ________      ________      ________      ________
 M3             1.000
 M4             0.115         1.000
 M5             0.019         0.239         1.000
 M6             0.029         0.130        -0.055         1.000
 M7             0.092         0.187         0.304         0.112         1.000
 M8             0.215         0.272         0.084         0.067         0.107
 M9             0.058         0.137         0.191         0.120         0.179
 M10            0.066         0.253         0.114         0.063         0.091
 M11            0.087         0.151         0.154         0.153         0.283
 M12            0.120         0.127         0.168         0.097         0.378
 Y1            -0.002         0.207         0.015         0.143         0.186
 Y2            -0.050         0.182         0.074        -0.027         0.193
 Y3            -0.040         0.193         0.025         0.030         0.155
 X3P1           0.066         0.012         0.053         0.026         0.024
 X2P2          -0.038         0.110        -0.066         0.015        -0.055
 X1P3           0.050         0.185         0.104        -0.033         0.011


           Correlations
              M8            M9            M10           M11           M12
              ________      ________      ________      ________      ________
 M8             1.000
 M9             0.202         1.000
 M10            0.207         0.438         1.000
 M11            0.288         0.310         0.283         1.000
 M12            0.243         0.398         0.283         0.324         1.000
 Y1             0.024         0.076         0.168         0.166         0.210
 Y2            -0.067         0.206         0.321         0.177         0.237
 Y3             0.008         0.164         0.186         0.177         0.210
 X3P1          -0.070        -0.112         0.039         0.052        -0.001
 X2P2          -0.081        -0.075         0.004        -0.051         0.001
 X1P3          -0.002         0.062         0.036        -0.079         0.082


           Correlations
              Y1            Y2            Y3            X3P1          X2P2
              ________      ________      ________      ________      ________
 Y1             1.000
 Y2             0.428         1.000
 Y3             0.495         0.559         1.000
 X3P1           0.013         0.070         0.066         1.000
 X2P2           0.131        -0.065         0.137         0.096         1.000
 X1P3           0.087        -0.010         0.005         0.116        -0.042


           Correlations
              X1P3
              ________
 X1P3           1.000


UNIVARIATE SAMPLE STATISTICS


     UNIVARIATE HIGHER-ORDER MOMENT DESCRIPTIVE STATISTICS

         Variable/         Mean/     Skewness/   Minimum/ % with                Percentiles
        Sample Size      Variance    Kurtosis    Maximum  Min/Max      20%/60%    40%/80%    Median

     X1                    0.000       0.201      -0.450   55.00%      -0.450     -0.450     -0.450
             100.000       0.247      -1.960       0.550   45.00%       0.550      0.550
     X2                    0.000       0.161      -0.460   54.00%      -0.460     -0.460     -0.460
             100.000       0.248      -1.974       0.540   46.00%       0.540      0.540
     X3                    0.000       0.040      -0.490   51.00%      -0.490     -0.490     -0.490
             100.000       0.250      -1.998       0.510   49.00%       0.510      0.510
     M1                    0.000       0.198      -1.850   35.00%      -1.850     -0.850     -0.350
             100.000       2.868      -1.648       2.150   32.00%       0.150      2.150
     M2                    0.000       0.169      -1.780   28.00%      -1.780     -0.780      0.220
             100.000       2.092      -1.313       2.220   17.00%       0.220      1.220
     M3                    0.000      -0.140      -2.160   24.00%      -2.160     -0.160     -0.160
             100.000       2.434      -1.457       1.840   32.00%       0.840      1.840
     M4                    0.000      -0.030      -1.960   34.00%      -1.960     -0.960      0.040
             100.000       2.718      -1.648       2.040   27.00%       1.040      2.040
     M5                    0.000      -0.016      -2.010   29.00%      -2.010     -1.010     -0.010
             100.000       2.570      -1.557       1.990   29.00%       0.990      1.990
     M6                    0.000       0.185      -1.870   28.00%      -1.870     -0.870      0.130
             100.000       2.453      -1.493       2.130   26.00%       0.130      2.130
     M7                    0.000      -0.169      -2.200   21.00%      -2.200     -0.200     -0.200
             100.000       2.300      -1.394       1.800   31.00%       0.800      1.800
     M8                    0.000       0.154      -1.870   32.00%      -1.870     -0.870     -0.370
             100.000       2.693      -1.622       2.130   28.00%       1.130      2.130
     M9                    0.000      -0.203      -2.130   25.00%      -2.130     -0.130     -0.130
             100.000       2.333      -1.419       1.870   26.00%       0.870      1.870
     M10                   0.000      -0.203      -2.150   24.00%      -2.150     -0.150     -0.150
             100.000       2.328      -1.415       1.850   27.00%       0.850      1.850
     M11                   0.000      -0.083      -2.070   21.00%      -2.070     -0.070     -0.070
             100.000       2.125      -1.357       1.930   23.00%       0.930      1.930
     M12                   0.000       0.219      -1.800   21.00%      -1.800     -0.800      0.200
             100.000       1.800      -1.102       2.200   15.00%       0.200      1.200
     Y1                    0.670       0.210      -1.363    1.00%      -0.100      0.500      0.668
             100.000       0.814       0.061       2.980    1.00%       0.822      1.384
     Y2                    0.881       0.072      -1.081    1.00%       0.029      0.668      0.869
             100.000       0.801      -0.347       3.296    1.00%       1.102      1.700
     Y3                    1.025       0.236      -2.389    1.00%      -0.009      0.772      0.901
             100.000       1.493       0.132       3.934    1.00%       1.205      1.778
     X3P1                  0.000      -0.141      -1.104    2.00%      -0.369     -0.124     -0.001
             100.000       0.220      -0.496       0.961    2.00%       0.121      0.451
     X2P2                  0.000       0.112      -0.922    2.00%      -0.390     -0.160     -0.011
             100.000       0.202      -0.622       1.103    1.00%       0.158      0.428
     X1P3                  0.000       0.117      -1.115    1.00%      -0.369     -0.144     -0.032
             100.000       0.180      -0.351       0.948    2.00%       0.081      0.418


     THIS ANALYSIS MAY HAVE MULTIPLE SOLUTIONS.  EXPLORE THIS USING RANDOM STARTS,
     FOR EXAMPLE, STARTS = 20.  USE A LARGE ENOUGH NUMBER OF STARTS SO THAT THE
     BEST FIT FUNCTION VALUE IS REPLICATED SEVERAL TIMES.


THE MODEL ESTIMATION TERMINATED NORMALLY

     THE STANDARD ERRORS OF THE MODEL PARAMETER ESTIMATES MAY NOT BE
     TRUSTWORTHY FOR SOME PARAMETERS DUE TO A NON-POSITIVE DEFINITE
     FIRST-ORDER DERIVATIVE PRODUCT MATRIX.  THIS MAY BE DUE TO THE STARTING
     VALUES BUT MAY ALSO BE AN INDICATION OF MODEL NONIDENTIFICATION.  THE
     CONDITION NUMBER IS      -0.187D-17.  PROBLEM INVOLVING THE FOLLOWING PARAMETER:
     Parameter 40, X2

     THIS IS MOST LIKELY DUE TO VARIABLE X1 BEING DICHOTOMOUS BUT
     DECLARED AS CONTINUOUS.




MODEL FIT INFORMATION

Number of Free Parameters                       69

Loglikelihood

          H0 Value                       -2937.849
          H0 Scaling Correction Factor      0.8946
            for MLR
          H1 Value                       -2858.542
          H1 Scaling Correction Factor      0.9520
            for MLR

Information Criteria

          Akaike (AIC)                    6013.698
          Bayesian (BIC)                  6193.455
          Sample-Size Adjusted BIC        5975.536
            (n* = (n + 2) / 24)

Chi-Square Test of Model Fit

          Value                            162.912*
          Degrees of Freedom                   183
          P-Value                           0.8545
          Scaling Correction Factor         0.9736
            for MLR

*   The chi-square value for MLM, MLMV, MLR, ULSMV, WLSM and WLSMV cannot be used
    for chi-square difference testing in the regular way.  MLM, MLR and WLSM
    chi-square difference testing is described on the Mplus website.  MLMV, WLSMV,
    and ULSMV difference testing is done using the DIFFTEST option.

RMSEA (Root Mean Square Error Of Approximation)

          Estimate                           0.000
          90 Percent C.I.                    0.000  0.026
          Probability RMSEA <= .05           0.999

CFI/TLI

          CFI                                1.000
          TLI                                1.000

Chi-Square Test of Model Fit for the Baseline Model

          Value                            376.455
          Degrees of Freedom                   210
          P-Value                           0.0000

SRMR (Standardized Root Mean Square Residual)

          Value                              0.069



MODEL RESULTS

                                                    Two-Tailed
                    Estimate       S.E.  Est./S.E.    P-Value

 X        BY
    X3                 1.000      0.000    999.000    999.000
    X2                 0.620      0.529      1.172      0.241
    X1                 0.424      0.200      2.119      0.034

 M        BY
    M12                1.000      0.000    999.000    999.000
    M11                0.950      0.251      3.791      0.000
    M10                0.903      0.252      3.589      0.000
    M9                 1.033      0.237      4.350      0.000
    M8                 0.727      0.260      2.792      0.005
    M7                 0.818      0.193      4.241      0.000
    M6                 0.313      0.224      1.400      0.162
    M5                 0.550      0.223      2.470      0.014
    M4                 0.687      0.266      2.580      0.010
    M3                 0.300      0.217      1.384      0.166
    M2                 0.465      0.187      2.486      0.013
    M1                 0.588      0.255      2.304      0.021

 Y        BY
    Y3                 1.000      0.000    999.000    999.000
    Y2                 0.692      0.141      4.890      0.000
    Y1                 0.601      0.120      4.994      0.000

 XM       BY
    X3P1               1.000      0.000    999.000    999.000
    X2P2               5.305     29.135      0.182      0.856
    X1P3              -0.356      1.506     -0.237      0.813

 Y        ON
    X                  0.962      1.141      0.843      0.399
    M                  0.387      0.196      1.976      0.048
    XM                 1.140      4.042      0.282      0.778

 X        WITH
    M                  0.089      0.060      1.490      0.136
    XM                 0.005      0.026      0.176      0.860

 M        WITH
    XM                -0.003      0.019     -0.139      0.890

 Intercepts
    X1                 0.000      0.050      0.000      1.000
    X2                 0.000      0.050      0.000      1.000
    X3                 0.000      0.050      0.000      1.000
    M1                 0.000      0.169      0.000      1.000
    M2                 0.000      0.145      0.000      1.000
    M3                 0.000      0.156      0.000      1.000
    M4                 0.000      0.165      0.000      1.000
    M5                 0.000      0.160      0.000      1.000
    M6                 0.000      0.157      0.000      1.000
    M7                 0.000      0.152      0.000      1.000
    M8                 0.000      0.164      0.000      1.000
    M9                 0.000      0.153      0.000      1.000
    M10                0.000      0.153      0.000      1.000
    M11                0.000      0.146      0.000      1.000
    M12                0.000      0.134      0.000      1.000
    Y1                 0.670      0.090      7.426      0.000
    Y2                 0.881      0.090      9.843      0.000
    Y3                 1.025      0.122      8.391      0.000
    X3P1               0.000      0.047      0.000      1.000
    X2P2               0.000      0.045      0.000      1.000
    X1P3               0.000      0.042      0.000      1.000

 Variances
    X                  0.113      0.087      1.303      0.193
    M                  0.737      0.253      2.911      0.004
    XM                 0.004      0.021      0.179      0.858

 Residual Variances
    X1                 0.227      0.021     10.729      0.000
    X2                 0.205      0.045      4.568      0.000
    X3                 0.137      0.087      1.580      0.114
    M1                 2.613      0.236     11.083      0.000
    M2                 1.932      0.184     10.527      0.000
    M3                 2.368      0.183     12.971      0.000
    M4                 2.371      0.256      9.264      0.000
    M5                 2.347      0.221     10.624      0.000
    M6                 2.381      0.193     12.329      0.000
    M7                 1.807      0.230      7.868      0.000
    M8                 2.303      0.269      8.554      0.000
    M9                 1.547      0.249      6.208      0.000
    M10                1.727      0.234      7.379      0.000
    M11                1.459      0.236      6.185      0.000
    M12                1.063      0.222      4.798      0.000
    Y1                 0.497      0.093      5.365      0.000
    Y2                 0.380      0.088      4.328      0.000
    Y3                 0.613      0.181      3.391      0.001
    X3P1               0.216      0.030      7.118      0.000
    X2P2               0.098      0.602      0.162      0.871
    X1P3               0.179      0.024      7.612      0.000
    Y                  0.585      0.278      2.108      0.035

New/Additional Parameters
    VAR_Y              0.880      0.267      3.293      0.001
    STD_B1             0.345      0.313      1.100      0.272
    STD_B2             0.354      0.157      2.257      0.024
    STD_B3             0.351      1.267      0.277      0.782


QUALITY OF NUMERICAL RESULTS

     Condition Number for the Information Matrix              0.147E-07
       (ratio of smallest to largest eigenvalue)


CONFIDENCE INTERVALS OF MODEL RESULTS

                  Lower .5%  Lower 2.5%    Lower 5%    Estimate    Upper 5%  Upper 2.5%   Upper .5%

 X        BY
    X3               1.000       1.000       1.000       1.000       1.000       1.000       1.000
    X2              -0.743      -0.417      -0.250       0.620       1.490       1.657       1.983
    X1              -0.091       0.032       0.095       0.424       0.754       0.817       0.940

 M        BY
    M12              1.000       1.000       1.000       1.000       1.000       1.000       1.000
    M11              0.305       0.459       0.538       0.950       1.363       1.442       1.596
    M10              0.255       0.410       0.489       0.903       1.316       1.396       1.551
    M9               0.421       0.567       0.642       1.033       1.423       1.498       1.644
    M8               0.056       0.217       0.299       0.727       1.155       1.237       1.398
    M7               0.321       0.440       0.500       0.818       1.135       1.196       1.314
    M6              -0.263      -0.125      -0.055       0.313       0.681       0.752       0.889
    M5              -0.024       0.114       0.184       0.550       0.916       0.986       1.123
    M4               0.001       0.165       0.249       0.687       1.124       1.208       1.372
    M3              -0.258      -0.125      -0.057       0.300       0.656       0.724       0.857
    M2              -0.017       0.098       0.157       0.465       0.772       0.831       0.946
    M1              -0.069       0.088       0.168       0.588       1.008       1.088       1.246

 Y        BY
    Y3               1.000       1.000       1.000       1.000       1.000       1.000       1.000
    Y2               0.327       0.414       0.459       0.692       0.924       0.969       1.056
    Y1               0.291       0.365       0.403       0.601       0.799       0.837       0.911

 XM       BY
    X3P1             1.000       1.000       1.000       1.000       1.000       1.000       1.000
    X2P2           -69.742     -51.800     -42.622       5.305      53.233      62.410      80.352
    X1P3            -4.234      -3.307      -2.833      -0.356       2.120       2.594       3.522

 Y        ON
    X               -1.977      -1.275      -0.915       0.962       2.838       3.198       3.900
    M               -0.117       0.003       0.065       0.387       0.709       0.771       0.892
    XM              -9.271      -6.782      -5.509       1.140       7.788       9.061      11.550

 X        WITH
    M               -0.065      -0.028      -0.009       0.089       0.188       0.207       0.244
    XM              -0.062      -0.046      -0.038       0.005       0.047       0.055       0.071

 M        WITH
    XM              -0.050      -0.039      -0.033      -0.003       0.028       0.034       0.045

 Intercepts
    X1              -0.128      -0.098      -0.082       0.000       0.082       0.098       0.128
    X2              -0.128      -0.098      -0.082       0.000       0.082       0.098       0.128
    X3              -0.129      -0.098      -0.082       0.000       0.082       0.098       0.129
    M1              -0.436      -0.332      -0.279       0.000       0.279       0.332       0.436
    M2              -0.373      -0.283      -0.238       0.000       0.238       0.283       0.373
    M3              -0.402      -0.306      -0.257       0.000       0.257       0.306       0.402
    M4              -0.425      -0.323      -0.271       0.000       0.271       0.323       0.425
    M5              -0.413      -0.314      -0.264       0.000       0.264       0.314       0.413
    M6              -0.403      -0.307      -0.258       0.000       0.258       0.307       0.403
    M7              -0.391      -0.297      -0.249       0.000       0.249       0.297       0.391
    M8              -0.423      -0.322      -0.270       0.000       0.270       0.322       0.423
    M9              -0.393      -0.299      -0.251       0.000       0.251       0.299       0.393
    M10             -0.393      -0.299      -0.251       0.000       0.251       0.299       0.393
    M11             -0.375      -0.286      -0.240       0.000       0.240       0.286       0.375
    M12             -0.346      -0.263      -0.221       0.000       0.221       0.263       0.346
    Y1               0.438       0.493       0.522       0.670       0.819       0.847       0.903
    Y2               0.651       0.706       0.734       0.881       1.028       1.057       1.112
    Y3               0.710       0.786       0.824       1.025       1.226       1.265       1.340
    X3P1            -0.121      -0.092      -0.077       0.000       0.077       0.092       0.121
    X2P2            -0.116      -0.088      -0.074       0.000       0.074       0.088       0.116
    X1P3            -0.109      -0.083      -0.070       0.000       0.070       0.083       0.109

 Variances
    X               -0.110      -0.057      -0.030       0.113       0.256       0.283       0.336
    M                0.085       0.241       0.321       0.737       1.154       1.234       1.390
    XM              -0.050      -0.037      -0.030       0.004       0.038       0.044       0.057

 Residual Variances
    X1               0.173       0.186       0.192       0.227       0.262       0.269       0.282
    X2               0.089       0.117       0.131       0.205       0.279       0.293       0.321
    X3              -0.086      -0.033      -0.006       0.137       0.280       0.307       0.360
    M1               2.005       2.151       2.225       2.613       3.000       3.075       3.220
    M2               1.460       1.573       1.630       1.932       2.234       2.292       2.405
    M3               1.898       2.010       2.068       2.368       2.669       2.726       2.838
    M4               1.712       1.869       1.950       2.371       2.792       2.872       3.030
    M5               1.778       1.914       1.984       2.347       2.710       2.780       2.916
    M6               1.883       2.002       2.063       2.381       2.698       2.759       2.878
    M7               1.215       1.357       1.429       1.807       2.185       2.257       2.399
    M8               1.610       1.776       1.860       2.303       2.746       2.831       2.997
    M9               0.905       1.059       1.137       1.547       1.957       2.035       2.189
    M10              1.124       1.268       1.342       1.727       2.112       2.185       2.329
    M11              0.851       0.997       1.071       1.459       1.847       1.921       2.067
    M12              0.492       0.629       0.698       1.063       1.427       1.497       1.633
    Y1               0.258       0.315       0.344       0.497       0.649       0.678       0.735
    Y2               0.154       0.208       0.236       0.380       0.525       0.553       0.607
    Y3               0.147       0.259       0.316       0.613       0.911       0.968       1.079
    X3P1             0.138       0.157       0.166       0.216       0.266       0.276       0.294
    X2P2            -1.452      -1.082      -0.892       0.098       1.087       1.277       1.647
    X1P3             0.119       0.133       0.141       0.179       0.218       0.226       0.240
    Y               -0.130       0.041       0.129       0.585       1.042       1.130       1.301

New/Additional Parameters
    VAR_Y            0.192       0.356       0.440       0.880       1.319       1.403       1.568
    STD_B1          -0.463      -0.270      -0.171       0.345       0.860       0.959       1.152
    STD_B2          -0.050       0.047       0.096       0.354       0.613       0.662       0.759
    STD_B3          -2.912      -2.132      -1.733       0.351       2.434       2.833       3.613


TECHNICAL 1 OUTPUT


     PARAMETER SPECIFICATION


           NU
              X1            X2            X3            M1            M2
              ________      ________      ________      ________      ________
                  1             2             3             4             5


           NU
              M3            M4            M5            M6            M7
              ________      ________      ________      ________      ________
                  6             7             8             9            10


           NU
              M8            M9            M10           M11           M12
              ________      ________      ________      ________      ________
                 11            12            13            14            15


           NU
              Y1            Y2            Y3            X3P1          X2P2
              ________      ________      ________      ________      ________
                 16            17            18            19            20


           NU
              X1P3
              ________
                 21


           LAMBDA
              X             M             Y             XM
              ________      ________      ________      ________
 X1                22             0             0             0
 X2                23             0             0             0
 X3                 0             0             0             0
 M1                 0            24             0             0
 M2                 0            25             0             0
 M3                 0            26             0             0
 M4                 0            27             0             0
 M5                 0            28             0             0
 M6                 0            29             0             0
 M7                 0            30             0             0
 M8                 0            31             0             0
 M9                 0            32             0             0
 M10                0            33             0             0
 M11                0            34             0             0
 M12                0             0             0             0
 Y1                 0             0            35             0
 Y2                 0             0            36             0
 Y3                 0             0             0             0
 X3P1               0             0             0             0
 X2P2               0             0             0            37
 X1P3               0             0             0            38


           THETA
              X1            X2            X3            M1            M2
              ________      ________      ________      ________      ________
 X1                39
 X2                 0            40
 X3                 0             0            41
 M1                 0             0             0            42
 M2                 0             0             0             0            43
 M3                 0             0             0             0             0
 M4                 0             0             0             0             0
 M5                 0             0             0             0             0
 M6                 0             0             0             0             0
 M7                 0             0             0             0             0
 M8                 0             0             0             0             0
 M9                 0             0             0             0             0
 M10                0             0             0             0             0
 M11                0             0             0             0             0
 M12                0             0             0             0             0
 Y1                 0             0             0             0             0
 Y2                 0             0             0             0             0
 Y3                 0             0             0             0             0
 X3P1               0             0             0             0             0
 X2P2               0             0             0             0             0
 X1P3               0             0             0             0             0


           THETA
              M3            M4            M5            M6            M7
              ________      ________      ________      ________      ________
 M3                44
 M4                 0            45
 M5                 0             0            46
 M6                 0             0             0            47
 M7                 0             0             0             0            48
 M8                 0             0             0             0             0
 M9                 0             0             0             0             0
 M10                0             0             0             0             0
 M11                0             0             0             0             0
 M12                0             0             0             0             0
 Y1                 0             0             0             0             0
 Y2                 0             0             0             0             0
 Y3                 0             0             0             0             0
 X3P1               0             0             0             0             0
 X2P2               0             0             0             0             0
 X1P3               0             0             0             0             0


           THETA
              M8            M9            M10           M11           M12
              ________      ________      ________      ________      ________
 M8                49
 M9                 0            50
 M10                0             0            51
 M11                0             0             0            52
 M12                0             0             0             0            53
 Y1                 0             0             0             0             0
 Y2                 0             0             0             0             0
 Y3                 0             0             0             0             0
 X3P1               0             0             0             0             0
 X2P2               0             0             0             0             0
 X1P3               0             0             0             0             0


           THETA
              Y1            Y2            Y3            X3P1          X2P2
              ________      ________      ________      ________      ________
 Y1                54
 Y2                 0            55
 Y3                 0             0            56
 X3P1               0             0             0            57
 X2P2               0             0             0             0            58
 X1P3               0             0             0             0             0


           THETA
              X1P3
              ________
 X1P3              59


           ALPHA
              X             M             Y             XM
              ________      ________      ________      ________
                  0             0             0             0


           BETA
              X             M             Y             XM
              ________      ________      ________      ________
 X                  0             0             0             0
 M                  0             0             0             0
 Y                 60            61             0            62
 XM                 0             0             0             0


           PSI
              X             M             Y             XM
              ________      ________      ________      ________
 X                 63
 M                 64            65
 Y                  0             0            66
 XM                67            68             0            69


     PARAMETER SPECIFICATION FOR THE ADDITIONAL PARAMETERS


           New/Additional Parameters
              VAR_Y         STD_B1        STD_B2        STD_B3
              ________      ________      ________      ________
                   70            71            72            73


     STARTING VALUES


           NU
              X1            X2            X3            M1            M2
              ________      ________      ________      ________      ________
                0.000         0.000         0.000         0.000         0.000


           NU
              M3            M4            M5            M6            M7
              ________      ________      ________      ________      ________
                0.000         0.000         0.000         0.000         0.000


           NU
              M8            M9            M10           M11           M12
              ________      ________      ________      ________      ________
                0.000         0.000         0.000         0.000         0.000


           NU
              Y1            Y2            Y3            X3P1          X2P2
              ________      ________      ________      ________      ________
                0.670         0.881         1.025         0.000         0.000


           NU
              X1P3
              ________
                0.000


           LAMBDA
              X             M             Y             XM
              ________      ________      ________      ________
 X1             0.356         0.000         0.000         0.000
 X2             0.387         0.000         0.000         0.000
 X3             1.000         0.000         0.000         0.000
 M1             0.000         1.200         0.000         0.000
 M2             0.000         0.489         0.000         0.000
 M3             0.000         0.473         0.000         0.000
 M4             0.000         0.460         0.000         0.000
 M5             0.000         0.672         0.000         0.000
 M6             0.000         0.542         0.000         0.000
 M7             0.000         0.907         0.000         0.000
 M8             0.000         0.972         0.000         0.000
 M9             0.000         0.845         0.000         0.000
 M10            0.000         0.896         0.000         0.000
 M11            0.000         1.210         0.000         0.000
 M12            0.000         1.000         0.000         0.000
 Y1             0.000         0.000         0.565         0.000
 Y2             0.000         0.000         0.633         0.000
 Y3             0.000         0.000         1.000         0.000
 X3P1           0.000         0.000         0.000         1.000
 X2P2           0.000         0.000         0.000         1.000
 X1P3           0.000         0.000         0.000         1.000


           THETA
              X1            X2            X3            M1            M2
              ________      ________      ________      ________      ________
 X1             0.124
 X2             0.000         0.124
 X3             0.000         0.000         0.125
 M1             0.000         0.000         0.000         1.434
 M2             0.000         0.000         0.000         0.000         1.046
 M3             0.000         0.000         0.000         0.000         0.000
 M4             0.000         0.000         0.000         0.000         0.000
 M5             0.000         0.000         0.000         0.000         0.000
 M6             0.000         0.000         0.000         0.000         0.000
 M7             0.000         0.000         0.000         0.000         0.000
 M8             0.000         0.000         0.000         0.000         0.000
 M9             0.000         0.000         0.000         0.000         0.000
 M10            0.000         0.000         0.000         0.000         0.000
 M11            0.000         0.000         0.000         0.000         0.000
 M12            0.000         0.000         0.000         0.000         0.000
 Y1             0.000         0.000         0.000         0.000         0.000
 Y2             0.000         0.000         0.000         0.000         0.000
 Y3             0.000         0.000         0.000         0.000         0.000
 X3P1           0.000         0.000         0.000         0.000         0.000
 X2P2           0.000         0.000         0.000         0.000         0.000
 X1P3           0.000         0.000         0.000         0.000         0.000


           THETA
              M3            M4            M5            M6            M7
              ________      ________      ________      ________      ________
 M3             1.217
 M4             0.000         1.359
 M5             0.000         0.000         1.285
 M6             0.000         0.000         0.000         1.227
 M7             0.000         0.000         0.000         0.000         1.150
 M8             0.000         0.000         0.000         0.000         0.000
 M9             0.000         0.000         0.000         0.000         0.000
 M10            0.000         0.000         0.000         0.000         0.000
 M11            0.000         0.000         0.000         0.000         0.000
 M12            0.000         0.000         0.000         0.000         0.000
 Y1             0.000         0.000         0.000         0.000         0.000
 Y2             0.000         0.000         0.000         0.000         0.000
 Y3             0.000         0.000         0.000         0.000         0.000
 X3P1           0.000         0.000         0.000         0.000         0.000
 X2P2           0.000         0.000         0.000         0.000         0.000
 X1P3           0.000         0.000         0.000         0.000         0.000


           THETA
              M8            M9            M10           M11           M12
              ________      ________      ________      ________      ________
 M8             1.347
 M9             0.000         1.167
 M10            0.000         0.000         1.164
 M11            0.000         0.000         0.000         1.063
 M12            0.000         0.000         0.000         0.000         0.900
 Y1             0.000         0.000         0.000         0.000         0.000
 Y2             0.000         0.000         0.000         0.000         0.000
 Y3             0.000         0.000         0.000         0.000         0.000
 X3P1           0.000         0.000         0.000         0.000         0.000
 X2P2           0.000         0.000         0.000         0.000         0.000
 X1P3           0.000         0.000         0.000         0.000         0.000


           THETA
              Y1            Y2            Y3            X3P1          X2P2
              ________      ________      ________      ________      ________
 Y1             0.407
 Y2             0.000         0.401
 Y3             0.000         0.000         0.746
 X3P1           0.000         0.000         0.000         0.110
 X2P2           0.000         0.000         0.000         0.000         0.101
 X1P3           0.000         0.000         0.000         0.000         0.000


           THETA
              X1P3
              ________
 X1P3           0.090


           ALPHA
              X             M             Y             XM
              ________      ________      ________      ________
                0.000         0.000         0.000         0.000


           BETA
              X             M             Y             XM
              ________      ________      ________      ________
 X              0.000         0.000         0.000         0.000
 M              0.000         0.000         0.000         0.000
 Y              0.000         0.000         0.000         0.000
 XM             0.000         0.000         0.000         0.000


           PSI
              X             M             Y             XM
              ________      ________      ________      ________
 X              0.050
 M              0.000         0.050
 Y              0.000         0.000         0.050
 XM             0.000         0.000         0.000         0.050


     STARTING VALUES FOR THE ADDITIONAL PARAMETERS


           New/Additional Parameters
              VAR_Y         STD_B1        STD_B2        STD_B3
              ________      ________      ________      ________
                0.500         0.500         0.500         0.500


RESULTS SAVING INFORMATION

  Order of data

    Parameter estimates
     (saved in order shown in Technical 1 output)
    Standard errors
     (saved in order shown in Technical 1 output)
    Number of Free Parameters
    H0 Loglikelihood
    H0 Scaling Correction Factor for MLR
    H1 Loglikelihood
    H1 Scaling Correction Factor for MLR
    Akaike (AIC)
    Bayesian (BIC)
    Sample-Size Adjusted BIC
    Chi-square : Value
    Chi-square : Degrees of Freedom
    Chi-square : P-Value
    Chi-square : Scaling Correction Factor for MLR/MLM/WLSM
    CFI
    TLI
    RMSEA : Estimate
    RMSEA : Low CI
    RMSEA : High CI
    RMSEA : Probability
    SRMR
    Condition Number

  Save file
    parcelupi_results_820.dat

  Save file format           Free


     Beginning Time:  15:45:07
        Ending Time:  15:45:09
       Elapsed Time:  00:00:02



MUTHEN & MUTHEN
3463 Stoner Ave.
Los Angeles, CA  90066

Tel: (310) 391-9971
Fax: (310) 391-8971
Web: www.StatModel.com
Support: Support@StatModel.com

Copyright (c) 1998-2022 Muthen & Muthen
