Mplus VERSION 8.8 (Mac)
MUTHEN & MUTHEN
07/27/2025   9:46 PM

INPUT INSTRUCTIONS


    TITLE: Parceling Unconstrained Product Indicator

    DATA:
      FILE = parcelupi_simdat_1201.dat;
      FORMAT IS FREE;

    VARIABLE:
      NAMES = x1 x2 x3
      	    m1 m2 m3 m4 m5 m6
      	    m7 m8 m9 m10 m11 m12
      	    y1 y2 y3
      	    p1 p2 p3
      	    x3p1 x2p2 x1p3;
      USEVARIABLES = x1 x2 x3
      	    m1 m2 m3 m4 m5 m6
      	    m7 m8 m9 m10 m11 m12
      	    y1 y2 y3
      	    x3p1 x2p2 x1p3;

    ANALYSIS:
      TYPE = general;
      ESTIMATOR = MLR;
    MODEL:
      !measurement model
      X BY x3 x2 x1;
      X (var_X);
      M BY m12 m11 m10 m9 m8 m7 m6 m5 m4 m3 m2 m1;
      M (var_M);
      Y BY y3 y2 y1;
      Y (resvar_Y);
      XM BY x3p1 x2p2 x1p3;
      XM (var_XM);

      !covariances between predictors
      X WITH M (cov_XM);
      X WITH XM (cov_XXM);
      M WITH XM (cov_MXM);

      !structural model
      Y ON X (b1);
      Y ON M (b2);
      Y ON XM (b3);

    MODEL CONSTRAINT:

      NEW(var_Y std_b1 std_b2 std_b3);
      var_Y = resvar_Y +
       (b1^2 * var_X +
        b2^2 * var_M +
        b3^2 * var_XM +
        2 * b1 * b2 * cov_XM +
        2 * b1 * b3 * cov_XXM +
        2 * b2 * b3 * cov_MXM);

        std_b1 = b1 * sqrt(var_X) / sqrt(var_Y);
        std_b2 = b2 * sqrt(var_M) / sqrt(var_Y);
        std_b3 = b3 * sqrt(var_X) * sqrt(var_M) / sqrt(var_Y);

    OUTPUT:
      sampstat tech1 CINTERVAL;

    SAVEDATA:
      RESULTS = parcelupi_results_1201.dat;




INPUT READING TERMINATED NORMALLY



Parceling Unconstrained Product Indicator

SUMMARY OF ANALYSIS

Number of groups                                                 1
Number of observations                                         250

Number of dependent variables                                   21
Number of independent variables                                  0
Number of continuous latent variables                            4

Observed dependent variables

  Continuous
   X1          X2          X3          M1          M2          M3
   M4          M5          M6          M7          M8          M9
   M10         M11         M12         Y1          Y2          Y3
   X3P1        X2P2        X1P3

Continuous latent variables
   X           M           Y           XM


Estimator                                                      MLR
Information matrix                                        OBSERVED
Maximum number of iterations                                  1000
Convergence criterion                                    0.500D-04
Maximum number of steepest descent iterations                   20

Input data file(s)
  parcelupi_simdat_1201.dat

Input data format  FREE


SAMPLE STATISTICS


     SAMPLE STATISTICS


           Means
              X1            X2            X3            M1            M2
              ________      ________      ________      ________      ________
                0.000         0.000         0.000         0.000         0.000


           Means
              M3            M4            M5            M6            M7
              ________      ________      ________      ________      ________
                0.000         0.000         0.000         0.000         0.000


           Means
              M8            M9            M10           M11           M12
              ________      ________      ________      ________      ________
                0.000         0.000         0.000         0.000         0.000


           Means
              Y1            Y2            Y3            X3P1          X2P2
              ________      ________      ________      ________      ________
                0.635         0.793         1.087         0.000         0.000


           Means
              X1P3
              ________
                0.000


           Covariances
              X1            X2            X3            M1            M2
              ________      ________      ________      ________      ________
 X1             0.249
 X2             0.046         0.250
 X3             0.059         0.108         0.250
 M1            -0.013        -0.010        -0.070         2.756
 M2            -0.050        -0.038         0.074        -0.100         2.628
 M3             0.101         0.076         0.132         0.028         0.248
 M4             0.067         0.006         0.045         0.094         0.028
 M5             0.069         0.064         0.073         0.031         0.060
 M6             0.073         0.101         0.088         0.411         0.121
 M7             0.088         0.072         0.126         0.170         0.268
 M8             0.035         0.048         0.155         0.413         0.180
 M9             0.045         0.148         0.159         0.166         0.108
 M10            0.095        -0.008         0.085         0.007         0.296
 M11            0.018         0.028         0.121         0.323         0.368
 M12            0.029         0.014         0.125         0.181         0.340
 Y1             0.018         0.007         0.042         0.091         0.057
 Y2             0.072         0.051         0.080         0.017         0.142
 Y3             0.072         0.052         0.070         0.103        -0.011
 X3P1          -0.020        -0.012         0.002         0.085         0.028
 X2P2           0.007         0.000        -0.010         0.052         0.055
 X1P3           0.006        -0.010        -0.006         0.093         0.023


           Covariances
              M3            M4            M5            M6            M7
              ________      ________      ________      ________      ________
 M3             2.655
 M4             0.118         2.725
 M5             0.459         0.527         2.558
 M6             0.356         0.152         0.190         2.462
 M7             0.067         0.211         0.152         0.103         2.299
 M8             0.461         0.433         0.370         0.390         0.100
 M9             0.346         0.293         0.272         0.439         0.378
 M10            0.542         0.278         0.421         0.263         0.432
 M11            0.455         0.313         0.242         0.448         0.530
 M12            0.469         0.549         0.313         0.615         0.496
 Y1             0.053         0.026         0.024         0.041        -0.023
 Y2             0.018         0.184         0.134         0.057         0.145
 Y3            -0.054         0.027         0.007         0.267         0.111
 X3P1          -0.068         0.071        -0.080        -0.001        -0.009
 X2P2          -0.086         0.016         0.034         0.028         0.006
 X1P3          -0.005        -0.016        -0.055         0.000         0.073


           Covariances
              M8            M9            M10           M11           M12
              ________      ________      ________      ________      ________
 M8             2.270
 M9             0.696         2.344
 M10            0.727         0.646         2.083
 M11            0.634         0.729         0.716         1.973
 M12            0.807         0.861         0.787         0.974         2.227
 Y1            -0.069         0.219         0.062         0.091         0.165
 Y2            -0.038         0.141         0.112         0.221         0.205
 Y3             0.008         0.350         0.212         0.190         0.309
 X3P1           0.024         0.077         0.023         0.021         0.107
 X2P2           0.020         0.094         0.064         0.011         0.003
 X1P3           0.024         0.053         0.016         0.027         0.023


           Covariances
              Y1            Y2            Y3            X3P1          X2P2
              ________      ________      ________      ________      ________
 Y1             0.701
 Y2             0.367         1.032
 Y3             0.468         0.566         1.096
 X3P1           0.018        -0.006         0.036         0.222
 X2P2           0.016        -0.007         0.025         0.051         0.205
 X1P3          -0.004        -0.018         0.002         0.028         0.044


           Covariances
              X1P3
              ________
 X1P3           0.196


           Correlations
              X1            X2            X3            M1            M2
              ________      ________      ________      ________      ________
 X1             1.000
 X2             0.184         1.000
 X3             0.238         0.432         1.000
 M1            -0.016        -0.012        -0.084         1.000
 M2            -0.062        -0.047         0.091        -0.037         1.000
 M3             0.124         0.093         0.163         0.010         0.094
 M4             0.081         0.007         0.054         0.034         0.011
 M5             0.087         0.080         0.091         0.012         0.023
 M6             0.093         0.129         0.112         0.158         0.047
 M7             0.116         0.094         0.167         0.068         0.109
 M8             0.046         0.064         0.206         0.165         0.074
 M9             0.059         0.193         0.207         0.065         0.044
 M10            0.131        -0.011         0.118         0.003         0.126
 M11            0.026         0.040         0.172         0.138         0.162
 M12            0.039         0.019         0.168         0.073         0.141
 Y1             0.044         0.018         0.100         0.065         0.042
 Y2             0.141         0.101         0.157         0.010         0.086
 Y3             0.138         0.100         0.135         0.059        -0.006
 X3P1          -0.085        -0.050         0.009         0.109         0.036
 X2P2           0.031         0.001        -0.044         0.069         0.075
 X1P3           0.029        -0.044        -0.029         0.126         0.033


           Correlations
              M3            M4            M5            M6            M7
              ________      ________      ________      ________      ________
 M3             1.000
 M4             0.044         1.000
 M5             0.176         0.200         1.000
 M6             0.139         0.059         0.076         1.000
 M7             0.027         0.084         0.063         0.043         1.000
 M8             0.188         0.174         0.153         0.165         0.044
 M9             0.139         0.116         0.111         0.183         0.163
 M10            0.231         0.117         0.182         0.116         0.197
 M11            0.199         0.135         0.108         0.203         0.249
 M12            0.193         0.223         0.131         0.263         0.219
 Y1             0.039         0.019         0.018         0.031        -0.018
 Y2             0.011         0.110         0.082         0.036         0.094
 Y3            -0.031         0.016         0.004         0.163         0.070
 X3P1          -0.089         0.091        -0.106        -0.002        -0.013
 X2P2          -0.117         0.022         0.047         0.039         0.009
 X1P3          -0.008        -0.022        -0.077         0.000         0.109


           Correlations
              M8            M9            M10           M11           M12
              ________      ________      ________      ________      ________
 M8             1.000
 M9             0.302         1.000
 M10            0.334         0.293         1.000
 M11            0.300         0.339         0.353         1.000
 M12            0.359         0.377         0.365         0.465         1.000
 Y1            -0.054         0.171         0.052         0.078         0.132
 Y2            -0.025         0.091         0.076         0.155         0.135
 Y3             0.005         0.219         0.141         0.129         0.198
 X3P1           0.034         0.106         0.034         0.032         0.151
 X2P2           0.030         0.135         0.098         0.017         0.005
 X1P3           0.035         0.078         0.025         0.043         0.035


           Correlations
              Y1            Y2            Y3            X3P1          X2P2
              ________      ________      ________      ________      ________
 Y1             1.000
 Y2             0.432         1.000
 Y3             0.534         0.532         1.000
 X3P1           0.045        -0.012         0.073         1.000
 X2P2           0.042        -0.015         0.053         0.238         1.000
 X1P3          -0.012        -0.040         0.005         0.135         0.219


           Correlations
              X1P3
              ________
 X1P3           1.000


UNIVARIATE SAMPLE STATISTICS


     UNIVARIATE HIGHER-ORDER MOMENT DESCRIPTIVE STATISTICS

         Variable/         Mean/     Skewness/   Minimum/ % with                Percentiles
        Sample Size      Variance    Kurtosis    Maximum  Min/Max      20%/60%    40%/80%    Median

     X1                    0.000       0.144      -0.464   53.60%      -0.464     -0.464     -0.464
             250.000       0.249      -1.979       0.536   46.40%       0.536      0.536
     X2                    0.000       0.016      -0.496   50.40%      -0.496     -0.496     -0.496
             250.000       0.250      -2.000       0.504   49.60%       0.504      0.504
     X3                    0.000       0.064      -0.484   51.60%      -0.484     -0.484     -0.484
             250.000       0.250      -1.996       0.516   48.40%       0.516      0.516
     M1                    0.000       0.015      -2.020   29.60%      -2.020     -1.020     -0.020
             250.000       2.756      -1.646       1.980   33.20%       0.980      1.980
     M2                    0.000      -0.023      -2.004   30.40%      -2.004     -1.004     -0.004
             250.000       2.628      -1.584       1.996   29.20%       0.996      1.996
     M3                    0.000      -0.028      -2.024   30.00%      -2.024     -1.024     -0.024
             250.000       2.655      -1.588       1.976   30.80%       0.976      1.976
     M4                    0.000       0.091      -1.916   32.40%      -1.916     -0.916      0.084
             250.000       2.725      -1.633       2.084   29.20%       1.084      2.084
     M5                    0.000      -0.007      -2.040   26.40%      -2.040     -1.040     -0.040
             250.000       2.558      -1.571       1.960   30.40%       0.960      1.960
     M6                    0.000       0.152      -1.852   30.40%      -1.852     -0.852      0.148
             250.000       2.462      -1.501       2.148   24.40%       0.148      2.148
     M7                    0.000       0.107      -1.888   27.20%      -1.888     -0.888      0.112
             250.000       2.299      -1.438       2.112   22.40%       0.112      2.112
     M8                    0.000       0.033      -1.960   24.80%      -1.960     -0.960      0.040
             250.000       2.270      -1.452       2.040   22.80%       1.040      2.040
     M9                    0.000       0.088      -1.912   27.20%      -1.912     -0.912      0.088
             250.000       2.344      -1.462       2.088   23.60%       0.088      2.088
     M10                   0.000      -0.110      -2.072   21.20%      -2.072     -0.072     -0.072
             250.000       2.083      -1.317       1.928   22.00%       0.928      1.928
     M11                   0.000      -0.022      -2.056   18.40%      -1.056     -0.056     -0.056
             250.000       1.973      -1.253       1.944   22.00%      -0.056      1.944
     M12                   0.000      -0.011      -1.964   25.60%      -1.964     -0.964      0.036
             250.000       2.227      -1.413       2.036   21.60%       1.036      2.036
     Y1                    0.635       0.228      -1.225    0.40%      -0.044      0.423      0.602
             250.000       0.701       0.094       3.246    0.40%       0.798      1.257
     Y2                    0.793       0.139      -1.999    0.40%      -0.067      0.542      0.806
             250.000       1.032      -0.098       3.389    0.40%       0.969      1.635
     Y3                    1.087      -0.156      -2.222    0.40%       0.208      0.872      1.171
             250.000       1.096      -0.007       3.429    0.40%       1.377      1.870
     X3P1                  0.000      -0.035      -1.072    1.20%      -0.450     -0.169     -0.040
             250.000       0.222      -0.670       0.881    1.20%       0.155      0.397
     X2P2                  0.000       0.024      -1.041    0.40%      -0.390     -0.142     -0.033
             250.000       0.205      -0.602       0.975    1.60%       0.106      0.471
     X1P3                  0.000      -0.025      -1.139    0.40%      -0.456     -0.108      0.008
             250.000       0.196      -0.391       1.005    0.80%       0.124      0.356


     THIS ANALYSIS MAY HAVE MULTIPLE SOLUTIONS.  EXPLORE THIS USING RANDOM STARTS,
     FOR EXAMPLE, STARTS = 20.  USE A LARGE ENOUGH NUMBER OF STARTS SO THAT THE
     BEST FIT FUNCTION VALUE IS REPLICATED SEVERAL TIMES.


THE MODEL ESTIMATION TERMINATED NORMALLY

     THE STANDARD ERRORS OF THE MODEL PARAMETER ESTIMATES MAY NOT BE
     TRUSTWORTHY FOR SOME PARAMETERS DUE TO A NON-POSITIVE DEFINITE
     FIRST-ORDER DERIVATIVE PRODUCT MATRIX.  THIS MAY BE DUE TO THE STARTING
     VALUES BUT MAY ALSO BE AN INDICATION OF MODEL NONIDENTIFICATION.  THE
     CONDITION NUMBER IS      -0.961D-17.  PROBLEM INVOLVING THE FOLLOWING PARAMETER:
     Parameter 69, XM (equality/label)

     THIS IS MOST LIKELY DUE TO VARIABLE X1 BEING DICHOTOMOUS BUT
     DECLARED AS CONTINUOUS.




MODEL FIT INFORMATION

Number of Free Parameters                       69

Loglikelihood

          H0 Value                       -7314.584
          H0 Scaling Correction Factor      0.8735
            for MLR
          H1 Value                       -7221.042
          H1 Scaling Correction Factor      0.9604
            for MLR

Information Criteria

          Akaike (AIC)                   14767.168
          Bayesian (BIC)                 15010.149
          Sample-Size Adjusted BIC       14791.413
            (n* = (n + 2) / 24)

Chi-Square Test of Model Fit

          Value                            188.360*
          Degrees of Freedom                   183
          P-Value                           0.3774
          Scaling Correction Factor         0.9932
            for MLR

*   The chi-square value for MLM, MLMV, MLR, ULSMV, WLSM and WLSMV cannot be used
    for chi-square difference testing in the regular way.  MLM, MLR and WLSM
    chi-square difference testing is described on the Mplus website.  MLMV, WLSMV,
    and ULSMV difference testing is done using the DIFFTEST option.

RMSEA (Root Mean Square Error Of Approximation)

          Estimate                           0.011
          90 Percent C.I.                    0.000  0.030
          Probability RMSEA <= .05           1.000

CFI/TLI

          CFI                                0.991
          TLI                                0.990

Chi-Square Test of Model Fit for the Baseline Model

          Value                            796.658
          Degrees of Freedom                   210
          P-Value                           0.0000

SRMR (Standardized Root Mean Square Residual)

          Value                              0.048



MODEL RESULTS

                                                    Two-Tailed
                    Estimate       S.E.  Est./S.E.    P-Value

 X        BY
    X3                 1.000      0.000    999.000    999.000
    X2                 0.616      0.147      4.198      0.000
    X1                 0.361      0.129      2.788      0.005

 M        BY
    M12                1.000      0.000    999.000    999.000
    M11                0.860      0.098      8.779      0.000
    M10                0.763      0.099      7.701      0.000
    M9                 0.807      0.107      7.539      0.000
    M8                 0.749      0.111      6.762      0.000
    M7                 0.445      0.105      4.257      0.000
    M6                 0.498      0.105      4.733      0.000
    M5                 0.372      0.118      3.157      0.002
    M4                 0.417      0.108      3.840      0.000
    M3                 0.490      0.120      4.082      0.000
    M2                 0.301      0.114      2.651      0.008
    M1                 0.233      0.119      1.967      0.049

 Y        BY
    Y3                 1.000      0.000    999.000    999.000
    Y2                 0.778      0.099      7.864      0.000
    Y1                 0.635      0.080      7.923      0.000

 XM       BY
    X3P1               1.000      0.000    999.000    999.000
    X2P2               1.358      0.616      2.203      0.028
    X1P3               0.833      0.355      2.350      0.019

 Y        ON
    X                  0.331      0.225      1.471      0.141
    M                  0.162      0.084      1.941      0.052
    XM                 0.233      0.505      0.460      0.645

 X        WITH
    M                  0.148      0.039      3.845      0.000
    XM                -0.005      0.009     -0.572      0.567

 M        WITH
    XM                 0.034      0.037      0.929      0.353

 Intercepts
    X1                 0.000      0.032      0.000      1.000
    X2                 0.000      0.032      0.000      1.000
    X3                 0.000      0.032      0.000      1.000
    M1                 0.000      0.105      0.000      1.000
    M2                 0.000      0.103      0.000      1.000
    M3                 0.000      0.103      0.000      1.000
    M4                 0.000      0.104      0.000      1.000
    M5                 0.000      0.101      0.000      1.000
    M6                 0.000      0.099      0.000      1.000
    M7                 0.000      0.096      0.000      1.000
    M8                 0.000      0.095      0.000      1.000
    M9                 0.000      0.097      0.000      1.000
    M10                0.000      0.091      0.000      1.000
    M11                0.000      0.089      0.000      1.000
    M12                0.000      0.094      0.000      1.000
    Y1                 0.635      0.053     11.992      0.000
    Y2                 0.793      0.064     12.343      0.000
    Y3                 1.087      0.066     16.415      0.000
    X3P1               0.000      0.030      0.000      1.000
    X2P2               0.000      0.029      0.000      1.000
    X1P3               0.000      0.028      0.000      1.000

 Variances
    X                  0.174      0.041      4.288      0.000
    M                  1.081      0.167      6.481      0.000
    XM                 0.037      0.022      1.703      0.089

 Residual Variances
    X1                 0.226      0.013     17.655      0.000
    X2                 0.184      0.020      9.039      0.000
    X3                 0.076      0.041      1.867      0.062
    M1                 2.697      0.111     24.343      0.000
    M2                 2.530      0.119     21.306      0.000
    M3                 2.396      0.141     16.955      0.000
    M4                 2.537      0.133     19.122      0.000
    M5                 2.409      0.129     18.728      0.000
    M6                 2.194      0.136     16.076      0.000
    M7                 2.085      0.123     16.949      0.000
    M8                 1.665      0.151     11.007      0.000
    M9                 1.641      0.155     10.552      0.000
    M10                1.453      0.121     11.968      0.000
    M11                1.174      0.133      8.817      0.000
    M12                1.146      0.147      7.797      0.000
    Y1                 0.405      0.057      7.130      0.000
    Y2                 0.588      0.072      8.181      0.000
    Y3                 0.362      0.084      4.296      0.000
    X3P1               0.185      0.023      8.014      0.000
    X2P2               0.136      0.033      4.138      0.000
    X1P3               0.170      0.020      8.306      0.000
    Y                  0.667      0.113      5.902      0.000

New/Additional Parameters
    VAR_Y              0.734      0.121      6.068      0.000
    STD_B1             0.161      0.101      1.594      0.111
    STD_B2             0.197      0.101      1.952      0.051
    STD_B3             0.118      0.252      0.467      0.641


QUALITY OF NUMERICAL RESULTS

     Condition Number for the Information Matrix              0.469E-04
       (ratio of smallest to largest eigenvalue)


CONFIDENCE INTERVALS OF MODEL RESULTS

                  Lower .5%  Lower 2.5%    Lower 5%    Estimate    Upper 5%  Upper 2.5%   Upper .5%

 X        BY
    X3               1.000       1.000       1.000       1.000       1.000       1.000       1.000
    X2               0.238       0.328       0.374       0.616       0.857       0.903       0.994
    X1               0.027       0.107       0.148       0.361       0.573       0.614       0.694

 M        BY
    M12              1.000       1.000       1.000       1.000       1.000       1.000       1.000
    M11              0.608       0.668       0.699       0.860       1.021       1.052       1.112
    M10              0.508       0.569       0.600       0.763       0.926       0.957       1.018
    M9               0.531       0.597       0.631       0.807       0.983       1.017       1.083
    M8               0.463       0.532       0.566       0.749       0.931       0.966       1.034
    M7               0.176       0.240       0.273       0.445       0.617       0.650       0.714
    M6               0.227       0.292       0.325       0.498       0.671       0.704       0.769
    M5               0.068       0.141       0.178       0.372       0.565       0.602       0.675
    M4               0.137       0.204       0.238       0.417       0.595       0.629       0.696
    M3               0.181       0.255       0.293       0.490       0.687       0.725       0.799
    M2               0.009       0.079       0.114       0.301       0.488       0.524       0.594
    M1              -0.072       0.001       0.038       0.233       0.428       0.466       0.539

 Y        BY
    Y3               1.000       1.000       1.000       1.000       1.000       1.000       1.000
    Y2               0.523       0.584       0.615       0.778       0.941       0.972       1.033
    Y1               0.429       0.478       0.503       0.635       0.767       0.792       0.841

 XM       BY
    X3P1             1.000       1.000       1.000       1.000       1.000       1.000       1.000
    X2P2            -0.230       0.150       0.344       1.358       2.371       2.566       2.945
    X1P3            -0.080       0.138       0.250       0.833       1.417       1.529       1.747

 Y        ON
    X               -0.248      -0.110      -0.039       0.331       0.700       0.771       0.910
    M               -0.053      -0.002       0.025       0.162       0.300       0.326       0.378
    XM              -1.069      -0.758      -0.598       0.233       1.064       1.223       1.534

 X        WITH
    M                0.049       0.073       0.085       0.148       0.212       0.224       0.247
    XM              -0.030      -0.024      -0.021      -0.005       0.010       0.013       0.019

 M        WITH
    XM              -0.060      -0.038      -0.026       0.034       0.094       0.106       0.128

 Intercepts
    X1              -0.081      -0.062      -0.052       0.000       0.052       0.062       0.081
    X2              -0.081      -0.062      -0.052       0.000       0.052       0.062       0.081
    X3              -0.081      -0.062      -0.052       0.000       0.052       0.062       0.081
    M1              -0.270      -0.206      -0.173       0.000       0.173       0.206       0.270
    M2              -0.264      -0.201      -0.169       0.000       0.169       0.201       0.264
    M3              -0.265      -0.202      -0.170       0.000       0.170       0.202       0.265
    M4              -0.269      -0.205      -0.172       0.000       0.172       0.205       0.269
    M5              -0.261      -0.198      -0.166       0.000       0.166       0.198       0.261
    M6              -0.256      -0.195      -0.163       0.000       0.163       0.195       0.256
    M7              -0.247      -0.188      -0.158       0.000       0.158       0.188       0.247
    M8              -0.245      -0.187      -0.157       0.000       0.157       0.187       0.245
    M9              -0.249      -0.190      -0.159       0.000       0.159       0.190       0.249
    M10             -0.235      -0.179      -0.150       0.000       0.150       0.179       0.235
    M11             -0.229      -0.174      -0.146       0.000       0.146       0.174       0.229
    M12             -0.243      -0.185      -0.155       0.000       0.155       0.185       0.243
    Y1               0.499       0.531       0.548       0.635       0.722       0.739       0.771
    Y2               0.628       0.667       0.687       0.793       0.899       0.919       0.959
    Y3               0.916       0.957       0.978       1.087       1.196       1.217       1.258
    X3P1            -0.077      -0.058      -0.049       0.000       0.049       0.058       0.077
    X2P2            -0.074      -0.056      -0.047       0.000       0.047       0.056       0.074
    X1P3            -0.072      -0.055      -0.046       0.000       0.046       0.055       0.072

 Variances
    X                0.070       0.095       0.107       0.174       0.241       0.254       0.279
    M                0.651       0.754       0.806       1.081       1.355       1.407       1.510
    XM              -0.019      -0.006       0.001       0.037       0.073       0.080       0.094

 Residual Variances
    X1               0.193       0.201       0.205       0.226       0.247       0.251       0.259
    X2               0.132       0.144       0.150       0.184       0.217       0.224       0.236
    X3              -0.029      -0.004       0.009       0.076       0.142       0.155       0.180
    M1               2.411       2.480       2.515       2.697       2.879       2.914       2.982
    M2               2.224       2.297       2.335       2.530       2.725       2.763       2.836
    M3               2.032       2.119       2.164       2.396       2.628       2.673       2.760
    M4               2.196       2.277       2.319       2.537       2.756       2.797       2.879
    M5               2.078       2.157       2.198       2.409       2.621       2.661       2.741
    M6               1.843       1.927       1.970       2.194       2.419       2.462       2.546
    M7               1.768       1.844       1.883       2.085       2.288       2.327       2.402
    M8               1.275       1.368       1.416       1.665       1.914       1.961       2.054
    M9               1.240       1.336       1.385       1.641       1.896       1.945       2.041
    M10              1.141       1.215       1.254       1.453       1.653       1.692       1.766
    M11              0.831       0.913       0.955       1.174       1.393       1.435       1.517
    M12              0.767       0.858       0.904       1.146       1.388       1.434       1.525
    Y1               0.258       0.293       0.311       0.405       0.498       0.516       0.551
    Y2               0.403       0.447       0.470       0.588       0.707       0.729       0.773
    Y3               0.145       0.197       0.224       0.362       0.501       0.528       0.580
    X3P1             0.126       0.140       0.147       0.185       0.223       0.230       0.244
    X2P2             0.051       0.072       0.082       0.136       0.190       0.200       0.221
    X1P3             0.117       0.130       0.136       0.170       0.204       0.210       0.223
    Y                0.376       0.445       0.481       0.667       0.853       0.888       0.958

New/Additional Parameters
    VAR_Y            0.422       0.497       0.535       0.734       0.933       0.971       1.046
    STD_B1          -0.099      -0.037      -0.005       0.161       0.327       0.359       0.421
    STD_B2          -0.063      -0.001       0.031       0.197       0.363       0.395       0.457
    STD_B3          -0.532      -0.377      -0.297       0.118       0.533       0.613       0.768


TECHNICAL 1 OUTPUT


     PARAMETER SPECIFICATION


           NU
              X1            X2            X3            M1            M2
              ________      ________      ________      ________      ________
                  1             2             3             4             5


           NU
              M3            M4            M5            M6            M7
              ________      ________      ________      ________      ________
                  6             7             8             9            10


           NU
              M8            M9            M10           M11           M12
              ________      ________      ________      ________      ________
                 11            12            13            14            15


           NU
              Y1            Y2            Y3            X3P1          X2P2
              ________      ________      ________      ________      ________
                 16            17            18            19            20


           NU
              X1P3
              ________
                 21


           LAMBDA
              X             M             Y             XM
              ________      ________      ________      ________
 X1                22             0             0             0
 X2                23             0             0             0
 X3                 0             0             0             0
 M1                 0            24             0             0
 M2                 0            25             0             0
 M3                 0            26             0             0
 M4                 0            27             0             0
 M5                 0            28             0             0
 M6                 0            29             0             0
 M7                 0            30             0             0
 M8                 0            31             0             0
 M9                 0            32             0             0
 M10                0            33             0             0
 M11                0            34             0             0
 M12                0             0             0             0
 Y1                 0             0            35             0
 Y2                 0             0            36             0
 Y3                 0             0             0             0
 X3P1               0             0             0             0
 X2P2               0             0             0            37
 X1P3               0             0             0            38


           THETA
              X1            X2            X3            M1            M2
              ________      ________      ________      ________      ________
 X1                39
 X2                 0            40
 X3                 0             0            41
 M1                 0             0             0            42
 M2                 0             0             0             0            43
 M3                 0             0             0             0             0
 M4                 0             0             0             0             0
 M5                 0             0             0             0             0
 M6                 0             0             0             0             0
 M7                 0             0             0             0             0
 M8                 0             0             0             0             0
 M9                 0             0             0             0             0
 M10                0             0             0             0             0
 M11                0             0             0             0             0
 M12                0             0             0             0             0
 Y1                 0             0             0             0             0
 Y2                 0             0             0             0             0
 Y3                 0             0             0             0             0
 X3P1               0             0             0             0             0
 X2P2               0             0             0             0             0
 X1P3               0             0             0             0             0


           THETA
              M3            M4            M5            M6            M7
              ________      ________      ________      ________      ________
 M3                44
 M4                 0            45
 M5                 0             0            46
 M6                 0             0             0            47
 M7                 0             0             0             0            48
 M8                 0             0             0             0             0
 M9                 0             0             0             0             0
 M10                0             0             0             0             0
 M11                0             0             0             0             0
 M12                0             0             0             0             0
 Y1                 0             0             0             0             0
 Y2                 0             0             0             0             0
 Y3                 0             0             0             0             0
 X3P1               0             0             0             0             0
 X2P2               0             0             0             0             0
 X1P3               0             0             0             0             0


           THETA
              M8            M9            M10           M11           M12
              ________      ________      ________      ________      ________
 M8                49
 M9                 0            50
 M10                0             0            51
 M11                0             0             0            52
 M12                0             0             0             0            53
 Y1                 0             0             0             0             0
 Y2                 0             0             0             0             0
 Y3                 0             0             0             0             0
 X3P1               0             0             0             0             0
 X2P2               0             0             0             0             0
 X1P3               0             0             0             0             0


           THETA
              Y1            Y2            Y3            X3P1          X2P2
              ________      ________      ________      ________      ________
 Y1                54
 Y2                 0            55
 Y3                 0             0            56
 X3P1               0             0             0            57
 X2P2               0             0             0             0            58
 X1P3               0             0             0             0             0


           THETA
              X1P3
              ________
 X1P3              59


           ALPHA
              X             M             Y             XM
              ________      ________      ________      ________
                  0             0             0             0


           BETA
              X             M             Y             XM
              ________      ________      ________      ________
 X                  0             0             0             0
 M                  0             0             0             0
 Y                 60            61             0            62
 XM                 0             0             0             0


           PSI
              X             M             Y             XM
              ________      ________      ________      ________
 X                 63
 M                 64            65
 Y                  0             0            66
 XM                67            68             0            69


     PARAMETER SPECIFICATION FOR THE ADDITIONAL PARAMETERS


           New/Additional Parameters
              VAR_Y         STD_B1        STD_B2        STD_B3
              ________      ________      ________      ________
                   70            71            72            73


     STARTING VALUES


           NU
              X1            X2            X3            M1            M2
              ________      ________      ________      ________      ________
                0.000         0.000         0.000         0.000         0.000


           NU
              M3            M4            M5            M6            M7
              ________      ________      ________      ________      ________
                0.000         0.000         0.000         0.000         0.000


           NU
              M8            M9            M10           M11           M12
              ________      ________      ________      ________      ________
                0.000         0.000         0.000         0.000         0.000


           NU
              Y1            Y2            Y3            X3P1          X2P2
              ________      ________      ________      ________      ________
                0.635         0.793         1.087         0.000         0.000


           NU
              X1P3
              ________
                0.000


           LAMBDA
              X             M             Y             XM
              ________      ________      ________      ________
 X1             0.425         0.000         0.000         0.000
 X2             0.772         0.000         0.000         0.000
 X3             1.000         0.000         0.000         0.000
 M1             0.000         0.758         0.000         0.000
 M2             0.000         0.253         0.000         0.000
 M3             0.000         0.389         0.000         0.000
 M4             0.000         0.377         0.000         0.000
 M5             0.000         0.247         0.000         0.000
 M6             0.000         0.518         0.000         0.000
 M7             0.000         0.141         0.000         0.000
 M8             0.000         0.590         0.000         0.000
 M9             0.000         0.773         0.000         0.000
 M10            0.000         0.740         0.000         0.000
 M11            0.000         0.663         0.000         0.000
 M12            0.000         1.000         0.000         0.000
 Y1             0.000         0.000         0.649         0.000
 Y2             0.000         0.000         0.785         0.000
 Y3             0.000         0.000         1.000         0.000
 X3P1           0.000         0.000         0.000         1.000
 X2P2           0.000         0.000         0.000         1.559
 X1P3           0.000         0.000         0.000         0.863


           THETA
              X1            X2            X3            M1            M2
              ________      ________      ________      ________      ________
 X1             0.124
 X2             0.000         0.125
 X3             0.000         0.000         0.125
 M1             0.000         0.000         0.000         1.378
 M2             0.000         0.000         0.000         0.000         1.314
 M3             0.000         0.000         0.000         0.000         0.000
 M4             0.000         0.000         0.000         0.000         0.000
 M5             0.000         0.000         0.000         0.000         0.000
 M6             0.000         0.000         0.000         0.000         0.000
 M7             0.000         0.000         0.000         0.000         0.000
 M8             0.000         0.000         0.000         0.000         0.000
 M9             0.000         0.000         0.000         0.000         0.000
 M10            0.000         0.000         0.000         0.000         0.000
 M11            0.000         0.000         0.000         0.000         0.000
 M12            0.000         0.000         0.000         0.000         0.000
 Y1             0.000         0.000         0.000         0.000         0.000
 Y2             0.000         0.000         0.000         0.000         0.000
 Y3             0.000         0.000         0.000         0.000         0.000
 X3P1           0.000         0.000         0.000         0.000         0.000
 X2P2           0.000         0.000         0.000         0.000         0.000
 X1P3           0.000         0.000         0.000         0.000         0.000


           THETA
              M3            M4            M5            M6            M7
              ________      ________      ________      ________      ________
 M3             1.328
 M4             0.000         1.362
 M5             0.000         0.000         1.279
 M6             0.000         0.000         0.000         1.231
 M7             0.000         0.000         0.000         0.000         1.150
 M8             0.000         0.000         0.000         0.000         0.000
 M9             0.000         0.000         0.000         0.000         0.000
 M10            0.000         0.000         0.000         0.000         0.000
 M11            0.000         0.000         0.000         0.000         0.000
 M12            0.000         0.000         0.000         0.000         0.000
 Y1             0.000         0.000         0.000         0.000         0.000
 Y2             0.000         0.000         0.000         0.000         0.000
 Y3             0.000         0.000         0.000         0.000         0.000
 X3P1           0.000         0.000         0.000         0.000         0.000
 X2P2           0.000         0.000         0.000         0.000         0.000
 X1P3           0.000         0.000         0.000         0.000         0.000


           THETA
              M8            M9            M10           M11           M12
              ________      ________      ________      ________      ________
 M8             1.135
 M9             0.000         1.172
 M10            0.000         0.000         1.041
 M11            0.000         0.000         0.000         0.986
 M12            0.000         0.000         0.000         0.000         1.113
 Y1             0.000         0.000         0.000         0.000         0.000
 Y2             0.000         0.000         0.000         0.000         0.000
 Y3             0.000         0.000         0.000         0.000         0.000
 X3P1           0.000         0.000         0.000         0.000         0.000
 X2P2           0.000         0.000         0.000         0.000         0.000
 X1P3           0.000         0.000         0.000         0.000         0.000


           THETA
              Y1            Y2            Y3            X3P1          X2P2
              ________      ________      ________      ________      ________
 Y1             0.350
 Y2             0.000         0.516
 Y3             0.000         0.000         0.548
 X3P1           0.000         0.000         0.000         0.111
 X2P2           0.000         0.000         0.000         0.000         0.102
 X1P3           0.000         0.000         0.000         0.000         0.000


           THETA
              X1P3
              ________
 X1P3           0.098


           ALPHA
              X             M             Y             XM
              ________      ________      ________      ________
                0.000         0.000         0.000         0.000


           BETA
              X             M             Y             XM
              ________      ________      ________      ________
 X              0.000         0.000         0.000         0.000
 M              0.000         0.000         0.000         0.000
 Y              0.000         0.000         0.000         0.000
 XM             0.000         0.000         0.000         0.000


           PSI
              X             M             Y             XM
              ________      ________      ________      ________
 X              0.050
 M              0.000         0.050
 Y              0.000         0.000         0.050
 XM             0.000         0.000         0.000         0.050


     STARTING VALUES FOR THE ADDITIONAL PARAMETERS


           New/Additional Parameters
              VAR_Y         STD_B1        STD_B2        STD_B3
              ________      ________      ________      ________
                0.500         0.500         0.500         0.500


RESULTS SAVING INFORMATION

  Order of data

    Parameter estimates
     (saved in order shown in Technical 1 output)
    Standard errors
     (saved in order shown in Technical 1 output)
    Number of Free Parameters
    H0 Loglikelihood
    H0 Scaling Correction Factor for MLR
    H1 Loglikelihood
    H1 Scaling Correction Factor for MLR
    Akaike (AIC)
    Bayesian (BIC)
    Sample-Size Adjusted BIC
    Chi-square : Value
    Chi-square : Degrees of Freedom
    Chi-square : P-Value
    Chi-square : Scaling Correction Factor for MLR/MLM/WLSM
    CFI
    TLI
    RMSEA : Estimate
    RMSEA : Low CI
    RMSEA : High CI
    RMSEA : Probability
    SRMR
    Condition Number

  Save file
    parcelupi_results_1201.dat

  Save file format           Free


     Beginning Time:  21:46:12
        Ending Time:  21:46:13
       Elapsed Time:  00:00:01



MUTHEN & MUTHEN
3463 Stoner Ave.
Los Angeles, CA  90066

Tel: (310) 391-9971
Fax: (310) 391-8971
Web: www.StatModel.com
Support: Support@StatModel.com

Copyright (c) 1998-2022 Muthen & Muthen
