Mplus VERSION 8.8 (Mac)
MUTHEN & MUTHEN
07/27/2025   6:04 PM

INPUT INSTRUCTIONS


    TITLE: Parceling Unconstrained Product Indicator

    DATA:
      FILE = parcelupi_simdat_1700.dat;
      FORMAT IS FREE;

    VARIABLE:
      NAMES = x1 x2 x3
      	    m1 m2 m3 m4 m5 m6
      	    m7 m8 m9 m10 m11 m12
      	    y1 y2 y3
      	    p1 p2 p3
      	    x3p1 x2p2 x1p3;
      USEVARIABLES = x1 x2 x3
      	    m1 m2 m3 m4 m5 m6
      	    m7 m8 m9 m10 m11 m12
      	    y1 y2 y3
      	    x3p1 x2p2 x1p3;

    ANALYSIS:
      TYPE = general;
      ESTIMATOR = MLR;
    MODEL:
      !measurement model
      X BY x3 x2 x1;
      X (var_X);
      M BY m12 m11 m10 m9 m8 m7 m6 m5 m4 m3 m2 m1;
      M (var_M);
      Y BY y3 y2 y1;
      Y (resvar_Y);
      XM BY x3p1 x2p2 x1p3;
      XM (var_XM);

      !covariances between predictors
      X WITH M (cov_XM);
      X WITH XM (cov_XXM);
      M WITH XM (cov_MXM);

      !structural model
      Y ON X (b1);
      Y ON M (b2);
      Y ON XM (b3);

    MODEL CONSTRAINT:

      NEW(var_Y std_b1 std_b2 std_b3);
      var_Y = resvar_Y +
       (b1^2 * var_X +
        b2^2 * var_M +
        b3^2 * var_XM +
        2 * b1 * b2 * cov_XM +
        2 * b1 * b3 * cov_XXM +
        2 * b2 * b3 * cov_MXM);

        std_b1 = b1 * sqrt(var_X) / sqrt(var_Y);
        std_b2 = b2 * sqrt(var_M) / sqrt(var_Y);
        std_b3 = b3 * sqrt(var_X) * sqrt(var_M) / sqrt(var_Y);

    OUTPUT:
      sampstat tech1 CINTERVAL;

    SAVEDATA:
      RESULTS = parcelupi_results_1700.dat;




INPUT READING TERMINATED NORMALLY



Parceling Unconstrained Product Indicator

SUMMARY OF ANALYSIS

Number of groups                                                 1
Number of observations                                         100

Number of dependent variables                                   21
Number of independent variables                                  0
Number of continuous latent variables                            4

Observed dependent variables

  Continuous
   X1          X2          X3          M1          M2          M3
   M4          M5          M6          M7          M8          M9
   M10         M11         M12         Y1          Y2          Y3
   X3P1        X2P2        X1P3

Continuous latent variables
   X           M           Y           XM


Estimator                                                      MLR
Information matrix                                        OBSERVED
Maximum number of iterations                                  1000
Convergence criterion                                    0.500D-04
Maximum number of steepest descent iterations                   20

Input data file(s)
  parcelupi_simdat_1700.dat

Input data format  FREE


SAMPLE STATISTICS


     SAMPLE STATISTICS


           Means
              X1            X2            X3            M1            M2
              ________      ________      ________      ________      ________
                0.000         0.000         0.000         0.000         0.000


           Means
              M3            M4            M5            M6            M7
              ________      ________      ________      ________      ________
                0.000         0.000         0.000         0.000         0.000


           Means
              M8            M9            M10           M11           M12
              ________      ________      ________      ________      ________
                0.000         0.000         0.000         0.000         0.000


           Means
              Y1            Y2            Y3            X3P1          X2P2
              ________      ________      ________      ________      ________
                0.573         0.916         1.088         0.000         0.000


           Means
              X1P3
              ________
                0.000


           Covariances
              X1            X2            X3            M1            M2
              ________      ________      ________      ________      ________
 X1             0.248
 X2             0.056         0.250
 X3             0.079         0.085         0.250
 M1             0.050        -0.007         0.086         2.722
 M2             0.099         0.010        -0.042         0.636         2.537
 M3             0.007        -0.085         0.047         0.313         0.290
 M4             0.051        -0.010         0.040         0.258         0.105
 M5            -0.012        -0.055         0.048        -0.198         0.175
 M6             0.086         0.038         0.023         0.285         0.246
 M7             0.032         0.012         0.006         0.298         0.375
 M8             0.114        -0.038         0.049        -0.079         0.382
 M9             0.034         0.022         0.129         0.051         0.102
 M10            0.117         0.097         0.261         0.057         0.062
 M11            0.029         0.050         0.040         0.442         0.105
 M12            0.076         0.058         0.101         0.139        -0.002
 Y1             0.039         0.059         0.115         0.345         0.069
 Y2             0.071         0.098         0.139         0.375         0.062
 Y3             0.108         0.116         0.187         0.208        -0.022
 X3P1          -0.024        -0.018         0.002         0.003        -0.029
 X2P2          -0.021         0.000         0.001         0.063         0.028
 X1P3           0.006        -0.014        -0.003         0.066         0.005


           Covariances
              M3            M4            M5            M6            M7
              ________      ________      ________      ________      ________
 M3             2.372
 M4             0.095         2.520
 M5             0.378         0.495         2.642
 M6            -0.204         0.193         0.239         2.281
 M7             0.524         0.527         0.631         0.002         2.273
 M8             0.199         0.242         0.171         0.380         0.316
 M9             0.249         0.522         0.411         0.350         0.806
 M10           -0.034         0.377         0.594         0.424         0.792
 M11            0.385         0.340         0.525         0.237         0.723
 M12            0.251         0.328         0.359         0.420         0.904
 Y1             0.046         0.172         0.207        -0.039         0.361
 Y2             0.045         0.299         0.232         0.020         0.323
 Y3            -0.061         0.172         0.127        -0.067         0.153
 X3P1           0.077         0.015        -0.045        -0.089        -0.027
 X2P2          -0.023        -0.021        -0.016        -0.031        -0.092
 X1P3          -0.020         0.062        -0.090        -0.021         0.019


           Covariances
              M8            M9            M10           M11           M12
              ________      ________      ________      ________      ________
 M8             2.386
 M9             0.626         2.146
 M10            0.227         0.617         2.360
 M11            0.628         0.678         0.593         2.180
 M12            0.764         0.884         0.843         0.962         2.166
 Y1             0.036         0.307         0.480         0.346         0.266
 Y2             0.123         0.230         0.366         0.185         0.247
 Y3             0.268         0.183         0.385         0.242         0.061
 X3P1          -0.039        -0.088        -0.036        -0.018        -0.058
 X2P2          -0.092        -0.011         0.024         0.022         0.018
 X1P3          -0.036        -0.053        -0.017        -0.043        -0.002


           Covariances
              Y1            Y2            Y3            X3P1          X2P2
              ________      ________      ________      ________      ________
 Y1             0.763
 Y2             0.554         0.996
 Y3             0.587         0.754         1.236
 X3P1          -0.049        -0.019        -0.053         0.209
 X2P2           0.024        -0.003        -0.029         0.024         0.215
 X1P3           0.073         0.046         0.019         0.017         0.023


           Covariances
              X1P3
              ________
 X1P3           0.186


           Correlations
              X1            X2            X3            M1            M2
              ________      ________      ________      ________      ________
 X1             1.000
 X2             0.225         1.000
 X3             0.320         0.341         1.000
 M1             0.060        -0.008         0.104         1.000
 M2             0.124         0.012        -0.053         0.242         1.000
 M3             0.009        -0.110         0.062         0.123         0.118
 M4             0.065        -0.013         0.051         0.099         0.041
 M5            -0.015        -0.068         0.059        -0.074         0.068
 M6             0.115         0.051         0.031         0.114         0.102
 M7             0.042         0.016         0.008         0.120         0.156
 M8             0.148        -0.049         0.063        -0.031         0.155
 M9             0.047         0.031         0.176         0.021         0.044
 M10            0.153         0.127         0.340         0.023         0.025
 M11            0.039         0.068         0.054         0.181         0.045
 M12            0.104         0.078         0.138         0.057        -0.001
 Y1             0.090         0.136         0.263         0.239         0.050
 Y2             0.143         0.197         0.278         0.228         0.039
 Y3             0.195         0.209         0.337         0.113        -0.012
 X3P1          -0.106        -0.080         0.008         0.003        -0.040
 X2P2          -0.090         0.001         0.005         0.082         0.038
 X1P3           0.028        -0.067        -0.015         0.093         0.008


           Correlations
              M3            M4            M5            M6            M7
              ________      ________      ________      ________      ________
 M3             1.000
 M4             0.039         1.000
 M5             0.151         0.192         1.000
 M6            -0.088         0.081         0.097         1.000
 M7             0.226         0.220         0.258         0.001         1.000
 M8             0.084         0.099         0.068         0.163         0.136
 M9             0.110         0.225         0.173         0.158         0.365
 M10           -0.014         0.155         0.238         0.183         0.342
 M11            0.169         0.145         0.219         0.106         0.325
 M12            0.111         0.140         0.150         0.189         0.408
 Y1             0.034         0.124         0.146        -0.030         0.274
 Y2             0.029         0.189         0.143         0.013         0.215
 Y3            -0.036         0.097         0.070        -0.040         0.091
 X3P1           0.109         0.021        -0.060        -0.128        -0.039
 X2P2          -0.033        -0.029        -0.021        -0.044        -0.132
 X1P3          -0.031         0.091        -0.128        -0.032         0.030


           Correlations
              M8            M9            M10           M11           M12
              ________      ________      ________      ________      ________
 M8             1.000
 M9             0.277         1.000
 M10            0.096         0.274         1.000
 M11            0.275         0.313         0.261         1.000
 M12            0.336         0.410         0.373         0.443         1.000
 Y1             0.027         0.240         0.357         0.269         0.207
 Y2             0.080         0.157         0.239         0.126         0.168
 Y3             0.156         0.112         0.226         0.147         0.037
 X3P1          -0.056        -0.131        -0.051        -0.027        -0.087
 X2P2          -0.129        -0.016         0.034         0.031         0.027
 X1P3          -0.055        -0.085        -0.026        -0.068        -0.003


           Correlations
              Y1            Y2            Y3            X3P1          X2P2
              ________      ________      ________      ________      ________
 Y1             1.000
 Y2             0.635         1.000
 Y3             0.604         0.679         1.000
 X3P1          -0.123        -0.042        -0.104         1.000
 X2P2           0.058        -0.006        -0.056         0.114         1.000
 X1P3           0.193         0.108         0.039         0.088         0.118


           Correlations
              X1P3
              ________
 X1P3           1.000


UNIVARIATE SAMPLE STATISTICS


     UNIVARIATE HIGHER-ORDER MOMENT DESCRIPTIVE STATISTICS

         Variable/         Mean/     Skewness/   Minimum/ % with                Percentiles
        Sample Size      Variance    Kurtosis    Maximum  Min/Max      20%/60%    40%/80%    Median

     X1                    0.000       0.201      -0.450   55.00%      -0.450     -0.450     -0.450
             100.000       0.247      -1.960       0.550   45.00%       0.550      0.550
     X2                    0.000      -0.080      -0.520   48.00%      -0.520     -0.520      0.480
             100.000       0.250      -1.994       0.480   52.00%       0.480      0.480
     X3                    0.000       0.040      -0.490   51.00%      -0.490     -0.490     -0.490
             100.000       0.250      -1.998       0.510   49.00%       0.510      0.510
     M1                    0.000      -0.077      -2.090   29.00%      -2.090     -1.090     -0.090
             100.000       2.722      -1.612       1.910   34.00%       0.910      1.910
     M2                    0.000      -0.328      -2.270   25.00%      -2.270     -0.270      0.730
             100.000       2.537      -1.464       1.730   33.00%       0.730      1.730
     M3                    0.000       0.227      -1.740   33.00%      -1.740     -0.740      0.260
             100.000       2.372      -1.455       2.260   20.00%       0.260      1.260
     M4                    0.000      -0.003      -2.020   27.00%      -2.020     -1.020     -0.020
             100.000       2.520      -1.545       1.980   29.00%       0.980      1.980
     M5                    0.000       0.251      -1.760   36.00%      -1.760     -0.760      0.240
             100.000       2.642      -1.531       2.240   26.00%       0.240      2.240
     M6                    0.000       0.168      -1.830   28.00%      -1.830     -0.830      0.170
             100.000       2.281      -1.427       2.170   21.00%       0.170      2.170
     M7                    0.000      -0.116      -2.130   22.00%      -2.130     -0.130     -0.130
             100.000       2.273      -1.400       1.870   28.00%       0.870      1.870
     M8                    0.000       0.087      -1.880   30.00%      -1.880     -0.880      0.120
             100.000       2.386      -1.470       2.120   23.00%       0.120      2.120
     M9                    0.000       0.036      -1.880   27.00%      -1.880     -0.880      0.120
             100.000       2.146      -1.386       2.120   18.00%       0.120      1.120
     M10                   0.000      -0.153      -2.140   23.00%      -2.140     -0.140     -0.140
             100.000       2.360      -1.469       1.860   28.00%       0.860      1.860
     M11                   0.000      -0.022      -1.980   24.00%      -1.980     -0.980      0.020
             100.000       2.180      -1.407       2.020   21.00%       1.020      2.020
     M12                   0.000      -0.076      -2.120   18.00%      -1.120     -1.120     -0.120
             100.000       2.166      -1.450       1.880   25.00%       0.880      1.880
     Y1                    0.573      -0.053      -1.875    1.00%      -0.263      0.364      0.636
             100.000       0.763       0.021       2.843    1.00%       0.830      1.221
     Y2                    0.916       0.377      -1.321    1.00%       0.157      0.581      0.829
             100.000       0.996       0.336       3.976    1.00%       1.095      1.700
     Y3                    1.088      -0.051      -1.818    1.00%       0.200      0.676      1.138
             100.000       1.236      -0.379       3.363    1.00%       1.358      2.036
     X3P1                  0.000       0.079      -0.933    1.00%      -0.486     -0.198      0.024
             100.000       0.209      -1.090       0.917    1.00%       0.169      0.407
     X2P2                  0.000      -0.225      -1.046    1.00%      -0.396     -0.136      0.021
             100.000       0.215      -0.619       0.904    1.00%       0.141      0.384
     X1P3                  0.000      -0.153      -1.139    1.00%      -0.416     -0.176     -0.058
             100.000       0.186      -0.479       0.822    1.00%       0.099      0.374


     THIS ANALYSIS MAY HAVE MULTIPLE SOLUTIONS.  EXPLORE THIS USING RANDOM STARTS,
     FOR EXAMPLE, STARTS = 20.  USE A LARGE ENOUGH NUMBER OF STARTS SO THAT THE
     BEST FIT FUNCTION VALUE IS REPLICATED SEVERAL TIMES.


THE MODEL ESTIMATION TERMINATED NORMALLY

     THE STANDARD ERRORS OF THE MODEL PARAMETER ESTIMATES MAY NOT BE
     TRUSTWORTHY FOR SOME PARAMETERS DUE TO A NON-POSITIVE DEFINITE
     FIRST-ORDER DERIVATIVE PRODUCT MATRIX.  THIS MAY BE DUE TO THE STARTING
     VALUES BUT MAY ALSO BE AN INDICATION OF MODEL NONIDENTIFICATION.  THE
     CONDITION NUMBER IS      -0.150D-18.  PROBLEM INVOLVING THE FOLLOWING PARAMETER:
     Parameter 40, X2

     THIS IS MOST LIKELY DUE TO VARIABLE X1 BEING DICHOTOMOUS BUT
     DECLARED AS CONTINUOUS.




MODEL FIT INFORMATION

Number of Free Parameters                       69

Loglikelihood

          H0 Value                       -2896.428
          H0 Scaling Correction Factor      0.9058
            for MLR
          H1 Value                       -2825.063
          H1 Scaling Correction Factor      0.9657
            for MLR

Information Criteria

          Akaike (AIC)                    5930.856
          Bayesian (BIC)                  6110.613
          Sample-Size Adjusted BIC        5892.693
            (n* = (n + 2) / 24)

Chi-Square Test of Model Fit

          Value                            144.411*
          Degrees of Freedom                   183
          P-Value                           0.9840
          Scaling Correction Factor         0.9884
            for MLR

*   The chi-square value for MLM, MLMV, MLR, ULSMV, WLSM and WLSMV cannot be used
    for chi-square difference testing in the regular way.  MLM, MLR and WLSM
    chi-square difference testing is described on the Mplus website.  MLMV, WLSMV,
    and ULSMV difference testing is done using the DIFFTEST option.

RMSEA (Root Mean Square Error Of Approximation)

          Estimate                           0.000
          90 Percent C.I.                    0.000  0.000
          Probability RMSEA <= .05           1.000

CFI/TLI

          CFI                                1.000
          TLI                                1.000

Chi-Square Test of Model Fit for the Baseline Model

          Value                            436.313
          Degrees of Freedom                   210
          P-Value                           0.0000

SRMR (Standardized Root Mean Square Residual)

          Value                              0.064



MODEL RESULTS

                                                    Two-Tailed
                    Estimate       S.E.  Est./S.E.    P-Value

 X        BY
    X3                 1.000      0.000    999.000    999.000
    X2                 0.634      0.227      2.797      0.005
    X1                 0.581      0.204      2.848      0.004

 M        BY
    M12                1.000      0.000    999.000    999.000
    M11                0.868      0.156      5.580      0.000
    M10                0.805      0.170      4.735      0.000
    M9                 0.861      0.152      5.665      0.000
    M8                 0.596      0.182      3.275      0.001
    M7                 0.901      0.186      4.835      0.000
    M6                 0.331      0.177      1.873      0.061
    M5                 0.557      0.220      2.532      0.011
    M4                 0.484      0.201      2.408      0.016
    M3                 0.319      0.203      1.567      0.117
    M2                 0.203      0.209      0.969      0.333
    M1                 0.253      0.224      1.128      0.259

 Y        BY
    Y3                 1.000      0.000    999.000    999.000
    Y2                 0.946      0.141      6.684      0.000
    Y1                 0.759      0.120      6.317      0.000

 XM       BY
    X3P1               1.000      0.000    999.000    999.000
    X2P2               1.371      1.811      0.757      0.449
    X1P3               5.732     29.424      0.195      0.846

 Y        ON
    X                  0.989      0.455      2.174      0.030
    M                  0.244      0.148      1.653      0.098
    XM                 3.294      6.506      0.506      0.613

 X        WITH
    M                  0.101      0.064      1.578      0.115
    XM                -0.001      0.008     -0.126      0.900

 M        WITH
    XM                -0.005      0.037     -0.126      0.900

 Intercepts
    X1                 0.000      0.050      0.000      1.000
    X2                 0.000      0.050      0.000      1.000
    X3                 0.000      0.050      0.000      1.000
    M1                 0.000      0.165      0.000      1.000
    M2                 0.000      0.159      0.000      1.000
    M3                 0.000      0.154      0.000      1.000
    M4                 0.000      0.159      0.000      1.000
    M5                 0.000      0.163      0.000      1.000
    M6                 0.000      0.151      0.000      1.000
    M7                 0.000      0.151      0.000      1.000
    M8                 0.000      0.154      0.000      1.000
    M9                 0.000      0.146      0.000      1.000
    M10                0.000      0.154      0.000      1.000
    M11                0.000      0.148      0.000      1.000
    M12                0.000      0.147      0.000      1.000
    Y1                 0.573      0.087      6.562      0.000
    Y2                 0.916      0.100      9.178      0.000
    Y3                 1.088      0.111      9.785      0.000
    X3P1               0.000      0.046      0.000      1.000
    X2P2               0.000      0.046      0.000      1.000
    X1P3               0.000      0.043      0.000      1.000

 Variances
    X                  0.137      0.046      2.963      0.003
    M                  0.996      0.261      3.814      0.000
    XM                 0.003      0.019      0.164      0.869

 Residual Variances
    X1                 0.201      0.026      7.824      0.000
    X2                 0.195      0.029      6.775      0.000
    X3                 0.113      0.046      2.438      0.015
    M1                 2.658      0.192     13.840      0.000
    M2                 2.496      0.201     12.388      0.000
    M3                 2.271      0.216     10.516      0.000
    M4                 2.286      0.214     10.702      0.000
    M5                 2.333      0.239      9.781      0.000
    M6                 2.172      0.189     11.491      0.000
    M7                 1.464      0.244      5.996      0.000
    M8                 2.032      0.232      8.746      0.000
    M9                 1.407      0.213      6.607      0.000
    M10                1.715      0.227      7.556      0.000
    M11                1.429      0.185      7.717      0.000
    M12                1.169      0.211      5.536      0.000
    Y1                 0.313      0.057      5.449      0.000
    Y2                 0.296      0.102      2.895      0.004
    Y3                 0.453      0.108      4.181      0.000
    X3P1               0.206      0.030      6.961      0.000
    X2P2               0.209      0.041      5.086      0.000
    X1P3               0.083      0.449      0.185      0.853
    Y                  0.520      0.185      2.809      0.005

New/Additional Parameters
    VAR_Y              0.783      0.196      3.994      0.000
    STD_B1             0.414      0.136      3.047      0.002
    STD_B2             0.276      0.160      1.723      0.085
    STD_B3             1.376      2.785      0.494      0.621


QUALITY OF NUMERICAL RESULTS

     Condition Number for the Information Matrix              0.145E-07
       (ratio of smallest to largest eigenvalue)


CONFIDENCE INTERVALS OF MODEL RESULTS

                  Lower .5%  Lower 2.5%    Lower 5%    Estimate    Upper 5%  Upper 2.5%   Upper .5%

 X        BY
    X3               1.000       1.000       1.000       1.000       1.000       1.000       1.000
    X2               0.050       0.190       0.261       0.634       1.007       1.078       1.218
    X1               0.056       0.181       0.245       0.581       0.917       0.981       1.107

 M        BY
    M12              1.000       1.000       1.000       1.000       1.000       1.000       1.000
    M11              0.467       0.563       0.612       0.868       1.124       1.173       1.269
    M10              0.367       0.472       0.525       0.805       1.085       1.138       1.243
    M9               0.469       0.563       0.611       0.861       1.111       1.159       1.252
    M8               0.127       0.239       0.297       0.596       0.895       0.953       1.065
    M7               0.421       0.536       0.595       0.901       1.208       1.267       1.382
    M6              -0.124      -0.015       0.040       0.331       0.623       0.678       0.787
    M5              -0.010       0.126       0.195       0.557       0.919       0.988       1.124
    M4              -0.034       0.090       0.154       0.484       0.815       0.879       1.002
    M3              -0.205      -0.080      -0.016       0.319       0.653       0.718       0.843
    M2              -0.337      -0.208      -0.142       0.203       0.547       0.613       0.742
    M1              -0.324      -0.186      -0.116       0.253       0.621       0.692       0.830

 Y        BY
    Y3               1.000       1.000       1.000       1.000       1.000       1.000       1.000
    Y2               0.581       0.668       0.713       0.946       1.178       1.223       1.310
    Y1               0.449       0.523       0.561       0.759       0.956       0.994       1.068

 XM       BY
    X3P1             1.000       1.000       1.000       1.000       1.000       1.000       1.000
    X2P2            -3.295      -2.179      -1.609       1.371       4.351       4.921       6.037
    X1P3           -70.059     -51.940     -42.671       5.732      54.135      63.403      81.523

 Y        ON
    X               -0.182       0.098       0.241       0.989       1.737       1.880       2.160
    M               -0.137      -0.045       0.001       0.244       0.488       0.534       0.626
    XM             -13.464      -9.457      -7.408       3.294      13.996      16.045      20.051

 X        WITH
    M               -0.064      -0.024      -0.004       0.101       0.207       0.227       0.266
    XM              -0.020      -0.016      -0.013      -0.001       0.011       0.014       0.018

 M        WITH
    XM              -0.099      -0.077      -0.065      -0.005       0.056       0.067       0.090

 Intercepts
    X1              -0.128      -0.098      -0.082       0.000       0.082       0.098       0.128
    X2              -0.129      -0.098      -0.082       0.000       0.082       0.098       0.129
    X3              -0.129      -0.098      -0.082       0.000       0.082       0.098       0.129
    M1              -0.425      -0.323      -0.271       0.000       0.271       0.323       0.425
    M2              -0.410      -0.312      -0.262       0.000       0.262       0.312       0.410
    M3              -0.397      -0.302      -0.253       0.000       0.253       0.302       0.397
    M4              -0.409      -0.311      -0.261       0.000       0.261       0.311       0.409
    M5              -0.419      -0.319      -0.267       0.000       0.267       0.319       0.419
    M6              -0.389      -0.296      -0.248       0.000       0.248       0.296       0.389
    M7              -0.388      -0.296      -0.248       0.000       0.248       0.296       0.388
    M8              -0.398      -0.303      -0.254       0.000       0.254       0.303       0.398
    M9              -0.377      -0.287      -0.241       0.000       0.241       0.287       0.377
    M10             -0.396      -0.301      -0.253       0.000       0.253       0.301       0.396
    M11             -0.380      -0.289      -0.243       0.000       0.243       0.289       0.380
    M12             -0.379      -0.288      -0.242       0.000       0.242       0.288       0.379
    Y1               0.348       0.402       0.429       0.573       0.717       0.744       0.798
    Y2               0.659       0.720       0.752       0.916       1.080       1.111       1.173
    Y3               0.801       0.870       0.905       1.088       1.271       1.306       1.374
    X3P1            -0.118      -0.090      -0.075       0.000       0.075       0.090       0.118
    X2P2            -0.119      -0.091      -0.076       0.000       0.076       0.091       0.119
    X1P3            -0.111      -0.084      -0.071       0.000       0.071       0.084       0.111

 Variances
    X                0.018       0.046       0.061       0.137       0.213       0.228       0.256
    M                0.324       0.484       0.567       0.996       1.426       1.508       1.669
    XM              -0.046      -0.034      -0.028       0.003       0.034       0.040       0.052

 Residual Variances
    X1               0.135       0.151       0.159       0.201       0.244       0.252       0.267
    X2               0.121       0.138       0.147       0.195       0.242       0.251       0.268
    X3              -0.006       0.022       0.037       0.113       0.189       0.204       0.232
    M1               2.163       2.282       2.342       2.658       2.974       3.035       3.153
    M2               1.977       2.101       2.165       2.496       2.828       2.891       3.015
    M3               1.715       1.848       1.916       2.271       2.626       2.694       2.827
    M4               1.736       1.867       1.934       2.286       2.637       2.704       2.836
    M5               1.719       1.866       1.941       2.333       2.726       2.801       2.948
    M6               1.685       1.801       1.861       2.172       2.482       2.542       2.658
    M7               0.835       0.985       1.062       1.464       1.865       1.942       2.092
    M8               1.433       1.576       1.649       2.032       2.414       2.487       2.630
    M9               0.859       0.990       1.057       1.407       1.758       1.825       1.956
    M10              1.130       1.270       1.341       1.715       2.088       2.160       2.299
    M11              0.952       1.066       1.124       1.429       1.733       1.792       1.906
    M12              0.625       0.755       0.822       1.169       1.517       1.583       1.713
    Y1               0.165       0.200       0.218       0.313       0.407       0.425       0.460
    Y2               0.033       0.096       0.128       0.296       0.464       0.497       0.560
    Y3               0.174       0.241       0.275       0.453       0.632       0.666       0.733
    X3P1             0.130       0.148       0.157       0.206       0.254       0.264       0.282
    X2P2             0.103       0.128       0.141       0.209       0.276       0.289       0.314
    X1P3            -1.074      -0.797      -0.656       0.083       0.822       0.963       1.240
    Y                0.043       0.157       0.215       0.520       0.825       0.883       0.997

New/Additional Parameters
    VAR_Y            0.278       0.399       0.460       0.783       1.105       1.167       1.287
    STD_B1           0.064       0.148       0.190       0.414       0.637       0.680       0.763
    STD_B2          -0.137      -0.038       0.012       0.276       0.539       0.590       0.688
    STD_B3          -5.797      -4.083      -3.205       1.376       5.957       6.834       8.549


TECHNICAL 1 OUTPUT


     PARAMETER SPECIFICATION


           NU
              X1            X2            X3            M1            M2
              ________      ________      ________      ________      ________
                  1             2             3             4             5


           NU
              M3            M4            M5            M6            M7
              ________      ________      ________      ________      ________
                  6             7             8             9            10


           NU
              M8            M9            M10           M11           M12
              ________      ________      ________      ________      ________
                 11            12            13            14            15


           NU
              Y1            Y2            Y3            X3P1          X2P2
              ________      ________      ________      ________      ________
                 16            17            18            19            20


           NU
              X1P3
              ________
                 21


           LAMBDA
              X             M             Y             XM
              ________      ________      ________      ________
 X1                22             0             0             0
 X2                23             0             0             0
 X3                 0             0             0             0
 M1                 0            24             0             0
 M2                 0            25             0             0
 M3                 0            26             0             0
 M4                 0            27             0             0
 M5                 0            28             0             0
 M6                 0            29             0             0
 M7                 0            30             0             0
 M8                 0            31             0             0
 M9                 0            32             0             0
 M10                0            33             0             0
 M11                0            34             0             0
 M12                0             0             0             0
 Y1                 0             0            35             0
 Y2                 0             0            36             0
 Y3                 0             0             0             0
 X3P1               0             0             0             0
 X2P2               0             0             0            37
 X1P3               0             0             0            38


           THETA
              X1            X2            X3            M1            M2
              ________      ________      ________      ________      ________
 X1                39
 X2                 0            40
 X3                 0             0            41
 M1                 0             0             0            42
 M2                 0             0             0             0            43
 M3                 0             0             0             0             0
 M4                 0             0             0             0             0
 M5                 0             0             0             0             0
 M6                 0             0             0             0             0
 M7                 0             0             0             0             0
 M8                 0             0             0             0             0
 M9                 0             0             0             0             0
 M10                0             0             0             0             0
 M11                0             0             0             0             0
 M12                0             0             0             0             0
 Y1                 0             0             0             0             0
 Y2                 0             0             0             0             0
 Y3                 0             0             0             0             0
 X3P1               0             0             0             0             0
 X2P2               0             0             0             0             0
 X1P3               0             0             0             0             0


           THETA
              M3            M4            M5            M6            M7
              ________      ________      ________      ________      ________
 M3                44
 M4                 0            45
 M5                 0             0            46
 M6                 0             0             0            47
 M7                 0             0             0             0            48
 M8                 0             0             0             0             0
 M9                 0             0             0             0             0
 M10                0             0             0             0             0
 M11                0             0             0             0             0
 M12                0             0             0             0             0
 Y1                 0             0             0             0             0
 Y2                 0             0             0             0             0
 Y3                 0             0             0             0             0
 X3P1               0             0             0             0             0
 X2P2               0             0             0             0             0
 X1P3               0             0             0             0             0


           THETA
              M8            M9            M10           M11           M12
              ________      ________      ________      ________      ________
 M8                49
 M9                 0            50
 M10                0             0            51
 M11                0             0             0            52
 M12                0             0             0             0            53
 Y1                 0             0             0             0             0
 Y2                 0             0             0             0             0
 Y3                 0             0             0             0             0
 X3P1               0             0             0             0             0
 X2P2               0             0             0             0             0
 X1P3               0             0             0             0             0


           THETA
              Y1            Y2            Y3            X3P1          X2P2
              ________      ________      ________      ________      ________
 Y1                54
 Y2                 0            55
 Y3                 0             0            56
 X3P1               0             0             0            57
 X2P2               0             0             0             0            58
 X1P3               0             0             0             0             0


           THETA
              X1P3
              ________
 X1P3              59


           ALPHA
              X             M             Y             XM
              ________      ________      ________      ________
                  0             0             0             0


           BETA
              X             M             Y             XM
              ________      ________      ________      ________
 X                  0             0             0             0
 M                  0             0             0             0
 Y                 60            61             0            62
 XM                 0             0             0             0


           PSI
              X             M             Y             XM
              ________      ________      ________      ________
 X                 63
 M                 64            65
 Y                  0             0            66
 XM                67            68             0            69


     PARAMETER SPECIFICATION FOR THE ADDITIONAL PARAMETERS


           New/Additional Parameters
              VAR_Y         STD_B1        STD_B2        STD_B3
              ________      ________      ________      ________
                   70            71            72            73


     STARTING VALUES


           NU
              X1            X2            X3            M1            M2
              ________      ________      ________      ________      ________
                0.000         0.000         0.000         0.000         0.000


           NU
              M3            M4            M5            M6            M7
              ________      ________      ________      ________      ________
                0.000         0.000         0.000         0.000         0.000


           NU
              M8            M9            M10           M11           M12
              ________      ________      ________      ________      ________
                0.000         0.000         0.000         0.000         0.000


           NU
              Y1            Y2            Y3            X3P1          X2P2
              ________      ________      ________      ________      ________
                0.573         0.916         1.088         0.000         0.000


           NU
              X1P3
              ________
                0.000


           LAMBDA
              X             M             Y             XM
              ________      ________      ________      ________
 X1             0.657         0.000         0.000         0.000
 X2             0.704         0.000         0.000         0.000
 X3             1.000         0.000         0.000         0.000
 M1             0.000         2.820         0.000         0.000
 M2             0.000         0.770         0.000         0.000
 M3             0.000         0.675         0.000         0.000
 M4             0.000         0.260         0.000         0.000
 M5             0.000         1.628         0.000         0.000
 M6             0.000         0.086         0.000         0.000
 M7             0.000         1.304         0.000         0.000
 M8             0.000         1.615         0.000         0.000
 M9             0.000         0.989         0.000         0.000
 M10            0.000         0.733         0.000         0.000
 M11            0.000         0.622         0.000         0.000
 M12            0.000         1.000         0.000         0.000
 Y1             0.000         0.000         0.735         0.000
 Y2             0.000         0.000         0.944         0.000
 Y3             0.000         0.000         1.000         0.000
 X3P1           0.000         0.000         0.000         1.000
 X2P2           0.000         0.000         0.000         1.354
 X1P3           0.000         0.000         0.000         0.973


           THETA
              X1            X2            X3            M1            M2
              ________      ________      ________      ________      ________
 X1             0.124
 X2             0.000         0.125
 X3             0.000         0.000         0.125
 M1             0.000         0.000         0.000         1.361
 M2             0.000         0.000         0.000         0.000         1.269
 M3             0.000         0.000         0.000         0.000         0.000
 M4             0.000         0.000         0.000         0.000         0.000
 M5             0.000         0.000         0.000         0.000         0.000
 M6             0.000         0.000         0.000         0.000         0.000
 M7             0.000         0.000         0.000         0.000         0.000
 M8             0.000         0.000         0.000         0.000         0.000
 M9             0.000         0.000         0.000         0.000         0.000
 M10            0.000         0.000         0.000         0.000         0.000
 M11            0.000         0.000         0.000         0.000         0.000
 M12            0.000         0.000         0.000         0.000         0.000
 Y1             0.000         0.000         0.000         0.000         0.000
 Y2             0.000         0.000         0.000         0.000         0.000
 Y3             0.000         0.000         0.000         0.000         0.000
 X3P1           0.000         0.000         0.000         0.000         0.000
 X2P2           0.000         0.000         0.000         0.000         0.000
 X1P3           0.000         0.000         0.000         0.000         0.000


           THETA
              M3            M4            M5            M6            M7
              ________      ________      ________      ________      ________
 M3             1.186
 M4             0.000         1.260
 M5             0.000         0.000         1.321
 M6             0.000         0.000         0.000         1.141
 M7             0.000         0.000         0.000         0.000         1.137
 M8             0.000         0.000         0.000         0.000         0.000
 M9             0.000         0.000         0.000         0.000         0.000
 M10            0.000         0.000         0.000         0.000         0.000
 M11            0.000         0.000         0.000         0.000         0.000
 M12            0.000         0.000         0.000         0.000         0.000
 Y1             0.000         0.000         0.000         0.000         0.000
 Y2             0.000         0.000         0.000         0.000         0.000
 Y3             0.000         0.000         0.000         0.000         0.000
 X3P1           0.000         0.000         0.000         0.000         0.000
 X2P2           0.000         0.000         0.000         0.000         0.000
 X1P3           0.000         0.000         0.000         0.000         0.000


           THETA
              M8            M9            M10           M11           M12
              ________      ________      ________      ________      ________
 M8             1.193
 M9             0.000         1.073
 M10            0.000         0.000         1.180
 M11            0.000         0.000         0.000         1.090
 M12            0.000         0.000         0.000         0.000         1.083
 Y1             0.000         0.000         0.000         0.000         0.000
 Y2             0.000         0.000         0.000         0.000         0.000
 Y3             0.000         0.000         0.000         0.000         0.000
 X3P1           0.000         0.000         0.000         0.000         0.000
 X2P2           0.000         0.000         0.000         0.000         0.000
 X1P3           0.000         0.000         0.000         0.000         0.000


           THETA
              Y1            Y2            Y3            X3P1          X2P2
              ________      ________      ________      ________      ________
 Y1             0.382
 Y2             0.000         0.498
 Y3             0.000         0.000         0.618
 X3P1           0.000         0.000         0.000         0.104
 X2P2           0.000         0.000         0.000         0.000         0.107
 X1P3           0.000         0.000         0.000         0.000         0.000


           THETA
              X1P3
              ________
 X1P3           0.093


           ALPHA
              X             M             Y             XM
              ________      ________      ________      ________
                0.000         0.000         0.000         0.000


           BETA
              X             M             Y             XM
              ________      ________      ________      ________
 X              0.000         0.000         0.000         0.000
 M              0.000         0.000         0.000         0.000
 Y              0.000         0.000         0.000         0.000
 XM             0.000         0.000         0.000         0.000


           PSI
              X             M             Y             XM
              ________      ________      ________      ________
 X              0.050
 M              0.000         0.050
 Y              0.000         0.000         0.050
 XM             0.000         0.000         0.000         0.050


     STARTING VALUES FOR THE ADDITIONAL PARAMETERS


           New/Additional Parameters
              VAR_Y         STD_B1        STD_B2        STD_B3
              ________      ________      ________      ________
                0.500         0.500         0.500         0.500


RESULTS SAVING INFORMATION

  Order of data

    Parameter estimates
     (saved in order shown in Technical 1 output)
    Standard errors
     (saved in order shown in Technical 1 output)
    Number of Free Parameters
    H0 Loglikelihood
    H0 Scaling Correction Factor for MLR
    H1 Loglikelihood
    H1 Scaling Correction Factor for MLR
    Akaike (AIC)
    Bayesian (BIC)
    Sample-Size Adjusted BIC
    Chi-square : Value
    Chi-square : Degrees of Freedom
    Chi-square : P-Value
    Chi-square : Scaling Correction Factor for MLR/MLM/WLSM
    CFI
    TLI
    RMSEA : Estimate
    RMSEA : Low CI
    RMSEA : High CI
    RMSEA : Probability
    SRMR
    Condition Number

  Save file
    parcelupi_results_1700.dat

  Save file format           Free


     Beginning Time:  18:04:54
        Ending Time:  18:04:56
       Elapsed Time:  00:00:02



MUTHEN & MUTHEN
3463 Stoner Ave.
Los Angeles, CA  90066

Tel: (310) 391-9971
Fax: (310) 391-8971
Web: www.StatModel.com
Support: Support@StatModel.com

Copyright (c) 1998-2022 Muthen & Muthen
