Mplus VERSION 8.8 (Mac)
MUTHEN & MUTHEN
07/27/2025   5:21 PM

INPUT INSTRUCTIONS


    TITLE: Parceling Unconstrained Product Indicator

    DATA:
      FILE = parcelupi_simdat_1439.dat;
      FORMAT IS FREE;

    VARIABLE:
      NAMES = x1 x2 x3
      	    m1 m2 m3 m4 m5 m6
      	    m7 m8 m9 m10 m11 m12
      	    y1 y2 y3
      	    p1 p2 p3
      	    x3p1 x2p2 x1p3;
      USEVARIABLES = x1 x2 x3
      	    m1 m2 m3 m4 m5 m6
      	    m7 m8 m9 m10 m11 m12
      	    y1 y2 y3
      	    x3p1 x2p2 x1p3;

    ANALYSIS:
      TYPE = general;
      ESTIMATOR = MLR;
    MODEL:
      !measurement model
      X BY x3 x2 x1;
      X (var_X);
      M BY m12 m11 m10 m9 m8 m7 m6 m5 m4 m3 m2 m1;
      M (var_M);
      Y BY y3 y2 y1;
      Y (resvar_Y);
      XM BY x3p1 x2p2 x1p3;
      XM (var_XM);

      !covariances between predictors
      X WITH M (cov_XM);
      X WITH XM (cov_XXM);
      M WITH XM (cov_MXM);

      !structural model
      Y ON X (b1);
      Y ON M (b2);
      Y ON XM (b3);

    MODEL CONSTRAINT:

      NEW(var_Y std_b1 std_b2 std_b3);
      var_Y = resvar_Y +
       (b1^2 * var_X +
        b2^2 * var_M +
        b3^2 * var_XM +
        2 * b1 * b2 * cov_XM +
        2 * b1 * b3 * cov_XXM +
        2 * b2 * b3 * cov_MXM);

        std_b1 = b1 * sqrt(var_X) / sqrt(var_Y);
        std_b2 = b2 * sqrt(var_M) / sqrt(var_Y);
        std_b3 = b3 * sqrt(var_X) * sqrt(var_M) / sqrt(var_Y);

    OUTPUT:
      sampstat tech1 CINTERVAL;

    SAVEDATA:
      RESULTS = parcelupi_results_1439.dat;




INPUT READING TERMINATED NORMALLY



Parceling Unconstrained Product Indicator

SUMMARY OF ANALYSIS

Number of groups                                                 1
Number of observations                                         100

Number of dependent variables                                   21
Number of independent variables                                  0
Number of continuous latent variables                            4

Observed dependent variables

  Continuous
   X1          X2          X3          M1          M2          M3
   M4          M5          M6          M7          M8          M9
   M10         M11         M12         Y1          Y2          Y3
   X3P1        X2P2        X1P3

Continuous latent variables
   X           M           Y           XM


Estimator                                                      MLR
Information matrix                                        OBSERVED
Maximum number of iterations                                  1000
Convergence criterion                                    0.500D-04
Maximum number of steepest descent iterations                   20

Input data file(s)
  parcelupi_simdat_1439.dat

Input data format  FREE


SAMPLE STATISTICS


     SAMPLE STATISTICS


           Means
              X1            X2            X3            M1            M2
              ________      ________      ________      ________      ________
                0.000         0.000         0.000         0.000         0.000


           Means
              M3            M4            M5            M6            M7
              ________      ________      ________      ________      ________
                0.000         0.000         0.000         0.000         0.000


           Means
              M8            M9            M10           M11           M12
              ________      ________      ________      ________      ________
                0.000         0.000         0.000         0.000         0.000


           Means
              Y1            Y2            Y3            X3P1          X2P2
              ________      ________      ________      ________      ________
                0.657         0.969         1.093         0.000         0.000


           Means
              X1P3
              ________
                0.000


           Covariances
              X1            X2            X3            M1            M2
              ________      ________      ________      ________      ________
 X1             0.249
 X2             0.042         0.245
 X3             0.091         0.078         0.249
 M1             0.004        -0.033         0.056         2.809
 M2             0.081         0.029        -0.021        -0.109         2.640
 M3             0.143         0.219         0.036        -0.481         0.351
 M4             0.121        -0.056        -0.131         0.246         0.373
 M5             0.122         0.081         0.048         0.617         0.142
 M6             0.154         0.067         0.016        -0.251         0.461
 M7             0.145         0.076         0.115         0.180         0.480
 M8             0.096        -0.015         0.094        -0.029         0.306
 M9             0.105         0.027         0.145        -0.215         0.186
 M10            0.179         0.053         0.141        -0.201         0.351
 M11           -0.030         0.014         0.031         0.144         0.287
 M12            0.047         0.100         0.073        -0.158         0.149
 Y1             0.087         0.002         0.028         0.128        -0.042
 Y2             0.081         0.053         0.014        -0.010         0.092
 Y3             0.127         0.003         0.067         0.133        -0.096
 X3P1          -0.004         0.011        -0.002         0.035        -0.125
 X2P2          -0.002        -0.004        -0.011         0.069        -0.027
 X1P3           0.009        -0.005         0.002         0.083        -0.011


           Covariances
              M3            M4            M5            M6            M7
              ________      ________      ________      ________      ________
 M3             2.708
 M4             0.383         2.573
 M5             0.395         0.188         2.442
 M6             0.249         0.436         0.457         2.429
 M7             0.069         0.289         0.749         0.540         2.790
 M8             0.415         0.252         0.304         0.641         0.497
 M9            -0.061         0.123         0.056         0.815         0.382
 M10            0.308         0.255         0.236         0.579         0.640
 M11            0.418         0.550         0.514         0.865         0.702
 M12            0.213         0.359         0.456         1.022         0.591
 Y1             0.163         0.433         0.174         0.060         0.114
 Y2             0.257         0.298         0.119         0.133         0.192
 Y3             0.004         0.390         0.324         0.400         0.121
 X3P1          -0.058        -0.026        -0.044        -0.039        -0.043
 X2P2          -0.004         0.058        -0.053        -0.084        -0.042
 X1P3          -0.058        -0.018        -0.077        -0.077         0.007


           Covariances
              M8            M9            M10           M11           M12
              ________      ________      ________      ________      ________
 M8             2.386
 M9             0.482         2.428
 M10            0.228         0.687         2.438
 M11            0.433         0.763         0.626         2.168
 M12            0.890         0.807         0.553         1.039         2.145
 Y1             0.102         0.124         0.339         0.345         0.108
 Y2             0.066         0.181         0.491         0.338         0.087
 Y3             0.192         0.279         0.377         0.273         0.245
 X3P1           0.020        -0.056         0.010        -0.059         0.005
 X2P2          -0.018        -0.018         0.020        -0.014         0.072
 X1P3          -0.028        -0.059         0.018         0.026        -0.015


           Covariances
              Y1            Y2            Y3            X3P1          X2P2
              ________      ________      ________      ________      ________
 Y1             0.730
 Y2             0.436         1.035
 Y3             0.522         0.623         1.261
 X3P1          -0.016        -0.022        -0.002         0.191
 X2P2           0.057         0.049        -0.046         0.003         0.212
 X1P3          -0.103        -0.047        -0.058         0.054         0.011


           Covariances
              X1P3
              ________
 X1P3           0.210


           Correlations
              X1            X2            X3            M1            M2
              ________      ________      ________      ________      ________
 X1             1.000
 X2             0.170         1.000
 X3             0.365         0.315         1.000
 M1             0.005        -0.040         0.067         1.000
 M2             0.099         0.036        -0.025        -0.040         1.000
 M3             0.175         0.268         0.044        -0.175         0.131
 M4             0.151        -0.070        -0.164         0.092         0.143
 M5             0.157         0.105         0.061         0.236         0.056
 M6             0.198         0.087         0.020        -0.096         0.182
 M7             0.174         0.092         0.138         0.064         0.177
 M8             0.125        -0.019         0.122        -0.011         0.122
 M9             0.136         0.036         0.186        -0.082         0.074
 M10            0.229         0.068         0.181        -0.077         0.138
 M11           -0.042         0.020         0.042         0.059         0.120
 M12            0.064         0.138         0.100        -0.064         0.062
 Y1             0.205         0.005         0.066         0.089        -0.030
 Y2             0.160         0.105         0.028        -0.006         0.056
 Y3             0.227         0.006         0.120         0.071        -0.053
 X3P1          -0.017         0.051        -0.010         0.047        -0.176
 X2P2          -0.010        -0.017        -0.049         0.090        -0.036
 X1P3           0.041        -0.020         0.011         0.108        -0.014


           Correlations
              M3            M4            M5            M6            M7
              ________      ________      ________      ________      ________
 M3             1.000
 M4             0.145         1.000
 M5             0.154         0.075         1.000
 M6             0.097         0.174         0.188         1.000
 M7             0.025         0.108         0.287         0.207         1.000
 M8             0.163         0.102         0.126         0.266         0.193
 M9            -0.024         0.049         0.023         0.336         0.147
 M10            0.120         0.102         0.097         0.238         0.245
 M11            0.172         0.233         0.223         0.377         0.285
 M12            0.089         0.153         0.199         0.448         0.241
 Y1             0.116         0.316         0.130         0.045         0.080
 Y2             0.153         0.183         0.075         0.084         0.113
 Y3             0.002         0.217         0.184         0.229         0.065
 X3P1          -0.081        -0.037        -0.064        -0.058        -0.059
 X2P2          -0.005         0.078        -0.074        -0.118        -0.055
 X1P3          -0.076        -0.025        -0.107        -0.108         0.009


           Correlations
              M8            M9            M10           M11           M12
              ________      ________      ________      ________      ________
 M8             1.000
 M9             0.200         1.000
 M10            0.095         0.282         1.000
 M11            0.191         0.333         0.272         1.000
 M12            0.394         0.354         0.242         0.482         1.000
 Y1             0.078         0.093         0.254         0.274         0.086
 Y2             0.042         0.114         0.309         0.225         0.059
 Y3             0.111         0.159         0.215         0.165         0.149
 X3P1           0.030        -0.082         0.014        -0.091         0.007
 X2P2          -0.025        -0.025         0.027        -0.020         0.106
 X1P3          -0.040        -0.082         0.025         0.039        -0.023


           Correlations
              Y1            Y2            Y3            X3P1          X2P2
              ________      ________      ________      ________      ________
 Y1             1.000
 Y2             0.501         1.000
 Y3             0.544         0.545         1.000
 X3P1          -0.043        -0.048        -0.004         1.000
 X2P2           0.144         0.105        -0.089         0.014         1.000
 X1P3          -0.262        -0.102        -0.112         0.270         0.054


           Correlations
              X1P3
              ________
 X1P3           1.000


UNIVARIATE SAMPLE STATISTICS


     UNIVARIATE HIGHER-ORDER MOMENT DESCRIPTIVE STATISTICS

         Variable/         Mean/     Skewness/   Minimum/ % with                Percentiles
        Sample Size      Variance    Kurtosis    Maximum  Min/Max      20%/60%    40%/80%    Median

     X1                    0.000       0.120      -0.470   53.00%      -0.470     -0.470     -0.470
             100.000       0.249      -1.986       0.530   47.00%       0.530      0.530
     X2                    0.000      -0.283      -0.570   43.00%      -0.570     -0.570      0.430
             100.000       0.245      -1.920       0.430   57.00%       0.430      0.430
     X3                    0.000      -0.120      -0.530   47.00%      -0.530     -0.530      0.470
             100.000       0.249      -1.986       0.470   53.00%       0.470      0.470
     M1                    0.000       0.047      -1.970   32.00%      -1.970     -0.970      0.030
             100.000       2.809      -1.669       2.030   32.00%       1.030      2.030
     M2                    0.000       0.024      -2.020   28.00%      -2.020     -1.020     -0.020
             100.000       2.640      -1.590       1.980   32.00%       0.980      1.980
     M3                    0.000       0.053      -1.950   32.00%      -1.950     -0.950      0.050
             100.000       2.707      -1.614       2.050   30.00%       1.050      2.050
     M4                    0.000       0.096      -1.870   33.00%      -1.870     -0.870      0.130
             100.000       2.573      -1.566       2.130   25.00%       0.130      2.130
     M5                    0.000       0.149      -1.910   26.00%      -1.910     -0.910      0.090
             100.000       2.442      -1.528       2.090   26.00%       0.090      2.090
     M6                    0.000       0.066      -1.970   26.00%      -1.970     -0.970      0.030
             100.000       2.429      -1.507       2.030   27.00%       0.030      2.030
     M7                    0.000       0.029      -1.990   32.00%      -1.990     -0.990      0.010
             100.000       2.790      -1.639       2.010   33.00%       1.010      2.010
     M8                    0.000       0.361      -1.710   31.00%      -1.710     -0.710     -0.710
             100.000       2.386      -1.369       2.290   23.00%       0.290      2.290
     M9                    0.000      -0.253      -2.180   25.00%      -2.180     -0.180      0.820
             100.000       2.428      -1.467       1.820   28.00%       0.820      1.820
     M10                   0.000       0.019      -1.960   27.00%      -1.960     -0.960      0.040
             100.000       2.438      -1.562       2.040   24.00%       1.040      2.040
     M11                   0.000      -0.147      -2.150   20.00%      -2.150     -0.150     -0.150
             100.000       2.168      -1.361       1.850   26.00%       0.850      1.850
     M12                   0.000      -0.121      -2.070   23.00%      -2.070     -0.070     -0.070
             100.000       2.145      -1.324       1.930   23.00%       0.930      1.930
     Y1                    0.657       0.420      -1.147    1.00%       0.004      0.369      0.576
             100.000       0.730      -0.069       2.808    1.00%       0.751      1.192
     Y2                    0.969       0.013      -1.637    1.00%       0.115      0.735      0.885
             100.000       1.035      -0.050       3.622    1.00%       1.126      1.839
     Y3                    1.093      -0.177      -1.749    1.00%       0.226      0.808      1.144
             100.000       1.261       0.274       3.958    1.00%       1.421      1.988
     X3P1                  0.000      -0.016      -0.986    2.00%      -0.289     -0.156     -0.024
             100.000       0.191      -0.372       1.036    1.00%       0.109      0.374
     X2P2                  0.000      -0.115      -1.197    1.00%      -0.342     -0.112     -0.005
             100.000       0.212      -0.344       1.083    1.00%       0.103      0.370
     X1P3                  0.000      -0.376      -1.198    1.00%      -0.403     -0.138     -0.006
             100.000       0.210      -0.355       0.789    3.00%       0.182      0.392


     THIS ANALYSIS MAY HAVE MULTIPLE SOLUTIONS.  EXPLORE THIS USING RANDOM STARTS,
     FOR EXAMPLE, STARTS = 20.  USE A LARGE ENOUGH NUMBER OF STARTS SO THAT THE
     BEST FIT FUNCTION VALUE IS REPLICATED SEVERAL TIMES.


THE MODEL ESTIMATION TERMINATED NORMALLY

     THE STANDARD ERRORS OF THE MODEL PARAMETER ESTIMATES MAY NOT BE
     TRUSTWORTHY FOR SOME PARAMETERS DUE TO A NON-POSITIVE DEFINITE
     FIRST-ORDER DERIVATIVE PRODUCT MATRIX.  THIS MAY BE DUE TO THE STARTING
     VALUES BUT MAY ALSO BE AN INDICATION OF MODEL NONIDENTIFICATION.  THE
     CONDITION NUMBER IS      -0.203D-17.  PROBLEM INVOLVING THE FOLLOWING PARAMETER:
     Parameter 40, X2

     THIS IS MOST LIKELY DUE TO VARIABLE X1 BEING DICHOTOMOUS BUT
     DECLARED AS CONTINUOUS.


     WARNING:  THE RESIDUAL COVARIANCE MATRIX (THETA) IS NOT POSITIVE DEFINITE.
     THIS COULD INDICATE A NEGATIVE VARIANCE/RESIDUAL VARIANCE FOR AN OBSERVED
     VARIABLE, A CORRELATION GREATER OR EQUAL TO ONE BETWEEN TWO OBSERVED
     VARIABLES, OR A LINEAR DEPENDENCY AMONG MORE THAN TWO OBSERVED VARIABLES.
     CHECK THE RESULTS SECTION FOR MORE INFORMATION.
     PROBLEM INVOLVING VARIABLE X1P3.




MODEL FIT INFORMATION

Number of Free Parameters                       69

Loglikelihood

          H0 Value                       -2946.674
          H0 Scaling Correction Factor      0.8714
            for MLR
          H1 Value                       -2859.684
          H1 Scaling Correction Factor      0.9627
            for MLR

Information Criteria

          Akaike (AIC)                    6031.348
          Bayesian (BIC)                  6211.105
          Sample-Size Adjusted BIC        5993.186
            (n* = (n + 2) / 24)

Chi-Square Test of Model Fit

          Value                            174.476*
          Degrees of Freedom                   183
          P-Value                           0.6619
          Scaling Correction Factor         0.9972
            for MLR

*   The chi-square value for MLM, MLMV, MLR, ULSMV, WLSM and WLSMV cannot be used
    for chi-square difference testing in the regular way.  MLM, MLR and WLSM
    chi-square difference testing is described on the Mplus website.  MLMV, WLSMV,
    and ULSMV difference testing is done using the DIFFTEST option.

RMSEA (Root Mean Square Error Of Approximation)

          Estimate                           0.000
          90 Percent C.I.                    0.000  0.038
          Probability RMSEA <= .05           0.994

CFI/TLI

          CFI                                1.000
          TLI                                1.000

Chi-Square Test of Model Fit for the Baseline Model

          Value                            426.863
          Degrees of Freedom                   210
          P-Value                           0.0000

SRMR (Standardized Root Mean Square Residual)

          Value                              0.069



MODEL RESULTS

                                                    Two-Tailed
                    Estimate       S.E.  Est./S.E.    P-Value

 X        BY
    X3                 1.000      0.000    999.000    999.000
    X2                 0.614      0.207      2.971      0.003
    X1                 0.880      0.610      1.442      0.149

 M        BY
    M12                1.000      0.000    999.000    999.000
    M11                0.962      0.158      6.109      0.000
    M10                0.678      0.212      3.196      0.001
    M9                 0.755      0.176      4.282      0.000
    M8                 0.656      0.163      4.029      0.000
    M7                 0.687      0.215      3.188      0.001
    M6                 0.945      0.162      5.832      0.000
    M5                 0.494      0.192      2.576      0.010
    M4                 0.452      0.197      2.289      0.022
    M3                 0.345      0.192      1.793      0.073
    M2                 0.344      0.194      1.775      0.076
    M1                -0.038      0.206     -0.184      0.854

 Y        BY
    Y3                 1.000      0.000    999.000    999.000
    Y2                 0.827      0.148      5.572      0.000
    Y1                 0.725      0.129      5.634      0.000

 XM       BY
    X3P1               1.000      0.000    999.000    999.000
    X2P2               0.240      0.416      0.578      0.564
    X1P3               9.915     55.742      0.178      0.859

 Y        ON
    X                  0.461      0.652      0.706      0.480
    M                  0.268      0.135      1.987      0.047
    XM                -1.506      0.936     -1.609      0.108

 X        WITH
    M                  0.095      0.049      1.965      0.049
    XM                 0.000      0.003      0.144      0.885

 M        WITH
    XM                -0.002      0.018     -0.119      0.905

 Intercepts
    X1                 0.000      0.050      0.000      1.000
    X2                 0.000      0.050      0.000      1.000
    X3                 0.000      0.050      0.000      1.000
    M1                 0.000      0.168      0.000      1.000
    M2                 0.000      0.162      0.000      1.000
    M3                 0.000      0.165      0.000      1.000
    M4                 0.000      0.160      0.000      1.000
    M5                 0.000      0.156      0.000      1.000
    M6                 0.000      0.156      0.000      1.000
    M7                 0.000      0.167      0.000      1.000
    M8                 0.000      0.154      0.000      1.000
    M9                 0.000      0.156      0.000      1.000
    M10                0.000      0.156      0.000      1.000
    M11                0.000      0.147      0.000      1.000
    M12                0.000      0.146      0.000      1.000
    Y1                 0.657      0.085      7.686      0.000
    Y2                 0.969      0.102      9.528      0.000
    Y3                 1.093      0.112      9.735      0.000
    X3P1               0.000      0.044      0.000      1.000
    X2P2               0.000      0.046      0.000      1.000
    X1P3               0.000      0.046      0.000      1.000

 Variances
    X                  0.105      0.073      1.443      0.149
    M                  1.004      0.260      3.860      0.000
    XM                 0.005      0.031      0.173      0.862

 Residual Variances
    X1                 0.168      0.063      2.666      0.008
    X2                 0.206      0.032      6.506      0.000
    X3                 0.144      0.073      1.979      0.048
    M1                 2.808      0.163     17.229      0.000
    M2                 2.521      0.200     12.607      0.000
    M3                 2.588      0.193     13.409      0.000
    M4                 2.368      0.223     10.643      0.000
    M5                 2.197      0.218     10.092      0.000
    M6                 1.532      0.232      6.597      0.000
    M7                 2.316      0.253      9.154      0.000
    M8                 1.953      0.259      7.551      0.000
    M9                 1.856      0.232      7.995      0.000
    M10                1.977      0.256      7.722      0.000
    M11                1.237      0.198      6.249      0.000
    M12                1.141      0.202      5.636      0.000
    Y1                 0.345      0.075      4.586      0.000
    Y2                 0.534      0.084      6.356      0.000
    Y3                 0.528      0.151      3.495      0.000
    X3P1               0.185      0.039      4.775      0.000
    X2P2               0.211      0.027      7.877      0.000
    X1P3              -0.322      2.926     -0.110      0.912
    Y                  0.602      0.179      3.368      0.001

New/Additional Parameters
    VAR_Y              0.733      0.181      4.044      0.000
    STD_B1             0.174      0.201      0.867      0.386
    STD_B2             0.314      0.137      2.286      0.022
    STD_B3            -0.571      0.388     -1.471      0.141


QUALITY OF NUMERICAL RESULTS

     Condition Number for the Information Matrix              0.825E-09
       (ratio of smallest to largest eigenvalue)


CONFIDENCE INTERVALS OF MODEL RESULTS

                  Lower .5%  Lower 2.5%    Lower 5%    Estimate    Upper 5%  Upper 2.5%   Upper .5%

 X        BY
    X3               1.000       1.000       1.000       1.000       1.000       1.000       1.000
    X2               0.082       0.209       0.274       0.614       0.954       1.019       1.146
    X1              -0.692      -0.316      -0.124       0.880       1.884       2.076       2.452

 M        BY
    M12              1.000       1.000       1.000       1.000       1.000       1.000       1.000
    M11              0.557       0.654       0.703       0.962       1.222       1.271       1.368
    M10              0.131       0.262       0.329       0.678       1.027       1.094       1.224
    M9               0.301       0.409       0.465       0.755       1.045       1.100       1.209
    M8               0.237       0.337       0.388       0.656       0.924       0.976       1.076
    M7               0.132       0.265       0.332       0.687       1.041       1.109       1.242
    M6               0.528       0.627       0.679       0.945       1.212       1.263       1.362
    M5               0.000       0.118       0.178       0.494       0.809       0.869       0.987
    M4              -0.057       0.065       0.127       0.452       0.777       0.839       0.960
    M3              -0.151      -0.032       0.028       0.345       0.661       0.722       0.840
    M2              -0.155      -0.036       0.025       0.344       0.663       0.724       0.844
    M1              -0.567      -0.441      -0.376      -0.038       0.300       0.365       0.492

 Y        BY
    Y3               1.000       1.000       1.000       1.000       1.000       1.000       1.000
    Y2               0.445       0.536       0.583       0.827       1.071       1.118       1.210
    Y1               0.394       0.473       0.513       0.725       0.937       0.977       1.056

 XM       BY
    X3P1             1.000       1.000       1.000       1.000       1.000       1.000       1.000
    X2P2            -0.831      -0.575      -0.444       0.240       0.925       1.056       1.312
    X1P3          -133.666     -99.340     -81.781       9.915     101.612     119.171     153.497

 Y        ON
    X               -1.220      -0.818      -0.613       0.461       1.534       1.740       2.141
    M               -0.080       0.004       0.046       0.268       0.490       0.533       0.616
    XM              -3.917      -3.341      -3.046      -1.506       0.033       0.328       0.904

 X        WITH
    M               -0.030       0.000       0.016       0.095       0.175       0.191       0.220
    XM              -0.007      -0.005      -0.004       0.000       0.005       0.006       0.008

 M        WITH
    XM              -0.049      -0.037      -0.032      -0.002       0.028       0.033       0.044

 Intercepts
    X1              -0.129      -0.098      -0.082       0.000       0.082       0.098       0.129
    X2              -0.128      -0.097      -0.081       0.000       0.081       0.097       0.128
    X3              -0.129      -0.098      -0.082       0.000       0.082       0.098       0.129
    M1              -0.432      -0.329      -0.276       0.000       0.276       0.329       0.432
    M2              -0.418      -0.318      -0.267       0.000       0.267       0.318       0.418
    M3              -0.424      -0.323      -0.271       0.000       0.271       0.323       0.424
    M4              -0.413      -0.314      -0.264       0.000       0.264       0.314       0.413
    M5              -0.403      -0.306      -0.257       0.000       0.257       0.306       0.403
    M6              -0.401      -0.305      -0.256       0.000       0.256       0.305       0.401
    M7              -0.430      -0.327      -0.275       0.000       0.275       0.327       0.430
    M8              -0.398      -0.303      -0.254       0.000       0.254       0.303       0.398
    M9              -0.401      -0.305      -0.256       0.000       0.256       0.305       0.401
    M10             -0.402      -0.306      -0.257       0.000       0.257       0.306       0.402
    M11             -0.379      -0.289      -0.242       0.000       0.242       0.289       0.379
    M12             -0.377      -0.287      -0.241       0.000       0.241       0.287       0.377
    Y1               0.437       0.489       0.516       0.657       0.797       0.824       0.877
    Y2               0.707       0.770       0.802       0.969       1.137       1.169       1.232
    Y3               0.804       0.873       0.909       1.093       1.278       1.313       1.383
    X3P1            -0.112      -0.086      -0.072       0.000       0.072       0.086       0.112
    X2P2            -0.118      -0.090      -0.076       0.000       0.076       0.090       0.118
    X1P3            -0.118      -0.090      -0.075       0.000       0.075       0.090       0.118

 Variances
    X               -0.082      -0.038      -0.015       0.105       0.225       0.247       0.292
    M                0.334       0.494       0.576       1.004       1.432       1.514       1.674
    XM              -0.075      -0.056      -0.046       0.005       0.057       0.067       0.086

 Residual Variances
    X1               0.006       0.044       0.064       0.168       0.271       0.291       0.330
    X2               0.124       0.144       0.154       0.206       0.258       0.267       0.287
    X3              -0.044       0.001       0.024       0.144       0.264       0.287       0.332
    M1               2.388       2.488       2.540       2.808       3.076       3.127       3.227
    M2               2.006       2.129       2.192       2.521       2.850       2.913       3.036
    M3               2.091       2.210       2.271       2.588       2.906       2.967       3.085
    M4               1.795       1.932       2.002       2.368       2.734       2.804       2.941
    M5               1.636       1.771       1.839       2.197       2.555       2.624       2.758
    M6               0.934       1.077       1.150       1.532       1.915       1.988       2.131
    M7               1.665       1.820       1.900       2.316       2.732       2.812       2.968
    M8               1.287       1.446       1.528       1.953       2.379       2.460       2.620
    M9               1.258       1.401       1.474       1.856       2.238       2.311       2.454
    M10              1.318       1.475       1.556       1.977       2.398       2.479       2.636
    M11              0.727       0.849       0.912       1.237       1.563       1.626       1.748
    M12              0.620       0.744       0.808       1.141       1.474       1.538       1.663
    Y1               0.151       0.198       0.221       0.345       0.469       0.493       0.539
    Y2               0.317       0.369       0.396       0.534       0.672       0.698       0.750
    Y3               0.139       0.232       0.280       0.528       0.777       0.824       0.917
    X3P1             0.085       0.109       0.121       0.185       0.249       0.261       0.285
    X2P2             0.142       0.159       0.167       0.211       0.255       0.264       0.280
    X1P3            -7.860      -6.058      -5.136      -0.322       4.492       5.414       7.216
    Y                0.142       0.252       0.308       0.602       0.896       0.952       1.062

New/Additional Parameters
    VAR_Y            0.266       0.378       0.435       0.733       1.032       1.089       1.200
    STD_B1          -0.343      -0.220      -0.156       0.174       0.505       0.568       0.692
    STD_B2          -0.040       0.045       0.088       0.314       0.540       0.583       0.668
    STD_B3          -1.571      -1.332      -1.209      -0.571       0.068       0.190       0.429


TECHNICAL 1 OUTPUT


     PARAMETER SPECIFICATION


           NU
              X1            X2            X3            M1            M2
              ________      ________      ________      ________      ________
                  1             2             3             4             5


           NU
              M3            M4            M5            M6            M7
              ________      ________      ________      ________      ________
                  6             7             8             9            10


           NU
              M8            M9            M10           M11           M12
              ________      ________      ________      ________      ________
                 11            12            13            14            15


           NU
              Y1            Y2            Y3            X3P1          X2P2
              ________      ________      ________      ________      ________
                 16            17            18            19            20


           NU
              X1P3
              ________
                 21


           LAMBDA
              X             M             Y             XM
              ________      ________      ________      ________
 X1                22             0             0             0
 X2                23             0             0             0
 X3                 0             0             0             0
 M1                 0            24             0             0
 M2                 0            25             0             0
 M3                 0            26             0             0
 M4                 0            27             0             0
 M5                 0            28             0             0
 M6                 0            29             0             0
 M7                 0            30             0             0
 M8                 0            31             0             0
 M9                 0            32             0             0
 M10                0            33             0             0
 M11                0            34             0             0
 M12                0             0             0             0
 Y1                 0             0            35             0
 Y2                 0             0            36             0
 Y3                 0             0             0             0
 X3P1               0             0             0             0
 X2P2               0             0             0            37
 X1P3               0             0             0            38


           THETA
              X1            X2            X3            M1            M2
              ________      ________      ________      ________      ________
 X1                39
 X2                 0            40
 X3                 0             0            41
 M1                 0             0             0            42
 M2                 0             0             0             0            43
 M3                 0             0             0             0             0
 M4                 0             0             0             0             0
 M5                 0             0             0             0             0
 M6                 0             0             0             0             0
 M7                 0             0             0             0             0
 M8                 0             0             0             0             0
 M9                 0             0             0             0             0
 M10                0             0             0             0             0
 M11                0             0             0             0             0
 M12                0             0             0             0             0
 Y1                 0             0             0             0             0
 Y2                 0             0             0             0             0
 Y3                 0             0             0             0             0
 X3P1               0             0             0             0             0
 X2P2               0             0             0             0             0
 X1P3               0             0             0             0             0


           THETA
              M3            M4            M5            M6            M7
              ________      ________      ________      ________      ________
 M3                44
 M4                 0            45
 M5                 0             0            46
 M6                 0             0             0            47
 M7                 0             0             0             0            48
 M8                 0             0             0             0             0
 M9                 0             0             0             0             0
 M10                0             0             0             0             0
 M11                0             0             0             0             0
 M12                0             0             0             0             0
 Y1                 0             0             0             0             0
 Y2                 0             0             0             0             0
 Y3                 0             0             0             0             0
 X3P1               0             0             0             0             0
 X2P2               0             0             0             0             0
 X1P3               0             0             0             0             0


           THETA
              M8            M9            M10           M11           M12
              ________      ________      ________      ________      ________
 M8                49
 M9                 0            50
 M10                0             0            51
 M11                0             0             0            52
 M12                0             0             0             0            53
 Y1                 0             0             0             0             0
 Y2                 0             0             0             0             0
 Y3                 0             0             0             0             0
 X3P1               0             0             0             0             0
 X2P2               0             0             0             0             0
 X1P3               0             0             0             0             0


           THETA
              Y1            Y2            Y3            X3P1          X2P2
              ________      ________      ________      ________      ________
 Y1                54
 Y2                 0            55
 Y3                 0             0            56
 X3P1               0             0             0            57
 X2P2               0             0             0             0            58
 X1P3               0             0             0             0             0


           THETA
              X1P3
              ________
 X1P3              59


           ALPHA
              X             M             Y             XM
              ________      ________      ________      ________
                  0             0             0             0


           BETA
              X             M             Y             XM
              ________      ________      ________      ________
 X                  0             0             0             0
 M                  0             0             0             0
 Y                 60            61             0            62
 XM                 0             0             0             0


           PSI
              X             M             Y             XM
              ________      ________      ________      ________
 X                 63
 M                 64            65
 Y                  0             0            66
 XM                67            68             0            69


     PARAMETER SPECIFICATION FOR THE ADDITIONAL PARAMETERS


           New/Additional Parameters
              VAR_Y         STD_B1        STD_B2        STD_B3
              ________      ________      ________      ________
                   70            71            72            73


     STARTING VALUES


           NU
              X1            X2            X3            M1            M2
              ________      ________      ________      ________      ________
                0.000         0.000         0.000         0.000         0.000


           NU
              M3            M4            M5            M6            M7
              ________      ________      ________      ________      ________
                0.000         0.000         0.000         0.000         0.000


           NU
              M8            M9            M10           M11           M12
              ________      ________      ________      ________      ________
                0.000         0.000         0.000         0.000         0.000


           NU
              Y1            Y2            Y3            X3P1          X2P2
              ________      ________      ________      ________      ________
                0.657         0.969         1.093         0.000         0.000


           NU
              X1P3
              ________
                0.000


           LAMBDA
              X             M             Y             XM
              ________      ________      ________      ________
 X1             0.540         0.000         0.000         0.000
 X2             0.463         0.000         0.000         0.000
 X3             1.000         0.000         0.000         0.000
 M1             0.000         1.000         0.000         0.000
 M2             0.000         1.000         0.000         0.000
 M3             0.000         1.000         0.000         0.000
 M4             0.000         1.000         0.000         0.000
 M5             0.000         1.000         0.000         0.000
 M6             0.000         1.000         0.000         0.000
 M7             0.000         1.000         0.000         0.000
 M8             0.000         1.000         0.000         0.000
 M9             0.000         1.000         0.000         0.000
 M10            0.000         1.000         0.000         0.000
 M11            0.000         1.000         0.000         0.000
 M12            0.000         1.000         0.000         0.000
 Y1             0.000         0.000         0.699         0.000
 Y2             0.000         0.000         0.834         0.000
 Y3             0.000         0.000         1.000         0.000
 X3P1           0.000         0.000         0.000         1.000
 X2P2           0.000         0.000         0.000         0.211
 X1P3           0.000         0.000         0.000         3.931


           THETA
              X1            X2            X3            M1            M2
              ________      ________      ________      ________      ________
 X1             0.125
 X2             0.000         0.123
 X3             0.000         0.000         0.125
 M1             0.000         0.000         0.000         1.405
 M2             0.000         0.000         0.000         0.000         1.320
 M3             0.000         0.000         0.000         0.000         0.000
 M4             0.000         0.000         0.000         0.000         0.000
 M5             0.000         0.000         0.000         0.000         0.000
 M6             0.000         0.000         0.000         0.000         0.000
 M7             0.000         0.000         0.000         0.000         0.000
 M8             0.000         0.000         0.000         0.000         0.000
 M9             0.000         0.000         0.000         0.000         0.000
 M10            0.000         0.000         0.000         0.000         0.000
 M11            0.000         0.000         0.000         0.000         0.000
 M12            0.000         0.000         0.000         0.000         0.000
 Y1             0.000         0.000         0.000         0.000         0.000
 Y2             0.000         0.000         0.000         0.000         0.000
 Y3             0.000         0.000         0.000         0.000         0.000
 X3P1           0.000         0.000         0.000         0.000         0.000
 X2P2           0.000         0.000         0.000         0.000         0.000
 X1P3           0.000         0.000         0.000         0.000         0.000


           THETA
              M3            M4            M5            M6            M7
              ________      ________      ________      ________      ________
 M3             1.354
 M4             0.000         1.287
 M5             0.000         0.000         1.221
 M6             0.000         0.000         0.000         1.215
 M7             0.000         0.000         0.000         0.000         1.395
 M8             0.000         0.000         0.000         0.000         0.000
 M9             0.000         0.000         0.000         0.000         0.000
 M10            0.000         0.000         0.000         0.000         0.000
 M11            0.000         0.000         0.000         0.000         0.000
 M12            0.000         0.000         0.000         0.000         0.000
 Y1             0.000         0.000         0.000         0.000         0.000
 Y2             0.000         0.000         0.000         0.000         0.000
 Y3             0.000         0.000         0.000         0.000         0.000
 X3P1           0.000         0.000         0.000         0.000         0.000
 X2P2           0.000         0.000         0.000         0.000         0.000
 X1P3           0.000         0.000         0.000         0.000         0.000


           THETA
              M8            M9            M10           M11           M12
              ________      ________      ________      ________      ________
 M8             1.193
 M9             0.000         1.214
 M10            0.000         0.000         1.219
 M11            0.000         0.000         0.000         1.084
 M12            0.000         0.000         0.000         0.000         1.073
 Y1             0.000         0.000         0.000         0.000         0.000
 Y2             0.000         0.000         0.000         0.000         0.000
 Y3             0.000         0.000         0.000         0.000         0.000
 X3P1           0.000         0.000         0.000         0.000         0.000
 X2P2           0.000         0.000         0.000         0.000         0.000
 X1P3           0.000         0.000         0.000         0.000         0.000


           THETA
              Y1            Y2            Y3            X3P1          X2P2
              ________      ________      ________      ________      ________
 Y1             0.365
 Y2             0.000         0.518
 Y3             0.000         0.000         0.631
 X3P1           0.000         0.000         0.000         0.095
 X2P2           0.000         0.000         0.000         0.000         0.106
 X1P3           0.000         0.000         0.000         0.000         0.000


           THETA
              X1P3
              ________
 X1P3           0.105


           ALPHA
              X             M             Y             XM
              ________      ________      ________      ________
                0.000         0.000         0.000         0.000


           BETA
              X             M             Y             XM
              ________      ________      ________      ________
 X              0.000         0.000         0.000         0.000
 M              0.000         0.000         0.000         0.000
 Y              0.000         0.000         0.000         0.000
 XM             0.000         0.000         0.000         0.000


           PSI
              X             M             Y             XM
              ________      ________      ________      ________
 X              0.050
 M              0.000         0.050
 Y              0.000         0.000         0.050
 XM             0.000         0.000         0.000         0.050


     STARTING VALUES FOR THE ADDITIONAL PARAMETERS


           New/Additional Parameters
              VAR_Y         STD_B1        STD_B2        STD_B3
              ________      ________      ________      ________
                0.500         0.500         0.500         0.500


RESULTS SAVING INFORMATION

  Order of data

    Parameter estimates
     (saved in order shown in Technical 1 output)
    Standard errors
     (saved in order shown in Technical 1 output)
    Number of Free Parameters
    H0 Loglikelihood
    H0 Scaling Correction Factor for MLR
    H1 Loglikelihood
    H1 Scaling Correction Factor for MLR
    Akaike (AIC)
    Bayesian (BIC)
    Sample-Size Adjusted BIC
    Chi-square : Value
    Chi-square : Degrees of Freedom
    Chi-square : P-Value
    Chi-square : Scaling Correction Factor for MLR/MLM/WLSM
    CFI
    TLI
    RMSEA : Estimate
    RMSEA : Low CI
    RMSEA : High CI
    RMSEA : Probability
    SRMR
    Condition Number

  Save file
    parcelupi_results_1439.dat

  Save file format           Free


     Beginning Time:  17:21:13
        Ending Time:  17:21:15
       Elapsed Time:  00:00:02



MUTHEN & MUTHEN
3463 Stoner Ave.
Los Angeles, CA  90066

Tel: (310) 391-9971
Fax: (310) 391-8971
Web: www.StatModel.com
Support: Support@StatModel.com

Copyright (c) 1998-2022 Muthen & Muthen
