Mplus VERSION 8.8 (Mac)
MUTHEN & MUTHEN
07/27/2025   7:17 PM

INPUT INSTRUCTIONS


    TITLE: Parceling Unconstrained Product Indicator

    DATA:
      FILE = parcelupi_simdat_1573.dat;
      FORMAT IS FREE;

    VARIABLE:
      NAMES = x1 x2 x3
      	    m1 m2 m3 m4 m5 m6
      	    m7 m8 m9 m10 m11 m12
      	    y1 y2 y3
      	    p1 p2 p3
      	    x3p1 x2p2 x1p3;
      USEVARIABLES = x1 x2 x3
      	    m1 m2 m3 m4 m5 m6
      	    m7 m8 m9 m10 m11 m12
      	    y1 y2 y3
      	    x3p1 x2p2 x1p3;

    ANALYSIS:
      TYPE = general;
      ESTIMATOR = MLR;
    MODEL:
      !measurement model
      X BY x3 x2 x1;
      X (var_X);
      M BY m12 m11 m10 m9 m8 m7 m6 m5 m4 m3 m2 m1;
      M (var_M);
      Y BY y3 y2 y1;
      Y (resvar_Y);
      XM BY x3p1 x2p2 x1p3;
      XM (var_XM);

      !covariances between predictors
      X WITH M (cov_XM);
      X WITH XM (cov_XXM);
      M WITH XM (cov_MXM);

      !structural model
      Y ON X (b1);
      Y ON M (b2);
      Y ON XM (b3);

    MODEL CONSTRAINT:

      NEW(var_Y std_b1 std_b2 std_b3);
      var_Y = resvar_Y +
       (b1^2 * var_X +
        b2^2 * var_M +
        b3^2 * var_XM +
        2 * b1 * b2 * cov_XM +
        2 * b1 * b3 * cov_XXM +
        2 * b2 * b3 * cov_MXM);

        std_b1 = b1 * sqrt(var_X) / sqrt(var_Y);
        std_b2 = b2 * sqrt(var_M) / sqrt(var_Y);
        std_b3 = b3 * sqrt(var_X) * sqrt(var_M) / sqrt(var_Y);

    OUTPUT:
      sampstat tech1 CINTERVAL;

    SAVEDATA:
      RESULTS = parcelupi_results_1573.dat;




INPUT READING TERMINATED NORMALLY



Parceling Unconstrained Product Indicator

SUMMARY OF ANALYSIS

Number of groups                                                 1
Number of observations                                         100

Number of dependent variables                                   21
Number of independent variables                                  0
Number of continuous latent variables                            4

Observed dependent variables

  Continuous
   X1          X2          X3          M1          M2          M3
   M4          M5          M6          M7          M8          M9
   M10         M11         M12         Y1          Y2          Y3
   X3P1        X2P2        X1P3

Continuous latent variables
   X           M           Y           XM


Estimator                                                      MLR
Information matrix                                        OBSERVED
Maximum number of iterations                                  1000
Convergence criterion                                    0.500D-04
Maximum number of steepest descent iterations                   20

Input data file(s)
  parcelupi_simdat_1573.dat

Input data format  FREE


SAMPLE STATISTICS


     SAMPLE STATISTICS


           Means
              X1            X2            X3            M1            M2
              ________      ________      ________      ________      ________
                0.000         0.000         0.000         0.000         0.000


           Means
              M3            M4            M5            M6            M7
              ________      ________      ________      ________      ________
                0.000         0.000         0.000         0.000         0.000


           Means
              M8            M9            M10           M11           M12
              ________      ________      ________      ________      ________
                0.000         0.000         0.000         0.000         0.000


           Means
              Y1            Y2            Y3            X3P1          X2P2
              ________      ________      ________      ________      ________
                0.615         0.843         0.977         0.000         0.000


           Means
              X1P3
              ________
                0.000


           Covariances
              X1            X2            X3            M1            M2
              ________      ________      ________      ________      ________
 X1             0.249
 X2             0.064         0.248
 X3             0.084         0.119         0.250
 M1             0.039         0.087         0.171         2.746
 M2            -0.039        -0.030        -0.018         0.013         2.493
 M3            -0.043        -0.026        -0.020         0.083         0.335
 M4            -0.003         0.058         0.006         0.045        -0.221
 M5             0.080         0.080         0.250         0.130         0.080
 M6             0.025        -0.084        -0.017         0.234        -0.429
 M7             0.194         0.045         0.002         0.115         0.226
 M8             0.123        -0.066         0.042         0.321         0.313
 M9             0.055         0.017         0.014         0.228         0.043
 M10            0.074         0.004         0.044         0.714         0.326
 M11            0.098         0.007        -0.022         0.383         0.380
 M12            0.128         0.059         0.077         0.133         0.294
 Y1             0.068         0.090         0.077         0.015         0.195
 Y2             0.080         0.152         0.084        -0.086         0.042
 Y3             0.112         0.210         0.095        -0.081         0.057
 X3P1           0.002        -0.020        -0.003         0.109        -0.129
 X2P2          -0.019         0.000        -0.021         0.036         0.058
 X1P3          -0.004        -0.005         0.022         0.089         0.019


           Covariances
              M3            M4            M5            M6            M7
              ________      ________      ________      ________      ________
 M3             2.437
 M4            -0.071         2.385
 M5             0.070        -0.400         2.640
 M6            -0.297         0.109         0.320         1.974
 M7             0.422        -0.238         0.310        -0.059         2.586
 M8             0.287         0.333         0.030         0.064         0.328
 M9             0.659         0.387         0.230         0.201         0.748
 M10            0.522         0.202         0.190         0.265         0.494
 M11            0.328         0.626         0.040         0.383         0.790
 M12            0.480         0.442         0.700         0.382         0.657
 Y1             0.224        -0.037         0.241        -0.107         0.249
 Y2             0.151         0.151         0.075        -0.133         0.154
 Y3             0.269         0.088         0.356        -0.266         0.410
 X3P1           0.032         0.017         0.066         0.052         0.139
 X2P2           0.007        -0.004         0.049         0.111         0.122
 X1P3           0.006        -0.071         0.132         0.091         0.008


           Covariances
              M8            M9            M10           M11           M12
              ________      ________      ________      ________      ________
 M8             2.330
 M9             0.332         2.248
 M10            0.553         0.475         2.449
 M11            0.568         0.744         0.768         2.194
 M12            0.819         0.740         0.853         1.269         2.238
 Y1             0.289         0.129         0.262         0.284         0.286
 Y2             0.241         0.211         0.028         0.452         0.329
 Y3             0.442         0.159         0.039         0.295         0.460
 X3P1           0.057         0.016         0.108         0.028         0.079
 X2P2          -0.037         0.005         0.059         0.012        -0.009
 X1P3           0.035        -0.045         0.059         0.056         0.065


           Covariances
              Y1            Y2            Y3            X3P1          X2P2
              ________      ________      ________      ________      ________
 Y1             0.769
 Y2             0.314         1.046
 Y3             0.487         0.740         1.379
 X3P1          -0.029         0.001         0.008         0.205
 X2P2           0.031         0.007         0.029         0.038         0.192
 X1P3           0.049         0.007         0.059         0.025         0.026


           Covariances
              X1P3
              ________
 X1P3           0.183


           Correlations
              X1            X2            X3            M1            M2
              ________      ________      ________      ________      ________
 X1             1.000
 X2             0.256         1.000
 X3             0.338         0.479         1.000
 M1             0.047         0.105         0.206         1.000
 M2            -0.049        -0.038        -0.022         0.005         1.000
 M3            -0.055        -0.033        -0.026         0.032         0.136
 M4            -0.004         0.075         0.008         0.017        -0.091
 M5             0.099         0.099         0.308         0.048         0.031
 M6             0.035        -0.119        -0.024         0.100        -0.193
 M7             0.241         0.056         0.003         0.043         0.089
 M8             0.161        -0.087         0.055         0.127         0.130
 M9             0.074         0.023         0.018         0.092         0.018
 M10            0.095         0.005         0.057         0.275         0.132
 M11            0.132         0.009        -0.029         0.156         0.162
 M12            0.172         0.080         0.103         0.054         0.125
 Y1             0.156         0.206         0.175         0.010         0.141
 Y2             0.156         0.297         0.164        -0.051         0.026
 Y3             0.191         0.359         0.162        -0.042         0.031
 X3P1           0.009        -0.088        -0.012         0.146        -0.180
 X2P2          -0.086         0.001        -0.098         0.049         0.084
 X1P3          -0.018        -0.023         0.103         0.126         0.028


           Correlations
              M3            M4            M5            M6            M7
              ________      ________      ________      ________      ________
 M3             1.000
 M4            -0.029         1.000
 M5             0.028        -0.159         1.000
 M6            -0.135         0.050         0.140         1.000
 M7             0.168        -0.096         0.119        -0.026         1.000
 M8             0.120         0.141         0.012         0.030         0.134
 M9             0.281         0.167         0.094         0.096         0.310
 M10            0.214         0.084         0.075         0.120         0.196
 M11            0.142         0.274         0.017         0.184         0.332
 M12            0.205         0.191         0.288         0.182         0.273
 Y1             0.164        -0.027         0.169        -0.087         0.177
 Y2             0.094         0.096         0.045        -0.092         0.094
 Y3             0.147         0.048         0.187        -0.161         0.217
 X3P1           0.045         0.025         0.090         0.081         0.191
 X2P2           0.010        -0.006         0.068         0.181         0.173
 X1P3           0.010        -0.107         0.190         0.151         0.012


           Correlations
              M8            M9            M10           M11           M12
              ________      ________      ________      ________      ________
 M8             1.000
 M9             0.145         1.000
 M10            0.231         0.203         1.000
 M11            0.251         0.335         0.331         1.000
 M12            0.359         0.330         0.364         0.573         1.000
 Y1             0.216         0.098         0.191         0.219         0.218
 Y2             0.154         0.138         0.018         0.298         0.215
 Y3             0.247         0.090         0.021         0.169         0.262
 X3P1           0.082         0.023         0.153         0.041         0.116
 X2P2          -0.055         0.007         0.086         0.018        -0.013
 X1P3           0.054        -0.070         0.088         0.089         0.101


           Correlations
              Y1            Y2            Y3            X3P1          X2P2
              ________      ________      ________      ________      ________
 Y1             1.000
 Y2             0.351         1.000
 Y3             0.473         0.616         1.000
 X3P1          -0.073         0.001         0.015         1.000
 X2P2           0.080         0.016         0.056         0.191         1.000
 X1P3           0.132         0.016         0.118         0.128         0.139


           Correlations
              X1P3
              ________
 X1P3           1.000


UNIVARIATE SAMPLE STATISTICS


     UNIVARIATE HIGHER-ORDER MOMENT DESCRIPTIVE STATISTICS

         Variable/         Mean/     Skewness/   Minimum/ % with                Percentiles
        Sample Size      Variance    Kurtosis    Maximum  Min/Max      20%/60%    40%/80%    Median

     X1                    0.000      -0.120      -0.530   47.00%      -0.530     -0.530      0.470
             100.000       0.249      -1.986       0.470   53.00%       0.470      0.470
     X2                    0.000      -0.161      -0.540   46.00%      -0.540     -0.540      0.460
             100.000       0.248      -1.974       0.460   54.00%       0.460      0.460
     X3                    0.000      -0.080      -0.520   48.00%      -0.520     -0.520      0.480
             100.000       0.250      -1.994       0.480   52.00%       0.480      0.480
     M1                    0.000      -0.204      -2.210   27.00%      -2.210     -0.210     -0.210
             100.000       2.746      -1.605       1.790   37.00%       0.790      1.790
     M2                    0.000      -0.123      -2.130   25.00%      -2.130     -0.130     -0.130
             100.000       2.493      -1.515       1.870   31.00%       0.870      1.870
     M3                    0.000      -0.280      -2.270   22.00%      -2.270     -0.270      0.730
             100.000       2.437      -1.453       1.730   33.00%       0.730      1.730
     M4                    0.000       0.101      -1.930   26.00%      -1.930     -0.930      0.070
             100.000       2.385      -1.498       2.070   25.00%       0.070      2.070
     M5                    0.000       0.000      -2.000   30.00%      -2.000     -1.000      0.000
             100.000       2.640      -1.588       2.000   30.00%       1.000      2.000
     M6                    0.000       0.156      -1.840   24.00%      -1.840     -0.840      0.160
             100.000       1.974      -1.201       2.160   18.00%       0.160      1.160
     M7                    0.000       0.094      -1.880   33.00%      -1.880     -0.880      0.120
             100.000       2.586      -1.557       2.120   26.00%       0.120      2.120
     M8                    0.000       0.118      -1.900   27.00%      -1.900     -0.900      0.100
             100.000       2.330      -1.436       2.100   24.00%       0.100      2.100
     M9                    0.000       0.148      -1.820   29.00%      -1.820     -0.820      0.180
             100.000       2.248      -1.400       2.180   20.00%       0.180      1.180
     M10                   0.000       0.076      -2.030   23.00%      -2.030     -1.030     -0.030
             100.000       2.449      -1.519       1.970   31.00%      -0.030      1.970
     M11                   0.000      -0.156      -2.080   24.00%      -2.080     -0.080     -0.080
             100.000       2.194      -1.354       1.920   23.00%       0.920      1.920
     M12                   0.000       0.045      -1.890   28.00%      -1.890     -0.890      0.110
             100.000       2.238      -1.420       2.110   20.00%       0.110      1.110
     Y1                    0.615       0.141      -1.382    1.00%      -0.289      0.397      0.623
             100.000       0.769      -0.486       2.616    1.00%       0.823      1.311
     Y2                    0.843       0.282      -1.840    1.00%       0.004      0.558      0.802
             100.000       1.046       1.254       4.593    1.00%       0.957      1.669
     Y3                    0.977      -0.130      -2.378    1.00%       0.033      0.675      1.052
             100.000       1.379       0.471       4.329    1.00%       1.322      1.892
     X3P1                  0.000      -0.080      -1.009    1.00%      -0.409     -0.086      0.043
             100.000       0.205      -0.653       0.954    1.00%       0.173      0.311
     X2P2                  0.000       0.201      -0.930    1.00%      -0.388     -0.125     -0.010
             100.000       0.192      -0.854       0.910    1.00%       0.152      0.422
     X1P3                  0.000      -0.067      -0.987    1.00%      -0.417     -0.065      0.053
             100.000       0.183      -0.633       0.875    1.00%       0.073      0.405


     THIS ANALYSIS MAY HAVE MULTIPLE SOLUTIONS.  EXPLORE THIS USING RANDOM STARTS,
     FOR EXAMPLE, STARTS = 20.  USE A LARGE ENOUGH NUMBER OF STARTS SO THAT THE
     BEST FIT FUNCTION VALUE IS REPLICATED SEVERAL TIMES.


THE MODEL ESTIMATION TERMINATED NORMALLY

     THE STANDARD ERRORS OF THE MODEL PARAMETER ESTIMATES MAY NOT BE
     TRUSTWORTHY FOR SOME PARAMETERS DUE TO A NON-POSITIVE DEFINITE
     FIRST-ORDER DERIVATIVE PRODUCT MATRIX.  THIS MAY BE DUE TO THE STARTING
     VALUES BUT MAY ALSO BE AN INDICATION OF MODEL NONIDENTIFICATION.  THE
     CONDITION NUMBER IS       0.199D-18.  PROBLEM INVOLVING THE FOLLOWING PARAMETER:
     Parameter 67, XM WITH X (equality/label)

     THIS IS MOST LIKELY DUE TO VARIABLE X1 BEING DICHOTOMOUS BUT
     DECLARED AS CONTINUOUS.




MODEL FIT INFORMATION

Number of Free Parameters                       69

Loglikelihood

          H0 Value                       -2916.836
          H0 Scaling Correction Factor      0.9053
            for MLR
          H1 Value                       -2826.323
          H1 Scaling Correction Factor      0.9633
            for MLR

Information Criteria

          Akaike (AIC)                    5971.671
          Bayesian (BIC)                  6151.428
          Sample-Size Adjusted BIC        5933.509
            (n* = (n + 2) / 24)

Chi-Square Test of Model Fit

          Value                            183.747*
          Degrees of Freedom                   183
          P-Value                           0.4706
          Scaling Correction Factor         0.9852
            for MLR

*   The chi-square value for MLM, MLMV, MLR, ULSMV, WLSM and WLSMV cannot be used
    for chi-square difference testing in the regular way.  MLM, MLR and WLSM
    chi-square difference testing is described on the Mplus website.  MLMV, WLSMV,
    and ULSMV difference testing is done using the DIFFTEST option.

RMSEA (Root Mean Square Error Of Approximation)

          Estimate                           0.006
          90 Percent C.I.                    0.000  0.045
          Probability RMSEA <= .05           0.979

CFI/TLI

          CFI                                0.997
          TLI                                0.996

Chi-Square Test of Model Fit for the Baseline Model

          Value                            443.160
          Degrees of Freedom                   210
          P-Value                           0.0000

SRMR (Standardized Root Mean Square Residual)

          Value                              0.074



MODEL RESULTS

                                                    Two-Tailed
                    Estimate       S.E.  Est./S.E.    P-Value

 X        BY
    X3                 1.000      0.000    999.000    999.000
    X2                 1.224      0.384      3.185      0.001
    X1                 0.656      0.193      3.406      0.001

 M        BY
    M12                1.000      0.000    999.000    999.000
    M11                0.909      0.157      5.784      0.000
    M10                0.639      0.153      4.171      0.000
    M9                 0.589      0.149      3.955      0.000
    M8                 0.548      0.137      4.012      0.000
    M7                 0.569      0.172      3.303      0.001
    M6                 0.217      0.141      1.532      0.125
    M5                 0.301      0.170      1.774      0.076
    M4                 0.307      0.152      2.018      0.044
    M3                 0.381      0.163      2.336      0.019
    M2                 0.233      0.160      1.454      0.146
    M1                 0.246      0.168      1.464      0.143

 Y        BY
    Y3                 1.000      0.000    999.000    999.000
    Y2                 0.723      0.123      5.872      0.000
    Y1                 0.478      0.093      5.130      0.000

 XM       BY
    X3P1               1.000      0.000    999.000    999.000
    X2P2               0.837      0.818      1.022      0.307
    X1P3               0.660      0.796      0.829      0.407

 Y        ON
    X                  1.491      0.625      2.387      0.017
    M                  0.254      0.120      2.118      0.034
    XM                 0.482      1.347      0.358      0.721

 X        WITH
    M                  0.046      0.063      0.743      0.458
    XM                -0.007      0.016     -0.454      0.650

 M        WITH
    XM                 0.065      0.076      0.860      0.390

 Intercepts
    X1                 0.000      0.050      0.000      1.000
    X2                 0.000      0.050      0.000      1.000
    X3                 0.000      0.050      0.000      1.000
    M1                 0.000      0.166      0.000      1.000
    M2                 0.000      0.158      0.000      1.000
    M3                 0.000      0.156      0.000      1.000
    M4                 0.000      0.154      0.000      1.000
    M5                 0.000      0.162      0.000      1.000
    M6                 0.000      0.141      0.000      1.000
    M7                 0.000      0.161      0.000      1.000
    M8                 0.000      0.153      0.000      1.000
    M9                 0.000      0.150      0.000      1.000
    M10                0.000      0.156      0.000      1.000
    M11                0.000      0.148      0.000      1.000
    M12                0.000      0.150      0.000      1.000
    Y1                 0.615      0.088      7.011      0.000
    Y2                 0.843      0.102      8.242      0.000
    Y3                 0.977      0.117      8.321      0.000
    X3P1               0.000      0.045      0.000      1.000
    X2P2               0.000      0.044      0.000      1.000
    X1P3               0.000      0.043      0.000      1.000

 Variances
    X                  0.097      0.038      2.535      0.011
    M                  1.369      0.269      5.083      0.000
    XM                 0.043      0.048      0.896      0.370

 Residual Variances
    X1                 0.208      0.030      6.927      0.000
    X2                 0.104      0.048      2.167      0.030
    X3                 0.153      0.038      4.008      0.000
    M1                 2.663      0.199     13.383      0.000
    M2                 2.419      0.190     12.754      0.000
    M3                 2.238      0.229      9.777      0.000
    M4                 2.256      0.190     11.885      0.000
    M5                 2.516      0.213     11.799      0.000
    M6                 1.910      0.187     10.195      0.000
    M7                 2.143      0.241      8.889      0.000
    M8                 1.919      0.227      8.441      0.000
    M9                 1.773      0.229      7.741      0.000
    M10                1.890      0.253      7.478      0.000
    M11                1.063      0.258      4.121      0.000
    M12                0.869      0.202      4.294      0.000
    Y1                 0.538      0.089      6.026      0.000
    Y2                 0.518      0.121      4.295      0.000
    Y3                 0.368      0.164      2.250      0.024
    X3P1               0.162      0.050      3.203      0.001
    X2P2               0.162      0.035      4.634      0.000
    X1P3               0.164      0.038      4.271      0.000
    Y                  0.656      0.191      3.435      0.001

New/Additional Parameters
    VAR_Y              1.010      0.239      4.233      0.000
    STD_B1             0.461      0.123      3.762      0.000
    STD_B2             0.296      0.141      2.095      0.036
    STD_B3             0.174      0.483      0.361      0.718


QUALITY OF NUMERICAL RESULTS

     Condition Number for the Information Matrix              0.108E-03
       (ratio of smallest to largest eigenvalue)


CONFIDENCE INTERVALS OF MODEL RESULTS

                  Lower .5%  Lower 2.5%    Lower 5%    Estimate    Upper 5%  Upper 2.5%   Upper .5%

 X        BY
    X3               1.000       1.000       1.000       1.000       1.000       1.000       1.000
    X2               0.234       0.471       0.592       1.224       1.856       1.977       2.214
    X1               0.160       0.279       0.339       0.656       0.973       1.033       1.152

 M        BY
    M12              1.000       1.000       1.000       1.000       1.000       1.000       1.000
    M11              0.504       0.601       0.650       0.909       1.167       1.216       1.313
    M10              0.245       0.339       0.387       0.639       0.891       0.940       1.034
    M9               0.205       0.297       0.344       0.589       0.834       0.881       0.972
    M8               0.196       0.280       0.323       0.548       0.773       0.816       0.900
    M7               0.125       0.231       0.285       0.569       0.852       0.906       1.012
    M6              -0.148      -0.061      -0.016       0.217       0.450       0.494       0.581
    M5              -0.136      -0.032       0.022       0.301       0.580       0.633       0.738
    M4              -0.085       0.009       0.057       0.307       0.557       0.604       0.698
    M3              -0.039       0.061       0.113       0.381       0.649       0.700       0.801
    M2              -0.180      -0.081      -0.031       0.233       0.497       0.547       0.646
    M1              -0.187      -0.083      -0.030       0.246       0.523       0.575       0.679

 Y        BY
    Y3               1.000       1.000       1.000       1.000       1.000       1.000       1.000
    Y2               0.406       0.482       0.521       0.723       0.926       0.965       1.040
    Y1               0.238       0.296       0.325       0.478       0.632       0.661       0.719

 XM       BY
    X3P1             1.000       1.000       1.000       1.000       1.000       1.000       1.000
    X2P2            -1.271      -0.767      -0.509       0.837       2.183       2.441       2.945
    X1P3            -1.390      -0.900      -0.649       0.660       1.969       2.219       2.709

 Y        ON
    X               -0.118       0.267       0.464       1.491       2.519       2.716       3.101
    M               -0.055       0.019       0.057       0.254       0.452       0.490       0.564
    XM              -2.987      -2.158      -1.734       0.482       2.697       3.122       3.951

 X        WITH
    M               -0.115      -0.076      -0.056       0.046       0.149       0.169       0.208
    XM              -0.049      -0.039      -0.034      -0.007       0.019       0.024       0.034

 M        WITH
    XM              -0.130      -0.083      -0.059       0.065       0.190       0.214       0.260

 Intercepts
    X1              -0.129      -0.098      -0.082       0.000       0.082       0.098       0.129
    X2              -0.128      -0.098      -0.082       0.000       0.082       0.098       0.128
    X3              -0.129      -0.098      -0.082       0.000       0.082       0.098       0.129
    M1              -0.427      -0.325      -0.273       0.000       0.273       0.325       0.427
    M2              -0.407      -0.309      -0.260       0.000       0.260       0.309       0.407
    M3              -0.402      -0.306      -0.257       0.000       0.257       0.306       0.402
    M4              -0.398      -0.303      -0.254       0.000       0.254       0.303       0.398
    M5              -0.419      -0.318      -0.267       0.000       0.267       0.318       0.419
    M6              -0.362      -0.275      -0.231       0.000       0.231       0.275       0.362
    M7              -0.414      -0.315      -0.265       0.000       0.265       0.315       0.414
    M8              -0.393      -0.299      -0.251       0.000       0.251       0.299       0.393
    M9              -0.386      -0.294      -0.247       0.000       0.247       0.294       0.386
    M10             -0.403      -0.307      -0.257       0.000       0.257       0.307       0.403
    M11             -0.381      -0.290      -0.244       0.000       0.244       0.290       0.381
    M12             -0.385      -0.293      -0.246       0.000       0.246       0.293       0.385
    Y1               0.389       0.443       0.471       0.615       0.759       0.787       0.841
    Y2               0.579       0.642       0.675       0.843       1.011       1.043       1.106
    Y3               0.675       0.747       0.784       0.977       1.170       1.207       1.279
    X3P1            -0.117      -0.089      -0.074       0.000       0.074       0.089       0.117
    X2P2            -0.113      -0.086      -0.072       0.000       0.072       0.086       0.113
    X1P3            -0.110      -0.084      -0.070       0.000       0.070       0.084       0.110

 Variances
    X               -0.002       0.022       0.034       0.097       0.159       0.171       0.195
    M                0.675       0.841       0.926       1.369       1.812       1.897       2.063
    XM              -0.081      -0.051      -0.036       0.043       0.123       0.138       0.168

 Residual Variances
    X1               0.130       0.149       0.158       0.208       0.257       0.266       0.285
    X2              -0.020       0.010       0.025       0.104       0.182       0.198       0.227
    X3               0.055       0.078       0.090       0.153       0.216       0.228       0.251
    M1               2.150       2.273       2.336       2.663       2.990       3.053       3.176
    M2               1.930       2.047       2.107       2.419       2.731       2.790       2.907
    M3               1.649       1.790       1.862       2.238       2.615       2.687       2.828
    M4               1.767       1.884       1.944       2.256       2.569       2.629       2.745
    M5               1.967       2.098       2.165       2.516       2.867       2.934       3.065
    M6               1.427       1.543       1.602       1.910       2.218       2.277       2.393
    M7               1.522       1.671       1.746       2.143       2.540       2.616       2.764
    M8               1.333       1.473       1.545       1.919       2.292       2.364       2.504
    M9               1.183       1.324       1.396       1.773       2.150       2.222       2.363
    M10              1.239       1.394       1.474       1.890       2.305       2.385       2.540
    M11              0.399       0.558       0.639       1.063       1.488       1.569       1.728
    M12              0.348       0.472       0.536       0.869       1.202       1.265       1.390
    Y1               0.308       0.363       0.391       0.538       0.684       0.712       0.767
    Y2               0.207       0.281       0.319       0.518       0.716       0.754       0.828
    Y3              -0.053       0.048       0.099       0.368       0.637       0.689       0.790
    X3P1             0.032       0.063       0.079       0.162       0.245       0.261       0.292
    X2P2             0.072       0.093       0.104       0.162       0.219       0.230       0.252
    X1P3             0.065       0.089       0.101       0.164       0.227       0.239       0.263
    Y                0.164       0.282       0.342       0.656       0.971       1.031       1.148

New/Additional Parameters
    VAR_Y            0.396       0.543       0.618       1.010       1.403       1.478       1.625
    STD_B1           0.145       0.221       0.259       0.461       0.663       0.701       0.777
    STD_B2          -0.068       0.019       0.064       0.296       0.529       0.573       0.660
    STD_B3          -1.069      -0.772      -0.620       0.174       0.969       1.121       1.418


TECHNICAL 1 OUTPUT


     PARAMETER SPECIFICATION


           NU
              X1            X2            X3            M1            M2
              ________      ________      ________      ________      ________
                  1             2             3             4             5


           NU
              M3            M4            M5            M6            M7
              ________      ________      ________      ________      ________
                  6             7             8             9            10


           NU
              M8            M9            M10           M11           M12
              ________      ________      ________      ________      ________
                 11            12            13            14            15


           NU
              Y1            Y2            Y3            X3P1          X2P2
              ________      ________      ________      ________      ________
                 16            17            18            19            20


           NU
              X1P3
              ________
                 21


           LAMBDA
              X             M             Y             XM
              ________      ________      ________      ________
 X1                22             0             0             0
 X2                23             0             0             0
 X3                 0             0             0             0
 M1                 0            24             0             0
 M2                 0            25             0             0
 M3                 0            26             0             0
 M4                 0            27             0             0
 M5                 0            28             0             0
 M6                 0            29             0             0
 M7                 0            30             0             0
 M8                 0            31             0             0
 M9                 0            32             0             0
 M10                0            33             0             0
 M11                0            34             0             0
 M12                0             0             0             0
 Y1                 0             0            35             0
 Y2                 0             0            36             0
 Y3                 0             0             0             0
 X3P1               0             0             0             0
 X2P2               0             0             0            37
 X1P3               0             0             0            38


           THETA
              X1            X2            X3            M1            M2
              ________      ________      ________      ________      ________
 X1                39
 X2                 0            40
 X3                 0             0            41
 M1                 0             0             0            42
 M2                 0             0             0             0            43
 M3                 0             0             0             0             0
 M4                 0             0             0             0             0
 M5                 0             0             0             0             0
 M6                 0             0             0             0             0
 M7                 0             0             0             0             0
 M8                 0             0             0             0             0
 M9                 0             0             0             0             0
 M10                0             0             0             0             0
 M11                0             0             0             0             0
 M12                0             0             0             0             0
 Y1                 0             0             0             0             0
 Y2                 0             0             0             0             0
 Y3                 0             0             0             0             0
 X3P1               0             0             0             0             0
 X2P2               0             0             0             0             0
 X1P3               0             0             0             0             0


           THETA
              M3            M4            M5            M6            M7
              ________      ________      ________      ________      ________
 M3                44
 M4                 0            45
 M5                 0             0            46
 M6                 0             0             0            47
 M7                 0             0             0             0            48
 M8                 0             0             0             0             0
 M9                 0             0             0             0             0
 M10                0             0             0             0             0
 M11                0             0             0             0             0
 M12                0             0             0             0             0
 Y1                 0             0             0             0             0
 Y2                 0             0             0             0             0
 Y3                 0             0             0             0             0
 X3P1               0             0             0             0             0
 X2P2               0             0             0             0             0
 X1P3               0             0             0             0             0


           THETA
              M8            M9            M10           M11           M12
              ________      ________      ________      ________      ________
 M8                49
 M9                 0            50
 M10                0             0            51
 M11                0             0             0            52
 M12                0             0             0             0            53
 Y1                 0             0             0             0             0
 Y2                 0             0             0             0             0
 Y3                 0             0             0             0             0
 X3P1               0             0             0             0             0
 X2P2               0             0             0             0             0
 X1P3               0             0             0             0             0


           THETA
              Y1            Y2            Y3            X3P1          X2P2
              ________      ________      ________      ________      ________
 Y1                54
 Y2                 0            55
 Y3                 0             0            56
 X3P1               0             0             0            57
 X2P2               0             0             0             0            58
 X1P3               0             0             0             0             0


           THETA
              X1P3
              ________
 X1P3              59


           ALPHA
              X             M             Y             XM
              ________      ________      ________      ________
                  0             0             0             0


           BETA
              X             M             Y             XM
              ________      ________      ________      ________
 X                  0             0             0             0
 M                  0             0             0             0
 Y                 60            61             0            62
 XM                 0             0             0             0


           PSI
              X             M             Y             XM
              ________      ________      ________      ________
 X                 63
 M                 64            65
 Y                  0             0            66
 XM                67            68             0            69


     PARAMETER SPECIFICATION FOR THE ADDITIONAL PARAMETERS


           New/Additional Parameters
              VAR_Y         STD_B1        STD_B2        STD_B3
              ________      ________      ________      ________
                   70            71            72            73


     STARTING VALUES


           NU
              X1            X2            X3            M1            M2
              ________      ________      ________      ________      ________
                0.000         0.000         0.000         0.000         0.000


           NU
              M3            M4            M5            M6            M7
              ________      ________      ________      ________      ________
                0.000         0.000         0.000         0.000         0.000


           NU
              M8            M9            M10           M11           M12
              ________      ________      ________      ________      ________
                0.000         0.000         0.000         0.000         0.000


           NU
              Y1            Y2            Y3            X3P1          X2P2
              ________      ________      ________      ________      ________
                0.615         0.843         0.977         0.000         0.000


           NU
              X1P3
              ________
                0.000


           LAMBDA
              X             M             Y             XM
              ________      ________      ________      ________
 X1             0.535         0.000         0.000         0.000
 X2             0.756         0.000         0.000         0.000
 X3             1.000         0.000         0.000         0.000
 M1             0.000         0.687         0.000         0.000
 M2             0.000         0.220         0.000         0.000
 M3             0.000         0.281         0.000         0.000
 M4             0.000         0.258         0.000         0.000
 M5             0.000        -0.053         0.000         0.000
 M6             0.000         0.324         0.000         0.000
 M7             0.000         0.461         0.000         0.000
 M8             0.000         0.263         0.000         0.000
 M9             0.000         0.328         0.000         0.000
 M10            0.000         0.743         0.000         0.000
 M11            0.000         0.456         0.000         0.000
 M12            0.000         1.000         0.000         0.000
 Y1             0.000         0.000         0.425         0.000
 Y2             0.000         0.000         0.645         0.000
 Y3             0.000         0.000         1.000         0.000
 X3P1           0.000         0.000         0.000         1.000
 X2P2           0.000         0.000         0.000         1.053
 X1P3           0.000         0.000         0.000         0.689


           THETA
              X1            X2            X3            M1            M2
              ________      ________      ________      ________      ________
 X1             0.125
 X2             0.000         0.124
 X3             0.000         0.000         0.125
 M1             0.000         0.000         0.000         1.373
 M2             0.000         0.000         0.000         0.000         1.247
 M3             0.000         0.000         0.000         0.000         0.000
 M4             0.000         0.000         0.000         0.000         0.000
 M5             0.000         0.000         0.000         0.000         0.000
 M6             0.000         0.000         0.000         0.000         0.000
 M7             0.000         0.000         0.000         0.000         0.000
 M8             0.000         0.000         0.000         0.000         0.000
 M9             0.000         0.000         0.000         0.000         0.000
 M10            0.000         0.000         0.000         0.000         0.000
 M11            0.000         0.000         0.000         0.000         0.000
 M12            0.000         0.000         0.000         0.000         0.000
 Y1             0.000         0.000         0.000         0.000         0.000
 Y2             0.000         0.000         0.000         0.000         0.000
 Y3             0.000         0.000         0.000         0.000         0.000
 X3P1           0.000         0.000         0.000         0.000         0.000
 X2P2           0.000         0.000         0.000         0.000         0.000
 X1P3           0.000         0.000         0.000         0.000         0.000


           THETA
              M3            M4            M5            M6            M7
              ________      ________      ________      ________      ________
 M3             1.219
 M4             0.000         1.193
 M5             0.000         0.000         1.320
 M6             0.000         0.000         0.000         0.987
 M7             0.000         0.000         0.000         0.000         1.293
 M8             0.000         0.000         0.000         0.000         0.000
 M9             0.000         0.000         0.000         0.000         0.000
 M10            0.000         0.000         0.000         0.000         0.000
 M11            0.000         0.000         0.000         0.000         0.000
 M12            0.000         0.000         0.000         0.000         0.000
 Y1             0.000         0.000         0.000         0.000         0.000
 Y2             0.000         0.000         0.000         0.000         0.000
 Y3             0.000         0.000         0.000         0.000         0.000
 X3P1           0.000         0.000         0.000         0.000         0.000
 X2P2           0.000         0.000         0.000         0.000         0.000
 X1P3           0.000         0.000         0.000         0.000         0.000


           THETA
              M8            M9            M10           M11           M12
              ________      ________      ________      ________      ________
 M8             1.165
 M9             0.000         1.124
 M10            0.000         0.000         1.225
 M11            0.000         0.000         0.000         1.097
 M12            0.000         0.000         0.000         0.000         1.119
 Y1             0.000         0.000         0.000         0.000         0.000
 Y2             0.000         0.000         0.000         0.000         0.000
 Y3             0.000         0.000         0.000         0.000         0.000
 X3P1           0.000         0.000         0.000         0.000         0.000
 X2P2           0.000         0.000         0.000         0.000         0.000
 X1P3           0.000         0.000         0.000         0.000         0.000


           THETA
              Y1            Y2            Y3            X3P1          X2P2
              ________      ________      ________      ________      ________
 Y1             0.384
 Y2             0.000         0.523
 Y3             0.000         0.000         0.689
 X3P1           0.000         0.000         0.000         0.102
 X2P2           0.000         0.000         0.000         0.000         0.096
 X1P3           0.000         0.000         0.000         0.000         0.000


           THETA
              X1P3
              ________
 X1P3           0.091


           ALPHA
              X             M             Y             XM
              ________      ________      ________      ________
                0.000         0.000         0.000         0.000


           BETA
              X             M             Y             XM
              ________      ________      ________      ________
 X              0.000         0.000         0.000         0.000
 M              0.000         0.000         0.000         0.000
 Y              0.000         0.000         0.000         0.000
 XM             0.000         0.000         0.000         0.000


           PSI
              X             M             Y             XM
              ________      ________      ________      ________
 X              0.050
 M              0.000         0.050
 Y              0.000         0.000         0.050
 XM             0.000         0.000         0.000         0.050


     STARTING VALUES FOR THE ADDITIONAL PARAMETERS


           New/Additional Parameters
              VAR_Y         STD_B1        STD_B2        STD_B3
              ________      ________      ________      ________
                0.500         0.500         0.500         0.500


RESULTS SAVING INFORMATION

  Order of data

    Parameter estimates
     (saved in order shown in Technical 1 output)
    Standard errors
     (saved in order shown in Technical 1 output)
    Number of Free Parameters
    H0 Loglikelihood
    H0 Scaling Correction Factor for MLR
    H1 Loglikelihood
    H1 Scaling Correction Factor for MLR
    Akaike (AIC)
    Bayesian (BIC)
    Sample-Size Adjusted BIC
    Chi-square : Value
    Chi-square : Degrees of Freedom
    Chi-square : P-Value
    Chi-square : Scaling Correction Factor for MLR/MLM/WLSM
    CFI
    TLI
    RMSEA : Estimate
    RMSEA : Low CI
    RMSEA : High CI
    RMSEA : Probability
    SRMR
    Condition Number

  Save file
    parcelupi_results_1573.dat

  Save file format           Free


     Beginning Time:  19:17:33
        Ending Time:  19:17:35
       Elapsed Time:  00:00:02



MUTHEN & MUTHEN
3463 Stoner Ave.
Los Angeles, CA  90066

Tel: (310) 391-9971
Fax: (310) 391-8971
Web: www.StatModel.com
Support: Support@StatModel.com

Copyright (c) 1998-2022 Muthen & Muthen
