Mplus VERSION 8.8 (Mac)
MUTHEN & MUTHEN
07/27/2025   2:28 PM

INPUT INSTRUCTIONS


    TITLE: Parceling Unconstrained Product Indicator

    DATA:
      FILE = parcelupi_simdat_673.dat;
      FORMAT IS FREE;

    VARIABLE:
      NAMES = x1 x2 x3
      	    m1 m2 m3 m4 m5 m6
      	    m7 m8 m9 m10 m11 m12
      	    y1 y2 y3
      	    p1 p2 p3
      	    x3p1 x2p2 x1p3;
      USEVARIABLES = x1 x2 x3
      	    m1 m2 m3 m4 m5 m6
      	    m7 m8 m9 m10 m11 m12
      	    y1 y2 y3
      	    x3p1 x2p2 x1p3;

    ANALYSIS:
      TYPE = general;
      ESTIMATOR = MLR;
    MODEL:
      !measurement model
      X BY x3 x2 x1;
      X (var_X);
      M BY m12 m11 m10 m9 m8 m7 m6 m5 m4 m3 m2 m1;
      M (var_M);
      Y BY y3 y2 y1;
      Y (resvar_Y);
      XM BY x3p1 x2p2 x1p3;
      XM (var_XM);

      !covariances between predictors
      X WITH M (cov_XM);
      X WITH XM (cov_XXM);
      M WITH XM (cov_MXM);

      !structural model
      Y ON X (b1);
      Y ON M (b2);
      Y ON XM (b3);

    MODEL CONSTRAINT:

      NEW(var_Y std_b1 std_b2 std_b3);
      var_Y = resvar_Y +
       (b1^2 * var_X +
        b2^2 * var_M +
        b3^2 * var_XM +
        2 * b1 * b2 * cov_XM +
        2 * b1 * b3 * cov_XXM +
        2 * b2 * b3 * cov_MXM);

        std_b1 = b1 * sqrt(var_X) / sqrt(var_Y);
        std_b2 = b2 * sqrt(var_M) / sqrt(var_Y);
        std_b3 = b3 * sqrt(var_X) * sqrt(var_M) / sqrt(var_Y);

    OUTPUT:
      sampstat tech1 CINTERVAL;

    SAVEDATA:
      RESULTS = parcelupi_results_673.dat;




INPUT READING TERMINATED NORMALLY



Parceling Unconstrained Product Indicator

SUMMARY OF ANALYSIS

Number of groups                                                 1
Number of observations                                         100

Number of dependent variables                                   21
Number of independent variables                                  0
Number of continuous latent variables                            4

Observed dependent variables

  Continuous
   X1          X2          X3          M1          M2          M3
   M4          M5          M6          M7          M8          M9
   M10         M11         M12         Y1          Y2          Y3
   X3P1        X2P2        X1P3

Continuous latent variables
   X           M           Y           XM


Estimator                                                      MLR
Information matrix                                        OBSERVED
Maximum number of iterations                                  1000
Convergence criterion                                    0.500D-04
Maximum number of steepest descent iterations                   20

Input data file(s)
  parcelupi_simdat_673.dat

Input data format  FREE


SAMPLE STATISTICS


     SAMPLE STATISTICS


           Means
              X1            X2            X3            M1            M2
              ________      ________      ________      ________      ________
                0.000         0.000         0.000         0.000         0.000


           Means
              M3            M4            M5            M6            M7
              ________      ________      ________      ________      ________
                0.000         0.000         0.000         0.000         0.000


           Means
              M8            M9            M10           M11           M12
              ________      ________      ________      ________      ________
                0.000         0.000         0.000         0.000         0.000


           Means
              Y1            Y2            Y3            X3P1          X2P2
              ________      ________      ________      ________      ________
                0.494         0.794         1.025         0.000         0.000


           Means
              X1P3
              ________
                0.000


           Covariances
              X1            X2            X3            M1            M2
              ________      ________      ________      ________      ________
 X1             0.248
 X2             0.059         0.242
 X3             0.094         0.093         0.249
 M1            -0.066        -0.009         0.063         2.270
 M2             0.088         0.065         0.128         0.106         2.596
 M3             0.106         0.007         0.194         0.436         0.378
 M4             0.069        -0.145         0.032         0.648        -0.087
 M5             0.105        -0.062         0.077         0.225         0.515
 M6             0.037        -0.059         0.096         0.285         0.513
 M7            -0.010         0.002         0.093         0.064         0.466
 M8            -0.021         0.072         0.069         0.392         0.319
 M9            -0.034         0.071         0.053         0.293         0.096
 M10            0.108         0.124         0.119         0.114         0.078
 M11            0.083         0.013         0.132         0.472         0.535
 M12            0.096         0.112         0.166         0.457         0.432
 Y1             0.020         0.007         0.065         0.073         0.213
 Y2             0.079         0.141         0.113         0.321         0.218
 Y3             0.041         0.134         0.099        -0.002         0.342
 X3P1           0.010        -0.019        -0.005        -0.088        -0.025
 X2P2           0.005         0.004        -0.020        -0.227        -0.113
 X1P3          -0.005        -0.031        -0.003        -0.025         0.003


           Covariances
              M3            M4            M5            M6            M7
              ________      ________      ________      ________      ________
 M3             2.620
 M4            -0.041         2.242
 M5             0.365         0.330         2.428
 M6             0.693        -0.006         0.323         2.627
 M7             0.244         0.473         0.340         0.202         2.302
 M8             0.103         0.444         0.015         0.351         0.025
 M9             0.252         0.806         0.268         0.276         0.715
 M10            0.396         0.159         0.620         0.262         0.340
 M11            0.519         0.512         0.520         0.526         0.279
 M12            0.436         0.138         0.517         0.698         0.497
 Y1             0.162         0.126         0.049         0.020         0.339
 Y2             0.347         0.059         0.044         0.135         0.097
 Y3             0.229         0.007         0.200         0.137         0.069
 X3P1          -0.174        -0.057        -0.003        -0.063        -0.121
 X2P2          -0.091        -0.040        -0.099        -0.039        -0.038
 X1P3          -0.013         0.087         0.030         0.092         0.023


           Covariances
              M8            M9            M10           M11           M12
              ________      ________      ________      ________      ________
 M8             2.600
 M9             0.455         2.197
 M10            0.679         0.681         2.418
 M11            0.662         0.578         0.933         2.314
 M12            0.611         0.612         1.071         1.048         1.889
 Y1             0.003         0.204         0.415         0.030         0.048
 Y2             0.193         0.094         0.590         0.433         0.213
 Y3             0.109         0.103         0.553         0.299         0.207
 X3P1          -0.001        -0.084        -0.007        -0.064        -0.028
 X2P2          -0.139         0.008        -0.069        -0.043        -0.088
 X1P3          -0.087        -0.102         0.041         0.047        -0.020


           Covariances
              Y1            Y2            Y3            X3P1          X2P2
              ________      ________      ________      ________      ________
 Y1             0.819
 Y2             0.402         1.081
 Y3             0.470         0.732         1.417
 X3P1           0.024        -0.026        -0.077         0.224
 X2P2          -0.018        -0.078        -0.124         0.059         0.210
 X1P3           0.026         0.045         0.005         0.065         0.022


           Covariances
              X1P3
              ________
 X1P3           0.215


           Correlations
              X1            X2            X3            M1            M2
              ________      ________      ________      ________      ________
 X1             1.000
 X2             0.239         1.000
 X3             0.377         0.378         1.000
 M1            -0.088        -0.012         0.084         1.000
 M2             0.109         0.083         0.159         0.044         1.000
 M3             0.131         0.009         0.240         0.179         0.145
 M4             0.092        -0.197         0.042         0.287        -0.036
 M5             0.135        -0.082         0.100         0.096         0.205
 M6             0.046        -0.075         0.119         0.117         0.196
 M7            -0.013         0.002         0.123         0.028         0.190
 M8            -0.026         0.091         0.086         0.161         0.123
 M9            -0.046         0.097         0.072         0.131         0.040
 M10            0.140         0.162         0.153         0.049         0.031
 M11            0.110         0.017         0.174         0.206         0.218
 M12            0.140         0.166         0.242         0.221         0.195
 Y1             0.044         0.015         0.143         0.054         0.146
 Y2             0.153         0.275         0.217         0.205         0.130
 Y3             0.070         0.229         0.166        -0.001         0.179
 X3P1           0.044        -0.083        -0.020        -0.123        -0.033
 X2P2           0.020         0.017        -0.089        -0.329        -0.154
 X1P3          -0.021        -0.136        -0.014        -0.036         0.003


           Correlations
              M3            M4            M5            M6            M7
              ________      ________      ________      ________      ________
 M3             1.000
 M4            -0.017         1.000
 M5             0.145         0.141         1.000
 M6             0.264        -0.002         0.128         1.000
 M7             0.099         0.208         0.144         0.082         1.000
 M8             0.039         0.184         0.006         0.134         0.010
 M9             0.105         0.363         0.116         0.115         0.318
 M10            0.157         0.068         0.256         0.104         0.144
 M11            0.211         0.225         0.219         0.213         0.121
 M12            0.196         0.067         0.242         0.314         0.238
 Y1             0.111         0.093         0.035         0.013         0.247
 Y2             0.206         0.038         0.027         0.080         0.062
 Y3             0.119         0.004         0.108         0.071         0.038
 X3P1          -0.227        -0.081        -0.005        -0.082        -0.169
 X2P2          -0.123        -0.058        -0.139        -0.053        -0.054
 X1P3          -0.018         0.125         0.041         0.122         0.033


           Correlations
              M8            M9            M10           M11           M12
              ________      ________      ________      ________      ________
 M8             1.000
 M9             0.191         1.000
 M10            0.271         0.295         1.000
 M11            0.270         0.257         0.395         1.000
 M12            0.276         0.300         0.501         0.501         1.000
 Y1             0.002         0.152         0.295         0.022         0.039
 Y2             0.115         0.061         0.365         0.274         0.149
 Y3             0.057         0.058         0.299         0.165         0.127
 X3P1          -0.002        -0.120        -0.010        -0.090        -0.044
 X2P2          -0.188         0.011        -0.097        -0.061        -0.140
 X1P3          -0.117        -0.148         0.057         0.066        -0.031


           Correlations
              Y1            Y2            Y3            X3P1          X2P2
              ________      ________      ________      ________      ________
 Y1             1.000
 Y2             0.427         1.000
 Y3             0.437         0.591         1.000
 X3P1           0.057        -0.053        -0.136         1.000
 X2P2          -0.045        -0.164        -0.228         0.271         1.000
 X1P3           0.063         0.093         0.009         0.297         0.104


           Correlations
              X1P3
              ________
 X1P3           1.000


UNIVARIATE SAMPLE STATISTICS


     UNIVARIATE HIGHER-ORDER MOMENT DESCRIPTIVE STATISTICS

         Variable/         Mean/     Skewness/   Minimum/ % with                Percentiles
        Sample Size      Variance    Kurtosis    Maximum  Min/Max      20%/60%    40%/80%    Median

     X1                    0.000      -0.161      -0.540   46.00%      -0.540     -0.540      0.460
             100.000       0.248      -1.974       0.460   54.00%       0.460      0.460
     X2                    0.000       0.366      -0.410   59.00%      -0.410     -0.410     -0.410
             100.000       0.242      -1.866       0.590   41.00%       0.590      0.590
     X3                    0.000      -0.120      -0.530   47.00%      -0.530     -0.530      0.470
             100.000       0.249      -1.986       0.470   53.00%       0.470      0.470
     M1                    0.000       0.118      -1.900   26.00%      -1.900     -0.900      0.100
             100.000       2.270      -1.412       2.100   23.00%       0.100      2.100
     M2                    0.000       0.003      -2.060   26.00%      -2.060     -1.060     -0.060
             100.000       2.596      -1.573       1.940   33.00%       0.940      1.940
     M3                    0.000       0.100      -1.860   35.00%      -1.860     -0.860      0.140
             100.000       2.620      -1.560       2.140   26.00%       0.140      2.140
     M4                    0.000      -0.288      -2.280   20.00%      -2.280     -0.280     -0.280
             100.000       2.242      -1.316       1.720   31.00%       0.720      1.720
     M5                    0.000      -0.292      -2.250   23.00%      -2.250     -0.250      0.750
             100.000       2.428      -1.445       1.750   31.00%       0.750      1.750
     M6                    0.000       0.067      -1.950   30.00%      -1.950     -0.950      0.050
             100.000       2.627      -1.591       2.050   29.00%       1.050      2.050
     M7                    0.000      -0.204      -2.240   20.00%      -2.240     -0.240     -0.240
             100.000       2.302      -1.400       1.760   32.00%       0.760      1.760
     M8                    0.000       0.039      -2.020   27.00%      -2.020     -1.020     -0.020
             100.000       2.600      -1.570       1.980   32.00%      -0.020      1.980
     M9                    0.000       0.230      -1.730   31.00%      -1.730     -0.730      0.270
             100.000       2.197      -1.344       2.270   18.00%       0.270      1.270
     M10                   0.000      -0.082      -2.040   26.00%      -2.040     -1.040     -0.040
             100.000       2.418      -1.535       1.960   25.00%       0.960      1.960
     M11                   0.000       0.016      -1.920   28.00%      -1.920     -0.920      0.080
             100.000       2.314      -1.481       2.080   21.00%       1.080      2.080
     M12                   0.000       0.008      -1.970   20.00%      -1.970      0.030      0.030
             100.000       1.889      -1.195       2.030   18.00%       0.030      1.030
     Y1                    0.494       0.158      -1.408    1.00%      -0.258      0.237      0.461
             100.000       0.819      -0.014       3.142    1.00%       0.763      1.290
     Y2                    0.794      -0.257      -2.644    1.00%      -0.091      0.514      0.719
             100.000       1.081       0.202       3.041    1.00%       1.058      1.737
     Y3                    1.025       0.032      -2.461    1.00%       0.123      0.696      0.921
             100.000       1.417       0.599       4.562    1.00%       1.176      2.007
     X3P1                  0.000       0.009      -0.889    3.00%      -0.417     -0.182      0.038
             100.000       0.224      -0.943       0.966    1.00%       0.171      0.436
     X2P2                  0.000       0.282      -0.816    1.00%      -0.501     -0.099      0.046
             100.000       0.210      -0.435       1.121    3.00%       0.106      0.311
     X1P3                  0.000      -0.080      -1.128    1.00%      -0.453     -0.186      0.044
             100.000       0.215      -1.060       0.762    4.00%       0.159      0.492


     THIS ANALYSIS MAY HAVE MULTIPLE SOLUTIONS.  EXPLORE THIS USING RANDOM STARTS,
     FOR EXAMPLE, STARTS = 20.  USE A LARGE ENOUGH NUMBER OF STARTS SO THAT THE
     BEST FIT FUNCTION VALUE IS REPLICATED SEVERAL TIMES.


THE MODEL ESTIMATION TERMINATED NORMALLY

     THE STANDARD ERRORS OF THE MODEL PARAMETER ESTIMATES MAY NOT BE
     TRUSTWORTHY FOR SOME PARAMETERS DUE TO A NON-POSITIVE DEFINITE
     FIRST-ORDER DERIVATIVE PRODUCT MATRIX.  THIS MAY BE DUE TO THE STARTING
     VALUES BUT MAY ALSO BE AN INDICATION OF MODEL NONIDENTIFICATION.  THE
     CONDITION NUMBER IS      -0.748D-17.  PROBLEM INVOLVING THE FOLLOWING PARAMETER:
     Parameter 40, X2

     THIS IS MOST LIKELY DUE TO VARIABLE X1 BEING DICHOTOMOUS BUT
     DECLARED AS CONTINUOUS.




MODEL FIT INFORMATION

Number of Free Parameters                       69

Loglikelihood

          H0 Value                       -2930.320
          H0 Scaling Correction Factor      0.8879
            for MLR
          H1 Value                       -2825.956
          H1 Scaling Correction Factor      0.9653
            for MLR

Information Criteria

          Akaike (AIC)                    5998.640
          Bayesian (BIC)                  6178.397
          Sample-Size Adjusted BIC        5960.477
            (n* = (n + 2) / 24)

Chi-Square Test of Model Fit

          Value                            209.902*
          Degrees of Freedom                   183
          P-Value                           0.0842
          Scaling Correction Factor         0.9944
            for MLR

*   The chi-square value for MLM, MLMV, MLR, ULSMV, WLSM and WLSMV cannot be used
    for chi-square difference testing in the regular way.  MLM, MLR and WLSM
    chi-square difference testing is described on the Mplus website.  MLMV, WLSMV,
    and ULSMV difference testing is done using the DIFFTEST option.

RMSEA (Root Mean Square Error Of Approximation)

          Estimate                           0.038
          90 Percent C.I.                    0.000  0.060
          Probability RMSEA <= .05           0.786

CFI/TLI

          CFI                                0.898
          TLI                                0.883

Chi-Square Test of Model Fit for the Baseline Model

          Value                            474.897
          Degrees of Freedom                   210
          P-Value                           0.0000

SRMR (Standardized Root Mean Square Residual)

          Value                              0.075



MODEL RESULTS

                                                    Two-Tailed
                    Estimate       S.E.  Est./S.E.    P-Value

 X        BY
    X3                 1.000      0.000    999.000    999.000
    X2                 0.642      0.226      2.848      0.004
    X1                 0.628      0.199      3.148      0.002

 M        BY
    M12                1.000      0.000    999.000    999.000
    M11                0.983      0.161      6.111      0.000
    M10                0.936      0.167      5.599      0.000
    M9                 0.640      0.155      4.130      0.000
    M8                 0.593      0.172      3.454      0.001
    M7                 0.460      0.154      2.983      0.003
    M6                 0.553      0.170      3.258      0.001
    M5                 0.526      0.160      3.284      0.001
    M4                 0.359      0.189      1.901      0.057
    M3                 0.519      0.193      2.685      0.007
    M2                 0.443      0.175      2.527      0.012
    M1                 0.431      0.173      2.492      0.013

 Y        BY
    Y3                 1.000      0.000    999.000    999.000
    Y2                 0.936      0.227      4.126      0.000
    Y1                 0.557      0.130      4.275      0.000

 XM       BY
    X3P1               1.000      0.000    999.000    999.000
    X2P2               0.451      0.466      0.969      0.333
    X1P3               0.457      0.301      1.519      0.129

 Y        ON
    X                  0.607      0.430      1.410      0.159
    M                  0.241      0.146      1.654      0.098
    XM                -0.144      0.424     -0.338      0.735

 X        WITH
    M                  0.141      0.065      2.156      0.031
    XM                -0.009      0.025     -0.364      0.716

 M        WITH
    XM                -0.071      0.072     -0.981      0.326

 Intercepts
    X1                 0.000      0.050      0.000      1.000
    X2                 0.000      0.049      0.000      1.000
    X3                 0.000      0.050      0.000      1.000
    M1                 0.000      0.151      0.000      1.000
    M2                 0.000      0.161      0.000      1.000
    M3                 0.000      0.162      0.000      1.000
    M4                 0.000      0.150      0.000      1.000
    M5                 0.000      0.156      0.000      1.000
    M6                 0.000      0.162      0.000      1.000
    M7                 0.000      0.152      0.000      1.000
    M8                 0.000      0.161      0.000      1.000
    M9                 0.000      0.148      0.000      1.000
    M10                0.000      0.156      0.000      1.000
    M11                0.000      0.152      0.000      1.000
    M12                0.000      0.137      0.000      1.000
    Y1                 0.494      0.090      5.464      0.000
    Y2                 0.794      0.104      7.638      0.000
    Y3                 1.025      0.119      8.607      0.000
    X3P1               0.000      0.047      0.000      1.000
    X2P2               0.000      0.046      0.000      1.000
    X1P3               0.000      0.046      0.000      1.000

 Variances
    X                  0.147      0.050      2.962      0.003
    M                  1.032      0.251      4.105      0.000
    XM                 0.135      0.119      1.131      0.258

 Residual Variances
    X1                 0.191      0.027      6.951      0.000
    X2                 0.181      0.029      6.234      0.000
    X3                 0.102      0.050      2.069      0.039
    M1                 2.078      0.208      9.975      0.000
    M2                 2.394      0.203     11.818      0.000
    M3                 2.343      0.212     11.067      0.000
    M4                 2.109      0.206     10.238      0.000
    M5                 2.142      0.206     10.377      0.000
    M6                 2.312      0.221     10.451      0.000
    M7                 2.084      0.200     10.425      0.000
    M8                 2.237      0.226      9.906      0.000
    M9                 1.775      0.228      7.775      0.000
    M10                1.515      0.293      5.173      0.000
    M11                1.317      0.240      5.496      0.000
    M12                0.858      0.200      4.287      0.000
    Y1                 0.573      0.108      5.319      0.000
    Y2                 0.390      0.131      2.975      0.003
    Y3                 0.628      0.165      3.810      0.000
    X3P1               0.089      0.120      0.738      0.460
    X2P2               0.182      0.045      4.027      0.000
    X1P3               0.186      0.029      6.350      0.000
    Y                  0.625      0.206      3.028      0.002

New/Additional Parameters
    VAR_Y              0.789      0.240      3.283      0.001
    STD_B1             0.262      0.158      1.658      0.097
    STD_B2             0.276      0.164      1.683      0.092
    STD_B3            -0.063      0.182     -0.346      0.729


QUALITY OF NUMERICAL RESULTS

     Condition Number for the Information Matrix              0.403E-03
       (ratio of smallest to largest eigenvalue)


CONFIDENCE INTERVALS OF MODEL RESULTS

                  Lower .5%  Lower 2.5%    Lower 5%    Estimate    Upper 5%  Upper 2.5%   Upper .5%

 X        BY
    X3               1.000       1.000       1.000       1.000       1.000       1.000       1.000
    X2               0.061       0.200       0.271       0.642       1.013       1.084       1.223
    X1               0.114       0.237       0.300       0.628       0.956       1.019       1.141

 M        BY
    M12              1.000       1.000       1.000       1.000       1.000       1.000       1.000
    M11              0.569       0.668       0.718       0.983       1.247       1.298       1.397
    M10              0.505       0.608       0.661       0.936       1.211       1.263       1.366
    M9               0.241       0.336       0.385       0.640       0.895       0.944       1.039
    M8               0.151       0.256       0.311       0.593       0.875       0.929       1.035
    M7               0.063       0.158       0.206       0.460       0.713       0.762       0.857
    M6               0.116       0.220       0.274       0.553       0.832       0.885       0.990
    M5               0.113       0.212       0.262       0.526       0.789       0.840       0.938
    M4              -0.127      -0.011       0.048       0.359       0.669       0.729       0.845
    M3               0.021       0.140       0.201       0.519       0.836       0.897       1.016
    M2              -0.009       0.099       0.154       0.443       0.731       0.786       0.894
    M1              -0.015       0.092       0.146       0.431       0.716       0.770       0.877

 Y        BY
    Y3               1.000       1.000       1.000       1.000       1.000       1.000       1.000
    Y2               0.352       0.491       0.563       0.936       1.309       1.380       1.520
    Y1               0.221       0.302       0.343       0.557       0.772       0.813       0.893

 XM       BY
    X3P1             1.000       1.000       1.000       1.000       1.000       1.000       1.000
    X2P2            -0.749      -0.462      -0.315       0.451       1.218       1.365       1.652
    X1P3            -0.318      -0.133      -0.038       0.457       0.952       1.047       1.232

 Y        ON
    X               -0.502      -0.237      -0.101       0.607       1.315       1.450       1.716
    M               -0.134      -0.045       0.001       0.241       0.481       0.527       0.616
    XM              -1.237      -0.975      -0.842      -0.144       0.554       0.688       0.949

 X        WITH
    M               -0.027       0.013       0.033       0.141       0.249       0.270       0.310
    XM              -0.072      -0.057      -0.049      -0.009       0.031       0.039       0.054

 M        WITH
    XM              -0.256      -0.212      -0.189      -0.071       0.048       0.070       0.115

 Intercepts
    X1              -0.128      -0.098      -0.082       0.000       0.082       0.098       0.128
    X2              -0.127      -0.096      -0.081       0.000       0.081       0.096       0.127
    X3              -0.129      -0.098      -0.082       0.000       0.082       0.098       0.129
    M1              -0.388      -0.295      -0.248       0.000       0.248       0.295       0.388
    M2              -0.415      -0.316      -0.265       0.000       0.265       0.316       0.415
    M3              -0.417      -0.317      -0.266       0.000       0.266       0.317       0.417
    M4              -0.386      -0.293      -0.246       0.000       0.246       0.293       0.386
    M5              -0.401      -0.305      -0.256       0.000       0.256       0.305       0.401
    M6              -0.418      -0.318      -0.267       0.000       0.267       0.318       0.418
    M7              -0.391      -0.297      -0.250       0.000       0.250       0.297       0.391
    M8              -0.415      -0.316      -0.265       0.000       0.265       0.316       0.415
    M9              -0.382      -0.291      -0.244       0.000       0.244       0.291       0.382
    M10             -0.401      -0.305      -0.256       0.000       0.256       0.305       0.401
    M11             -0.392      -0.298      -0.250       0.000       0.250       0.298       0.392
    M12             -0.354      -0.269      -0.226       0.000       0.226       0.269       0.354
    Y1               0.261       0.317       0.346       0.494       0.643       0.672       0.727
    Y2               0.526       0.590       0.623       0.794       0.965       0.998       1.062
    Y3               0.718       0.791       0.829       1.025       1.220       1.258       1.331
    X3P1            -0.122      -0.093      -0.078       0.000       0.078       0.093       0.122
    X2P2            -0.118      -0.090      -0.075       0.000       0.075       0.090       0.118
    X1P3            -0.119      -0.091      -0.076       0.000       0.076       0.091       0.119

 Variances
    X                0.019       0.050       0.065       0.147       0.228       0.244       0.274
    M                0.384       0.539       0.618       1.032       1.445       1.524       1.679
    XM              -0.172      -0.099      -0.061       0.135       0.331       0.369       0.442

 Residual Variances
    X1               0.120       0.137       0.146       0.191       0.236       0.244       0.261
    X2               0.106       0.124       0.134       0.181       0.229       0.238       0.256
    X3              -0.025       0.005       0.021       0.102       0.184       0.200       0.230
    M1               1.542       1.670       1.736       2.078       2.421       2.487       2.615
    M2               1.872       1.997       2.061       2.394       2.728       2.791       2.916
    M3               1.798       1.928       1.995       2.343       2.691       2.758       2.888
    M4               1.578       1.705       1.770       2.109       2.448       2.513       2.639
    M5               1.611       1.738       1.803       2.142       2.482       2.547       2.674
    M6               1.742       1.879       1.948       2.312       2.676       2.746       2.882
    M7               1.569       1.692       1.755       2.084       2.413       2.476       2.599
    M8               1.655       1.794       1.866       2.237       2.609       2.680       2.819
    M9               1.187       1.327       1.399       1.775       2.150       2.222       2.362
    M10              0.761       0.941       1.033       1.515       1.997       2.089       2.270
    M11              0.700       0.847       0.923       1.317       1.711       1.787       1.934
    M12              0.342       0.465       0.528       0.858       1.187       1.250       1.373
    Y1               0.296       0.362       0.396       0.573       0.751       0.785       0.851
    Y2               0.052       0.133       0.174       0.390       0.605       0.646       0.727
    Y3               0.203       0.305       0.357       0.628       0.899       0.951       1.053
    X3P1            -0.221      -0.147      -0.109       0.089       0.286       0.324       0.398
    X2P2             0.066       0.093       0.108       0.182       0.256       0.271       0.299
    X1P3             0.111       0.129       0.138       0.186       0.235       0.244       0.262
    Y                0.093       0.220       0.285       0.625       0.964       1.029       1.156

New/Additional Parameters
    VAR_Y            0.170       0.318       0.394       0.789       1.185       1.260       1.408
    STD_B1          -0.145      -0.048       0.002       0.262       0.521       0.571       0.668
    STD_B2          -0.146      -0.045       0.006       0.276       0.545       0.596       0.697
    STD_B3          -0.530      -0.419      -0.361      -0.063       0.236       0.293       0.405


TECHNICAL 1 OUTPUT


     PARAMETER SPECIFICATION


           NU
              X1            X2            X3            M1            M2
              ________      ________      ________      ________      ________
                  1             2             3             4             5


           NU
              M3            M4            M5            M6            M7
              ________      ________      ________      ________      ________
                  6             7             8             9            10


           NU
              M8            M9            M10           M11           M12
              ________      ________      ________      ________      ________
                 11            12            13            14            15


           NU
              Y1            Y2            Y3            X3P1          X2P2
              ________      ________      ________      ________      ________
                 16            17            18            19            20


           NU
              X1P3
              ________
                 21


           LAMBDA
              X             M             Y             XM
              ________      ________      ________      ________
 X1                22             0             0             0
 X2                23             0             0             0
 X3                 0             0             0             0
 M1                 0            24             0             0
 M2                 0            25             0             0
 M3                 0            26             0             0
 M4                 0            27             0             0
 M5                 0            28             0             0
 M6                 0            29             0             0
 M7                 0            30             0             0
 M8                 0            31             0             0
 M9                 0            32             0             0
 M10                0            33             0             0
 M11                0            34             0             0
 M12                0             0             0             0
 Y1                 0             0            35             0
 Y2                 0             0            36             0
 Y3                 0             0             0             0
 X3P1               0             0             0             0
 X2P2               0             0             0            37
 X1P3               0             0             0            38


           THETA
              X1            X2            X3            M1            M2
              ________      ________      ________      ________      ________
 X1                39
 X2                 0            40
 X3                 0             0            41
 M1                 0             0             0            42
 M2                 0             0             0             0            43
 M3                 0             0             0             0             0
 M4                 0             0             0             0             0
 M5                 0             0             0             0             0
 M6                 0             0             0             0             0
 M7                 0             0             0             0             0
 M8                 0             0             0             0             0
 M9                 0             0             0             0             0
 M10                0             0             0             0             0
 M11                0             0             0             0             0
 M12                0             0             0             0             0
 Y1                 0             0             0             0             0
 Y2                 0             0             0             0             0
 Y3                 0             0             0             0             0
 X3P1               0             0             0             0             0
 X2P2               0             0             0             0             0
 X1P3               0             0             0             0             0


           THETA
              M3            M4            M5            M6            M7
              ________      ________      ________      ________      ________
 M3                44
 M4                 0            45
 M5                 0             0            46
 M6                 0             0             0            47
 M7                 0             0             0             0            48
 M8                 0             0             0             0             0
 M9                 0             0             0             0             0
 M10                0             0             0             0             0
 M11                0             0             0             0             0
 M12                0             0             0             0             0
 Y1                 0             0             0             0             0
 Y2                 0             0             0             0             0
 Y3                 0             0             0             0             0
 X3P1               0             0             0             0             0
 X2P2               0             0             0             0             0
 X1P3               0             0             0             0             0


           THETA
              M8            M9            M10           M11           M12
              ________      ________      ________      ________      ________
 M8                49
 M9                 0            50
 M10                0             0            51
 M11                0             0             0            52
 M12                0             0             0             0            53
 Y1                 0             0             0             0             0
 Y2                 0             0             0             0             0
 Y3                 0             0             0             0             0
 X3P1               0             0             0             0             0
 X2P2               0             0             0             0             0
 X1P3               0             0             0             0             0


           THETA
              Y1            Y2            Y3            X3P1          X2P2
              ________      ________      ________      ________      ________
 Y1                54
 Y2                 0            55
 Y3                 0             0            56
 X3P1               0             0             0            57
 X2P2               0             0             0             0            58
 X1P3               0             0             0             0             0


           THETA
              X1P3
              ________
 X1P3              59


           ALPHA
              X             M             Y             XM
              ________      ________      ________      ________
                  0             0             0             0


           BETA
              X             M             Y             XM
              ________      ________      ________      ________
 X                  0             0             0             0
 M                  0             0             0             0
 Y                 60            61             0            62
 XM                 0             0             0             0


           PSI
              X             M             Y             XM
              ________      ________      ________      ________
 X                 63
 M                 64            65
 Y                  0             0            66
 XM                67            68             0            69


     PARAMETER SPECIFICATION FOR THE ADDITIONAL PARAMETERS


           New/Additional Parameters
              VAR_Y         STD_B1        STD_B2        STD_B3
              ________      ________      ________      ________
                   70            71            72            73


     STARTING VALUES


           NU
              X1            X2            X3            M1            M2
              ________      ________      ________      ________      ________
                0.000         0.000         0.000         0.000         0.000


           NU
              M3            M4            M5            M6            M7
              ________      ________      ________      ________      ________
                0.000         0.000         0.000         0.000         0.000


           NU
              M8            M9            M10           M11           M12
              ________      ________      ________      ________      ________
                0.000         0.000         0.000         0.000         0.000


           NU
              Y1            Y2            Y3            X3P1          X2P2
              ________      ________      ________      ________      ________
                0.494         0.794         1.025         0.000         0.000


           NU
              X1P3
              ________
                0.000


           LAMBDA
              X             M             Y             XM
              ________      ________      ________      ________
 X1             0.632         0.000         0.000         0.000
 X2             0.625         0.000         0.000         0.000
 X3             1.000         0.000         0.000         0.000
 M1             0.000         1.523         0.000         0.000
 M2             0.000         0.551         0.000         0.000
 M3             0.000         0.465         0.000         0.000
 M4             0.000         1.005         0.000         0.000
 M5             0.000         0.743         0.000         0.000
 M6             0.000         1.034         0.000         0.000
 M7             0.000         0.880         0.000         0.000
 M8             0.000         1.016         0.000         0.000
 M9             0.000         1.273         0.000         0.000
 M10            0.000         1.316         0.000         0.000
 M11            0.000         1.630         0.000         0.000
 M12            0.000         1.000         0.000         0.000
 Y1             0.000         0.000         0.549         0.000
 Y2             0.000         0.000         0.855         0.000
 Y3             0.000         0.000         1.000         0.000
 X3P1           0.000         0.000         0.000         1.000
 X2P2           0.000         0.000         0.000         0.338
 X1P3           0.000         0.000         0.000         0.374


           THETA
              X1            X2            X3            M1            M2
              ________      ________      ________      ________      ________
 X1             0.124
 X2             0.000         0.121
 X3             0.000         0.000         0.125
 M1             0.000         0.000         0.000         1.135
 M2             0.000         0.000         0.000         0.000         1.298
 M3             0.000         0.000         0.000         0.000         0.000
 M4             0.000         0.000         0.000         0.000         0.000
 M5             0.000         0.000         0.000         0.000         0.000
 M6             0.000         0.000         0.000         0.000         0.000
 M7             0.000         0.000         0.000         0.000         0.000
 M8             0.000         0.000         0.000         0.000         0.000
 M9             0.000         0.000         0.000         0.000         0.000
 M10            0.000         0.000         0.000         0.000         0.000
 M11            0.000         0.000         0.000         0.000         0.000
 M12            0.000         0.000         0.000         0.000         0.000
 Y1             0.000         0.000         0.000         0.000         0.000
 Y2             0.000         0.000         0.000         0.000         0.000
 Y3             0.000         0.000         0.000         0.000         0.000
 X3P1           0.000         0.000         0.000         0.000         0.000
 X2P2           0.000         0.000         0.000         0.000         0.000
 X1P3           0.000         0.000         0.000         0.000         0.000


           THETA
              M3            M4            M5            M6            M7
              ________      ________      ________      ________      ________
 M3             1.310
 M4             0.000         1.121
 M5             0.000         0.000         1.214
 M6             0.000         0.000         0.000         1.314
 M7             0.000         0.000         0.000         0.000         1.151
 M8             0.000         0.000         0.000         0.000         0.000
 M9             0.000         0.000         0.000         0.000         0.000
 M10            0.000         0.000         0.000         0.000         0.000
 M11            0.000         0.000         0.000         0.000         0.000
 M12            0.000         0.000         0.000         0.000         0.000
 Y1             0.000         0.000         0.000         0.000         0.000
 Y2             0.000         0.000         0.000         0.000         0.000
 Y3             0.000         0.000         0.000         0.000         0.000
 X3P1           0.000         0.000         0.000         0.000         0.000
 X2P2           0.000         0.000         0.000         0.000         0.000
 X1P3           0.000         0.000         0.000         0.000         0.000


           THETA
              M8            M9            M10           M11           M12
              ________      ________      ________      ________      ________
 M8             1.300
 M9             0.000         1.099
 M10            0.000         0.000         1.209
 M11            0.000         0.000         0.000         1.157
 M12            0.000         0.000         0.000         0.000         0.945
 Y1             0.000         0.000         0.000         0.000         0.000
 Y2             0.000         0.000         0.000         0.000         0.000
 Y3             0.000         0.000         0.000         0.000         0.000
 X3P1           0.000         0.000         0.000         0.000         0.000
 X2P2           0.000         0.000         0.000         0.000         0.000
 X1P3           0.000         0.000         0.000         0.000         0.000


           THETA
              Y1            Y2            Y3            X3P1          X2P2
              ________      ________      ________      ________      ________
 Y1             0.409
 Y2             0.000         0.540
 Y3             0.000         0.000         0.709
 X3P1           0.000         0.000         0.000         0.112
 X2P2           0.000         0.000         0.000         0.000         0.105
 X1P3           0.000         0.000         0.000         0.000         0.000


           THETA
              X1P3
              ________
 X1P3           0.107


           ALPHA
              X             M             Y             XM
              ________      ________      ________      ________
                0.000         0.000         0.000         0.000


           BETA
              X             M             Y             XM
              ________      ________      ________      ________
 X              0.000         0.000         0.000         0.000
 M              0.000         0.000         0.000         0.000
 Y              0.000         0.000         0.000         0.000
 XM             0.000         0.000         0.000         0.000


           PSI
              X             M             Y             XM
              ________      ________      ________      ________
 X              0.050
 M              0.000         0.050
 Y              0.000         0.000         0.050
 XM             0.000         0.000         0.000         0.050


     STARTING VALUES FOR THE ADDITIONAL PARAMETERS


           New/Additional Parameters
              VAR_Y         STD_B1        STD_B2        STD_B3
              ________      ________      ________      ________
                0.500         0.500         0.500         0.500


RESULTS SAVING INFORMATION

  Order of data

    Parameter estimates
     (saved in order shown in Technical 1 output)
    Standard errors
     (saved in order shown in Technical 1 output)
    Number of Free Parameters
    H0 Loglikelihood
    H0 Scaling Correction Factor for MLR
    H1 Loglikelihood
    H1 Scaling Correction Factor for MLR
    Akaike (AIC)
    Bayesian (BIC)
    Sample-Size Adjusted BIC
    Chi-square : Value
    Chi-square : Degrees of Freedom
    Chi-square : P-Value
    Chi-square : Scaling Correction Factor for MLR/MLM/WLSM
    CFI
    TLI
    RMSEA : Estimate
    RMSEA : Low CI
    RMSEA : High CI
    RMSEA : Probability
    SRMR
    Condition Number

  Save file
    parcelupi_results_673.dat

  Save file format           Free


     Beginning Time:  14:28:20
        Ending Time:  14:28:21
       Elapsed Time:  00:00:01



MUTHEN & MUTHEN
3463 Stoner Ave.
Los Angeles, CA  90066

Tel: (310) 391-9971
Fax: (310) 391-8971
Web: www.StatModel.com
Support: Support@StatModel.com

Copyright (c) 1998-2022 Muthen & Muthen
