Mplus VERSION 8.8 (Mac)
MUTHEN & MUTHEN
07/27/2025   9:34 PM

INPUT INSTRUCTIONS


    TITLE: Parceling Unconstrained Product Indicator

    DATA:
      FILE = parcelupi_simdat_1792.dat;
      FORMAT IS FREE;

    VARIABLE:
      NAMES = x1 x2 x3
      	    m1 m2 m3 m4 m5 m6
      	    m7 m8 m9 m10 m11 m12
      	    y1 y2 y3
      	    p1 p2 p3
      	    x3p1 x2p2 x1p3;
      USEVARIABLES = x1 x2 x3
      	    m1 m2 m3 m4 m5 m6
      	    m7 m8 m9 m10 m11 m12
      	    y1 y2 y3
      	    x3p1 x2p2 x1p3;

    ANALYSIS:
      TYPE = general;
      ESTIMATOR = MLR;
    MODEL:
      !measurement model
      X BY x3 x2 x1;
      X (var_X);
      M BY m12 m11 m10 m9 m8 m7 m6 m5 m4 m3 m2 m1;
      M (var_M);
      Y BY y3 y2 y1;
      Y (resvar_Y);
      XM BY x3p1 x2p2 x1p3;
      XM (var_XM);

      !covariances between predictors
      X WITH M (cov_XM);
      X WITH XM (cov_XXM);
      M WITH XM (cov_MXM);

      !structural model
      Y ON X (b1);
      Y ON M (b2);
      Y ON XM (b3);

    MODEL CONSTRAINT:

      NEW(var_Y std_b1 std_b2 std_b3);
      var_Y = resvar_Y +
       (b1^2 * var_X +
        b2^2 * var_M +
        b3^2 * var_XM +
        2 * b1 * b2 * cov_XM +
        2 * b1 * b3 * cov_XXM +
        2 * b2 * b3 * cov_MXM);

        std_b1 = b1 * sqrt(var_X) / sqrt(var_Y);
        std_b2 = b2 * sqrt(var_M) / sqrt(var_Y);
        std_b3 = b3 * sqrt(var_X) * sqrt(var_M) / sqrt(var_Y);

    OUTPUT:
      sampstat tech1 CINTERVAL;

    SAVEDATA:
      RESULTS = parcelupi_results_1792.dat;




INPUT READING TERMINATED NORMALLY



Parceling Unconstrained Product Indicator

SUMMARY OF ANALYSIS

Number of groups                                                 1
Number of observations                                         100

Number of dependent variables                                   21
Number of independent variables                                  0
Number of continuous latent variables                            4

Observed dependent variables

  Continuous
   X1          X2          X3          M1          M2          M3
   M4          M5          M6          M7          M8          M9
   M10         M11         M12         Y1          Y2          Y3
   X3P1        X2P2        X1P3

Continuous latent variables
   X           M           Y           XM


Estimator                                                      MLR
Information matrix                                        OBSERVED
Maximum number of iterations                                  1000
Convergence criterion                                    0.500D-04
Maximum number of steepest descent iterations                   20

Input data file(s)
  parcelupi_simdat_1792.dat

Input data format  FREE


SAMPLE STATISTICS


     SAMPLE STATISTICS


           Means
              X1            X2            X3            M1            M2
              ________      ________      ________      ________      ________
                0.000         0.000         0.000         0.000         0.000


           Means
              M3            M4            M5            M6            M7
              ________      ________      ________      ________      ________
                0.000         0.000         0.000         0.000         0.000


           Means
              M8            M9            M10           M11           M12
              ________      ________      ________      ________      ________
                0.000         0.000         0.000         0.000         0.000


           Means
              Y1            Y2            Y3            X3P1          X2P2
              ________      ________      ________      ________      ________
                0.565         0.854         1.119         0.000         0.000


           Means
              X1P3
              ________
                0.000


           Covariances
              X1            X2            X3            M1            M2
              ________      ________      ________      ________      ________
 X1             0.250
 X2             0.050         0.250
 X3             0.101         0.079         0.248
 M1            -0.071         0.051         0.037         2.286
 M2             0.176         0.004         0.064         0.484         2.989
 M3            -0.025         0.135         0.025        -0.172        -0.450
 M4             0.063         0.077         0.029        -0.181         0.153
 M5             0.001         0.059         0.113         0.100        -0.064
 M6             0.121        -0.041         0.143        -0.226        -0.324
 M7             0.117        -0.037         0.106         0.264         0.705
 M8             0.062         0.198         0.287         0.463         0.178
 M9             0.119         0.081         0.167         0.086         0.134
 M10            0.042         0.008         0.075        -0.015         0.136
 M11            0.121        -0.011         0.208         0.162         0.079
 M12            0.124         0.066         0.188         0.165         0.132
 Y1             0.036         0.080        -0.006        -0.009         0.263
 Y2             0.042         0.111         0.054         0.060         0.125
 Y3             0.101         0.166         0.073         0.122         0.194
 X3P1           0.021         0.015         0.008         0.035        -0.105
 X2P2           0.004         0.003         0.018        -0.034        -0.075
 X1P3          -0.003         0.000         0.020         0.006        -0.014


           Covariances
              M3            M4            M5            M6            M7
              ________      ________      ________      ________      ________
 M3             2.450
 M4             0.101         2.562
 M5             0.432         0.623         2.454
 M6            -0.258        -0.159         0.210         2.446
 M7             0.202         0.366         0.560        -0.144         2.254
 M8             0.189         0.347         0.535         0.327         0.383
 M9            -0.192         0.469         0.440         0.544         0.114
 M10           -0.091         0.141         0.393         0.955        -0.001
 M11           -0.290         0.384         0.338         0.728         0.316
 M12            0.071         0.404         0.277         0.635         0.229
 Y1            -0.075         0.147         0.159        -0.111         0.009
 Y2            -0.017         0.091         0.063         0.207         0.053
 Y3             0.181         0.233         0.234         0.252         0.131
 X3P1          -0.046         0.001        -0.075         0.070        -0.052
 X2P2           0.034        -0.140        -0.072        -0.039        -0.056
 X1P3           0.026        -0.111        -0.033         0.043         0.045


           Covariances
              M8            M9            M10           M11           M12
              ________      ________      ________      ________      ________
 M8             2.414
 M9             0.373         2.306
 M10            0.550         0.825         2.446
 M11            0.687         0.972         0.935         2.198
 M12            0.826         1.075         0.598         1.013         2.265
 Y1             0.066         0.218         0.178         0.031         0.040
 Y2             0.216         0.075         0.189         0.329         0.152
 Y3             0.199         0.285         0.123         0.335         0.552
 X3P1           0.044         0.104        -0.039         0.061         0.085
 X2P2           0.051        -0.082        -0.066        -0.003        -0.013
 X1P3           0.013        -0.010         0.084         0.037        -0.013


           Covariances
              Y1            Y2            Y3            X3P1          X2P2
              ________      ________      ________      ________      ________
 Y1             0.867
 Y2             0.376         0.871
 Y3             0.439         0.572         1.224
 X3P1           0.017         0.070         0.089         0.202
 X2P2          -0.009         0.051        -0.007         0.040         0.207
 X1P3           0.007         0.008        -0.039         0.049         0.055


           Covariances
              X1P3
              ________
 X1P3           0.164


           Correlations
              X1            X2            X3            M1            M2
              ________      ________      ________      ________      ________
 X1             1.000
 X2             0.202         1.000
 X3             0.405         0.318         1.000
 M1            -0.094         0.067         0.049         1.000
 M2             0.203         0.005         0.074         0.185         1.000
 M3            -0.032         0.172         0.032        -0.073        -0.166
 M4             0.079         0.096         0.036        -0.075         0.055
 M5             0.002         0.075         0.144         0.042        -0.024
 M6             0.155        -0.052         0.184        -0.096        -0.120
 M7             0.156        -0.049         0.142         0.116         0.272
 M8             0.079         0.256         0.370         0.197         0.066
 M9             0.157         0.107         0.220         0.037         0.051
 M10            0.054         0.010         0.096        -0.006         0.050
 M11            0.163        -0.015         0.282         0.072         0.031
 M12            0.164         0.088         0.250         0.072         0.051
 Y1             0.077         0.171        -0.013        -0.006         0.164
 Y2             0.090         0.239         0.116         0.043         0.078
 Y3             0.183         0.299         0.132         0.073         0.101
 X3P1           0.091         0.067         0.037         0.051        -0.135
 X2P2           0.017         0.011         0.078        -0.049        -0.095
 X1P3          -0.013         0.002         0.098         0.010        -0.020


           Correlations
              M3            M4            M5            M6            M7
              ________      ________      ________      ________      ________
 M3             1.000
 M4             0.040         1.000
 M5             0.176         0.248         1.000
 M6            -0.105        -0.063         0.086         1.000
 M7             0.086         0.152         0.238        -0.061         1.000
 M8             0.078         0.140         0.220         0.135         0.164
 M9            -0.081         0.193         0.185         0.229         0.050
 M10           -0.037         0.056         0.160         0.391         0.000
 M11           -0.125         0.162         0.145         0.314         0.142
 M12            0.030         0.168         0.117         0.270         0.101
 Y1            -0.052         0.099         0.109        -0.076         0.006
 Y2            -0.012         0.061         0.043         0.142         0.038
 Y3             0.104         0.132         0.135         0.146         0.079
 X3P1          -0.065         0.001        -0.106         0.099        -0.077
 X2P2           0.047        -0.193        -0.102        -0.055        -0.082
 X1P3           0.040        -0.170        -0.052         0.068         0.074


           Correlations
              M8            M9            M10           M11           M12
              ________      ________      ________      ________      ________
 M8             1.000
 M9             0.158         1.000
 M10            0.227         0.347         1.000
 M11            0.298         0.432         0.403         1.000
 M12            0.353         0.470         0.254         0.454         1.000
 Y1             0.046         0.154         0.122         0.022         0.028
 Y2             0.149         0.053         0.130         0.238         0.108
 Y3             0.116         0.169         0.071         0.204         0.332
 X3P1           0.062         0.152        -0.056         0.091         0.126
 X2P2           0.072        -0.119        -0.093        -0.005        -0.018
 X1P3           0.021        -0.016         0.132         0.061        -0.022


           Correlations
              Y1            Y2            Y3            X3P1          X2P2
              ________      ________      ________      ________      ________
 Y1             1.000
 Y2             0.433         1.000
 Y3             0.426         0.554         1.000
 X3P1           0.040         0.166         0.179         1.000
 X2P2          -0.021         0.119        -0.014         0.197         1.000
 X1P3           0.018         0.021        -0.087         0.268         0.299


           Correlations
              X1P3
              ________
 X1P3           1.000


UNIVARIATE SAMPLE STATISTICS


     UNIVARIATE HIGHER-ORDER MOMENT DESCRIPTIVE STATISTICS

         Variable/         Mean/     Skewness/   Minimum/ % with                Percentiles
        Sample Size      Variance    Kurtosis    Maximum  Min/Max      20%/60%    40%/80%    Median

     X1                    0.000      -0.080      -0.520   48.00%      -0.520     -0.520      0.480
             100.000       0.250      -1.994       0.480   52.00%       0.480      0.480
     X2                    0.000       0.080      -0.480   52.00%      -0.480     -0.480     -0.480
             100.000       0.250      -1.994       0.520   48.00%       0.520      0.520
     X3                    0.000       0.161      -0.460   54.00%      -0.460     -0.460     -0.460
             100.000       0.248      -1.974       0.540   46.00%       0.540      0.540
     M1                    0.000       0.237      -1.790   29.00%      -1.790     -0.790      0.210
             100.000       2.286      -1.367       2.210   22.00%       0.210      2.210
     M2                    0.000       0.069      -1.970   34.00%      -1.970     -0.970      0.030
             100.000       2.989      -1.722       2.030   36.00%       1.030      2.030
     M3                    0.000      -0.030      -1.990   29.00%      -1.990      0.010      0.010
             100.000       2.450      -1.493       2.010   26.00%       1.010      2.010
     M4                    0.000      -0.015      -2.090   25.00%      -2.090     -1.090     -0.090
             100.000       2.562      -1.545       1.910   34.00%      -0.090      1.910
     M5                    0.000      -0.160      -2.190   22.00%      -2.190     -0.190     -0.190
             100.000       2.454      -1.521       1.810   32.00%       0.810      1.810
     M6                    0.000      -0.193      -2.210   22.00%      -2.210     -0.210     -0.210
             100.000       2.446      -1.505       1.790   32.00%       0.790      1.790
     M7                    0.000      -0.079      -2.160   19.00%      -1.160     -0.160     -0.160
             100.000       2.254      -1.429       1.840   30.00%       0.840      1.840
     M8                    0.000       0.101      -1.920   27.00%      -1.920     -0.920      0.080
             100.000       2.414      -1.508       2.080   25.00%       0.080      2.080
     M9                    0.000       0.118      -1.790   32.00%      -1.790     -0.790      0.210
             100.000       2.306      -1.480       2.210   18.00%       0.210      1.210
     M10                   0.000       0.199      -1.880   27.00%      -1.880     -0.880      0.120
             100.000       2.446      -1.479       2.120   27.00%       0.120      2.120
     M11                   0.000       0.087      -1.960   23.00%      -1.960     -0.960      0.040
             100.000       2.198      -1.373       2.040   24.00%       0.040      2.040
     M12                   0.000      -0.066      -2.070   23.00%      -2.070     -0.070     -0.070
             100.000       2.265      -1.412       1.930   26.00%       0.930      1.930
     Y1                    0.565       0.343      -1.416    1.00%      -0.025      0.308      0.449
             100.000       0.867       0.600       3.766    1.00%       0.674      1.285
     Y2                    0.854       0.148      -1.089    1.00%       0.019      0.507      0.794
             100.000       0.871      -0.528       3.211    1.00%       0.906      1.715
     Y3                    1.119      -0.083      -2.252    1.00%       0.102      0.676      1.179
             100.000       1.224      -0.319       3.498    1.00%       1.455      2.224
     X3P1                  0.000      -0.230      -1.150    1.00%      -0.365     -0.135      0.065
             100.000       0.202      -0.311       1.010    1.00%       0.095      0.440
     X2P2                  0.000      -0.322      -1.018    1.00%      -0.458     -0.068      0.062
             100.000       0.207      -0.637       0.902    1.00%       0.182      0.322
     X1P3                  0.000      -0.209      -0.933    1.00%      -0.423     -0.093     -0.003
             100.000       0.164      -0.546       0.747    4.00%       0.097      0.387


     THIS ANALYSIS MAY HAVE MULTIPLE SOLUTIONS.  EXPLORE THIS USING RANDOM STARTS,
     FOR EXAMPLE, STARTS = 20.  USE A LARGE ENOUGH NUMBER OF STARTS SO THAT THE
     BEST FIT FUNCTION VALUE IS REPLICATED SEVERAL TIMES.


THE MODEL ESTIMATION TERMINATED NORMALLY

     THE STANDARD ERRORS OF THE MODEL PARAMETER ESTIMATES MAY NOT BE
     TRUSTWORTHY FOR SOME PARAMETERS DUE TO A NON-POSITIVE DEFINITE
     FIRST-ORDER DERIVATIVE PRODUCT MATRIX.  THIS MAY BE DUE TO THE STARTING
     VALUES BUT MAY ALSO BE AN INDICATION OF MODEL NONIDENTIFICATION.  THE
     CONDITION NUMBER IS       0.299D-17.  PROBLEM INVOLVING THE FOLLOWING PARAMETER:
     Parameter 40, X2

     THIS IS MOST LIKELY DUE TO VARIABLE X1 BEING DICHOTOMOUS BUT
     DECLARED AS CONTINUOUS.




MODEL FIT INFORMATION

Number of Free Parameters                       69

Loglikelihood

          H0 Value                       -2921.700
          H0 Scaling Correction Factor      0.9078
            for MLR
          H1 Value                       -2827.064
          H1 Scaling Correction Factor      0.9590
            for MLR

Information Criteria

          Akaike (AIC)                    5981.400
          Bayesian (BIC)                  6161.157
          Sample-Size Adjusted BIC        5943.237
            (n* = (n + 2) / 24)

Chi-Square Test of Model Fit

          Value                            193.478*
          Degrees of Freedom                   183
          P-Value                           0.2836
          Scaling Correction Factor         0.9783
            for MLR

*   The chi-square value for MLM, MLMV, MLR, ULSMV, WLSM and WLSMV cannot be used
    for chi-square difference testing in the regular way.  MLM, MLR and WLSM
    chi-square difference testing is described on the Mplus website.  MLMV, WLSMV,
    and ULSMV difference testing is done using the DIFFTEST option.

RMSEA (Root Mean Square Error Of Approximation)

          Estimate                           0.024
          90 Percent C.I.                    0.000  0.051
          Probability RMSEA <= .05           0.940

CFI/TLI

          CFI                                0.954
          TLI                                0.947

Chi-Square Test of Model Fit for the Baseline Model

          Value                            435.638
          Degrees of Freedom                   210
          P-Value                           0.0000

SRMR (Standardized Root Mean Square Residual)

          Value                              0.075



MODEL RESULTS

                                                    Two-Tailed
                    Estimate       S.E.  Est./S.E.    P-Value

 X        BY
    X3                 1.000      0.000    999.000    999.000
    X2                 0.480      0.252      1.902      0.057
    X1                 0.615      0.282      2.179      0.029

 M        BY
    M12                1.000      0.000    999.000    999.000
    M11                1.042      0.187      5.568      0.000
    M10                0.794      0.217      3.658      0.000
    M9                 0.936      0.164      5.704      0.000
    M8                 0.724      0.194      3.729      0.000
    M7                 0.276      0.181      1.525      0.127
    M6                 0.647      0.195      3.322      0.001
    M5                 0.443      0.198      2.236      0.025
    M4                 0.390      0.204      1.907      0.057
    M3                -0.068      0.205     -0.330      0.741
    M2                 0.163      0.214      0.762      0.446
    M1                 0.147      0.187      0.789      0.430

 Y        BY
    Y3                 1.000      0.000    999.000    999.000
    Y2                 0.801      0.190      4.214      0.000
    Y1                 0.607      0.120      5.075      0.000

 XM       BY
    X3P1               1.000      0.000    999.000    999.000
    X2P2               1.121      0.536      2.094      0.036
    X1P3               1.230      0.694      1.772      0.076

 Y        ON
    X                  0.185      0.541      0.342      0.733
    M                  0.268      0.135      1.986      0.047
    XM                 0.298      0.813      0.366      0.714

 X        WITH
    M                  0.193      0.070      2.751      0.006
    XM                 0.013      0.015      0.855      0.392

 M        WITH
    XM                 0.008      0.044      0.182      0.856

 Intercepts
    X1                 0.000      0.050      0.000      1.000
    X2                 0.000      0.050      0.000      1.000
    X3                 0.000      0.050      0.000      1.000
    M1                 0.000      0.151      0.000      1.000
    M2                 0.000      0.173      0.000      1.000
    M3                 0.000      0.157      0.000      1.000
    M4                 0.000      0.160      0.000      1.000
    M5                 0.000      0.157      0.000      1.000
    M6                 0.000      0.156      0.000      1.000
    M7                 0.000      0.150      0.000      1.000
    M8                 0.000      0.155      0.000      1.000
    M9                 0.000      0.152      0.000      1.000
    M10                0.000      0.156      0.000      1.000
    M11                0.000      0.148      0.000      1.000
    M12                0.000      0.151      0.000      1.000
    Y1                 0.565      0.093      6.065      0.000
    Y2                 0.854      0.093      9.150      0.000
    Y3                 1.119      0.111     10.111      0.000
    X3P1               0.000      0.045      0.000      1.000
    X2P2               0.000      0.045      0.000      1.000
    X1P3               0.000      0.041      0.000      1.000

 Variances
    X                  0.165      0.078      2.105      0.035
    M                  0.992      0.258      3.838      0.000
    XM                 0.039      0.029      1.331      0.183

 Residual Variances
    X1                 0.187      0.034      5.535      0.000
    X2                 0.212      0.027      7.804      0.000
    X3                 0.084      0.079      1.066      0.286
    M1                 2.264      0.180     12.548      0.000
    M2                 2.963      0.166     17.817      0.000
    M3                 2.445      0.176     13.887      0.000
    M4                 2.411      0.223     10.809      0.000
    M5                 2.259      0.204     11.065      0.000
    M6                 2.030      0.240      8.443      0.000
    M7                 2.179      0.196     11.119      0.000
    M8                 1.894      0.266      7.123      0.000
    M9                 1.437      0.226      6.366      0.000
    M10                1.821      0.254      7.163      0.000
    M11                1.121      0.242      4.639      0.000
    M12                1.274      0.237      5.379      0.000
    Y1                 0.599      0.137      4.361      0.000
    Y2                 0.404      0.154      2.627      0.009
    Y3                 0.497      0.161      3.090      0.002
    X3P1               0.163      0.039      4.232      0.000
    X2P2               0.157      0.034      4.588      0.000
    X1P3               0.105      0.034      3.113      0.002
    Y                  0.625      0.162      3.860      0.000

New/Additional Parameters
    VAR_Y              0.727      0.189      3.843      0.000
    STD_B1             0.088      0.238      0.370      0.712
    STD_B2             0.313      0.156      2.004      0.045
    STD_B3             0.141      0.393      0.359      0.719


QUALITY OF NUMERICAL RESULTS

     Condition Number for the Information Matrix              0.990E-04
       (ratio of smallest to largest eigenvalue)


CONFIDENCE INTERVALS OF MODEL RESULTS

                  Lower .5%  Lower 2.5%    Lower 5%    Estimate    Upper 5%  Upper 2.5%   Upper .5%

 X        BY
    X3               1.000       1.000       1.000       1.000       1.000       1.000       1.000
    X2              -0.170      -0.015       0.065       0.480       0.895       0.974       1.130
    X1              -0.112       0.062       0.151       0.615       1.080       1.169       1.343

 M        BY
    M12              1.000       1.000       1.000       1.000       1.000       1.000       1.000
    M11              0.560       0.675       0.734       1.042       1.350       1.409       1.524
    M10              0.235       0.369       0.437       0.794       1.151       1.219       1.353
    M9               0.513       0.614       0.666       0.936       1.206       1.258       1.359
    M8               0.224       0.343       0.405       0.724       1.043       1.104       1.224
    M7              -0.190      -0.079      -0.022       0.276       0.573       0.630       0.741
    M6               0.145       0.265       0.327       0.647       0.968       1.029       1.149
    M5              -0.067       0.055       0.117       0.443       0.769       0.832       0.954
    M4              -0.137      -0.011       0.054       0.390       0.726       0.791       0.917
    M3              -0.595      -0.469      -0.405      -0.068       0.270       0.334       0.460
    M2              -0.388      -0.256      -0.189       0.163       0.515       0.582       0.714
    M1              -0.333      -0.218      -0.160       0.147       0.454       0.513       0.628

 Y        BY
    Y3               1.000       1.000       1.000       1.000       1.000       1.000       1.000
    Y2               0.311       0.428       0.488       0.801       1.114       1.173       1.290
    Y1               0.299       0.373       0.411       0.607       0.804       0.842       0.916

 XM       BY
    X3P1             1.000       1.000       1.000       1.000       1.000       1.000       1.000
    X2P2            -0.258       0.072       0.240       1.121       2.002       2.171       2.501
    X1P3            -0.558      -0.130       0.088       1.230       2.371       2.590       3.017

 Y        ON
    X               -1.208      -0.875      -0.705       0.185       1.074       1.244       1.577
    M               -0.080       0.004       0.046       0.268       0.490       0.533       0.616
    XM              -1.796      -1.295      -1.039       0.298       1.635       1.891       2.391

 X        WITH
    M                0.012       0.056       0.078       0.193       0.309       0.331       0.374
    XM              -0.026      -0.017      -0.012       0.013       0.038       0.043       0.052

 M        WITH
    XM              -0.106      -0.079      -0.065       0.008       0.081       0.095       0.123

 Intercepts
    X1              -0.129      -0.098      -0.082       0.000       0.082       0.098       0.129
    X2              -0.129      -0.098      -0.082       0.000       0.082       0.098       0.129
    X3              -0.128      -0.098      -0.082       0.000       0.082       0.098       0.128
    M1              -0.389      -0.296      -0.249       0.000       0.249       0.296       0.389
    M2              -0.445      -0.339      -0.284       0.000       0.284       0.339       0.445
    M3              -0.403      -0.307      -0.257       0.000       0.257       0.307       0.403
    M4              -0.412      -0.314      -0.263       0.000       0.263       0.314       0.412
    M5              -0.403      -0.307      -0.258       0.000       0.258       0.307       0.403
    M6              -0.403      -0.307      -0.257       0.000       0.257       0.307       0.403
    M7              -0.387      -0.294      -0.247       0.000       0.247       0.294       0.387
    M8              -0.400      -0.305      -0.256       0.000       0.256       0.305       0.400
    M9              -0.391      -0.298      -0.250       0.000       0.250       0.298       0.391
    M10             -0.403      -0.307      -0.257       0.000       0.257       0.307       0.403
    M11             -0.382      -0.291      -0.244       0.000       0.244       0.291       0.382
    M12             -0.388      -0.295      -0.248       0.000       0.248       0.295       0.388
    Y1               0.325       0.382       0.412       0.565       0.718       0.747       0.805
    Y2               0.613       0.671       0.700       0.854       1.007       1.037       1.094
    Y3               0.834       0.902       0.937       1.119       1.301       1.336       1.404
    X3P1            -0.116      -0.088      -0.074       0.000       0.074       0.088       0.116
    X2P2            -0.117      -0.089      -0.075       0.000       0.075       0.089       0.117
    X1P3            -0.104      -0.079      -0.067       0.000       0.067       0.079       0.104

 Variances
    X               -0.037       0.011       0.036       0.165       0.293       0.318       0.366
    M                0.326       0.485       0.567       0.992       1.417       1.498       1.657
    XM              -0.037      -0.018      -0.009       0.039       0.087       0.097       0.115

 Residual Variances
    X1               0.100       0.121       0.132       0.187       0.243       0.254       0.274
    X2               0.142       0.159       0.167       0.212       0.256       0.265       0.282
    X3              -0.119      -0.070      -0.046       0.084       0.213       0.238       0.286
    M1               1.800       1.911       1.968       2.264       2.561       2.618       2.729
    M2               2.534       2.637       2.689       2.963       3.236       3.289       3.391
    M3               1.992       2.100       2.156       2.445       2.735       2.790       2.899
    M4               1.837       1.974       2.044       2.411       2.778       2.848       2.986
    M5               1.733       1.859       1.923       2.259       2.595       2.659       2.785
    M6               1.411       1.559       1.635       2.030       2.426       2.502       2.650
    M7               1.674       1.795       1.857       2.179       2.501       2.563       2.684
    M8               1.209       1.373       1.457       1.894       2.332       2.415       2.579
    M9               0.855       0.994       1.066       1.437       1.808       1.879       2.018
    M10              1.166       1.322       1.402       1.821       2.239       2.319       2.475
    M11              0.499       0.648       0.724       1.121       1.519       1.595       1.744
    M12              0.664       0.809       0.884       1.274       1.663       1.738       1.883
    Y1               0.245       0.330       0.373       0.599       0.825       0.869       0.953
    Y2               0.008       0.103       0.151       0.404       0.658       0.706       0.801
    Y3               0.083       0.182       0.233       0.497       0.762       0.813       0.912
    X3P1             0.064       0.088       0.100       0.163       0.227       0.239       0.263
    X2P2             0.069       0.090       0.101       0.157       0.214       0.225       0.246
    X1P3             0.018       0.039       0.050       0.105       0.161       0.171       0.192
    Y                0.208       0.308       0.359       0.625       0.891       0.942       1.042

New/Additional Parameters
    VAR_Y            0.240       0.356       0.416       0.727       1.038       1.098       1.214
    STD_B1          -0.525      -0.378      -0.303       0.088       0.479       0.554       0.701
    STD_B2          -0.089       0.007       0.056       0.313       0.570       0.619       0.716
    STD_B3          -0.870      -0.628      -0.505       0.141       0.787       0.910       1.152


TECHNICAL 1 OUTPUT


     PARAMETER SPECIFICATION


           NU
              X1            X2            X3            M1            M2
              ________      ________      ________      ________      ________
                  1             2             3             4             5


           NU
              M3            M4            M5            M6            M7
              ________      ________      ________      ________      ________
                  6             7             8             9            10


           NU
              M8            M9            M10           M11           M12
              ________      ________      ________      ________      ________
                 11            12            13            14            15


           NU
              Y1            Y2            Y3            X3P1          X2P2
              ________      ________      ________      ________      ________
                 16            17            18            19            20


           NU
              X1P3
              ________
                 21


           LAMBDA
              X             M             Y             XM
              ________      ________      ________      ________
 X1                22             0             0             0
 X2                23             0             0             0
 X3                 0             0             0             0
 M1                 0            24             0             0
 M2                 0            25             0             0
 M3                 0            26             0             0
 M4                 0            27             0             0
 M5                 0            28             0             0
 M6                 0            29             0             0
 M7                 0            30             0             0
 M8                 0            31             0             0
 M9                 0            32             0             0
 M10                0            33             0             0
 M11                0            34             0             0
 M12                0             0             0             0
 Y1                 0             0            35             0
 Y2                 0             0            36             0
 Y3                 0             0             0             0
 X3P1               0             0             0             0
 X2P2               0             0             0            37
 X1P3               0             0             0            38


           THETA
              X1            X2            X3            M1            M2
              ________      ________      ________      ________      ________
 X1                39
 X2                 0            40
 X3                 0             0            41
 M1                 0             0             0            42
 M2                 0             0             0             0            43
 M3                 0             0             0             0             0
 M4                 0             0             0             0             0
 M5                 0             0             0             0             0
 M6                 0             0             0             0             0
 M7                 0             0             0             0             0
 M8                 0             0             0             0             0
 M9                 0             0             0             0             0
 M10                0             0             0             0             0
 M11                0             0             0             0             0
 M12                0             0             0             0             0
 Y1                 0             0             0             0             0
 Y2                 0             0             0             0             0
 Y3                 0             0             0             0             0
 X3P1               0             0             0             0             0
 X2P2               0             0             0             0             0
 X1P3               0             0             0             0             0


           THETA
              M3            M4            M5            M6            M7
              ________      ________      ________      ________      ________
 M3                44
 M4                 0            45
 M5                 0             0            46
 M6                 0             0             0            47
 M7                 0             0             0             0            48
 M8                 0             0             0             0             0
 M9                 0             0             0             0             0
 M10                0             0             0             0             0
 M11                0             0             0             0             0
 M12                0             0             0             0             0
 Y1                 0             0             0             0             0
 Y2                 0             0             0             0             0
 Y3                 0             0             0             0             0
 X3P1               0             0             0             0             0
 X2P2               0             0             0             0             0
 X1P3               0             0             0             0             0


           THETA
              M8            M9            M10           M11           M12
              ________      ________      ________      ________      ________
 M8                49
 M9                 0            50
 M10                0             0            51
 M11                0             0             0            52
 M12                0             0             0             0            53
 Y1                 0             0             0             0             0
 Y2                 0             0             0             0             0
 Y3                 0             0             0             0             0
 X3P1               0             0             0             0             0
 X2P2               0             0             0             0             0
 X1P3               0             0             0             0             0


           THETA
              Y1            Y2            Y3            X3P1          X2P2
              ________      ________      ________      ________      ________
 Y1                54
 Y2                 0            55
 Y3                 0             0            56
 X3P1               0             0             0            57
 X2P2               0             0             0             0            58
 X1P3               0             0             0             0             0


           THETA
              X1P3
              ________
 X1P3              59


           ALPHA
              X             M             Y             XM
              ________      ________      ________      ________
                  0             0             0             0


           BETA
              X             M             Y             XM
              ________      ________      ________      ________
 X                  0             0             0             0
 M                  0             0             0             0
 Y                 60            61             0            62
 XM                 0             0             0             0


           PSI
              X             M             Y             XM
              ________      ________      ________      ________
 X                 63
 M                 64            65
 Y                  0             0            66
 XM                67            68             0            69


     PARAMETER SPECIFICATION FOR THE ADDITIONAL PARAMETERS


           New/Additional Parameters
              VAR_Y         STD_B1        STD_B2        STD_B3
              ________      ________      ________      ________
                   70            71            72            73


     STARTING VALUES


           NU
              X1            X2            X3            M1            M2
              ________      ________      ________      ________      ________
                0.000         0.000         0.000         0.000         0.000


           NU
              M3            M4            M5            M6            M7
              ________      ________      ________      ________      ________
                0.000         0.000         0.000         0.000         0.000


           NU
              M8            M9            M10           M11           M12
              ________      ________      ________      ________      ________
                0.000         0.000         0.000         0.000         0.000


           NU
              Y1            Y2            Y3            X3P1          X2P2
              ________      ________      ________      ________      ________
                0.565         0.854         1.119         0.000         0.000


           NU
              X1P3
              ________
                0.000


           LAMBDA
              X             M             Y             XM
              ________      ________      ________      ________
 X1             0.636         0.000         0.000         0.000
 X2             0.500         0.000         0.000         0.000
 X3             1.000         0.000         0.000         0.000
 M1             0.000         1.983         0.000         0.000
 M2             0.000         1.675         0.000         0.000
 M3             0.000        -0.041         0.000         0.000
 M4             0.000         1.308         0.000         0.000
 M5             0.000         0.090         0.000         0.000
 M6             0.000         0.157         0.000         0.000
 M7             0.000         1.448         0.000         0.000
 M8             0.000         1.048         0.000         0.000
 M9             0.000         0.416         0.000         0.000
 M10            0.000         0.429         0.000         0.000
 M11            0.000         0.788         0.000         0.000
 M12            0.000         1.000         0.000         0.000
 Y1             0.000         0.000         0.658         0.000
 Y2             0.000         0.000         0.858         0.000
 Y3             0.000         0.000         1.000         0.000
 X3P1           0.000         0.000         0.000         1.000
 X2P2           0.000         0.000         0.000         1.129
 X1P3           0.000         0.000         0.000         1.370


           THETA
              X1            X2            X3            M1            M2
              ________      ________      ________      ________      ________
 X1             0.125
 X2             0.000         0.125
 X3             0.000         0.000         0.124
 M1             0.000         0.000         0.000         1.143
 M2             0.000         0.000         0.000         0.000         1.495
 M3             0.000         0.000         0.000         0.000         0.000
 M4             0.000         0.000         0.000         0.000         0.000
 M5             0.000         0.000         0.000         0.000         0.000
 M6             0.000         0.000         0.000         0.000         0.000
 M7             0.000         0.000         0.000         0.000         0.000
 M8             0.000         0.000         0.000         0.000         0.000
 M9             0.000         0.000         0.000         0.000         0.000
 M10            0.000         0.000         0.000         0.000         0.000
 M11            0.000         0.000         0.000         0.000         0.000
 M12            0.000         0.000         0.000         0.000         0.000
 Y1             0.000         0.000         0.000         0.000         0.000
 Y2             0.000         0.000         0.000         0.000         0.000
 Y3             0.000         0.000         0.000         0.000         0.000
 X3P1           0.000         0.000         0.000         0.000         0.000
 X2P2           0.000         0.000         0.000         0.000         0.000
 X1P3           0.000         0.000         0.000         0.000         0.000


           THETA
              M3            M4            M5            M6            M7
              ________      ________      ________      ________      ________
 M3             1.225
 M4             0.000         1.281
 M5             0.000         0.000         1.227
 M6             0.000         0.000         0.000         1.223
 M7             0.000         0.000         0.000         0.000         1.127
 M8             0.000         0.000         0.000         0.000         0.000
 M9             0.000         0.000         0.000         0.000         0.000
 M10            0.000         0.000         0.000         0.000         0.000
 M11            0.000         0.000         0.000         0.000         0.000
 M12            0.000         0.000         0.000         0.000         0.000
 Y1             0.000         0.000         0.000         0.000         0.000
 Y2             0.000         0.000         0.000         0.000         0.000
 Y3             0.000         0.000         0.000         0.000         0.000
 X3P1           0.000         0.000         0.000         0.000         0.000
 X2P2           0.000         0.000         0.000         0.000         0.000
 X1P3           0.000         0.000         0.000         0.000         0.000


           THETA
              M8            M9            M10           M11           M12
              ________      ________      ________      ________      ________
 M8             1.207
 M9             0.000         1.153
 M10            0.000         0.000         1.223
 M11            0.000         0.000         0.000         1.099
 M12            0.000         0.000         0.000         0.000         1.133
 Y1             0.000         0.000         0.000         0.000         0.000
 Y2             0.000         0.000         0.000         0.000         0.000
 Y3             0.000         0.000         0.000         0.000         0.000
 X3P1           0.000         0.000         0.000         0.000         0.000
 X2P2           0.000         0.000         0.000         0.000         0.000
 X1P3           0.000         0.000         0.000         0.000         0.000


           THETA
              Y1            Y2            Y3            X3P1          X2P2
              ________      ________      ________      ________      ________
 Y1             0.434
 Y2             0.000         0.435
 Y3             0.000         0.000         0.612
 X3P1           0.000         0.000         0.000         0.101
 X2P2           0.000         0.000         0.000         0.000         0.103
 X1P3           0.000         0.000         0.000         0.000         0.000


           THETA
              X1P3
              ________
 X1P3           0.082


           ALPHA
              X             M             Y             XM
              ________      ________      ________      ________
                0.000         0.000         0.000         0.000


           BETA
              X             M             Y             XM
              ________      ________      ________      ________
 X              0.000         0.000         0.000         0.000
 M              0.000         0.000         0.000         0.000
 Y              0.000         0.000         0.000         0.000
 XM             0.000         0.000         0.000         0.000


           PSI
              X             M             Y             XM
              ________      ________      ________      ________
 X              0.050
 M              0.000         0.050
 Y              0.000         0.000         0.050
 XM             0.000         0.000         0.000         0.050


     STARTING VALUES FOR THE ADDITIONAL PARAMETERS


           New/Additional Parameters
              VAR_Y         STD_B1        STD_B2        STD_B3
              ________      ________      ________      ________
                0.500         0.500         0.500         0.500


RESULTS SAVING INFORMATION

  Order of data

    Parameter estimates
     (saved in order shown in Technical 1 output)
    Standard errors
     (saved in order shown in Technical 1 output)
    Number of Free Parameters
    H0 Loglikelihood
    H0 Scaling Correction Factor for MLR
    H1 Loglikelihood
    H1 Scaling Correction Factor for MLR
    Akaike (AIC)
    Bayesian (BIC)
    Sample-Size Adjusted BIC
    Chi-square : Value
    Chi-square : Degrees of Freedom
    Chi-square : P-Value
    Chi-square : Scaling Correction Factor for MLR/MLM/WLSM
    CFI
    TLI
    RMSEA : Estimate
    RMSEA : Low CI
    RMSEA : High CI
    RMSEA : Probability
    SRMR
    Condition Number

  Save file
    parcelupi_results_1792.dat

  Save file format           Free


     Beginning Time:  21:34:49
        Ending Time:  21:34:49
       Elapsed Time:  00:00:00



MUTHEN & MUTHEN
3463 Stoner Ave.
Los Angeles, CA  90066

Tel: (310) 391-9971
Fax: (310) 391-8971
Web: www.StatModel.com
Support: Support@StatModel.com

Copyright (c) 1998-2022 Muthen & Muthen
