Mplus VERSION 8.8 (Mac)
MUTHEN & MUTHEN
07/27/2025   3:01 PM

INPUT INSTRUCTIONS


    TITLE: Parceling Unconstrained Product Indicator

    DATA:
      FILE = parcelupi_simdat_13.dat;
      FORMAT IS FREE;

    VARIABLE:
      NAMES = x1 x2 x3
      	    m1 m2 m3 m4 m5 m6
      	    m7 m8 m9 m10 m11 m12
      	    y1 y2 y3
      	    p1 p2 p3
      	    x3p1 x2p2 x1p3;
      USEVARIABLES = x1 x2 x3
      	    m1 m2 m3 m4 m5 m6
      	    m7 m8 m9 m10 m11 m12
      	    y1 y2 y3
      	    x3p1 x2p2 x1p3;

    ANALYSIS:
      TYPE = general;
      ESTIMATOR = MLR;
    MODEL:
      !measurement model
      X BY x3 x2 x1;
      X (var_X);
      M BY m12 m11 m10 m9 m8 m7 m6 m5 m4 m3 m2 m1;
      M (var_M);
      Y BY y3 y2 y1;
      Y (resvar_Y);
      XM BY x3p1 x2p2 x1p3;
      XM (var_XM);

      !covariances between predictors
      X WITH M (cov_XM);
      X WITH XM (cov_XXM);
      M WITH XM (cov_MXM);

      !structural model
      Y ON X (b1);
      Y ON M (b2);
      Y ON XM (b3);

    MODEL CONSTRAINT:

      NEW(var_Y std_b1 std_b2 std_b3);
      var_Y = resvar_Y +
       (b1^2 * var_X +
        b2^2 * var_M +
        b3^2 * var_XM +
        2 * b1 * b2 * cov_XM +
        2 * b1 * b3 * cov_XXM +
        2 * b2 * b3 * cov_MXM);

        std_b1 = b1 * sqrt(var_X) / sqrt(var_Y);
        std_b2 = b2 * sqrt(var_M) / sqrt(var_Y);
        std_b3 = b3 * sqrt(var_X) * sqrt(var_M) / sqrt(var_Y);

    OUTPUT:
      sampstat tech1 CINTERVAL;

    SAVEDATA:
      RESULTS = parcelupi_results_13.dat;




INPUT READING TERMINATED NORMALLY



Parceling Unconstrained Product Indicator

SUMMARY OF ANALYSIS

Number of groups                                                 1
Number of observations                                         100

Number of dependent variables                                   21
Number of independent variables                                  0
Number of continuous latent variables                            4

Observed dependent variables

  Continuous
   X1          X2          X3          M1          M2          M3
   M4          M5          M6          M7          M8          M9
   M10         M11         M12         Y1          Y2          Y3
   X3P1        X2P2        X1P3

Continuous latent variables
   X           M           Y           XM


Estimator                                                      MLR
Information matrix                                        OBSERVED
Maximum number of iterations                                  1000
Convergence criterion                                    0.500D-04
Maximum number of steepest descent iterations                   20

Input data file(s)
  parcelupi_simdat_13.dat

Input data format  FREE


SAMPLE STATISTICS


     SAMPLE STATISTICS


           Means
              X1            X2            X3            M1            M2
              ________      ________      ________      ________      ________
                0.000         0.000         0.000         0.000         0.000


           Means
              M3            M4            M5            M6            M7
              ________      ________      ________      ________      ________
                0.000         0.000         0.000         0.000         0.000


           Means
              M8            M9            M10           M11           M12
              ________      ________      ________      ________      ________
                0.000         0.000         0.000         0.000         0.000


           Means
              Y1            Y2            Y3            X3P1          X2P2
              ________      ________      ________      ________      ________
                0.622         0.862         1.020         0.000         0.000


           Means
              X1P3
              ________
                0.000


           Covariances
              X1            X2            X3            M1            M2
              ________      ________      ________      ________      ________
 X1             0.250
 X2             0.025         0.247
 X3             0.075         0.128         0.249
 M1            -0.080        -0.057        -0.008         2.516
 M2            -0.015         0.019        -0.040        -0.369         2.330
 M3             0.080         0.063         0.062         0.116         0.231
 M4            -0.025         0.072         0.129        -0.288         0.506
 M5            -0.095        -0.029         0.012         0.105        -0.136
 M6             0.020         0.013        -0.042         0.254         0.353
 M7            -0.015        -0.014         0.040        -0.010         0.253
 M8             0.060         0.083         0.076        -0.112         0.029
 M9             0.135         0.105         0.109        -0.277        -0.197
 M10           -0.035        -0.056        -0.006         0.172         0.175
 M11            0.100         0.047         0.028         0.294         0.449
 M12           -0.035         0.161         0.139         0.182         0.116
 Y1             0.035         0.052         0.099        -0.055         0.052
 Y2             0.168         0.118         0.140         0.193         0.070
 Y3             0.127         0.093         0.150        -0.005        -0.064
 X3P1          -0.031         0.009        -0.006         0.082        -0.153
 X2P2           0.001        -0.003         0.000         0.034         0.092
 X1P3           0.000        -0.026        -0.018        -0.074         0.012


           Covariances
              M3            M4            M5            M6            M7
              ________      ________      ________      ________      ________
 M3             2.516
 M4             0.152         2.773
 M5             0.385         0.552         2.182
 M6             0.414         0.036         0.073         2.192
 M7             0.360         0.402         0.405         0.334         2.521
 M8             0.388         0.158        -0.013         0.116         0.706
 M9             0.203         0.547         0.431         0.105         0.574
 M10            0.062         0.454         0.347         0.458         0.575
 M11            0.164         0.878         0.495         0.276         0.510
 M12            0.382         0.703         0.482         0.406         0.922
 Y1             0.348         0.128         0.152         0.085         0.256
 Y2             0.257        -0.006         0.139         0.168         0.249
 Y3             0.197         0.079         0.362         0.309         0.206
 X3P1          -0.017         0.054         0.068        -0.030         0.055
 X2P2          -0.010        -0.044        -0.019        -0.151        -0.051
 X1P3           0.056        -0.042         0.064         0.030         0.134


           Covariances
              M8            M9            M10           M11           M12
              ________      ________      ________      ________      ________
 M8             2.280
 M9             0.371         2.546
 M10            0.466         0.634         2.269
 M11            0.522         0.457         0.748         2.276
 M12            0.438         0.727         0.914         0.938         2.393
 Y1             0.047         0.066         0.096         0.094         0.136
 Y2             0.069         0.160         0.262         0.104         0.087
 Y3             0.105         0.157         0.497         0.224         0.129
 X3P1          -0.030        -0.008        -0.038        -0.016         0.111
 X2P2          -0.026        -0.046        -0.139        -0.015        -0.008
 X1P3           0.033        -0.022         0.026        -0.012         0.038


           Covariances
              Y1            Y2            Y3            X3P1          X2P2
              ________      ________      ________      ________      ________
 Y1             0.710
 Y2             0.435         1.122
 Y3             0.478         0.702         1.302
 X3P1          -0.003        -0.052        -0.021         0.197
 X2P2          -0.038         0.020        -0.038         0.041         0.180
 X1P3          -0.038         0.019        -0.065         0.038         0.035


           Covariances
              X1P3
              ________
 X1P3           0.217


           Correlations
              X1            X2            X3            M1            M2
              ________      ________      ________      ________      ________
 X1             1.000
 X2             0.101         1.000
 X3             0.301         0.518         1.000
 M1            -0.101        -0.072        -0.010         1.000
 M2            -0.020         0.026        -0.053        -0.153         1.000
 M3             0.101         0.080         0.078         0.046         0.095
 M4            -0.030         0.086         0.155        -0.109         0.199
 M5            -0.129        -0.040         0.017         0.045        -0.060
 M6             0.027         0.018        -0.057         0.108         0.156
 M7            -0.019        -0.017         0.050        -0.004         0.105
 M8             0.079         0.110         0.101        -0.047         0.012
 M9             0.169         0.132         0.136        -0.110        -0.081
 M10           -0.046        -0.075        -0.008         0.072         0.076
 M11            0.133         0.063         0.037         0.123         0.195
 M12           -0.045         0.210         0.180         0.074         0.049
 Y1             0.084         0.123         0.237        -0.042         0.040
 Y2             0.317         0.225         0.264         0.115         0.043
 Y3             0.223         0.163         0.263        -0.003        -0.037
 X3P1          -0.140         0.040        -0.025         0.116        -0.226
 X2P2           0.003        -0.014        -0.002         0.050         0.142
 X1P3           0.000        -0.113        -0.078        -0.100         0.017


           Correlations
              M3            M4            M5            M6            M7
              ________      ________      ________      ________      ________
 M3             1.000
 M4             0.058         1.000
 M5             0.164         0.224         1.000
 M6             0.176         0.015         0.034         1.000
 M7             0.143         0.152         0.173         0.142         1.000
 M8             0.162         0.063        -0.006         0.052         0.295
 M9             0.080         0.206         0.183         0.044         0.227
 M10            0.026         0.181         0.156         0.205         0.240
 M11            0.068         0.349         0.222         0.123         0.213
 M12            0.156         0.273         0.211         0.177         0.375
 Y1             0.260         0.091         0.122         0.068         0.191
 Y2             0.153        -0.003         0.089         0.107         0.148
 Y3             0.109         0.042         0.215         0.183         0.114
 X3P1          -0.024         0.073         0.104        -0.045         0.078
 X2P2          -0.015        -0.062        -0.031        -0.241        -0.076
 X1P3           0.075        -0.054         0.092         0.044         0.181


           Correlations
              M8            M9            M10           M11           M12
              ________      ________      ________      ________      ________
 M8             1.000
 M9             0.154         1.000
 M10            0.205         0.264         1.000
 M11            0.229         0.190         0.329         1.000
 M12            0.188         0.295         0.392         0.402         1.000
 Y1             0.037         0.049         0.076         0.074         0.105
 Y2             0.043         0.094         0.164         0.065         0.053
 Y3             0.061         0.086         0.289         0.130         0.073
 X3P1          -0.044        -0.011        -0.057        -0.025         0.161
 X2P2          -0.041        -0.068        -0.218        -0.023        -0.012
 X1P3           0.046        -0.030         0.037        -0.016         0.053


           Correlations
              Y1            Y2            Y3            X3P1          X2P2
              ________      ________      ________      ________      ________
 Y1             1.000
 Y2             0.488         1.000
 Y3             0.497         0.581         1.000
 X3P1          -0.008        -0.110        -0.042         1.000
 X2P2          -0.107         0.043        -0.078         0.216         1.000
 X1P3          -0.097         0.038        -0.122         0.184         0.175


           Correlations
              X1P3
              ________
 X1P3           1.000


UNIVARIATE SAMPLE STATISTICS


     UNIVARIATE HIGHER-ORDER MOMENT DESCRIPTIVE STATISTICS

         Variable/         Mean/     Skewness/   Minimum/ % with                Percentiles
        Sample Size      Variance    Kurtosis    Maximum  Min/Max      20%/60%    40%/80%    Median

     X1                    0.000       0.000      -0.500   50.00%      -0.500     -0.500      0.000
             100.000       0.250      -2.000       0.500   50.00%       0.500      0.500
     X2                    0.000      -0.201      -0.550   45.00%      -0.550     -0.550      0.450
             100.000       0.247      -1.960       0.450   55.00%       0.450      0.450
     X3                    0.000      -0.120      -0.530   47.00%      -0.530     -0.530      0.470
             100.000       0.249      -1.986       0.470   53.00%       0.470      0.470
     M1                    0.000       0.144      -1.940   27.00%      -1.940     -0.940      0.060
             100.000       2.516      -1.509       2.060   30.00%       0.060      2.060
     M2                    0.000      -0.491      -2.510   17.00%      -1.510     -0.510      0.490
             100.000       2.330      -1.266       1.490   41.00%       1.490      1.490
     M3                    0.000       0.083      -1.940   29.00%      -1.940     -0.940      0.060
             100.000       2.516      -1.518       2.060   28.00%       0.060      2.060
     M4                    0.000       0.142      -1.870   34.00%      -1.870     -0.870      0.130
             100.000       2.773      -1.647       2.130   29.00%       1.130      2.130
     M5                    0.000      -0.081      -2.090   22.00%      -2.090     -0.090     -0.090
             100.000       2.182      -1.333       1.910   26.00%      -0.090      1.910
     M6                    0.000       0.230      -1.740   31.00%      -1.740     -0.740      0.260
             100.000       2.192      -1.306       2.260   19.00%       0.260      1.260
     M7                    0.000      -0.175      -2.170   25.00%      -2.170     -0.170     -0.170
             100.000       2.521      -1.517       1.830   32.00%       0.830      1.830
     M8                    0.000      -0.203      -2.140   24.00%      -2.140     -0.140     -0.140
             100.000       2.280      -1.380       1.860   26.00%       0.860      1.860
     M9                    0.000      -0.301      -2.210   27.00%      -2.210     -0.210      0.790
             100.000       2.546      -1.491       1.790   30.00%       0.790      1.790
     M10                   0.000      -0.156      -2.030   27.00%      -2.030     -0.030     -0.030
             100.000       2.269      -1.430       1.970   21.00%       0.970      1.970
     M11                   0.000      -0.067      -2.060   23.00%      -2.060     -1.060     -0.060
             100.000       2.276      -1.447       1.940   25.00%       0.940      1.940
     M12                   0.000       0.153      -1.870   29.00%      -1.870     -0.870      0.130
             100.000       2.393      -1.439       2.130   25.00%       0.130      2.130
     Y1                    0.622      -0.112      -1.807    1.00%      -0.021      0.392      0.593
             100.000       0.710       0.490       2.872    1.00%       0.830      1.337
     Y2                    0.862      -0.266      -2.155    1.00%      -0.013      0.632      0.953
             100.000       1.122      -0.304       3.079    1.00%       1.163      1.766
     Y3                    1.020      -0.587      -3.016    1.00%       0.017      0.837      1.139
             100.000       1.302       0.530       3.399    1.00%       1.334      1.889
     X3P1                  0.000      -0.116      -1.034    1.00%      -0.372     -0.107      0.032
             100.000       0.197      -0.286       0.953    1.00%       0.156      0.391
     X2P2                  0.000      -0.011      -1.020    1.00%      -0.458     -0.120     -0.007
             100.000       0.180      -0.690       1.042    1.00%       0.105      0.355
     X1P3                  0.000       0.121      -0.998    2.00%      -0.403     -0.152     -0.028
             100.000       0.217      -0.361       1.002    1.00%       0.128      0.378


     THIS ANALYSIS MAY HAVE MULTIPLE SOLUTIONS.  EXPLORE THIS USING RANDOM STARTS,
     FOR EXAMPLE, STARTS = 20.  USE A LARGE ENOUGH NUMBER OF STARTS SO THAT THE
     BEST FIT FUNCTION VALUE IS REPLICATED SEVERAL TIMES.


THE MODEL ESTIMATION TERMINATED NORMALLY

     THE STANDARD ERRORS OF THE MODEL PARAMETER ESTIMATES MAY NOT BE
     TRUSTWORTHY FOR SOME PARAMETERS DUE TO A NON-POSITIVE DEFINITE
     FIRST-ORDER DERIVATIVE PRODUCT MATRIX.  THIS MAY BE DUE TO THE STARTING
     VALUES BUT MAY ALSO BE AN INDICATION OF MODEL NONIDENTIFICATION.  THE
     CONDITION NUMBER IS      -0.454D-16.  PROBLEM INVOLVING THE FOLLOWING PARAMETER:
     Parameter 40, X2

     THIS IS MOST LIKELY DUE TO VARIABLE X1 BEING DICHOTOMOUS BUT
     DECLARED AS CONTINUOUS.




MODEL FIT INFORMATION

Number of Free Parameters                       69

Loglikelihood

          H0 Value                       -2926.751
          H0 Scaling Correction Factor      0.9174
            for MLR
          H1 Value                       -2833.225
          H1 Scaling Correction Factor      0.9635
            for MLR

Information Criteria

          Akaike (AIC)                    5991.502
          Bayesian (BIC)                  6171.259
          Sample-Size Adjusted BIC        5953.339
            (n* = (n + 2) / 24)

Chi-Square Test of Model Fit

          Value                            190.688*
          Degrees of Freedom                   183
          P-Value                           0.3332
          Scaling Correction Factor         0.9809
            for MLR

*   The chi-square value for MLM, MLMV, MLR, ULSMV, WLSM and WLSMV cannot be used
    for chi-square difference testing in the regular way.  MLM, MLR and WLSM
    chi-square difference testing is described on the Mplus website.  MLMV, WLSMV,
    and ULSMV difference testing is done using the DIFFTEST option.

RMSEA (Root Mean Square Error Of Approximation)

          Estimate                           0.020
          90 Percent C.I.                    0.000  0.049
          Probability RMSEA <= .05           0.954

CFI/TLI

          CFI                                0.966
          TLI                                0.961

Chi-Square Test of Model Fit for the Baseline Model

          Value                            434.631
          Degrees of Freedom                   210
          P-Value                           0.0000

SRMR (Standardized Root Mean Square Residual)

          Value                              0.069



MODEL RESULTS

                                                    Two-Tailed
                    Estimate       S.E.  Est./S.E.    P-Value

 X        BY
    X3                 1.000      0.000    999.000    999.000
    X2                 0.625      0.188      3.322      0.001
    X1                 0.365      0.147      2.482      0.013

 M        BY
    M12                1.000      0.000    999.000    999.000
    M11                0.826      0.184      4.482      0.000
    M10                0.781      0.199      3.924      0.000
    M9                 0.627      0.168      3.724      0.000
    M8                 0.479      0.187      2.566      0.010
    M7                 0.753      0.173      4.358      0.000
    M6                 0.354      0.183      1.932      0.053
    M5                 0.475      0.190      2.502      0.012
    M4                 0.652      0.210      3.107      0.002
    M3                 0.345      0.188      1.840      0.066
    M2                 0.217      0.192      1.131      0.258
    M1                 0.084      0.190      0.442      0.658

 Y        BY
    Y3                 1.000      0.000    999.000    999.000
    Y2                 0.892      0.185      4.832      0.000
    Y1                 0.616      0.122      5.066      0.000

 XM       BY
    X3P1               1.000      0.000    999.000    999.000
    X2P2               0.812      0.826      0.982      0.326
    X1P3               0.876      0.814      1.076      0.282

 Y        ON
    X                  0.685      0.362      1.895      0.058
    M                  0.193      0.142      1.363      0.173
    XM                -0.565      0.782     -0.722      0.470

 X        WITH
    M                  0.087      0.066      1.315      0.188
    XM                -0.009      0.019     -0.479      0.632

 M        WITH
    XM                 0.005      0.086      0.063      0.950

 Intercepts
    X1                 0.000      0.050      0.000      1.000
    X2                 0.000      0.050      0.000      1.000
    X3                 0.000      0.050      0.000      1.000
    M1                 0.000      0.159      0.000      1.000
    M2                 0.000      0.153      0.000      1.000
    M3                 0.000      0.159      0.000      1.000
    M4                 0.000      0.167      0.000      1.000
    M5                 0.000      0.148      0.000      1.000
    M6                 0.000      0.148      0.000      1.000
    M7                 0.000      0.159      0.000      1.000
    M8                 0.000      0.151      0.000      1.000
    M9                 0.000      0.160      0.000      1.000
    M10                0.000      0.151      0.000      1.000
    M11                0.000      0.151      0.000      1.000
    M12                0.000      0.155      0.000      1.000
    Y1                 0.622      0.084      7.385      0.000
    Y2                 0.862      0.106      8.136      0.000
    Y3                 1.020      0.114      8.942      0.000
    X3P1               0.000      0.044      0.000      1.000
    X2P2               0.000      0.042      0.000      1.000
    X1P3               0.000      0.047      0.000      1.000

 Variances
    X                  0.203      0.063      3.228      0.001
    M                  1.120      0.334      3.357      0.001
    XM                 0.047      0.053      0.894      0.371

 Residual Variances
    X1                 0.223      0.018     12.356      0.000
    X2                 0.168      0.031      5.486      0.000
    X3                 0.046      0.063      0.724      0.469
    M1                 2.508      0.182     13.776      0.000
    M2                 2.277      0.197     11.575      0.000
    M3                 2.383      0.208     11.464      0.000
    M4                 2.297      0.261      8.802      0.000
    M5                 1.930      0.211      9.157      0.000
    M6                 2.052      0.209      9.823      0.000
    M7                 1.887      0.248      7.599      0.000
    M8                 2.024      0.234      8.656      0.000
    M9                 2.105      0.237      8.901      0.000
    M10                1.586      0.274      5.785      0.000
    M11                1.513      0.222      6.806      0.000
    M12                1.273      0.302      4.213      0.000
    Y1                 0.412      0.078      5.279      0.000
    Y2                 0.497      0.124      4.017      0.000
    Y3                 0.517      0.116      4.443      0.000
    X3P1               0.150      0.052      2.852      0.004
    X2P2               0.149      0.035      4.236      0.000
    X1P3               0.181      0.043      4.207      0.000
    Y                  0.604      0.164      3.679      0.000

New/Additional Parameters
    VAR_Y              0.785      0.236      3.322      0.001
    STD_B1             0.349      0.134      2.607      0.009
    STD_B2             0.231      0.149      1.554      0.120
    STD_B3            -0.304      0.398     -0.765      0.444


QUALITY OF NUMERICAL RESULTS

     Condition Number for the Information Matrix              0.218E-03
       (ratio of smallest to largest eigenvalue)


CONFIDENCE INTERVALS OF MODEL RESULTS

                  Lower .5%  Lower 2.5%    Lower 5%    Estimate    Upper 5%  Upper 2.5%   Upper .5%

 X        BY
    X3               1.000       1.000       1.000       1.000       1.000       1.000       1.000
    X2               0.140       0.256       0.316       0.625       0.935       0.994       1.110
    X1              -0.014       0.077       0.123       0.365       0.607       0.653       0.744

 M        BY
    M12              1.000       1.000       1.000       1.000       1.000       1.000       1.000
    M11              0.351       0.465       0.523       0.826       1.129       1.187       1.300
    M10              0.268       0.391       0.454       0.781       1.108       1.171       1.294
    M9               0.193       0.297       0.350       0.627       0.904       0.957       1.061
    M8              -0.002       0.113       0.172       0.479       0.786       0.844       0.959
    M7               0.308       0.414       0.468       0.753       1.037       1.091       1.197
    M6              -0.118      -0.005       0.053       0.354       0.655       0.713       0.825
    M5              -0.014       0.103       0.163       0.475       0.787       0.847       0.963
    M4               0.112       0.241       0.307       0.652       0.997       1.064       1.193
    M3              -0.138      -0.022       0.037       0.345       0.654       0.713       0.829
    M2              -0.277      -0.159      -0.098       0.217       0.532       0.592       0.710
    M1              -0.406      -0.289      -0.229       0.084       0.397       0.457       0.575

 Y        BY
    Y3               1.000       1.000       1.000       1.000       1.000       1.000       1.000
    Y2               0.416       0.530       0.588       0.892       1.195       1.253       1.367
    Y1               0.303       0.378       0.416       0.616       0.816       0.854       0.929

 XM       BY
    X3P1             1.000       1.000       1.000       1.000       1.000       1.000       1.000
    X2P2            -1.317      -0.808      -0.547       0.812       2.171       2.432       2.940
    X1P3            -1.221      -0.719      -0.463       0.876       2.215       2.472       2.973

 Y        ON
    X               -0.246      -0.024       0.090       0.685       1.280       1.394       1.616
    M               -0.172      -0.085      -0.040       0.193       0.427       0.472       0.559
    XM              -2.578      -2.097      -1.850      -0.565       0.721       0.967       1.449

 X        WITH
    M               -0.083      -0.042      -0.022       0.087       0.195       0.216       0.256
    XM              -0.057      -0.046      -0.040      -0.009       0.022       0.028       0.039

 M        WITH
    XM              -0.216      -0.163      -0.136       0.005       0.147       0.174       0.226

 Intercepts
    X1              -0.129      -0.098      -0.082       0.000       0.082       0.098       0.129
    X2              -0.128      -0.098      -0.082       0.000       0.082       0.098       0.128
    X3              -0.129      -0.098      -0.082       0.000       0.082       0.098       0.129
    M1              -0.409      -0.311      -0.261       0.000       0.261       0.311       0.409
    M2              -0.393      -0.299      -0.251       0.000       0.251       0.299       0.393
    M3              -0.409      -0.311      -0.261       0.000       0.261       0.311       0.409
    M4              -0.429      -0.326      -0.274       0.000       0.274       0.326       0.429
    M5              -0.380      -0.290      -0.243       0.000       0.243       0.290       0.380
    M6              -0.381      -0.290      -0.244       0.000       0.244       0.290       0.381
    M7              -0.409      -0.311      -0.261       0.000       0.261       0.311       0.409
    M8              -0.389      -0.296      -0.248       0.000       0.248       0.296       0.389
    M9              -0.411      -0.313      -0.262       0.000       0.262       0.313       0.411
    M10             -0.388      -0.295      -0.248       0.000       0.248       0.295       0.388
    M11             -0.389      -0.296      -0.248       0.000       0.248       0.296       0.389
    M12             -0.398      -0.303      -0.254       0.000       0.254       0.303       0.398
    Y1               0.405       0.457       0.484       0.622       0.761       0.787       0.839
    Y2               0.589       0.654       0.687       0.862       1.036       1.069       1.134
    Y3               0.726       0.797       0.833       1.020       1.208       1.244       1.314
    X3P1            -0.114      -0.087      -0.073       0.000       0.073       0.087       0.114
    X2P2            -0.109      -0.083      -0.070       0.000       0.070       0.083       0.109
    X1P3            -0.120      -0.091      -0.077       0.000       0.077       0.091       0.120

 Variances
    X                0.041       0.080       0.100       0.203       0.307       0.327       0.366
    M                0.261       0.466       0.571       1.120       1.669       1.774       1.979
    XM              -0.089      -0.056      -0.040       0.047       0.134       0.151       0.183

 Residual Variances
    X1               0.176       0.188       0.193       0.223       0.253       0.258       0.269
    X2               0.089       0.108       0.118       0.168       0.218       0.228       0.247
    X3              -0.117      -0.078      -0.058       0.046       0.149       0.169       0.208
    M1               2.039       2.152       2.209       2.508       2.808       2.865       2.977
    M2               1.771       1.892       1.954       2.277       2.601       2.663       2.784
    M3               1.847       1.975       2.041       2.383       2.725       2.790       2.918
    M4               1.625       1.785       1.868       2.297       2.726       2.808       2.969
    M5               1.387       1.517       1.583       1.930       2.276       2.343       2.472
    M6               1.514       1.643       1.709       2.052       2.396       2.462       2.590
    M7               1.247       1.400       1.478       1.887       2.295       2.374       2.526
    M8               1.422       1.566       1.639       2.024       2.408       2.482       2.626
    M9               1.496       1.642       1.716       2.105       2.494       2.569       2.715
    M10              0.880       1.049       1.135       1.586       2.037       2.124       2.292
    M11              0.940       1.077       1.147       1.513       1.878       1.948       2.085
    M12              0.495       0.681       0.776       1.273       1.770       1.865       2.051
    Y1               0.211       0.259       0.284       0.412       0.541       0.565       0.613
    Y2               0.178       0.255       0.294       0.497       0.701       0.740       0.816
    Y3               0.217       0.289       0.325       0.517       0.708       0.744       0.816
    X3P1             0.014       0.047       0.063       0.150       0.236       0.252       0.285
    X2P2             0.058       0.080       0.091       0.149       0.207       0.218       0.240
    X1P3             0.070       0.097       0.110       0.181       0.252       0.265       0.292
    Y                0.181       0.282       0.334       0.604       0.874       0.926       1.027

New/Additional Parameters
    VAR_Y            0.176       0.322       0.396       0.785       1.174       1.249       1.394
    STD_B1           0.004       0.087       0.129       0.349       0.569       0.611       0.693
    STD_B2          -0.152      -0.060      -0.014       0.231       0.476       0.523       0.614
    STD_B3          -1.328      -1.084      -0.958      -0.304       0.350       0.475       0.720


TECHNICAL 1 OUTPUT


     PARAMETER SPECIFICATION


           NU
              X1            X2            X3            M1            M2
              ________      ________      ________      ________      ________
                  1             2             3             4             5


           NU
              M3            M4            M5            M6            M7
              ________      ________      ________      ________      ________
                  6             7             8             9            10


           NU
              M8            M9            M10           M11           M12
              ________      ________      ________      ________      ________
                 11            12            13            14            15


           NU
              Y1            Y2            Y3            X3P1          X2P2
              ________      ________      ________      ________      ________
                 16            17            18            19            20


           NU
              X1P3
              ________
                 21


           LAMBDA
              X             M             Y             XM
              ________      ________      ________      ________
 X1                22             0             0             0
 X2                23             0             0             0
 X3                 0             0             0             0
 M1                 0            24             0             0
 M2                 0            25             0             0
 M3                 0            26             0             0
 M4                 0            27             0             0
 M5                 0            28             0             0
 M6                 0            29             0             0
 M7                 0            30             0             0
 M8                 0            31             0             0
 M9                 0            32             0             0
 M10                0            33             0             0
 M11                0            34             0             0
 M12                0             0             0             0
 Y1                 0             0            35             0
 Y2                 0             0            36             0
 Y3                 0             0             0             0
 X3P1               0             0             0             0
 X2P2               0             0             0            37
 X1P3               0             0             0            38


           THETA
              X1            X2            X3            M1            M2
              ________      ________      ________      ________      ________
 X1                39
 X2                 0            40
 X3                 0             0            41
 M1                 0             0             0            42
 M2                 0             0             0             0            43
 M3                 0             0             0             0             0
 M4                 0             0             0             0             0
 M5                 0             0             0             0             0
 M6                 0             0             0             0             0
 M7                 0             0             0             0             0
 M8                 0             0             0             0             0
 M9                 0             0             0             0             0
 M10                0             0             0             0             0
 M11                0             0             0             0             0
 M12                0             0             0             0             0
 Y1                 0             0             0             0             0
 Y2                 0             0             0             0             0
 Y3                 0             0             0             0             0
 X3P1               0             0             0             0             0
 X2P2               0             0             0             0             0
 X1P3               0             0             0             0             0


           THETA
              M3            M4            M5            M6            M7
              ________      ________      ________      ________      ________
 M3                44
 M4                 0            45
 M5                 0             0            46
 M6                 0             0             0            47
 M7                 0             0             0             0            48
 M8                 0             0             0             0             0
 M9                 0             0             0             0             0
 M10                0             0             0             0             0
 M11                0             0             0             0             0
 M12                0             0             0             0             0
 Y1                 0             0             0             0             0
 Y2                 0             0             0             0             0
 Y3                 0             0             0             0             0
 X3P1               0             0             0             0             0
 X2P2               0             0             0             0             0
 X1P3               0             0             0             0             0


           THETA
              M8            M9            M10           M11           M12
              ________      ________      ________      ________      ________
 M8                49
 M9                 0            50
 M10                0             0            51
 M11                0             0             0            52
 M12                0             0             0             0            53
 Y1                 0             0             0             0             0
 Y2                 0             0             0             0             0
 Y3                 0             0             0             0             0
 X3P1               0             0             0             0             0
 X2P2               0             0             0             0             0
 X1P3               0             0             0             0             0


           THETA
              Y1            Y2            Y3            X3P1          X2P2
              ________      ________      ________      ________      ________
 Y1                54
 Y2                 0            55
 Y3                 0             0            56
 X3P1               0             0             0            57
 X2P2               0             0             0             0            58
 X1P3               0             0             0             0             0


           THETA
              X1P3
              ________
 X1P3              59


           ALPHA
              X             M             Y             XM
              ________      ________      ________      ________
                  0             0             0             0


           BETA
              X             M             Y             XM
              ________      ________      ________      ________
 X                  0             0             0             0
 M                  0             0             0             0
 Y                 60            61             0            62
 XM                 0             0             0             0


           PSI
              X             M             Y             XM
              ________      ________      ________      ________
 X                 63
 M                 64            65
 Y                  0             0            66
 XM                67            68             0            69


     PARAMETER SPECIFICATION FOR THE ADDITIONAL PARAMETERS


           New/Additional Parameters
              VAR_Y         STD_B1        STD_B2        STD_B3
              ________      ________      ________      ________
                   70            71            72            73


     STARTING VALUES


           NU
              X1            X2            X3            M1            M2
              ________      ________      ________      ________      ________
                0.000         0.000         0.000         0.000         0.000


           NU
              M3            M4            M5            M6            M7
              ________      ________      ________      ________      ________
                0.000         0.000         0.000         0.000         0.000


           NU
              M8            M9            M10           M11           M12
              ________      ________      ________      ________      ________
                0.000         0.000         0.000         0.000         0.000


           NU
              Y1            Y2            Y3            X3P1          X2P2
              ________      ________      ________      ________      ________
                0.622         0.862         1.020         0.000         0.000


           NU
              X1P3
              ________
                0.000


           LAMBDA
              X             M             Y             XM
              ________      ________      ________      ________
 X1             0.195         0.000         0.000         0.000
 X2             0.333         0.000         0.000         0.000
 X3             1.000         0.000         0.000         0.000
 M1             0.000         2.894         0.000         0.000
 M2             0.000         0.921         0.000         0.000
 M3             0.000        -0.174         0.000         0.000
 M4             0.000        -0.117         0.000         0.000
 M5             0.000         0.785         0.000         0.000
 M6             0.000         0.555         0.000         0.000
 M7             0.000        -0.116         0.000         0.000
 M8             0.000         0.820         0.000         0.000
 M9             0.000         0.935         0.000         0.000
 M10            0.000         0.567         0.000         0.000
 M11            0.000        -0.579         0.000         0.000
 M12            0.000         1.000         0.000         0.000
 Y1             0.000         0.000         0.620         0.000
 Y2             0.000         0.000         0.911         0.000
 Y3             0.000         0.000         1.000         0.000
 X3P1           0.000         0.000         0.000         1.000
 X2P2           0.000         0.000         0.000         0.913
 X1P3           0.000         0.000         0.000         0.853


           THETA
              X1            X2            X3            M1            M2
              ________      ________      ________      ________      ________
 X1             0.125
 X2             0.000         0.124
 X3             0.000         0.000         0.125
 M1             0.000         0.000         0.000         1.258
 M2             0.000         0.000         0.000         0.000         1.165
 M3             0.000         0.000         0.000         0.000         0.000
 M4             0.000         0.000         0.000         0.000         0.000
 M5             0.000         0.000         0.000         0.000         0.000
 M6             0.000         0.000         0.000         0.000         0.000
 M7             0.000         0.000         0.000         0.000         0.000
 M8             0.000         0.000         0.000         0.000         0.000
 M9             0.000         0.000         0.000         0.000         0.000
 M10            0.000         0.000         0.000         0.000         0.000
 M11            0.000         0.000         0.000         0.000         0.000
 M12            0.000         0.000         0.000         0.000         0.000
 Y1             0.000         0.000         0.000         0.000         0.000
 Y2             0.000         0.000         0.000         0.000         0.000
 Y3             0.000         0.000         0.000         0.000         0.000
 X3P1           0.000         0.000         0.000         0.000         0.000
 X2P2           0.000         0.000         0.000         0.000         0.000
 X1P3           0.000         0.000         0.000         0.000         0.000


           THETA
              M3            M4            M5            M6            M7
              ________      ________      ________      ________      ________
 M3             1.258
 M4             0.000         1.387
 M5             0.000         0.000         1.091
 M6             0.000         0.000         0.000         1.096
 M7             0.000         0.000         0.000         0.000         1.261
 M8             0.000         0.000         0.000         0.000         0.000
 M9             0.000         0.000         0.000         0.000         0.000
 M10            0.000         0.000         0.000         0.000         0.000
 M11            0.000         0.000         0.000         0.000         0.000
 M12            0.000         0.000         0.000         0.000         0.000
 Y1             0.000         0.000         0.000         0.000         0.000
 Y2             0.000         0.000         0.000         0.000         0.000
 Y3             0.000         0.000         0.000         0.000         0.000
 X3P1           0.000         0.000         0.000         0.000         0.000
 X2P2           0.000         0.000         0.000         0.000         0.000
 X1P3           0.000         0.000         0.000         0.000         0.000


           THETA
              M8            M9            M10           M11           M12
              ________      ________      ________      ________      ________
 M8             1.140
 M9             0.000         1.273
 M10            0.000         0.000         1.135
 M11            0.000         0.000         0.000         1.138
 M12            0.000         0.000         0.000         0.000         1.197
 Y1             0.000         0.000         0.000         0.000         0.000
 Y2             0.000         0.000         0.000         0.000         0.000
 Y3             0.000         0.000         0.000         0.000         0.000
 X3P1           0.000         0.000         0.000         0.000         0.000
 X2P2           0.000         0.000         0.000         0.000         0.000
 X1P3           0.000         0.000         0.000         0.000         0.000


           THETA
              Y1            Y2            Y3            X3P1          X2P2
              ________      ________      ________      ________      ________
 Y1             0.355
 Y2             0.000         0.561
 Y3             0.000         0.000         0.651
 X3P1           0.000         0.000         0.000         0.098
 X2P2           0.000         0.000         0.000         0.000         0.090
 X1P3           0.000         0.000         0.000         0.000         0.000


           THETA
              X1P3
              ________
 X1P3           0.109


           ALPHA
              X             M             Y             XM
              ________      ________      ________      ________
                0.000         0.000         0.000         0.000


           BETA
              X             M             Y             XM
              ________      ________      ________      ________
 X              0.000         0.000         0.000         0.000
 M              0.000         0.000         0.000         0.000
 Y              0.000         0.000         0.000         0.000
 XM             0.000         0.000         0.000         0.000


           PSI
              X             M             Y             XM
              ________      ________      ________      ________
 X              0.050
 M              0.000         0.050
 Y              0.000         0.000         0.050
 XM             0.000         0.000         0.000         0.050


     STARTING VALUES FOR THE ADDITIONAL PARAMETERS


           New/Additional Parameters
              VAR_Y         STD_B1        STD_B2        STD_B3
              ________      ________      ________      ________
                0.500         0.500         0.500         0.500


RESULTS SAVING INFORMATION

  Order of data

    Parameter estimates
     (saved in order shown in Technical 1 output)
    Standard errors
     (saved in order shown in Technical 1 output)
    Number of Free Parameters
    H0 Loglikelihood
    H0 Scaling Correction Factor for MLR
    H1 Loglikelihood
    H1 Scaling Correction Factor for MLR
    Akaike (AIC)
    Bayesian (BIC)
    Sample-Size Adjusted BIC
    Chi-square : Value
    Chi-square : Degrees of Freedom
    Chi-square : P-Value
    Chi-square : Scaling Correction Factor for MLR/MLM/WLSM
    CFI
    TLI
    RMSEA : Estimate
    RMSEA : Low CI
    RMSEA : High CI
    RMSEA : Probability
    SRMR
    Condition Number

  Save file
    parcelupi_results_13.dat

  Save file format           Free


     Beginning Time:  15:01:46
        Ending Time:  15:01:48
       Elapsed Time:  00:00:02



MUTHEN & MUTHEN
3463 Stoner Ave.
Los Angeles, CA  90066

Tel: (310) 391-9971
Fax: (310) 391-8971
Web: www.StatModel.com
Support: Support@StatModel.com

Copyright (c) 1998-2022 Muthen & Muthen
