Mplus VERSION 8.8 (Mac)
MUTHEN & MUTHEN
07/27/2025   7:58 PM

INPUT INSTRUCTIONS


    TITLE: Parceling Unconstrained Product Indicator

    DATA:
      FILE = parcelupi_simdat_1579.dat;
      FORMAT IS FREE;

    VARIABLE:
      NAMES = x1 x2 x3
      	    m1 m2 m3 m4 m5 m6
      	    m7 m8 m9 m10 m11 m12
      	    y1 y2 y3
      	    p1 p2 p3
      	    x3p1 x2p2 x1p3;
      USEVARIABLES = x1 x2 x3
      	    m1 m2 m3 m4 m5 m6
      	    m7 m8 m9 m10 m11 m12
      	    y1 y2 y3
      	    x3p1 x2p2 x1p3;

    ANALYSIS:
      TYPE = general;
      ESTIMATOR = MLR;
    MODEL:
      !measurement model
      X BY x3 x2 x1;
      X (var_X);
      M BY m12 m11 m10 m9 m8 m7 m6 m5 m4 m3 m2 m1;
      M (var_M);
      Y BY y3 y2 y1;
      Y (resvar_Y);
      XM BY x3p1 x2p2 x1p3;
      XM (var_XM);

      !covariances between predictors
      X WITH M (cov_XM);
      X WITH XM (cov_XXM);
      M WITH XM (cov_MXM);

      !structural model
      Y ON X (b1);
      Y ON M (b2);
      Y ON XM (b3);

    MODEL CONSTRAINT:

      NEW(var_Y std_b1 std_b2 std_b3);
      var_Y = resvar_Y +
       (b1^2 * var_X +
        b2^2 * var_M +
        b3^2 * var_XM +
        2 * b1 * b2 * cov_XM +
        2 * b1 * b3 * cov_XXM +
        2 * b2 * b3 * cov_MXM);

        std_b1 = b1 * sqrt(var_X) / sqrt(var_Y);
        std_b2 = b2 * sqrt(var_M) / sqrt(var_Y);
        std_b3 = b3 * sqrt(var_X) * sqrt(var_M) / sqrt(var_Y);

    OUTPUT:
      sampstat tech1 CINTERVAL;

    SAVEDATA:
      RESULTS = parcelupi_results_1579.dat;




INPUT READING TERMINATED NORMALLY



Parceling Unconstrained Product Indicator

SUMMARY OF ANALYSIS

Number of groups                                                 1
Number of observations                                         100

Number of dependent variables                                   21
Number of independent variables                                  0
Number of continuous latent variables                            4

Observed dependent variables

  Continuous
   X1          X2          X3          M1          M2          M3
   M4          M5          M6          M7          M8          M9
   M10         M11         M12         Y1          Y2          Y3
   X3P1        X2P2        X1P3

Continuous latent variables
   X           M           Y           XM


Estimator                                                      MLR
Information matrix                                        OBSERVED
Maximum number of iterations                                  1000
Convergence criterion                                    0.500D-04
Maximum number of steepest descent iterations                   20

Input data file(s)
  parcelupi_simdat_1579.dat

Input data format  FREE


SAMPLE STATISTICS


     SAMPLE STATISTICS


           Means
              X1            X2            X3            M1            M2
              ________      ________      ________      ________      ________
                0.000         0.000         0.000         0.000         0.000


           Means
              M3            M4            M5            M6            M7
              ________      ________      ________      ________      ________
                0.000         0.000         0.000         0.000         0.000


           Means
              M8            M9            M10           M11           M12
              ________      ________      ________      ________      ________
                0.000         0.000         0.000         0.000         0.000


           Means
              Y1            Y2            Y3            X3P1          X2P2
              ________      ________      ________      ________      ________
                0.672         0.796         1.124         0.000         0.000


           Means
              X1P3
              ________
                0.000


           Covariances
              X1            X2            X3            M1            M2
              ________      ________      ________      ________      ________
 X1             0.250
 X2             0.016         0.246
 X3             0.085         0.108         0.248
 M1             0.169         0.035        -0.037         2.254
 M2             0.099         0.074         0.102         0.095         2.796
 M3             0.102         0.170         0.194         0.133         0.500
 M4             0.189         0.116         0.094         0.482        -0.036
 M5            -0.021         0.057        -0.045         0.080        -0.157
 M6            -0.085         0.016         0.115        -0.251        -0.161
 M7             0.025         0.153         0.204         0.162         0.272
 M8             0.079         0.096         0.034         0.192         0.364
 M9             0.073         0.099         0.094         0.082        -0.144
 M10           -0.039         0.063         0.095         0.110        -0.013
 M11            0.070         0.098         0.178         0.253         0.562
 M12            0.030         0.082         0.122         0.167         0.258
 Y1             0.076         0.111         0.047         0.132        -0.158
 Y2             0.029         0.042         0.017         0.119        -0.136
 Y3             0.137         0.054         0.095         0.310         0.099
 X3P1           0.006         0.018        -0.005        -0.026        -0.001
 X2P2           0.011        -0.010         0.001        -0.021        -0.079
 X1P3           0.000         0.041         0.009        -0.051         0.017


           Covariances
              M3            M4            M5            M6            M7
              ________      ________      ________      ________      ________
 M3             2.594
 M4             0.336         2.430
 M5             0.109         0.218         2.526
 M6             0.332         0.109         0.309         2.430
 M7             0.225         0.353         0.444         0.230         2.489
 M8             0.246         0.790         0.348         0.289         0.253
 M9             0.487         0.337         0.142         0.718         0.347
 M10            0.411         0.222         0.054         0.411         0.436
 M11            0.454         0.064         0.435         0.700         0.339
 M12            0.936         0.346         0.245         0.730         0.551
 Y1             0.143         0.345         0.120         0.292        -0.020
 Y2             0.454         0.240         0.101        -0.096         0.010
 Y3             0.281         0.584         0.162        -0.213         0.215
 X3P1          -0.050        -0.002        -0.204         0.009         0.012
 X2P2          -0.036        -0.026        -0.037         0.110         0.050
 X1P3          -0.037         0.130         0.039         0.042         0.038


           Covariances
              M8            M9            M10           M11           M12
              ________      ________      ________      ________      ________
 M8             2.130
 M9             0.517         2.317
 M10            0.672         0.818         2.206
 M11            0.604         0.759         0.815         2.438
 M12            0.566         0.781         0.725         1.322         2.238
 Y1             0.222         0.182         0.228         0.152         0.207
 Y2             0.067         0.023         0.065         0.039         0.108
 Y3             0.045         0.184         0.100         0.037         0.092
 X3P1          -0.079        -0.005        -0.018         0.029        -0.065
 X2P2           0.051         0.006         0.017         0.036         0.037
 X1P3          -0.011         0.108         0.012         0.068         0.054


           Covariances
              Y1            Y2            Y3            X3P1          X2P2
              ________      ________      ________      ________      ________
 Y1             0.716
 Y2             0.327         1.012
 Y3             0.374         0.705         1.249
 X3P1          -0.097        -0.028        -0.036         0.209
 X2P2          -0.011         0.017        -0.030         0.050         0.213
 X1P3           0.001        -0.013         0.003         0.086         0.029


           Covariances
              X1P3
              ________
 X1P3           0.216


           Correlations
              X1            X2            X3            M1            M2
              ________      ________      ________      ________      ________
 X1             1.000
 X2             0.063         1.000
 X3             0.343         0.435         1.000
 M1             0.225         0.047        -0.049         1.000
 M2             0.119         0.089         0.123         0.038         1.000
 M3             0.126         0.213         0.241         0.055         0.185
 M4             0.243         0.150         0.121         0.206        -0.014
 M5            -0.027         0.073        -0.057         0.034        -0.059
 M6            -0.109         0.020         0.149        -0.107        -0.062
 M7             0.032         0.196         0.259         0.069         0.103
 M8             0.108         0.133         0.047         0.088         0.149
 M9             0.096         0.131         0.124         0.036        -0.056
 M10           -0.052         0.085         0.129         0.049        -0.005
 M11            0.090         0.126         0.229         0.108         0.215
 M12            0.040         0.111         0.163         0.074         0.103
 Y1             0.180         0.263         0.111         0.104        -0.112
 Y2             0.058         0.085         0.034         0.079        -0.081
 Y3             0.246         0.098         0.170         0.185         0.053
 X3P1           0.027         0.080        -0.024        -0.038        -0.002
 X2P2           0.047        -0.042         0.002        -0.030        -0.103
 X1P3           0.000         0.178         0.038        -0.073         0.021


           Correlations
              M3            M4            M5            M6            M7
              ________      ________      ________      ________      ________
 M3             1.000
 M4             0.134         1.000
 M5             0.043         0.088         1.000
 M6             0.132         0.045         0.125         1.000
 M7             0.089         0.144         0.177         0.094         1.000
 M8             0.105         0.347         0.150         0.127         0.110
 M9             0.199         0.142         0.059         0.302         0.144
 M10            0.172         0.096         0.023         0.178         0.186
 M11            0.180         0.026         0.175         0.288         0.138
 M12            0.389         0.148         0.103         0.313         0.234
 Y1             0.105         0.262         0.089         0.221        -0.015
 Y2             0.280         0.153         0.063        -0.061         0.006
 Y3             0.156         0.335         0.091        -0.122         0.122
 X3P1          -0.068        -0.002        -0.281         0.013         0.016
 X2P2          -0.048        -0.036        -0.050         0.152         0.068
 X1P3          -0.050         0.179         0.053         0.059         0.052


           Correlations
              M8            M9            M10           M11           M12
              ________      ________      ________      ________      ________
 M8             1.000
 M9             0.233         1.000
 M10            0.310         0.362         1.000
 M11            0.265         0.319         0.352         1.000
 M12            0.259         0.343         0.326         0.566         1.000
 Y1             0.180         0.141         0.182         0.115         0.163
 Y2             0.046         0.015         0.043         0.025         0.072
 Y3             0.028         0.108         0.060         0.021         0.055
 X3P1          -0.119        -0.007        -0.027         0.040        -0.096
 X2P2           0.075         0.008         0.024         0.050         0.054
 X1P3          -0.016         0.153         0.017         0.094         0.078


           Correlations
              Y1            Y2            Y3            X3P1          X2P2
              ________      ________      ________      ________      ________
 Y1             1.000
 Y2             0.385         1.000
 Y3             0.396         0.627         1.000
 X3P1          -0.250        -0.061        -0.070         1.000
 X2P2          -0.028         0.037        -0.058         0.236         1.000
 X1P3           0.004        -0.028         0.005         0.407         0.135


           Correlations
              X1P3
              ________
 X1P3           1.000


UNIVARIATE SAMPLE STATISTICS


     UNIVARIATE HIGHER-ORDER MOMENT DESCRIPTIVE STATISTICS

         Variable/         Mean/     Skewness/   Minimum/ % with                Percentiles
        Sample Size      Variance    Kurtosis    Maximum  Min/Max      20%/60%    40%/80%    Median

     X1                    0.000       0.040      -0.490   51.00%      -0.490     -0.490     -0.490
             100.000       0.250      -1.998       0.510   49.00%       0.510      0.510
     X2                    0.000      -0.242      -0.560   44.00%      -0.560     -0.560      0.440
             100.000       0.246      -1.942       0.440   56.00%       0.440      0.440
     X3                    0.000      -0.161      -0.540   46.00%      -0.540     -0.540      0.460
             100.000       0.248      -1.974       0.460   54.00%       0.460      0.460
     M1                    0.000       0.172      -1.920   23.00%      -1.920     -0.920      0.080
             100.000       2.254      -1.401       2.080   25.00%       0.080      2.080
     M2                    0.000       0.108      -1.940   32.00%      -1.940     -0.940      0.060
             100.000       2.796      -1.637       2.060   33.00%       0.060      2.060
     M3                    0.000      -0.131      -2.160   25.00%      -2.160     -0.160     -0.160
             100.000       2.594      -1.566       1.840   34.00%       0.840      1.840
     M4                    0.000       0.119      -1.900   28.00%      -1.900     -0.900      0.100
             100.000       2.430      -1.504       2.100   25.00%       0.100      2.100
     M5                    0.000       0.182      -1.880   29.00%      -1.880     -0.880      0.120
             100.000       2.526      -1.509       2.120   28.00%       0.120      2.120
     M6                    0.000       0.048      -1.990   26.00%      -1.990     -0.990      0.010
             100.000       2.430      -1.490       2.010   28.00%       0.010      2.010
     M7                    0.000       0.012      -2.030   25.00%      -2.030     -1.030     -0.030
             100.000       2.489      -1.555       1.970   29.00%       0.970      1.970
     M8                    0.000       0.154      -1.900   23.00%      -1.900     -0.900      0.100
             100.000       2.130      -1.324       2.100   22.00%       0.100      2.100
     M9                    0.000       0.204      -1.770   31.00%      -1.770     -0.770      0.230
             100.000       2.317      -1.433       2.230   20.00%       0.230      1.230
     M10                   0.000      -0.078      -2.120   21.00%      -2.120     -0.120     -0.120
             100.000       2.206      -1.349       1.880   28.00%      -0.120      1.880
     M11                   0.000      -0.082      -2.040   27.00%      -2.040     -1.040     -0.040
             100.000       2.438      -1.515       1.960   26.00%       0.960      1.960
     M12                   0.000       0.032      -1.960   25.00%      -1.960     -0.960      0.040
             100.000       2.238      -1.404       2.040   23.00%       0.040      2.040
     Y1                    0.672       0.077      -1.250    1.00%       0.034      0.443      0.594
             100.000       0.716      -0.060       2.803    1.00%       0.918      1.302
     Y2                    0.796      -0.010      -1.304    1.00%      -0.126      0.520      0.869
             100.000       1.012      -0.495       3.266    1.00%       1.138      1.568
     Y3                    1.124      -0.264      -2.653    1.00%       0.221      0.809      0.994
             100.000       1.249       0.217       3.890    1.00%       1.380      2.165
     X3P1                  0.000      -0.119      -1.209    1.00%      -0.361     -0.132     -0.017
             100.000       0.209      -0.211       0.951    1.00%       0.099      0.411
     X2P2                  0.000      -0.181      -1.235    1.00%      -0.385     -0.115      0.025
             100.000       0.213      -0.365       1.005    2.00%       0.165      0.385
     X1P3                  0.000       0.072      -1.059    1.00%      -0.454     -0.086     -0.039
             100.000       0.216      -0.490       1.016    2.00%       0.088      0.404


     THIS ANALYSIS MAY HAVE MULTIPLE SOLUTIONS.  EXPLORE THIS USING RANDOM STARTS,
     FOR EXAMPLE, STARTS = 20.  USE A LARGE ENOUGH NUMBER OF STARTS SO THAT THE
     BEST FIT FUNCTION VALUE IS REPLICATED SEVERAL TIMES.


THE MODEL ESTIMATION TERMINATED NORMALLY

     THE STANDARD ERRORS OF THE MODEL PARAMETER ESTIMATES MAY NOT BE
     TRUSTWORTHY FOR SOME PARAMETERS DUE TO A NON-POSITIVE DEFINITE
     FIRST-ORDER DERIVATIVE PRODUCT MATRIX.  THIS MAY BE DUE TO THE STARTING
     VALUES BUT MAY ALSO BE AN INDICATION OF MODEL NONIDENTIFICATION.  THE
     CONDITION NUMBER IS      -0.272D-16.  PROBLEM INVOLVING THE FOLLOWING PARAMETER:
     Parameter 40, X2

     THIS IS MOST LIKELY DUE TO VARIABLE X1 BEING DICHOTOMOUS BUT
     DECLARED AS CONTINUOUS.


     WARNING:  THE RESIDUAL COVARIANCE MATRIX (THETA) IS NOT POSITIVE DEFINITE.
     THIS COULD INDICATE A NEGATIVE VARIANCE/RESIDUAL VARIANCE FOR AN OBSERVED
     VARIABLE, A CORRELATION GREATER OR EQUAL TO ONE BETWEEN TWO OBSERVED
     VARIABLES, OR A LINEAR DEPENDENCY AMONG MORE THAN TWO OBSERVED VARIABLES.
     CHECK THE RESULTS SECTION FOR MORE INFORMATION.
     PROBLEM INVOLVING VARIABLE X3P1.




MODEL FIT INFORMATION

Number of Free Parameters                       69

Loglikelihood

          H0 Value                       -2925.080
          H0 Scaling Correction Factor      0.9118
            for MLR
          H1 Value                       -2814.010
          H1 Scaling Correction Factor      0.9582
            for MLR

Information Criteria

          Akaike (AIC)                    5988.160
          Bayesian (BIC)                  6167.916
          Sample-Size Adjusted BIC        5949.997
            (n* = (n + 2) / 24)

Chi-Square Test of Model Fit

          Value                            227.655*
          Degrees of Freedom                   183
          P-Value                           0.0138
          Scaling Correction Factor         0.9758
            for MLR

*   The chi-square value for MLM, MLMV, MLR, ULSMV, WLSM and WLSMV cannot be used
    for chi-square difference testing in the regular way.  MLM, MLR and WLSM
    chi-square difference testing is described on the Mplus website.  MLMV, WLSMV,
    and ULSMV difference testing is done using the DIFFTEST option.

RMSEA (Root Mean Square Error Of Approximation)

          Estimate                           0.049
          90 Percent C.I.                    0.024  0.069
          Probability RMSEA <= .05           0.505

CFI/TLI

          CFI                                0.837
          TLI                                0.813

Chi-Square Test of Model Fit for the Baseline Model

          Value                            483.757
          Degrees of Freedom                   210
          P-Value                           0.0000

SRMR (Standardized Root Mean Square Residual)

          Value                              0.081



MODEL RESULTS

                                                    Two-Tailed
                    Estimate       S.E.  Est./S.E.    P-Value

 X        BY
    X3                 1.000      0.000    999.000    999.000
    X2                 0.485      0.296      1.639      0.101
    X1                 0.381      0.213      1.790      0.073

 M        BY
    M12                1.000      0.000    999.000    999.000
    M11                0.950      0.137      6.928      0.000
    M10                0.662      0.156      4.250      0.000
    M9                 0.686      0.157      4.380      0.000
    M8                 0.540      0.160      3.371      0.001
    M7                 0.431      0.172      2.506      0.012
    M6                 0.555      0.160      3.460      0.001
    M5                 0.268      0.175      1.532      0.125
    M4                 0.328      0.181      1.812      0.070
    M3                 0.594      0.164      3.617      0.000
    M2                 0.242      0.178      1.359      0.174
    M1                 0.157      0.141      1.112      0.266

 Y        BY
    Y3                 1.000      0.000    999.000    999.000
    Y2                 0.833      0.184      4.528      0.000
    Y1                 0.470      0.118      3.984      0.000

 XM       BY
    X3P1               1.000      0.000    999.000    999.000
    X2P2               0.187      0.603      0.311      0.756
    X1P3               0.332      0.969      0.342      0.732

 Y        ON
    X                  0.252      0.507      0.498      0.619
    M                  0.105      0.131      0.802      0.423
    XM                -0.177      0.612     -0.289      0.773

 X        WITH
    M                  0.167      0.063      2.654      0.008
    XM                -0.005      0.032     -0.155      0.877

 M        WITH
    XM                -0.048      0.158     -0.303      0.762

 Intercepts
    X1                 0.000      0.050      0.000      1.000
    X2                 0.000      0.050      0.000      1.000
    X3                 0.000      0.050      0.000      1.000
    M1                 0.000      0.150      0.000      1.000
    M2                 0.000      0.167      0.000      1.000
    M3                 0.000      0.161      0.000      1.000
    M4                 0.000      0.156      0.000      1.000
    M5                 0.000      0.159      0.000      1.000
    M6                 0.000      0.156      0.000      1.000
    M7                 0.000      0.158      0.000      1.000
    M8                 0.000      0.146      0.000      1.000
    M9                 0.000      0.152      0.000      1.000
    M10                0.000      0.149      0.000      1.000
    M11                0.000      0.156      0.000      1.000
    M12                0.000      0.150      0.000      1.000
    Y1                 0.672      0.085      7.943      0.000
    Y2                 0.796      0.101      7.914      0.000
    Y3                 1.124      0.112     10.054      0.000
    X3P1               0.000      0.046      0.000      1.000
    X2P2               0.000      0.046      0.000      1.000
    X1P3               0.000      0.046      0.000      1.000

 Variances
    X                  0.221      0.132      1.673      0.094
    M                  1.254      0.261      4.811      0.000
    XM                 0.260      0.739      0.352      0.725

 Residual Variances
    X1                 0.218      0.022     10.130      0.000
    X2                 0.194      0.036      5.399      0.000
    X3                 0.027      0.132      0.208      0.835
    M1                 2.223      0.176     12.610      0.000
    M2                 2.723      0.185     14.704      0.000
    M3                 2.152      0.251      8.555      0.000
    M4                 2.295      0.201     11.440      0.000
    M5                 2.436      0.189     12.920      0.000
    M6                 2.044      0.214      9.534      0.000
    M7                 2.256      0.215     10.491      0.000
    M8                 1.764      0.198      8.913      0.000
    M9                 1.727      0.230      7.493      0.000
    M10                1.655      0.221      7.488      0.000
    M11                1.307      0.240      5.439      0.000
    M12                0.984      0.223      4.421      0.000
    Y1                 0.531      0.103      5.176      0.000
    Y2                 0.432      0.114      3.785      0.000
    Y3                 0.414      0.165      2.506      0.012
    X3P1              -0.051      0.738     -0.069      0.945
    X2P2               0.204      0.043      4.743      0.000
    X1P3               0.187      0.085      2.208      0.027
    Y                  0.788      0.205      3.842      0.000

New/Additional Parameters
    VAR_Y              0.835      0.244      3.421      0.001
    STD_B1             0.130      0.219      0.593      0.553
    STD_B2             0.128      0.156      0.820      0.412
    STD_B3            -0.102      0.340     -0.300      0.764


QUALITY OF NUMERICAL RESULTS

     Condition Number for the Information Matrix              0.341E-03
       (ratio of smallest to largest eigenvalue)


CONFIDENCE INTERVALS OF MODEL RESULTS

                  Lower .5%  Lower 2.5%    Lower 5%    Estimate    Upper 5%  Upper 2.5%   Upper .5%

 X        BY
    X3               1.000       1.000       1.000       1.000       1.000       1.000       1.000
    X2              -0.277      -0.095      -0.002       0.485       0.972       1.066       1.248
    X1              -0.167      -0.036       0.031       0.381       0.731       0.798       0.929

 M        BY
    M12              1.000       1.000       1.000       1.000       1.000       1.000       1.000
    M11              0.597       0.681       0.724       0.950       1.175       1.218       1.303
    M10              0.261       0.357       0.406       0.662       0.919       0.968       1.064
    M9               0.283       0.379       0.428       0.686       0.944       0.993       1.090
    M8               0.127       0.226       0.277       0.540       0.804       0.854       0.953
    M7              -0.012       0.094       0.148       0.431       0.714       0.768       0.874
    M6               0.142       0.241       0.291       0.555       0.819       0.869       0.968
    M5              -0.182      -0.075      -0.020       0.268       0.555       0.610       0.717
    M4              -0.138      -0.027       0.030       0.328       0.626       0.684       0.795
    M3               0.171       0.272       0.324       0.594       0.864       0.916       1.017
    M2              -0.217      -0.107      -0.051       0.242       0.534       0.590       0.700
    M1              -0.206      -0.119      -0.075       0.157       0.388       0.433       0.520

 Y        BY
    Y3               1.000       1.000       1.000       1.000       1.000       1.000       1.000
    Y2               0.359       0.473       0.530       0.833       1.136       1.194       1.307
    Y1               0.166       0.239       0.276       0.470       0.665       0.702       0.774

 XM       BY
    X3P1             1.000       1.000       1.000       1.000       1.000       1.000       1.000
    X2P2            -1.366      -0.995      -0.805       0.187       1.180       1.370       1.741
    X1P3            -2.164      -1.568      -1.262       0.332       1.926       2.231       2.827

 Y        ON
    X               -1.053      -0.741      -0.582       0.252       1.086       1.246       1.558
    M               -0.232      -0.151      -0.110       0.105       0.320       0.361       0.441
    XM              -1.754      -1.377      -1.184      -0.177       0.830       1.023       1.400

 X        WITH
    M                0.005       0.044       0.063       0.167       0.270       0.290       0.328
    XM              -0.087      -0.067      -0.057      -0.005       0.048       0.058       0.077

 M        WITH
    XM              -0.453      -0.356      -0.307      -0.048       0.211       0.261       0.358

 Intercepts
    X1              -0.129      -0.098      -0.082       0.000       0.082       0.098       0.129
    X2              -0.128      -0.097      -0.082       0.000       0.082       0.097       0.128
    X3              -0.128      -0.098      -0.082       0.000       0.082       0.098       0.128
    M1              -0.387      -0.294      -0.247       0.000       0.247       0.294       0.387
    M2              -0.431      -0.328      -0.275       0.000       0.275       0.328       0.431
    M3              -0.415      -0.316      -0.265       0.000       0.265       0.316       0.415
    M4              -0.402      -0.306      -0.256       0.000       0.256       0.306       0.402
    M5              -0.409      -0.311      -0.261       0.000       0.261       0.311       0.409
    M6              -0.402      -0.306      -0.256       0.000       0.256       0.306       0.402
    M7              -0.406      -0.309      -0.260       0.000       0.260       0.309       0.406
    M8              -0.376      -0.286      -0.240       0.000       0.240       0.286       0.376
    M9              -0.392      -0.298      -0.250       0.000       0.250       0.298       0.392
    M10             -0.383      -0.291      -0.244       0.000       0.244       0.291       0.383
    M11             -0.402      -0.306      -0.257       0.000       0.257       0.306       0.402
    M12             -0.385      -0.293      -0.246       0.000       0.246       0.293       0.385
    Y1               0.454       0.506       0.533       0.672       0.811       0.838       0.890
    Y2               0.537       0.599       0.630       0.796       0.961       0.993       1.055
    Y3               0.836       0.905       0.940       1.124       1.308       1.343       1.412
    X3P1            -0.118      -0.090      -0.075       0.000       0.075       0.090       0.118
    X2P2            -0.119      -0.090      -0.076       0.000       0.076       0.090       0.119
    X1P3            -0.120      -0.091      -0.076       0.000       0.076       0.091       0.120

 Variances
    X               -0.119      -0.038       0.004       0.221       0.438       0.480       0.561
    M                0.583       0.743       0.825       1.254       1.683       1.765       1.925
    XM              -1.643      -1.188      -0.955       0.260       1.475       1.708       2.163

 Residual Variances
    X1               0.162       0.176       0.182       0.218       0.253       0.260       0.273
    X2               0.102       0.124       0.135       0.194       0.254       0.265       0.287
    X3              -0.312      -0.231      -0.190       0.027       0.244       0.286       0.367
    M1               1.769       1.877       1.933       2.223       2.513       2.568       2.677
    M2               2.246       2.360       2.418       2.723       3.028       3.086       3.200
    M3               1.504       1.659       1.738       2.152       2.565       2.645       2.799
    M4               1.778       1.902       1.965       2.295       2.625       2.688       2.811
    M5               1.950       2.066       2.126       2.436       2.746       2.805       2.921
    M6               1.491       1.623       1.691       2.044       2.396       2.464       2.596
    M7               1.702       1.835       1.902       2.256       2.610       2.678       2.810
    M8               1.254       1.376       1.439       1.764       2.090       2.152       2.274
    M9               1.133       1.275       1.348       1.727       2.106       2.178       2.320
    M10              1.086       1.222       1.292       1.655       2.019       2.089       2.225
    M11              0.688       0.836       0.912       1.307       1.703       1.778       1.926
    M12              0.411       0.548       0.618       0.984       1.351       1.421       1.558
    Y1               0.267       0.330       0.362       0.531       0.700       0.733       0.796
    Y2               0.138       0.208       0.244       0.432       0.619       0.655       0.725
    Y3              -0.012       0.090       0.142       0.414       0.686       0.738       0.840
    X3P1            -1.952      -1.498      -1.265      -0.051       1.163       1.395       1.850
    X2P2             0.093       0.120       0.133       0.204       0.275       0.288       0.315
    X1P3            -0.031       0.021       0.048       0.187       0.327       0.354       0.406
    Y                0.260       0.386       0.451       0.788       1.126       1.191       1.317

New/Additional Parameters
    VAR_Y            0.206       0.357       0.434       0.835       1.237       1.314       1.464
    STD_B1          -0.434      -0.299      -0.230       0.130       0.490       0.559       0.693
    STD_B2          -0.275      -0.178      -0.129       0.128       0.386       0.435       0.531
    STD_B3          -0.977      -0.768      -0.661      -0.102       0.457       0.564       0.773


TECHNICAL 1 OUTPUT


     PARAMETER SPECIFICATION


           NU
              X1            X2            X3            M1            M2
              ________      ________      ________      ________      ________
                  1             2             3             4             5


           NU
              M3            M4            M5            M6            M7
              ________      ________      ________      ________      ________
                  6             7             8             9            10


           NU
              M8            M9            M10           M11           M12
              ________      ________      ________      ________      ________
                 11            12            13            14            15


           NU
              Y1            Y2            Y3            X3P1          X2P2
              ________      ________      ________      ________      ________
                 16            17            18            19            20


           NU
              X1P3
              ________
                 21


           LAMBDA
              X             M             Y             XM
              ________      ________      ________      ________
 X1                22             0             0             0
 X2                23             0             0             0
 X3                 0             0             0             0
 M1                 0            24             0             0
 M2                 0            25             0             0
 M3                 0            26             0             0
 M4                 0            27             0             0
 M5                 0            28             0             0
 M6                 0            29             0             0
 M7                 0            30             0             0
 M8                 0            31             0             0
 M9                 0            32             0             0
 M10                0            33             0             0
 M11                0            34             0             0
 M12                0             0             0             0
 Y1                 0             0            35             0
 Y2                 0             0            36             0
 Y3                 0             0             0             0
 X3P1               0             0             0             0
 X2P2               0             0             0            37
 X1P3               0             0             0            38


           THETA
              X1            X2            X3            M1            M2
              ________      ________      ________      ________      ________
 X1                39
 X2                 0            40
 X3                 0             0            41
 M1                 0             0             0            42
 M2                 0             0             0             0            43
 M3                 0             0             0             0             0
 M4                 0             0             0             0             0
 M5                 0             0             0             0             0
 M6                 0             0             0             0             0
 M7                 0             0             0             0             0
 M8                 0             0             0             0             0
 M9                 0             0             0             0             0
 M10                0             0             0             0             0
 M11                0             0             0             0             0
 M12                0             0             0             0             0
 Y1                 0             0             0             0             0
 Y2                 0             0             0             0             0
 Y3                 0             0             0             0             0
 X3P1               0             0             0             0             0
 X2P2               0             0             0             0             0
 X1P3               0             0             0             0             0


           THETA
              M3            M4            M5            M6            M7
              ________      ________      ________      ________      ________
 M3                44
 M4                 0            45
 M5                 0             0            46
 M6                 0             0             0            47
 M7                 0             0             0             0            48
 M8                 0             0             0             0             0
 M9                 0             0             0             0             0
 M10                0             0             0             0             0
 M11                0             0             0             0             0
 M12                0             0             0             0             0
 Y1                 0             0             0             0             0
 Y2                 0             0             0             0             0
 Y3                 0             0             0             0             0
 X3P1               0             0             0             0             0
 X2P2               0             0             0             0             0
 X1P3               0             0             0             0             0


           THETA
              M8            M9            M10           M11           M12
              ________      ________      ________      ________      ________
 M8                49
 M9                 0            50
 M10                0             0            51
 M11                0             0             0            52
 M12                0             0             0             0            53
 Y1                 0             0             0             0             0
 Y2                 0             0             0             0             0
 Y3                 0             0             0             0             0
 X3P1               0             0             0             0             0
 X2P2               0             0             0             0             0
 X1P3               0             0             0             0             0


           THETA
              Y1            Y2            Y3            X3P1          X2P2
              ________      ________      ________      ________      ________
 Y1                54
 Y2                 0            55
 Y3                 0             0            56
 X3P1               0             0             0            57
 X2P2               0             0             0             0            58
 X1P3               0             0             0             0             0


           THETA
              X1P3
              ________
 X1P3              59


           ALPHA
              X             M             Y             XM
              ________      ________      ________      ________
                  0             0             0             0


           BETA
              X             M             Y             XM
              ________      ________      ________      ________
 X                  0             0             0             0
 M                  0             0             0             0
 Y                 60            61             0            62
 XM                 0             0             0             0


           PSI
              X             M             Y             XM
              ________      ________      ________      ________
 X                 63
 M                 64            65
 Y                  0             0            66
 XM                67            68             0            69


     PARAMETER SPECIFICATION FOR THE ADDITIONAL PARAMETERS


           New/Additional Parameters
              VAR_Y         STD_B1        STD_B2        STD_B3
              ________      ________      ________      ________
                   70            71            72            73


     STARTING VALUES


           NU
              X1            X2            X3            M1            M2
              ________      ________      ________      ________      ________
                0.000         0.000         0.000         0.000         0.000


           NU
              M3            M4            M5            M6            M7
              ________      ________      ________      ________      ________
                0.000         0.000         0.000         0.000         0.000


           NU
              M8            M9            M10           M11           M12
              ________      ________      ________      ________      ________
                0.000         0.000         0.000         0.000         0.000


           NU
              Y1            Y2            Y3            X3P1          X2P2
              ________      ________      ________      ________      ________
                0.672         0.796         1.124         0.000         0.000


           NU
              X1P3
              ________
                0.000


           LAMBDA
              X             M             Y             XM
              ________      ________      ________      ________
 X1             0.145         0.000         0.000         0.000
 X2             0.183         0.000         0.000         0.000
 X3             1.000         0.000         0.000         0.000
 M1             0.000         1.043         0.000         0.000
 M2             0.000         0.647         0.000         0.000
 M3             0.000         0.538         0.000         0.000
 M4             0.000         0.898         0.000         0.000
 M5             0.000         0.417         0.000         0.000
 M6             0.000         0.583         0.000         0.000
 M7             0.000         0.557         0.000         0.000
 M8             0.000         1.200         0.000         0.000
 M9             0.000         0.457         0.000         0.000
 M10            0.000         0.657         0.000         0.000
 M11            0.000         0.436         0.000         0.000
 M12            0.000         1.000         0.000         0.000
 Y1             0.000         0.000         0.465         0.000
 Y2             0.000         0.000         0.874         0.000
 Y3             0.000         0.000         1.000         0.000
 X3P1           0.000         0.000         0.000         1.000
 X2P2           0.000         0.000         0.000         0.334
 X1P3           0.000         0.000         0.000         0.581


           THETA
              X1            X2            X3            M1            M2
              ________      ________      ________      ________      ________
 X1             0.125
 X2             0.000         0.123
 X3             0.000         0.000         0.124
 M1             0.000         0.000         0.000         1.127
 M2             0.000         0.000         0.000         0.000         1.398
 M3             0.000         0.000         0.000         0.000         0.000
 M4             0.000         0.000         0.000         0.000         0.000
 M5             0.000         0.000         0.000         0.000         0.000
 M6             0.000         0.000         0.000         0.000         0.000
 M7             0.000         0.000         0.000         0.000         0.000
 M8             0.000         0.000         0.000         0.000         0.000
 M9             0.000         0.000         0.000         0.000         0.000
 M10            0.000         0.000         0.000         0.000         0.000
 M11            0.000         0.000         0.000         0.000         0.000
 M12            0.000         0.000         0.000         0.000         0.000
 Y1             0.000         0.000         0.000         0.000         0.000
 Y2             0.000         0.000         0.000         0.000         0.000
 Y3             0.000         0.000         0.000         0.000         0.000
 X3P1           0.000         0.000         0.000         0.000         0.000
 X2P2           0.000         0.000         0.000         0.000         0.000
 X1P3           0.000         0.000         0.000         0.000         0.000


           THETA
              M3            M4            M5            M6            M7
              ________      ________      ________      ________      ________
 M3             1.297
 M4             0.000         1.215
 M5             0.000         0.000         1.263
 M6             0.000         0.000         0.000         1.215
 M7             0.000         0.000         0.000         0.000         1.245
 M8             0.000         0.000         0.000         0.000         0.000
 M9             0.000         0.000         0.000         0.000         0.000
 M10            0.000         0.000         0.000         0.000         0.000
 M11            0.000         0.000         0.000         0.000         0.000
 M12            0.000         0.000         0.000         0.000         0.000
 Y1             0.000         0.000         0.000         0.000         0.000
 Y2             0.000         0.000         0.000         0.000         0.000
 Y3             0.000         0.000         0.000         0.000         0.000
 X3P1           0.000         0.000         0.000         0.000         0.000
 X2P2           0.000         0.000         0.000         0.000         0.000
 X1P3           0.000         0.000         0.000         0.000         0.000


           THETA
              M8            M9            M10           M11           M12
              ________      ________      ________      ________      ________
 M8             1.065
 M9             0.000         1.159
 M10            0.000         0.000         1.103
 M11            0.000         0.000         0.000         1.219
 M12            0.000         0.000         0.000         0.000         1.119
 Y1             0.000         0.000         0.000         0.000         0.000
 Y2             0.000         0.000         0.000         0.000         0.000
 Y3             0.000         0.000         0.000         0.000         0.000
 X3P1           0.000         0.000         0.000         0.000         0.000
 X2P2           0.000         0.000         0.000         0.000         0.000
 X1P3           0.000         0.000         0.000         0.000         0.000


           THETA
              Y1            Y2            Y3            X3P1          X2P2
              ________      ________      ________      ________      ________
 Y1             0.358
 Y2             0.000         0.506
 Y3             0.000         0.000         0.625
 X3P1           0.000         0.000         0.000         0.104
 X2P2           0.000         0.000         0.000         0.000         0.107
 X1P3           0.000         0.000         0.000         0.000         0.000


           THETA
              X1P3
              ________
 X1P3           0.108


           ALPHA
              X             M             Y             XM
              ________      ________      ________      ________
                0.000         0.000         0.000         0.000


           BETA
              X             M             Y             XM
              ________      ________      ________      ________
 X              0.000         0.000         0.000         0.000
 M              0.000         0.000         0.000         0.000
 Y              0.000         0.000         0.000         0.000
 XM             0.000         0.000         0.000         0.000


           PSI
              X             M             Y             XM
              ________      ________      ________      ________
 X              0.050
 M              0.000         0.050
 Y              0.000         0.000         0.050
 XM             0.000         0.000         0.000         0.050


     STARTING VALUES FOR THE ADDITIONAL PARAMETERS


           New/Additional Parameters
              VAR_Y         STD_B1        STD_B2        STD_B3
              ________      ________      ________      ________
                0.500         0.500         0.500         0.500


RESULTS SAVING INFORMATION

  Order of data

    Parameter estimates
     (saved in order shown in Technical 1 output)
    Standard errors
     (saved in order shown in Technical 1 output)
    Number of Free Parameters
    H0 Loglikelihood
    H0 Scaling Correction Factor for MLR
    H1 Loglikelihood
    H1 Scaling Correction Factor for MLR
    Akaike (AIC)
    Bayesian (BIC)
    Sample-Size Adjusted BIC
    Chi-square : Value
    Chi-square : Degrees of Freedom
    Chi-square : P-Value
    Chi-square : Scaling Correction Factor for MLR/MLM/WLSM
    CFI
    TLI
    RMSEA : Estimate
    RMSEA : Low CI
    RMSEA : High CI
    RMSEA : Probability
    SRMR
    Condition Number

  Save file
    parcelupi_results_1579.dat

  Save file format           Free


     Beginning Time:  19:58:00
        Ending Time:  19:58:02
       Elapsed Time:  00:00:02



MUTHEN & MUTHEN
3463 Stoner Ave.
Los Angeles, CA  90066

Tel: (310) 391-9971
Fax: (310) 391-8971
Web: www.StatModel.com
Support: Support@StatModel.com

Copyright (c) 1998-2022 Muthen & Muthen
