Mplus VERSION 8.8 (Mac)
MUTHEN & MUTHEN
07/27/2025   5:56 PM

INPUT INSTRUCTIONS


    TITLE: Parceling Unconstrained Product Indicator

    DATA:
      FILE = parcelupi_simdat_1766.dat;
      FORMAT IS FREE;

    VARIABLE:
      NAMES = x1 x2 x3
      	    m1 m2 m3 m4 m5 m6
      	    m7 m8 m9 m10 m11 m12
      	    y1 y2 y3
      	    p1 p2 p3
      	    x3p1 x2p2 x1p3;
      USEVARIABLES = x1 x2 x3
      	    m1 m2 m3 m4 m5 m6
      	    m7 m8 m9 m10 m11 m12
      	    y1 y2 y3
      	    x3p1 x2p2 x1p3;

    ANALYSIS:
      TYPE = general;
      ESTIMATOR = MLR;
    MODEL:
      !measurement model
      X BY x3 x2 x1;
      X (var_X);
      M BY m12 m11 m10 m9 m8 m7 m6 m5 m4 m3 m2 m1;
      M (var_M);
      Y BY y3 y2 y1;
      Y (resvar_Y);
      XM BY x3p1 x2p2 x1p3;
      XM (var_XM);

      !covariances between predictors
      X WITH M (cov_XM);
      X WITH XM (cov_XXM);
      M WITH XM (cov_MXM);

      !structural model
      Y ON X (b1);
      Y ON M (b2);
      Y ON XM (b3);

    MODEL CONSTRAINT:

      NEW(var_Y std_b1 std_b2 std_b3);
      var_Y = resvar_Y +
       (b1^2 * var_X +
        b2^2 * var_M +
        b3^2 * var_XM +
        2 * b1 * b2 * cov_XM +
        2 * b1 * b3 * cov_XXM +
        2 * b2 * b3 * cov_MXM);

        std_b1 = b1 * sqrt(var_X) / sqrt(var_Y);
        std_b2 = b2 * sqrt(var_M) / sqrt(var_Y);
        std_b3 = b3 * sqrt(var_X) * sqrt(var_M) / sqrt(var_Y);

    OUTPUT:
      sampstat tech1 CINTERVAL;

    SAVEDATA:
      RESULTS = parcelupi_results_1766.dat;




INPUT READING TERMINATED NORMALLY



Parceling Unconstrained Product Indicator

SUMMARY OF ANALYSIS

Number of groups                                                 1
Number of observations                                         100

Number of dependent variables                                   21
Number of independent variables                                  0
Number of continuous latent variables                            4

Observed dependent variables

  Continuous
   X1          X2          X3          M1          M2          M3
   M4          M5          M6          M7          M8          M9
   M10         M11         M12         Y1          Y2          Y3
   X3P1        X2P2        X1P3

Continuous latent variables
   X           M           Y           XM


Estimator                                                      MLR
Information matrix                                        OBSERVED
Maximum number of iterations                                  1000
Convergence criterion                                    0.500D-04
Maximum number of steepest descent iterations                   20

Input data file(s)
  parcelupi_simdat_1766.dat

Input data format  FREE


SAMPLE STATISTICS


     SAMPLE STATISTICS


           Means
              X1            X2            X3            M1            M2
              ________      ________      ________      ________      ________
                0.000         0.000         0.000         0.000         0.000


           Means
              M3            M4            M5            M6            M7
              ________      ________      ________      ________      ________
                0.000         0.000         0.000         0.000         0.000


           Means
              M8            M9            M10           M11           M12
              ________      ________      ________      ________      ________
                0.000         0.000         0.000         0.000         0.000


           Means
              Y1            Y2            Y3            X3P1          X2P2
              ________      ________      ________      ________      ________
                0.766         0.803         1.213         0.000         0.000


           Means
              X1P3
              ________
                0.000


           Covariances
              X1            X2            X3            M1            M2
              ________      ________      ________      ________      ________
 X1             0.250
 X2             0.046         0.246
 X3             0.075         0.090         0.250
 M1            -0.027         0.002         0.000         2.630
 M2             0.073         0.114         0.030        -0.048         2.672
 M3             0.106        -0.078        -0.075         0.135         0.277
 M4             0.165         0.062         0.145         0.145         0.237
 M5             0.008        -0.008        -0.020         0.040         0.592
 M6             0.019         0.085         0.080         0.054        -0.149
 M7             0.193         0.136         0.035         0.327        -0.021
 M8             0.118         0.136         0.235         0.127         0.439
 M9             0.099         0.093         0.045         0.219         0.594
 M10            0.085         0.094         0.135         0.067         0.217
 M11            0.085        -0.066         0.085         0.147         0.387
 M12            0.080         0.009        -0.090         0.194         0.755
 Y1             0.047         0.015         0.083        -0.150         0.170
 Y2             0.118         0.085         0.083        -0.076         0.169
 Y3             0.131         0.125         0.050        -0.028         0.350
 X3P1          -0.026         0.012         0.000        -0.046        -0.153
 X2P2          -0.044        -0.005         0.012         0.021         0.026
 X1P3           0.002        -0.034        -0.022         0.020        -0.043


           Covariances
              M3            M4            M5            M6            M7
              ________      ________      ________      ________      ________
 M3             2.567
 M4             0.038         2.507
 M5             0.630         0.480         2.660
 M6            -0.306         0.104        -0.156         2.174
 M7             0.399         0.509         0.192        -0.115         2.194
 M8             0.044         0.064         0.242         0.265         0.569
 M9             0.281         0.371         0.464         0.140         0.600
 M10           -0.241         0.119         0.332         0.251         0.602
 M11            0.489         0.389         0.582         0.171         0.302
 M12            0.289         0.669         0.504         0.312         0.444
 Y1             0.181         0.165         0.238         0.024         0.167
 Y2            -0.092         0.292         0.228         0.141         0.230
 Y3            -0.294         0.356         0.120         0.011         0.351
 X3P1          -0.190        -0.044        -0.194         0.058         0.021
 X2P2           0.031         0.008        -0.010        -0.149        -0.065
 X1P3          -0.060         0.053        -0.069        -0.046        -0.040


           Covariances
              M8            M9            M10           M11           M12
              ________      ________      ________      ________      ________
 M8             2.494
 M9             0.685         2.333
 M10            0.607         0.556         2.190
 M11            0.427         0.776         0.420         1.970
 M12            0.404         0.863         0.550         0.540         2.260
 Y1             0.198         0.175         0.156         0.115         0.069
 Y2             0.302         0.174         0.279         0.038         0.239
 Y3             0.340         0.242         0.202         0.036         0.507
 X3P1          -0.025        -0.100         0.012         0.014        -0.019
 X2P2           0.000         0.005         0.012         0.029         0.049
 X1P3          -0.134        -0.171        -0.175        -0.046        -0.038


           Covariances
              Y1            Y2            Y3            X3P1          X2P2
              ________      ________      ________      ________      ________
 Y1             0.673
 Y2             0.379         0.983
 Y3             0.418         0.613         1.327
 X3P1          -0.057        -0.022        -0.048         0.228
 X2P2           0.015         0.023        -0.022         0.067         0.230
 X1P3          -0.004        -0.034         0.011         0.015        -0.016


           Covariances
              X1P3
              ________
 X1P3           0.149


           Correlations
              X1            X2            X3            M1            M2
              ________      ________      ________      ________      ________
 X1             1.000
 X2             0.184         1.000
 X3             0.300         0.363         1.000
 M1            -0.033         0.002         0.000         1.000
 M2             0.089         0.141         0.037        -0.018         1.000
 M3             0.132        -0.098        -0.094         0.052         0.106
 M4             0.209         0.079         0.183         0.056         0.092
 M5             0.010        -0.010        -0.025         0.015         0.222
 M6             0.026         0.116         0.109         0.023        -0.062
 M7             0.261         0.186         0.047         0.136        -0.009
 M8             0.150         0.174         0.298         0.050         0.170
 M9             0.129         0.122         0.059         0.088         0.238
 M10            0.115         0.129         0.182         0.028         0.090
 M11            0.121        -0.094         0.121         0.065         0.169
 M12            0.107         0.012        -0.120         0.080         0.307
 Y1             0.115         0.038         0.201        -0.113         0.127
 Y2             0.238         0.172         0.168        -0.047         0.104
 Y3             0.227         0.218         0.087        -0.015         0.186
 X3P1          -0.109         0.050         0.000        -0.060        -0.196
 X2P2          -0.185        -0.022         0.048         0.027         0.033
 X1P3           0.010        -0.176        -0.116         0.031        -0.068


           Correlations
              M3            M4            M5            M6            M7
              ________      ________      ________      ________      ________
 M3             1.000
 M4             0.015         1.000
 M5             0.241         0.186         1.000
 M6            -0.130         0.045        -0.065         1.000
 M7             0.168         0.217         0.079        -0.053         1.000
 M8             0.018         0.026         0.094         0.114         0.243
 M9             0.115         0.154         0.186         0.062         0.265
 M10           -0.101         0.051         0.138         0.115         0.275
 M11            0.218         0.175         0.254         0.083         0.145
 M12            0.120         0.281         0.206         0.141         0.199
 Y1             0.138         0.127         0.178         0.020         0.137
 Y2            -0.058         0.186         0.141         0.096         0.157
 Y3            -0.159         0.195         0.064         0.006         0.206
 X3P1          -0.248        -0.059        -0.249         0.083         0.029
 X2P2           0.040         0.010        -0.013        -0.210        -0.092
 X1P3          -0.096         0.087        -0.110        -0.081        -0.071


           Correlations
              M8            M9            M10           M11           M12
              ________      ________      ________      ________      ________
 M8             1.000
 M9             0.284         1.000
 M10            0.260         0.246         1.000
 M11            0.193         0.362         0.202         1.000
 M12            0.170         0.376         0.247         0.256         1.000
 Y1             0.152         0.139         0.128         0.100         0.056
 Y2             0.193         0.115         0.190         0.027         0.160
 Y3             0.187         0.138         0.119         0.023         0.293
 X3P1          -0.033        -0.137         0.017         0.021        -0.026
 X2P2           0.000         0.007         0.017         0.043         0.068
 X1P3          -0.220        -0.290        -0.305        -0.084        -0.065


           Correlations
              Y1            Y2            Y3            X3P1          X2P2
              ________      ________      ________      ________      ________
 Y1             1.000
 Y2             0.466         1.000
 Y3             0.442         0.536         1.000
 X3P1          -0.144        -0.046        -0.087         1.000
 X2P2           0.039         0.049        -0.040         0.293         1.000
 X1P3          -0.012        -0.089         0.024         0.081        -0.085


           Correlations
              X1P3
              ________
 X1P3           1.000


UNIVARIATE SAMPLE STATISTICS


     UNIVARIATE HIGHER-ORDER MOMENT DESCRIPTIVE STATISTICS

         Variable/         Mean/     Skewness/   Minimum/ % with                Percentiles
        Sample Size      Variance    Kurtosis    Maximum  Min/Max      20%/60%    40%/80%    Median

     X1                    0.000       0.040      -0.490   51.00%      -0.490     -0.490     -0.490
             100.000       0.250      -1.998       0.510   49.00%       0.510      0.510
     X2                    0.000      -0.242      -0.560   44.00%      -0.560     -0.560      0.440
             100.000       0.246      -1.942       0.440   56.00%       0.440      0.440
     X3                    0.000       0.000      -0.500   50.00%      -0.500     -0.500      0.000
             100.000       0.250      -2.000       0.500   50.00%       0.500      0.500
     M1                    0.000      -0.238      -2.300   22.00%      -2.300     -0.300     -0.300
             100.000       2.630      -1.562       1.700   40.00%       0.700      1.700
     M2                    0.000      -0.188      -2.260   23.00%      -2.260     -0.260     -0.260
             100.000       2.672      -1.590       1.740   40.00%       0.740      1.740
     M3                    0.000      -0.096      -2.050   29.00%      -2.050     -1.050     -0.050
             100.000       2.567      -1.566       1.950   28.00%       0.950      1.950
     M4                    0.000      -0.052      -2.050   27.00%      -2.050     -1.050     -0.050
             100.000       2.507      -1.531       1.950   29.00%       0.950      1.950
     M5                    0.000       0.199      -1.800   35.00%      -1.800     -0.800      0.200
             100.000       2.660      -1.577       2.200   26.00%       0.200      2.200
     M6                    0.000       0.082      -1.920   25.00%      -1.920     -0.920      0.080
             100.000       2.174      -1.345       2.080   22.00%       0.080      2.080
     M7                    0.000       0.107      -1.810   30.00%      -1.810     -0.810      0.190
             100.000       2.194      -1.384       2.190   18.00%       0.190      1.190
     M8                    0.000      -0.320      -2.310   22.00%      -2.310     -0.310      0.690
             100.000       2.494      -1.465       1.690   35.00%       0.690      1.690
     M9                    0.000      -0.351      -2.370   18.00%      -1.370     -0.370      0.630
             100.000       2.333      -1.393       1.630   35.00%       0.630      1.630
     M10                   0.000      -0.073      -2.010   25.00%      -2.010     -0.010     -0.010
             100.000       2.190      -1.366       1.990   22.00%       0.990      1.990
     M11                   0.000      -0.018      -2.010   19.00%      -1.010     -1.010     -0.010
             100.000       1.970      -1.317       1.990   19.00%       0.990      0.990
     M12                   0.000       0.001      -2.020   22.00%      -2.020     -1.020     -0.020
             100.000       2.260      -1.477       1.980   24.00%       0.980      1.980
     Y1                    0.766      -0.043      -1.392    1.00%       0.159      0.430      0.761
             100.000       0.673      -0.221       2.535    1.00%       0.962      1.455
     Y2                    0.803      -0.009      -1.866    1.00%      -0.118      0.449      0.841
             100.000       0.983      -0.260       3.319    1.00%       1.013      1.684
     Y3                    1.213      -0.104      -2.581    1.00%       0.362      0.897      1.113
             100.000       1.327       0.334       3.718    1.00%       1.515      2.123
     X3P1                  0.000       0.200      -0.932    1.00%      -0.432     -0.182      0.008
             100.000       0.228      -0.798       1.067    1.00%       0.068      0.507
     X2P2                  0.000      -0.098      -1.111    1.00%      -0.416     -0.131      0.016
             100.000       0.230      -0.615       1.129    1.00%       0.149      0.429
     X1P3                  0.000       0.042      -0.984    1.00%      -0.249     -0.074     -0.004
             100.000       0.149      -0.131       0.854    2.00%       0.054      0.309


     THIS ANALYSIS MAY HAVE MULTIPLE SOLUTIONS.  EXPLORE THIS USING RANDOM STARTS,
     FOR EXAMPLE, STARTS = 20.  USE A LARGE ENOUGH NUMBER OF STARTS SO THAT THE
     BEST FIT FUNCTION VALUE IS REPLICATED SEVERAL TIMES.


THE MODEL ESTIMATION TERMINATED NORMALLY

     THE STANDARD ERRORS OF THE MODEL PARAMETER ESTIMATES MAY NOT BE
     TRUSTWORTHY FOR SOME PARAMETERS DUE TO A NON-POSITIVE DEFINITE
     FIRST-ORDER DERIVATIVE PRODUCT MATRIX.  THIS MAY BE DUE TO THE STARTING
     VALUES BUT MAY ALSO BE AN INDICATION OF MODEL NONIDENTIFICATION.  THE
     CONDITION NUMBER IS      -0.284D-19.  PROBLEM INVOLVING THE FOLLOWING PARAMETER:
     Parameter 40, X2

     THIS IS MOST LIKELY DUE TO VARIABLE X1 BEING DICHOTOMOUS BUT
     DECLARED AS CONTINUOUS.




MODEL FIT INFORMATION

Number of Free Parameters                       69

Loglikelihood

          H0 Value                       -2935.362
          H0 Scaling Correction Factor      0.9242
            for MLR
          H1 Value                       -2835.127
          H1 Scaling Correction Factor      0.9690
            for MLR

Information Criteria

          Akaike (AIC)                    6008.723
          Bayesian (BIC)                  6188.480
          Sample-Size Adjusted BIC        5970.561
            (n* = (n + 2) / 24)

Chi-Square Test of Model Fit

          Value                            203.350*
          Degrees of Freedom                   183
          P-Value                           0.1443
          Scaling Correction Factor         0.9858
            for MLR

*   The chi-square value for MLM, MLMV, MLR, ULSMV, WLSM and WLSMV cannot be used
    for chi-square difference testing in the regular way.  MLM, MLR and WLSM
    chi-square difference testing is described on the Mplus website.  MLMV, WLSMV,
    and ULSMV difference testing is done using the DIFFTEST option.

RMSEA (Root Mean Square Error Of Approximation)

          Estimate                           0.033
          90 Percent C.I.                    0.000  0.057
          Probability RMSEA <= .05           0.863

CFI/TLI

          CFI                                0.895
          TLI                                0.879

Chi-Square Test of Model Fit for the Baseline Model

          Value                            403.773
          Degrees of Freedom                   210
          P-Value                           0.0000

SRMR (Standardized Root Mean Square Residual)

          Value                              0.076



MODEL RESULTS

                                                    Two-Tailed
                    Estimate       S.E.  Est./S.E.    P-Value

 X        BY
    X3                 1.000      0.000    999.000    999.000
    X2                 0.837      0.273      3.071      0.002
    X1                 0.756      0.365      2.068      0.039

 M        BY
    M12                1.000      0.000    999.000    999.000
    M11                0.807      0.224      3.601      0.000
    M10                0.796      0.274      2.905      0.004
    M9                 1.183      0.289      4.089      0.000
    M8                 0.849      0.345      2.465      0.014
    M7                 0.729      0.243      2.995      0.003
    M6                 0.202      0.220      0.919      0.358
    M5                 0.726      0.267      2.717      0.007
    M4                 0.594      0.229      2.592      0.010
    M3                 0.382      0.267      1.433      0.152
    M2                 0.728      0.247      2.945      0.003
    M1                 0.209      0.219      0.955      0.340

 Y        BY
    Y3                 1.000      0.000    999.000    999.000
    Y2                 0.888      0.187      4.748      0.000
    Y1                 0.609      0.158      3.857      0.000

 XM       BY
    X3P1               1.000      0.000    999.000    999.000
    X2P2               0.052      1.431      0.036      0.971
    X1P3               1.927      3.566      0.540      0.589

 Y        ON
    X                  1.013      0.938      1.081      0.280
    M                  0.549      1.083      0.506      0.613
    XM                 3.526     13.810      0.255      0.798

 X        WITH
    M                  0.087      0.042      2.041      0.041
    XM                -0.011      0.019     -0.565      0.572

 M        WITH
    XM                -0.053      0.095     -0.562      0.574

 Intercepts
    X1                 0.000      0.050      0.000      1.000
    X2                 0.000      0.050      0.000      1.000
    X3                 0.000      0.050      0.000      1.000
    M1                 0.000      0.162      0.000      1.000
    M2                 0.000      0.163      0.000      1.000
    M3                 0.000      0.160      0.000      1.000
    M4                 0.000      0.158      0.000      1.000
    M5                 0.000      0.163      0.000      1.000
    M6                 0.000      0.147      0.000      1.000
    M7                 0.000      0.148      0.000      1.000
    M8                 0.000      0.158      0.000      1.000
    M9                 0.000      0.153      0.000      1.000
    M10                0.000      0.148      0.000      1.000
    M11                0.000      0.140      0.000      1.000
    M12                0.000      0.150      0.000      1.000
    Y1                 0.766      0.082      9.331      0.000
    Y2                 0.803      0.099      8.099      0.000
    Y3                 1.213      0.115     10.531      0.000
    X3P1               0.000      0.048      0.000      1.000
    X2P2               0.000      0.048      0.000      1.000
    X1P3               0.000      0.039      0.000      1.000

 Variances
    X                  0.097      0.046      2.117      0.034
    M                  0.686      0.274      2.507      0.012
    XM                 0.008      0.023      0.336      0.737

 Residual Variances
    X1                 0.194      0.038      5.079      0.000
    X2                 0.178      0.036      4.965      0.000
    X3                 0.153      0.046      3.314      0.001
    M1                 2.600      0.189     13.772      0.000
    M2                 2.308      0.272      8.487      0.000
    M3                 2.467      0.214     11.548      0.000
    M4                 2.265      0.229      9.889      0.000
    M5                 2.299      0.265      8.678      0.000
    M6                 2.146      0.186     11.549      0.000
    M7                 1.830      0.229      7.986      0.000
    M8                 1.999      0.304      6.564      0.000
    M9                 1.373      0.258      5.316      0.000
    M10                1.755      0.244      7.192      0.000
    M11                1.524      0.202      7.543      0.000
    M12                1.574      0.259      6.074      0.000
    Y1                 0.417      0.077      5.416      0.000
    Y2                 0.437      0.119      3.672      0.000
    Y3                 0.635      0.179      3.541      0.000
    X3P1               0.220      0.030      7.265      0.000
    X2P2               0.230      0.027      8.588      0.000
    X1P3               0.120      0.051      2.373      0.018
    Y                  0.472      0.227      2.075      0.038

New/Additional Parameters
    VAR_Y              0.691      0.230      3.000      0.003
    STD_B1             0.380      0.297      1.280      0.200
    STD_B2             0.546      1.037      0.527      0.598
    STD_B3             1.097      4.228      0.259      0.795


QUALITY OF NUMERICAL RESULTS

     Condition Number for the Information Matrix              0.298E-06
       (ratio of smallest to largest eigenvalue)


CONFIDENCE INTERVALS OF MODEL RESULTS

                  Lower .5%  Lower 2.5%    Lower 5%    Estimate    Upper 5%  Upper 2.5%   Upper .5%

 X        BY
    X3               1.000       1.000       1.000       1.000       1.000       1.000       1.000
    X2               0.135       0.303       0.389       0.837       1.285       1.371       1.539
    X1              -0.186       0.039       0.155       0.756       1.357       1.472       1.697

 M        BY
    M12              1.000       1.000       1.000       1.000       1.000       1.000       1.000
    M11              0.230       0.368       0.438       0.807       1.175       1.246       1.384
    M10              0.090       0.259       0.345       0.796       1.247       1.333       1.502
    M9               0.438       0.616       0.707       1.183       1.659       1.750       1.928
    M8              -0.038       0.174       0.283       0.849       1.416       1.525       1.737
    M7               0.102       0.252       0.328       0.729       1.129       1.205       1.355
    M6              -0.365      -0.229      -0.160       0.202       0.565       0.634       0.770
    M5               0.038       0.202       0.286       0.726       1.165       1.249       1.414
    M4               0.004       0.145       0.217       0.594       0.971       1.043       1.184
    M3              -0.305      -0.141      -0.057       0.382       0.821       0.905       1.070
    M2               0.091       0.244       0.321       0.728       1.135       1.213       1.366
    M1              -0.355      -0.220      -0.151       0.209       0.569       0.638       0.773

 Y        BY
    Y3               1.000       1.000       1.000       1.000       1.000       1.000       1.000
    Y2               0.406       0.522       0.581       0.888       1.196       1.255       1.370
    Y1               0.202       0.300       0.349       0.609       0.869       0.919       1.016

 XM       BY
    X3P1             1.000       1.000       1.000       1.000       1.000       1.000       1.000
    X2P2            -3.635      -2.753      -2.302       0.052       2.407       2.857       3.739
    X1P3            -7.259      -5.063      -3.939       1.927       7.794       8.917      11.113

 Y        ON
    X               -1.402      -0.825      -0.529       1.013       2.556       2.851       3.429
    M               -2.242      -1.575      -1.233       0.549       2.331       2.672       3.339
    XM             -32.044     -23.540     -19.190       3.526      26.243      30.593      39.097

 X        WITH
    M               -0.023       0.003       0.017       0.087       0.156       0.170       0.196
    XM              -0.059      -0.047      -0.041      -0.011       0.020       0.026       0.037

 M        WITH
    XM              -0.297      -0.239      -0.209      -0.053       0.102       0.132       0.191

 Intercepts
    X1              -0.129      -0.098      -0.082       0.000       0.082       0.098       0.129
    X2              -0.128      -0.097      -0.082       0.000       0.082       0.097       0.128
    X3              -0.129      -0.098      -0.082       0.000       0.082       0.098       0.129
    M1              -0.418      -0.318      -0.267       0.000       0.267       0.318       0.418
    M2              -0.421      -0.320      -0.269       0.000       0.269       0.320       0.421
    M3              -0.413      -0.314      -0.264       0.000       0.264       0.314       0.413
    M4              -0.408      -0.310      -0.260       0.000       0.260       0.310       0.408
    M5              -0.420      -0.320      -0.268       0.000       0.268       0.320       0.420
    M6              -0.380      -0.289      -0.243       0.000       0.243       0.289       0.380
    M7              -0.382      -0.290      -0.244       0.000       0.244       0.290       0.382
    M8              -0.407      -0.310      -0.260       0.000       0.260       0.310       0.407
    M9              -0.393      -0.299      -0.251       0.000       0.251       0.299       0.393
    M10             -0.381      -0.290      -0.243       0.000       0.243       0.290       0.381
    M11             -0.362      -0.275      -0.231       0.000       0.231       0.275       0.362
    M12             -0.387      -0.295      -0.247       0.000       0.247       0.295       0.387
    Y1               0.554       0.605       0.631       0.766       0.901       0.927       0.977
    Y2               0.548       0.609       0.640       0.803       0.966       0.997       1.058
    Y3               0.916       0.987       1.023       1.213       1.402       1.439       1.510
    X3P1            -0.123      -0.094      -0.079       0.000       0.079       0.094       0.123
    X2P2            -0.123      -0.094      -0.079       0.000       0.079       0.094       0.123
    X1P3            -0.099      -0.076      -0.064       0.000       0.064       0.076       0.099

 Variances
    X               -0.021       0.007       0.022       0.097       0.173       0.188       0.216
    M               -0.019       0.150       0.236       0.686       1.136       1.222       1.391
    XM              -0.052      -0.038      -0.031       0.008       0.046       0.054       0.068

 Residual Variances
    X1               0.096       0.119       0.131       0.194       0.257       0.269       0.293
    X2               0.086       0.108       0.119       0.178       0.237       0.248       0.271
    X3               0.034       0.062       0.077       0.153       0.228       0.243       0.271
    M1               2.114       2.230       2.289       2.600       2.911       2.970       3.086
    M2               1.608       1.775       1.861       2.308       2.756       2.842       3.009
    M3               1.917       2.048       2.116       2.467       2.819       2.886       3.018
    M4               1.675       1.816       1.889       2.265       2.642       2.714       2.856
    M5               1.616       1.779       1.863       2.299       2.734       2.818       2.981
    M6               1.667       1.781       1.840       2.146       2.451       2.510       2.624
    M7               1.240       1.381       1.453       1.830       2.207       2.279       2.420
    M8               1.215       1.402       1.498       1.999       2.500       2.596       2.783
    M9               0.708       0.867       0.948       1.373       1.798       1.879       2.038
    M10              1.127       1.277       1.354       1.755       2.157       2.234       2.384
    M11              1.003       1.128       1.191       1.524       1.856       1.919       2.044
    M12              0.906       1.066       1.147       1.574       2.000       2.081       2.241
    Y1               0.219       0.266       0.290       0.417       0.543       0.568       0.615
    Y2               0.130       0.204       0.241       0.437       0.633       0.670       0.743
    Y3               0.173       0.284       0.340       0.635       0.930       0.987       1.097
    X3P1             0.142       0.161       0.171       0.220       0.270       0.280       0.299
    X2P2             0.161       0.177       0.186       0.230       0.274       0.282       0.299
    X1P3            -0.010       0.021       0.037       0.120       0.203       0.219       0.250
    Y               -0.114       0.026       0.098       0.472       0.846       0.917       1.057

New/Additional Parameters
    VAR_Y            0.098       0.240       0.312       0.691       1.071       1.143       1.285
    STD_B1          -0.385      -0.202      -0.108       0.380       0.869       0.963       1.146
    STD_B2          -2.125      -1.486      -1.159       0.546       2.252       2.579       3.218
    STD_B3          -9.794      -7.190      -5.859       1.097       8.052       9.383      11.987


TECHNICAL 1 OUTPUT


     PARAMETER SPECIFICATION


           NU
              X1            X2            X3            M1            M2
              ________      ________      ________      ________      ________
                  1             2             3             4             5


           NU
              M3            M4            M5            M6            M7
              ________      ________      ________      ________      ________
                  6             7             8             9            10


           NU
              M8            M9            M10           M11           M12
              ________      ________      ________      ________      ________
                 11            12            13            14            15


           NU
              Y1            Y2            Y3            X3P1          X2P2
              ________      ________      ________      ________      ________
                 16            17            18            19            20


           NU
              X1P3
              ________
                 21


           LAMBDA
              X             M             Y             XM
              ________      ________      ________      ________
 X1                22             0             0             0
 X2                23             0             0             0
 X3                 0             0             0             0
 M1                 0            24             0             0
 M2                 0            25             0             0
 M3                 0            26             0             0
 M4                 0            27             0             0
 M5                 0            28             0             0
 M6                 0            29             0             0
 M7                 0            30             0             0
 M8                 0            31             0             0
 M9                 0            32             0             0
 M10                0            33             0             0
 M11                0            34             0             0
 M12                0             0             0             0
 Y1                 0             0            35             0
 Y2                 0             0            36             0
 Y3                 0             0             0             0
 X3P1               0             0             0             0
 X2P2               0             0             0            37
 X1P3               0             0             0            38


           THETA
              X1            X2            X3            M1            M2
              ________      ________      ________      ________      ________
 X1                39
 X2                 0            40
 X3                 0             0            41
 M1                 0             0             0            42
 M2                 0             0             0             0            43
 M3                 0             0             0             0             0
 M4                 0             0             0             0             0
 M5                 0             0             0             0             0
 M6                 0             0             0             0             0
 M7                 0             0             0             0             0
 M8                 0             0             0             0             0
 M9                 0             0             0             0             0
 M10                0             0             0             0             0
 M11                0             0             0             0             0
 M12                0             0             0             0             0
 Y1                 0             0             0             0             0
 Y2                 0             0             0             0             0
 Y3                 0             0             0             0             0
 X3P1               0             0             0             0             0
 X2P2               0             0             0             0             0
 X1P3               0             0             0             0             0


           THETA
              M3            M4            M5            M6            M7
              ________      ________      ________      ________      ________
 M3                44
 M4                 0            45
 M5                 0             0            46
 M6                 0             0             0            47
 M7                 0             0             0             0            48
 M8                 0             0             0             0             0
 M9                 0             0             0             0             0
 M10                0             0             0             0             0
 M11                0             0             0             0             0
 M12                0             0             0             0             0
 Y1                 0             0             0             0             0
 Y2                 0             0             0             0             0
 Y3                 0             0             0             0             0
 X3P1               0             0             0             0             0
 X2P2               0             0             0             0             0
 X1P3               0             0             0             0             0


           THETA
              M8            M9            M10           M11           M12
              ________      ________      ________      ________      ________
 M8                49
 M9                 0            50
 M10                0             0            51
 M11                0             0             0            52
 M12                0             0             0             0            53
 Y1                 0             0             0             0             0
 Y2                 0             0             0             0             0
 Y3                 0             0             0             0             0
 X3P1               0             0             0             0             0
 X2P2               0             0             0             0             0
 X1P3               0             0             0             0             0


           THETA
              Y1            Y2            Y3            X3P1          X2P2
              ________      ________      ________      ________      ________
 Y1                54
 Y2                 0            55
 Y3                 0             0            56
 X3P1               0             0             0            57
 X2P2               0             0             0             0            58
 X1P3               0             0             0             0             0


           THETA
              X1P3
              ________
 X1P3              59


           ALPHA
              X             M             Y             XM
              ________      ________      ________      ________
                  0             0             0             0


           BETA
              X             M             Y             XM
              ________      ________      ________      ________
 X                  0             0             0             0
 M                  0             0             0             0
 Y                 60            61             0            62
 XM                 0             0             0             0


           PSI
              X             M             Y             XM
              ________      ________      ________      ________
 X                 63
 M                 64            65
 Y                  0             0            66
 XM                67            68             0            69


     PARAMETER SPECIFICATION FOR THE ADDITIONAL PARAMETERS


           New/Additional Parameters
              VAR_Y         STD_B1        STD_B2        STD_B3
              ________      ________      ________      ________
                   70            71            72            73


     STARTING VALUES


           NU
              X1            X2            X3            M1            M2
              ________      ________      ________      ________      ________
                0.000         0.000         0.000         0.000         0.000


           NU
              M3            M4            M5            M6            M7
              ________      ________      ________      ________      ________
                0.000         0.000         0.000         0.000         0.000


           NU
              M8            M9            M10           M11           M12
              ________      ________      ________      ________      ________
                0.000         0.000         0.000         0.000         0.000


           NU
              Y1            Y2            Y3            X3P1          X2P2
              ________      ________      ________      ________      ________
                0.766         0.803         1.213         0.000         0.000


           NU
              X1P3
              ________
                0.000


           LAMBDA
              X             M             Y             XM
              ________      ________      ________      ________
 X1             0.507         0.000         0.000         0.000
 X2             0.608         0.000         0.000         0.000
 X3             1.000         0.000         0.000         0.000
 M1             0.000         0.597         0.000         0.000
 M2             0.000         0.463         0.000         0.000
 M3             0.000         0.707         0.000         0.000
 M4             0.000         0.953         0.000         0.000
 M5             0.000         0.565         0.000         0.000
 M6             0.000         0.127         0.000         0.000
 M7             0.000         1.554         0.000         0.000
 M8             0.000         0.875         0.000         0.000
 M9             0.000         1.257         0.000         0.000
 M10            0.000         1.013         0.000         0.000
 M11            0.000         0.860         0.000         0.000
 M12            0.000         1.000         0.000         0.000
 Y1             0.000         0.000         0.619         0.000
 Y2             0.000         0.000         0.907         0.000
 Y3             0.000         0.000         1.000         0.000
 X3P1           0.000         0.000         0.000         1.000
 X2P2           0.000         0.000         0.000         1.000
 X1P3           0.000         0.000         0.000         1.000


           THETA
              X1            X2            X3            M1            M2
              ________      ________      ________      ________      ________
 X1             0.125
 X2             0.000         0.123
 X3             0.000         0.000         0.125
 M1             0.000         0.000         0.000         1.315
 M2             0.000         0.000         0.000         0.000         1.336
 M3             0.000         0.000         0.000         0.000         0.000
 M4             0.000         0.000         0.000         0.000         0.000
 M5             0.000         0.000         0.000         0.000         0.000
 M6             0.000         0.000         0.000         0.000         0.000
 M7             0.000         0.000         0.000         0.000         0.000
 M8             0.000         0.000         0.000         0.000         0.000
 M9             0.000         0.000         0.000         0.000         0.000
 M10            0.000         0.000         0.000         0.000         0.000
 M11            0.000         0.000         0.000         0.000         0.000
 M12            0.000         0.000         0.000         0.000         0.000
 Y1             0.000         0.000         0.000         0.000         0.000
 Y2             0.000         0.000         0.000         0.000         0.000
 Y3             0.000         0.000         0.000         0.000         0.000
 X3P1           0.000         0.000         0.000         0.000         0.000
 X2P2           0.000         0.000         0.000         0.000         0.000
 X1P3           0.000         0.000         0.000         0.000         0.000


           THETA
              M3            M4            M5            M6            M7
              ________      ________      ________      ________      ________
 M3             1.284
 M4             0.000         1.254
 M5             0.000         0.000         1.330
 M6             0.000         0.000         0.000         1.087
 M7             0.000         0.000         0.000         0.000         1.097
 M8             0.000         0.000         0.000         0.000         0.000
 M9             0.000         0.000         0.000         0.000         0.000
 M10            0.000         0.000         0.000         0.000         0.000
 M11            0.000         0.000         0.000         0.000         0.000
 M12            0.000         0.000         0.000         0.000         0.000
 Y1             0.000         0.000         0.000         0.000         0.000
 Y2             0.000         0.000         0.000         0.000         0.000
 Y3             0.000         0.000         0.000         0.000         0.000
 X3P1           0.000         0.000         0.000         0.000         0.000
 X2P2           0.000         0.000         0.000         0.000         0.000
 X1P3           0.000         0.000         0.000         0.000         0.000


           THETA
              M8            M9            M10           M11           M12
              ________      ________      ________      ________      ________
 M8             1.247
 M9             0.000         1.167
 M10            0.000         0.000         1.095
 M11            0.000         0.000         0.000         0.985
 M12            0.000         0.000         0.000         0.000         1.130
 Y1             0.000         0.000         0.000         0.000         0.000
 Y2             0.000         0.000         0.000         0.000         0.000
 Y3             0.000         0.000         0.000         0.000         0.000
 X3P1           0.000         0.000         0.000         0.000         0.000
 X2P2           0.000         0.000         0.000         0.000         0.000
 X1P3           0.000         0.000         0.000         0.000         0.000


           THETA
              Y1            Y2            Y3            X3P1          X2P2
              ________      ________      ________      ________      ________
 Y1             0.337
 Y2             0.000         0.491
 Y3             0.000         0.000         0.663
 X3P1           0.000         0.000         0.000         0.114
 X2P2           0.000         0.000         0.000         0.000         0.115
 X1P3           0.000         0.000         0.000         0.000         0.000


           THETA
              X1P3
              ________
 X1P3           0.075


           ALPHA
              X             M             Y             XM
              ________      ________      ________      ________
                0.000         0.000         0.000         0.000


           BETA
              X             M             Y             XM
              ________      ________      ________      ________
 X              0.000         0.000         0.000         0.000
 M              0.000         0.000         0.000         0.000
 Y              0.000         0.000         0.000         0.000
 XM             0.000         0.000         0.000         0.000


           PSI
              X             M             Y             XM
              ________      ________      ________      ________
 X              0.050
 M              0.000         0.050
 Y              0.000         0.000         0.050
 XM             0.000         0.000         0.000         0.050


     STARTING VALUES FOR THE ADDITIONAL PARAMETERS


           New/Additional Parameters
              VAR_Y         STD_B1        STD_B2        STD_B3
              ________      ________      ________      ________
                0.500         0.500         0.500         0.500


RESULTS SAVING INFORMATION

  Order of data

    Parameter estimates
     (saved in order shown in Technical 1 output)
    Standard errors
     (saved in order shown in Technical 1 output)
    Number of Free Parameters
    H0 Loglikelihood
    H0 Scaling Correction Factor for MLR
    H1 Loglikelihood
    H1 Scaling Correction Factor for MLR
    Akaike (AIC)
    Bayesian (BIC)
    Sample-Size Adjusted BIC
    Chi-square : Value
    Chi-square : Degrees of Freedom
    Chi-square : P-Value
    Chi-square : Scaling Correction Factor for MLR/MLM/WLSM
    CFI
    TLI
    RMSEA : Estimate
    RMSEA : Low CI
    RMSEA : High CI
    RMSEA : Probability
    SRMR
    Condition Number

  Save file
    parcelupi_results_1766.dat

  Save file format           Free


     Beginning Time:  17:56:02
        Ending Time:  17:56:04
       Elapsed Time:  00:00:02



MUTHEN & MUTHEN
3463 Stoner Ave.
Los Angeles, CA  90066

Tel: (310) 391-9971
Fax: (310) 391-8971
Web: www.StatModel.com
Support: Support@StatModel.com

Copyright (c) 1998-2022 Muthen & Muthen
