Mplus VERSION 8.8 (Mac)
MUTHEN & MUTHEN
07/27/2025   4:51 PM

INPUT INSTRUCTIONS


    TITLE: Parceling Unconstrained Product Indicator

    DATA:
      FILE = parcelupi_simdat_358.dat;
      FORMAT IS FREE;

    VARIABLE:
      NAMES = x1 x2 x3
      	    m1 m2 m3 m4 m5 m6
      	    m7 m8 m9 m10 m11 m12
      	    y1 y2 y3
      	    p1 p2 p3
      	    x3p1 x2p2 x1p3;
      USEVARIABLES = x1 x2 x3
      	    m1 m2 m3 m4 m5 m6
      	    m7 m8 m9 m10 m11 m12
      	    y1 y2 y3
      	    x3p1 x2p2 x1p3;

    ANALYSIS:
      TYPE = general;
      ESTIMATOR = MLR;
    MODEL:
      !measurement model
      X BY x3 x2 x1;
      X (var_X);
      M BY m12 m11 m10 m9 m8 m7 m6 m5 m4 m3 m2 m1;
      M (var_M);
      Y BY y3 y2 y1;
      Y (resvar_Y);
      XM BY x3p1 x2p2 x1p3;
      XM (var_XM);

      !covariances between predictors
      X WITH M (cov_XM);
      X WITH XM (cov_XXM);
      M WITH XM (cov_MXM);

      !structural model
      Y ON X (b1);
      Y ON M (b2);
      Y ON XM (b3);

    MODEL CONSTRAINT:

      NEW(var_Y std_b1 std_b2 std_b3);
      var_Y = resvar_Y +
       (b1^2 * var_X +
        b2^2 * var_M +
        b3^2 * var_XM +
        2 * b1 * b2 * cov_XM +
        2 * b1 * b3 * cov_XXM +
        2 * b2 * b3 * cov_MXM);

        std_b1 = b1 * sqrt(var_X) / sqrt(var_Y);
        std_b2 = b2 * sqrt(var_M) / sqrt(var_Y);
        std_b3 = b3 * sqrt(var_X) * sqrt(var_M) / sqrt(var_Y);

    OUTPUT:
      sampstat tech1 CINTERVAL;

    SAVEDATA:
      RESULTS = parcelupi_results_358.dat;




INPUT READING TERMINATED NORMALLY



Parceling Unconstrained Product Indicator

SUMMARY OF ANALYSIS

Number of groups                                                 1
Number of observations                                         100

Number of dependent variables                                   21
Number of independent variables                                  0
Number of continuous latent variables                            4

Observed dependent variables

  Continuous
   X1          X2          X3          M1          M2          M3
   M4          M5          M6          M7          M8          M9
   M10         M11         M12         Y1          Y2          Y3
   X3P1        X2P2        X1P3

Continuous latent variables
   X           M           Y           XM


Estimator                                                      MLR
Information matrix                                        OBSERVED
Maximum number of iterations                                  1000
Convergence criterion                                    0.500D-04
Maximum number of steepest descent iterations                   20

Input data file(s)
  parcelupi_simdat_358.dat

Input data format  FREE


SAMPLE STATISTICS


     SAMPLE STATISTICS


           Means
              X1            X2            X3            M1            M2
              ________      ________      ________      ________      ________
                0.000         0.000         0.000         0.000         0.000


           Means
              M3            M4            M5            M6            M7
              ________      ________      ________      ________      ________
                0.000         0.000         0.000         0.000         0.000


           Means
              M8            M9            M10           M11           M12
              ________      ________      ________      ________      ________
                0.000         0.000         0.000         0.000         0.000


           Means
              Y1            Y2            Y3            X3P1          X2P2
              ________      ________      ________      ________      ________
                0.568         0.804         1.143         0.000         0.000


           Means
              X1P3
              ________
                0.000


           Covariances
              X1            X2            X3            M1            M2
              ________      ________      ________      ________      ________
 X1             0.244
 X2             0.056         0.250
 X3             0.083         0.115         0.248
 M1             0.015        -0.026         0.020         2.593
 M2            -0.041        -0.027         0.050        -0.246         2.552
 M3             0.028         0.006         0.029        -0.008        -0.053
 M4            -0.100         0.021        -0.005        -0.264         0.529
 M5             0.002         0.054        -0.109         0.198         0.283
 M6            -0.012         0.033         0.091         0.386        -0.163
 M7            -0.041        -0.019         0.016         0.608        -0.306
 M8             0.028         0.182         0.083         0.442         0.295
 M9             0.048         0.116         0.089         0.232        -0.213
 M10           -0.025         0.044         0.090         0.593        -0.036
 M11           -0.032         0.260         0.201         0.613         0.065
 M12            0.021         0.185         0.187         0.457         0.007
 Y1             0.091         0.050         0.152         0.325        -0.157
 Y2             0.037         0.103         0.112         0.053         0.094
 Y3             0.074         0.089         0.195         0.031        -0.039
 X3P1          -0.026        -0.027        -0.006        -0.104        -0.049
 X2P2          -0.003        -0.002        -0.032         0.028        -0.011
 X1P3          -0.002         0.000        -0.040        -0.023        -0.201


           Covariances
              M3            M4            M5            M6            M7
              ________      ________      ________      ________      ________
 M3             2.462
 M4             0.079         2.486
 M5             0.118        -0.029         2.342
 M6             0.515         0.416         0.615         2.442
 M7             0.277         0.363         0.133         0.811         2.720
 M8             0.276         0.145         0.414         0.701         0.571
 M9             0.352         0.309         0.518         0.785         0.457
 M10            0.322         0.216         0.428         0.796         0.898
 M11            0.418         0.548         0.382         0.884         0.877
 M12            0.675         0.154         0.305         1.076         0.883
 Y1             0.038        -0.111        -0.050         0.368         0.078
 Y2            -0.246        -0.084         0.092         0.049        -0.017
 Y3             0.142        -0.180        -0.075         0.297        -0.091
 X3P1          -0.070        -0.061        -0.075        -0.096        -0.031
 X2P2           0.012        -0.047         0.068         0.001        -0.086
 X1P3           0.067         0.031        -0.171         0.015         0.137


           Covariances
              M8            M9            M10           M11           M12
              ________      ________      ________      ________      ________
 M8             2.326
 M9             0.446         2.242
 M10            0.792         0.552         1.993
 M11            0.986         0.608         1.013         2.120
 M12            0.935         0.905         0.747         1.069         2.227
 Y1             0.131         0.050         0.156         0.242         0.270
 Y2             0.196         0.197         0.307         0.295         0.181
 Y3             0.242         0.238         0.273         0.484         0.458
 X3P1          -0.054        -0.090        -0.111        -0.035        -0.162
 X2P2          -0.015         0.033        -0.056        -0.012        -0.093
 X1P3           0.072         0.032         0.039         0.031        -0.061


           Covariances
              Y1            Y2            Y3            X3P1          X2P2
              ________      ________      ________      ________      ________
 Y1             0.693
 Y2             0.198         0.926
 Y3             0.463         0.499         1.302
 X3P1          -0.065        -0.046        -0.035         0.207
 X2P2          -0.061        -0.072        -0.076         0.031         0.208
 X1P3          -0.085        -0.041        -0.132         0.017         0.032


           Covariances
              X1P3
              ________
 X1P3           0.267


           Correlations
              X1            X2            X3            M1            M2
              ________      ________      ________      ________      ________
 X1             1.000
 X2             0.226         1.000
 X3             0.338         0.460         1.000
 M1             0.019        -0.033         0.025         1.000
 M2            -0.052        -0.034         0.063        -0.096         1.000
 M3             0.036         0.008         0.037        -0.003        -0.021
 M4            -0.128         0.027        -0.007        -0.104         0.210
 M5             0.003         0.071        -0.142         0.080         0.116
 M6            -0.016         0.042         0.117         0.154        -0.065
 M7            -0.051        -0.023         0.019         0.229        -0.116
 M8             0.037         0.239         0.110         0.180         0.121
 M9             0.065         0.155         0.119         0.096        -0.089
 M10           -0.035         0.062         0.128         0.261        -0.016
 M11           -0.044         0.358         0.277         0.261         0.028
 M12            0.029         0.249         0.251         0.190         0.003
 Y1             0.223         0.120         0.367         0.242        -0.118
 Y2             0.078         0.215         0.234         0.034         0.061
 Y3             0.131         0.156         0.342         0.017        -0.021
 X3P1          -0.115        -0.118        -0.026        -0.142        -0.068
 X2P2          -0.014        -0.010        -0.140         0.038        -0.014
 X1P3          -0.008         0.001        -0.155        -0.027        -0.244


           Correlations
              M3            M4            M5            M6            M7
              ________      ________      ________      ________      ________
 M3             1.000
 M4             0.032         1.000
 M5             0.049        -0.012         1.000
 M6             0.210         0.169         0.257         1.000
 M7             0.107         0.140         0.053         0.315         1.000
 M8             0.115         0.060         0.177         0.294         0.227
 M9             0.150         0.131         0.226         0.335         0.185
 M10            0.145         0.097         0.198         0.361         0.386
 M11            0.183         0.239         0.171         0.389         0.365
 M12            0.288         0.065         0.133         0.461         0.359
 Y1             0.029        -0.084        -0.039         0.283         0.057
 Y2            -0.163        -0.055         0.063         0.033        -0.011
 Y3             0.079        -0.100        -0.043         0.167        -0.049
 X3P1          -0.098        -0.085        -0.108        -0.135        -0.042
 X2P2           0.017        -0.065         0.098         0.001        -0.115
 X1P3           0.083         0.039        -0.216         0.019         0.161


           Correlations
              M8            M9            M10           M11           M12
              ________      ________      ________      ________      ________
 M8             1.000
 M9             0.195         1.000
 M10            0.368         0.261         1.000
 M11            0.444         0.279         0.493         1.000
 M12            0.411         0.405         0.354         0.492         1.000
 Y1             0.103         0.040         0.132         0.200         0.218
 Y2             0.134         0.137         0.226         0.211         0.126
 Y3             0.139         0.139         0.170         0.291         0.269
 X3P1          -0.078        -0.132        -0.173        -0.053        -0.238
 X2P2          -0.021         0.048        -0.086        -0.018        -0.137
 X1P3           0.092         0.041         0.053         0.041        -0.079


           Correlations
              Y1            Y2            Y3            X3P1          X2P2
              ________      ________      ________      ________      ________
 Y1             1.000
 Y2             0.248         1.000
 Y3             0.487         0.454         1.000
 X3P1          -0.172        -0.105        -0.067         1.000
 X2P2          -0.162        -0.164        -0.145         0.148         1.000
 X1P3          -0.199        -0.082        -0.223         0.074         0.138


           Correlations
              X1P3
              ________
 X1P3           1.000


UNIVARIATE SAMPLE STATISTICS


     UNIVARIATE HIGHER-ORDER MOMENT DESCRIPTIVE STATISTICS

         Variable/         Mean/     Skewness/   Minimum/ % with                Percentiles
        Sample Size      Variance    Kurtosis    Maximum  Min/Max      20%/60%    40%/80%    Median

     X1                    0.000       0.324      -0.420   58.00%      -0.420     -0.420     -0.420
             100.000       0.244      -1.895       0.580   42.00%       0.580      0.580
     X2                    0.000      -0.040      -0.510   49.00%      -0.510     -0.510      0.490
             100.000       0.250      -1.998       0.490   51.00%       0.490      0.490
     X3                    0.000      -0.161      -0.540   46.00%      -0.540     -0.540      0.460
             100.000       0.248      -1.974       0.460   54.00%       0.460      0.460
     M1                    0.000      -0.082      -2.130   24.00%      -2.130     -1.130     -0.130
             100.000       2.593      -1.607       1.870   33.00%       0.870      1.870
     M2                    0.000       0.237      -1.740   36.00%      -1.740     -0.740      0.260
             100.000       2.552      -1.516       2.260   23.00%       0.260      2.260
     M3                    0.000       0.149      -1.910   27.00%      -1.910     -0.910      0.090
             100.000       2.462      -1.509       2.090   27.00%       0.090      2.090
     M4                    0.000       0.122      -1.880   31.00%      -1.880     -0.880      0.120
             100.000       2.486      -1.486       2.120   26.00%       0.120      2.120
     M5                    0.000      -0.085      -2.090   23.00%      -2.090     -1.090     -0.090
             100.000       2.342      -1.478       1.910   27.00%       0.910      1.910
     M6                    0.000       0.281      -1.720   33.00%      -1.720     -0.720     -0.720
             100.000       2.442      -1.482       2.280   21.00%       0.280      2.280
     M7                    0.000       0.104      -1.860   36.00%      -1.860     -0.860      0.140
             100.000       2.720      -1.616       2.140   27.00%       0.140      2.140
     M8                    0.000      -0.293      -2.290   20.00%      -2.290     -0.290      0.710
             100.000       2.326      -1.397       1.710   32.00%       0.710      1.710
     M9                    0.000       0.082      -1.910   27.00%      -1.910     -0.910      0.090
             100.000       2.242      -1.360       2.090   23.00%       0.090      2.090
     M10                   0.000      -0.082      -2.130   17.00%      -1.130     -0.130     -0.130
             100.000       1.993      -1.276       1.870   24.00%       0.870      1.870
     M11                   0.000       0.015      -1.980   23.00%      -1.980      0.020      0.020
             100.000       2.120      -1.326       2.020   22.00%       0.020      2.020
     M12                   0.000       0.013      -1.950   25.00%      -1.950     -0.950      0.050
             100.000       2.227      -1.443       2.050   21.00%       1.050      2.050
     Y1                    0.568      -0.121      -2.147    1.00%      -0.136      0.328      0.514
             100.000       0.693       0.390       2.448    1.00%       0.727      1.224
     Y2                    0.804      -0.135      -1.589    1.00%      -0.111      0.657      0.830
             100.000       0.926      -0.352       3.069    1.00%       1.034      1.616
     Y3                    1.143       0.059      -1.090    1.00%       0.006      0.870      1.312
             100.000       1.302      -0.196       4.631    1.00%       1.521      1.980
     X3P1                  0.000      -0.318      -1.035    3.00%      -0.403     -0.058      0.051
             100.000       0.207      -0.391       0.990    1.00%       0.172      0.402
     X2P2                  0.000      -0.294      -0.997    2.00%      -0.374     -0.007      0.023
             100.000       0.208      -0.442       0.915    1.00%       0.116      0.406
     X1P3                  0.000       0.063      -1.092    2.00%      -0.447     -0.222     -0.027
             100.000       0.267      -0.834       1.083    2.00%       0.078      0.498


     THIS ANALYSIS MAY HAVE MULTIPLE SOLUTIONS.  EXPLORE THIS USING RANDOM STARTS,
     FOR EXAMPLE, STARTS = 20.  USE A LARGE ENOUGH NUMBER OF STARTS SO THAT THE
     BEST FIT FUNCTION VALUE IS REPLICATED SEVERAL TIMES.


THE MODEL ESTIMATION TERMINATED NORMALLY

     THE STANDARD ERRORS OF THE MODEL PARAMETER ESTIMATES MAY NOT BE
     TRUSTWORTHY FOR SOME PARAMETERS DUE TO A NON-POSITIVE DEFINITE
     FIRST-ORDER DERIVATIVE PRODUCT MATRIX.  THIS MAY BE DUE TO THE STARTING
     VALUES BUT MAY ALSO BE AN INDICATION OF MODEL NONIDENTIFICATION.  THE
     CONDITION NUMBER IS      -0.190D-17.  PROBLEM INVOLVING THE FOLLOWING PARAMETER:
     Parameter 40, X2

     THIS IS MOST LIKELY DUE TO VARIABLE X1 BEING DICHOTOMOUS BUT
     DECLARED AS CONTINUOUS.




MODEL FIT INFORMATION

Number of Free Parameters                       69

Loglikelihood

          H0 Value                       -2899.504
          H0 Scaling Correction Factor      0.8833
            for MLR
          H1 Value                       -2804.726
          H1 Scaling Correction Factor      0.9645
            for MLR

Information Criteria

          Akaike (AIC)                    5937.009
          Bayesian (BIC)                  6116.765
          Sample-Size Adjusted BIC        5898.846
            (n* = (n + 2) / 24)

Chi-Square Test of Model Fit

          Value                            190.484*
          Degrees of Freedom                   183
          P-Value                           0.3370
          Scaling Correction Factor         0.9951
            for MLR

*   The chi-square value for MLM, MLMV, MLR, ULSMV, WLSM and WLSMV cannot be used
    for chi-square difference testing in the regular way.  MLM, MLR and WLSM
    chi-square difference testing is described on the Mplus website.  MLMV, WLSMV,
    and ULSMV difference testing is done using the DIFFTEST option.

RMSEA (Root Mean Square Error Of Approximation)

          Estimate                           0.020
          90 Percent C.I.                    0.000  0.049
          Probability RMSEA <= .05           0.955

CFI/TLI

          CFI                                0.973
          TLI                                0.969

Chi-Square Test of Model Fit for the Baseline Model

          Value                            491.357
          Degrees of Freedom                   210
          P-Value                           0.0000

SRMR (Standardized Root Mean Square Residual)

          Value                              0.073



MODEL RESULTS

                                                    Two-Tailed
                    Estimate       S.E.  Est./S.E.    P-Value

 X        BY
    X3                 1.000      0.000    999.000    999.000
    X2                 0.582      0.179      3.242      0.001
    X1                 0.421      0.148      2.845      0.004

 M        BY
    M12                1.000      0.000    999.000    999.000
    M11                1.023      0.168      6.096      0.000
    M10                0.836      0.164      5.082      0.000
    M9                 0.657      0.140      4.701      0.000
    M8                 0.803      0.153      5.250      0.000
    M7                 0.771      0.179      4.312      0.000
    M6                 0.897      0.146      6.141      0.000
    M5                 0.373      0.166      2.250      0.024
    M4                 0.276      0.169      1.629      0.103
    M3                 0.416      0.161      2.583      0.010
    M2                -0.012      0.180     -0.064      0.949
    M1                 0.480      0.188      2.558      0.011

 Y        BY
    Y3                 1.000      0.000    999.000    999.000
    Y2                 0.570      0.129      4.417      0.000
    Y1                 0.595      0.152      3.916      0.000

 XM       BY
    X3P1               1.000      0.000    999.000    999.000
    X2P2               1.578      1.432      1.102      0.270
    X1P3               2.006      3.218      0.624      0.533

 Y        ON
    X                  0.567      0.487      1.164      0.244
    M                  0.188      0.207      0.908      0.364
    XM                -4.167      6.539     -0.637      0.524

 X        WITH
    M                  0.136      0.064      2.117      0.034
    XM                -0.017      0.020     -0.831      0.406

 M        WITH
    XM                -0.017      0.064     -0.260      0.795

 Intercepts
    X1                 0.000      0.049      0.000      1.000
    X2                 0.000      0.050      0.000      1.000
    X3                 0.000      0.050      0.000      1.000
    M1                 0.000      0.161      0.000      1.000
    M2                 0.000      0.160      0.000      1.000
    M3                 0.000      0.157      0.000      1.000
    M4                 0.000      0.158      0.000      1.000
    M5                 0.000      0.153      0.000      1.000
    M6                 0.000      0.156      0.000      1.000
    M7                 0.000      0.165      0.000      1.000
    M8                 0.000      0.153      0.000      1.000
    M9                 0.000      0.150      0.000      1.000
    M10                0.000      0.141      0.000      1.000
    M11                0.000      0.146      0.000      1.000
    M12                0.000      0.149      0.000      1.000
    Y1                 0.568      0.083      6.824      0.000
    Y2                 0.804      0.096      8.351      0.000
    Y3                 1.143      0.114     10.019      0.000
    X3P1               0.000      0.045      0.000      1.000
    X2P2               0.000      0.046      0.000      1.000
    X1P3               0.000      0.052      0.000      1.000

 Variances
    X                  0.198      0.047      4.209      0.000
    M                  1.102      0.271      4.074      0.000
    XM                 0.011      0.027      0.416      0.677

 Residual Variances
    X1                 0.208      0.021     10.007      0.000
    X2                 0.183      0.030      6.013      0.000
    X3                 0.050      0.047      1.062      0.288
    M1                 2.339      0.240      9.761      0.000
    M2                 2.552      0.177     14.387      0.000
    M3                 2.271      0.206     11.001      0.000
    M4                 2.402      0.191     12.547      0.000
    M5                 2.188      0.190     11.493      0.000
    M6                 1.554      0.215      7.241      0.000
    M7                 2.066      0.260      7.941      0.000
    M8                 1.616      0.221      7.320      0.000
    M9                 1.766      0.225      7.862      0.000
    M10                1.223      0.188      6.508      0.000
    M11                0.967      0.190      5.077      0.000
    M12                1.125      0.235      4.781      0.000
    Y1                 0.416      0.075      5.522      0.000
    Y2                 0.672      0.116      5.813      0.000
    Y3                 0.520      0.197      2.636      0.008
    X3P1               0.196      0.031      6.219      0.000
    X2P2               0.179      0.036      5.047      0.000
    X1P3               0.221      0.048      4.611      0.000
    Y                  0.345      0.242      1.425      0.154

New/Additional Parameters
    VAR_Y              0.782      0.264      2.957      0.003
    STD_B1             0.285      0.241      1.183      0.237
    STD_B2             0.223      0.229      0.975      0.330
    STD_B3            -2.202      3.378     -0.652      0.514


QUALITY OF NUMERICAL RESULTS

     Condition Number for the Information Matrix              0.182E-05
       (ratio of smallest to largest eigenvalue)


CONFIDENCE INTERVALS OF MODEL RESULTS

                  Lower .5%  Lower 2.5%    Lower 5%    Estimate    Upper 5%  Upper 2.5%   Upper .5%

 X        BY
    X3               1.000       1.000       1.000       1.000       1.000       1.000       1.000
    X2               0.120       0.230       0.287       0.582       0.877       0.934       1.044
    X1               0.040       0.131       0.178       0.421       0.665       0.711       0.802

 M        BY
    M12              1.000       1.000       1.000       1.000       1.000       1.000       1.000
    M11              0.591       0.694       0.747       1.023       1.299       1.351       1.455
    M10              0.412       0.513       0.565       0.836       1.106       1.158       1.259
    M9               0.297       0.383       0.427       0.657       0.887       0.931       1.017
    M8               0.409       0.503       0.551       0.803       1.054       1.102       1.196
    M7               0.310       0.420       0.477       0.771       1.065       1.121       1.231
    M6               0.521       0.611       0.657       0.897       1.138       1.184       1.274
    M5              -0.054       0.048       0.100       0.373       0.646       0.698       0.800
    M4              -0.160      -0.056      -0.003       0.276       0.554       0.607       0.712
    M3               0.001       0.100       0.151       0.416       0.682       0.732       0.832
    M2              -0.476      -0.365      -0.308      -0.012       0.285       0.341       0.452
    M1              -0.003       0.112       0.171       0.480       0.788       0.847       0.963

 Y        BY
    Y3               1.000       1.000       1.000       1.000       1.000       1.000       1.000
    Y2               0.238       0.317       0.358       0.570       0.782       0.823       0.903
    Y1               0.204       0.297       0.345       0.595       0.845       0.893       0.986

 XM       BY
    X3P1             1.000       1.000       1.000       1.000       1.000       1.000       1.000
    X2P2            -2.110      -1.228      -0.777       1.578       3.933       4.384       5.266
    X1P3            -6.282      -4.300      -3.287       2.006       7.300       8.313      10.295

 Y        ON
    X               -0.687      -0.387      -0.234       0.567       1.368       1.521       1.821
    M               -0.345      -0.217      -0.152       0.188       0.528       0.593       0.720
    XM             -21.011     -16.984     -14.924      -4.167       6.590       8.650      12.677

 X        WITH
    M               -0.030       0.010       0.030       0.136       0.242       0.263       0.302
    XM              -0.069      -0.057      -0.050      -0.017       0.017       0.023       0.036

 M        WITH
    XM              -0.182      -0.143      -0.123      -0.017       0.089       0.109       0.149

 Intercepts
    X1              -0.127      -0.097      -0.081       0.000       0.081       0.097       0.127
    X2              -0.129      -0.098      -0.082       0.000       0.082       0.098       0.129
    X3              -0.128      -0.098      -0.082       0.000       0.082       0.098       0.128
    M1              -0.415      -0.316      -0.265       0.000       0.265       0.316       0.415
    M2              -0.412      -0.313      -0.263       0.000       0.263       0.313       0.412
    M3              -0.404      -0.308      -0.258       0.000       0.258       0.308       0.404
    M4              -0.406      -0.309      -0.259       0.000       0.259       0.309       0.406
    M5              -0.394      -0.300      -0.252       0.000       0.252       0.300       0.394
    M6              -0.402      -0.306      -0.257       0.000       0.257       0.306       0.402
    M7              -0.425      -0.323      -0.271       0.000       0.271       0.323       0.425
    M8              -0.393      -0.299      -0.251       0.000       0.251       0.299       0.393
    M9              -0.386      -0.293      -0.246       0.000       0.246       0.293       0.386
    M10             -0.364      -0.277      -0.232       0.000       0.232       0.277       0.364
    M11             -0.375      -0.285      -0.239       0.000       0.239       0.285       0.375
    M12             -0.384      -0.293      -0.246       0.000       0.246       0.293       0.384
    Y1               0.354       0.405       0.431       0.568       0.705       0.731       0.782
    Y2               0.556       0.615       0.645       0.804       0.962       0.992       1.051
    Y3               0.849       0.919       0.955       1.143       1.331       1.367       1.437
    X3P1            -0.117      -0.089      -0.075       0.000       0.075       0.089       0.117
    X2P2            -0.117      -0.089      -0.075       0.000       0.075       0.089       0.117
    X1P3            -0.133      -0.101      -0.085       0.000       0.085       0.101       0.133

 Variances
    X                0.077       0.106       0.121       0.198       0.275       0.290       0.319
    M                0.405       0.572       0.657       1.102       1.547       1.633       1.799
    XM              -0.059      -0.042      -0.034       0.011       0.057       0.065       0.082

 Residual Variances
    X1               0.155       0.168       0.174       0.208       0.243       0.249       0.262
    X2               0.105       0.123       0.133       0.183       0.233       0.242       0.261
    X3              -0.072      -0.043      -0.028       0.050       0.128       0.143       0.173
    M1               1.722       1.870       1.945       2.339       2.734       2.809       2.957
    M2               2.095       2.205       2.260       2.552       2.844       2.900       3.009
    M3               1.739       1.866       1.931       2.271       2.610       2.675       2.802
    M4               1.909       2.027       2.087       2.402       2.717       2.777       2.895
    M5               1.698       1.815       1.875       2.188       2.502       2.562       2.679
    M6               1.001       1.133       1.201       1.554       1.907       1.975       2.107
    M7               1.396       1.556       1.638       2.066       2.493       2.575       2.735
    M8               1.047       1.183       1.253       1.616       1.979       2.048       2.184
    M9               1.188       1.326       1.397       1.766       2.136       2.207       2.345
    M10              0.739       0.855       0.914       1.223       1.532       1.591       1.707
    M11              0.476       0.594       0.654       0.967       1.280       1.340       1.457
    M12              0.519       0.664       0.738       1.125       1.512       1.586       1.731
    Y1               0.222       0.268       0.292       0.416       0.540       0.564       0.610
    Y2               0.374       0.445       0.482       0.672       0.862       0.898       0.969
    Y3               0.012       0.133       0.195       0.520       0.845       0.907       1.028
    X3P1             0.115       0.134       0.144       0.196       0.247       0.257       0.276
    X2P2             0.088       0.110       0.121       0.179       0.238       0.249       0.271
    X1P3             0.097       0.127       0.142       0.221       0.299       0.315       0.344
    Y               -0.279      -0.130      -0.053       0.345       0.744       0.820       0.970

New/Additional Parameters
    VAR_Y            0.101       0.264       0.347       0.782       1.216       1.300       1.462
    STD_B1          -0.336      -0.187      -0.111       0.285       0.682       0.758       0.906
    STD_B2          -0.366      -0.225      -0.153       0.223       0.599       0.671       0.812
    STD_B3         -10.903      -8.823      -7.759      -2.202       3.354       4.418       6.498


TECHNICAL 1 OUTPUT


     PARAMETER SPECIFICATION


           NU
              X1            X2            X3            M1            M2
              ________      ________      ________      ________      ________
                  1             2             3             4             5


           NU
              M3            M4            M5            M6            M7
              ________      ________      ________      ________      ________
                  6             7             8             9            10


           NU
              M8            M9            M10           M11           M12
              ________      ________      ________      ________      ________
                 11            12            13            14            15


           NU
              Y1            Y2            Y3            X3P1          X2P2
              ________      ________      ________      ________      ________
                 16            17            18            19            20


           NU
              X1P3
              ________
                 21


           LAMBDA
              X             M             Y             XM
              ________      ________      ________      ________
 X1                22             0             0             0
 X2                23             0             0             0
 X3                 0             0             0             0
 M1                 0            24             0             0
 M2                 0            25             0             0
 M3                 0            26             0             0
 M4                 0            27             0             0
 M5                 0            28             0             0
 M6                 0            29             0             0
 M7                 0            30             0             0
 M8                 0            31             0             0
 M9                 0            32             0             0
 M10                0            33             0             0
 M11                0            34             0             0
 M12                0             0             0             0
 Y1                 0             0            35             0
 Y2                 0             0            36             0
 Y3                 0             0             0             0
 X3P1               0             0             0             0
 X2P2               0             0             0            37
 X1P3               0             0             0            38


           THETA
              X1            X2            X3            M1            M2
              ________      ________      ________      ________      ________
 X1                39
 X2                 0            40
 X3                 0             0            41
 M1                 0             0             0            42
 M2                 0             0             0             0            43
 M3                 0             0             0             0             0
 M4                 0             0             0             0             0
 M5                 0             0             0             0             0
 M6                 0             0             0             0             0
 M7                 0             0             0             0             0
 M8                 0             0             0             0             0
 M9                 0             0             0             0             0
 M10                0             0             0             0             0
 M11                0             0             0             0             0
 M12                0             0             0             0             0
 Y1                 0             0             0             0             0
 Y2                 0             0             0             0             0
 Y3                 0             0             0             0             0
 X3P1               0             0             0             0             0
 X2P2               0             0             0             0             0
 X1P3               0             0             0             0             0


           THETA
              M3            M4            M5            M6            M7
              ________      ________      ________      ________      ________
 M3                44
 M4                 0            45
 M5                 0             0            46
 M6                 0             0             0            47
 M7                 0             0             0             0            48
 M8                 0             0             0             0             0
 M9                 0             0             0             0             0
 M10                0             0             0             0             0
 M11                0             0             0             0             0
 M12                0             0             0             0             0
 Y1                 0             0             0             0             0
 Y2                 0             0             0             0             0
 Y3                 0             0             0             0             0
 X3P1               0             0             0             0             0
 X2P2               0             0             0             0             0
 X1P3               0             0             0             0             0


           THETA
              M8            M9            M10           M11           M12
              ________      ________      ________      ________      ________
 M8                49
 M9                 0            50
 M10                0             0            51
 M11                0             0             0            52
 M12                0             0             0             0            53
 Y1                 0             0             0             0             0
 Y2                 0             0             0             0             0
 Y3                 0             0             0             0             0
 X3P1               0             0             0             0             0
 X2P2               0             0             0             0             0
 X1P3               0             0             0             0             0


           THETA
              Y1            Y2            Y3            X3P1          X2P2
              ________      ________      ________      ________      ________
 Y1                54
 Y2                 0            55
 Y3                 0             0            56
 X3P1               0             0             0            57
 X2P2               0             0             0             0            58
 X1P3               0             0             0             0             0


           THETA
              X1P3
              ________
 X1P3              59


           ALPHA
              X             M             Y             XM
              ________      ________      ________      ________
                  0             0             0             0


           BETA
              X             M             Y             XM
              ________      ________      ________      ________
 X                  0             0             0             0
 M                  0             0             0             0
 Y                 60            61             0            62
 XM                 0             0             0             0


           PSI
              X             M             Y             XM
              ________      ________      ________      ________
 X                 63
 M                 64            65
 Y                  0             0            66
 XM                67            68             0            69


     PARAMETER SPECIFICATION FOR THE ADDITIONAL PARAMETERS


           New/Additional Parameters
              VAR_Y         STD_B1        STD_B2        STD_B3
              ________      ________      ________      ________
                   70            71            72            73


     STARTING VALUES


           NU
              X1            X2            X3            M1            M2
              ________      ________      ________      ________      ________
                0.000         0.000         0.000         0.000         0.000


           NU
              M3            M4            M5            M6            M7
              ________      ________      ________      ________      ________
                0.000         0.000         0.000         0.000         0.000


           NU
              M8            M9            M10           M11           M12
              ________      ________      ________      ________      ________
                0.000         0.000         0.000         0.000         0.000


           NU
              Y1            Y2            Y3            X3P1          X2P2
              ________      ________      ________      ________      ________
                0.568         0.804         1.143         0.000         0.000


           NU
              X1P3
              ________
                0.000


           LAMBDA
              X             M             Y             XM
              ________      ________      ________      ________
 X1             0.487         0.000         0.000         0.000
 X2             0.671         0.000         0.000         0.000
 X3             1.000         0.000         0.000         0.000
 M1             0.000         0.885         0.000         0.000
 M2             0.000        -0.286         0.000         0.000
 M3             0.000         0.420         0.000         0.000
 M4             0.000         0.261         0.000         0.000
 M5             0.000         0.399         0.000         0.000
 M6             0.000         0.845         0.000         0.000
 M7             0.000         0.956         0.000         0.000
 M8             0.000         0.900         0.000         0.000
 M9             0.000         0.581         0.000         0.000
 M10            0.000         1.041         0.000         0.000
 M11            0.000         1.033         0.000         0.000
 M12            0.000         1.000         0.000         0.000
 Y1             0.000         0.000         0.398         0.000
 Y2             0.000         0.000         0.429         0.000
 Y3             0.000         0.000         1.000         0.000
 X3P1           0.000         0.000         0.000         1.000
 X2P2           0.000         0.000         0.000         1.873
 X1P3           0.000         0.000         0.000         1.060


           THETA
              X1            X2            X3            M1            M2
              ________      ________      ________      ________      ________
 X1             0.122
 X2             0.000         0.125
 X3             0.000         0.000         0.124
 M1             0.000         0.000         0.000         1.297
 M2             0.000         0.000         0.000         0.000         1.276
 M3             0.000         0.000         0.000         0.000         0.000
 M4             0.000         0.000         0.000         0.000         0.000
 M5             0.000         0.000         0.000         0.000         0.000
 M6             0.000         0.000         0.000         0.000         0.000
 M7             0.000         0.000         0.000         0.000         0.000
 M8             0.000         0.000         0.000         0.000         0.000
 M9             0.000         0.000         0.000         0.000         0.000
 M10            0.000         0.000         0.000         0.000         0.000
 M11            0.000         0.000         0.000         0.000         0.000
 M12            0.000         0.000         0.000         0.000         0.000
 Y1             0.000         0.000         0.000         0.000         0.000
 Y2             0.000         0.000         0.000         0.000         0.000
 Y3             0.000         0.000         0.000         0.000         0.000
 X3P1           0.000         0.000         0.000         0.000         0.000
 X2P2           0.000         0.000         0.000         0.000         0.000
 X1P3           0.000         0.000         0.000         0.000         0.000


           THETA
              M3            M4            M5            M6            M7
              ________      ________      ________      ________      ________
 M3             1.231
 M4             0.000         1.243
 M5             0.000         0.000         1.171
 M6             0.000         0.000         0.000         1.221
 M7             0.000         0.000         0.000         0.000         1.360
 M8             0.000         0.000         0.000         0.000         0.000
 M9             0.000         0.000         0.000         0.000         0.000
 M10            0.000         0.000         0.000         0.000         0.000
 M11            0.000         0.000         0.000         0.000         0.000
 M12            0.000         0.000         0.000         0.000         0.000
 Y1             0.000         0.000         0.000         0.000         0.000
 Y2             0.000         0.000         0.000         0.000         0.000
 Y3             0.000         0.000         0.000         0.000         0.000
 X3P1           0.000         0.000         0.000         0.000         0.000
 X2P2           0.000         0.000         0.000         0.000         0.000
 X1P3           0.000         0.000         0.000         0.000         0.000


           THETA
              M8            M9            M10           M11           M12
              ________      ________      ________      ________      ________
 M8             1.163
 M9             0.000         1.121
 M10            0.000         0.000         0.997
 M11            0.000         0.000         0.000         1.060
 M12            0.000         0.000         0.000         0.000         1.114
 Y1             0.000         0.000         0.000         0.000         0.000
 Y2             0.000         0.000         0.000         0.000         0.000
 Y3             0.000         0.000         0.000         0.000         0.000
 X3P1           0.000         0.000         0.000         0.000         0.000
 X2P2           0.000         0.000         0.000         0.000         0.000
 X1P3           0.000         0.000         0.000         0.000         0.000


           THETA
              Y1            Y2            Y3            X3P1          X2P2
              ________      ________      ________      ________      ________
 Y1             0.346
 Y2             0.000         0.463
 Y3             0.000         0.000         0.651
 X3P1           0.000         0.000         0.000         0.103
 X2P2           0.000         0.000         0.000         0.000         0.104
 X1P3           0.000         0.000         0.000         0.000         0.000


           THETA
              X1P3
              ________
 X1P3           0.133


           ALPHA
              X             M             Y             XM
              ________      ________      ________      ________
                0.000         0.000         0.000         0.000


           BETA
              X             M             Y             XM
              ________      ________      ________      ________
 X              0.000         0.000         0.000         0.000
 M              0.000         0.000         0.000         0.000
 Y              0.000         0.000         0.000         0.000
 XM             0.000         0.000         0.000         0.000


           PSI
              X             M             Y             XM
              ________      ________      ________      ________
 X              0.050
 M              0.000         0.050
 Y              0.000         0.000         0.050
 XM             0.000         0.000         0.000         0.050


     STARTING VALUES FOR THE ADDITIONAL PARAMETERS


           New/Additional Parameters
              VAR_Y         STD_B1        STD_B2        STD_B3
              ________      ________      ________      ________
                0.500         0.500         0.500         0.500


RESULTS SAVING INFORMATION

  Order of data

    Parameter estimates
     (saved in order shown in Technical 1 output)
    Standard errors
     (saved in order shown in Technical 1 output)
    Number of Free Parameters
    H0 Loglikelihood
    H0 Scaling Correction Factor for MLR
    H1 Loglikelihood
    H1 Scaling Correction Factor for MLR
    Akaike (AIC)
    Bayesian (BIC)
    Sample-Size Adjusted BIC
    Chi-square : Value
    Chi-square : Degrees of Freedom
    Chi-square : P-Value
    Chi-square : Scaling Correction Factor for MLR/MLM/WLSM
    CFI
    TLI
    RMSEA : Estimate
    RMSEA : Low CI
    RMSEA : High CI
    RMSEA : Probability
    SRMR
    Condition Number

  Save file
    parcelupi_results_358.dat

  Save file format           Free


     Beginning Time:  16:51:07
        Ending Time:  16:51:08
       Elapsed Time:  00:00:01



MUTHEN & MUTHEN
3463 Stoner Ave.
Los Angeles, CA  90066

Tel: (310) 391-9971
Fax: (310) 391-8971
Web: www.StatModel.com
Support: Support@StatModel.com

Copyright (c) 1998-2022 Muthen & Muthen
