Mplus VERSION 8.8 (Mac)
MUTHEN & MUTHEN
07/27/2025   9:23 PM

INPUT INSTRUCTIONS


    TITLE: Parceling Unconstrained Product Indicator

    DATA:
      FILE = parcelupi_simdat_1997.dat;
      FORMAT IS FREE;

    VARIABLE:
      NAMES = x1 x2 x3
      	    m1 m2 m3 m4 m5 m6
      	    m7 m8 m9 m10 m11 m12
      	    y1 y2 y3
      	    p1 p2 p3
      	    x3p1 x2p2 x1p3;
      USEVARIABLES = x1 x2 x3
      	    m1 m2 m3 m4 m5 m6
      	    m7 m8 m9 m10 m11 m12
      	    y1 y2 y3
      	    x3p1 x2p2 x1p3;

    ANALYSIS:
      TYPE = general;
      ESTIMATOR = MLR;
    MODEL:
      !measurement model
      X BY x3 x2 x1;
      X (var_X);
      M BY m12 m11 m10 m9 m8 m7 m6 m5 m4 m3 m2 m1;
      M (var_M);
      Y BY y3 y2 y1;
      Y (resvar_Y);
      XM BY x3p1 x2p2 x1p3;
      XM (var_XM);

      !covariances between predictors
      X WITH M (cov_XM);
      X WITH XM (cov_XXM);
      M WITH XM (cov_MXM);

      !structural model
      Y ON X (b1);
      Y ON M (b2);
      Y ON XM (b3);

    MODEL CONSTRAINT:

      NEW(var_Y std_b1 std_b2 std_b3);
      var_Y = resvar_Y +
       (b1^2 * var_X +
        b2^2 * var_M +
        b3^2 * var_XM +
        2 * b1 * b2 * cov_XM +
        2 * b1 * b3 * cov_XXM +
        2 * b2 * b3 * cov_MXM);

        std_b1 = b1 * sqrt(var_X) / sqrt(var_Y);
        std_b2 = b2 * sqrt(var_M) / sqrt(var_Y);
        std_b3 = b3 * sqrt(var_X) * sqrt(var_M) / sqrt(var_Y);

    OUTPUT:
      sampstat tech1 CINTERVAL;

    SAVEDATA:
      RESULTS = parcelupi_results_1997.dat;




INPUT READING TERMINATED NORMALLY



Parceling Unconstrained Product Indicator

SUMMARY OF ANALYSIS

Number of groups                                                 1
Number of observations                                         100

Number of dependent variables                                   21
Number of independent variables                                  0
Number of continuous latent variables                            4

Observed dependent variables

  Continuous
   X1          X2          X3          M1          M2          M3
   M4          M5          M6          M7          M8          M9
   M10         M11         M12         Y1          Y2          Y3
   X3P1        X2P2        X1P3

Continuous latent variables
   X           M           Y           XM


Estimator                                                      MLR
Information matrix                                        OBSERVED
Maximum number of iterations                                  1000
Convergence criterion                                    0.500D-04
Maximum number of steepest descent iterations                   20

Input data file(s)
  parcelupi_simdat_1997.dat

Input data format  FREE


SAMPLE STATISTICS


     SAMPLE STATISTICS


           Means
              X1            X2            X3            M1            M2
              ________      ________      ________      ________      ________
                0.000         0.000         0.000         0.000         0.000


           Means
              M3            M4            M5            M6            M7
              ________      ________      ________      ________      ________
                0.000         0.000         0.000         0.000         0.000


           Means
              M8            M9            M10           M11           M12
              ________      ________      ________      ________      ________
                0.000         0.000         0.000         0.000         0.000


           Means
              Y1            Y2            Y3            X3P1          X2P2
              ________      ________      ________      ________      ________
                0.679         0.822         0.939         0.000         0.000


           Means
              X1P3
              ________
                0.000


           Covariances
              X1            X2            X3            M1            M2
              ________      ________      ________      ________      ________
 X1             0.242
 X2             0.081         0.250
 X3             0.071         0.080         0.250
 M1             0.041        -0.084         0.055         3.127
 M2            -0.017         0.073         0.113         0.265         2.370
 M3             0.086         0.022        -0.028        -0.138        -0.128
 M4             0.044        -0.070         0.050         0.362         0.252
 M5             0.035        -0.114         0.046         0.314         0.247
 M6             0.040         0.000        -0.040         0.540         0.020
 M7             0.119         0.034         0.034         0.012         0.155
 M8             0.056         0.172         0.182         0.252         0.682
 M9             0.024         0.025         0.125         0.349         0.157
 M10            0.115         0.114         0.084         0.156         0.453
 M11            0.140         0.110         0.190         0.270         0.310
 M12            0.067         0.099         0.169         0.474         0.384
 Y1             0.048         0.048        -0.013        -0.054        -0.090
 Y2             0.089         0.150         0.081         0.277         0.297
 Y3             0.074         0.088         0.118        -0.053         0.326
 X3P1           0.018        -0.013         0.002         0.068         0.079
 X2P2          -0.019         0.001        -0.008         0.016        -0.117
 X1P3          -0.016        -0.034        -0.026         0.094        -0.051


           Covariances
              M3            M4            M5            M6            M7
              ________      ________      ________      ________      ________
 M3             2.294
 M4             0.226         2.418
 M5             0.272         0.804         2.458
 M6             0.380         0.630         0.450         2.440
 M7             0.348         0.488         0.365         0.470         2.127
 M8             0.234         0.266         0.122         0.250         0.358
 M9            -0.102         0.040         0.039         0.380         0.371
 M10            0.488         0.226         0.232         0.680         0.584
 M11            0.510         0.450         0.430         0.520         0.440
 M12            0.343         0.537         0.169         0.640         0.536
 Y1             0.091         0.064         0.084         0.094        -0.035
 Y2             0.214         0.164         0.236        -0.093        -0.076
 Y3             0.242         0.297         0.489        -0.003         0.195
 X3P1           0.052        -0.047         0.006         0.026        -0.025
 X2P2           0.032        -0.034        -0.062         0.053        -0.115
 X1P3           0.125        -0.003        -0.130        -0.058         0.016


           Covariances
              M8            M9            M10           M11           M12
              ________      ________      ________      ________      ________
 M8             2.234
 M9             0.808         2.530
 M10            0.958         0.861         2.438
 M11            0.820         0.740         0.920         1.940
 M12            0.883         0.891         0.791         1.070         2.294
 Y1             0.242         0.054         0.197         0.096         0.076
 Y2             0.235         0.076         0.086         0.211         0.132
 Y3             0.674         0.380         0.359         0.372         0.274
 X3P1          -0.143        -0.128        -0.040         0.008         0.001
 X2P2          -0.073        -0.041        -0.051        -0.084        -0.056
 X1P3           0.040         0.094         0.069         0.000         0.071


           Covariances
              Y1            Y2            Y3            X3P1          X2P2
              ________      ________      ________      ________      ________
 Y1             0.647
 Y2             0.359         1.100
 Y3             0.607         0.737         1.699
 X3P1          -0.014         0.064        -0.013         0.234
 X2P2          -0.025        -0.003        -0.084         0.062         0.217
 X1P3          -0.002        -0.028         0.043         0.044         0.054


           Covariances
              X1P3
              ________
 X1P3           0.215


           Correlations
              X1            X2            X3            M1            M2
              ________      ________      ________      ________      ________
 X1             1.000
 X2             0.329         1.000
 X3             0.288         0.320         1.000
 M1             0.047        -0.096         0.063         1.000
 M2            -0.022         0.095         0.147         0.097         1.000
 M3             0.115         0.029        -0.038        -0.052        -0.055
 M4             0.057        -0.091         0.064         0.132         0.105
 M5             0.046        -0.145         0.059         0.113         0.102
 M6             0.052         0.000        -0.051         0.195         0.008
 M7             0.167         0.047         0.047         0.005         0.069
 M8             0.076         0.230         0.243         0.095         0.296
 M9             0.031         0.032         0.157         0.124         0.064
 M10            0.150         0.146         0.107         0.056         0.188
 M11            0.204         0.158         0.273         0.110         0.145
 M12            0.090         0.131         0.223         0.177         0.165
 Y1             0.120         0.119        -0.032        -0.038        -0.073
 Y2             0.173         0.286         0.154         0.149         0.184
 Y3             0.115         0.136         0.181        -0.023         0.162
 X3P1           0.074        -0.053         0.008         0.079         0.106
 X2P2          -0.085         0.005        -0.033         0.019        -0.163
 X1P3          -0.071        -0.147        -0.114         0.115        -0.071


           Correlations
              M3            M4            M5            M6            M7
              ________      ________      ________      ________      ________
 M3             1.000
 M4             0.096         1.000
 M5             0.115         0.330         1.000
 M6             0.161         0.259         0.184         1.000
 M7             0.158         0.215         0.160         0.206         1.000
 M8             0.104         0.115         0.052         0.107         0.164
 M9            -0.042         0.016         0.016         0.153         0.160
 M10            0.206         0.093         0.095         0.279         0.257
 M11            0.242         0.208         0.197         0.239         0.217
 M12            0.149         0.228         0.071         0.271         0.243
 Y1             0.075         0.051         0.066         0.075        -0.030
 Y2             0.135         0.100         0.143        -0.057        -0.050
 Y3             0.123         0.147         0.239        -0.001         0.103
 X3P1           0.071        -0.062         0.007         0.035        -0.035
 X2P2           0.046        -0.048        -0.085         0.073        -0.169
 X1P3           0.179        -0.004        -0.178        -0.080         0.024


           Correlations
              M8            M9            M10           M11           M12
              ________      ________      ________      ________      ________
 M8             1.000
 M9             0.340         1.000
 M10            0.410         0.347         1.000
 M11            0.394         0.334         0.423         1.000
 M12            0.390         0.370         0.335         0.507         1.000
 Y1             0.201         0.042         0.157         0.086         0.063
 Y2             0.150         0.046         0.053         0.145         0.083
 Y3             0.346         0.183         0.177         0.205         0.139
 X3P1          -0.197        -0.167        -0.053         0.012         0.001
 X2P2          -0.105        -0.055        -0.070        -0.130        -0.079
 X1P3           0.058         0.127         0.096         0.000         0.102


           Correlations
              Y1            Y2            Y3            X3P1          X2P2
              ________      ________      ________      ________      ________
 Y1             1.000
 Y2             0.426         1.000
 Y3             0.579         0.539         1.000
 X3P1          -0.036         0.126        -0.021         1.000
 X2P2          -0.067        -0.006        -0.138         0.276         1.000
 X1P3          -0.005        -0.058         0.071         0.197         0.252


           Correlations
              X1P3
              ________
 X1P3           1.000


UNIVARIATE SAMPLE STATISTICS


     UNIVARIATE HIGHER-ORDER MOMENT DESCRIPTIVE STATISTICS

         Variable/         Mean/     Skewness/   Minimum/ % with                Percentiles
        Sample Size      Variance    Kurtosis    Maximum  Min/Max      20%/60%    40%/80%    Median

     X1                    0.000      -0.366      -0.590   41.00%      -0.590     -0.590      0.410
             100.000       0.242      -1.866       0.410   59.00%       0.410      0.410
     X2                    0.000       0.040      -0.490   51.00%      -0.490     -0.490     -0.490
             100.000       0.250      -1.998       0.510   49.00%       0.510      0.510
     X3                    0.000       0.040      -0.490   51.00%      -0.490     -0.490     -0.490
             100.000       0.250      -1.998       0.510   49.00%       0.510      0.510
     M1                    0.000      -0.032      -2.050   35.00%      -2.050     -1.050     -0.050
             100.000       3.127      -1.773       1.950   39.00%       0.950      1.950
     M2                    0.000      -0.280      -2.300   20.00%      -2.300     -0.300      0.200
             100.000       2.370      -1.420       1.700   34.00%       0.700      1.700
     M3                    0.000      -0.117      -2.160   21.00%      -2.160     -0.160     -0.160
             100.000       2.294      -1.415       1.840   30.00%       0.840      1.840
     M4                    0.000       0.051      -1.960   27.00%      -1.960     -0.960      0.040
             100.000       2.418      -1.498       2.040   26.00%       0.040      2.040
     M5                    0.000      -0.136      -2.110   26.00%      -2.110     -0.110     -0.110
             100.000       2.458      -1.490       1.890   29.00%       0.890      1.890
     M6                    0.000      -0.016      -2.000   27.00%      -2.000     -1.000      0.000
             100.000       2.440      -1.522       2.000   26.00%       1.000      2.000
     M7                    0.000       0.087      -1.950   22.00%      -1.950     -0.950      0.050
             100.000       2.127      -1.358       2.050   22.00%       0.050      2.050
     M8                    0.000      -0.185      -2.160   21.00%      -2.160     -0.160     -0.160
             100.000       2.234      -1.407       1.840   26.00%       0.840      1.840
     M9                    0.000       0.028      -2.010   27.00%      -2.010     -1.010     -0.010
             100.000       2.530      -1.537       1.990   30.00%      -0.010      1.990
     M10                   0.000       0.104      -1.890   29.00%      -1.890     -0.890      0.110
             100.000       2.438      -1.518       2.110   24.00%       0.110      2.110
     M11                   0.000       0.067      -2.000   19.00%      -1.000      0.000      0.000
             100.000       1.940      -1.177       2.000   22.00%       0.000      2.000
     M12                   0.000       0.032      -1.920   28.00%      -1.920     -0.920      0.080
             100.000       2.294      -1.432       2.080   22.00%       0.080      2.080
     Y1                    0.679      -0.079      -1.266    1.00%      -0.009      0.452      0.681
             100.000       0.647      -0.171       2.942    1.00%       0.841      1.415
     Y2                    0.822      -0.080      -2.420    1.00%      -0.068      0.511      0.776
             100.000       1.100      -0.066       3.384    1.00%       0.990      1.777
     Y3                    0.939       0.535      -2.248    1.00%      -0.082      0.486      0.864
             100.000       1.699       1.171       5.920    1.00%       1.132      1.952
     X3P1                  0.000      -0.305      -1.112    1.00%      -0.475     -0.107      0.035
             100.000       0.234      -0.674       0.873    3.00%       0.163      0.418
     X2P2                  0.000      -0.067      -0.970    1.00%      -0.480     -0.133      0.010
             100.000       0.217      -0.781       0.887    1.00%       0.122      0.377
     X1P3                  0.000      -0.143      -1.123    1.00%      -0.385     -0.193      0.013
             100.000       0.215      -0.664       0.795    5.00%       0.115      0.422


     THIS ANALYSIS MAY HAVE MULTIPLE SOLUTIONS.  EXPLORE THIS USING RANDOM STARTS,
     FOR EXAMPLE, STARTS = 20.  USE A LARGE ENOUGH NUMBER OF STARTS SO THAT THE
     BEST FIT FUNCTION VALUE IS REPLICATED SEVERAL TIMES.


THE MODEL ESTIMATION TERMINATED NORMALLY

     THE STANDARD ERRORS OF THE MODEL PARAMETER ESTIMATES MAY NOT BE
     TRUSTWORTHY FOR SOME PARAMETERS DUE TO A NON-POSITIVE DEFINITE
     FIRST-ORDER DERIVATIVE PRODUCT MATRIX.  THIS MAY BE DUE TO THE STARTING
     VALUES BUT MAY ALSO BE AN INDICATION OF MODEL NONIDENTIFICATION.  THE
     CONDITION NUMBER IS      -0.156D-17.  PROBLEM INVOLVING THE FOLLOWING PARAMETER:
     Parameter 67, XM WITH X (equality/label)

     THIS IS MOST LIKELY DUE TO VARIABLE X1 BEING DICHOTOMOUS BUT
     DECLARED AS CONTINUOUS.




MODEL FIT INFORMATION

Number of Free Parameters                       69

Loglikelihood

          H0 Value                       -2929.470
          H0 Scaling Correction Factor      0.9451
            for MLR
          H1 Value                       -2837.982
          H1 Scaling Correction Factor      0.9660
            for MLR

Information Criteria

          Akaike (AIC)                    5996.939
          Bayesian (BIC)                  6176.696
          Sample-Size Adjusted BIC        5958.777
            (n* = (n + 2) / 24)

Chi-Square Test of Model Fit

          Value                            187.874*
          Degrees of Freedom                   183
          P-Value                           0.3869
          Scaling Correction Factor         0.9739
            for MLR

*   The chi-square value for MLM, MLMV, MLR, ULSMV, WLSM and WLSMV cannot be used
    for chi-square difference testing in the regular way.  MLM, MLR and WLSM
    chi-square difference testing is described on the Mplus website.  MLMV, WLSMV,
    and ULSMV difference testing is done using the DIFFTEST option.

RMSEA (Root Mean Square Error Of Approximation)

          Estimate                           0.016
          90 Percent C.I.                    0.000  0.048
          Probability RMSEA <= .05           0.966

CFI/TLI

          CFI                                0.981
          TLI                                0.978

Chi-Square Test of Model Fit for the Baseline Model

          Value                            461.307
          Degrees of Freedom                   210
          P-Value                           0.0000

SRMR (Standardized Root Mean Square Residual)

          Value                              0.071



MODEL RESULTS

                                                    Two-Tailed
                    Estimate       S.E.  Est./S.E.    P-Value

 X        BY
    X3                 1.000      0.000    999.000    999.000
    X2                 0.994      0.376      2.648      0.008
    X1                 0.911      0.344      2.650      0.008

 M        BY
    M12                1.000      0.000    999.000    999.000
    M11                0.988      0.136      7.273      0.000
    M10                0.943      0.181      5.216      0.000
    M9                 0.767      0.180      4.267      0.000
    M8                 0.900      0.201      4.476      0.000
    M7                 0.527      0.152      3.456      0.001
    M6                 0.564      0.180      3.135      0.002
    M5                 0.358      0.194      1.846      0.065
    M4                 0.462      0.173      2.675      0.007
    M3                 0.377      0.177      2.132      0.033
    M2                 0.416      0.181      2.299      0.022
    M1                 0.329      0.206      1.598      0.110

 Y        BY
    Y3                 1.000      0.000    999.000    999.000
    Y2                 0.565      0.142      3.964      0.000
    Y1                 0.456      0.101      4.515      0.000

 XM       BY
    X3P1               1.000      0.000    999.000    999.000
    X2P2               1.525      1.892      0.806      0.420
    X1P3               0.866      0.422      2.054      0.040

 Y        ON
    X                  0.819      0.816      1.004      0.316
    M                  0.290      0.216      1.343      0.179
    XM                -0.274      1.256     -0.218      0.827

 X        WITH
    M                  0.119      0.063      1.885      0.059
    XM                -0.008      0.019     -0.417      0.676

 M        WITH
    XM                -0.031      0.046     -0.675      0.499

 Intercepts
    X1                 0.000      0.049      0.000      1.000
    X2                 0.000      0.050      0.000      1.000
    X3                 0.000      0.050      0.000      1.000
    M1                 0.000      0.177      0.000      1.000
    M2                 0.000      0.154      0.000      1.000
    M3                 0.000      0.151      0.000      1.000
    M4                 0.000      0.156      0.000      1.000
    M5                 0.000      0.157      0.000      1.000
    M6                 0.000      0.156      0.000      1.000
    M7                 0.000      0.146      0.000      1.000
    M8                 0.000      0.149      0.000      1.000
    M9                 0.000      0.159      0.000      1.000
    M10                0.000      0.156      0.000      1.000
    M11                0.000      0.139      0.000      1.000
    M12                0.000      0.151      0.000      1.000
    Y1                 0.679      0.080      8.441      0.000
    Y2                 0.822      0.105      7.836      0.000
    Y3                 0.939      0.130      7.205      0.000
    X3P1               0.000      0.048      0.000      1.000
    X2P2               0.000      0.047      0.000      1.000
    X1P3               0.000      0.046      0.000      1.000

 Variances
    X                  0.082      0.039      2.110      0.035
    M                  1.001      0.265      3.776      0.000
    XM                 0.042      0.054      0.781      0.435

 Residual Variances
    X1                 0.174      0.031      5.654      0.000
    X2                 0.169      0.037      4.593      0.000
    X3                 0.168      0.039      4.291      0.000
    M1                 3.019      0.193     15.630      0.000
    M2                 2.197      0.212     10.376      0.000
    M3                 2.152      0.208     10.345      0.000
    M4                 2.205      0.213     10.373      0.000
    M5                 2.330      0.202     11.533      0.000
    M6                 2.122      0.250      8.498      0.000
    M7                 1.850      0.182     10.178      0.000
    M8                 1.424      0.257      5.533      0.000
    M9                 1.942      0.246      7.895      0.000
    M10                1.548      0.257      6.017      0.000
    M11                0.963      0.166      5.796      0.000
    M12                1.293      0.230      5.619      0.000
    Y1                 0.371      0.063      5.844      0.000
    Y2                 0.677      0.179      3.787      0.000
    Y3                 0.373      0.228      1.635      0.102
    X3P1               0.192      0.052      3.697      0.000
    X2P2               0.119      0.131      0.913      0.361
    X1P3               0.183      0.051      3.582      0.000
    Y                  1.119      0.329      3.401      0.001

New/Additional Parameters
    VAR_Y              1.326      0.363      3.653      0.000
    STD_B1             0.204      0.197      1.035      0.300
    STD_B2             0.252      0.164      1.533      0.125
    STD_B3            -0.068      0.310     -0.220      0.826


QUALITY OF NUMERICAL RESULTS

     Condition Number for the Information Matrix              0.561E-04
       (ratio of smallest to largest eigenvalue)


CONFIDENCE INTERVALS OF MODEL RESULTS

                  Lower .5%  Lower 2.5%    Lower 5%    Estimate    Upper 5%  Upper 2.5%   Upper .5%

 X        BY
    X3               1.000       1.000       1.000       1.000       1.000       1.000       1.000
    X2               0.027       0.258       0.377       0.994       1.612       1.730       1.962
    X1               0.025       0.237       0.346       0.911       1.477       1.586       1.798

 M        BY
    M12              1.000       1.000       1.000       1.000       1.000       1.000       1.000
    M11              0.638       0.722       0.764       0.988       1.211       1.254       1.338
    M10              0.477       0.589       0.646       0.943       1.240       1.297       1.409
    M9               0.304       0.415       0.471       0.767       1.062       1.119       1.229
    M8               0.382       0.506       0.569       0.900       1.231       1.294       1.418
    M7               0.134       0.228       0.276       0.527       0.778       0.826       0.919
    M6               0.101       0.211       0.268       0.564       0.860       0.917       1.027
    M5              -0.141      -0.022       0.039       0.358       0.677       0.738       0.857
    M4               0.017       0.123       0.178       0.462       0.746       0.800       0.906
    M3              -0.079       0.030       0.086       0.377       0.668       0.724       0.833
    M2              -0.050       0.061       0.118       0.416       0.714       0.771       0.882
    M1              -0.201      -0.075      -0.010       0.329       0.667       0.732       0.859

 Y        BY
    Y3               1.000       1.000       1.000       1.000       1.000       1.000       1.000
    Y2               0.198       0.286       0.330       0.565       0.799       0.844       0.932
    Y1               0.196       0.258       0.290       0.456       0.623       0.654       0.717

 XM       BY
    X3P1             1.000       1.000       1.000       1.000       1.000       1.000       1.000
    X2P2            -3.348      -2.183      -1.587       1.525       4.637       5.233       6.398
    X1P3            -0.220       0.040       0.173       0.866       1.559       1.692       1.952

 Y        ON
    X               -1.284      -0.781      -0.524       0.819       2.162       2.420       2.922
    M               -0.266      -0.133      -0.065       0.290       0.645       0.713       0.845
    XM              -3.509      -2.736      -2.340      -0.274       1.792       2.188       2.961

 X        WITH
    M               -0.044      -0.005       0.015       0.119       0.222       0.242       0.281
    XM              -0.056      -0.045      -0.039      -0.008       0.023       0.029       0.041

 M        WITH
    XM              -0.150      -0.122      -0.107      -0.031       0.045       0.059       0.088

 Intercepts
    X1              -0.127      -0.096      -0.081       0.000       0.081       0.096       0.127
    X2              -0.129      -0.098      -0.082       0.000       0.082       0.098       0.129
    X3              -0.129      -0.098      -0.082       0.000       0.082       0.098       0.129
    M1              -0.456      -0.347      -0.291       0.000       0.291       0.347       0.456
    M2              -0.397      -0.302      -0.253       0.000       0.253       0.302       0.397
    M3              -0.390      -0.297      -0.249       0.000       0.249       0.297       0.390
    M4              -0.401      -0.305      -0.256       0.000       0.256       0.305       0.401
    M5              -0.404      -0.307      -0.258       0.000       0.258       0.307       0.404
    M6              -0.402      -0.306      -0.257       0.000       0.257       0.306       0.402
    M7              -0.376      -0.286      -0.240       0.000       0.240       0.286       0.376
    M8              -0.385      -0.293      -0.246       0.000       0.246       0.293       0.385
    M9              -0.410      -0.312      -0.262       0.000       0.262       0.312       0.410
    M10             -0.402      -0.306      -0.257       0.000       0.257       0.306       0.402
    M11             -0.359      -0.273      -0.229       0.000       0.229       0.273       0.359
    M12             -0.390      -0.297      -0.249       0.000       0.249       0.297       0.390
    Y1               0.472       0.521       0.547       0.679       0.811       0.837       0.886
    Y2               0.552       0.616       0.649       0.822       0.995       1.028       1.092
    Y3               0.603       0.684       0.725       0.939       1.154       1.195       1.275
    X3P1            -0.125      -0.095      -0.080       0.000       0.080       0.095       0.125
    X2P2            -0.120      -0.091      -0.077       0.000       0.077       0.091       0.120
    X1P3            -0.119      -0.091      -0.076       0.000       0.076       0.091       0.119

 Variances
    X               -0.018       0.006       0.018       0.082       0.146       0.159       0.183
    M                0.318       0.481       0.565       1.001       1.436       1.520       1.683
    XM              -0.097      -0.064      -0.047       0.042       0.131       0.148       0.181

 Residual Variances
    X1               0.094       0.113       0.123       0.174       0.224       0.234       0.253
    X2               0.074       0.097       0.108       0.169       0.229       0.240       0.263
    X3               0.067       0.091       0.103       0.168       0.232       0.244       0.268
    M1               2.522       2.641       2.702       3.019       3.337       3.398       3.517
    M2               1.651       1.782       1.849       2.197       2.545       2.612       2.742
    M3               1.616       1.744       1.810       2.152       2.494       2.560       2.688
    M4               1.657       1.788       1.855       2.205       2.555       2.622       2.753
    M5               1.810       1.934       1.998       2.330       2.662       2.726       2.850
    M6               1.479       1.632       1.711       2.122       2.533       2.611       2.765
    M7               1.382       1.494       1.551       1.850       2.149       2.206       2.318
    M8               0.761       0.920       1.001       1.424       1.848       1.929       2.087
    M9               1.308       1.460       1.537       1.942       2.346       2.424       2.575
    M10              0.885       1.044       1.125       1.548       1.972       2.053       2.211
    M11              0.535       0.638       0.690       0.963       1.237       1.289       1.392
    M12              0.700       0.842       0.915       1.293       1.672       1.744       1.886
    Y1               0.207       0.246       0.266       0.371       0.475       0.495       0.534
    Y2               0.217       0.327       0.383       0.677       0.972       1.028       1.138
    Y3              -0.215      -0.074      -0.002       0.373       0.748       0.820       0.960
    X3P1             0.058       0.090       0.107       0.192       0.278       0.294       0.326
    X2P2            -0.217      -0.137      -0.096       0.119       0.334       0.375       0.455
    X1P3             0.051       0.083       0.099       0.183       0.267       0.284       0.315
    Y                0.272       0.474       0.578       1.119       1.660       1.764       1.966

New/Additional Parameters
    VAR_Y            0.391       0.615       0.729       1.326       1.923       2.038       2.261
    STD_B1          -0.304      -0.182      -0.120       0.204       0.528       0.590       0.712
    STD_B2          -0.171      -0.070      -0.018       0.252       0.522       0.573       0.674
    STD_B3          -0.866      -0.675      -0.578      -0.068       0.441       0.539       0.729


TECHNICAL 1 OUTPUT


     PARAMETER SPECIFICATION


           NU
              X1            X2            X3            M1            M2
              ________      ________      ________      ________      ________
                  1             2             3             4             5


           NU
              M3            M4            M5            M6            M7
              ________      ________      ________      ________      ________
                  6             7             8             9            10


           NU
              M8            M9            M10           M11           M12
              ________      ________      ________      ________      ________
                 11            12            13            14            15


           NU
              Y1            Y2            Y3            X3P1          X2P2
              ________      ________      ________      ________      ________
                 16            17            18            19            20


           NU
              X1P3
              ________
                 21


           LAMBDA
              X             M             Y             XM
              ________      ________      ________      ________
 X1                22             0             0             0
 X2                23             0             0             0
 X3                 0             0             0             0
 M1                 0            24             0             0
 M2                 0            25             0             0
 M3                 0            26             0             0
 M4                 0            27             0             0
 M5                 0            28             0             0
 M6                 0            29             0             0
 M7                 0            30             0             0
 M8                 0            31             0             0
 M9                 0            32             0             0
 M10                0            33             0             0
 M11                0            34             0             0
 M12                0             0             0             0
 Y1                 0             0            35             0
 Y2                 0             0            36             0
 Y3                 0             0             0             0
 X3P1               0             0             0             0
 X2P2               0             0             0            37
 X1P3               0             0             0            38


           THETA
              X1            X2            X3            M1            M2
              ________      ________      ________      ________      ________
 X1                39
 X2                 0            40
 X3                 0             0            41
 M1                 0             0             0            42
 M2                 0             0             0             0            43
 M3                 0             0             0             0             0
 M4                 0             0             0             0             0
 M5                 0             0             0             0             0
 M6                 0             0             0             0             0
 M7                 0             0             0             0             0
 M8                 0             0             0             0             0
 M9                 0             0             0             0             0
 M10                0             0             0             0             0
 M11                0             0             0             0             0
 M12                0             0             0             0             0
 Y1                 0             0             0             0             0
 Y2                 0             0             0             0             0
 Y3                 0             0             0             0             0
 X3P1               0             0             0             0             0
 X2P2               0             0             0             0             0
 X1P3               0             0             0             0             0


           THETA
              M3            M4            M5            M6            M7
              ________      ________      ________      ________      ________
 M3                44
 M4                 0            45
 M5                 0             0            46
 M6                 0             0             0            47
 M7                 0             0             0             0            48
 M8                 0             0             0             0             0
 M9                 0             0             0             0             0
 M10                0             0             0             0             0
 M11                0             0             0             0             0
 M12                0             0             0             0             0
 Y1                 0             0             0             0             0
 Y2                 0             0             0             0             0
 Y3                 0             0             0             0             0
 X3P1               0             0             0             0             0
 X2P2               0             0             0             0             0
 X1P3               0             0             0             0             0


           THETA
              M8            M9            M10           M11           M12
              ________      ________      ________      ________      ________
 M8                49
 M9                 0            50
 M10                0             0            51
 M11                0             0             0            52
 M12                0             0             0             0            53
 Y1                 0             0             0             0             0
 Y2                 0             0             0             0             0
 Y3                 0             0             0             0             0
 X3P1               0             0             0             0             0
 X2P2               0             0             0             0             0
 X1P3               0             0             0             0             0


           THETA
              Y1            Y2            Y3            X3P1          X2P2
              ________      ________      ________      ________      ________
 Y1                54
 Y2                 0            55
 Y3                 0             0            56
 X3P1               0             0             0            57
 X2P2               0             0             0             0            58
 X1P3               0             0             0             0             0


           THETA
              X1P3
              ________
 X1P3              59


           ALPHA
              X             M             Y             XM
              ________      ________      ________      ________
                  0             0             0             0


           BETA
              X             M             Y             XM
              ________      ________      ________      ________
 X                  0             0             0             0
 M                  0             0             0             0
 Y                 60            61             0            62
 XM                 0             0             0             0


           PSI
              X             M             Y             XM
              ________      ________      ________      ________
 X                 63
 M                 64            65
 Y                  0             0            66
 XM                67            68             0            69


     PARAMETER SPECIFICATION FOR THE ADDITIONAL PARAMETERS


           New/Additional Parameters
              VAR_Y         STD_B1        STD_B2        STD_B3
              ________      ________      ________      ________
                   70            71            72            73


     STARTING VALUES


           NU
              X1            X2            X3            M1            M2
              ________      ________      ________      ________      ________
                0.000         0.000         0.000         0.000         0.000


           NU
              M3            M4            M5            M6            M7
              ________      ________      ________      ________      ________
                0.000         0.000         0.000         0.000         0.000


           NU
              M8            M9            M10           M11           M12
              ________      ________      ________      ________      ________
                0.000         0.000         0.000         0.000         0.000


           NU
              Y1            Y2            Y3            X3P1          X2P2
              ________      ________      ________      ________      ________
                0.679         0.822         0.939         0.000         0.000


           NU
              X1P3
              ________
                0.000


           LAMBDA
              X             M             Y             XM
              ________      ________      ________      ________
 X1             1.013         0.000         0.000         0.000
 X2             1.141         0.000         0.000         0.000
 X3             1.000         0.000         0.000         0.000
 M1             0.000         0.880         0.000         0.000
 M2             0.000         0.396         0.000         0.000
 M3             0.000         0.201         0.000         0.000
 M4             0.000         0.799         0.000         0.000
 M5             0.000         0.487         0.000         0.000
 M6             0.000         0.733         0.000         0.000
 M7             0.000         0.613         0.000         0.000
 M8             0.000         0.702         0.000         0.000
 M9             0.000         0.708         0.000         0.000
 M10            0.000         0.814         0.000         0.000
 M11            0.000         0.867         0.000         0.000
 M12            0.000         1.000         0.000         0.000
 Y1             0.000         0.000         0.487         0.000
 Y2             0.000         0.000         0.591         0.000
 Y3             0.000         0.000         1.000         0.000
 X3P1           0.000         0.000         0.000         1.000
 X2P2           0.000         0.000         0.000         1.234
 X1P3           0.000         0.000         0.000         0.874


           THETA
              X1            X2            X3            M1            M2
              ________      ________      ________      ________      ________
 X1             0.121
 X2             0.000         0.125
 X3             0.000         0.000         0.125
 M1             0.000         0.000         0.000         1.564
 M2             0.000         0.000         0.000         0.000         1.185
 M3             0.000         0.000         0.000         0.000         0.000
 M4             0.000         0.000         0.000         0.000         0.000
 M5             0.000         0.000         0.000         0.000         0.000
 M6             0.000         0.000         0.000         0.000         0.000
 M7             0.000         0.000         0.000         0.000         0.000
 M8             0.000         0.000         0.000         0.000         0.000
 M9             0.000         0.000         0.000         0.000         0.000
 M10            0.000         0.000         0.000         0.000         0.000
 M11            0.000         0.000         0.000         0.000         0.000
 M12            0.000         0.000         0.000         0.000         0.000
 Y1             0.000         0.000         0.000         0.000         0.000
 Y2             0.000         0.000         0.000         0.000         0.000
 Y3             0.000         0.000         0.000         0.000         0.000
 X3P1           0.000         0.000         0.000         0.000         0.000
 X2P2           0.000         0.000         0.000         0.000         0.000
 X1P3           0.000         0.000         0.000         0.000         0.000


           THETA
              M3            M4            M5            M6            M7
              ________      ________      ________      ________      ________
 M3             1.147
 M4             0.000         1.209
 M5             0.000         0.000         1.229
 M6             0.000         0.000         0.000         1.220
 M7             0.000         0.000         0.000         0.000         1.064
 M8             0.000         0.000         0.000         0.000         0.000
 M9             0.000         0.000         0.000         0.000         0.000
 M10            0.000         0.000         0.000         0.000         0.000
 M11            0.000         0.000         0.000         0.000         0.000
 M12            0.000         0.000         0.000         0.000         0.000
 Y1             0.000         0.000         0.000         0.000         0.000
 Y2             0.000         0.000         0.000         0.000         0.000
 Y3             0.000         0.000         0.000         0.000         0.000
 X3P1           0.000         0.000         0.000         0.000         0.000
 X2P2           0.000         0.000         0.000         0.000         0.000
 X1P3           0.000         0.000         0.000         0.000         0.000


           THETA
              M8            M9            M10           M11           M12
              ________      ________      ________      ________      ________
 M8             1.117
 M9             0.000         1.265
 M10            0.000         0.000         1.219
 M11            0.000         0.000         0.000         0.970
 M12            0.000         0.000         0.000         0.000         1.147
 Y1             0.000         0.000         0.000         0.000         0.000
 Y2             0.000         0.000         0.000         0.000         0.000
 Y3             0.000         0.000         0.000         0.000         0.000
 X3P1           0.000         0.000         0.000         0.000         0.000
 X2P2           0.000         0.000         0.000         0.000         0.000
 X1P3           0.000         0.000         0.000         0.000         0.000


           THETA
              Y1            Y2            Y3            X3P1          X2P2
              ________      ________      ________      ________      ________
 Y1             0.324
 Y2             0.000         0.550
 Y3             0.000         0.000         0.850
 X3P1           0.000         0.000         0.000         0.117
 X2P2           0.000         0.000         0.000         0.000         0.108
 X1P3           0.000         0.000         0.000         0.000         0.000


           THETA
              X1P3
              ________
 X1P3           0.107


           ALPHA
              X             M             Y             XM
              ________      ________      ________      ________
                0.000         0.000         0.000         0.000


           BETA
              X             M             Y             XM
              ________      ________      ________      ________
 X              0.000         0.000         0.000         0.000
 M              0.000         0.000         0.000         0.000
 Y              0.000         0.000         0.000         0.000
 XM             0.000         0.000         0.000         0.000


           PSI
              X             M             Y             XM
              ________      ________      ________      ________
 X              0.050
 M              0.000         0.050
 Y              0.000         0.000         0.050
 XM             0.000         0.000         0.000         0.050


     STARTING VALUES FOR THE ADDITIONAL PARAMETERS


           New/Additional Parameters
              VAR_Y         STD_B1        STD_B2        STD_B3
              ________      ________      ________      ________
                0.500         0.500         0.500         0.500


RESULTS SAVING INFORMATION

  Order of data

    Parameter estimates
     (saved in order shown in Technical 1 output)
    Standard errors
     (saved in order shown in Technical 1 output)
    Number of Free Parameters
    H0 Loglikelihood
    H0 Scaling Correction Factor for MLR
    H1 Loglikelihood
    H1 Scaling Correction Factor for MLR
    Akaike (AIC)
    Bayesian (BIC)
    Sample-Size Adjusted BIC
    Chi-square : Value
    Chi-square : Degrees of Freedom
    Chi-square : P-Value
    Chi-square : Scaling Correction Factor for MLR/MLM/WLSM
    CFI
    TLI
    RMSEA : Estimate
    RMSEA : Low CI
    RMSEA : High CI
    RMSEA : Probability
    SRMR
    Condition Number

  Save file
    parcelupi_results_1997.dat

  Save file format           Free


     Beginning Time:  21:23:47
        Ending Time:  21:23:47
       Elapsed Time:  00:00:00



MUTHEN & MUTHEN
3463 Stoner Ave.
Los Angeles, CA  90066

Tel: (310) 391-9971
Fax: (310) 391-8971
Web: www.StatModel.com
Support: Support@StatModel.com

Copyright (c) 1998-2022 Muthen & Muthen
