Mplus VERSION 8.8 (Mac)
MUTHEN & MUTHEN
07/27/2025   6:28 PM

INPUT INSTRUCTIONS


    TITLE: Parceling Unconstrained Product Indicator

    DATA:
      FILE = parcelupi_simdat_836.dat;
      FORMAT IS FREE;

    VARIABLE:
      NAMES = x1 x2 x3
      	    m1 m2 m3 m4 m5 m6
      	    m7 m8 m9 m10 m11 m12
      	    y1 y2 y3
      	    p1 p2 p3
      	    x3p1 x2p2 x1p3;
      USEVARIABLES = x1 x2 x3
      	    m1 m2 m3 m4 m5 m6
      	    m7 m8 m9 m10 m11 m12
      	    y1 y2 y3
      	    x3p1 x2p2 x1p3;

    ANALYSIS:
      TYPE = general;
      ESTIMATOR = MLR;
    MODEL:
      !measurement model
      X BY x3 x2 x1;
      X (var_X);
      M BY m12 m11 m10 m9 m8 m7 m6 m5 m4 m3 m2 m1;
      M (var_M);
      Y BY y3 y2 y1;
      Y (resvar_Y);
      XM BY x3p1 x2p2 x1p3;
      XM (var_XM);

      !covariances between predictors
      X WITH M (cov_XM);
      X WITH XM (cov_XXM);
      M WITH XM (cov_MXM);

      !structural model
      Y ON X (b1);
      Y ON M (b2);
      Y ON XM (b3);

    MODEL CONSTRAINT:

      NEW(var_Y std_b1 std_b2 std_b3);
      var_Y = resvar_Y +
       (b1^2 * var_X +
        b2^2 * var_M +
        b3^2 * var_XM +
        2 * b1 * b2 * cov_XM +
        2 * b1 * b3 * cov_XXM +
        2 * b2 * b3 * cov_MXM);

        std_b1 = b1 * sqrt(var_X) / sqrt(var_Y);
        std_b2 = b2 * sqrt(var_M) / sqrt(var_Y);
        std_b3 = b3 * sqrt(var_X) * sqrt(var_M) / sqrt(var_Y);

    OUTPUT:
      sampstat tech1 CINTERVAL;

    SAVEDATA:
      RESULTS = parcelupi_results_836.dat;




INPUT READING TERMINATED NORMALLY



Parceling Unconstrained Product Indicator

SUMMARY OF ANALYSIS

Number of groups                                                 1
Number of observations                                         100

Number of dependent variables                                   21
Number of independent variables                                  0
Number of continuous latent variables                            4

Observed dependent variables

  Continuous
   X1          X2          X3          M1          M2          M3
   M4          M5          M6          M7          M8          M9
   M10         M11         M12         Y1          Y2          Y3
   X3P1        X2P2        X1P3

Continuous latent variables
   X           M           Y           XM


Estimator                                                      MLR
Information matrix                                        OBSERVED
Maximum number of iterations                                  1000
Convergence criterion                                    0.500D-04
Maximum number of steepest descent iterations                   20

Input data file(s)
  parcelupi_simdat_836.dat

Input data format  FREE


SAMPLE STATISTICS


     SAMPLE STATISTICS


           Means
              X1            X2            X3            M1            M2
              ________      ________      ________      ________      ________
                0.000         0.000         0.000         0.000         0.000


           Means
              M3            M4            M5            M6            M7
              ________      ________      ________      ________      ________
                0.000         0.000         0.000         0.000         0.000


           Means
              M8            M9            M10           M11           M12
              ________      ________      ________      ________      ________
                0.000         0.000         0.000         0.000         0.000


           Means
              Y1            Y2            Y3            X3P1          X2P2
              ________      ________      ________      ________      ________
                0.513         0.807         1.055         0.000         0.000


           Means
              X1P3
              ________
                0.000


           Covariances
              X1            X2            X3            M1            M2
              ________      ________      ________      ________      ________
 X1             0.250
 X2             0.050         0.244
 X3             0.065         0.089         0.248
 M1             0.095        -0.119        -0.199         2.585
 M2            -0.145         0.005        -0.059         0.019         2.513
 M3             0.045         0.070         0.146         0.147         0.055
 M4             0.085         0.015         0.022         0.309         0.243
 M5             0.110         0.229         0.133        -0.442         0.596
 M6            -0.100         0.107        -0.032        -0.219         0.509
 M7            -0.095         0.055         0.009        -0.059         0.427
 M8             0.125         0.081         0.017         0.304         0.624
 M9             0.055         0.083         0.063        -0.209         0.440
 M10           -0.005         0.099        -0.031        -0.245         0.441
 M11            0.065         0.220        -0.014         0.107         0.365
 M12            0.045         0.185        -0.001         0.251         0.677
 Y1             0.005         0.077         0.058        -0.165         0.234
 Y2             0.026         0.150         0.094        -0.199         0.045
 Y3             0.080         0.180         0.108        -0.173         0.186
 X3P1          -0.002        -0.001         0.003        -0.027         0.059
 X2P2           0.041         0.021         0.058         0.011        -0.071
 X1P3           0.000         0.031         0.025        -0.178         0.153


           Covariances
              M3            M4            M5            M6            M7
              ________      ________      ________      ________      ________
 M3             2.614
 M4             0.095         2.493
 M5            -0.381         0.486         2.412
 M6             0.250        -0.041         0.608         2.394
 M7             0.315         0.307         0.064        -0.069         2.553
 M8             0.470         0.093         0.337         0.232         0.577
 M9             0.139        -0.019         0.691         0.426         0.020
 M10            0.313        -0.019        -0.078         0.159         0.669
 M11            0.354         0.395         0.309         0.520         0.385
 M12            0.425         0.307         0.314         0.621         0.513
 Y1            -0.129         0.013         0.288         0.021         0.237
 Y2             0.152        -0.100         0.134         0.340        -0.083
 Y3            -0.106        -0.072         0.163         0.228         0.112
 X3P1          -0.060         0.015         0.055         0.042        -0.019
 X2P2           0.062        -0.045        -0.001        -0.090        -0.131
 X1P3           0.015         0.009         0.116         0.121         0.087


           Covariances
              M8            M9            M10           M11           M12
              ________      ________      ________      ________      ________
 M8             2.708
 M9             0.932         2.388
 M10            0.757         0.300         2.125
 M11            0.650         0.739         1.033         2.354
 M12            0.887         0.890         0.739         1.155         2.393
 Y1             0.178         0.186         0.117         0.200         0.174
 Y2             0.205         0.387         0.180         0.300         0.392
 Y3             0.467         0.314         0.266         0.289         0.331
 X3P1          -0.019         0.016        -0.002         0.070         0.060
 X2P2           0.032        -0.050        -0.010        -0.085        -0.126
 X1P3           0.024         0.012         0.015         0.090         0.020


           Covariances
              Y1            Y2            Y3            X3P1          X2P2
              ________      ________      ________      ________      ________
 Y1             0.535
 Y2             0.303         0.982
 Y3             0.452         0.755         1.318
 X3P1          -0.021        -0.008         0.012         0.197
 X2P2           0.008         0.048         0.099         0.034         0.217
 X1P3           0.046         0.015         0.009         0.051         0.014


           Covariances
              X1P3
              ________
 X1P3           0.201


           Correlations
              X1            X2            X3            M1            M2
              ________      ________      ________      ________      ________
 X1             1.000
 X2             0.203         1.000
 X3             0.261         0.362         1.000
 M1             0.118        -0.150        -0.248         1.000
 M2            -0.183         0.006        -0.074         0.007         1.000
 M3             0.056         0.088         0.181         0.056         0.021
 M4             0.108         0.019         0.027         0.122         0.097
 M5             0.142         0.299         0.172        -0.177         0.242
 M6            -0.129         0.140        -0.042        -0.088         0.208
 M7            -0.119         0.070         0.011        -0.023         0.169
 M8             0.152         0.100         0.021         0.115         0.239
 M9             0.071         0.109         0.081        -0.084         0.180
 M10           -0.007         0.138        -0.043        -0.105         0.191
 M11            0.085         0.291        -0.019         0.043         0.150
 M12            0.058         0.243        -0.002         0.101         0.276
 Y1             0.015         0.214         0.161        -0.140         0.202
 Y2             0.053         0.307         0.190        -0.125         0.029
 Y3             0.140         0.317         0.188        -0.094         0.102
 X3P1          -0.010        -0.006         0.013        -0.038         0.084
 X2P2           0.174         0.093         0.252         0.015        -0.096
 X1P3           0.000         0.142         0.111        -0.247         0.216


           Correlations
              M3            M4            M5            M6            M7
              ________      ________      ________      ________      ________
 M3             1.000
 M4             0.037         1.000
 M5            -0.152         0.198         1.000
 M6             0.100        -0.017         0.253         1.000
 M7             0.122         0.122         0.026        -0.028         1.000
 M8             0.176         0.036         0.132         0.091         0.219
 M9             0.055        -0.008         0.288         0.178         0.008
 M10            0.133        -0.008        -0.035         0.070         0.287
 M11            0.143         0.163         0.130         0.219         0.157
 M12            0.170         0.126         0.131         0.259         0.208
 Y1            -0.109         0.012         0.253         0.018         0.203
 Y2             0.095        -0.064         0.087         0.222        -0.052
 Y3            -0.057        -0.040         0.092         0.128         0.061
 X3P1          -0.084         0.022         0.080         0.061        -0.027
 X2P2           0.082        -0.062        -0.002        -0.125        -0.175
 X1P3           0.021         0.013         0.167         0.174         0.122


           Correlations
              M8            M9            M10           M11           M12
              ________      ________      ________      ________      ________
 M8             1.000
 M9             0.367         1.000
 M10            0.315         0.133         1.000
 M11            0.257         0.312         0.462         1.000
 M12            0.348         0.372         0.328         0.487         1.000
 Y1             0.148         0.164         0.110         0.179         0.154
 Y2             0.126         0.253         0.124         0.197         0.256
 Y3             0.247         0.177         0.159         0.164         0.187
 X3P1          -0.026         0.024        -0.004         0.103         0.087
 X2P2           0.042        -0.070        -0.014        -0.119        -0.175
 X1P3           0.033         0.017         0.023         0.130         0.029


           Correlations
              Y1            Y2            Y3            X3P1          X2P2
              ________      ________      ________      ________      ________
 Y1             1.000
 Y2             0.417         1.000
 Y3             0.539         0.664         1.000
 X3P1          -0.065        -0.018         0.023         1.000
 X2P2           0.023         0.105         0.185         0.162         1.000
 X1P3           0.139         0.034         0.017         0.256         0.066


           Correlations
              X1P3
              ________
 X1P3           1.000


UNIVARIATE SAMPLE STATISTICS


     UNIVARIATE HIGHER-ORDER MOMENT DESCRIPTIVE STATISTICS

         Variable/         Mean/     Skewness/   Minimum/ % with                Percentiles
        Sample Size      Variance    Kurtosis    Maximum  Min/Max      20%/60%    40%/80%    Median

     X1                    0.000       0.000      -0.500   50.00%      -0.500     -0.500      0.000
             100.000       0.250      -2.000       0.500   50.00%       0.500      0.500
     X2                    0.000       0.324      -0.420   58.00%      -0.420     -0.420     -0.420
             100.000       0.244      -1.895       0.580   42.00%       0.580      0.580
     X3                    0.000      -0.201      -0.550   45.00%      -0.550     -0.550      0.450
             100.000       0.247      -1.960       0.450   55.00%       0.450      0.450
     M1                    0.000      -0.056      -2.070   27.00%      -2.070     -1.070     -0.070
             100.000       2.585      -1.573       1.930   31.00%       0.930      1.930
     M2                    0.000       0.109      -1.870   32.00%      -1.870     -0.870      0.130
             100.000       2.513      -1.521       2.130   25.00%       0.130      2.130
     M3                    0.000      -0.181      -2.190   26.00%      -2.190     -0.190     -0.190
             100.000       2.614      -1.539       1.810   35.00%       0.810      1.810
     M4                    0.000       0.108      -1.870   32.00%      -1.870     -0.870      0.130
             100.000       2.493      -1.501       2.130   25.00%       0.130      2.130
     M5                    0.000       0.197      -1.740   35.00%      -1.740     -0.740      0.260
             100.000       2.412      -1.477       2.260   20.00%       0.260      1.260
     M6                    0.000       0.139      -1.840   30.00%      -1.840     -0.840      0.160
             100.000       2.394      -1.496       2.160   22.00%       0.160      2.160
     M7                    0.000      -0.154      -2.130   26.00%      -2.130     -1.130     -0.130
             100.000       2.553      -1.564       1.870   30.00%       0.870      1.870
     M8                    0.000       0.066      -1.950   32.00%      -1.950     -0.950      0.050
             100.000       2.707      -1.596       2.050   31.00%       0.050      2.050
     M9                    0.000       0.105      -1.850   30.00%      -1.850     -0.850      0.150
             100.000       2.388      -1.519       2.150   21.00%       1.150      2.150
     M10                   0.000       0.063      -1.930   23.00%      -1.930     -0.930      0.070
             100.000       2.125      -1.387       2.070   20.00%       0.070      1.070
     M11                   0.000      -0.171      -2.190   21.00%      -2.190     -0.190     -0.190
             100.000       2.354      -1.472       1.810   30.00%       0.810      1.810
     M12                   0.000      -0.120      -2.130   23.00%      -2.130     -0.130     -0.130
             100.000       2.393      -1.492       1.870   29.00%       0.870      1.870
     Y1                    0.513       0.178      -1.117    1.00%      -0.079      0.315      0.484
             100.000       0.535      -0.106       2.321    1.00%       0.641      1.068
     Y2                    0.807       0.165      -1.510    1.00%       0.007      0.662      0.785
             100.000       0.982       0.279       3.795    1.00%       0.955      1.566
     Y3                    1.055       0.056      -1.802    1.00%       0.173      0.864      1.128
             100.000       1.318       0.088       4.259    1.00%       1.279      1.793
     X3P1                  0.000      -0.161      -0.945    2.00%      -0.412     -0.119      0.018
             100.000       0.197      -0.918       0.713    1.00%       0.150      0.430
     X2P2                  0.000      -0.190      -1.113    1.00%      -0.475     -0.098      0.050
             100.000       0.217      -0.736       0.917    2.00%       0.155      0.365
     X1P3                  0.000      -0.139      -0.973    1.00%      -0.472     -0.075      0.039
             100.000       0.201      -0.792       1.028    1.00%       0.175      0.403


     THIS ANALYSIS MAY HAVE MULTIPLE SOLUTIONS.  EXPLORE THIS USING RANDOM STARTS,
     FOR EXAMPLE, STARTS = 20.  USE A LARGE ENOUGH NUMBER OF STARTS SO THAT THE
     BEST FIT FUNCTION VALUE IS REPLICATED SEVERAL TIMES.


THE MODEL ESTIMATION TERMINATED NORMALLY

     THE STANDARD ERRORS OF THE MODEL PARAMETER ESTIMATES MAY NOT BE
     TRUSTWORTHY FOR SOME PARAMETERS DUE TO A NON-POSITIVE DEFINITE
     FIRST-ORDER DERIVATIVE PRODUCT MATRIX.  THIS MAY BE DUE TO THE STARTING
     VALUES BUT MAY ALSO BE AN INDICATION OF MODEL NONIDENTIFICATION.  THE
     CONDITION NUMBER IS       0.152D-17.  PROBLEM INVOLVING THE FOLLOWING PARAMETER:
     Parameter 67, XM WITH X (equality/label)

     THIS IS MOST LIKELY DUE TO VARIABLE X1 BEING DICHOTOMOUS BUT
     DECLARED AS CONTINUOUS.




MODEL FIT INFORMATION

Number of Free Parameters                       69

Loglikelihood

          H0 Value                       -2919.141
          H0 Scaling Correction Factor      0.9404
            for MLR
          H1 Value                       -2810.828
          H1 Scaling Correction Factor      0.9584
            for MLR

Information Criteria

          Akaike (AIC)                    5976.282
          Bayesian (BIC)                  6156.038
          Sample-Size Adjusted BIC        5938.119
            (n* = (n + 2) / 24)

Chi-Square Test of Model Fit

          Value                            224.433*
          Degrees of Freedom                   183
          P-Value                           0.0199
          Scaling Correction Factor         0.9652
            for MLR

*   The chi-square value for MLM, MLMV, MLR, ULSMV, WLSM and WLSMV cannot be used
    for chi-square difference testing in the regular way.  MLM, MLR and WLSM
    chi-square difference testing is described on the Mplus website.  MLMV, WLSMV,
    and ULSMV difference testing is done using the DIFFTEST option.

RMSEA (Root Mean Square Error Of Approximation)

          Estimate                           0.048
          90 Percent C.I.                    0.020  0.068
          Probability RMSEA <= .05           0.560

CFI/TLI

          CFI                                0.846
          TLI                                0.823

Chi-Square Test of Model Fit for the Baseline Model

          Value                            478.639
          Degrees of Freedom                   210
          P-Value                           0.0000

SRMR (Standardized Root Mean Square Residual)

          Value                              0.082



MODEL RESULTS

                                                    Two-Tailed
                    Estimate       S.E.  Est./S.E.    P-Value

 X        BY
    X3                 1.000      0.000    999.000    999.000
    X2                 1.567      0.907      1.728      0.084
    X1                 0.628      0.246      2.551      0.011

 M        BY
    M12                1.000      0.000    999.000    999.000
    M11                0.923      0.179      5.154      0.000
    M10                0.675      0.159      4.234      0.000
    M9                 0.699      0.174      4.022      0.000
    M8                 0.782      0.184      4.255      0.000
    M7                 0.419      0.169      2.475      0.013
    M6                 0.461      0.160      2.878      0.004
    M5                 0.380      0.175      2.167      0.030
    M4                 0.214      0.161      1.325      0.185
    M3                 0.308      0.166      1.856      0.064
    M2                 0.538      0.158      3.405      0.001
    M1                -0.001      0.201     -0.004      0.997

 Y        BY
    Y3                 1.000      0.000    999.000    999.000
    Y2                 0.728      0.093      7.826      0.000
    Y1                 0.430      0.072      6.001      0.000

 XM       BY
    X3P1               1.000      0.000    999.000    999.000
    X2P2               0.470      1.005      0.467      0.640
    X1P3               1.356      3.950      0.343      0.731

 Y        ON
    X                  1.736      0.825      2.105      0.035
    M                  0.211      0.136      1.554      0.120
    XM                -0.258      1.927     -0.134      0.893

 X        WITH
    M                  0.094      0.036      2.608      0.009
    XM                 0.012      0.023      0.532      0.595

 M        WITH
    XM                 0.039      0.050      0.772      0.440

 Intercepts
    X1                 0.000      0.050      0.000      1.000
    X2                 0.000      0.049      0.000      1.000
    X3                 0.000      0.050      0.000      1.000
    M1                 0.000      0.161      0.000      1.000
    M2                 0.000      0.159      0.000      1.000
    M3                 0.000      0.162      0.000      1.000
    M4                 0.000      0.158      0.000      1.000
    M5                 0.000      0.155      0.000      1.000
    M6                 0.000      0.155      0.000      1.000
    M7                 0.000      0.160      0.000      1.000
    M8                 0.000      0.165      0.000      1.000
    M9                 0.000      0.155      0.000      1.000
    M10                0.000      0.146      0.000      1.000
    M11                0.000      0.153      0.000      1.000
    M12                0.000      0.155      0.000      1.000
    Y1                 0.513      0.073      7.016      0.000
    Y2                 0.807      0.099      8.144      0.000
    Y3                 1.055      0.115      9.190      0.000
    X3P1               0.000      0.044      0.000      1.000
    X2P2               0.000      0.047      0.000      1.000
    X1P3               0.000      0.045      0.000      1.000

 Variances
    X                  0.058      0.041      1.398      0.162
    M                  1.201      0.275      4.368      0.000
    XM                 0.038      0.102      0.368      0.713

 Residual Variances
    X1                 0.227      0.025      9.253      0.000
    X2                 0.102      0.075      1.356      0.175
    X3                 0.190      0.041      4.640      0.000
    M1                 2.585      0.169     15.294      0.000
    M2                 2.165      0.213     10.175      0.000
    M3                 2.500      0.203     12.313      0.000
    M4                 2.438      0.181     13.456      0.000
    M5                 2.239      0.207     10.809      0.000
    M6                 2.140      0.208     10.286      0.000
    M7                 2.342      0.215     10.888      0.000
    M8                 1.973      0.308      6.412      0.000
    M9                 1.800      0.240      7.499      0.000
    M10                1.578      0.214      7.386      0.000
    M11                1.331      0.303      4.398      0.000
    M12                1.192      0.221      5.399      0.000
    Y1                 0.344      0.055      6.205      0.000
    Y2                 0.434      0.093      4.669      0.000
    Y3                 0.284      0.131      2.167      0.030
    X3P1               0.160      0.101      1.582      0.114
    X2P2               0.209      0.058      3.580      0.000
    X1P3               0.132      0.218      0.606      0.544
    Y                  0.750      0.167      4.479      0.000

New/Additional Parameters
    VAR_Y              1.034      0.212      4.876      0.000
    STD_B1             0.410      0.148      2.766      0.006
    STD_B2             0.227      0.141      1.615      0.106
    STD_B3            -0.067      0.487     -0.137      0.891


QUALITY OF NUMERICAL RESULTS

     Condition Number for the Information Matrix              0.182E-04
       (ratio of smallest to largest eigenvalue)


CONFIDENCE INTERVALS OF MODEL RESULTS

                  Lower .5%  Lower 2.5%    Lower 5%    Estimate    Upper 5%  Upper 2.5%   Upper .5%

 X        BY
    X3               1.000       1.000       1.000       1.000       1.000       1.000       1.000
    X2              -0.769      -0.210       0.075       1.567       3.059       3.344       3.903
    X1              -0.006       0.146       0.223       0.628       1.033       1.111       1.262

 M        BY
    M12              1.000       1.000       1.000       1.000       1.000       1.000       1.000
    M11              0.462       0.572       0.628       0.923       1.218       1.274       1.384
    M10              0.264       0.363       0.413       0.675       0.937       0.987       1.085
    M9               0.251       0.359       0.413       0.699       0.985       1.040       1.147
    M8               0.309       0.422       0.480       0.782       1.085       1.143       1.256
    M7              -0.017       0.087       0.141       0.419       0.698       0.751       0.855
    M6               0.048       0.147       0.197       0.461       0.724       0.774       0.873
    M5              -0.072       0.036       0.092       0.380       0.668       0.724       0.832
    M4              -0.202      -0.102      -0.052       0.214       0.479       0.530       0.629
    M3              -0.120      -0.017       0.035       0.308       0.582       0.634       0.737
    M2               0.131       0.228       0.278       0.538       0.798       0.848       0.946
    M1              -0.518      -0.395      -0.331      -0.001       0.330       0.393       0.517

 Y        BY
    Y3               1.000       1.000       1.000       1.000       1.000       1.000       1.000
    Y2               0.489       0.546       0.575       0.728       0.881       0.911       0.968
    Y1               0.245       0.290       0.312       0.430       0.548       0.571       0.615

 XM       BY
    X3P1             1.000       1.000       1.000       1.000       1.000       1.000       1.000
    X2P2            -2.119      -1.500      -1.184       0.470       2.123       2.440       3.058
    X1P3            -8.819      -6.386      -5.142       1.356       7.854       9.098      11.531

 Y        ON
    X               -0.388       0.119       0.379       1.736       3.093       3.353       3.861
    M               -0.139      -0.055      -0.012       0.211       0.435       0.477       0.561
    XM              -5.223      -4.036      -3.429      -0.258       2.912       3.520       4.706

 X        WITH
    M                0.001       0.023       0.035       0.094       0.153       0.164       0.187
    XM              -0.046      -0.032      -0.025       0.012       0.049       0.056       0.070

 M        WITH
    XM              -0.091      -0.060      -0.044       0.039       0.122       0.138       0.169

 Intercepts
    X1              -0.129      -0.098      -0.082       0.000       0.082       0.098       0.129
    X2              -0.127      -0.097      -0.081       0.000       0.081       0.097       0.127
    X3              -0.128      -0.098      -0.082       0.000       0.082       0.098       0.128
    M1              -0.414      -0.315      -0.264       0.000       0.264       0.315       0.414
    M2              -0.408      -0.311      -0.261       0.000       0.261       0.311       0.408
    M3              -0.416      -0.317      -0.266       0.000       0.266       0.317       0.416
    M4              -0.407      -0.309      -0.260       0.000       0.260       0.309       0.407
    M5              -0.400      -0.304      -0.255       0.000       0.255       0.304       0.400
    M6              -0.399      -0.303      -0.255       0.000       0.255       0.303       0.399
    M7              -0.412      -0.313      -0.263       0.000       0.263       0.313       0.412
    M8              -0.424      -0.323      -0.271       0.000       0.271       0.323       0.424
    M9              -0.398      -0.303      -0.254       0.000       0.254       0.303       0.398
    M10             -0.375      -0.286      -0.240       0.000       0.240       0.286       0.375
    M11             -0.395      -0.301      -0.252       0.000       0.252       0.301       0.395
    M12             -0.398      -0.303      -0.254       0.000       0.254       0.303       0.398
    Y1               0.325       0.370       0.393       0.513       0.633       0.656       0.702
    Y2               0.552       0.613       0.644       0.807       0.970       1.001       1.063
    Y3               0.759       0.830       0.866       1.055       1.244       1.280       1.351
    X3P1            -0.114      -0.087      -0.073       0.000       0.073       0.087       0.114
    X2P2            -0.120      -0.091      -0.077       0.000       0.077       0.091       0.120
    X1P3            -0.115      -0.088      -0.074       0.000       0.074       0.088       0.115

 Variances
    X               -0.049      -0.023      -0.010       0.058       0.126       0.139       0.164
    M                0.493       0.662       0.748       1.201       1.653       1.739       1.909
    XM              -0.225      -0.162      -0.130       0.038       0.205       0.237       0.300

 Residual Variances
    X1               0.164       0.179       0.187       0.227       0.268       0.275       0.290
    X2              -0.091      -0.045      -0.022       0.102       0.225       0.249       0.295
    X3               0.084       0.110       0.122       0.190       0.257       0.270       0.295
    M1               2.150       2.254       2.307       2.585       2.863       2.916       3.020
    M2               1.617       1.748       1.815       2.165       2.515       2.582       2.713
    M3               1.977       2.102       2.166       2.500       2.834       2.898       3.023
    M4               1.971       2.083       2.140       2.438       2.736       2.793       2.905
    M5               1.705       1.833       1.898       2.239       2.580       2.645       2.773
    M6               1.604       1.732       1.797       2.140       2.482       2.547       2.675
    M7               1.788       1.921       1.988       2.342       2.696       2.764       2.896
    M8               1.180       1.370       1.467       1.973       2.479       2.576       2.765
    M9               1.182       1.330       1.405       1.800       2.195       2.271       2.419
    M10              1.028       1.159       1.227       1.578       1.930       1.997       2.129
    M11              0.552       0.738       0.833       1.331       1.829       1.924       2.111
    M12              0.624       0.760       0.829       1.192       1.556       1.625       1.761
    Y1               0.201       0.235       0.253       0.344       0.435       0.452       0.486
    Y2               0.194       0.252       0.281       0.434       0.587       0.616       0.673
    Y3              -0.054       0.027       0.068       0.284       0.499       0.540       0.621
    X3P1            -0.100      -0.038      -0.006       0.160       0.326       0.358       0.420
    X2P2             0.058       0.094       0.113       0.209       0.304       0.323       0.359
    X1P3            -0.429      -0.295      -0.226       0.132       0.490       0.559       0.693
    Y                0.319       0.422       0.475       0.750       1.025       1.078       1.181

New/Additional Parameters
    VAR_Y            0.488       0.618       0.685       1.034       1.383       1.450       1.580
    STD_B1           0.028       0.120       0.166       0.410       0.655       0.701       0.793
    STD_B2          -0.135      -0.049      -0.004       0.227       0.459       0.503       0.590
    STD_B3          -1.322      -1.022      -0.868      -0.067       0.734       0.888       1.188


TECHNICAL 1 OUTPUT


     PARAMETER SPECIFICATION


           NU
              X1            X2            X3            M1            M2
              ________      ________      ________      ________      ________
                  1             2             3             4             5


           NU
              M3            M4            M5            M6            M7
              ________      ________      ________      ________      ________
                  6             7             8             9            10


           NU
              M8            M9            M10           M11           M12
              ________      ________      ________      ________      ________
                 11            12            13            14            15


           NU
              Y1            Y2            Y3            X3P1          X2P2
              ________      ________      ________      ________      ________
                 16            17            18            19            20


           NU
              X1P3
              ________
                 21


           LAMBDA
              X             M             Y             XM
              ________      ________      ________      ________
 X1                22             0             0             0
 X2                23             0             0             0
 X3                 0             0             0             0
 M1                 0            24             0             0
 M2                 0            25             0             0
 M3                 0            26             0             0
 M4                 0            27             0             0
 M5                 0            28             0             0
 M6                 0            29             0             0
 M7                 0            30             0             0
 M8                 0            31             0             0
 M9                 0            32             0             0
 M10                0            33             0             0
 M11                0            34             0             0
 M12                0             0             0             0
 Y1                 0             0            35             0
 Y2                 0             0            36             0
 Y3                 0             0             0             0
 X3P1               0             0             0             0
 X2P2               0             0             0            37
 X1P3               0             0             0            38


           THETA
              X1            X2            X3            M1            M2
              ________      ________      ________      ________      ________
 X1                39
 X2                 0            40
 X3                 0             0            41
 M1                 0             0             0            42
 M2                 0             0             0             0            43
 M3                 0             0             0             0             0
 M4                 0             0             0             0             0
 M5                 0             0             0             0             0
 M6                 0             0             0             0             0
 M7                 0             0             0             0             0
 M8                 0             0             0             0             0
 M9                 0             0             0             0             0
 M10                0             0             0             0             0
 M11                0             0             0             0             0
 M12                0             0             0             0             0
 Y1                 0             0             0             0             0
 Y2                 0             0             0             0             0
 Y3                 0             0             0             0             0
 X3P1               0             0             0             0             0
 X2P2               0             0             0             0             0
 X1P3               0             0             0             0             0


           THETA
              M3            M4            M5            M6            M7
              ________      ________      ________      ________      ________
 M3                44
 M4                 0            45
 M5                 0             0            46
 M6                 0             0             0            47
 M7                 0             0             0             0            48
 M8                 0             0             0             0             0
 M9                 0             0             0             0             0
 M10                0             0             0             0             0
 M11                0             0             0             0             0
 M12                0             0             0             0             0
 Y1                 0             0             0             0             0
 Y2                 0             0             0             0             0
 Y3                 0             0             0             0             0
 X3P1               0             0             0             0             0
 X2P2               0             0             0             0             0
 X1P3               0             0             0             0             0


           THETA
              M8            M9            M10           M11           M12
              ________      ________      ________      ________      ________
 M8                49
 M9                 0            50
 M10                0             0            51
 M11                0             0             0            52
 M12                0             0             0             0            53
 Y1                 0             0             0             0             0
 Y2                 0             0             0             0             0
 Y3                 0             0             0             0             0
 X3P1               0             0             0             0             0
 X2P2               0             0             0             0             0
 X1P3               0             0             0             0             0


           THETA
              Y1            Y2            Y3            X3P1          X2P2
              ________      ________      ________      ________      ________
 Y1                54
 Y2                 0            55
 Y3                 0             0            56
 X3P1               0             0             0            57
 X2P2               0             0             0             0            58
 X1P3               0             0             0             0             0


           THETA
              X1P3
              ________
 X1P3              59


           ALPHA
              X             M             Y             XM
              ________      ________      ________      ________
                  0             0             0             0


           BETA
              X             M             Y             XM
              ________      ________      ________      ________
 X                  0             0             0             0
 M                  0             0             0             0
 Y                 60            61             0            62
 XM                 0             0             0             0


           PSI
              X             M             Y             XM
              ________      ________      ________      ________
 X                 63
 M                 64            65
 Y                  0             0            66
 XM                67            68             0            69


     PARAMETER SPECIFICATION FOR THE ADDITIONAL PARAMETERS


           New/Additional Parameters
              VAR_Y         STD_B1        STD_B2        STD_B3
              ________      ________      ________      ________
                   70            71            72            73


     STARTING VALUES


           NU
              X1            X2            X3            M1            M2
              ________      ________      ________      ________      ________
                0.000         0.000         0.000         0.000         0.000


           NU
              M3            M4            M5            M6            M7
              ________      ________      ________      ________      ________
                0.000         0.000         0.000         0.000         0.000


           NU
              M8            M9            M10           M11           M12
              ________      ________      ________      ________      ________
                0.000         0.000         0.000         0.000         0.000


           NU
              Y1            Y2            Y3            X3P1          X2P2
              ________      ________      ________      ________      ________
                0.513         0.807         1.055         0.000         0.000


           NU
              X1P3
              ________
                0.000


           LAMBDA
              X             M             Y             XM
              ________      ________      ________      ________
 X1             0.562         0.000         0.000         0.000
 X2             0.769         0.000         0.000         0.000
 X3             1.000         0.000         0.000         0.000
 M1             0.000         1.000         0.000         0.000
 M2             0.000         1.000         0.000         0.000
 M3             0.000         1.000         0.000         0.000
 M4             0.000         1.000         0.000         0.000
 M5             0.000         1.000         0.000         0.000
 M6             0.000         1.000         0.000         0.000
 M7             0.000         1.000         0.000         0.000
 M8             0.000         1.000         0.000         0.000
 M9             0.000         1.000         0.000         0.000
 M10            0.000         1.000         0.000         0.000
 M11            0.000         1.000         0.000         0.000
 M12            0.000         1.000         0.000         0.000
 Y1             0.000         0.000         0.401         0.000
 Y2             0.000         0.000         0.669         0.000
 Y3             0.000         0.000         1.000         0.000
 X3P1           0.000         0.000         0.000         1.000
 X2P2           0.000         0.000         0.000         0.270
 X1P3           0.000         0.000         0.000         0.410


           THETA
              X1            X2            X3            M1            M2
              ________      ________      ________      ________      ________
 X1             0.125
 X2             0.000         0.122
 X3             0.000         0.000         0.124
 M1             0.000         0.000         0.000         1.293
 M2             0.000         0.000         0.000         0.000         1.257
 M3             0.000         0.000         0.000         0.000         0.000
 M4             0.000         0.000         0.000         0.000         0.000
 M5             0.000         0.000         0.000         0.000         0.000
 M6             0.000         0.000         0.000         0.000         0.000
 M7             0.000         0.000         0.000         0.000         0.000
 M8             0.000         0.000         0.000         0.000         0.000
 M9             0.000         0.000         0.000         0.000         0.000
 M10            0.000         0.000         0.000         0.000         0.000
 M11            0.000         0.000         0.000         0.000         0.000
 M12            0.000         0.000         0.000         0.000         0.000
 Y1             0.000         0.000         0.000         0.000         0.000
 Y2             0.000         0.000         0.000         0.000         0.000
 Y3             0.000         0.000         0.000         0.000         0.000
 X3P1           0.000         0.000         0.000         0.000         0.000
 X2P2           0.000         0.000         0.000         0.000         0.000
 X1P3           0.000         0.000         0.000         0.000         0.000


           THETA
              M3            M4            M5            M6            M7
              ________      ________      ________      ________      ________
 M3             1.307
 M4             0.000         1.247
 M5             0.000         0.000         1.206
 M6             0.000         0.000         0.000         1.197
 M7             0.000         0.000         0.000         0.000         1.277
 M8             0.000         0.000         0.000         0.000         0.000
 M9             0.000         0.000         0.000         0.000         0.000
 M10            0.000         0.000         0.000         0.000         0.000
 M11            0.000         0.000         0.000         0.000         0.000
 M12            0.000         0.000         0.000         0.000         0.000
 Y1             0.000         0.000         0.000         0.000         0.000
 Y2             0.000         0.000         0.000         0.000         0.000
 Y3             0.000         0.000         0.000         0.000         0.000
 X3P1           0.000         0.000         0.000         0.000         0.000
 X2P2           0.000         0.000         0.000         0.000         0.000
 X1P3           0.000         0.000         0.000         0.000         0.000


           THETA
              M8            M9            M10           M11           M12
              ________      ________      ________      ________      ________
 M8             1.354
 M9             0.000         1.194
 M10            0.000         0.000         1.063
 M11            0.000         0.000         0.000         1.177
 M12            0.000         0.000         0.000         0.000         1.197
 Y1             0.000         0.000         0.000         0.000         0.000
 Y2             0.000         0.000         0.000         0.000         0.000
 Y3             0.000         0.000         0.000         0.000         0.000
 X3P1           0.000         0.000         0.000         0.000         0.000
 X2P2           0.000         0.000         0.000         0.000         0.000
 X1P3           0.000         0.000         0.000         0.000         0.000


           THETA
              Y1            Y2            Y3            X3P1          X2P2
              ________      ________      ________      ________      ________
 Y1             0.267
 Y2             0.000         0.491
 Y3             0.000         0.000         0.659
 X3P1           0.000         0.000         0.000         0.099
 X2P2           0.000         0.000         0.000         0.000         0.108
 X1P3           0.000         0.000         0.000         0.000         0.000


           THETA
              X1P3
              ________
 X1P3           0.101


           ALPHA
              X             M             Y             XM
              ________      ________      ________      ________
                0.000         0.000         0.000         0.000


           BETA
              X             M             Y             XM
              ________      ________      ________      ________
 X              0.000         0.000         0.000         0.000
 M              0.000         0.000         0.000         0.000
 Y              0.000         0.000         0.000         0.000
 XM             0.000         0.000         0.000         0.000


           PSI
              X             M             Y             XM
              ________      ________      ________      ________
 X              0.050
 M              0.000         0.050
 Y              0.000         0.000         0.050
 XM             0.000         0.000         0.000         0.050


     STARTING VALUES FOR THE ADDITIONAL PARAMETERS


           New/Additional Parameters
              VAR_Y         STD_B1        STD_B2        STD_B3
              ________      ________      ________      ________
                0.500         0.500         0.500         0.500


RESULTS SAVING INFORMATION

  Order of data

    Parameter estimates
     (saved in order shown in Technical 1 output)
    Standard errors
     (saved in order shown in Technical 1 output)
    Number of Free Parameters
    H0 Loglikelihood
    H0 Scaling Correction Factor for MLR
    H1 Loglikelihood
    H1 Scaling Correction Factor for MLR
    Akaike (AIC)
    Bayesian (BIC)
    Sample-Size Adjusted BIC
    Chi-square : Value
    Chi-square : Degrees of Freedom
    Chi-square : P-Value
    Chi-square : Scaling Correction Factor for MLR/MLM/WLSM
    CFI
    TLI
    RMSEA : Estimate
    RMSEA : Low CI
    RMSEA : High CI
    RMSEA : Probability
    SRMR
    Condition Number

  Save file
    parcelupi_results_836.dat

  Save file format           Free


     Beginning Time:  18:28:02
        Ending Time:  18:28:04
       Elapsed Time:  00:00:02



MUTHEN & MUTHEN
3463 Stoner Ave.
Los Angeles, CA  90066

Tel: (310) 391-9971
Fax: (310) 391-8971
Web: www.StatModel.com
Support: Support@StatModel.com

Copyright (c) 1998-2022 Muthen & Muthen
