Mplus VERSION 8.8 (Mac)
MUTHEN & MUTHEN
07/27/2025   6:03 PM

INPUT INSTRUCTIONS


    TITLE: Parceling Unconstrained Product Indicator

    DATA:
      FILE = parcelupi_simdat_963.dat;
      FORMAT IS FREE;

    VARIABLE:
      NAMES = x1 x2 x3
      	    m1 m2 m3 m4 m5 m6
      	    m7 m8 m9 m10 m11 m12
      	    y1 y2 y3
      	    p1 p2 p3
      	    x3p1 x2p2 x1p3;
      USEVARIABLES = x1 x2 x3
      	    m1 m2 m3 m4 m5 m6
      	    m7 m8 m9 m10 m11 m12
      	    y1 y2 y3
      	    x3p1 x2p2 x1p3;

    ANALYSIS:
      TYPE = general;
      ESTIMATOR = MLR;
    MODEL:
      !measurement model
      X BY x3 x2 x1;
      X (var_X);
      M BY m12 m11 m10 m9 m8 m7 m6 m5 m4 m3 m2 m1;
      M (var_M);
      Y BY y3 y2 y1;
      Y (resvar_Y);
      XM BY x3p1 x2p2 x1p3;
      XM (var_XM);

      !covariances between predictors
      X WITH M (cov_XM);
      X WITH XM (cov_XXM);
      M WITH XM (cov_MXM);

      !structural model
      Y ON X (b1);
      Y ON M (b2);
      Y ON XM (b3);

    MODEL CONSTRAINT:

      NEW(var_Y std_b1 std_b2 std_b3);
      var_Y = resvar_Y +
       (b1^2 * var_X +
        b2^2 * var_M +
        b3^2 * var_XM +
        2 * b1 * b2 * cov_XM +
        2 * b1 * b3 * cov_XXM +
        2 * b2 * b3 * cov_MXM);

        std_b1 = b1 * sqrt(var_X) / sqrt(var_Y);
        std_b2 = b2 * sqrt(var_M) / sqrt(var_Y);
        std_b3 = b3 * sqrt(var_X) * sqrt(var_M) / sqrt(var_Y);

    OUTPUT:
      sampstat tech1 CINTERVAL;

    SAVEDATA:
      RESULTS = parcelupi_results_963.dat;




INPUT READING TERMINATED NORMALLY



Parceling Unconstrained Product Indicator

SUMMARY OF ANALYSIS

Number of groups                                                 1
Number of observations                                         100

Number of dependent variables                                   21
Number of independent variables                                  0
Number of continuous latent variables                            4

Observed dependent variables

  Continuous
   X1          X2          X3          M1          M2          M3
   M4          M5          M6          M7          M8          M9
   M10         M11         M12         Y1          Y2          Y3
   X3P1        X2P2        X1P3

Continuous latent variables
   X           M           Y           XM


Estimator                                                      MLR
Information matrix                                        OBSERVED
Maximum number of iterations                                  1000
Convergence criterion                                    0.500D-04
Maximum number of steepest descent iterations                   20

Input data file(s)
  parcelupi_simdat_963.dat

Input data format  FREE


SAMPLE STATISTICS


     SAMPLE STATISTICS


           Means
              X1            X2            X3            M1            M2
              ________      ________      ________      ________      ________
                0.000         0.000         0.000         0.000         0.000


           Means
              M3            M4            M5            M6            M7
              ________      ________      ________      ________      ________
                0.000         0.000         0.000         0.000         0.000


           Means
              M8            M9            M10           M11           M12
              ________      ________      ________      ________      ________
                0.000         0.000         0.000         0.000         0.000


           Means
              Y1            Y2            Y3            X3P1          X2P2
              ________      ________      ________      ________      ________
                0.636         0.908         1.047         0.000         0.000


           Means
              X1P3
              ________
                0.000


           Covariances
              X1            X2            X3            M1            M2
              ________      ________      ________      ________      ________
 X1             0.250
 X2             0.040         0.246
 X3             0.060         0.070         0.250
 M1            -0.065         0.068         0.175         2.778
 M2            -0.165        -0.134         0.085         0.424         2.767
 M3             0.025        -0.085        -0.115        -0.139        -0.266
 M4            -0.100         0.094         0.070        -0.333         0.309
 M5             0.145        -0.075         0.155         0.151         0.095
 M6             0.060        -0.022         0.010         0.058         0.010
 M7             0.085        -0.047         0.085        -0.183         0.026
 M8             0.090        -0.071         0.060         0.088         0.067
 M9            -0.045        -0.119         0.025         0.315         0.325
 M10            0.015        -0.088         0.105         0.284         0.412
 M11            0.000         0.036         0.050         0.233        -0.079
 M12            0.045        -0.051         0.185         0.400         0.259
 Y1             0.062        -0.009         0.094         0.063         0.266
 Y2             0.052        -0.027         0.140        -0.073         0.350
 Y3             0.006         0.048         0.130         0.244         0.547
 X3P1          -0.051        -0.023         0.000         0.023         0.174
 X2P2          -0.016         0.007        -0.021        -0.144        -0.080
 X1P3           0.000        -0.017        -0.019        -0.007         0.033


           Covariances
              M3            M4            M5            M6            M7
              ________      ________      ________      ________      ________
 M3             2.361
 M4            -0.260         2.436
 M5            -0.209        -0.570         2.161
 M6            -0.074        -0.018         0.006         2.080
 M7             0.295         0.472         0.115         0.154         2.469
 M8             0.647        -0.169         0.317        -0.004         0.619
 M9             0.281         0.034         0.171         0.094         1.183
 M10            0.322        -0.027         0.322         0.270         0.428
 M11            0.360         0.524        -0.030         0.438         0.748
 M12            0.224         0.406         0.354         0.226         0.742
 Y1             0.100        -0.227         0.393         0.089         0.080
 Y2             0.082         0.001         0.373         0.043         0.432
 Y3             0.202         0.172         0.104         0.290         0.526
 X3P1          -0.064         0.028         0.054        -0.083        -0.054
 X2P2           0.050         0.075        -0.030         0.058        -0.056
 X1P3          -0.071        -0.013         0.060        -0.041        -0.023


           Covariances
              M8            M9            M10           M11           M12
              ________      ________      ________      ________      ________
 M8             2.540
 M9             0.865         2.437
 M10            0.789         0.838         2.307
 M11            0.799         1.166         0.927         2.196
 M12            0.585         0.768         0.756         0.794         1.777
 Y1             0.283         0.249         0.337         0.206         0.277
 Y2             0.198         0.318         0.370         0.256         0.400
 Y3             0.338         0.361         0.391         0.388         0.404
 X3P1          -0.016         0.028        -0.030        -0.020        -0.146
 X2P2          -0.034        -0.046         0.046        -0.010         0.030
 X1P3           0.064        -0.011        -0.085        -0.028        -0.149


           Covariances
              Y1            Y2            Y3            X3P1          X2P2
              ________      ________      ________      ________      ________
 Y1             0.669
 Y2             0.359         1.017
 Y3             0.451         0.647         1.360
 X3P1           0.018         0.026         0.061         0.184
 X2P2           0.000         0.048        -0.001         0.013         0.186
 X1P3           0.031        -0.016         0.001         0.046         0.014


           Covariances
              X1P3
              ________
 X1P3           0.185


           Correlations
              X1            X2            X3            M1            M2
              ________      ________      ________      ________      ________
 X1             1.000
 X2             0.161         1.000
 X3             0.240         0.282         1.000
 M1            -0.078         0.083         0.210         1.000
 M2            -0.198        -0.162         0.102         0.153         1.000
 M3             0.033        -0.112        -0.150        -0.054        -0.104
 M4            -0.128         0.121         0.090        -0.128         0.119
 M5             0.197        -0.103         0.211         0.062         0.039
 M6             0.083        -0.031         0.014         0.024         0.004
 M7             0.108        -0.060         0.108        -0.070         0.010
 M8             0.113        -0.090         0.075         0.033         0.025
 M9            -0.058        -0.153         0.032         0.121         0.125
 M10            0.020        -0.117         0.138         0.112         0.163
 M11            0.000         0.049         0.067         0.094        -0.032
 M12            0.068        -0.077         0.278         0.180         0.117
 Y1             0.151        -0.023         0.229         0.046         0.196
 Y2             0.104        -0.055         0.279        -0.044         0.209
 Y3             0.011         0.082         0.224         0.125         0.282
 X3P1          -0.240        -0.110         0.000         0.033         0.243
 X2P2          -0.076         0.034        -0.097        -0.201        -0.111
 X1P3           0.000        -0.078        -0.086        -0.009         0.046


           Correlations
              M3            M4            M5            M6            M7
              ________      ________      ________      ________      ________
 M3             1.000
 M4            -0.108         1.000
 M5            -0.092        -0.248         1.000
 M6            -0.033        -0.008         0.003         1.000
 M7             0.122         0.192         0.050         0.068         1.000
 M8             0.264        -0.068         0.135        -0.002         0.247
 M9             0.117         0.014         0.074         0.042         0.482
 M10            0.138        -0.011         0.144         0.123         0.180
 M11            0.158         0.226        -0.014         0.205         0.321
 M12            0.109         0.195         0.181         0.118         0.354
 Y1             0.080        -0.177         0.327         0.075         0.062
 Y2             0.053         0.001         0.252         0.030         0.273
 Y3             0.113         0.094         0.061         0.172         0.287
 X3P1          -0.096         0.042         0.086        -0.134        -0.080
 X2P2           0.075         0.111        -0.047         0.093        -0.083
 X1P3          -0.107        -0.020         0.094        -0.066        -0.035


           Correlations
              M8            M9            M10           M11           M12
              ________      ________      ________      ________      ________
 M8             1.000
 M9             0.348         1.000
 M10            0.326         0.354         1.000
 M11            0.338         0.504         0.412         1.000
 M12            0.275         0.369         0.374         0.402         1.000
 Y1             0.217         0.195         0.271         0.170         0.254
 Y2             0.123         0.202         0.242         0.171         0.298
 Y3             0.182         0.198         0.221         0.224         0.260
 X3P1          -0.023         0.042        -0.046        -0.031        -0.256
 X2P2          -0.049        -0.068         0.070        -0.015         0.052
 X1P3           0.093        -0.016        -0.130        -0.044        -0.259


           Correlations
              Y1            Y2            Y3            X3P1          X2P2
              ________      ________      ________      ________      ________
 Y1             1.000
 Y2             0.436         1.000
 Y3             0.473         0.550         1.000
 X3P1           0.051         0.060         0.122         1.000
 X2P2          -0.001         0.110        -0.002         0.072         1.000
 X1P3           0.087        -0.036         0.002         0.250         0.078


           Correlations
              X1P3
              ________
 X1P3           1.000


UNIVARIATE SAMPLE STATISTICS


     UNIVARIATE HIGHER-ORDER MOMENT DESCRIPTIVE STATISTICS

         Variable/         Mean/     Skewness/   Minimum/ % with                Percentiles
        Sample Size      Variance    Kurtosis    Maximum  Min/Max      20%/60%    40%/80%    Median

     X1                    0.000       0.000      -0.500   50.00%      -0.500     -0.500      0.000
             100.000       0.250      -2.000       0.500   50.00%       0.500      0.500
     X2                    0.000      -0.242      -0.560   44.00%      -0.560     -0.560      0.440
             100.000       0.246      -1.942       0.440   56.00%       0.440      0.440
     X3                    0.000       0.000      -0.500   50.00%      -0.500     -0.500      0.000
             100.000       0.250      -2.000       0.500   50.00%       0.500      0.500
     M1                    0.000      -0.123      -2.110   30.00%      -2.110     -1.110     -0.110
             100.000       2.778      -1.637       1.890   34.00%       0.890      1.890
     M2                    0.000      -0.187      -2.150   30.00%      -2.150     -0.150     -0.150
             100.000       2.768      -1.615       1.850   34.00%       0.850      1.850
     M3                    0.000      -0.204      -2.170   24.00%      -2.170     -0.170     -0.170
             100.000       2.361      -1.414       1.830   29.00%       0.830      1.830
     M4                    0.000       0.021      -1.940   29.00%      -1.940     -0.940      0.060
             100.000       2.436      -1.523       2.060   24.00%       1.060      2.060
     M5                    0.000      -0.068      -2.170   17.00%      -1.170     -0.170     -0.170
             100.000       2.161      -1.398       1.830   29.00%       0.830      1.830
     M6                    0.000      -0.032      -2.200   14.00%      -1.200     -0.200     -0.200
             100.000       2.080      -1.388       1.800   30.00%       0.800      1.800
     M7                    0.000      -0.065      -2.030   28.00%      -2.030     -0.030     -0.030
             100.000       2.469      -1.509       1.970   27.00%       0.970      1.970
     M8                    0.000       0.012      -2.020   26.00%      -2.020     -1.020     -0.020
             100.000       2.540      -1.584       1.980   29.00%       0.980      1.980
     M9                    0.000      -0.274      -2.230   24.00%      -2.230     -0.230      0.270
             100.000       2.437      -1.439       1.770   31.00%       0.770      1.770
     M10                   0.000      -0.016      -2.050   23.00%      -2.050     -1.050     -0.050
             100.000       2.308      -1.444       1.950   27.00%       0.950      1.950
     M11                   0.000      -0.066      -2.060   23.00%      -2.060     -0.060     -0.060
             100.000       2.196      -1.349       1.940   25.00%      -0.060      1.940
     M12                   0.000      -0.249      -2.270   13.00%      -1.270     -0.270     -0.270
             100.000       1.777      -1.093       1.730   23.00%       0.730      1.730
     Y1                    0.636       0.038      -1.614    1.00%      -0.128      0.351      0.691
             100.000       0.669      -0.285       2.599    1.00%       0.896      1.261
     Y2                    0.908       0.090      -1.616    1.00%       0.033      0.616      0.936
             100.000       1.017      -0.274       3.409    1.00%       1.092      1.812
     Y3                    1.047       0.208      -1.659    1.00%      -0.181      0.683      1.172
             100.000       1.360       0.140       4.540    1.00%       1.363      1.980
     X3P1                  0.000      -0.269      -1.183    1.00%      -0.420     -0.058      0.068
             100.000       0.184      -0.221       0.955    1.00%       0.080      0.443
     X2P2                  0.000       0.254      -1.003    1.00%      -0.423     -0.163     -0.093
             100.000       0.186      -0.171       1.237    1.00%       0.017      0.397
     X1P3                  0.000      -0.134      -0.990    1.00%      -0.352     -0.115      0.010
             100.000       0.185      -0.329       1.010    1.00%       0.135      0.398


     THIS ANALYSIS MAY HAVE MULTIPLE SOLUTIONS.  EXPLORE THIS USING RANDOM STARTS,
     FOR EXAMPLE, STARTS = 20.  USE A LARGE ENOUGH NUMBER OF STARTS SO THAT THE
     BEST FIT FUNCTION VALUE IS REPLICATED SEVERAL TIMES.


THE MODEL ESTIMATION TERMINATED NORMALLY

     THE STANDARD ERRORS OF THE MODEL PARAMETER ESTIMATES MAY NOT BE
     TRUSTWORTHY FOR SOME PARAMETERS DUE TO A NON-POSITIVE DEFINITE
     FIRST-ORDER DERIVATIVE PRODUCT MATRIX.  THIS MAY BE DUE TO THE STARTING
     VALUES BUT MAY ALSO BE AN INDICATION OF MODEL NONIDENTIFICATION.  THE
     CONDITION NUMBER IS      -0.645D-17.  PROBLEM INVOLVING THE FOLLOWING PARAMETER:
     Parameter 40, X2

     THIS IS MOST LIKELY DUE TO VARIABLE X1 BEING DICHOTOMOUS BUT
     DECLARED AS CONTINUOUS.




MODEL FIT INFORMATION

Number of Free Parameters                       69

Loglikelihood

          H0 Value                       -2898.052
          H0 Scaling Correction Factor      0.9157
            for MLR
          H1 Value                       -2780.677
          H1 Scaling Correction Factor      0.9703
            for MLR

Information Criteria

          Akaike (AIC)                    5934.104
          Bayesian (BIC)                  6113.860
          Sample-Size Adjusted BIC        5895.941
            (n* = (n + 2) / 24)

Chi-Square Test of Model Fit

          Value                            236.897*
          Degrees of Freedom                   183
          P-Value                           0.0045
          Scaling Correction Factor         0.9909
            for MLR

*   The chi-square value for MLM, MLMV, MLR, ULSMV, WLSM and WLSMV cannot be used
    for chi-square difference testing in the regular way.  MLM, MLR and WLSM
    chi-square difference testing is described on the Mplus website.  MLMV, WLSMV,
    and ULSMV difference testing is done using the DIFFTEST option.

RMSEA (Root Mean Square Error Of Approximation)

          Estimate                           0.054
          90 Percent C.I.                    0.032  0.073
          Probability RMSEA <= .05           0.353

CFI/TLI

          CFI                                0.799
          TLI                                0.769

Chi-Square Test of Model Fit for the Baseline Model

          Value                            477.778
          Degrees of Freedom                   210
          P-Value                           0.0000

SRMR (Standardized Root Mean Square Residual)

          Value                              0.084



MODEL RESULTS

                                                    Two-Tailed
                    Estimate       S.E.  Est./S.E.    P-Value

 X        BY
    X3                 1.000      0.000    999.000    999.000
    X2                 0.412      0.506      0.814      0.415
    X1                 0.385      0.585      0.657      0.511

 M        BY
    M12                1.000      0.000    999.000    999.000
    M11                1.153      0.300      3.848      0.000
    M10                1.007      0.259      3.892      0.000
    M9                 1.219      0.356      3.428      0.001
    M8                 0.908      0.286      3.170      0.002
    M7                 0.986      0.273      3.607      0.000
    M6                 0.287      0.207      1.389      0.165
    M5                 0.260      0.208      1.251      0.211
    M4                 0.239      0.214      1.117      0.264
    M3                 0.390      0.240      1.621      0.105
    M2                 0.274      0.254      1.079      0.281
    M1                 0.280      0.238      1.180      0.238

 Y        BY
    Y3                 1.000      0.000    999.000    999.000
    Y2                 0.817      0.167      4.895      0.000
    Y1                 0.578      0.127      4.551      0.000

 XM       BY
    X3P1               1.000      0.000    999.000    999.000
    X2P2               0.335      0.373      0.897      0.370
    X1P3               0.865      0.619      1.396      0.163

 Y        ON
    X                  0.754      1.175      0.642      0.521
    M                  0.537      0.171      3.133      0.002
    XM                 1.266      1.105      1.146      0.252

 X        WITH
    M                  0.071      0.100      0.709      0.479
    XM                -0.017      0.030     -0.554      0.580

 M        WITH
    XM                -0.042      0.056     -0.754      0.451

 Intercepts
    X1                 0.000      0.050      0.000      1.000
    X2                 0.000      0.050      0.000      1.000
    X3                 0.000      0.050      0.000      1.000
    M1                 0.000      0.167      0.000      1.000
    M2                 0.000      0.166      0.000      1.000
    M3                 0.000      0.154      0.000      1.000
    M4                 0.000      0.156      0.000      1.000
    M5                 0.000      0.147      0.000      1.000
    M6                 0.000      0.144      0.000      1.000
    M7                 0.000      0.157      0.000      1.000
    M8                 0.000      0.159      0.000      1.000
    M9                 0.000      0.156      0.000      1.000
    M10                0.000      0.152      0.000      1.000
    M11                0.000      0.148      0.000      1.000
    M12                0.000      0.133      0.000      1.000
    Y1                 0.636      0.082      7.782      0.000
    Y2                 0.908      0.101      9.009      0.000
    Y3                 1.047      0.117      8.979      0.000
    X3P1               0.000      0.043      0.000      1.000
    X2P2               0.000      0.043      0.000      1.000
    X1P3               0.000      0.043      0.000      1.000

 Variances
    X                  0.166      0.211      0.786      0.432
    M                  0.734      0.276      2.659      0.008
    XM                 0.052      0.043      1.193      0.233

 Residual Variances
    X1                 0.225      0.045      5.005      0.000
    X2                 0.218      0.037      5.845      0.000
    X3                 0.084      0.211      0.397      0.691
    M1                 2.720      0.182     14.916      0.000
    M2                 2.712      0.200     13.578      0.000
    M3                 2.250      0.193     11.669      0.000
    M4                 2.394      0.177     13.528      0.000
    M5                 2.111      0.172     12.310      0.000
    M6                 2.019      0.169     11.928      0.000
    M7                 1.755      0.280      6.275      0.000
    M8                 1.934      0.276      7.021      0.000
    M9                 1.346      0.263      5.128      0.000
    M10                1.563      0.254      6.147      0.000
    M11                1.221      0.224      5.445      0.000
    M12                1.043      0.226      4.614      0.000
    Y1                 0.408      0.063      6.447      0.000
    Y2                 0.495      0.105      4.711      0.000
    Y3                 0.579      0.148      3.908      0.000
    X3P1               0.132      0.045      2.909      0.004
    X2P2               0.180      0.024      7.640      0.000
    X1P3               0.147      0.034      4.311      0.000
    Y                  0.425      0.205      2.067      0.039

New/Additional Parameters
    VAR_Y              0.781      0.220      3.558      0.000
    STD_B1             0.348      0.327      1.062      0.288
    STD_B2             0.520      0.129      4.028      0.000
    STD_B3             0.500      0.391      1.277      0.202


QUALITY OF NUMERICAL RESULTS

     Condition Number for the Information Matrix              0.193E-03
       (ratio of smallest to largest eigenvalue)


CONFIDENCE INTERVALS OF MODEL RESULTS

                  Lower .5%  Lower 2.5%    Lower 5%    Estimate    Upper 5%  Upper 2.5%   Upper .5%

 X        BY
    X3               1.000       1.000       1.000       1.000       1.000       1.000       1.000
    X2              -0.891      -0.580      -0.420       0.412       1.244       1.404       1.715
    X1              -1.123      -0.762      -0.578       0.385       1.348       1.532       1.892

 M        BY
    M12              1.000       1.000       1.000       1.000       1.000       1.000       1.000
    M11              0.381       0.566       0.660       1.153       1.646       1.740       1.925
    M10              0.341       0.500       0.581       1.007       1.433       1.514       1.673
    M9               0.303       0.522       0.634       1.219       1.804       1.916       2.135
    M8               0.170       0.347       0.437       0.908       1.379       1.470       1.646
    M7               0.282       0.450       0.536       0.986       1.436       1.522       1.690
    M6              -0.245      -0.118      -0.053       0.287       0.627       0.692       0.820
    M5              -0.275      -0.147      -0.082       0.260       0.602       0.667       0.795
    M4              -0.312      -0.181      -0.113       0.239       0.591       0.659       0.791
    M3              -0.229      -0.081      -0.006       0.390       0.785       0.860       1.008
    M2              -0.380      -0.224      -0.144       0.274       0.691       0.771       0.928
    M1              -0.332      -0.185      -0.110       0.280       0.671       0.746       0.892

 Y        BY
    Y3               1.000       1.000       1.000       1.000       1.000       1.000       1.000
    Y2               0.387       0.490       0.542       0.817       1.091       1.144       1.246
    Y1               0.251       0.329       0.369       0.578       0.787       0.827       0.905

 XM       BY
    X3P1             1.000       1.000       1.000       1.000       1.000       1.000       1.000
    X2P2            -0.627      -0.397      -0.279       0.335       0.949       1.066       1.296
    X1P3            -0.731      -0.349      -0.154       0.865       1.884       2.079       2.461

 Y        ON
    X               -2.272      -1.548      -1.178       0.754       2.687       3.057       3.780
    M                0.095       0.201       0.255       0.537       0.818       0.872       0.978
    XM              -1.580      -0.900      -0.552       1.266       3.084       3.432       4.112

 X        WITH
    M               -0.187      -0.125      -0.094       0.071       0.236       0.267       0.329
    XM              -0.095      -0.076      -0.067      -0.017       0.033       0.043       0.061

 M        WITH
    XM              -0.186      -0.152      -0.134      -0.042       0.050       0.067       0.102

 Intercepts
    X1              -0.129      -0.098      -0.082       0.000       0.082       0.098       0.129
    X2              -0.128      -0.097      -0.082       0.000       0.082       0.097       0.128
    X3              -0.129      -0.098      -0.082       0.000       0.082       0.098       0.129
    M1              -0.429      -0.327      -0.274       0.000       0.274       0.327       0.429
    M2              -0.429      -0.326      -0.274       0.000       0.274       0.326       0.429
    M3              -0.396      -0.301      -0.253       0.000       0.253       0.301       0.396
    M4              -0.402      -0.306      -0.257       0.000       0.257       0.306       0.402
    M5              -0.379      -0.288      -0.242       0.000       0.242       0.288       0.379
    M6              -0.371      -0.283      -0.237       0.000       0.237       0.283       0.371
    M7              -0.405      -0.308      -0.258       0.000       0.258       0.308       0.405
    M8              -0.410      -0.312      -0.262       0.000       0.262       0.312       0.410
    M9              -0.402      -0.306      -0.257       0.000       0.257       0.306       0.402
    M10             -0.391      -0.298      -0.250       0.000       0.250       0.298       0.391
    M11             -0.382      -0.290      -0.244       0.000       0.244       0.290       0.382
    M12             -0.343      -0.261      -0.219       0.000       0.219       0.261       0.343
    Y1               0.426       0.476       0.502       0.636       0.771       0.797       0.847
    Y2               0.649       0.711       0.742       0.908       1.074       1.106       1.168
    Y3               0.747       0.819       0.855       1.047       1.239       1.276       1.348
    X3P1            -0.111      -0.084      -0.071       0.000       0.071       0.084       0.111
    X2P2            -0.111      -0.084      -0.071       0.000       0.071       0.084       0.111
    X1P3            -0.111      -0.084      -0.071       0.000       0.071       0.084       0.111

 Variances
    X               -0.378      -0.248      -0.181       0.166       0.513       0.580       0.710
    M                0.023       0.193       0.280       0.734       1.188       1.275       1.445
    XM              -0.060      -0.033      -0.020       0.052       0.123       0.137       0.164

 Residual Variances
    X1               0.109       0.137       0.151       0.225       0.299       0.314       0.341
    X2               0.122       0.145       0.157       0.218       0.280       0.291       0.314
    X3              -0.460      -0.330      -0.263       0.084       0.431       0.498       0.628
    M1               2.250       2.363       2.420       2.720       3.020       3.078       3.190
    M2               2.198       2.321       2.384       2.712       3.041       3.104       3.227
    M3               1.753       1.872       1.933       2.250       2.567       2.628       2.746
    M4               1.939       2.048       2.103       2.394       2.686       2.741       2.850
    M5               1.670       1.775       1.829       2.111       2.394       2.448       2.553
    M6               1.583       1.688       1.741       2.019       2.298       2.351       2.456
    M7               1.035       1.207       1.295       1.755       2.215       2.304       2.476
    M8               1.225       1.394       1.481       1.934       2.388       2.474       2.644
    M9               0.670       0.832       0.914       1.346       1.778       1.861       2.022
    M10              0.908       1.065       1.145       1.563       1.982       2.062       2.218
    M11              0.643       0.781       0.852       1.221       1.590       1.660       1.798
    M12              0.461       0.600       0.671       1.043       1.415       1.486       1.625
    Y1               0.245       0.284       0.304       0.408       0.512       0.532       0.571
    Y2               0.225       0.289       0.322       0.495       0.668       0.701       0.766
    Y3               0.197       0.288       0.335       0.579       0.822       0.869       0.960
    X3P1             0.015       0.043       0.057       0.132       0.207       0.221       0.249
    X2P2             0.119       0.134       0.141       0.180       0.219       0.226       0.241
    X1P3             0.059       0.080       0.091       0.147       0.203       0.213       0.234
    Y               -0.105       0.022       0.087       0.425       0.763       0.827       0.954

New/Additional Parameters
    VAR_Y            0.216       0.351       0.420       0.781       1.143       1.212       1.347
    STD_B1          -0.495      -0.294      -0.191       0.348       0.886       0.989       1.191
    STD_B2           0.187       0.267       0.308       0.520       0.732       0.773       0.853
    STD_B3          -0.508      -0.267      -0.144       0.500       1.144       1.267       1.508


TECHNICAL 1 OUTPUT


     PARAMETER SPECIFICATION


           NU
              X1            X2            X3            M1            M2
              ________      ________      ________      ________      ________
                  1             2             3             4             5


           NU
              M3            M4            M5            M6            M7
              ________      ________      ________      ________      ________
                  6             7             8             9            10


           NU
              M8            M9            M10           M11           M12
              ________      ________      ________      ________      ________
                 11            12            13            14            15


           NU
              Y1            Y2            Y3            X3P1          X2P2
              ________      ________      ________      ________      ________
                 16            17            18            19            20


           NU
              X1P3
              ________
                 21


           LAMBDA
              X             M             Y             XM
              ________      ________      ________      ________
 X1                22             0             0             0
 X2                23             0             0             0
 X3                 0             0             0             0
 M1                 0            24             0             0
 M2                 0            25             0             0
 M3                 0            26             0             0
 M4                 0            27             0             0
 M5                 0            28             0             0
 M6                 0            29             0             0
 M7                 0            30             0             0
 M8                 0            31             0             0
 M9                 0            32             0             0
 M10                0            33             0             0
 M11                0            34             0             0
 M12                0             0             0             0
 Y1                 0             0            35             0
 Y2                 0             0            36             0
 Y3                 0             0             0             0
 X3P1               0             0             0             0
 X2P2               0             0             0            37
 X1P3               0             0             0            38


           THETA
              X1            X2            X3            M1            M2
              ________      ________      ________      ________      ________
 X1                39
 X2                 0            40
 X3                 0             0            41
 M1                 0             0             0            42
 M2                 0             0             0             0            43
 M3                 0             0             0             0             0
 M4                 0             0             0             0             0
 M5                 0             0             0             0             0
 M6                 0             0             0             0             0
 M7                 0             0             0             0             0
 M8                 0             0             0             0             0
 M9                 0             0             0             0             0
 M10                0             0             0             0             0
 M11                0             0             0             0             0
 M12                0             0             0             0             0
 Y1                 0             0             0             0             0
 Y2                 0             0             0             0             0
 Y3                 0             0             0             0             0
 X3P1               0             0             0             0             0
 X2P2               0             0             0             0             0
 X1P3               0             0             0             0             0


           THETA
              M3            M4            M5            M6            M7
              ________      ________      ________      ________      ________
 M3                44
 M4                 0            45
 M5                 0             0            46
 M6                 0             0             0            47
 M7                 0             0             0             0            48
 M8                 0             0             0             0             0
 M9                 0             0             0             0             0
 M10                0             0             0             0             0
 M11                0             0             0             0             0
 M12                0             0             0             0             0
 Y1                 0             0             0             0             0
 Y2                 0             0             0             0             0
 Y3                 0             0             0             0             0
 X3P1               0             0             0             0             0
 X2P2               0             0             0             0             0
 X1P3               0             0             0             0             0


           THETA
              M8            M9            M10           M11           M12
              ________      ________      ________      ________      ________
 M8                49
 M9                 0            50
 M10                0             0            51
 M11                0             0             0            52
 M12                0             0             0             0            53
 Y1                 0             0             0             0             0
 Y2                 0             0             0             0             0
 Y3                 0             0             0             0             0
 X3P1               0             0             0             0             0
 X2P2               0             0             0             0             0
 X1P3               0             0             0             0             0


           THETA
              Y1            Y2            Y3            X3P1          X2P2
              ________      ________      ________      ________      ________
 Y1                54
 Y2                 0            55
 Y3                 0             0            56
 X3P1               0             0             0            57
 X2P2               0             0             0             0            58
 X1P3               0             0             0             0             0


           THETA
              X1P3
              ________
 X1P3              59


           ALPHA
              X             M             Y             XM
              ________      ________      ________      ________
                  0             0             0             0


           BETA
              X             M             Y             XM
              ________      ________      ________      ________
 X                  0             0             0             0
 M                  0             0             0             0
 Y                 60            61             0            62
 XM                 0             0             0             0


           PSI
              X             M             Y             XM
              ________      ________      ________      ________
 X                 63
 M                 64            65
 Y                  0             0            66
 XM                67            68             0            69


     PARAMETER SPECIFICATION FOR THE ADDITIONAL PARAMETERS


           New/Additional Parameters
              VAR_Y         STD_B1        STD_B2        STD_B3
              ________      ________      ________      ________
                   70            71            72            73


     STARTING VALUES


           NU
              X1            X2            X3            M1            M2
              ________      ________      ________      ________      ________
                0.000         0.000         0.000         0.000         0.000


           NU
              M3            M4            M5            M6            M7
              ________      ________      ________      ________      ________
                0.000         0.000         0.000         0.000         0.000


           NU
              M8            M9            M10           M11           M12
              ________      ________      ________      ________      ________
                0.000         0.000         0.000         0.000         0.000


           NU
              Y1            Y2            Y3            X3P1          X2P2
              ________      ________      ________      ________      ________
                0.636         0.908         1.047         0.000         0.000


           NU
              X1P3
              ________
                0.000


           LAMBDA
              X             M             Y             XM
              ________      ________      ________      ________
 X1             0.571         0.000         0.000         0.000
 X2             0.667         0.000         0.000         0.000
 X3             1.000         0.000         0.000         0.000
 M1             0.000         3.281         0.000         0.000
 M2             0.000         0.898         0.000         0.000
 M3             0.000         0.497         0.000         0.000
 M4             0.000         0.755         0.000         0.000
 M5             0.000         2.207         0.000         0.000
 M6             0.000         1.015         0.000         0.000
 M7             0.000         1.181         0.000         0.000
 M8             0.000         1.683         0.000         0.000
 M9             0.000         2.079         0.000         0.000
 M10            0.000         2.947         0.000         0.000
 M11            0.000         1.057         0.000         0.000
 M12            0.000         1.000         0.000         0.000
 Y1             0.000         0.000         0.556         0.000
 Y2             0.000         0.000         0.798         0.000
 Y3             0.000         0.000         1.000         0.000
 X3P1           0.000         0.000         0.000         1.000
 X2P2           0.000         0.000         0.000         0.313
 X1P3           0.000         0.000         0.000         1.088


           THETA
              X1            X2            X3            M1            M2
              ________      ________      ________      ________      ________
 X1             0.125
 X2             0.000         0.123
 X3             0.000         0.000         0.125
 M1             0.000         0.000         0.000         1.389
 M2             0.000         0.000         0.000         0.000         1.384
 M3             0.000         0.000         0.000         0.000         0.000
 M4             0.000         0.000         0.000         0.000         0.000
 M5             0.000         0.000         0.000         0.000         0.000
 M6             0.000         0.000         0.000         0.000         0.000
 M7             0.000         0.000         0.000         0.000         0.000
 M8             0.000         0.000         0.000         0.000         0.000
 M9             0.000         0.000         0.000         0.000         0.000
 M10            0.000         0.000         0.000         0.000         0.000
 M11            0.000         0.000         0.000         0.000         0.000
 M12            0.000         0.000         0.000         0.000         0.000
 Y1             0.000         0.000         0.000         0.000         0.000
 Y2             0.000         0.000         0.000         0.000         0.000
 Y3             0.000         0.000         0.000         0.000         0.000
 X3P1           0.000         0.000         0.000         0.000         0.000
 X2P2           0.000         0.000         0.000         0.000         0.000
 X1P3           0.000         0.000         0.000         0.000         0.000


           THETA
              M3            M4            M5            M6            M7
              ________      ________      ________      ________      ________
 M3             1.181
 M4             0.000         1.218
 M5             0.000         0.000         1.081
 M6             0.000         0.000         0.000         1.040
 M7             0.000         0.000         0.000         0.000         1.235
 M8             0.000         0.000         0.000         0.000         0.000
 M9             0.000         0.000         0.000         0.000         0.000
 M10            0.000         0.000         0.000         0.000         0.000
 M11            0.000         0.000         0.000         0.000         0.000
 M12            0.000         0.000         0.000         0.000         0.000
 Y1             0.000         0.000         0.000         0.000         0.000
 Y2             0.000         0.000         0.000         0.000         0.000
 Y3             0.000         0.000         0.000         0.000         0.000
 X3P1           0.000         0.000         0.000         0.000         0.000
 X2P2           0.000         0.000         0.000         0.000         0.000
 X1P3           0.000         0.000         0.000         0.000         0.000


           THETA
              M8            M9            M10           M11           M12
              ________      ________      ________      ________      ________
 M8             1.270
 M9             0.000         1.219
 M10            0.000         0.000         1.154
 M11            0.000         0.000         0.000         1.098
 M12            0.000         0.000         0.000         0.000         0.889
 Y1             0.000         0.000         0.000         0.000         0.000
 Y2             0.000         0.000         0.000         0.000         0.000
 Y3             0.000         0.000         0.000         0.000         0.000
 X3P1           0.000         0.000         0.000         0.000         0.000
 X2P2           0.000         0.000         0.000         0.000         0.000
 X1P3           0.000         0.000         0.000         0.000         0.000


           THETA
              Y1            Y2            Y3            X3P1          X2P2
              ________      ________      ________      ________      ________
 Y1             0.334
 Y2             0.000         0.508
 Y3             0.000         0.000         0.680
 X3P1           0.000         0.000         0.000         0.092
 X2P2           0.000         0.000         0.000         0.000         0.093
 X1P3           0.000         0.000         0.000         0.000         0.000


           THETA
              X1P3
              ________
 X1P3           0.093


           ALPHA
              X             M             Y             XM
              ________      ________      ________      ________
                0.000         0.000         0.000         0.000


           BETA
              X             M             Y             XM
              ________      ________      ________      ________
 X              0.000         0.000         0.000         0.000
 M              0.000         0.000         0.000         0.000
 Y              0.000         0.000         0.000         0.000
 XM             0.000         0.000         0.000         0.000


           PSI
              X             M             Y             XM
              ________      ________      ________      ________
 X              0.050
 M              0.000         0.050
 Y              0.000         0.000         0.050
 XM             0.000         0.000         0.000         0.050


     STARTING VALUES FOR THE ADDITIONAL PARAMETERS


           New/Additional Parameters
              VAR_Y         STD_B1        STD_B2        STD_B3
              ________      ________      ________      ________
                0.500         0.500         0.500         0.500


RESULTS SAVING INFORMATION

  Order of data

    Parameter estimates
     (saved in order shown in Technical 1 output)
    Standard errors
     (saved in order shown in Technical 1 output)
    Number of Free Parameters
    H0 Loglikelihood
    H0 Scaling Correction Factor for MLR
    H1 Loglikelihood
    H1 Scaling Correction Factor for MLR
    Akaike (AIC)
    Bayesian (BIC)
    Sample-Size Adjusted BIC
    Chi-square : Value
    Chi-square : Degrees of Freedom
    Chi-square : P-Value
    Chi-square : Scaling Correction Factor for MLR/MLM/WLSM
    CFI
    TLI
    RMSEA : Estimate
    RMSEA : Low CI
    RMSEA : High CI
    RMSEA : Probability
    SRMR
    Condition Number

  Save file
    parcelupi_results_963.dat

  Save file format           Free


     Beginning Time:  18:03:03
        Ending Time:  18:03:06
       Elapsed Time:  00:00:03



MUTHEN & MUTHEN
3463 Stoner Ave.
Los Angeles, CA  90066

Tel: (310) 391-9971
Fax: (310) 391-8971
Web: www.StatModel.com
Support: Support@StatModel.com

Copyright (c) 1998-2022 Muthen & Muthen
