Mplus VERSION 8.8 (Mac)
MUTHEN & MUTHEN
07/27/2025   7:26 PM

INPUT INSTRUCTIONS


    TITLE: Parceling Unconstrained Product Indicator

    DATA:
      FILE = parcelupi_simdat_1246.dat;
      FORMAT IS FREE;

    VARIABLE:
      NAMES = x1 x2 x3
      	    m1 m2 m3 m4 m5 m6
      	    m7 m8 m9 m10 m11 m12
      	    y1 y2 y3
      	    p1 p2 p3
      	    x3p1 x2p2 x1p3;
      USEVARIABLES = x1 x2 x3
      	    m1 m2 m3 m4 m5 m6
      	    m7 m8 m9 m10 m11 m12
      	    y1 y2 y3
      	    x3p1 x2p2 x1p3;

    ANALYSIS:
      TYPE = general;
      ESTIMATOR = MLR;
    MODEL:
      !measurement model
      X BY x3 x2 x1;
      X (var_X);
      M BY m12 m11 m10 m9 m8 m7 m6 m5 m4 m3 m2 m1;
      M (var_M);
      Y BY y3 y2 y1;
      Y (resvar_Y);
      XM BY x3p1 x2p2 x1p3;
      XM (var_XM);

      !covariances between predictors
      X WITH M (cov_XM);
      X WITH XM (cov_XXM);
      M WITH XM (cov_MXM);

      !structural model
      Y ON X (b1);
      Y ON M (b2);
      Y ON XM (b3);

    MODEL CONSTRAINT:

      NEW(var_Y std_b1 std_b2 std_b3);
      var_Y = resvar_Y +
       (b1^2 * var_X +
        b2^2 * var_M +
        b3^2 * var_XM +
        2 * b1 * b2 * cov_XM +
        2 * b1 * b3 * cov_XXM +
        2 * b2 * b3 * cov_MXM);

        std_b1 = b1 * sqrt(var_X) / sqrt(var_Y);
        std_b2 = b2 * sqrt(var_M) / sqrt(var_Y);
        std_b3 = b3 * sqrt(var_X) * sqrt(var_M) / sqrt(var_Y);

    OUTPUT:
      sampstat tech1 CINTERVAL;

    SAVEDATA:
      RESULTS = parcelupi_results_1246.dat;




INPUT READING TERMINATED NORMALLY



Parceling Unconstrained Product Indicator

SUMMARY OF ANALYSIS

Number of groups                                                 1
Number of observations                                         100

Number of dependent variables                                   21
Number of independent variables                                  0
Number of continuous latent variables                            4

Observed dependent variables

  Continuous
   X1          X2          X3          M1          M2          M3
   M4          M5          M6          M7          M8          M9
   M10         M11         M12         Y1          Y2          Y3
   X3P1        X2P2        X1P3

Continuous latent variables
   X           M           Y           XM


Estimator                                                      MLR
Information matrix                                        OBSERVED
Maximum number of iterations                                  1000
Convergence criterion                                    0.500D-04
Maximum number of steepest descent iterations                   20

Input data file(s)
  parcelupi_simdat_1246.dat

Input data format  FREE


SAMPLE STATISTICS


     SAMPLE STATISTICS


           Means
              X1            X2            X3            M1            M2
              ________      ________      ________      ________      ________
                0.000         0.000         0.000         0.000         0.000


           Means
              M3            M4            M5            M6            M7
              ________      ________      ________      ________      ________
                0.000         0.000         0.000         0.000         0.000


           Means
              M8            M9            M10           M11           M12
              ________      ________      ________      ________      ________
                0.000         0.000         0.000         0.000         0.000


           Means
              Y1            Y2            Y3            X3P1          X2P2
              ________      ________      ________      ________      ________
                0.778         0.979         1.058         0.000         0.000


           Means
              X1P3
              ________
                0.000


           Covariances
              X1            X2            X3            M1            M2
              ________      ________      ________      ________      ________
 X1             0.250
 X2             0.010         0.250
 X3             0.091         0.049         0.246
 M1            -0.023        -0.067         0.050         2.702
 M2            -0.029         0.009        -0.032         0.199         2.806
 M3             0.157         0.033         0.080         0.112        -0.061
 M4             0.102         0.088        -0.007        -0.108         0.093
 M5             0.090        -0.020         0.101        -0.311         0.058
 M6             0.276         0.034         0.103         0.377         0.046
 M7             0.033         0.087         0.080         0.248         0.341
 M8             0.106         0.144         0.153         0.067         0.536
 M9             0.164         0.156         0.068         0.294         0.060
 M10            0.125         0.055         0.104         0.252         0.080
 M11            0.054         0.096         0.118         0.442         0.392
 M12            0.102         0.108         0.193         0.219         0.425
 Y1             0.090         0.093         0.043         0.008         0.371
 Y2             0.114         0.039         0.165         0.050         0.022
 Y3             0.156         0.130         0.132         0.125         0.122
 X3P1          -0.010        -0.032        -0.009        -0.008        -0.029
 X2P2          -0.002        -0.002        -0.025         0.034         0.003
 X1P3           0.006        -0.033        -0.003         0.069        -0.077


           Covariances
              M3            M4            M5            M6            M7
              ________      ________      ________      ________      ________
 M3             2.682
 M4             0.362         2.473
 M5             0.629         0.610         2.437
 M6             0.577        -0.246         0.003         2.389
 M7             0.458         0.028         0.331         0.353         2.402
 M8             0.617         0.164         0.393         0.439         0.673
 M9             0.595         0.363         0.141         0.222         0.495
 M10            0.982        -0.071         0.495         0.697         0.918
 M11            0.442         0.196         0.544         0.564         0.868
 M12            0.899         0.216         0.392         0.796         0.381
 Y1             0.176         0.069        -0.036         0.114         0.144
 Y2             0.302         0.129         0.124         0.043         0.289
 Y3             0.355         0.072         0.095         0.342         0.340
 X3P1          -0.051        -0.027         0.007        -0.064         0.010
 X2P2           0.058         0.041         0.044         0.051         0.035
 X1P3          -0.044         0.070        -0.021         0.036         0.017


           Covariances
              M8            M9            M10           M11           M12
              ________      ________      ________      ________      ________
 M8             2.049
 M9             0.491         2.527
 M10            0.567         1.018         2.142
 M11            0.694         0.580         1.008         2.120
 M12            0.526         1.256         1.089         0.746         2.326
 Y1             0.313         0.254         0.100         0.145         0.113
 Y2             0.128         0.116         0.212         0.307         0.230
 Y3             0.206         0.300         0.302         0.368         0.380
 X3P1          -0.016        -0.001         0.086         0.031         0.034
 X2P2           0.111        -0.066         0.074         0.091        -0.002
 X1P3          -0.041        -0.107        -0.005         0.130        -0.042


           Covariances
              Y1            Y2            Y3            X3P1          X2P2
              ________      ________      ________      ________      ________
 Y1             0.667
 Y2             0.359         1.104
 Y3             0.332         0.507         1.106
 X3P1          -0.012         0.056         0.104         0.218
 X2P2           0.005         0.002        -0.005         0.024         0.223
 X1P3           0.040         0.020         0.058         0.035         0.038


           Covariances
              X1P3
              ________
 X1P3           0.253


           Correlations
              X1            X2            X3            M1            M2
              ________      ________      ________      ________      ________
 X1             1.000
 X2             0.042         1.000
 X3             0.368         0.197         1.000
 M1            -0.028        -0.081         0.061         1.000
 M2            -0.035         0.011        -0.039         0.072         1.000
 M3             0.192         0.041         0.098         0.042        -0.022
 M4             0.130         0.111        -0.009        -0.042         0.035
 M5             0.115        -0.025         0.131        -0.121         0.022
 M6             0.357         0.045         0.135         0.149         0.018
 M7             0.043         0.112         0.105         0.097         0.131
 M8             0.148         0.202         0.216         0.029         0.224
 M9             0.206         0.196         0.086         0.113         0.022
 M10            0.171         0.075         0.144         0.105         0.032
 M11            0.074         0.132         0.163         0.185         0.161
 M12            0.134         0.141         0.255         0.087         0.166
 Y1             0.220         0.228         0.106         0.006         0.271
 Y2             0.217         0.073         0.315         0.029         0.013
 Y3             0.296         0.248         0.254         0.072         0.069
 X3P1          -0.043        -0.136        -0.039        -0.010        -0.037
 X2P2          -0.010        -0.010        -0.107         0.044         0.004
 X1P3           0.024        -0.132        -0.012         0.084        -0.091


           Correlations
              M3            M4            M5            M6            M7
              ________      ________      ________      ________      ________
 M3             1.000
 M4             0.140         1.000
 M5             0.246         0.248         1.000
 M6             0.228        -0.101         0.001         1.000
 M7             0.180         0.012         0.137         0.147         1.000
 M8             0.263         0.073         0.176         0.198         0.303
 M9             0.228         0.145         0.057         0.090         0.201
 M10            0.410        -0.031         0.217         0.308         0.405
 M11            0.185         0.086         0.239         0.251         0.385
 M12            0.360         0.090         0.165         0.338         0.161
 Y1             0.132         0.054        -0.029         0.090         0.114
 Y2             0.175         0.078         0.076         0.027         0.178
 Y3             0.206         0.043         0.058         0.210         0.209
 X3P1          -0.066        -0.036         0.009        -0.089         0.014
 X2P2           0.075         0.055         0.060         0.070         0.048
 X1P3          -0.054         0.089        -0.027         0.047         0.022


           Correlations
              M8            M9            M10           M11           M12
              ________      ________      ________      ________      ________
 M8             1.000
 M9             0.216         1.000
 M10            0.271         0.437         1.000
 M11            0.333         0.251         0.473         1.000
 M12            0.241         0.518         0.488         0.336         1.000
 Y1             0.268         0.196         0.084         0.122         0.091
 Y2             0.085         0.070         0.138         0.200         0.144
 Y3             0.137         0.179         0.196         0.241         0.237
 X3P1          -0.024        -0.001         0.125         0.045         0.048
 X2P2           0.164        -0.088         0.107         0.132        -0.002
 X1P3          -0.057        -0.134        -0.007         0.178        -0.054


           Correlations
              Y1            Y2            Y3            X3P1          X2P2
              ________      ________      ________      ________      ________
 Y1             1.000
 Y2             0.418         1.000
 Y3             0.386         0.458         1.000
 X3P1          -0.030         0.113         0.212         1.000
 X2P2           0.014         0.004        -0.011         0.110         1.000
 X1P3           0.098         0.037         0.110         0.148         0.160


           Correlations
              X1P3
              ________
 X1P3           1.000


UNIVARIATE SAMPLE STATISTICS


     UNIVARIATE HIGHER-ORDER MOMENT DESCRIPTIVE STATISTICS

         Variable/         Mean/     Skewness/   Minimum/ % with                Percentiles
        Sample Size      Variance    Kurtosis    Maximum  Min/Max      20%/60%    40%/80%    Median

     X1                    0.000       0.080      -0.480   52.00%      -0.480     -0.480     -0.480
             100.000       0.250      -1.994       0.520   48.00%       0.520      0.520
     X2                    0.000      -0.080      -0.520   48.00%      -0.520     -0.520      0.480
             100.000       0.250      -1.994       0.480   52.00%       0.480      0.480
     X3                    0.000      -0.242      -0.560   44.00%      -0.560     -0.560      0.440
             100.000       0.246      -1.942       0.440   56.00%       0.440      0.440
     M1                    0.000      -0.117      -2.090   29.00%      -2.090     -1.090     -0.090
             100.000       2.702      -1.635       1.910   31.00%       0.910      1.910
     M2                    0.000       0.180      -1.790   39.00%      -1.790     -0.790      0.210
             100.000       2.806      -1.636       2.210   27.00%       0.210      2.210
     M3                    0.000      -0.117      -2.090   29.00%      -2.090     -1.090     -0.090
             100.000       2.682      -1.617       1.910   31.00%       0.910      1.910
     M4                    0.000       0.092      -1.870   32.00%      -1.870     -0.870      0.130
             100.000       2.473      -1.505       2.130   24.00%       0.130      2.130
     M5                    0.000      -0.164      -2.230   20.00%      -2.230     -0.230     -0.230
             100.000       2.437      -1.524       1.770   34.00%       0.770      1.770
     M6                    0.000      -0.034      -2.030   25.00%      -2.030     -1.030     -0.030
             100.000       2.389      -1.509       1.970   26.00%       0.970      1.970
     M7                    0.000       0.102      -1.910   28.00%      -1.910     -0.910      0.090
             100.000       2.402      -1.476       2.090   25.00%       0.090      2.090
     M8                    0.000      -0.073      -2.030   22.00%      -2.030     -0.030     -0.030
             100.000       2.049      -1.279       1.970   21.00%      -0.030      1.970
     M9                    0.000      -0.023      -1.950   31.00%      -1.950     -0.950      0.050
             100.000       2.527      -1.580       2.050   24.00%       1.050      2.050
     M10                   0.000       0.209      -1.760   29.00%      -1.760     -0.760      0.240
             100.000       2.142      -1.317       2.240   18.00%       0.240      1.240
     M11                   0.000      -0.233      -2.200   19.00%      -1.200     -0.200     -0.200
             100.000       2.120      -1.330       1.800   25.00%       0.800      1.800
     M12                   0.000       0.017      -2.120   19.00%      -1.120     -1.120     -0.120
             100.000       2.326      -1.478       1.880   32.00%      -0.120      1.880
     Y1                    0.778       0.342      -1.282    1.00%       0.092      0.493      0.649
             100.000       0.667       0.178       3.149    1.00%       0.883      1.447
     Y2                    0.979       0.199      -1.493    1.00%      -0.055      0.595      0.965
             100.000       1.104      -0.436       3.296    1.00%       1.185      1.849
     Y3                    1.058       0.014      -1.242    1.00%       0.103      0.808      1.027
             100.000       1.106      -0.407       3.515    1.00%       1.262      2.035
     X3P1                  0.000      -0.050      -1.052    1.00%      -0.492     -0.079      0.031
             100.000       0.218      -0.774       1.048    1.00%       0.141      0.471
     X2P2                  0.000       0.043      -1.065    1.00%      -0.448     -0.155     -0.025
             100.000       0.223      -0.854       0.885    1.00%       0.105      0.495
     X1P3                  0.000      -0.273      -1.030    2.00%      -0.533     -0.120      0.067
             100.000       0.253      -0.901       0.920    1.00%       0.187      0.530


     THIS ANALYSIS MAY HAVE MULTIPLE SOLUTIONS.  EXPLORE THIS USING RANDOM STARTS,
     FOR EXAMPLE, STARTS = 20.  USE A LARGE ENOUGH NUMBER OF STARTS SO THAT THE
     BEST FIT FUNCTION VALUE IS REPLICATED SEVERAL TIMES.


THE MODEL ESTIMATION TERMINATED NORMALLY

     THE STANDARD ERRORS OF THE MODEL PARAMETER ESTIMATES MAY NOT BE
     TRUSTWORTHY FOR SOME PARAMETERS DUE TO A NON-POSITIVE DEFINITE
     FIRST-ORDER DERIVATIVE PRODUCT MATRIX.  THIS MAY BE DUE TO THE STARTING
     VALUES BUT MAY ALSO BE AN INDICATION OF MODEL NONIDENTIFICATION.  THE
     CONDITION NUMBER IS      -0.512D-17.  PROBLEM INVOLVING THE FOLLOWING PARAMETER:
     Parameter 40, X2

     THIS IS MOST LIKELY DUE TO VARIABLE X1 BEING DICHOTOMOUS BUT
     DECLARED AS CONTINUOUS.




MODEL FIT INFORMATION

Number of Free Parameters                       69

Loglikelihood

          H0 Value                       -2933.898
          H0 Scaling Correction Factor      0.8586
            for MLR
          H1 Value                       -2838.145
          H1 Scaling Correction Factor      0.9574
            for MLR

Information Criteria

          Akaike (AIC)                    6005.795
          Bayesian (BIC)                  6185.552
          Sample-Size Adjusted BIC        5967.633
            (n* = (n + 2) / 24)

Chi-Square Test of Model Fit

          Value                            192.531*
          Degrees of Freedom                   183
          P-Value                           0.3000
          Scaling Correction Factor         0.9947
            for MLR

*   The chi-square value for MLM, MLMV, MLR, ULSMV, WLSM and WLSMV cannot be used
    for chi-square difference testing in the regular way.  MLM, MLR and WLSM
    chi-square difference testing is described on the Mplus website.  MLMV, WLSMV,
    and ULSMV difference testing is done using the DIFFTEST option.

RMSEA (Root Mean Square Error Of Approximation)

          Estimate                           0.023
          90 Percent C.I.                    0.000  0.051
          Probability RMSEA <= .05           0.945

CFI/TLI

          CFI                                0.961
          TLI                                0.955

Chi-Square Test of Model Fit for the Baseline Model

          Value                            454.542
          Degrees of Freedom                   210
          P-Value                           0.0000

SRMR (Standardized Root Mean Square Residual)

          Value                              0.066



MODEL RESULTS

                                                    Two-Tailed
                    Estimate       S.E.  Est./S.E.    P-Value

 X        BY
    X3                 1.000      0.000    999.000    999.000
    X2                 0.583      0.345      1.693      0.090
    X1                 0.913      0.209      4.376      0.000

 M        BY
    M12                1.000      0.000    999.000    999.000
    M11                0.867      0.165      5.251      0.000
    M10                1.089      0.169      6.445      0.000
    M9                 0.859      0.126      6.810      0.000
    M8                 0.648      0.177      3.670      0.000
    M7                 0.716      0.199      3.598      0.000
    M6                 0.622      0.152      4.085      0.000
    M5                 0.442      0.180      2.453      0.014
    M4                 0.163      0.186      0.875      0.381
    M3                 0.808      0.152      5.316      0.000
    M2                 0.248      0.191      1.301      0.193
    M1                 0.259      0.188      1.379      0.168

 Y        BY
    Y3                 1.000      0.000    999.000    999.000
    Y2                 0.873      0.214      4.077      0.000
    Y1                 0.569      0.167      3.411      0.001

 XM       BY
    X3P1               1.000      0.000    999.000    999.000
    X2P2               0.546      0.650      0.840      0.401
    X1P3               0.740      0.603      1.227      0.220

 Y        ON
    X                  2.220      1.754      1.266      0.206
    M                 -0.033      0.266     -0.123      0.902
    XM                 1.784      1.359      1.313      0.189

 X        WITH
    M                  0.141      0.051      2.782      0.005
    XM                -0.015      0.021     -0.725      0.468

 M        WITH
    XM                 0.027      0.059      0.450      0.653

 Intercepts
    X1                 0.000      0.050      0.000      1.000
    X2                 0.000      0.050      0.000      1.000
    X3                 0.000      0.050      0.000      1.000
    M1                 0.000      0.164      0.000      1.000
    M2                 0.000      0.168      0.000      1.000
    M3                 0.000      0.164      0.000      1.000
    M4                 0.000      0.157      0.000      1.000
    M5                 0.000      0.156      0.000      1.000
    M6                 0.000      0.155      0.000      1.000
    M7                 0.000      0.155      0.000      1.000
    M8                 0.000      0.143      0.000      1.000
    M9                 0.000      0.159      0.000      1.000
    M10                0.000      0.146      0.000      1.000
    M11                0.000      0.146      0.000      1.000
    M12                0.000      0.152      0.000      1.000
    Y1                 0.778      0.082      9.529      0.000
    Y2                 0.979      0.105      9.319      0.000
    Y3                 1.058      0.105     10.060      0.000
    X3P1               0.000      0.047      0.000      1.000
    X2P2               0.000      0.047      0.000      1.000
    X1P3               0.000      0.050      0.000      1.000

 Variances
    X                  0.084      0.043      1.969      0.049
    M                  1.012      0.258      3.929      0.000
    XM                 0.052      0.043      1.207      0.228

 Residual Variances
    X1                 0.180      0.035      5.170      0.000
    X2                 0.221      0.025      8.902      0.000
    X3                 0.163      0.043      3.801      0.000
    M1                 2.634      0.182     14.449      0.000
    M2                 2.744      0.185     14.822      0.000
    M3                 2.021      0.243      8.304      0.000
    M4                 2.446      0.176     13.917      0.000
    M5                 2.239      0.178     12.586      0.000
    M6                 1.998      0.229      8.711      0.000
    M7                 1.883      0.223      8.428      0.000
    M8                 1.624      0.209      7.782      0.000
    M9                 1.780      0.234      7.604      0.000
    M10                0.942      0.195      4.825      0.000
    M11                1.359      0.188      7.230      0.000
    M12                1.314      0.229      5.736      0.000
    Y1                 0.471      0.085      5.536      0.000
    Y2                 0.642      0.145      4.430      0.000
    Y3                 0.499      0.169      2.955      0.003
    X3P1               0.165      0.045      3.700      0.000
    X2P2               0.207      0.038      5.411      0.000
    X1P3               0.224      0.038      5.908      0.000
    Y                  0.170      0.253      0.672      0.502

New/Additional Parameters
    VAR_Y              0.607      0.186      3.271      0.001
    STD_B1             0.825      0.462      1.786      0.074
    STD_B2            -0.042      0.343     -0.123      0.902
    STD_B3             0.667      0.439      1.519      0.129


QUALITY OF NUMERICAL RESULTS

     Condition Number for the Information Matrix              0.278E-04
       (ratio of smallest to largest eigenvalue)


CONFIDENCE INTERVALS OF MODEL RESULTS

                  Lower .5%  Lower 2.5%    Lower 5%    Estimate    Upper 5%  Upper 2.5%   Upper .5%

 X        BY
    X3               1.000       1.000       1.000       1.000       1.000       1.000       1.000
    X2              -0.304      -0.092       0.017       0.583       1.150       1.259       1.471
    X1               0.376       0.504       0.570       0.913       1.257       1.323       1.451

 M        BY
    M12              1.000       1.000       1.000       1.000       1.000       1.000       1.000
    M11              0.442       0.543       0.595       0.867       1.139       1.191       1.293
    M10              0.654       0.758       0.811       1.089       1.367       1.420       1.524
    M9               0.534       0.612       0.652       0.859       1.067       1.107       1.184
    M8               0.193       0.302       0.358       0.648       0.939       0.994       1.103
    M7               0.204       0.326       0.389       0.716       1.044       1.106       1.229
    M6               0.230       0.324       0.371       0.622       0.872       0.920       1.014
    M5              -0.022       0.089       0.146       0.442       0.739       0.796       0.907
    M4              -0.317      -0.202      -0.143       0.163       0.469       0.528       0.643
    M3               0.417       0.510       0.558       0.808       1.058       1.106       1.200
    M2              -0.243      -0.126      -0.066       0.248       0.561       0.621       0.739
    M1              -0.225      -0.109      -0.050       0.259       0.569       0.628       0.744

 Y        BY
    Y3               1.000       1.000       1.000       1.000       1.000       1.000       1.000
    Y2               0.321       0.453       0.521       0.873       1.225       1.292       1.424
    Y1               0.139       0.242       0.294       0.569       0.843       0.895       0.998

 XM       BY
    X3P1             1.000       1.000       1.000       1.000       1.000       1.000       1.000
    X2P2            -1.129      -0.729      -0.524       0.546       1.616       1.821       2.222
    X1P3            -0.814      -0.442      -0.252       0.740       1.732       1.922       2.294

 Y        ON
    X               -2.298      -1.218      -0.665       2.220       5.105       5.657       6.737
    M               -0.717      -0.554      -0.470      -0.033       0.405       0.489       0.652
    XM              -1.716      -0.880      -0.452       1.784       4.019       4.447       5.284

 X        WITH
    M                0.010       0.042       0.058       0.141       0.225       0.240       0.272
    XM              -0.069      -0.056      -0.050      -0.015       0.019       0.026       0.039

 M        WITH
    XM              -0.125      -0.089      -0.071       0.027       0.124       0.142       0.178

 Intercepts
    X1              -0.129      -0.098      -0.082       0.000       0.082       0.098       0.129
    X2              -0.129      -0.098      -0.082       0.000       0.082       0.098       0.129
    X3              -0.128      -0.097      -0.082       0.000       0.082       0.097       0.128
    M1              -0.423      -0.322      -0.270       0.000       0.270       0.322       0.423
    M2              -0.431      -0.328      -0.276       0.000       0.276       0.328       0.431
    M3              -0.422      -0.321      -0.269       0.000       0.269       0.321       0.422
    M4              -0.405      -0.308      -0.259       0.000       0.259       0.308       0.405
    M5              -0.402      -0.306      -0.257       0.000       0.257       0.306       0.402
    M6              -0.398      -0.303      -0.254       0.000       0.254       0.303       0.398
    M7              -0.399      -0.304      -0.255       0.000       0.255       0.304       0.399
    M8              -0.369      -0.281      -0.235       0.000       0.235       0.281       0.369
    M9              -0.410      -0.312      -0.262       0.000       0.262       0.312       0.410
    M10             -0.377      -0.287      -0.241       0.000       0.241       0.287       0.377
    M11             -0.375      -0.285      -0.240       0.000       0.240       0.285       0.375
    M12             -0.393      -0.299      -0.251       0.000       0.251       0.299       0.393
    Y1               0.568       0.618       0.644       0.778       0.913       0.938       0.989
    Y2               0.709       0.773       0.806       0.979       1.152       1.185       1.250
    Y3               0.787       0.852       0.885       1.058       1.231       1.264       1.329
    X3P1            -0.120      -0.091      -0.077       0.000       0.077       0.091       0.120
    X2P2            -0.122      -0.092      -0.078       0.000       0.078       0.092       0.122
    X1P3            -0.129      -0.099      -0.083       0.000       0.083       0.099       0.129

 Variances
    X               -0.026       0.000       0.014       0.084       0.154       0.167       0.193
    M                0.349       0.507       0.588       1.012       1.436       1.517       1.676
    XM              -0.059      -0.033      -0.019       0.052       0.124       0.137       0.164

 Residual Variances
    X1               0.090       0.112       0.123       0.180       0.237       0.248       0.269
    X2               0.157       0.172       0.180       0.221       0.262       0.270       0.285
    X3               0.052       0.079       0.092       0.163       0.233       0.247       0.273
    M1               2.164       2.277       2.334       2.634       2.934       2.991       3.103
    M2               2.267       2.381       2.439       2.744       3.048       3.106       3.220
    M3               1.394       1.544       1.621       2.021       2.421       2.498       2.648
    M4               1.993       2.102       2.157       2.446       2.735       2.791       2.899
    M5               1.781       1.890       1.947       2.239       2.532       2.588       2.697
    M6               1.407       1.548       1.620       1.998       2.375       2.447       2.588
    M7               1.307       1.445       1.515       1.883       2.250       2.321       2.458
    M8               1.086       1.215       1.281       1.624       1.967       2.033       2.162
    M9               1.177       1.321       1.395       1.780       2.165       2.239       2.383
    M10              0.439       0.559       0.621       0.942       1.263       1.324       1.445
    M11              0.875       0.991       1.050       1.359       1.668       1.727       1.843
    M12              0.724       0.865       0.937       1.314       1.690       1.762       1.903
    Y1               0.252       0.304       0.331       0.471       0.611       0.637       0.690
    Y2               0.269       0.358       0.404       0.642       0.881       0.926       1.015
    Y3               0.064       0.168       0.221       0.499       0.776       0.830       0.933
    X3P1             0.050       0.078       0.092       0.165       0.239       0.253       0.281
    X2P2             0.109       0.132       0.144       0.207       0.270       0.282       0.306
    X1P3             0.126       0.150       0.162       0.224       0.286       0.298       0.322
    Y               -0.482      -0.326      -0.247       0.170       0.587       0.667       0.823

New/Additional Parameters
    VAR_Y            0.129       0.243       0.302       0.607       0.912       0.970       1.085
    STD_B1          -0.365      -0.080       0.065       0.825       1.584       1.730       2.014
    STD_B2          -0.925      -0.714      -0.606      -0.042       0.522       0.630       0.841
    STD_B3          -0.464      -0.194      -0.055       0.667       1.389       1.527       1.797


TECHNICAL 1 OUTPUT


     PARAMETER SPECIFICATION


           NU
              X1            X2            X3            M1            M2
              ________      ________      ________      ________      ________
                  1             2             3             4             5


           NU
              M3            M4            M5            M6            M7
              ________      ________      ________      ________      ________
                  6             7             8             9            10


           NU
              M8            M9            M10           M11           M12
              ________      ________      ________      ________      ________
                 11            12            13            14            15


           NU
              Y1            Y2            Y3            X3P1          X2P2
              ________      ________      ________      ________      ________
                 16            17            18            19            20


           NU
              X1P3
              ________
                 21


           LAMBDA
              X             M             Y             XM
              ________      ________      ________      ________
 X1                22             0             0             0
 X2                23             0             0             0
 X3                 0             0             0             0
 M1                 0            24             0             0
 M2                 0            25             0             0
 M3                 0            26             0             0
 M4                 0            27             0             0
 M5                 0            28             0             0
 M6                 0            29             0             0
 M7                 0            30             0             0
 M8                 0            31             0             0
 M9                 0            32             0             0
 M10                0            33             0             0
 M11                0            34             0             0
 M12                0             0             0             0
 Y1                 0             0            35             0
 Y2                 0             0            36             0
 Y3                 0             0             0             0
 X3P1               0             0             0             0
 X2P2               0             0             0            37
 X1P3               0             0             0            38


           THETA
              X1            X2            X3            M1            M2
              ________      ________      ________      ________      ________
 X1                39
 X2                 0            40
 X3                 0             0            41
 M1                 0             0             0            42
 M2                 0             0             0             0            43
 M3                 0             0             0             0             0
 M4                 0             0             0             0             0
 M5                 0             0             0             0             0
 M6                 0             0             0             0             0
 M7                 0             0             0             0             0
 M8                 0             0             0             0             0
 M9                 0             0             0             0             0
 M10                0             0             0             0             0
 M11                0             0             0             0             0
 M12                0             0             0             0             0
 Y1                 0             0             0             0             0
 Y2                 0             0             0             0             0
 Y3                 0             0             0             0             0
 X3P1               0             0             0             0             0
 X2P2               0             0             0             0             0
 X1P3               0             0             0             0             0


           THETA
              M3            M4            M5            M6            M7
              ________      ________      ________      ________      ________
 M3                44
 M4                 0            45
 M5                 0             0            46
 M6                 0             0             0            47
 M7                 0             0             0             0            48
 M8                 0             0             0             0             0
 M9                 0             0             0             0             0
 M10                0             0             0             0             0
 M11                0             0             0             0             0
 M12                0             0             0             0             0
 Y1                 0             0             0             0             0
 Y2                 0             0             0             0             0
 Y3                 0             0             0             0             0
 X3P1               0             0             0             0             0
 X2P2               0             0             0             0             0
 X1P3               0             0             0             0             0


           THETA
              M8            M9            M10           M11           M12
              ________      ________      ________      ________      ________
 M8                49
 M9                 0            50
 M10                0             0            51
 M11                0             0             0            52
 M12                0             0             0             0            53
 Y1                 0             0             0             0             0
 Y2                 0             0             0             0             0
 Y3                 0             0             0             0             0
 X3P1               0             0             0             0             0
 X2P2               0             0             0             0             0
 X1P3               0             0             0             0             0


           THETA
              Y1            Y2            Y3            X3P1          X2P2
              ________      ________      ________      ________      ________
 Y1                54
 Y2                 0            55
 Y3                 0             0            56
 X3P1               0             0             0            57
 X2P2               0             0             0             0            58
 X1P3               0             0             0             0             0


           THETA
              X1P3
              ________
 X1P3              59


           ALPHA
              X             M             Y             XM
              ________      ________      ________      ________
                  0             0             0             0


           BETA
              X             M             Y             XM
              ________      ________      ________      ________
 X                  0             0             0             0
 M                  0             0             0             0
 Y                 60            61             0            62
 XM                 0             0             0             0


           PSI
              X             M             Y             XM
              ________      ________      ________      ________
 X                 63
 M                 64            65
 Y                  0             0            66
 XM                67            68             0            69


     PARAMETER SPECIFICATION FOR THE ADDITIONAL PARAMETERS


           New/Additional Parameters
              VAR_Y         STD_B1        STD_B2        STD_B3
              ________      ________      ________      ________
                   70            71            72            73


     STARTING VALUES


           NU
              X1            X2            X3            M1            M2
              ________      ________      ________      ________      ________
                0.000         0.000         0.000         0.000         0.000


           NU
              M3            M4            M5            M6            M7
              ________      ________      ________      ________      ________
                0.000         0.000         0.000         0.000         0.000


           NU
              M8            M9            M10           M11           M12
              ________      ________      ________      ________      ________
                0.000         0.000         0.000         0.000         0.000


           NU
              Y1            Y2            Y3            X3P1          X2P2
              ________      ________      ________      ________      ________
                0.778         0.979         1.058         0.000         0.000


           NU
              X1P3
              ________
                0.000


           LAMBDA
              X             M             Y             XM
              ________      ________      ________      ________
 X1             0.213         0.000         0.000         0.000
 X2             0.114         0.000         0.000         0.000
 X3             1.000         0.000         0.000         0.000
 M1             0.000         0.836         0.000         0.000
 M2             0.000         0.201         0.000         0.000
 M3             0.000         0.151         0.000         0.000
 M4             0.000        -0.226         0.000         0.000
 M5             0.000         0.139         0.000         0.000
 M6             0.000         0.672         0.000         0.000
 M7             0.000         0.707         0.000         0.000
 M8             0.000         0.713         0.000         0.000
 M9             0.000         0.558         0.000         0.000
 M10            0.000         1.022         0.000         0.000
 M11            0.000         0.747         0.000         0.000
 M12            0.000         1.000         0.000         0.000
 Y1             0.000         0.000         0.709         0.000
 Y2             0.000         0.000         1.082         0.000
 Y3             0.000         0.000         1.000         0.000
 X3P1           0.000         0.000         0.000         1.000
 X2P2           0.000         0.000         0.000         1.091
 X1P3           0.000         0.000         0.000         1.562


           THETA
              X1            X2            X3            M1            M2
              ________      ________      ________      ________      ________
 X1             0.125
 X2             0.000         0.125
 X3             0.000         0.000         0.123
 M1             0.000         0.000         0.000         1.351
 M2             0.000         0.000         0.000         0.000         1.403
 M3             0.000         0.000         0.000         0.000         0.000
 M4             0.000         0.000         0.000         0.000         0.000
 M5             0.000         0.000         0.000         0.000         0.000
 M6             0.000         0.000         0.000         0.000         0.000
 M7             0.000         0.000         0.000         0.000         0.000
 M8             0.000         0.000         0.000         0.000         0.000
 M9             0.000         0.000         0.000         0.000         0.000
 M10            0.000         0.000         0.000         0.000         0.000
 M11            0.000         0.000         0.000         0.000         0.000
 M12            0.000         0.000         0.000         0.000         0.000
 Y1             0.000         0.000         0.000         0.000         0.000
 Y2             0.000         0.000         0.000         0.000         0.000
 Y3             0.000         0.000         0.000         0.000         0.000
 X3P1           0.000         0.000         0.000         0.000         0.000
 X2P2           0.000         0.000         0.000         0.000         0.000
 X1P3           0.000         0.000         0.000         0.000         0.000


           THETA
              M3            M4            M5            M6            M7
              ________      ________      ________      ________      ________
 M3             1.341
 M4             0.000         1.237
 M5             0.000         0.000         1.219
 M6             0.000         0.000         0.000         1.195
 M7             0.000         0.000         0.000         0.000         1.201
 M8             0.000         0.000         0.000         0.000         0.000
 M9             0.000         0.000         0.000         0.000         0.000
 M10            0.000         0.000         0.000         0.000         0.000
 M11            0.000         0.000         0.000         0.000         0.000
 M12            0.000         0.000         0.000         0.000         0.000
 Y1             0.000         0.000         0.000         0.000         0.000
 Y2             0.000         0.000         0.000         0.000         0.000
 Y3             0.000         0.000         0.000         0.000         0.000
 X3P1           0.000         0.000         0.000         0.000         0.000
 X2P2           0.000         0.000         0.000         0.000         0.000
 X1P3           0.000         0.000         0.000         0.000         0.000


           THETA
              M8            M9            M10           M11           M12
              ________      ________      ________      ________      ________
 M8             1.025
 M9             0.000         1.264
 M10            0.000         0.000         1.071
 M11            0.000         0.000         0.000         1.060
 M12            0.000         0.000         0.000         0.000         1.163
 Y1             0.000         0.000         0.000         0.000         0.000
 Y2             0.000         0.000         0.000         0.000         0.000
 Y3             0.000         0.000         0.000         0.000         0.000
 X3P1           0.000         0.000         0.000         0.000         0.000
 X2P2           0.000         0.000         0.000         0.000         0.000
 X1P3           0.000         0.000         0.000         0.000         0.000


           THETA
              Y1            Y2            Y3            X3P1          X2P2
              ________      ________      ________      ________      ________
 Y1             0.333
 Y2             0.000         0.552
 Y3             0.000         0.000         0.553
 X3P1           0.000         0.000         0.000         0.109
 X2P2           0.000         0.000         0.000         0.000         0.111
 X1P3           0.000         0.000         0.000         0.000         0.000


           THETA
              X1P3
              ________
 X1P3           0.126


           ALPHA
              X             M             Y             XM
              ________      ________      ________      ________
                0.000         0.000         0.000         0.000


           BETA
              X             M             Y             XM
              ________      ________      ________      ________
 X              0.000         0.000         0.000         0.000
 M              0.000         0.000         0.000         0.000
 Y              0.000         0.000         0.000         0.000
 XM             0.000         0.000         0.000         0.000


           PSI
              X             M             Y             XM
              ________      ________      ________      ________
 X              0.050
 M              0.000         0.050
 Y              0.000         0.000         0.050
 XM             0.000         0.000         0.000         0.050


     STARTING VALUES FOR THE ADDITIONAL PARAMETERS


           New/Additional Parameters
              VAR_Y         STD_B1        STD_B2        STD_B3
              ________      ________      ________      ________
                0.500         0.500         0.500         0.500


RESULTS SAVING INFORMATION

  Order of data

    Parameter estimates
     (saved in order shown in Technical 1 output)
    Standard errors
     (saved in order shown in Technical 1 output)
    Number of Free Parameters
    H0 Loglikelihood
    H0 Scaling Correction Factor for MLR
    H1 Loglikelihood
    H1 Scaling Correction Factor for MLR
    Akaike (AIC)
    Bayesian (BIC)
    Sample-Size Adjusted BIC
    Chi-square : Value
    Chi-square : Degrees of Freedom
    Chi-square : P-Value
    Chi-square : Scaling Correction Factor for MLR/MLM/WLSM
    CFI
    TLI
    RMSEA : Estimate
    RMSEA : Low CI
    RMSEA : High CI
    RMSEA : Probability
    SRMR
    Condition Number

  Save file
    parcelupi_results_1246.dat

  Save file format           Free


     Beginning Time:  19:26:15
        Ending Time:  19:26:16
       Elapsed Time:  00:00:01



MUTHEN & MUTHEN
3463 Stoner Ave.
Los Angeles, CA  90066

Tel: (310) 391-9971
Fax: (310) 391-8971
Web: www.StatModel.com
Support: Support@StatModel.com

Copyright (c) 1998-2022 Muthen & Muthen
