Mplus VERSION 8.8 (Mac)
MUTHEN & MUTHEN
07/27/2025   4:17 PM

INPUT INSTRUCTIONS


    TITLE: Parceling Unconstrained Product Indicator

    DATA:
      FILE = parcelupi_simdat_1484.dat;
      FORMAT IS FREE;

    VARIABLE:
      NAMES = x1 x2 x3
      	    m1 m2 m3 m4 m5 m6
      	    m7 m8 m9 m10 m11 m12
      	    y1 y2 y3
      	    p1 p2 p3
      	    x3p1 x2p2 x1p3;
      USEVARIABLES = x1 x2 x3
      	    m1 m2 m3 m4 m5 m6
      	    m7 m8 m9 m10 m11 m12
      	    y1 y2 y3
      	    x3p1 x2p2 x1p3;

    ANALYSIS:
      TYPE = general;
      ESTIMATOR = MLR;
    MODEL:
      !measurement model
      X BY x3 x2 x1;
      X (var_X);
      M BY m12 m11 m10 m9 m8 m7 m6 m5 m4 m3 m2 m1;
      M (var_M);
      Y BY y3 y2 y1;
      Y (resvar_Y);
      XM BY x3p1 x2p2 x1p3;
      XM (var_XM);

      !covariances between predictors
      X WITH M (cov_XM);
      X WITH XM (cov_XXM);
      M WITH XM (cov_MXM);

      !structural model
      Y ON X (b1);
      Y ON M (b2);
      Y ON XM (b3);

    MODEL CONSTRAINT:

      NEW(var_Y std_b1 std_b2 std_b3);
      var_Y = resvar_Y +
       (b1^2 * var_X +
        b2^2 * var_M +
        b3^2 * var_XM +
        2 * b1 * b2 * cov_XM +
        2 * b1 * b3 * cov_XXM +
        2 * b2 * b3 * cov_MXM);

        std_b1 = b1 * sqrt(var_X) / sqrt(var_Y);
        std_b2 = b2 * sqrt(var_M) / sqrt(var_Y);
        std_b3 = b3 * sqrt(var_X) * sqrt(var_M) / sqrt(var_Y);

    OUTPUT:
      sampstat tech1 CINTERVAL;

    SAVEDATA:
      RESULTS = parcelupi_results_1484.dat;




INPUT READING TERMINATED NORMALLY



Parceling Unconstrained Product Indicator

SUMMARY OF ANALYSIS

Number of groups                                                 1
Number of observations                                         100

Number of dependent variables                                   21
Number of independent variables                                  0
Number of continuous latent variables                            4

Observed dependent variables

  Continuous
   X1          X2          X3          M1          M2          M3
   M4          M5          M6          M7          M8          M9
   M10         M11         M12         Y1          Y2          Y3
   X3P1        X2P2        X1P3

Continuous latent variables
   X           M           Y           XM


Estimator                                                      MLR
Information matrix                                        OBSERVED
Maximum number of iterations                                  1000
Convergence criterion                                    0.500D-04
Maximum number of steepest descent iterations                   20

Input data file(s)
  parcelupi_simdat_1484.dat

Input data format  FREE


SAMPLE STATISTICS


     SAMPLE STATISTICS


           Means
              X1            X2            X3            M1            M2
              ________      ________      ________      ________      ________
                0.000         0.000         0.000         0.000         0.000


           Means
              M3            M4            M5            M6            M7
              ________      ________      ________      ________      ________
                0.000         0.000         0.000         0.000         0.000


           Means
              M8            M9            M10           M11           M12
              ________      ________      ________      ________      ________
                0.000         0.000         0.000         0.000         0.000


           Means
              Y1            Y2            Y3            X3P1          X2P2
              ________      ________      ________      ________      ________
                0.539         0.862         1.080         0.000         0.000


           Means
              X1P3
              ________
                0.000


           Covariances
              X1            X2            X3            M1            M2
              ________      ________      ________      ________      ________
 X1             0.248
 X2             0.025         0.250
 X3             0.089         0.055         0.250
 M1            -0.070        -0.160        -0.050         2.740
 M2            -0.046         0.075        -0.025        -0.140         2.590
 M3             0.010        -0.080        -0.030        -0.140         0.060
 M4             0.103         0.005         0.127         0.040         0.372
 M5            -0.063        -0.120        -0.051         0.070        -0.061
 M6             0.085        -0.060         0.089         0.240         0.349
 M7             0.054        -0.025         0.035         0.560        -0.200
 M8            -0.065         0.070         0.009         0.100         0.019
 M9             0.042        -0.080         0.040        -0.290         0.100
 M10            0.047        -0.100        -0.033         0.020         0.407
 M11            0.070         0.050         0.130         0.050         0.110
 M12            0.054         0.035         0.107         0.140         0.422
 Y1             0.013         0.083         0.019         0.039         0.057
 Y2             0.099         0.058         0.047         0.171         0.075
 Y3             0.077         0.059         0.048         0.134         0.017
 X3P1           0.010        -0.024         0.001         0.003        -0.079
 X2P2           0.008         0.000         0.006        -0.072        -0.007
 X1P3           0.005         0.013         0.010        -0.018        -0.033


           Covariances
              M3            M4            M5            M6            M7
              ________      ________      ________      ________      ________
 M3             2.740
 M4             0.320         2.241
 M5             0.320         0.360         2.516
 M6             0.260         0.247         0.404         2.510
 M7             0.340         0.432         0.609        -0.121         2.670
 M8             0.260         0.147         0.574         0.390         0.659
 M9             0.650         0.213         0.342         0.254         0.340
 M10            0.660         0.254         0.404         0.514         0.027
 M11            0.410         0.090         0.330         0.340         0.130
 M12            0.490         0.661         0.180         0.257         0.422
 Y1             0.019         0.252         0.037         0.298         0.007
 Y2            -0.190         0.059        -0.131         0.208         0.068
 Y3             0.029         0.057        -0.182         0.326         0.271
 X3P1          -0.011        -0.033        -0.018         0.040        -0.070
 X2P2           0.115        -0.065         0.055        -0.041        -0.018
 X1P3           0.026         0.107        -0.088        -0.087        -0.045


           Covariances
              M8            M9            M10           M11           M12
              ________      ________      ________      ________      ________
 M8             2.290
 M9             0.204         2.538
 M10            0.484         0.590         2.232
 M11            0.520         0.470         0.450         2.200
 M12            0.637         0.733         0.954         1.080         2.281
 Y1             0.306         0.010         0.351         0.177         0.243
 Y2             0.489        -0.017         0.336         0.453         0.501
 Y3             0.198        -0.009         0.270         0.478         0.251
 X3P1          -0.059        -0.039        -0.021         0.041        -0.010
 X2P2           0.092        -0.005         0.217         0.077         0.057
 X1P3           0.023        -0.138        -0.045         0.037        -0.003


           Covariances
              Y1            Y2            Y3            X3P1          X2P2
              ________      ________      ________      ________      ________
 Y1             0.652
 Y2             0.357         1.239
 Y3             0.323         0.789         1.362
 X3P1           0.041         0.060         0.008         0.196
 X2P2           0.051         0.117         0.042         0.020         0.196
 X1P3           0.067        -0.026         0.022         0.025        -0.001


           Covariances
              X1P3
              ________
 X1P3           0.203


           Correlations
              X1            X2            X3            M1            M2
              ________      ________      ________      ________      ________
 X1             1.000
 X2             0.101         1.000
 X3             0.360         0.220         1.000
 M1            -0.085        -0.193        -0.060         1.000
 M2            -0.057         0.093        -0.031        -0.053         1.000
 M3             0.012        -0.097        -0.036        -0.051         0.023
 M4             0.139         0.007         0.169         0.016         0.154
 M5            -0.080        -0.151        -0.064         0.027        -0.024
 M6             0.108        -0.076         0.112         0.092         0.137
 M7             0.067        -0.031         0.043         0.207        -0.076
 M8            -0.086         0.093         0.012         0.040         0.008
 M9             0.053        -0.100         0.051        -0.110         0.039
 M10            0.063        -0.134        -0.044         0.008         0.169
 M11            0.095         0.067         0.175         0.020         0.046
 M12            0.071         0.046         0.141         0.056         0.173
 Y1             0.033         0.205         0.047         0.029         0.044
 Y2             0.179         0.105         0.085         0.093         0.042
 Y3             0.133         0.101         0.082         0.070         0.009
 X3P1           0.043        -0.110         0.005         0.004        -0.111
 X2P2           0.035         0.000         0.026        -0.098        -0.009
 X1P3           0.022         0.059         0.045        -0.024        -0.046


           Correlations
              M3            M4            M5            M6            M7
              ________      ________      ________      ________      ________
 M3             1.000
 M4             0.129         1.000
 M5             0.122         0.152         1.000
 M6             0.099         0.104         0.161         1.000
 M7             0.126         0.176         0.235        -0.047         1.000
 M8             0.104         0.065         0.239         0.163         0.267
 M9             0.246         0.089         0.135         0.101         0.131
 M10            0.267         0.114         0.171         0.217         0.011
 M11            0.167         0.041         0.140         0.145         0.054
 M12            0.196         0.292         0.075         0.107         0.171
 Y1             0.014         0.208         0.029         0.233         0.006
 Y2            -0.103         0.036        -0.074         0.118         0.038
 Y3             0.015         0.033        -0.098         0.176         0.142
 X3P1          -0.015        -0.051        -0.026         0.056        -0.096
 X2P2           0.157        -0.099         0.078        -0.058        -0.025
 X1P3           0.035         0.159        -0.124        -0.122        -0.062


           Correlations
              M8            M9            M10           M11           M12
              ________      ________      ________      ________      ________
 M8             1.000
 M9             0.085         1.000
 M10            0.214         0.248         1.000
 M11            0.232         0.199         0.203         1.000
 M12            0.279         0.305         0.423         0.482         1.000
 Y1             0.251         0.008         0.291         0.148         0.200
 Y2             0.290        -0.009         0.202         0.274         0.298
 Y3             0.112        -0.005         0.155         0.276         0.143
 X3P1          -0.088        -0.056        -0.031         0.062        -0.015
 X2P2           0.138        -0.008         0.328         0.117         0.085
 X1P3           0.034        -0.192        -0.067         0.055        -0.004


           Correlations
              Y1            Y2            Y3            X3P1          X2P2
              ________      ________      ________      ________      ________
 Y1             1.000
 Y2             0.397         1.000
 Y3             0.342         0.607         1.000
 X3P1           0.115         0.121         0.015         1.000
 X2P2           0.143         0.236         0.081         0.100         1.000
 X1P3           0.183        -0.051         0.041         0.127        -0.006


           Correlations
              X1P3
              ________
 X1P3           1.000


UNIVARIATE SAMPLE STATISTICS


     UNIVARIATE HIGHER-ORDER MOMENT DESCRIPTIVE STATISTICS

         Variable/         Mean/     Skewness/   Minimum/ % with                Percentiles
        Sample Size      Variance    Kurtosis    Maximum  Min/Max      20%/60%    40%/80%    Median

     X1                    0.000       0.201      -0.450   55.00%      -0.450     -0.450     -0.450
             100.000       0.247      -1.960       0.550   45.00%       0.550      0.550
     X2                    0.000       0.000      -0.500   50.00%      -0.500     -0.500      0.000
             100.000       0.250      -2.000       0.500   50.00%       0.500      0.500
     X3                    0.000       0.040      -0.490   51.00%      -0.490     -0.490     -0.490
             100.000       0.250      -1.998       0.510   49.00%       0.510      0.510
     M1                    0.000       0.000      -2.000   31.00%      -2.000     -1.000      0.000
             100.000       2.740      -1.644       2.000   31.00%       1.000      2.000
     M2                    0.000       0.002      -1.990   29.00%      -1.990     -0.990      0.010
             100.000       2.590      -1.594       2.010   28.00%       1.010      2.010
     M3                    0.000       0.040      -2.000   31.00%      -2.000     -1.000      0.000
             100.000       2.740      -1.596       2.000   34.00%       0.000      2.000
     M4                    0.000      -0.131      -2.170   20.00%      -2.170     -0.170     -0.170
             100.000       2.241      -1.396       1.830   29.00%       0.830      1.830
     M5                    0.000       0.098      -1.940   27.00%      -1.940     -0.940      0.060
             100.000       2.516      -1.572       2.060   27.00%       1.060      2.060
     M6                    0.000       0.059      -1.900   31.00%      -1.900     -0.900      0.100
             100.000       2.510      -1.561       2.100   24.00%       1.100      2.100
     M7                    0.000       0.030      -1.990   30.00%      -1.990     -0.990      0.010
             100.000       2.670      -1.598       2.010   31.00%       1.010      2.010
     M8                    0.000       0.100      -1.900   27.00%      -1.900     -0.900      0.100
             100.000       2.290      -1.417       2.100   23.00%       0.100      2.100
     M9                    0.000      -0.021      -2.040   26.00%      -2.040     -1.040     -0.040
             100.000       2.538      -1.583       1.960   29.00%       0.960      1.960
     M10                   0.000       0.251      -1.740   30.00%      -1.740     -0.740      0.260
             100.000       2.232      -1.366       2.260   19.00%       0.260      1.260
     M11                   0.000       0.092      -2.000   20.00%      -2.000     -1.000      0.000
             100.000       2.200      -1.430       2.000   25.00%       0.000      2.000
     M12                   0.000      -0.272      -2.170   24.00%      -2.170     -0.170      0.330
             100.000       2.281      -1.380       1.830   25.00%       0.830      1.830
     Y1                    0.539       0.588      -1.210    1.00%      -0.119      0.352      0.434
             100.000       0.652       0.868       3.249    1.00%       0.655      1.073
     Y2                    0.862      -0.058      -2.666    1.00%      -0.017      0.493      0.869
             100.000       1.239       0.499       3.825    1.00%       1.047      1.831
     Y3                    1.080      -0.053      -1.974    1.00%       0.147      0.704      1.041
             100.000       1.362      -0.277       3.795    1.00%       1.376      1.976
     X3P1                  0.000      -0.196      -1.124    1.00%      -0.377     -0.132      0.113
             100.000       0.196      -0.662       0.848    2.00%       0.151      0.358
     X2P2                  0.000       0.055      -1.040    1.00%      -0.415     -0.165     -0.019
             100.000       0.196      -0.606       1.002    1.00%       0.128      0.378
     X1P3                  0.000       0.092      -0.991    1.00%      -0.428     -0.091      0.002
             100.000       0.203      -0.457       1.102    1.00%       0.134      0.359


     THIS ANALYSIS MAY HAVE MULTIPLE SOLUTIONS.  EXPLORE THIS USING RANDOM STARTS,
     FOR EXAMPLE, STARTS = 20.  USE A LARGE ENOUGH NUMBER OF STARTS SO THAT THE
     BEST FIT FUNCTION VALUE IS REPLICATED SEVERAL TIMES.


THE MODEL ESTIMATION TERMINATED NORMALLY

     THE STANDARD ERRORS OF THE MODEL PARAMETER ESTIMATES MAY NOT BE
     TRUSTWORTHY FOR SOME PARAMETERS DUE TO A NON-POSITIVE DEFINITE
     FIRST-ORDER DERIVATIVE PRODUCT MATRIX.  THIS MAY BE DUE TO THE STARTING
     VALUES BUT MAY ALSO BE AN INDICATION OF MODEL NONIDENTIFICATION.  THE
     CONDITION NUMBER IS      -0.549D-19.  PROBLEM INVOLVING THE FOLLOWING PARAMETER:
     Parameter 40, X2

     THIS IS MOST LIKELY DUE TO VARIABLE X1 BEING DICHOTOMOUS BUT
     DECLARED AS CONTINUOUS.




MODEL FIT INFORMATION

Number of Free Parameters                       69

Loglikelihood

          H0 Value                       -2972.725
          H0 Scaling Correction Factor      0.8943
            for MLR
          H1 Value                       -2874.698
          H1 Scaling Correction Factor      0.9492
            for MLR

Information Criteria

          Akaike (AIC)                    6083.450
          Bayesian (BIC)                  6263.207
          Sample-Size Adjusted BIC        6045.287
            (n* = (n + 2) / 24)

Chi-Square Test of Model Fit

          Value                            202.133*
          Degrees of Freedom                   183
          P-Value                           0.1582
          Scaling Correction Factor         0.9699
            for MLR

*   The chi-square value for MLM, MLMV, MLR, ULSMV, WLSM and WLSMV cannot be used
    for chi-square difference testing in the regular way.  MLM, MLR and WLSM
    chi-square difference testing is described on the Mplus website.  MLMV, WLSMV,
    and ULSMV difference testing is done using the DIFFTEST option.

RMSEA (Root Mean Square Error Of Approximation)

          Estimate                           0.032
          90 Percent C.I.                    0.000  0.056
          Probability RMSEA <= .05           0.875

CFI/TLI

          CFI                                0.897
          TLI                                0.882

Chi-Square Test of Model Fit for the Baseline Model

          Value                            396.035
          Degrees of Freedom                   210
          P-Value                           0.0000

SRMR (Standardized Root Mean Square Residual)

          Value                              0.076



MODEL RESULTS

                                                    Two-Tailed
                    Estimate       S.E.  Est./S.E.    P-Value

 X        BY
    X3                 1.000      0.000    999.000    999.000
    X2                 0.416      0.258      1.612      0.107
    X1                 0.741      0.558      1.328      0.184

 M        BY
    M12                1.000      0.000    999.000    999.000
    M11                0.712      0.133      5.354      0.000
    M10                0.696      0.205      3.395      0.001
    M9                 0.514      0.168      3.068      0.002
    M8                 0.531      0.187      2.834      0.005
    M7                 0.317      0.186      1.699      0.089
    M6                 0.342      0.191      1.785      0.074
    M5                 0.301      0.197      1.526      0.127
    M4                 0.386      0.152      2.533      0.011
    M3                 0.438      0.206      2.125      0.034
    M2                 0.253      0.166      1.521      0.128
    M1                 0.075      0.172      0.438      0.661

 Y        BY
    Y3                 1.000      0.000    999.000    999.000
    Y2                 1.224      0.286      4.284      0.000
    Y1                 0.480      0.132      3.648      0.000

 XM       BY
    X3P1               1.000      0.000    999.000    999.000
    X2P2               2.775      5.692      0.488      0.626
    X1P3               0.086      1.159      0.074      0.941

 Y        ON
    X                  0.345      0.641      0.538      0.590
    M                  0.182      0.149      1.225      0.220
    XM                 3.584      4.266      0.840      0.401

 X        WITH
    M                  0.077      0.075      1.023      0.306
    XM                 0.002      0.009      0.245      0.806

 M        WITH
    XM                 0.030      0.038      0.792      0.429

 Intercepts
    X1                 0.000      0.050      0.000      1.000
    X2                 0.000      0.050      0.000      1.000
    X3                 0.000      0.050      0.000      1.000
    M1                 0.000      0.166      0.000      1.000
    M2                 0.000      0.161      0.000      1.000
    M3                 0.000      0.166      0.000      1.000
    M4                 0.000      0.150      0.000      1.000
    M5                 0.000      0.159      0.000      1.000
    M6                 0.000      0.158      0.000      1.000
    M7                 0.000      0.163      0.000      1.000
    M8                 0.000      0.151      0.000      1.000
    M9                 0.000      0.159      0.000      1.000
    M10                0.000      0.149      0.000      1.000
    M11                0.000      0.148      0.000      1.000
    M12                0.000      0.151      0.000      1.000
    Y1                 0.539      0.081      6.677      0.000
    Y2                 0.862      0.111      7.744      0.000
    Y3                 1.080      0.117      9.253      0.000
    X3P1               0.000      0.044      0.000      1.000
    X2P2               0.000      0.044      0.000      1.000
    X1P3               0.000      0.045      0.000      1.000

 Variances
    X                  0.120      0.095      1.261      0.207
    M                  1.356      0.346      3.921      0.000
    XM                 0.007      0.020      0.367      0.714

 Residual Variances
    X1                 0.182      0.053      3.407      0.001
    X2                 0.229      0.019     12.020      0.000
    X3                 0.130      0.095      1.363      0.173
    M1                 2.732      0.163     16.742      0.000
    M2                 2.503      0.200     12.526      0.000
    M3                 2.480      0.257      9.662      0.000
    M4                 2.039      0.224      9.102      0.000
    M5                 2.394      0.201     11.907      0.000
    M6                 2.352      0.211     11.132      0.000
    M7                 2.534      0.214     11.867      0.000
    M8                 1.908      0.216      8.825      0.000
    M9                 2.180      0.238      9.162      0.000
    M10                1.575      0.277      5.693      0.000
    M11                1.513      0.232      6.535      0.000
    M12                0.925      0.290      3.193      0.001
    Y1                 0.505      0.086      5.898      0.000
    Y2                 0.284      0.182      1.564      0.118
    Y3                 0.724      0.138      5.259      0.000
    X3P1               0.189      0.027      7.117      0.000
    X2P2               0.141      0.099      1.424      0.154
    X1P3               0.203      0.025      7.992      0.000
    Y                  0.432      0.254      1.699      0.089

New/Additional Parameters
    VAR_Y              0.638      0.207      3.073      0.002
    STD_B1             0.150      0.229      0.654      0.513
    STD_B2             0.265      0.204      1.298      0.194
    STD_B3             1.811      2.261      0.801      0.423


QUALITY OF NUMERICAL RESULTS

     Condition Number for the Information Matrix              0.909E-06
       (ratio of smallest to largest eigenvalue)


CONFIDENCE INTERVALS OF MODEL RESULTS

                  Lower .5%  Lower 2.5%    Lower 5%    Estimate    Upper 5%  Upper 2.5%   Upper .5%

 X        BY
    X3               1.000       1.000       1.000       1.000       1.000       1.000       1.000
    X2              -0.248      -0.090      -0.008       0.416       0.840       0.921       1.080
    X1              -0.696      -0.353      -0.177       0.741       1.658       1.834       2.178

 M        BY
    M12              1.000       1.000       1.000       1.000       1.000       1.000       1.000
    M11              0.369       0.451       0.493       0.712       0.930       0.972       1.054
    M10              0.168       0.294       0.359       0.696       1.034       1.098       1.225
    M9               0.082       0.186       0.238       0.514       0.790       0.843       0.946
    M8               0.048       0.164       0.223       0.531       0.839       0.898       1.013
    M7              -0.163      -0.049       0.010       0.317       0.623       0.682       0.797
    M6              -0.151      -0.033       0.027       0.342       0.656       0.717       0.834
    M5              -0.207      -0.085      -0.023       0.301       0.625       0.687       0.809
    M4              -0.006       0.087       0.135       0.386       0.637       0.685       0.778
    M3              -0.093       0.034       0.099       0.438       0.777       0.842       0.969
    M2              -0.175      -0.073      -0.021       0.253       0.526       0.579       0.681
    M1              -0.367      -0.261      -0.207       0.075       0.358       0.412       0.518

 Y        BY
    Y3               1.000       1.000       1.000       1.000       1.000       1.000       1.000
    Y2               0.488       0.664       0.754       1.224       1.694       1.784       1.959
    Y1               0.141       0.222       0.264       0.480       0.697       0.738       0.819

 XM       BY
    X3P1             1.000       1.000       1.000       1.000       1.000       1.000       1.000
    X2P2           -11.887      -8.382      -6.589       2.775      12.139      13.932      17.438
    X1P3            -2.900      -2.186      -1.821       0.086       1.992       2.357       3.071

 Y        ON
    X               -1.306      -0.912      -0.710       0.345       1.400       1.602       1.997
    M               -0.201      -0.109      -0.062       0.182       0.426       0.473       0.565
    XM              -7.405      -4.778      -3.434       3.584      10.603      11.946      14.574

 X        WITH
    M               -0.117      -0.071      -0.047       0.077       0.201       0.225       0.271
    XM              -0.021      -0.016      -0.013       0.002       0.017       0.020       0.026

 M        WITH
    XM              -0.067      -0.044      -0.032       0.030       0.092       0.104       0.127

 Intercepts
    X1              -0.128      -0.098      -0.082       0.000       0.082       0.098       0.128
    X2              -0.129      -0.098      -0.082       0.000       0.082       0.098       0.129
    X3              -0.129      -0.098      -0.082       0.000       0.082       0.098       0.129
    M1              -0.426      -0.324      -0.272       0.000       0.272       0.324       0.426
    M2              -0.415      -0.315      -0.265       0.000       0.265       0.315       0.415
    M3              -0.426      -0.324      -0.272       0.000       0.272       0.324       0.426
    M4              -0.386      -0.293      -0.246       0.000       0.246       0.293       0.386
    M5              -0.409      -0.311      -0.261       0.000       0.261       0.311       0.409
    M6              -0.408      -0.311      -0.261       0.000       0.261       0.311       0.408
    M7              -0.421      -0.320      -0.269       0.000       0.269       0.320       0.421
    M8              -0.390      -0.297      -0.249       0.000       0.249       0.297       0.390
    M9              -0.410      -0.312      -0.262       0.000       0.262       0.312       0.410
    M10             -0.385      -0.293      -0.246       0.000       0.246       0.293       0.385
    M11             -0.382      -0.291      -0.244       0.000       0.244       0.291       0.382
    M12             -0.389      -0.296      -0.248       0.000       0.248       0.296       0.389
    Y1               0.331       0.381       0.406       0.539       0.672       0.698       0.747
    Y2               0.575       0.644       0.679       0.862       1.045       1.080       1.149
    Y3               0.779       0.851       0.888       1.080       1.272       1.308       1.380
    X3P1            -0.114      -0.087      -0.073       0.000       0.073       0.087       0.114
    X2P2            -0.114      -0.087      -0.073       0.000       0.073       0.087       0.114
    X1P3            -0.116      -0.088      -0.074       0.000       0.074       0.088       0.116

 Variances
    X               -0.125      -0.067      -0.037       0.120       0.277       0.307       0.365
    M                0.465       0.678       0.787       1.356       1.925       2.034       2.247
    XM              -0.043      -0.031      -0.025       0.007       0.039       0.046       0.058

 Residual Variances
    X1               0.044       0.077       0.094       0.182       0.269       0.286       0.319
    X2               0.180       0.192       0.198       0.229       0.261       0.267       0.278
    X3              -0.115      -0.057      -0.027       0.130       0.286       0.316       0.375
    M1               2.312       2.412       2.464       2.732       3.001       3.052       3.153
    M2               1.988       2.112       2.174       2.503       2.832       2.895       3.018
    M3               1.819       1.977       2.058       2.480       2.902       2.983       3.141
    M4               1.462       1.600       1.671       2.039       2.408       2.478       2.616
    M5               1.876       2.000       2.063       2.394       2.724       2.788       2.911
    M6               1.808       1.938       2.004       2.352       2.699       2.766       2.896
    M7               1.984       2.115       2.183       2.534       2.885       2.952       3.084
    M8               1.351       1.484       1.552       1.908       2.263       2.332       2.465
    M9               1.567       1.713       1.788       2.180       2.571       2.646       2.793
    M10              0.862       1.033       1.120       1.575       2.030       2.117       2.287
    M11              0.917       1.059       1.132       1.513       1.894       1.967       2.109
    M12              0.179       0.357       0.448       0.925       1.401       1.493       1.671
    Y1               0.285       0.337       0.364       0.505       0.646       0.673       0.726
    Y2              -0.184      -0.072      -0.015       0.284       0.583       0.641       0.753
    Y3               0.369       0.454       0.498       0.724       0.951       0.994       1.079
    X3P1             0.121       0.137       0.145       0.189       0.233       0.241       0.258
    X2P2            -0.114      -0.053      -0.022       0.141       0.304       0.335       0.396
    X1P3             0.137       0.153       0.161       0.203       0.245       0.253       0.268
    Y               -0.223      -0.066       0.014       0.432       0.851       0.931       1.087

New/Additional Parameters
    VAR_Y            0.103       0.231       0.296       0.638       0.979       1.044       1.172
    STD_B1          -0.441      -0.300      -0.227       0.150       0.527       0.599       0.740
    STD_B2          -0.261      -0.135      -0.071       0.265       0.602       0.666       0.792
    STD_B3          -4.013      -2.620      -1.908       1.811       5.531       6.243       7.636


TECHNICAL 1 OUTPUT


     PARAMETER SPECIFICATION


           NU
              X1            X2            X3            M1            M2
              ________      ________      ________      ________      ________
                  1             2             3             4             5


           NU
              M3            M4            M5            M6            M7
              ________      ________      ________      ________      ________
                  6             7             8             9            10


           NU
              M8            M9            M10           M11           M12
              ________      ________      ________      ________      ________
                 11            12            13            14            15


           NU
              Y1            Y2            Y3            X3P1          X2P2
              ________      ________      ________      ________      ________
                 16            17            18            19            20


           NU
              X1P3
              ________
                 21


           LAMBDA
              X             M             Y             XM
              ________      ________      ________      ________
 X1                22             0             0             0
 X2                23             0             0             0
 X3                 0             0             0             0
 M1                 0            24             0             0
 M2                 0            25             0             0
 M3                 0            26             0             0
 M4                 0            27             0             0
 M5                 0            28             0             0
 M6                 0            29             0             0
 M7                 0            30             0             0
 M8                 0            31             0             0
 M9                 0            32             0             0
 M10                0            33             0             0
 M11                0            34             0             0
 M12                0             0             0             0
 Y1                 0             0            35             0
 Y2                 0             0            36             0
 Y3                 0             0             0             0
 X3P1               0             0             0             0
 X2P2               0             0             0            37
 X1P3               0             0             0            38


           THETA
              X1            X2            X3            M1            M2
              ________      ________      ________      ________      ________
 X1                39
 X2                 0            40
 X3                 0             0            41
 M1                 0             0             0            42
 M2                 0             0             0             0            43
 M3                 0             0             0             0             0
 M4                 0             0             0             0             0
 M5                 0             0             0             0             0
 M6                 0             0             0             0             0
 M7                 0             0             0             0             0
 M8                 0             0             0             0             0
 M9                 0             0             0             0             0
 M10                0             0             0             0             0
 M11                0             0             0             0             0
 M12                0             0             0             0             0
 Y1                 0             0             0             0             0
 Y2                 0             0             0             0             0
 Y3                 0             0             0             0             0
 X3P1               0             0             0             0             0
 X2P2               0             0             0             0             0
 X1P3               0             0             0             0             0


           THETA
              M3            M4            M5            M6            M7
              ________      ________      ________      ________      ________
 M3                44
 M4                 0            45
 M5                 0             0            46
 M6                 0             0             0            47
 M7                 0             0             0             0            48
 M8                 0             0             0             0             0
 M9                 0             0             0             0             0
 M10                0             0             0             0             0
 M11                0             0             0             0             0
 M12                0             0             0             0             0
 Y1                 0             0             0             0             0
 Y2                 0             0             0             0             0
 Y3                 0             0             0             0             0
 X3P1               0             0             0             0             0
 X2P2               0             0             0             0             0
 X1P3               0             0             0             0             0


           THETA
              M8            M9            M10           M11           M12
              ________      ________      ________      ________      ________
 M8                49
 M9                 0            50
 M10                0             0            51
 M11                0             0             0            52
 M12                0             0             0             0            53
 Y1                 0             0             0             0             0
 Y2                 0             0             0             0             0
 Y3                 0             0             0             0             0
 X3P1               0             0             0             0             0
 X2P2               0             0             0             0             0
 X1P3               0             0             0             0             0


           THETA
              Y1            Y2            Y3            X3P1          X2P2
              ________      ________      ________      ________      ________
 Y1                54
 Y2                 0            55
 Y3                 0             0            56
 X3P1               0             0             0            57
 X2P2               0             0             0             0            58
 X1P3               0             0             0             0             0


           THETA
              X1P3
              ________
 X1P3              59


           ALPHA
              X             M             Y             XM
              ________      ________      ________      ________
                  0             0             0             0


           BETA
              X             M             Y             XM
              ________      ________      ________      ________
 X                  0             0             0             0
 M                  0             0             0             0
 Y                 60            61             0            62
 XM                 0             0             0             0


           PSI
              X             M             Y             XM
              ________      ________      ________      ________
 X                 63
 M                 64            65
 Y                  0             0            66
 XM                67            68             0            69


     PARAMETER SPECIFICATION FOR THE ADDITIONAL PARAMETERS


           New/Additional Parameters
              VAR_Y         STD_B1        STD_B2        STD_B3
              ________      ________      ________      ________
                   70            71            72            73


     STARTING VALUES


           NU
              X1            X2            X3            M1            M2
              ________      ________      ________      ________      ________
                0.000         0.000         0.000         0.000         0.000


           NU
              M3            M4            M5            M6            M7
              ________      ________      ________      ________      ________
                0.000         0.000         0.000         0.000         0.000


           NU
              M8            M9            M10           M11           M12
              ________      ________      ________      ________      ________
                0.000         0.000         0.000         0.000         0.000


           NU
              Y1            Y2            Y3            X3P1          X2P2
              ________      ________      ________      ________      ________
                0.539         0.862         1.080         0.000         0.000


           NU
              X1P3
              ________
                0.000


           LAMBDA
              X             M             Y             XM
              ________      ________      ________      ________
 X1             0.455         0.000         0.000         0.000
 X2             0.279         0.000         0.000         0.000
 X3             1.000         0.000         0.000         0.000
 M1             0.000         8.910         0.000         0.000
 M2             0.000         0.124         0.000         0.000
 M3             0.000         0.738         0.000         0.000
 M4             0.000         3.820         0.000         0.000
 M5             0.000         4.093         0.000         0.000
 M6             0.000        -3.151         0.000         0.000
 M7             0.000         0.706         0.000         0.000
 M8             0.000         7.451         0.000         0.000
 M9             0.000         3.179         0.000         0.000
 M10            0.000        -0.903         0.000         0.000
 M11            0.000         1.592         0.000         0.000
 M12            0.000         1.000         0.000         0.000
 Y1             0.000         0.000         0.452         0.000
 Y2             0.000         0.000         1.105         0.000
 Y3             0.000         0.000         1.000         0.000
 X3P1           0.000         0.000         0.000         1.000
 X2P2           0.000         0.000         0.000         1.000
 X1P3           0.000         0.000         0.000         1.000


           THETA
              X1            X2            X3            M1            M2
              ________      ________      ________      ________      ________
 X1             0.124
 X2             0.000         0.125
 X3             0.000         0.000         0.125
 M1             0.000         0.000         0.000         1.370
 M2             0.000         0.000         0.000         0.000         1.295
 M3             0.000         0.000         0.000         0.000         0.000
 M4             0.000         0.000         0.000         0.000         0.000
 M5             0.000         0.000         0.000         0.000         0.000
 M6             0.000         0.000         0.000         0.000         0.000
 M7             0.000         0.000         0.000         0.000         0.000
 M8             0.000         0.000         0.000         0.000         0.000
 M9             0.000         0.000         0.000         0.000         0.000
 M10            0.000         0.000         0.000         0.000         0.000
 M11            0.000         0.000         0.000         0.000         0.000
 M12            0.000         0.000         0.000         0.000         0.000
 Y1             0.000         0.000         0.000         0.000         0.000
 Y2             0.000         0.000         0.000         0.000         0.000
 Y3             0.000         0.000         0.000         0.000         0.000
 X3P1           0.000         0.000         0.000         0.000         0.000
 X2P2           0.000         0.000         0.000         0.000         0.000
 X1P3           0.000         0.000         0.000         0.000         0.000


           THETA
              M3            M4            M5            M6            M7
              ________      ________      ________      ________      ________
 M3             1.370
 M4             0.000         1.121
 M5             0.000         0.000         1.258
 M6             0.000         0.000         0.000         1.255
 M7             0.000         0.000         0.000         0.000         1.335
 M8             0.000         0.000         0.000         0.000         0.000
 M9             0.000         0.000         0.000         0.000         0.000
 M10            0.000         0.000         0.000         0.000         0.000
 M11            0.000         0.000         0.000         0.000         0.000
 M12            0.000         0.000         0.000         0.000         0.000
 Y1             0.000         0.000         0.000         0.000         0.000
 Y2             0.000         0.000         0.000         0.000         0.000
 Y3             0.000         0.000         0.000         0.000         0.000
 X3P1           0.000         0.000         0.000         0.000         0.000
 X2P2           0.000         0.000         0.000         0.000         0.000
 X1P3           0.000         0.000         0.000         0.000         0.000


           THETA
              M8            M9            M10           M11           M12
              ________      ________      ________      ________      ________
 M8             1.145
 M9             0.000         1.269
 M10            0.000         0.000         1.116
 M11            0.000         0.000         0.000         1.100
 M12            0.000         0.000         0.000         0.000         1.141
 Y1             0.000         0.000         0.000         0.000         0.000
 Y2             0.000         0.000         0.000         0.000         0.000
 Y3             0.000         0.000         0.000         0.000         0.000
 X3P1           0.000         0.000         0.000         0.000         0.000
 X2P2           0.000         0.000         0.000         0.000         0.000
 X1P3           0.000         0.000         0.000         0.000         0.000


           THETA
              Y1            Y2            Y3            X3P1          X2P2
              ________      ________      ________      ________      ________
 Y1             0.326
 Y2             0.000         0.620
 Y3             0.000         0.000         0.681
 X3P1           0.000         0.000         0.000         0.098
 X2P2           0.000         0.000         0.000         0.000         0.098
 X1P3           0.000         0.000         0.000         0.000         0.000


           THETA
              X1P3
              ________
 X1P3           0.101


           ALPHA
              X             M             Y             XM
              ________      ________      ________      ________
                0.000         0.000         0.000         0.000


           BETA
              X             M             Y             XM
              ________      ________      ________      ________
 X              0.000         0.000         0.000         0.000
 M              0.000         0.000         0.000         0.000
 Y              0.000         0.000         0.000         0.000
 XM             0.000         0.000         0.000         0.000


           PSI
              X             M             Y             XM
              ________      ________      ________      ________
 X              0.050
 M              0.000         0.050
 Y              0.000         0.000         0.050
 XM             0.000         0.000         0.000         0.050


     STARTING VALUES FOR THE ADDITIONAL PARAMETERS


           New/Additional Parameters
              VAR_Y         STD_B1        STD_B2        STD_B3
              ________      ________      ________      ________
                0.500         0.500         0.500         0.500


RESULTS SAVING INFORMATION

  Order of data

    Parameter estimates
     (saved in order shown in Technical 1 output)
    Standard errors
     (saved in order shown in Technical 1 output)
    Number of Free Parameters
    H0 Loglikelihood
    H0 Scaling Correction Factor for MLR
    H1 Loglikelihood
    H1 Scaling Correction Factor for MLR
    Akaike (AIC)
    Bayesian (BIC)
    Sample-Size Adjusted BIC
    Chi-square : Value
    Chi-square : Degrees of Freedom
    Chi-square : P-Value
    Chi-square : Scaling Correction Factor for MLR/MLM/WLSM
    CFI
    TLI
    RMSEA : Estimate
    RMSEA : Low CI
    RMSEA : High CI
    RMSEA : Probability
    SRMR
    Condition Number

  Save file
    parcelupi_results_1484.dat

  Save file format           Free


     Beginning Time:  16:17:19
        Ending Time:  16:17:21
       Elapsed Time:  00:00:02



MUTHEN & MUTHEN
3463 Stoner Ave.
Los Angeles, CA  90066

Tel: (310) 391-9971
Fax: (310) 391-8971
Web: www.StatModel.com
Support: Support@StatModel.com

Copyright (c) 1998-2022 Muthen & Muthen
