Mplus VERSION 8.8 (Mac)
MUTHEN & MUTHEN
07/27/2025   8:43 PM

INPUT INSTRUCTIONS


    TITLE: Parceling Unconstrained Product Indicator

    DATA:
      FILE = parcelupi_simdat_1317.dat;
      FORMAT IS FREE;

    VARIABLE:
      NAMES = x1 x2 x3
      	    m1 m2 m3 m4 m5 m6
      	    m7 m8 m9 m10 m11 m12
      	    y1 y2 y3
      	    p1 p2 p3
      	    x3p1 x2p2 x1p3;
      USEVARIABLES = x1 x2 x3
      	    m1 m2 m3 m4 m5 m6
      	    m7 m8 m9 m10 m11 m12
      	    y1 y2 y3
      	    x3p1 x2p2 x1p3;

    ANALYSIS:
      TYPE = general;
      ESTIMATOR = MLR;
    MODEL:
      !measurement model
      X BY x3 x2 x1;
      X (var_X);
      M BY m12 m11 m10 m9 m8 m7 m6 m5 m4 m3 m2 m1;
      M (var_M);
      Y BY y3 y2 y1;
      Y (resvar_Y);
      XM BY x3p1 x2p2 x1p3;
      XM (var_XM);

      !covariances between predictors
      X WITH M (cov_XM);
      X WITH XM (cov_XXM);
      M WITH XM (cov_MXM);

      !structural model
      Y ON X (b1);
      Y ON M (b2);
      Y ON XM (b3);

    MODEL CONSTRAINT:

      NEW(var_Y std_b1 std_b2 std_b3);
      var_Y = resvar_Y +
       (b1^2 * var_X +
        b2^2 * var_M +
        b3^2 * var_XM +
        2 * b1 * b2 * cov_XM +
        2 * b1 * b3 * cov_XXM +
        2 * b2 * b3 * cov_MXM);

        std_b1 = b1 * sqrt(var_X) / sqrt(var_Y);
        std_b2 = b2 * sqrt(var_M) / sqrt(var_Y);
        std_b3 = b3 * sqrt(var_X) * sqrt(var_M) / sqrt(var_Y);

    OUTPUT:
      sampstat tech1 CINTERVAL;

    SAVEDATA:
      RESULTS = parcelupi_results_1317.dat;




INPUT READING TERMINATED NORMALLY



Parceling Unconstrained Product Indicator

SUMMARY OF ANALYSIS

Number of groups                                                 1
Number of observations                                         100

Number of dependent variables                                   21
Number of independent variables                                  0
Number of continuous latent variables                            4

Observed dependent variables

  Continuous
   X1          X2          X3          M1          M2          M3
   M4          M5          M6          M7          M8          M9
   M10         M11         M12         Y1          Y2          Y3
   X3P1        X2P2        X1P3

Continuous latent variables
   X           M           Y           XM


Estimator                                                      MLR
Information matrix                                        OBSERVED
Maximum number of iterations                                  1000
Convergence criterion                                    0.500D-04
Maximum number of steepest descent iterations                   20

Input data file(s)
  parcelupi_simdat_1317.dat

Input data format  FREE


SAMPLE STATISTICS


     SAMPLE STATISTICS


           Means
              X1            X2            X3            M1            M2
              ________      ________      ________      ________      ________
                0.000         0.000         0.000         0.000         0.000


           Means
              M3            M4            M5            M6            M7
              ________      ________      ________      ________      ________
                0.000         0.000         0.000         0.000         0.000


           Means
              M8            M9            M10           M11           M12
              ________      ________      ________      ________      ________
                0.000         0.000         0.000         0.000         0.000


           Means
              Y1            Y2            Y3            X3P1          X2P2
              ________      ________      ________      ________      ________
                0.752         0.737         1.087         0.000         0.000


           Means
              X1P3
              ________
                0.000


           Covariances
              X1            X2            X3            M1            M2
              ________      ________      ________      ________      ________
 X1             0.248
 X2             0.040         0.250
 X3             0.086         0.095         0.249
 M1            -0.031        -0.040         0.081         2.520
 M2            -0.052        -0.110        -0.088         0.209         2.296
 M3             0.025        -0.045         0.055        -0.120        -0.051
 M4             0.100        -0.045         0.171         0.103        -0.112
 M5            -0.036         0.110         0.114         0.187         0.272
 M6             0.238         0.040         0.231         0.179         0.078
 M7             0.114         0.000         0.117         0.702         0.126
 M8             0.186         0.040         0.086         0.343         0.358
 M9             0.081        -0.130         0.037         0.066         0.347
 M10            0.133        -0.055         0.196        -0.001         0.217
 M11            0.074        -0.005         0.156         0.269         0.178
 M12            0.156        -0.025         0.224         0.621         0.162
 Y1             0.043         0.012         0.064        -0.010        -0.079
 Y2             0.088         0.055         0.157         0.118        -0.171
 Y3             0.059        -0.042         0.137        -0.060        -0.138
 X3P1          -0.002        -0.020         0.008         0.007        -0.075
 X2P2           0.017         0.000        -0.028        -0.051        -0.042
 X1P3          -0.010         0.019         0.012         0.087        -0.073


           Covariances
              M3            M4            M5            M6            M7
              ________      ________      ________      ________      ________
 M3             2.710
 M4             0.141         2.413
 M5            -0.081         0.088         2.700
 M6            -0.640         0.545        -0.066         2.558
 M7             0.121         0.407        -0.056         0.554         2.590
 M8            -0.089         0.382         0.720         0.636         0.486
 M9             0.418         0.389         0.689         0.041         0.422
 M10            0.309         0.467         0.193         0.488         0.765
 M11           -0.040         0.144         0.506         0.309         0.783
 M12            0.070         0.666         0.624         0.931         0.737
 Y1             0.415         0.148         0.323        -0.061         0.044
 Y2             0.148         0.211         0.146         0.158         0.014
 Y3             0.549        -0.003         0.286        -0.231        -0.110
 X3P1           0.098         0.105        -0.143         0.006        -0.045
 X2P2           0.116        -0.047        -0.085        -0.044        -0.055
 X1P3           0.101        -0.014        -0.049        -0.030        -0.026


           Covariances
              M8            M9            M10           M11           M12
              ________      ________      ________      ________      ________
 M8             2.300
 M9             0.581         2.272
 M10            0.757         0.589         2.287
 M11            0.624         0.653         0.808         2.229
 M12            0.586         0.527         0.832         0.971         2.189
 Y1             0.142         0.076         0.159         0.310         0.209
 Y2             0.059         0.111         0.072         0.275         0.412
 Y3             0.258         0.440         0.195         0.530         0.174
 X3P1          -0.037         0.022        -0.037        -0.059         0.002
 X2P2          -0.008        -0.035        -0.122        -0.093        -0.087
 X1P3          -0.091        -0.014        -0.019        -0.015         0.054


           Covariances
              Y1            Y2            Y3            X3P1          X2P2
              ________      ________      ________      ________      ________
 Y1             0.732
 Y2             0.331         0.957
 Y3             0.547         0.711         1.541
 X3P1          -0.023         0.032         0.027         0.206
 X2P2          -0.019        -0.015         0.006         0.028         0.232
 X1P3           0.003         0.013        -0.024         0.045        -0.032


           Covariances
              X1P3
              ________
 X1P3           0.190


           Correlations
              X1            X2            X3            M1            M2
              ________      ________      ________      ________      ________
 X1             1.000
 X2             0.161         1.000
 X3             0.347         0.381         1.000
 M1            -0.039        -0.050         0.102         1.000
 M2            -0.069        -0.145        -0.117         0.087         1.000
 M3             0.030        -0.055         0.067        -0.046        -0.020
 M4             0.129        -0.058         0.221         0.042        -0.048
 M5            -0.043         0.134         0.139         0.072         0.109
 M6             0.299         0.050         0.290         0.071         0.032
 M7             0.142         0.000         0.146         0.275         0.052
 M8             0.246         0.053         0.113         0.142         0.156
 M9             0.108        -0.173         0.049         0.027         0.152
 M10            0.176        -0.073         0.260         0.000         0.095
 M11            0.099        -0.007         0.209         0.114         0.079
 M12            0.212        -0.034         0.303         0.264         0.072
 Y1             0.100         0.028         0.149        -0.008        -0.061
 Y2             0.180         0.113         0.322         0.076        -0.115
 Y3             0.095        -0.068         0.222        -0.031        -0.073
 X3P1          -0.009        -0.088         0.034         0.010        -0.109
 X2P2           0.070         0.000        -0.114        -0.066        -0.057
 X1P3          -0.047         0.089         0.053         0.126        -0.110


           Correlations
              M3            M4            M5            M6            M7
              ________      ________      ________      ________      ________
 M3             1.000
 M4             0.055         1.000
 M5            -0.030         0.035         1.000
 M6            -0.243         0.219        -0.025         1.000
 M7             0.046         0.163        -0.021         0.215         1.000
 M8            -0.035         0.162         0.289         0.262         0.199
 M9             0.168         0.166         0.278         0.017         0.174
 M10            0.124         0.199         0.078         0.202         0.314
 M11           -0.016         0.062         0.206         0.129         0.326
 M12            0.029         0.290         0.257         0.393         0.310
 Y1             0.295         0.111         0.230        -0.045         0.032
 Y2             0.092         0.139         0.091         0.101         0.009
 Y3             0.269        -0.002         0.140        -0.117        -0.055
 X3P1           0.131         0.149        -0.192         0.008        -0.062
 X2P2           0.146        -0.062        -0.107        -0.057        -0.071
 X1P3           0.141        -0.021        -0.068        -0.043        -0.037


           Correlations
              M8            M9            M10           M11           M12
              ________      ________      ________      ________      ________
 M8             1.000
 M9             0.254         1.000
 M10            0.330         0.258         1.000
 M11            0.276         0.290         0.358         1.000
 M12            0.261         0.236         0.372         0.440         1.000
 Y1             0.110         0.059         0.123         0.243         0.165
 Y2             0.040         0.076         0.049         0.188         0.285
 Y3             0.137         0.235         0.104         0.286         0.095
 X3P1          -0.054         0.032        -0.055        -0.087         0.003
 X2P2          -0.012        -0.049        -0.167        -0.129        -0.122
 X1P3          -0.138        -0.021        -0.028        -0.023         0.084


           Correlations
              Y1            Y2            Y3            X3P1          X2P2
              ________      ________      ________      ________      ________
 Y1             1.000
 Y2             0.395         1.000
 Y3             0.515         0.585         1.000
 X3P1          -0.059         0.071         0.048         1.000
 X2P2          -0.046        -0.032         0.010         0.127         1.000
 X1P3           0.007         0.030        -0.045         0.230        -0.150


           Correlations
              X1P3
              ________
 X1P3           1.000


UNIVARIATE SAMPLE STATISTICS


     UNIVARIATE HIGHER-ORDER MOMENT DESCRIPTIVE STATISTICS

         Variable/         Mean/     Skewness/   Minimum/ % with                Percentiles
        Sample Size      Variance    Kurtosis    Maximum  Min/Max      20%/60%    40%/80%    Median

     X1                    0.000      -0.161      -0.540   46.00%      -0.540     -0.540      0.460
             100.000       0.248      -1.974       0.460   54.00%       0.460      0.460
     X2                    0.000       0.000      -0.500   50.00%      -0.500     -0.500      0.000
             100.000       0.250      -2.000       0.500   50.00%       0.500      0.500
     X3                    0.000       0.120      -0.470   53.00%      -0.470     -0.470     -0.470
             100.000       0.249      -1.986       0.530   47.00%       0.530      0.530
     M1                    0.000      -0.033      -2.020   28.00%      -2.020     -1.020     -0.020
             100.000       2.520      -1.544       1.980   28.00%       0.980      1.980
     M2                    0.000       0.002      -2.060   22.00%      -2.060     -1.060     -0.060
             100.000       2.296      -1.436       1.940   28.00%      -0.060      1.940
     M3                    0.000       0.011      -2.010   30.00%      -2.010     -1.010     -0.010
             100.000       2.710      -1.618       1.990   32.00%       0.990      1.990
     M4                    0.000       0.105      -1.870   31.00%      -1.870     -0.870      0.130
             100.000       2.413      -1.456       2.130   24.00%       0.130      2.130
     M5                    0.000      -0.157      -2.140   28.00%      -2.140     -1.140     -0.140
             100.000       2.700      -1.613       1.860   33.00%       0.860      1.860
     M6                    0.000       0.008      -2.040   25.00%      -2.040     -1.040     -0.040
             100.000       2.558      -1.605       1.960   30.00%       0.960      1.960
     M7                    0.000       0.019      -1.900   34.00%      -1.900     -0.900      0.100
             100.000       2.590      -1.593       2.100   24.00%       1.100      2.100
     M8                    0.000       0.066      -1.860   29.00%      -1.860     -0.860      0.140
             100.000       2.300      -1.500       2.140   19.00%       1.140      1.140
     M9                    0.000      -0.219      -2.220   20.00%      -2.220     -0.220     -0.220
             100.000       2.272      -1.411       1.780   29.00%       0.780      1.780
     M10                   0.000      -0.067      -2.050   24.00%      -2.050     -0.050     -0.050
             100.000       2.287      -1.436       1.950   25.00%       0.950      1.950
     M11                   0.000      -0.105      -2.030   25.00%      -2.030     -0.030     -0.030
             100.000       2.229      -1.410       1.970   22.00%       0.970      1.970
     M12                   0.000       0.033      -1.970   24.00%      -1.970     -0.970      0.030
             100.000       2.189      -1.366       2.030   23.00%       0.030      2.030
     Y1                    0.752       0.215      -1.219    1.00%       0.001      0.614      0.752
             100.000       0.732       0.406       3.377    1.00%       0.891      1.284
     Y2                    0.737      -0.249      -1.720    1.00%      -0.070      0.548      0.893
             100.000       0.957      -0.274       3.378    1.00%       1.147      1.599
     Y3                    1.087      -0.143      -2.238    1.00%       0.076      0.878      1.148
             100.000       1.541       0.135       3.757    1.00%       1.431      1.920
     X3P1                  0.000      -0.127      -1.066    1.00%      -0.404     -0.139     -0.001
             100.000       0.206      -0.710       0.921    2.00%       0.126      0.391
     X2P2                  0.000       0.121      -1.020    1.00%      -0.395     -0.145      0.003
             100.000       0.232      -0.319       1.002    3.00%       0.105      0.355
     X1P3                  0.000      -0.089      -1.073    1.00%      -0.398     -0.128      0.102
             100.000       0.190      -0.317       0.953    3.00%       0.142      0.333


     THIS ANALYSIS MAY HAVE MULTIPLE SOLUTIONS.  EXPLORE THIS USING RANDOM STARTS,
     FOR EXAMPLE, STARTS = 20.  USE A LARGE ENOUGH NUMBER OF STARTS SO THAT THE
     BEST FIT FUNCTION VALUE IS REPLICATED SEVERAL TIMES.


     NO CONVERGENCE.  NUMBER OF ITERATIONS EXCEEDED.



MODEL RESULTS

                    Estimate

 X        BY
    X3                 1.000
    X2                 0.376
    X1                 0.340

 M        BY
    M12                1.000
    M11                1.083
    M10                1.054
    M9                 0.707
    M8                 0.872
    M7                 0.953
    M6                 0.891
    M5                 0.627
    M4                 0.630
    M3                 0.029
    M2                 0.260
    M1                 0.692

 Y        BY
    Y3                 1.000
    Y2                 0.782
    Y1                 0.565

 XM       BY
    X3P1               1.000
    X2P2               0.945
    X1P3               0.944

 Y        ON
    X                  0.354
    M                  0.250
    XM                 0.007

 X        WITH
    M                  0.161
    XM                 0.000

 M        WITH
    XM                -0.035

 Intercepts
    X1                 0.000
    X2                 0.000
    X3                 0.000
    M1                 0.000
    M2                 0.000
    M3                 0.000
    M4                 0.000
    M5                 0.000
    M6                 0.000
    M7                 0.000
    M8                 0.000
    M9                 0.000
    M10                0.000
    M11                0.000
    M12                0.000
    Y1                 0.752
    Y2                 0.737
    Y3                 1.087
    X3P1               0.000
    X2P2               0.000
    X1P3               0.000

 Variances
    X                  0.258
    M                  0.684
    XM                 0.016

 Residual Variances
    X1                 0.220
    X2                 0.215
    X3                -0.011
    M1                 2.090
    M2                 2.018
    M3                 2.355
    M4                 1.949
    M5                 2.178
    M6                 1.924
    M7                 1.830
    M8                 1.654
    M9                 1.780
    M10                1.494
    M11                1.405
    M12                1.219
    Y1                 0.461
    Y2                 0.436
    Y3                 0.626
    X3P1               0.181
    X2P2               0.219
    X1P3               0.176
    Y                  0.725

New/Additional Parameters
    VAR_Y              0.828
    STD_B1             0.198
    STD_B2             0.227
    STD_B3             0.003


MODEL COMMAND WITH FINAL ESTIMATES USED AS STARTING VALUES

     x BY x3@1;
     x BY x2*0.37646;
     x BY x1*0.33980;
     m BY m12@1;
     m BY m11*1.08334;
     m BY m10*1.05426;
     m BY m9*0.70693;
     m BY m8*0.87174;
     m BY m7*0.95349;
     m BY m6*0.89119;
     m BY m5*0.62704;
     m BY m4*0.62955;
     m BY m3*0.02913;
     m BY m2*0.25952;
     m BY m1*0.69159;
     y BY y3@1;
     y BY y2*0.78211;
     y BY y1*0.56518;
     xm BY x3p1@1;
     xm BY x2p2*0.94482;
     xm BY x1p3*0.94444;

     y ON x*0.35446 (b1);
     y ON m*0.24996 (b2);
     y ON xm*0.00691 (b3);

     x WITH m*0.16101 (cov_xm);
     x WITH xm*-0.00025 (cov_xxm);
     m WITH xm*-0.03488 (cov_mxm);

     [ x1*0.00000 ];
     [ x2*0.00000 ];
     [ x3*0.00000 ];
     [ m1*0.00000 ];
     [ m2*0.00000 ];
     [ m3*0.00000 ];
     [ m4*0.00000 ];
     [ m5*0.00000 ];
     [ m6*0.00000 ];
     [ m7*0.00000 ];
     [ m8*0.00000 ];
     [ m9*0.00000 ];
     [ m10*0.00000 ];
     [ m11*0.00000 ];
     [ m12*0.00000 ];
     [ y1*0.75232 ];
     [ y2*0.73672 ];
     [ y3*1.08717 ];
     [ x3p1*0.00000 ];
     [ x2p2*0.00000 ];
     [ x1p3*0.00000 ];

     x1*0.22040;
     x2*0.21483;
     x3*-0.01091;
     m1*2.09032;
     m2*2.01815;
     m3*2.35528;
     m4*1.94894;
     m5*2.17791;
     m6*1.92353;
     m7*1.82966;
     m8*1.65441;
     m9*1.77973;
     m10*1.49448;
     m11*1.40533;
     m12*1.21929;
     y1*0.46116;
     y2*0.43626;
     y3*0.62551;
     x3p1*0.18140;
     x2p2*0.21923;
     x1p3*0.17634;
     x*0.25815 (var_x);
     m*0.68362 (var_m);
     y*0.72469 (resvar_y);
     xm*0.01563 (var_xm);

     ! NEW statements in MODEL CONSTRAINT
     NEW(var_y*0.82824);
     NEW(std_b1*0.19789);
     NEW(std_b2*0.22709);
     NEW(std_b3*0.00319);




TECHNICAL 1 OUTPUT


     PARAMETER SPECIFICATION


           NU
              X1            X2            X3            M1            M2
              ________      ________      ________      ________      ________
                  1             2             3             4             5


           NU
              M3            M4            M5            M6            M7
              ________      ________      ________      ________      ________
                  6             7             8             9            10


           NU
              M8            M9            M10           M11           M12
              ________      ________      ________      ________      ________
                 11            12            13            14            15


           NU
              Y1            Y2            Y3            X3P1          X2P2
              ________      ________      ________      ________      ________
                 16            17            18            19            20


           NU
              X1P3
              ________
                 21


           LAMBDA
              X             M             Y             XM
              ________      ________      ________      ________
 X1                22             0             0             0
 X2                23             0             0             0
 X3                 0             0             0             0
 M1                 0            24             0             0
 M2                 0            25             0             0
 M3                 0            26             0             0
 M4                 0            27             0             0
 M5                 0            28             0             0
 M6                 0            29             0             0
 M7                 0            30             0             0
 M8                 0            31             0             0
 M9                 0            32             0             0
 M10                0            33             0             0
 M11                0            34             0             0
 M12                0             0             0             0
 Y1                 0             0            35             0
 Y2                 0             0            36             0
 Y3                 0             0             0             0
 X3P1               0             0             0             0
 X2P2               0             0             0            37
 X1P3               0             0             0            38


           THETA
              X1            X2            X3            M1            M2
              ________      ________      ________      ________      ________
 X1                39
 X2                 0            40
 X3                 0             0            41
 M1                 0             0             0            42
 M2                 0             0             0             0            43
 M3                 0             0             0             0             0
 M4                 0             0             0             0             0
 M5                 0             0             0             0             0
 M6                 0             0             0             0             0
 M7                 0             0             0             0             0
 M8                 0             0             0             0             0
 M9                 0             0             0             0             0
 M10                0             0             0             0             0
 M11                0             0             0             0             0
 M12                0             0             0             0             0
 Y1                 0             0             0             0             0
 Y2                 0             0             0             0             0
 Y3                 0             0             0             0             0
 X3P1               0             0             0             0             0
 X2P2               0             0             0             0             0
 X1P3               0             0             0             0             0


           THETA
              M3            M4            M5            M6            M7
              ________      ________      ________      ________      ________
 M3                44
 M4                 0            45
 M5                 0             0            46
 M6                 0             0             0            47
 M7                 0             0             0             0            48
 M8                 0             0             0             0             0
 M9                 0             0             0             0             0
 M10                0             0             0             0             0
 M11                0             0             0             0             0
 M12                0             0             0             0             0
 Y1                 0             0             0             0             0
 Y2                 0             0             0             0             0
 Y3                 0             0             0             0             0
 X3P1               0             0             0             0             0
 X2P2               0             0             0             0             0
 X1P3               0             0             0             0             0


           THETA
              M8            M9            M10           M11           M12
              ________      ________      ________      ________      ________
 M8                49
 M9                 0            50
 M10                0             0            51
 M11                0             0             0            52
 M12                0             0             0             0            53
 Y1                 0             0             0             0             0
 Y2                 0             0             0             0             0
 Y3                 0             0             0             0             0
 X3P1               0             0             0             0             0
 X2P2               0             0             0             0             0
 X1P3               0             0             0             0             0


           THETA
              Y1            Y2            Y3            X3P1          X2P2
              ________      ________      ________      ________      ________
 Y1                54
 Y2                 0            55
 Y3                 0             0            56
 X3P1               0             0             0            57
 X2P2               0             0             0             0            58
 X1P3               0             0             0             0             0


           THETA
              X1P3
              ________
 X1P3              59


           ALPHA
              X             M             Y             XM
              ________      ________      ________      ________
                  0             0             0             0


           BETA
              X             M             Y             XM
              ________      ________      ________      ________
 X                  0             0             0             0
 M                  0             0             0             0
 Y                 60            61             0            62
 XM                 0             0             0             0


           PSI
              X             M             Y             XM
              ________      ________      ________      ________
 X                 63
 M                 64            65
 Y                  0             0            66
 XM                67            68             0            69


     PARAMETER SPECIFICATION FOR THE ADDITIONAL PARAMETERS


           New/Additional Parameters
              VAR_Y         STD_B1        STD_B2        STD_B3
              ________      ________      ________      ________
                   70            71            72            73


     STARTING VALUES


           NU
              X1            X2            X3            M1            M2
              ________      ________      ________      ________      ________
                0.000         0.000         0.000         0.000         0.000


           NU
              M3            M4            M5            M6            M7
              ________      ________      ________      ________      ________
                0.000         0.000         0.000         0.000         0.000


           NU
              M8            M9            M10           M11           M12
              ________      ________      ________      ________      ________
                0.000         0.000         0.000         0.000         0.000


           NU
              Y1            Y2            Y3            X3P1          X2P2
              ________      ________      ________      ________      ________
                0.752         0.737         1.087         0.000         0.000


           NU
              X1P3
              ________
                0.000


           LAMBDA
              X             M             Y             XM
              ________      ________      ________      ________
 X1             0.421         0.000         0.000         0.000
 X2             0.464         0.000         0.000         0.000
 X3             1.000         0.000         0.000         0.000
 M1             0.000         1.284         0.000         0.000
 M2             0.000         0.214         0.000         0.000
 M3             0.000         0.007         0.000         0.000
 M4             0.000         0.546         0.000         0.000
 M5             0.000         0.625         0.000         0.000
 M6             0.000         1.186         0.000         0.000
 M7             0.000         0.792         0.000         0.000
 M8             0.000         0.453         0.000         0.000
 M9             0.000         0.521         0.000         0.000
 M10            0.000         1.104         0.000         0.000
 M11            0.000         1.113         0.000         0.000
 M12            0.000         1.000         0.000         0.000
 Y1             0.000         0.000         0.466         0.000
 Y2             0.000         0.000         0.605         0.000
 Y3             0.000         0.000         1.000         0.000
 X3P1           0.000         0.000         0.000         1.000
 X2P2           0.000         0.000         0.000         1.000
 X1P3           0.000         0.000         0.000         1.000


           THETA
              X1            X2            X3            M1            M2
              ________      ________      ________      ________      ________
 X1             0.124
 X2             0.000         0.125
 X3             0.000         0.000         0.125
 M1             0.000         0.000         0.000         1.260
 M2             0.000         0.000         0.000         0.000         1.148
 M3             0.000         0.000         0.000         0.000         0.000
 M4             0.000         0.000         0.000         0.000         0.000
 M5             0.000         0.000         0.000         0.000         0.000
 M6             0.000         0.000         0.000         0.000         0.000
 M7             0.000         0.000         0.000         0.000         0.000
 M8             0.000         0.000         0.000         0.000         0.000
 M9             0.000         0.000         0.000         0.000         0.000
 M10            0.000         0.000         0.000         0.000         0.000
 M11            0.000         0.000         0.000         0.000         0.000
 M12            0.000         0.000         0.000         0.000         0.000
 Y1             0.000         0.000         0.000         0.000         0.000
 Y2             0.000         0.000         0.000         0.000         0.000
 Y3             0.000         0.000         0.000         0.000         0.000
 X3P1           0.000         0.000         0.000         0.000         0.000
 X2P2           0.000         0.000         0.000         0.000         0.000
 X1P3           0.000         0.000         0.000         0.000         0.000


           THETA
              M3            M4            M5            M6            M7
              ________      ________      ________      ________      ________
 M3             1.355
 M4             0.000         1.207
 M5             0.000         0.000         1.350
 M6             0.000         0.000         0.000         1.279
 M7             0.000         0.000         0.000         0.000         1.295
 M8             0.000         0.000         0.000         0.000         0.000
 M9             0.000         0.000         0.000         0.000         0.000
 M10            0.000         0.000         0.000         0.000         0.000
 M11            0.000         0.000         0.000         0.000         0.000
 M12            0.000         0.000         0.000         0.000         0.000
 Y1             0.000         0.000         0.000         0.000         0.000
 Y2             0.000         0.000         0.000         0.000         0.000
 Y3             0.000         0.000         0.000         0.000         0.000
 X3P1           0.000         0.000         0.000         0.000         0.000
 X2P2           0.000         0.000         0.000         0.000         0.000
 X1P3           0.000         0.000         0.000         0.000         0.000


           THETA
              M8            M9            M10           M11           M12
              ________      ________      ________      ________      ________
 M8             1.150
 M9             0.000         1.136
 M10            0.000         0.000         1.144
 M11            0.000         0.000         0.000         1.115
 M12            0.000         0.000         0.000         0.000         1.095
 Y1             0.000         0.000         0.000         0.000         0.000
 Y2             0.000         0.000         0.000         0.000         0.000
 Y3             0.000         0.000         0.000         0.000         0.000
 X3P1           0.000         0.000         0.000         0.000         0.000
 X2P2           0.000         0.000         0.000         0.000         0.000
 X1P3           0.000         0.000         0.000         0.000         0.000


           THETA
              Y1            Y2            Y3            X3P1          X2P2
              ________      ________      ________      ________      ________
 Y1             0.366
 Y2             0.000         0.478
 Y3             0.000         0.000         0.770
 X3P1           0.000         0.000         0.000         0.103
 X2P2           0.000         0.000         0.000         0.000         0.116
 X1P3           0.000         0.000         0.000         0.000         0.000


           THETA
              X1P3
              ________
 X1P3           0.095


           ALPHA
              X             M             Y             XM
              ________      ________      ________      ________
                0.000         0.000         0.000         0.000


           BETA
              X             M             Y             XM
              ________      ________      ________      ________
 X              0.000         0.000         0.000         0.000
 M              0.000         0.000         0.000         0.000
 Y              0.000         0.000         0.000         0.000
 XM             0.000         0.000         0.000         0.000


           PSI
              X             M             Y             XM
              ________      ________      ________      ________
 X              0.050
 M              0.000         0.050
 Y              0.000         0.000         0.050
 XM             0.000         0.000         0.000         0.050


     STARTING VALUES FOR THE ADDITIONAL PARAMETERS


           New/Additional Parameters
              VAR_Y         STD_B1        STD_B2        STD_B3
              ________      ________      ________      ________
                0.500         0.500         0.500         0.500


RESULTS SAVING INFORMATION

    Model estimation did not terminate normally.  No results were saved.

     Beginning Time:  20:43:55
        Ending Time:  20:44:03
       Elapsed Time:  00:00:08



MUTHEN & MUTHEN
3463 Stoner Ave.
Los Angeles, CA  90066

Tel: (310) 391-9971
Fax: (310) 391-8971
Web: www.StatModel.com
Support: Support@StatModel.com

Copyright (c) 1998-2022 Muthen & Muthen
