Mplus VERSION 8.8 (Mac)
MUTHEN & MUTHEN
07/27/2025   9:45 PM

INPUT INSTRUCTIONS


    TITLE: Parceling Unconstrained Product Indicator

    DATA:
      FILE = parcelupi_simdat_1068.dat;
      FORMAT IS FREE;

    VARIABLE:
      NAMES = x1 x2 x3
      	    m1 m2 m3 m4 m5 m6
      	    m7 m8 m9 m10 m11 m12
      	    y1 y2 y3
      	    p1 p2 p3
      	    x3p1 x2p2 x1p3;
      USEVARIABLES = x1 x2 x3
      	    m1 m2 m3 m4 m5 m6
      	    m7 m8 m9 m10 m11 m12
      	    y1 y2 y3
      	    x3p1 x2p2 x1p3;

    ANALYSIS:
      TYPE = general;
      ESTIMATOR = MLR;
    MODEL:
      !measurement model
      X BY x3 x2 x1;
      X (var_X);
      M BY m12 m11 m10 m9 m8 m7 m6 m5 m4 m3 m2 m1;
      M (var_M);
      Y BY y3 y2 y1;
      Y (resvar_Y);
      XM BY x3p1 x2p2 x1p3;
      XM (var_XM);

      !covariances between predictors
      X WITH M (cov_XM);
      X WITH XM (cov_XXM);
      M WITH XM (cov_MXM);

      !structural model
      Y ON X (b1);
      Y ON M (b2);
      Y ON XM (b3);

    MODEL CONSTRAINT:

      NEW(var_Y std_b1 std_b2 std_b3);
      var_Y = resvar_Y +
       (b1^2 * var_X +
        b2^2 * var_M +
        b3^2 * var_XM +
        2 * b1 * b2 * cov_XM +
        2 * b1 * b3 * cov_XXM +
        2 * b2 * b3 * cov_MXM);

        std_b1 = b1 * sqrt(var_X) / sqrt(var_Y);
        std_b2 = b2 * sqrt(var_M) / sqrt(var_Y);
        std_b3 = b3 * sqrt(var_X) * sqrt(var_M) / sqrt(var_Y);

    OUTPUT:
      sampstat tech1 CINTERVAL;

    SAVEDATA:
      RESULTS = parcelupi_results_1068.dat;




INPUT READING TERMINATED NORMALLY



Parceling Unconstrained Product Indicator

SUMMARY OF ANALYSIS

Number of groups                                                 1
Number of observations                                         250

Number of dependent variables                                   21
Number of independent variables                                  0
Number of continuous latent variables                            4

Observed dependent variables

  Continuous
   X1          X2          X3          M1          M2          M3
   M4          M5          M6          M7          M8          M9
   M10         M11         M12         Y1          Y2          Y3
   X3P1        X2P2        X1P3

Continuous latent variables
   X           M           Y           XM


Estimator                                                      MLR
Information matrix                                        OBSERVED
Maximum number of iterations                                  1000
Convergence criterion                                    0.500D-04
Maximum number of steepest descent iterations                   20

Input data file(s)
  parcelupi_simdat_1068.dat

Input data format  FREE


SAMPLE STATISTICS


     SAMPLE STATISTICS


           Means
              X1            X2            X3            M1            M2
              ________      ________      ________      ________      ________
                0.000         0.000         0.000         0.000         0.000


           Means
              M3            M4            M5            M6            M7
              ________      ________      ________      ________      ________
                0.000         0.000         0.000         0.000         0.000


           Means
              M8            M9            M10           M11           M12
              ________      ________      ________      ________      ________
                0.000         0.000         0.000         0.000         0.000


           Means
              Y1            Y2            Y3            X3P1          X2P2
              ________      ________      ________      ________      ________
                0.505         0.798         1.081         0.000         0.000


           Means
              X1P3
              ________
                0.000


           Covariances
              X1            X2            X3            M1            M2
              ________      ________      ________      ________      ________
 X1             0.248
 X2             0.079         0.249
 X3             0.050         0.076         0.250
 M1             0.101         0.081         0.068         2.671
 M2            -0.032         0.018         0.072         0.278         2.551
 M3             0.076         0.015         0.034         0.099         0.295
 M4            -0.048        -0.070        -0.048         0.054         0.087
 M5             0.016         0.018         0.020         0.478         0.184
 M6             0.009         0.003         0.074         0.155         0.161
 M7            -0.024        -0.051         0.035        -0.067         0.201
 M8             0.115         0.067         0.176         0.297         0.314
 M9             0.130         0.055         0.115         0.283         0.042
 M10            0.082        -0.015         0.064         0.431         0.124
 M11            0.075         0.039         0.086         0.135         0.059
 M12            0.087         0.034         0.160         0.102        -0.026
 Y1             0.065         0.092         0.111        -0.044         0.077
 Y2             0.064         0.037         0.082         0.052        -0.035
 Y3             0.055         0.064         0.095         0.201         0.193
 X3P1          -0.013         0.018        -0.001         0.001         0.012
 X2P2           0.029        -0.002         0.024         0.071         0.103
 X1P3          -0.003         0.031        -0.004         0.015         0.017


           Covariances
              M3            M4            M5            M6            M7
              ________      ________      ________      ________      ________
 M3             2.587
 M4             0.111         2.455
 M5             0.329         0.108         2.472
 M6             0.332         0.181         0.194         2.455
 M7             0.367         0.309         0.168         0.392         2.376
 M8             0.353         0.274         0.394         0.457         0.731
 M9             0.201         0.150         0.215         0.274         0.286
 M10            0.339         0.392         0.516         0.621         0.490
 M11            0.179         0.559         0.346         0.491         0.828
 M12            0.362         0.350         0.318         0.315         0.703
 Y1             0.041        -0.031        -0.035         0.107         0.027
 Y2             0.107         0.058        -0.029         0.043         0.017
 Y3             0.082         0.285         0.031         0.138         0.189
 X3P1          -0.064        -0.022         0.024         0.003        -0.016
 X2P2          -0.025        -0.044         0.081        -0.060        -0.007
 X1P3          -0.014         0.006        -0.074        -0.028         0.012


           Covariances
              M8            M9            M10           M11           M12
              ________      ________      ________      ________      ________
 M8             2.519
 M9             0.509         2.249
 M10            0.545         0.448         2.342
 M11            0.557         0.543         0.915         2.347
 M12            0.862         0.496         0.861         0.854         1.988
 Y1             0.168         0.240         0.180         0.203         0.054
 Y2             0.022         0.208         0.262         0.301         0.203
 Y3             0.226         0.337         0.349         0.314         0.348
 X3P1          -0.018        -0.051         0.022        -0.050        -0.003
 X2P2           0.055         0.066         0.009         0.001         0.046
 X1P3          -0.014        -0.027        -0.011        -0.060        -0.018


           Covariances
              Y1            Y2            Y3            X3P1          X2P2
              ________      ________      ________      ________      ________
 Y1             0.795
 Y2             0.404         0.893
 Y3             0.459         0.616         1.232
 X3P1           0.021         0.008         0.030         0.186
 X2P2          -0.008         0.008         0.057         0.004         0.208
 X1P3           0.011        -0.028         0.018         0.052         0.027


           Covariances
              X1P3
              ________
 X1P3           0.230


           Correlations
              X1            X2            X3            M1            M2
              ________      ________      ________      ________      ________
 X1             1.000
 X2             0.317         1.000
 X3             0.200         0.304         1.000
 M1             0.124         0.099         0.083         1.000
 M2            -0.041         0.022         0.090         0.107         1.000
 M3             0.094         0.019         0.042         0.038         0.115
 M4            -0.062        -0.090        -0.062         0.021         0.035
 M5             0.020         0.023         0.026         0.186         0.073
 M6             0.011         0.004         0.094         0.060         0.064
 M7            -0.031        -0.066         0.045        -0.027         0.082
 M8             0.145         0.085         0.222         0.114         0.124
 M9             0.174         0.073         0.153         0.116         0.018
 M10            0.107        -0.020         0.084         0.172         0.051
 M11            0.099         0.051         0.112         0.054         0.024
 M12            0.124         0.048         0.227         0.044        -0.011
 Y1             0.147         0.207         0.250        -0.030         0.054
 Y2             0.137         0.079         0.174         0.034        -0.023
 Y3             0.100         0.116         0.171         0.111         0.109
 X3P1          -0.058         0.085        -0.003         0.002         0.018
 X2P2           0.126        -0.007         0.107         0.095         0.142
 X1P3          -0.013         0.129        -0.016         0.019         0.022


           Correlations
              M3            M4            M5            M6            M7
              ________      ________      ________      ________      ________
 M3             1.000
 M4             0.044         1.000
 M5             0.130         0.044         1.000
 M6             0.132         0.074         0.079         1.000
 M7             0.148         0.128         0.069         0.162         1.000
 M8             0.138         0.110         0.158         0.184         0.299
 M9             0.083         0.064         0.091         0.117         0.124
 M10            0.138         0.163         0.215         0.259         0.208
 M11            0.073         0.233         0.143         0.205         0.351
 M12            0.160         0.159         0.144         0.143         0.323
 Y1             0.029        -0.022        -0.025         0.076         0.020
 Y2             0.070         0.039        -0.019         0.029         0.012
 Y3             0.046         0.164         0.018         0.079         0.110
 X3P1          -0.092        -0.033         0.036         0.004        -0.025
 X2P2          -0.034        -0.062         0.113        -0.084        -0.009
 X1P3          -0.018         0.007        -0.098        -0.037         0.017


           Correlations
              M8            M9            M10           M11           M12
              ________      ________      ________      ________      ________
 M8             1.000
 M9             0.214         1.000
 M10            0.224         0.195         1.000
 M11            0.229         0.236         0.390         1.000
 M12            0.385         0.235         0.399         0.395         1.000
 Y1             0.118         0.180         0.132         0.149         0.043
 Y2             0.015         0.147         0.181         0.208         0.153
 Y3             0.128         0.203         0.205         0.185         0.222
 X3P1          -0.026        -0.078         0.034        -0.076        -0.004
 X2P2           0.077         0.097         0.013         0.001         0.072
 X1P3          -0.019        -0.038        -0.015        -0.081        -0.027


           Correlations
              Y1            Y2            Y3            X3P1          X2P2
              ________      ________      ________      ________      ________
 Y1             1.000
 Y2             0.479         1.000
 Y3             0.464         0.588         1.000
 X3P1           0.055         0.020         0.062         1.000
 X2P2          -0.019         0.018         0.113         0.020         1.000
 X1P3           0.026        -0.062         0.033         0.252         0.122


           Correlations
              X1P3
              ________
 X1P3           1.000


UNIVARIATE SAMPLE STATISTICS


     UNIVARIATE HIGHER-ORDER MOMENT DESCRIPTIVE STATISTICS

         Variable/         Mean/     Skewness/   Minimum/ % with                Percentiles
        Sample Size      Variance    Kurtosis    Maximum  Min/Max      20%/60%    40%/80%    Median

     X1                    0.000      -0.177      -0.544   45.60%      -0.544     -0.544      0.456
             250.000       0.248      -1.969       0.456   54.40%       0.456      0.456
     X2                    0.000      -0.096      -0.524   47.60%      -0.524     -0.524      0.476
             250.000       0.249      -1.991       0.476   52.40%       0.476      0.476
     X3                    0.000      -0.016      -0.504   49.60%      -0.504     -0.504      0.496
             250.000       0.250      -2.000       0.496   50.40%       0.496      0.496
     M1                    0.000       0.039      -1.976   30.00%      -1.976     -0.976      0.024
             250.000       2.671      -1.616       2.024   30.00%       1.024      2.024
     M2                    0.000      -0.075      -2.096   26.00%      -2.096     -0.096     -0.096
             250.000       2.551      -1.548       1.904   31.60%       0.904      1.904
     M3                    0.000       0.099      -1.964   27.20%      -1.964     -0.964      0.036
             250.000       2.587      -1.582       2.036   30.00%       1.036      2.036
     M4                    0.000      -0.109      -2.096   25.60%      -2.096     -0.096     -0.096
             250.000       2.455      -1.504       1.904   28.80%       0.904      1.904
     M5                    0.000       0.102      -1.912   28.80%      -1.912     -0.912      0.088
             250.000       2.472      -1.514       2.088   26.00%       0.088      2.088
     M6                    0.000      -0.130      -2.116   25.20%      -2.116     -0.116     -0.116
             250.000       2.455      -1.501       1.884   29.20%       0.884      1.884
     M7                    0.000       0.111      -1.860   29.60%      -1.860     -0.860      0.140
             250.000       2.376      -1.489       2.140   22.00%       0.140      2.140
     M8                    0.000      -0.015      -2.024   26.80%      -2.024     -1.024     -0.024
             250.000       2.519      -1.560       1.976   28.40%       0.976      1.976
     M9                    0.000       0.216      -1.812   27.60%      -1.812     -0.812      0.188
             250.000       2.249      -1.367       2.188   21.60%       0.188      2.188
     M10                   0.000       0.027      -1.960   26.40%      -1.960     -0.960      0.040
             250.000       2.342      -1.472       2.040   24.00%       1.040      2.040
     M11                   0.000       0.007      -1.972   26.40%      -1.972     -0.972      0.028
             250.000       2.347      -1.478       2.028   24.00%       1.028      2.028
     M12                   0.000       0.071      -1.936   21.60%      -1.936     -0.936      0.064
             250.000       1.988      -1.244       2.064   19.60%       0.064      1.064
     Y1                    0.505       0.086      -2.156    0.40%      -0.250      0.343      0.496
             250.000       0.795       0.165       3.201    0.40%       0.665      1.208
     Y2                    0.798       0.141      -1.258    0.40%       0.060      0.526      0.788
             250.000       0.893      -0.386       3.487    0.40%       1.022      1.591
     Y3                    1.081       0.052      -1.940    0.40%       0.127      0.811      1.039
             250.000       1.232      -0.069       4.072    0.40%       1.337      2.050
     X3P1                  0.000      -0.236      -1.104    0.40%      -0.423     -0.096      0.073
             250.000       0.186      -0.546       0.941    0.40%       0.156      0.408
     X2P2                  0.000       0.048      -0.988    0.40%      -0.428     -0.155     -0.035
             250.000       0.208      -0.884       1.013    0.40%       0.096      0.440
     X1P3                  0.000      -0.177      -1.137    1.20%      -0.457     -0.138     -0.024
             250.000       0.230      -0.588       1.039    0.40%       0.204      0.432


     THIS ANALYSIS MAY HAVE MULTIPLE SOLUTIONS.  EXPLORE THIS USING RANDOM STARTS,
     FOR EXAMPLE, STARTS = 20.  USE A LARGE ENOUGH NUMBER OF STARTS SO THAT THE
     BEST FIT FUNCTION VALUE IS REPLICATED SEVERAL TIMES.


THE MODEL ESTIMATION TERMINATED NORMALLY

     THE STANDARD ERRORS OF THE MODEL PARAMETER ESTIMATES MAY NOT BE
     TRUSTWORTHY FOR SOME PARAMETERS DUE TO A NON-POSITIVE DEFINITE
     FIRST-ORDER DERIVATIVE PRODUCT MATRIX.  THIS MAY BE DUE TO THE STARTING
     VALUES BUT MAY ALSO BE AN INDICATION OF MODEL NONIDENTIFICATION.  THE
     CONDITION NUMBER IS      -0.147D-16.  PROBLEM INVOLVING THE FOLLOWING PARAMETER:
     Parameter 40, X2

     THIS IS MOST LIKELY DUE TO VARIABLE X1 BEING DICHOTOMOUS BUT
     DECLARED AS CONTINUOUS.




MODEL FIT INFORMATION

Number of Free Parameters                       69

Loglikelihood

          H0 Value                       -7354.202
          H0 Scaling Correction Factor      0.8836
            for MLR
          H1 Value                       -7247.395
          H1 Scaling Correction Factor      0.9570
            for MLR

Information Criteria

          Akaike (AIC)                   14846.403
          Bayesian (BIC)                 15089.384
          Sample-Size Adjusted BIC       14870.648
            (n* = (n + 2) / 24)

Chi-Square Test of Model Fit

          Value                            216.926*
          Degrees of Freedom                   183
          P-Value                           0.0438
          Scaling Correction Factor         0.9847
            for MLR

*   The chi-square value for MLM, MLMV, MLR, ULSMV, WLSM and WLSMV cannot be used
    for chi-square difference testing in the regular way.  MLM, MLR and WLSM
    chi-square difference testing is described on the Mplus website.  MLMV, WLSMV,
    and ULSMV difference testing is done using the DIFFTEST option.

RMSEA (Root Mean Square Error Of Approximation)

          Estimate                           0.027
          90 Percent C.I.                    0.005  0.040
          Probability RMSEA <= .05           0.999

CFI/TLI

          CFI                                0.940
          TLI                                0.932

Chi-Square Test of Model Fit for the Baseline Model

          Value                            779.257
          Degrees of Freedom                   210
          P-Value                           0.0000

SRMR (Standardized Root Mean Square Residual)

          Value                              0.053



MODEL RESULTS

                                                    Two-Tailed
                    Estimate       S.E.  Est./S.E.    P-Value

 X        BY
    X3                 1.000      0.000    999.000    999.000
    X2                 1.115      0.391      2.849      0.004
    X1                 0.908      0.290      3.136      0.002

 M        BY
    M12                1.000      0.000    999.000    999.000
    M11                1.027      0.123      8.337      0.000
    M10                0.981      0.129      7.605      0.000
    M9                 0.609      0.121      5.021      0.000
    M8                 0.862      0.110      7.810      0.000
    M7                 0.771      0.118      6.550      0.000
    M6                 0.558      0.130      4.302      0.000
    M5                 0.449      0.133      3.385      0.001
    M4                 0.445      0.129      3.443      0.001
    M3                 0.418      0.122      3.423      0.001
    M2                 0.175      0.126      1.387      0.165
    M1                 0.290      0.144      2.021      0.043

 Y        BY
    Y3                 1.000      0.000    999.000    999.000
    Y2                 0.834      0.098      8.539      0.000
    Y1                 0.650      0.084      7.772      0.000

 XM       BY
    X3P1               1.000      0.000    999.000    999.000
    X2P2               0.509      0.329      1.546      0.122
    X1P3               3.277      6.794      0.482      0.630

 Y        ON
    X                  0.978      0.347      2.819      0.005
    M                  0.241      0.106      2.272      0.023
    XM                -0.057      0.849     -0.067      0.947

 X        WITH
    M                  0.066      0.042      1.572      0.116
    XM                 0.003      0.010      0.331      0.740

 M        WITH
    XM                -0.008      0.020     -0.393      0.695

 Intercepts
    X1                 0.000      0.032      0.000      1.000
    X2                 0.000      0.032      0.000      1.000
    X3                 0.000      0.032      0.000      1.000
    M1                 0.000      0.103      0.000      1.000
    M2                 0.000      0.101      0.000      1.000
    M3                 0.000      0.102      0.000      1.000
    M4                 0.000      0.099      0.000      1.000
    M5                 0.000      0.099      0.000      1.000
    M6                 0.000      0.099      0.000      1.000
    M7                 0.000      0.097      0.000      1.000
    M8                 0.000      0.100      0.000      1.000
    M9                 0.000      0.095      0.000      1.000
    M10                0.000      0.097      0.000      1.000
    M11                0.000      0.097      0.000      1.000
    M12                0.000      0.089      0.000      1.000
    Y1                 0.505      0.056      8.962      0.000
    Y2                 0.798      0.060     13.358      0.000
    Y3                 1.081      0.070     15.394      0.000
    X3P1               0.000      0.027      0.000      1.000
    X2P2               0.000      0.029      0.000      1.000
    X1P3               0.000      0.030      0.000      1.000

 Variances
    X                  0.068      0.027      2.491      0.013
    M                  0.848      0.142      5.955      0.000
    XM                 0.016      0.034      0.473      0.636

 Residual Variances
    X1                 0.192      0.021      9.252      0.000
    X2                 0.165      0.034      4.885      0.000
    X3                 0.182      0.027      6.647      0.000
    M1                 2.600      0.117     22.251      0.000
    M2                 2.525      0.111     22.849      0.000
    M3                 2.439      0.129     18.931      0.000
    M4                 2.287      0.129     17.684      0.000
    M5                 2.302      0.129     17.791      0.000
    M6                 2.191      0.137     16.028      0.000
    M7                 1.872      0.145     12.929      0.000
    M8                 1.889      0.174     10.830      0.000
    M9                 1.934      0.141     13.740      0.000
    M10                1.525      0.161      9.489      0.000
    M11                1.452      0.162      8.976      0.000
    M12                1.140      0.120      9.491      0.000
    Y1                 0.486      0.062      7.817      0.000
    Y2                 0.383      0.067      5.711      0.000
    Y3                 0.500      0.093      5.376      0.000
    X3P1               0.170      0.035      4.853      0.000
    X2P2               0.204      0.016     12.892      0.000
    X1P3               0.059      0.353      0.168      0.867
    Y                  0.586      0.110      5.325      0.000

New/Additional Parameters
    VAR_Y              0.732      0.132      5.530      0.000
    STD_B1             0.299      0.108      2.772      0.006
    STD_B2             0.260      0.099      2.622      0.009
    STD_B3            -0.016      0.239     -0.067      0.947


QUALITY OF NUMERICAL RESULTS

     Condition Number for the Information Matrix              0.443E-06
       (ratio of smallest to largest eigenvalue)


CONFIDENCE INTERVALS OF MODEL RESULTS

                  Lower .5%  Lower 2.5%    Lower 5%    Estimate    Upper 5%  Upper 2.5%   Upper .5%

 X        BY
    X3               1.000       1.000       1.000       1.000       1.000       1.000       1.000
    X2               0.107       0.348       0.471       1.115       1.759       1.882       2.123
    X1               0.162       0.341       0.432       0.908       1.384       1.476       1.654

 M        BY
    M12              1.000       1.000       1.000       1.000       1.000       1.000       1.000
    M11              0.710       0.786       0.824       1.027       1.230       1.268       1.344
    M10              0.649       0.728       0.769       0.981       1.194       1.234       1.314
    M9               0.296       0.371       0.409       0.609       0.808       0.846       0.921
    M8               0.578       0.646       0.681       0.862       1.044       1.079       1.146
    M7               0.468       0.540       0.578       0.771       0.965       1.002       1.075
    M6               0.224       0.304       0.345       0.558       0.771       0.812       0.892
    M5               0.107       0.189       0.231       0.449       0.667       0.708       0.790
    M4               0.112       0.192       0.232       0.445       0.657       0.698       0.778
    M3               0.103       0.179       0.217       0.418       0.619       0.657       0.732
    M2              -0.150      -0.072      -0.032       0.175       0.382       0.421       0.499
    M1              -0.080       0.009       0.054       0.290       0.527       0.572       0.660

 Y        BY
    Y3               1.000       1.000       1.000       1.000       1.000       1.000       1.000
    Y2               0.583       0.643       0.674       0.834       0.995       1.026       1.086
    Y1               0.435       0.486       0.513       0.650       0.788       0.814       0.866

 XM       BY
    X3P1             1.000       1.000       1.000       1.000       1.000       1.000       1.000
    X2P2            -0.339      -0.136      -0.033       0.509       1.050       1.154       1.356
    X1P3           -14.224     -10.040      -7.900       3.277      14.453      16.593      20.777

 Y        ON
    X                0.084       0.298       0.407       0.978       1.549       1.658       1.871
    M               -0.032       0.033       0.067       0.241       0.416       0.449       0.514
    XM              -2.244      -1.721      -1.454      -0.057       1.340       1.608       2.131

 X        WITH
    M               -0.042      -0.016      -0.003       0.066       0.135       0.149       0.175
    XM              -0.022      -0.016      -0.013       0.003       0.019       0.022       0.028

 M        WITH
    XM              -0.061      -0.048      -0.042      -0.008       0.026       0.032       0.045

 Intercepts
    X1              -0.081      -0.062      -0.052       0.000       0.052       0.062       0.081
    X2              -0.081      -0.062      -0.052       0.000       0.052       0.062       0.081
    X3              -0.081      -0.062      -0.052       0.000       0.052       0.062       0.081
    M1              -0.266      -0.203      -0.170       0.000       0.170       0.203       0.266
    M2              -0.260      -0.198      -0.166       0.000       0.166       0.198       0.260
    M3              -0.262      -0.199      -0.167       0.000       0.167       0.199       0.262
    M4              -0.255      -0.194      -0.163       0.000       0.163       0.194       0.255
    M5              -0.256      -0.195      -0.164       0.000       0.164       0.195       0.256
    M6              -0.255      -0.194      -0.163       0.000       0.163       0.194       0.255
    M7              -0.251      -0.191      -0.160       0.000       0.160       0.191       0.251
    M8              -0.259      -0.197      -0.165       0.000       0.165       0.197       0.259
    M9              -0.244      -0.186      -0.156       0.000       0.156       0.186       0.244
    M10             -0.249      -0.190      -0.159       0.000       0.159       0.190       0.249
    M11             -0.250      -0.190      -0.159       0.000       0.159       0.190       0.250
    M12             -0.230      -0.175      -0.147       0.000       0.147       0.175       0.230
    Y1               0.360       0.395       0.413       0.505       0.598       0.616       0.651
    Y2               0.644       0.681       0.700       0.798       0.896       0.915       0.952
    Y3               0.900       0.943       0.965       1.081       1.196       1.218       1.261
    X3P1            -0.070      -0.053      -0.045       0.000       0.045       0.053       0.070
    X2P2            -0.074      -0.057      -0.047       0.000       0.047       0.057       0.074
    X1P3            -0.078      -0.059      -0.050       0.000       0.050       0.059       0.078

 Variances
    X               -0.002       0.015       0.023       0.068       0.113       0.122       0.139
    M                0.481       0.569       0.614       0.848       1.083       1.128       1.215
    XM              -0.071      -0.050      -0.039       0.016       0.071       0.082       0.102

 Residual Variances
    X1               0.138       0.151       0.158       0.192       0.226       0.232       0.245
    X2               0.078       0.099       0.109       0.165       0.220       0.231       0.252
    X3               0.111       0.128       0.137       0.182       0.227       0.235       0.252
    M1               2.299       2.371       2.408       2.600       2.792       2.829       2.901
    M2               2.240       2.308       2.343       2.525       2.707       2.742       2.810
    M3               2.107       2.186       2.227       2.439       2.650       2.691       2.770
    M4               1.954       2.033       2.074       2.287       2.500       2.540       2.620
    M5               1.968       2.048       2.089       2.302       2.514       2.555       2.635
    M6               1.839       1.923       1.966       2.191       2.415       2.458       2.543
    M7               1.499       1.588       1.634       1.872       2.110       2.155       2.245
    M8               1.440       1.547       1.602       1.889       2.176       2.231       2.338
    M9               1.572       1.658       1.703       1.934       2.166       2.210       2.297
    M10              1.111       1.210       1.261       1.525       1.790       1.840       1.939
    M11              1.036       1.135       1.186       1.452       1.719       1.770       1.869
    M12              0.830       0.904       0.942       1.140       1.337       1.375       1.449
    Y1               0.326       0.364       0.384       0.486       0.588       0.608       0.646
    Y2               0.210       0.252       0.273       0.383       0.493       0.515       0.556
    Y3               0.261       0.318       0.347       0.500       0.653       0.683       0.740
    X3P1             0.080       0.101       0.112       0.170       0.228       0.239       0.260
    X2P2             0.163       0.173       0.178       0.204       0.230       0.235       0.244
    X1P3            -0.850      -0.633      -0.521       0.059       0.640       0.751       0.968
    Y                0.303       0.370       0.405       0.586       0.767       0.802       0.870

New/Additional Parameters
    VAR_Y            0.391       0.472       0.514       0.732       0.949       0.991       1.072
    STD_B1           0.021       0.087       0.121       0.299       0.476       0.510       0.576
    STD_B2           0.005       0.066       0.097       0.260       0.422       0.454       0.515
    STD_B3          -0.631      -0.484      -0.409      -0.016       0.377       0.452       0.599


TECHNICAL 1 OUTPUT


     PARAMETER SPECIFICATION


           NU
              X1            X2            X3            M1            M2
              ________      ________      ________      ________      ________
                  1             2             3             4             5


           NU
              M3            M4            M5            M6            M7
              ________      ________      ________      ________      ________
                  6             7             8             9            10


           NU
              M8            M9            M10           M11           M12
              ________      ________      ________      ________      ________
                 11            12            13            14            15


           NU
              Y1            Y2            Y3            X3P1          X2P2
              ________      ________      ________      ________      ________
                 16            17            18            19            20


           NU
              X1P3
              ________
                 21


           LAMBDA
              X             M             Y             XM
              ________      ________      ________      ________
 X1                22             0             0             0
 X2                23             0             0             0
 X3                 0             0             0             0
 M1                 0            24             0             0
 M2                 0            25             0             0
 M3                 0            26             0             0
 M4                 0            27             0             0
 M5                 0            28             0             0
 M6                 0            29             0             0
 M7                 0            30             0             0
 M8                 0            31             0             0
 M9                 0            32             0             0
 M10                0            33             0             0
 M11                0            34             0             0
 M12                0             0             0             0
 Y1                 0             0            35             0
 Y2                 0             0            36             0
 Y3                 0             0             0             0
 X3P1               0             0             0             0
 X2P2               0             0             0            37
 X1P3               0             0             0            38


           THETA
              X1            X2            X3            M1            M2
              ________      ________      ________      ________      ________
 X1                39
 X2                 0            40
 X3                 0             0            41
 M1                 0             0             0            42
 M2                 0             0             0             0            43
 M3                 0             0             0             0             0
 M4                 0             0             0             0             0
 M5                 0             0             0             0             0
 M6                 0             0             0             0             0
 M7                 0             0             0             0             0
 M8                 0             0             0             0             0
 M9                 0             0             0             0             0
 M10                0             0             0             0             0
 M11                0             0             0             0             0
 M12                0             0             0             0             0
 Y1                 0             0             0             0             0
 Y2                 0             0             0             0             0
 Y3                 0             0             0             0             0
 X3P1               0             0             0             0             0
 X2P2               0             0             0             0             0
 X1P3               0             0             0             0             0


           THETA
              M3            M4            M5            M6            M7
              ________      ________      ________      ________      ________
 M3                44
 M4                 0            45
 M5                 0             0            46
 M6                 0             0             0            47
 M7                 0             0             0             0            48
 M8                 0             0             0             0             0
 M9                 0             0             0             0             0
 M10                0             0             0             0             0
 M11                0             0             0             0             0
 M12                0             0             0             0             0
 Y1                 0             0             0             0             0
 Y2                 0             0             0             0             0
 Y3                 0             0             0             0             0
 X3P1               0             0             0             0             0
 X2P2               0             0             0             0             0
 X1P3               0             0             0             0             0


           THETA
              M8            M9            M10           M11           M12
              ________      ________      ________      ________      ________
 M8                49
 M9                 0            50
 M10                0             0            51
 M11                0             0             0            52
 M12                0             0             0             0            53
 Y1                 0             0             0             0             0
 Y2                 0             0             0             0             0
 Y3                 0             0             0             0             0
 X3P1               0             0             0             0             0
 X2P2               0             0             0             0             0
 X1P3               0             0             0             0             0


           THETA
              Y1            Y2            Y3            X3P1          X2P2
              ________      ________      ________      ________      ________
 Y1                54
 Y2                 0            55
 Y3                 0             0            56
 X3P1               0             0             0            57
 X2P2               0             0             0             0            58
 X1P3               0             0             0             0             0


           THETA
              X1P3
              ________
 X1P3              59


           ALPHA
              X             M             Y             XM
              ________      ________      ________      ________
                  0             0             0             0


           BETA
              X             M             Y             XM
              ________      ________      ________      ________
 X                  0             0             0             0
 M                  0             0             0             0
 Y                 60            61             0            62
 XM                 0             0             0             0


           PSI
              X             M             Y             XM
              ________      ________      ________      ________
 X                 63
 M                 64            65
 Y                  0             0            66
 XM                67            68             0            69


     PARAMETER SPECIFICATION FOR THE ADDITIONAL PARAMETERS


           New/Additional Parameters
              VAR_Y         STD_B1        STD_B2        STD_B3
              ________      ________      ________      ________
                   70            71            72            73


     STARTING VALUES


           NU
              X1            X2            X3            M1            M2
              ________      ________      ________      ________      ________
                0.000         0.000         0.000         0.000         0.000


           NU
              M3            M4            M5            M6            M7
              ________      ________      ________      ________      ________
                0.000         0.000         0.000         0.000         0.000


           NU
              M8            M9            M10           M11           M12
              ________      ________      ________      ________      ________
                0.000         0.000         0.000         0.000         0.000


           NU
              Y1            Y2            Y3            X3P1          X2P2
              ________      ________      ________      ________      ________
                0.505         0.798         1.081         0.000         0.000


           NU
              X1P3
              ________
                0.000


           LAMBDA
              X             M             Y             XM
              ________      ________      ________      ________
 X1             1.040         0.000         0.000         0.000
 X2             1.584         0.000         0.000         0.000
 X3             1.000         0.000         0.000         0.000
 M1             0.000         1.159         0.000         0.000
 M2             0.000         0.394         0.000         0.000
 M3             0.000         0.649         0.000         0.000
 M4             0.000         0.353         0.000         0.000
 M5             0.000         0.979         0.000         0.000
 M6             0.000         0.765         0.000         0.000
 M7             0.000         0.633         0.000         0.000
 M8             0.000         0.807         0.000         0.000
 M9             0.000         0.624         0.000         0.000
 M10            0.000         1.134         0.000         0.000
 M11            0.000         0.871         0.000         0.000
 M12            0.000         1.000         0.000         0.000
 Y1             0.000         0.000         0.655         0.000
 Y2             0.000         0.000         0.880         0.000
 Y3             0.000         0.000         1.000         0.000
 X3P1           0.000         0.000         0.000         1.000
 X2P2           0.000         0.000         0.000         0.513
 X1P3           0.000         0.000         0.000         6.650


           THETA
              X1            X2            X3            M1            M2
              ________      ________      ________      ________      ________
 X1             0.124
 X2             0.000         0.125
 X3             0.000         0.000         0.125
 M1             0.000         0.000         0.000         1.336
 M2             0.000         0.000         0.000         0.000         1.275
 M3             0.000         0.000         0.000         0.000         0.000
 M4             0.000         0.000         0.000         0.000         0.000
 M5             0.000         0.000         0.000         0.000         0.000
 M6             0.000         0.000         0.000         0.000         0.000
 M7             0.000         0.000         0.000         0.000         0.000
 M8             0.000         0.000         0.000         0.000         0.000
 M9             0.000         0.000         0.000         0.000         0.000
 M10            0.000         0.000         0.000         0.000         0.000
 M11            0.000         0.000         0.000         0.000         0.000
 M12            0.000         0.000         0.000         0.000         0.000
 Y1             0.000         0.000         0.000         0.000         0.000
 Y2             0.000         0.000         0.000         0.000         0.000
 Y3             0.000         0.000         0.000         0.000         0.000
 X3P1           0.000         0.000         0.000         0.000         0.000
 X2P2           0.000         0.000         0.000         0.000         0.000
 X1P3           0.000         0.000         0.000         0.000         0.000


           THETA
              M3            M4            M5            M6            M7
              ________      ________      ________      ________      ________
 M3             1.293
 M4             0.000         1.227
 M5             0.000         0.000         1.236
 M6             0.000         0.000         0.000         1.227
 M7             0.000         0.000         0.000         0.000         1.188
 M8             0.000         0.000         0.000         0.000         0.000
 M9             0.000         0.000         0.000         0.000         0.000
 M10            0.000         0.000         0.000         0.000         0.000
 M11            0.000         0.000         0.000         0.000         0.000
 M12            0.000         0.000         0.000         0.000         0.000
 Y1             0.000         0.000         0.000         0.000         0.000
 Y2             0.000         0.000         0.000         0.000         0.000
 Y3             0.000         0.000         0.000         0.000         0.000
 X3P1           0.000         0.000         0.000         0.000         0.000
 X2P2           0.000         0.000         0.000         0.000         0.000
 X1P3           0.000         0.000         0.000         0.000         0.000


           THETA
              M8            M9            M10           M11           M12
              ________      ________      ________      ________      ________
 M8             1.260
 M9             0.000         1.124
 M10            0.000         0.000         1.171
 M11            0.000         0.000         0.000         1.174
 M12            0.000         0.000         0.000         0.000         0.994
 Y1             0.000         0.000         0.000         0.000         0.000
 Y2             0.000         0.000         0.000         0.000         0.000
 Y3             0.000         0.000         0.000         0.000         0.000
 X3P1           0.000         0.000         0.000         0.000         0.000
 X2P2           0.000         0.000         0.000         0.000         0.000
 X1P3           0.000         0.000         0.000         0.000         0.000


           THETA
              Y1            Y2            Y3            X3P1          X2P2
              ________      ________      ________      ________      ________
 Y1             0.398
 Y2             0.000         0.446
 Y3             0.000         0.000         0.616
 X3P1           0.000         0.000         0.000         0.093
 X2P2           0.000         0.000         0.000         0.000         0.104
 X1P3           0.000         0.000         0.000         0.000         0.000


           THETA
              X1P3
              ________
 X1P3           0.115


           ALPHA
              X             M             Y             XM
              ________      ________      ________      ________
                0.000         0.000         0.000         0.000


           BETA
              X             M             Y             XM
              ________      ________      ________      ________
 X              0.000         0.000         0.000         0.000
 M              0.000         0.000         0.000         0.000
 Y              0.000         0.000         0.000         0.000
 XM             0.000         0.000         0.000         0.000


           PSI
              X             M             Y             XM
              ________      ________      ________      ________
 X              0.050
 M              0.000         0.050
 Y              0.000         0.000         0.050
 XM             0.000         0.000         0.000         0.050


     STARTING VALUES FOR THE ADDITIONAL PARAMETERS


           New/Additional Parameters
              VAR_Y         STD_B1        STD_B2        STD_B3
              ________      ________      ________      ________
                0.500         0.500         0.500         0.500


RESULTS SAVING INFORMATION

  Order of data

    Parameter estimates
     (saved in order shown in Technical 1 output)
    Standard errors
     (saved in order shown in Technical 1 output)
    Number of Free Parameters
    H0 Loglikelihood
    H0 Scaling Correction Factor for MLR
    H1 Loglikelihood
    H1 Scaling Correction Factor for MLR
    Akaike (AIC)
    Bayesian (BIC)
    Sample-Size Adjusted BIC
    Chi-square : Value
    Chi-square : Degrees of Freedom
    Chi-square : P-Value
    Chi-square : Scaling Correction Factor for MLR/MLM/WLSM
    CFI
    TLI
    RMSEA : Estimate
    RMSEA : Low CI
    RMSEA : High CI
    RMSEA : Probability
    SRMR
    Condition Number

  Save file
    parcelupi_results_1068.dat

  Save file format           Free


     Beginning Time:  21:45:02
        Ending Time:  21:45:03
       Elapsed Time:  00:00:01



MUTHEN & MUTHEN
3463 Stoner Ave.
Los Angeles, CA  90066

Tel: (310) 391-9971
Fax: (310) 391-8971
Web: www.StatModel.com
Support: Support@StatModel.com

Copyright (c) 1998-2022 Muthen & Muthen
