Mplus VERSION 8.8 (Mac)
MUTHEN & MUTHEN
07/27/2025   9:55 PM

INPUT INSTRUCTIONS


    TITLE: Parceling Unconstrained Product Indicator

    DATA:
      FILE = parcelupi_simdat_1070.dat;
      FORMAT IS FREE;

    VARIABLE:
      NAMES = x1 x2 x3
      	    m1 m2 m3 m4 m5 m6
      	    m7 m8 m9 m10 m11 m12
      	    y1 y2 y3
      	    p1 p2 p3
      	    x3p1 x2p2 x1p3;
      USEVARIABLES = x1 x2 x3
      	    m1 m2 m3 m4 m5 m6
      	    m7 m8 m9 m10 m11 m12
      	    y1 y2 y3
      	    x3p1 x2p2 x1p3;

    ANALYSIS:
      TYPE = general;
      ESTIMATOR = MLR;
    MODEL:
      !measurement model
      X BY x3 x2 x1;
      X (var_X);
      M BY m12 m11 m10 m9 m8 m7 m6 m5 m4 m3 m2 m1;
      M (var_M);
      Y BY y3 y2 y1;
      Y (resvar_Y);
      XM BY x3p1 x2p2 x1p3;
      XM (var_XM);

      !covariances between predictors
      X WITH M (cov_XM);
      X WITH XM (cov_XXM);
      M WITH XM (cov_MXM);

      !structural model
      Y ON X (b1);
      Y ON M (b2);
      Y ON XM (b3);

    MODEL CONSTRAINT:

      NEW(var_Y std_b1 std_b2 std_b3);
      var_Y = resvar_Y +
       (b1^2 * var_X +
        b2^2 * var_M +
        b3^2 * var_XM +
        2 * b1 * b2 * cov_XM +
        2 * b1 * b3 * cov_XXM +
        2 * b2 * b3 * cov_MXM);

        std_b1 = b1 * sqrt(var_X) / sqrt(var_Y);
        std_b2 = b2 * sqrt(var_M) / sqrt(var_Y);
        std_b3 = b3 * sqrt(var_X) * sqrt(var_M) / sqrt(var_Y);

    OUTPUT:
      sampstat tech1 CINTERVAL;

    SAVEDATA:
      RESULTS = parcelupi_results_1070.dat;




INPUT READING TERMINATED NORMALLY



Parceling Unconstrained Product Indicator

SUMMARY OF ANALYSIS

Number of groups                                                 1
Number of observations                                         250

Number of dependent variables                                   21
Number of independent variables                                  0
Number of continuous latent variables                            4

Observed dependent variables

  Continuous
   X1          X2          X3          M1          M2          M3
   M4          M5          M6          M7          M8          M9
   M10         M11         M12         Y1          Y2          Y3
   X3P1        X2P2        X1P3

Continuous latent variables
   X           M           Y           XM


Estimator                                                      MLR
Information matrix                                        OBSERVED
Maximum number of iterations                                  1000
Convergence criterion                                    0.500D-04
Maximum number of steepest descent iterations                   20

Input data file(s)
  parcelupi_simdat_1070.dat

Input data format  FREE


SAMPLE STATISTICS


     SAMPLE STATISTICS


           Means
              X1            X2            X3            M1            M2
              ________      ________      ________      ________      ________
                0.000         0.000         0.000         0.000         0.000


           Means
              M3            M4            M5            M6            M7
              ________      ________      ________      ________      ________
                0.000         0.000         0.000         0.000         0.000


           Means
              M8            M9            M10           M11           M12
              ________      ________      ________      ________      ________
                0.000         0.000         0.000         0.000         0.000


           Means
              Y1            Y2            Y3            X3P1          X2P2
              ________      ________      ________      ________      ________
                0.604         0.907         1.117         0.000         0.000


           Means
              X1P3
              ________
                0.000


           Covariances
              X1            X2            X3            M1            M2
              ________      ________      ________      ________      ________
 X1             0.250
 X2             0.060         0.250
 X3             0.068         0.122         0.248
 M1            -0.032         0.027        -0.045         2.684
 M2             0.058         0.018         0.016         0.079         2.577
 M3            -0.007         0.044        -0.002         0.195         0.174
 M4             0.008         0.044        -0.002         0.244         0.021
 M5            -0.020         0.105         0.040         0.350         0.047
 M6             0.012         0.101         0.025         0.188         0.333
 M7             0.022         0.014         0.048         0.100         0.199
 M8             0.046         0.026         0.017         0.090         0.122
 M9             0.088         0.115         0.140         0.478         0.325
 M10            0.008         0.016         0.076         0.240         0.328
 M11            0.086         0.139         0.102         0.254         0.267
 M12            0.036         0.156         0.140         0.337         0.240
 Y1             0.035         0.099         0.087         0.059         0.025
 Y2             0.051         0.092         0.073         0.335        -0.052
 Y3             0.100         0.104         0.090         0.173         0.132
 X3P1           0.008         0.010         0.005        -0.010         0.006
 X2P2           0.018        -0.001        -0.002        -0.107        -0.033
 X1P3           0.000         0.011         0.008         0.047        -0.010


           Covariances
              M3            M4            M5            M6            M7
              ________      ________      ________      ________      ________
 M3             2.550
 M4            -0.049         2.397
 M5             0.261         0.127         2.584
 M6             0.145         0.156         0.658         2.652
 M7             0.148         0.275         0.325         0.080         2.248
 M8             0.275         0.070         0.329         0.610         0.446
 M9             0.317         0.241         0.468         0.270         0.158
 M10            0.528         0.384         0.512         0.252         0.548
 M11            0.282         0.247         0.580         0.454         0.430
 M12            0.474         0.228         0.535         0.539         0.472
 Y1             0.060         0.050         0.233         0.133         0.221
 Y2             0.055         0.139         0.106         0.179         0.234
 Y3             0.344         0.087         0.169         0.247         0.227
 X3P1           0.028         0.009        -0.060        -0.030         0.014
 X2P2          -0.094        -0.053         0.024         0.007         0.055
 X1P3           0.021         0.036        -0.041        -0.020         0.016


           Covariances
              M8            M9            M10           M11           M12
              ________      ________      ________      ________      ________
 M8             2.355
 M9             0.567         2.247
 M10            0.616         0.656         2.376
 M11            0.629         0.817         0.768         2.212
 M12            0.872         0.817         0.936         0.971         2.344
 Y1             0.166         0.116        -0.001         0.071         0.195
 Y2             0.181         0.231         0.264         0.209         0.389
 Y3             0.369         0.342         0.293         0.311         0.547
 X3P1          -0.065        -0.011        -0.047         0.037        -0.031
 X2P2          -0.030        -0.022         0.025        -0.009        -0.048
 X1P3          -0.039        -0.016        -0.013         0.024         0.034


           Covariances
              Y1            Y2            Y3            X3P1          X2P2
              ________      ________      ________      ________      ________
 Y1             0.697
 Y2             0.347         0.906
 Y3             0.439         0.593         1.286
 X3P1           0.000         0.013        -0.019         0.219
 X2P2          -0.051        -0.031        -0.043         0.030         0.209
 X1P3          -0.016         0.025         0.034         0.039         0.014


           Covariances
              X1P3
              ________
 X1P3           0.207


           Correlations
              X1            X2            X3            M1            M2
              ________      ________      ________      ________      ________
 X1             1.000
 X2             0.240         1.000
 X3             0.274         0.491         1.000
 M1            -0.039         0.034        -0.056         1.000
 M2             0.073         0.023         0.020         0.030         1.000
 M3            -0.008         0.056        -0.003         0.075         0.068
 M4             0.011         0.057        -0.003         0.096         0.008
 M5            -0.024         0.130         0.051         0.133         0.018
 M6             0.015         0.123         0.031         0.071         0.127
 M7             0.029         0.018         0.065         0.041         0.083
 M8             0.060         0.034         0.022         0.036         0.050
 M9             0.117         0.154         0.187         0.195         0.135
 M10            0.010         0.021         0.099         0.095         0.133
 M11            0.116         0.187         0.138         0.104         0.112
 M12            0.047         0.204         0.183         0.134         0.097
 Y1             0.083         0.237         0.209         0.043         0.019
 Y2             0.107         0.193         0.155         0.215        -0.034
 Y3             0.177         0.184         0.159         0.093         0.072
 X3P1           0.035         0.041         0.020        -0.013         0.008
 X2P2           0.079        -0.005        -0.007        -0.143        -0.044
 X1P3           0.000         0.050         0.035         0.063        -0.014


           Correlations
              M3            M4            M5            M6            M7
              ________      ________      ________      ________      ________
 M3             1.000
 M4            -0.020         1.000
 M5             0.102         0.051         1.000
 M6             0.056         0.062         0.251         1.000
 M7             0.062         0.119         0.135         0.033         1.000
 M8             0.112         0.029         0.133         0.244         0.194
 M9             0.133         0.104         0.194         0.111         0.070
 M10            0.215         0.161         0.207         0.100         0.237
 M11            0.119         0.107         0.243         0.188         0.193
 M12            0.194         0.096         0.217         0.216         0.206
 Y1             0.045         0.039         0.174         0.098         0.176
 Y2             0.036         0.094         0.069         0.116         0.164
 Y3             0.190         0.050         0.093         0.134         0.133
 X3P1           0.037         0.013        -0.080        -0.039         0.020
 X2P2          -0.128        -0.075         0.032         0.010         0.080
 X1P3           0.029         0.051        -0.055        -0.027         0.023


           Correlations
              M8            M9            M10           M11           M12
              ________      ________      ________      ________      ________
 M8             1.000
 M9             0.247         1.000
 M10            0.260         0.284         1.000
 M11            0.275         0.366         0.335         1.000
 M12            0.371         0.356         0.397         0.427         1.000
 Y1             0.129         0.093        -0.001         0.057         0.153
 Y2             0.124         0.162         0.180         0.148         0.267
 Y3             0.212         0.201         0.168         0.184         0.315
 X3P1          -0.090        -0.016        -0.065         0.053        -0.044
 X2P2          -0.043        -0.033         0.035        -0.013        -0.068
 X1P3          -0.056        -0.023        -0.019         0.036         0.049


           Correlations
              Y1            Y2            Y3            X3P1          X2P2
              ________      ________      ________      ________      ________
 Y1             1.000
 Y2             0.437         1.000
 Y3             0.464         0.549         1.000
 X3P1          -0.001         0.029        -0.036         1.000
 X2P2          -0.135        -0.072        -0.084         0.140         1.000
 X1P3          -0.041         0.059         0.066         0.182         0.066


           Correlations
              X1P3
              ________
 X1P3           1.000


UNIVARIATE SAMPLE STATISTICS


     UNIVARIATE HIGHER-ORDER MOMENT DESCRIPTIVE STATISTICS

         Variable/         Mean/     Skewness/   Minimum/ % with                Percentiles
        Sample Size      Variance    Kurtosis    Maximum  Min/Max      20%/60%    40%/80%    Median

     X1                    0.000      -0.016      -0.504   49.60%      -0.504     -0.504      0.496
             250.000       0.250      -2.000       0.496   50.40%       0.496      0.496
     X2                    0.000      -0.032      -0.508   49.20%      -0.508     -0.508      0.492
             250.000       0.250      -1.999       0.492   50.80%       0.492      0.492
     X3                    0.000       0.161      -0.460   54.00%      -0.460     -0.460     -0.460
             250.000       0.248      -1.974       0.540   46.00%       0.540      0.540
     M1                    0.000      -0.059      -2.064   28.80%      -2.064     -1.064     -0.064
             250.000       2.684      -1.614       1.936   32.00%       0.936      1.936
     M2                    0.000       0.056      -1.948   30.00%      -1.948     -0.948      0.052
             250.000       2.577      -1.563       2.052   28.00%       1.052      2.052
     M3                    0.000      -0.228      -2.196   25.20%      -2.196     -0.196      0.804
             250.000       2.550      -1.532       1.804   31.60%       0.804      1.804
     M4                    0.000       0.061      -1.944   26.80%      -1.944     -0.944      0.056
             250.000       2.397      -1.503       2.056   24.80%       1.056      2.056
     M5                    0.000       0.097      -1.912   30.40%      -1.912     -0.912      0.088
             250.000       2.584      -1.574       2.088   27.20%       1.088      2.088
     M6                    0.000       0.059      -1.936   31.60%      -1.936     -0.936      0.064
             250.000       2.652      -1.599       2.064   28.40%       1.064      2.064
     M7                    0.000      -0.102      -2.060   24.00%      -2.060     -0.060     -0.060
             250.000       2.248      -1.408       1.940   24.00%       0.940      1.940
     M8                    0.000       0.027      -1.964   26.40%      -1.964     -0.964      0.036
             250.000       2.355      -1.476       2.036   24.40%       1.036      2.036
     M9                    0.000      -0.043      -2.096   20.80%      -2.096     -0.096     -0.096
             250.000       2.247      -1.416       1.904   27.60%       0.904      1.904
     M10                   0.000      -0.020      -2.000   26.40%      -2.000     -1.000      0.000
             250.000       2.376      -1.482       2.000   25.20%       1.000      2.000
     M11                   0.000       0.121      -1.908   24.00%      -1.908     -0.908      0.092
             250.000       2.212      -1.410       2.092   22.00%       0.092      2.092
     M12                   0.000       0.040      -1.992   24.40%      -1.992     -0.992      0.008
             250.000       2.344      -1.472       2.008   26.00%       1.008      2.008
     Y1                    0.604       0.201      -2.357    0.40%      -0.062      0.339      0.543
             250.000       0.697       0.616       3.334    0.40%       0.761      1.260
     Y2                    0.907       0.350      -1.259    0.40%       0.125      0.562      0.830
             250.000       0.906      -0.020       3.621    0.40%       1.065      1.705
     Y3                    1.117       0.096      -2.266    0.40%       0.167      0.872      1.097
             250.000       1.286       0.332       4.226    0.40%       1.332      1.974
     X3P1                  0.000      -0.044      -1.016    0.80%      -0.476     -0.162      0.064
             250.000       0.219      -0.731       1.009    1.60%       0.183      0.413
     X2P2                  0.000      -0.146      -1.023    0.40%      -0.408     -0.106      0.021
             250.000       0.209      -0.641       0.945    0.40%       0.148      0.402
     X1P3                  0.000      -0.097      -1.025    0.80%      -0.405     -0.111      0.015
             250.000       0.207      -0.432       1.023    0.80%       0.141      0.393


     THIS ANALYSIS MAY HAVE MULTIPLE SOLUTIONS.  EXPLORE THIS USING RANDOM STARTS,
     FOR EXAMPLE, STARTS = 20.  USE A LARGE ENOUGH NUMBER OF STARTS SO THAT THE
     BEST FIT FUNCTION VALUE IS REPLICATED SEVERAL TIMES.


THE MODEL ESTIMATION TERMINATED NORMALLY

     THE STANDARD ERRORS OF THE MODEL PARAMETER ESTIMATES MAY NOT BE
     TRUSTWORTHY FOR SOME PARAMETERS DUE TO A NON-POSITIVE DEFINITE
     FIRST-ORDER DERIVATIVE PRODUCT MATRIX.  THIS MAY BE DUE TO THE STARTING
     VALUES BUT MAY ALSO BE AN INDICATION OF MODEL NONIDENTIFICATION.  THE
     CONDITION NUMBER IS       0.105D-16.  PROBLEM INVOLVING THE FOLLOWING PARAMETER:
     Parameter 67, XM WITH X (equality/label)

     THIS IS MOST LIKELY DUE TO VARIABLE X1 BEING DICHOTOMOUS BUT
     DECLARED AS CONTINUOUS.




MODEL FIT INFORMATION

Number of Free Parameters                       69

Loglikelihood

          H0 Value                       -7339.613
          H0 Scaling Correction Factor      0.8772
            for MLR
          H1 Value                       -7251.348
          H1 Scaling Correction Factor      0.9647
            for MLR

Information Criteria

          Akaike (AIC)                   14817.226
          Bayesian (BIC)                 15060.206
          Sample-Size Adjusted BIC       14841.470
            (n* = (n + 2) / 24)

Chi-Square Test of Model Fit

          Value                            176.937*
          Degrees of Freedom                   183
          P-Value                           0.6124
          Scaling Correction Factor         0.9977
            for MLR

*   The chi-square value for MLM, MLMV, MLR, ULSMV, WLSM and WLSMV cannot be used
    for chi-square difference testing in the regular way.  MLM, MLR and WLSM
    chi-square difference testing is described on the Mplus website.  MLMV, WLSMV,
    and ULSMV difference testing is done using the DIFFTEST option.

RMSEA (Root Mean Square Error Of Approximation)

          Estimate                           0.000
          90 Percent C.I.                    0.000  0.025
          Probability RMSEA <= .05           1.000

CFI/TLI

          CFI                                1.000
          TLI                                1.000

Chi-Square Test of Model Fit for the Baseline Model

          Value                            787.171
          Degrees of Freedom                   210
          P-Value                           0.0000

SRMR (Standardized Root Mean Square Residual)

          Value                              0.044



MODEL RESULTS

                                                    Two-Tailed
                    Estimate       S.E.  Est./S.E.    P-Value

 X        BY
    X3                 1.000      0.000    999.000    999.000
    X2                 1.021      0.180      5.664      0.000
    X1                 0.539      0.115      4.702      0.000

 M        BY
    M12                1.000      0.000    999.000    999.000
    M11                0.827      0.094      8.833      0.000
    M10                0.783      0.097      8.055      0.000
    M9                 0.728      0.098      7.442      0.000
    M8                 0.685      0.089      7.740      0.000
    M7                 0.432      0.099      4.371      0.000
    M6                 0.474      0.113      4.184      0.000
    M5                 0.539      0.109      4.951      0.000
    M4                 0.248      0.106      2.336      0.019
    M3                 0.387      0.106      3.649      0.000
    M2                 0.261      0.111      2.349      0.019
    M1                 0.321      0.109      2.952      0.003

 Y        BY
    Y3                 1.000      0.000    999.000    999.000
    Y2                 0.768      0.104      7.402      0.000
    Y1                 0.569      0.080      7.077      0.000

 XM       BY
    X3P1               1.000      0.000    999.000    999.000
    X2P2               0.395      0.390      1.011      0.312
    X1P3               0.493      0.416      1.183      0.237

 Y        ON
    X                  0.680      0.261      2.609      0.009
    M                  0.298      0.081      3.686      0.000
    XM                -0.088      0.437     -0.200      0.841

 X        WITH
    M                  0.116      0.036      3.251      0.001
    XM                 0.009      0.012      0.727      0.467

 M        WITH
    XM                -0.023      0.045     -0.520      0.603

 Intercepts
    X1                 0.000      0.032      0.000      1.000
    X2                 0.000      0.032      0.000      1.000
    X3                 0.000      0.032      0.000      1.000
    M1                 0.000      0.104      0.000      1.000
    M2                 0.000      0.102      0.000      1.000
    M3                 0.000      0.101      0.000      1.000
    M4                 0.000      0.098      0.000      1.000
    M5                 0.000      0.102      0.000      1.000
    M6                 0.000      0.103      0.000      1.000
    M7                 0.000      0.095      0.000      1.000
    M8                 0.000      0.097      0.000      1.000
    M9                 0.000      0.095      0.000      1.000
    M10                0.000      0.097      0.000      1.000
    M11                0.000      0.094      0.000      1.000
    M12                0.000      0.097      0.000      1.000
    Y1                 0.604      0.053     11.451      0.000
    Y2                 0.907      0.060     15.059      0.000
    Y3                 1.117      0.072     15.581      0.000
    X3P1               0.000      0.030      0.000      1.000
    X2P2               0.000      0.029      0.000      1.000
    X1P3               0.000      0.029      0.000      1.000

 Variances
    X                  0.119      0.025      4.704      0.000
    M                  1.175      0.168      6.996      0.000
    XM                 0.077      0.075      1.023      0.306

 Residual Variances
    X1                 0.215      0.014     15.742      0.000
    X2                 0.126      0.026      4.885      0.000
    X3                 0.129      0.025      5.107      0.000
    M1                 2.563      0.125     20.568      0.000
    M2                 2.497      0.121     20.600      0.000
    M3                 2.374      0.133     17.904      0.000
    M4                 2.325      0.117     19.861      0.000
    M5                 2.242      0.140     16.032      0.000
    M6                 2.387      0.143     16.692      0.000
    M7                 2.029      0.125     16.249      0.000
    M8                 1.803      0.138     13.053      0.000
    M9                 1.625      0.150     10.858      0.000
    M10                1.654      0.155     10.706      0.000
    M11                1.408      0.137     10.250      0.000
    M12                1.169      0.149      7.838      0.000
    Y1                 0.445      0.050      8.939      0.000
    Y2                 0.448      0.078      5.750      0.000
    Y3                 0.510      0.090      5.674      0.000
    X3P1               0.142      0.075      1.877      0.060
    X2P2               0.197      0.019     10.248      0.000
    X1P3               0.188      0.021      9.068      0.000
    Y                  0.569      0.106      5.342      0.000

New/Additional Parameters
    VAR_Y              0.776      0.140      5.530      0.000
    STD_B1             0.267      0.092      2.893      0.004
    STD_B2             0.367      0.088      4.186      0.000
    STD_B3            -0.037      0.184     -0.202      0.840


QUALITY OF NUMERICAL RESULTS

     Condition Number for the Information Matrix              0.119E-03
       (ratio of smallest to largest eigenvalue)


CONFIDENCE INTERVALS OF MODEL RESULTS

                  Lower .5%  Lower 2.5%    Lower 5%    Estimate    Upper 5%  Upper 2.5%   Upper .5%

 X        BY
    X3               1.000       1.000       1.000       1.000       1.000       1.000       1.000
    X2               0.557       0.668       0.724       1.021       1.317       1.374       1.485
    X1               0.244       0.315       0.351       0.539       0.728       0.764       0.835

 M        BY
    M12              1.000       1.000       1.000       1.000       1.000       1.000       1.000
    M11              0.586       0.643       0.673       0.827       0.981       1.010       1.068
    M10              0.533       0.593       0.623       0.783       0.944       0.974       1.034
    M9               0.476       0.536       0.567       0.728       0.888       0.919       0.979
    M8               0.457       0.512       0.540       0.685       0.831       0.859       0.913
    M7               0.177       0.238       0.269       0.432       0.595       0.626       0.687
    M6               0.182       0.252       0.288       0.474       0.661       0.696       0.766
    M5               0.259       0.326       0.360       0.539       0.719       0.753       0.820
    M4              -0.025       0.040       0.073       0.248       0.423       0.456       0.522
    M3               0.114       0.179       0.213       0.387       0.561       0.595       0.660
    M2              -0.025       0.043       0.078       0.261       0.444       0.479       0.548
    M1               0.041       0.108       0.142       0.321       0.500       0.534       0.601

 Y        BY
    Y3               1.000       1.000       1.000       1.000       1.000       1.000       1.000
    Y2               0.501       0.565       0.597       0.768       0.938       0.971       1.035
    Y1               0.362       0.411       0.437       0.569       0.701       0.727       0.776

 XM       BY
    X3P1             1.000       1.000       1.000       1.000       1.000       1.000       1.000
    X2P2            -0.610      -0.370      -0.247       0.395       1.036       1.159       1.399
    X1P3            -0.580      -0.323      -0.192       0.493       1.178       1.309       1.565

 Y        ON
    X                0.009       0.169       0.251       0.680       1.109       1.191       1.352
    M                0.090       0.140       0.165       0.298       0.431       0.457       0.507
    XM              -1.214      -0.945      -0.807      -0.088       0.632       0.770       1.039

 X        WITH
    M                0.024       0.046       0.057       0.116       0.174       0.185       0.207
    XM              -0.022      -0.015      -0.011       0.009       0.029       0.032       0.040

 M        WITH
    XM              -0.140      -0.112      -0.098      -0.023       0.051       0.065       0.093

 Intercepts
    X1              -0.081      -0.062      -0.052       0.000       0.052       0.062       0.081
    X2              -0.081      -0.062      -0.052       0.000       0.052       0.062       0.081
    X3              -0.081      -0.062      -0.052       0.000       0.052       0.062       0.081
    M1              -0.267      -0.203      -0.170       0.000       0.170       0.203       0.267
    M2              -0.262      -0.199      -0.167       0.000       0.167       0.199       0.262
    M3              -0.260      -0.198      -0.166       0.000       0.166       0.198       0.260
    M4              -0.252      -0.192      -0.161       0.000       0.161       0.192       0.252
    M5              -0.262      -0.199      -0.167       0.000       0.167       0.199       0.262
    M6              -0.265      -0.202      -0.169       0.000       0.169       0.202       0.265
    M7              -0.244      -0.186      -0.156       0.000       0.156       0.186       0.244
    M8              -0.250      -0.190      -0.160       0.000       0.160       0.190       0.250
    M9              -0.244      -0.186      -0.156       0.000       0.156       0.186       0.244
    M10             -0.251      -0.191      -0.160       0.000       0.160       0.191       0.251
    M11             -0.242      -0.184      -0.155       0.000       0.155       0.184       0.242
    M12             -0.249      -0.190      -0.159       0.000       0.159       0.190       0.249
    Y1               0.468       0.501       0.518       0.604       0.691       0.708       0.740
    Y2               0.752       0.789       0.808       0.907       1.006       1.025       1.062
    Y3               0.933       0.977       1.000       1.117       1.235       1.258       1.302
    X3P1            -0.076      -0.058      -0.049       0.000       0.049       0.058       0.076
    X2P2            -0.074      -0.057      -0.048       0.000       0.048       0.057       0.074
    X1P3            -0.074      -0.056      -0.047       0.000       0.047       0.056       0.074

 Variances
    X                0.054       0.070       0.078       0.119       0.161       0.169       0.184
    M                0.743       0.846       0.899       1.175       1.452       1.505       1.608
    XM              -0.117      -0.071      -0.047       0.077       0.201       0.225       0.271

 Residual Variances
    X1               0.180       0.188       0.193       0.215       0.238       0.242       0.251
    X2               0.059       0.075       0.083       0.126       0.168       0.176       0.192
    X3               0.064       0.080       0.088       0.129       0.171       0.179       0.194
    M1               2.242       2.319       2.358       2.563       2.768       2.807       2.884
    M2               2.185       2.259       2.298       2.497       2.696       2.735       2.809
    M3               2.032       2.114       2.156       2.374       2.592       2.633       2.715
    M4               2.023       2.095       2.132       2.325       2.517       2.554       2.626
    M5               1.882       1.968       2.012       2.242       2.472       2.516       2.602
    M6               2.019       2.107       2.152       2.387       2.623       2.668       2.756
    M7               1.707       1.784       1.824       2.029       2.234       2.274       2.351
    M8               1.447       1.532       1.576       1.803       2.030       2.074       2.159
    M9               1.239       1.331       1.378       1.625       1.871       1.918       2.010
    M10              1.256       1.352       1.400       1.654       1.909       1.957       2.052
    M11              1.054       1.139       1.182       1.408       1.634       1.677       1.762
    M12              0.785       0.876       0.923       1.169       1.414       1.461       1.553
    Y1               0.317       0.348       0.363       0.445       0.527       0.543       0.574
    Y2               0.248       0.296       0.320       0.448       0.577       0.601       0.649
    Y3               0.278       0.334       0.362       0.510       0.658       0.686       0.741
    X3P1            -0.053      -0.006       0.018       0.142       0.266       0.289       0.336
    X2P2             0.147       0.159       0.165       0.197       0.228       0.234       0.246
    X1P3             0.134       0.147       0.154       0.188       0.222       0.228       0.241
    Y                0.295       0.360       0.394       0.569       0.744       0.778       0.843

New/Additional Parameters
    VAR_Y            0.415       0.501       0.545       0.776       1.007       1.051       1.138
    STD_B1           0.029       0.086       0.115       0.267       0.418       0.447       0.504
    STD_B2           0.141       0.195       0.223       0.367       0.511       0.539       0.593
    STD_B3          -0.512      -0.398      -0.340      -0.037       0.266       0.324       0.437


TECHNICAL 1 OUTPUT


     PARAMETER SPECIFICATION


           NU
              X1            X2            X3            M1            M2
              ________      ________      ________      ________      ________
                  1             2             3             4             5


           NU
              M3            M4            M5            M6            M7
              ________      ________      ________      ________      ________
                  6             7             8             9            10


           NU
              M8            M9            M10           M11           M12
              ________      ________      ________      ________      ________
                 11            12            13            14            15


           NU
              Y1            Y2            Y3            X3P1          X2P2
              ________      ________      ________      ________      ________
                 16            17            18            19            20


           NU
              X1P3
              ________
                 21


           LAMBDA
              X             M             Y             XM
              ________      ________      ________      ________
 X1                22             0             0             0
 X2                23             0             0             0
 X3                 0             0             0             0
 M1                 0            24             0             0
 M2                 0            25             0             0
 M3                 0            26             0             0
 M4                 0            27             0             0
 M5                 0            28             0             0
 M6                 0            29             0             0
 M7                 0            30             0             0
 M8                 0            31             0             0
 M9                 0            32             0             0
 M10                0            33             0             0
 M11                0            34             0             0
 M12                0             0             0             0
 Y1                 0             0            35             0
 Y2                 0             0            36             0
 Y3                 0             0             0             0
 X3P1               0             0             0             0
 X2P2               0             0             0            37
 X1P3               0             0             0            38


           THETA
              X1            X2            X3            M1            M2
              ________      ________      ________      ________      ________
 X1                39
 X2                 0            40
 X3                 0             0            41
 M1                 0             0             0            42
 M2                 0             0             0             0            43
 M3                 0             0             0             0             0
 M4                 0             0             0             0             0
 M5                 0             0             0             0             0
 M6                 0             0             0             0             0
 M7                 0             0             0             0             0
 M8                 0             0             0             0             0
 M9                 0             0             0             0             0
 M10                0             0             0             0             0
 M11                0             0             0             0             0
 M12                0             0             0             0             0
 Y1                 0             0             0             0             0
 Y2                 0             0             0             0             0
 Y3                 0             0             0             0             0
 X3P1               0             0             0             0             0
 X2P2               0             0             0             0             0
 X1P3               0             0             0             0             0


           THETA
              M3            M4            M5            M6            M7
              ________      ________      ________      ________      ________
 M3                44
 M4                 0            45
 M5                 0             0            46
 M6                 0             0             0            47
 M7                 0             0             0             0            48
 M8                 0             0             0             0             0
 M9                 0             0             0             0             0
 M10                0             0             0             0             0
 M11                0             0             0             0             0
 M12                0             0             0             0             0
 Y1                 0             0             0             0             0
 Y2                 0             0             0             0             0
 Y3                 0             0             0             0             0
 X3P1               0             0             0             0             0
 X2P2               0             0             0             0             0
 X1P3               0             0             0             0             0


           THETA
              M8            M9            M10           M11           M12
              ________      ________      ________      ________      ________
 M8                49
 M9                 0            50
 M10                0             0            51
 M11                0             0             0            52
 M12                0             0             0             0            53
 Y1                 0             0             0             0             0
 Y2                 0             0             0             0             0
 Y3                 0             0             0             0             0
 X3P1               0             0             0             0             0
 X2P2               0             0             0             0             0
 X1P3               0             0             0             0             0


           THETA
              Y1            Y2            Y3            X3P1          X2P2
              ________      ________      ________      ________      ________
 Y1                54
 Y2                 0            55
 Y3                 0             0            56
 X3P1               0             0             0            57
 X2P2               0             0             0             0            58
 X1P3               0             0             0             0             0


           THETA
              X1P3
              ________
 X1P3              59


           ALPHA
              X             M             Y             XM
              ________      ________      ________      ________
                  0             0             0             0


           BETA
              X             M             Y             XM
              ________      ________      ________      ________
 X                  0             0             0             0
 M                  0             0             0             0
 Y                 60            61             0            62
 XM                 0             0             0             0


           PSI
              X             M             Y             XM
              ________      ________      ________      ________
 X                 63
 M                 64            65
 Y                  0             0            66
 XM                67            68             0            69


     PARAMETER SPECIFICATION FOR THE ADDITIONAL PARAMETERS


           New/Additional Parameters
              VAR_Y         STD_B1        STD_B2        STD_B3
              ________      ________      ________      ________
                   70            71            72            73


     STARTING VALUES


           NU
              X1            X2            X3            M1            M2
              ________      ________      ________      ________      ________
                0.000         0.000         0.000         0.000         0.000


           NU
              M3            M4            M5            M6            M7
              ________      ________      ________      ________      ________
                0.000         0.000         0.000         0.000         0.000


           NU
              M8            M9            M10           M11           M12
              ________      ________      ________      ________      ________
                0.000         0.000         0.000         0.000         0.000


           NU
              Y1            Y2            Y3            X3P1          X2P2
              ________      ________      ________      ________      ________
                0.604         0.907         1.117         0.000         0.000


           NU
              X1P3
              ________
                0.000


           LAMBDA
              X             M             Y             XM
              ________      ________      ________      ________
 X1             0.490         0.000         0.000         0.000
 X2             0.880         0.000         0.000         0.000
 X3             1.000         0.000         0.000         0.000
 M1             0.000         0.634         0.000         0.000
 M2             0.000         0.344         0.000         0.000
 M3             0.000         0.407         0.000         0.000
 M4             0.000         0.322         0.000         0.000
 M5             0.000         0.730         0.000         0.000
 M6             0.000         0.525         0.000         0.000
 M7             0.000         0.361         0.000         0.000
 M8             0.000         0.775         0.000         0.000
 M9             0.000         1.073         0.000         0.000
 M10            0.000         0.960         0.000         0.000
 M11            0.000         1.038         0.000         0.000
 M12            0.000         1.000         0.000         0.000
 Y1             0.000         0.000         0.586         0.000
 Y2             0.000         0.000         0.791         0.000
 Y3             0.000         0.000         1.000         0.000
 X3P1           0.000         0.000         0.000         1.000
 X2P2           0.000         0.000         0.000         0.354
 X1P3           0.000         0.000         0.000         0.460


           THETA
              X1            X2            X3            M1            M2
              ________      ________      ________      ________      ________
 X1             0.125
 X2             0.000         0.125
 X3             0.000         0.000         0.124
 M1             0.000         0.000         0.000         1.342
 M2             0.000         0.000         0.000         0.000         1.289
 M3             0.000         0.000         0.000         0.000         0.000
 M4             0.000         0.000         0.000         0.000         0.000
 M5             0.000         0.000         0.000         0.000         0.000
 M6             0.000         0.000         0.000         0.000         0.000
 M7             0.000         0.000         0.000         0.000         0.000
 M8             0.000         0.000         0.000         0.000         0.000
 M9             0.000         0.000         0.000         0.000         0.000
 M10            0.000         0.000         0.000         0.000         0.000
 M11            0.000         0.000         0.000         0.000         0.000
 M12            0.000         0.000         0.000         0.000         0.000
 Y1             0.000         0.000         0.000         0.000         0.000
 Y2             0.000         0.000         0.000         0.000         0.000
 Y3             0.000         0.000         0.000         0.000         0.000
 X3P1           0.000         0.000         0.000         0.000         0.000
 X2P2           0.000         0.000         0.000         0.000         0.000
 X1P3           0.000         0.000         0.000         0.000         0.000


           THETA
              M3            M4            M5            M6            M7
              ________      ________      ________      ________      ________
 M3             1.275
 M4             0.000         1.198
 M5             0.000         0.000         1.292
 M6             0.000         0.000         0.000         1.326
 M7             0.000         0.000         0.000         0.000         1.124
 M8             0.000         0.000         0.000         0.000         0.000
 M9             0.000         0.000         0.000         0.000         0.000
 M10            0.000         0.000         0.000         0.000         0.000
 M11            0.000         0.000         0.000         0.000         0.000
 M12            0.000         0.000         0.000         0.000         0.000
 Y1             0.000         0.000         0.000         0.000         0.000
 Y2             0.000         0.000         0.000         0.000         0.000
 Y3             0.000         0.000         0.000         0.000         0.000
 X3P1           0.000         0.000         0.000         0.000         0.000
 X2P2           0.000         0.000         0.000         0.000         0.000
 X1P3           0.000         0.000         0.000         0.000         0.000


           THETA
              M8            M9            M10           M11           M12
              ________      ________      ________      ________      ________
 M8             1.177
 M9             0.000         1.123
 M10            0.000         0.000         1.188
 M11            0.000         0.000         0.000         1.106
 M12            0.000         0.000         0.000         0.000         1.172
 Y1             0.000         0.000         0.000         0.000         0.000
 Y2             0.000         0.000         0.000         0.000         0.000
 Y3             0.000         0.000         0.000         0.000         0.000
 X3P1           0.000         0.000         0.000         0.000         0.000
 X2P2           0.000         0.000         0.000         0.000         0.000
 X1P3           0.000         0.000         0.000         0.000         0.000


           THETA
              Y1            Y2            Y3            X3P1          X2P2
              ________      ________      ________      ________      ________
 Y1             0.348
 Y2             0.000         0.453
 Y3             0.000         0.000         0.643
 X3P1           0.000         0.000         0.000         0.109
 X2P2           0.000         0.000         0.000         0.000         0.104
 X1P3           0.000         0.000         0.000         0.000         0.000


           THETA
              X1P3
              ________
 X1P3           0.103


           ALPHA
              X             M             Y             XM
              ________      ________      ________      ________
                0.000         0.000         0.000         0.000


           BETA
              X             M             Y             XM
              ________      ________      ________      ________
 X              0.000         0.000         0.000         0.000
 M              0.000         0.000         0.000         0.000
 Y              0.000         0.000         0.000         0.000
 XM             0.000         0.000         0.000         0.000


           PSI
              X             M             Y             XM
              ________      ________      ________      ________
 X              0.050
 M              0.000         0.050
 Y              0.000         0.000         0.050
 XM             0.000         0.000         0.000         0.050


     STARTING VALUES FOR THE ADDITIONAL PARAMETERS


           New/Additional Parameters
              VAR_Y         STD_B1        STD_B2        STD_B3
              ________      ________      ________      ________
                0.500         0.500         0.500         0.500


RESULTS SAVING INFORMATION

  Order of data

    Parameter estimates
     (saved in order shown in Technical 1 output)
    Standard errors
     (saved in order shown in Technical 1 output)
    Number of Free Parameters
    H0 Loglikelihood
    H0 Scaling Correction Factor for MLR
    H1 Loglikelihood
    H1 Scaling Correction Factor for MLR
    Akaike (AIC)
    Bayesian (BIC)
    Sample-Size Adjusted BIC
    Chi-square : Value
    Chi-square : Degrees of Freedom
    Chi-square : P-Value
    Chi-square : Scaling Correction Factor for MLR/MLM/WLSM
    CFI
    TLI
    RMSEA : Estimate
    RMSEA : Low CI
    RMSEA : High CI
    RMSEA : Probability
    SRMR
    Condition Number

  Save file
    parcelupi_results_1070.dat

  Save file format           Free


     Beginning Time:  21:55:29
        Ending Time:  21:55:30
       Elapsed Time:  00:00:01



MUTHEN & MUTHEN
3463 Stoner Ave.
Los Angeles, CA  90066

Tel: (310) 391-9971
Fax: (310) 391-8971
Web: www.StatModel.com
Support: Support@StatModel.com

Copyright (c) 1998-2022 Muthen & Muthen
