Mplus VERSION 8.8 (Mac)
MUTHEN & MUTHEN
07/27/2025   9:21 PM

INPUT INSTRUCTIONS


    TITLE: Parceling Unconstrained Product Indicator

    DATA:
      FILE = parcelupi_simdat_798.dat;
      FORMAT IS FREE;

    VARIABLE:
      NAMES = x1 x2 x3
      	    m1 m2 m3 m4 m5 m6
      	    m7 m8 m9 m10 m11 m12
      	    y1 y2 y3
      	    p1 p2 p3
      	    x3p1 x2p2 x1p3;
      USEVARIABLES = x1 x2 x3
      	    m1 m2 m3 m4 m5 m6
      	    m7 m8 m9 m10 m11 m12
      	    y1 y2 y3
      	    x3p1 x2p2 x1p3;

    ANALYSIS:
      TYPE = general;
      ESTIMATOR = MLR;
    MODEL:
      !measurement model
      X BY x3 x2 x1;
      X (var_X);
      M BY m12 m11 m10 m9 m8 m7 m6 m5 m4 m3 m2 m1;
      M (var_M);
      Y BY y3 y2 y1;
      Y (resvar_Y);
      XM BY x3p1 x2p2 x1p3;
      XM (var_XM);

      !covariances between predictors
      X WITH M (cov_XM);
      X WITH XM (cov_XXM);
      M WITH XM (cov_MXM);

      !structural model
      Y ON X (b1);
      Y ON M (b2);
      Y ON XM (b3);

    MODEL CONSTRAINT:

      NEW(var_Y std_b1 std_b2 std_b3);
      var_Y = resvar_Y +
       (b1^2 * var_X +
        b2^2 * var_M +
        b3^2 * var_XM +
        2 * b1 * b2 * cov_XM +
        2 * b1 * b3 * cov_XXM +
        2 * b2 * b3 * cov_MXM);

        std_b1 = b1 * sqrt(var_X) / sqrt(var_Y);
        std_b2 = b2 * sqrt(var_M) / sqrt(var_Y);
        std_b3 = b3 * sqrt(var_X) * sqrt(var_M) / sqrt(var_Y);

    OUTPUT:
      sampstat tech1 CINTERVAL;

    SAVEDATA:
      RESULTS = parcelupi_results_798.dat;




INPUT READING TERMINATED NORMALLY



Parceling Unconstrained Product Indicator

SUMMARY OF ANALYSIS

Number of groups                                                 1
Number of observations                                         100

Number of dependent variables                                   21
Number of independent variables                                  0
Number of continuous latent variables                            4

Observed dependent variables

  Continuous
   X1          X2          X3          M1          M2          M3
   M4          M5          M6          M7          M8          M9
   M10         M11         M12         Y1          Y2          Y3
   X3P1        X2P2        X1P3

Continuous latent variables
   X           M           Y           XM


Estimator                                                      MLR
Information matrix                                        OBSERVED
Maximum number of iterations                                  1000
Convergence criterion                                    0.500D-04
Maximum number of steepest descent iterations                   20

Input data file(s)
  parcelupi_simdat_798.dat

Input data format  FREE


SAMPLE STATISTICS


     SAMPLE STATISTICS


           Means
              X1            X2            X3            M1            M2
              ________      ________      ________      ________      ________
                0.000         0.000         0.000         0.000         0.000


           Means
              M3            M4            M5            M6            M7
              ________      ________      ________      ________      ________
                0.000         0.000         0.000         0.000         0.000


           Means
              M8            M9            M10           M11           M12
              ________      ________      ________      ________      ________
                0.000         0.000         0.000         0.000         0.000


           Means
              Y1            Y2            Y3            X3P1          X2P2
              ________      ________      ________      ________      ________
                0.655         0.890         1.142         0.000         0.000


           Means
              X1P3
              ________
                0.000


           Covariances
              X1            X2            X3            M1            M2
              ________      ________      ________      ________      ________
 X1             0.236
 X2             0.050         0.250
 X3             0.088         0.080         0.250
 M1             0.055        -0.025         0.052         2.861
 M2             0.032        -0.020         0.084        -0.199         2.628
 M3             0.002         0.070         0.110        -0.007         0.206
 M4            -0.223        -0.035         0.014         0.028         0.223
 M5            -0.003        -0.010         0.053         0.184        -0.135
 M6             0.123         0.035         0.198        -0.064         0.313
 M7             0.091         0.055         0.038        -0.018         0.267
 M8             0.012         0.010         0.094         0.371         0.068
 M9             0.040        -0.100         0.012         0.144         0.136
 M10            0.048        -0.030         0.030         0.667         0.174
 M11            0.123        -0.060         0.179         0.060         0.681
 M12            0.077         0.095         0.184         0.418         0.543
 Y1             0.088        -0.023         0.099         0.194         0.276
 Y2             0.097         0.008         0.117         0.493         0.091
 Y3             0.155        -0.001         0.078         0.313         0.117
 X3P1          -0.010        -0.009         0.003         0.063        -0.004
 X2P2          -0.007         0.000         0.011        -0.171        -0.052
 X1P3           0.016         0.018        -0.019        -0.030        -0.090


           Covariances
              M3            M4            M5            M6            M7
              ________      ________      ________      ________      ________
 M3             2.540
 M4             0.071         2.585
 M5             0.177         0.550         2.340
 M6             0.197         0.580         0.329         2.408
 M7             0.517        -0.441         0.292         0.111         2.433
 M8             0.356        -0.017         0.165         0.073         0.147
 M9             0.278         0.496         0.469         0.558         0.300
 M10            0.640         0.179         0.753         0.283         0.683
 M11            0.611         0.076         0.468         0.209         0.358
 M12            0.601         0.375         0.680         0.701         0.389
 Y1            -0.145        -0.077        -0.091         0.208         0.049
 Y2            -0.071         0.142         0.186         0.079         0.250
 Y3            -0.152        -0.048         0.289         0.293         0.114
 X3P1           0.005         0.000        -0.053        -0.082        -0.220
 X2P2          -0.065        -0.035        -0.039        -0.005        -0.033
 X1P3          -0.082        -0.032        -0.125        -0.090        -0.074


           Covariances
              M8            M9            M10           M11           M12
              ________      ________      ________      ________      ________
 M8             2.508
 M9             0.376         2.394
 M10            0.394         0.882         2.280
 M11            0.331         1.035         0.899         2.496
 M12            0.653         0.496         0.799         1.136         2.205
 Y1             0.207         0.175        -0.030         0.100         0.090
 Y2             0.126         0.431         0.331         0.348         0.401
 Y3             0.371         0.279         0.154         0.406         0.306
 X3P1          -0.170        -0.063        -0.086         0.038        -0.009
 X2P2           0.026         0.061        -0.088        -0.068        -0.042
 X1P3          -0.015        -0.077        -0.086        -0.033        -0.010


           Covariances
              Y1            Y2            Y3            X3P1          X2P2
              ________      ________      ________      ________      ________
 Y1             0.685
 Y2             0.287         0.881
 Y3             0.391         0.491         1.123
 X3P1           0.003         0.004         0.039         0.213
 X2P2           0.034        -0.006         0.003         0.039         0.205
 X1P3           0.007         0.013        -0.009         0.020         0.009


           Covariances
              X1P3
              ________
 X1P3           0.190


           Correlations
              X1            X2            X3            M1            M2
              ________      ________      ________      ________      ________
 X1             1.000
 X2             0.206         1.000
 X3             0.361         0.320         1.000
 M1             0.067        -0.030         0.061         1.000
 M2             0.040        -0.025         0.103        -0.073         1.000
 M3             0.003         0.088         0.139        -0.002         0.080
 M4            -0.286        -0.044         0.017         0.010         0.085
 M5            -0.004        -0.013         0.069         0.071        -0.055
 M6             0.163         0.045         0.255        -0.025         0.124
 M7             0.120         0.071         0.048        -0.007         0.105
 M8             0.015         0.013         0.118         0.138         0.026
 M9             0.053        -0.129         0.015         0.055         0.054
 M10            0.065        -0.040         0.039         0.261         0.071
 M11            0.160        -0.076         0.227         0.022         0.266
 M12            0.106         0.128         0.247         0.166         0.225
 Y1             0.219        -0.055         0.239         0.138         0.206
 Y2             0.212         0.018         0.250         0.311         0.060
 Y3             0.302        -0.001         0.148         0.175         0.068
 X3P1          -0.046        -0.038         0.011         0.080        -0.005
 X2P2          -0.030         0.000         0.048        -0.223        -0.070
 X1P3           0.075         0.082        -0.086        -0.041        -0.128


           Correlations
              M3            M4            M5            M6            M7
              ________      ________      ________      ________      ________
 M3             1.000
 M4             0.028         1.000
 M5             0.073         0.224         1.000
 M6             0.080         0.233         0.139         1.000
 M7             0.208        -0.176         0.122         0.046         1.000
 M8             0.141        -0.007         0.068         0.030         0.059
 M9             0.113         0.199         0.198         0.232         0.124
 M10            0.266         0.074         0.326         0.121         0.290
 M11            0.243         0.030         0.194         0.085         0.145
 M12            0.254         0.157         0.299         0.304         0.168
 Y1            -0.110        -0.058        -0.072         0.162         0.038
 Y2            -0.047         0.094         0.130         0.054         0.171
 Y3            -0.090        -0.028         0.179         0.178         0.069
 X3P1           0.006         0.000        -0.075        -0.115        -0.306
 X2P2          -0.090        -0.048        -0.056        -0.007        -0.047
 X1P3          -0.118        -0.046        -0.188        -0.133        -0.109


           Correlations
              M8            M9            M10           M11           M12
              ________      ________      ________      ________      ________
 M8             1.000
 M9             0.153         1.000
 M10            0.165         0.377         1.000
 M11            0.132         0.423         0.377         1.000
 M12            0.278         0.216         0.356         0.484         1.000
 Y1             0.158         0.136        -0.024         0.077         0.073
 Y2             0.085         0.297         0.233         0.234         0.288
 Y3             0.221         0.170         0.097         0.243         0.194
 X3P1          -0.232        -0.088        -0.123         0.052        -0.013
 X2P2           0.037         0.088        -0.129        -0.096        -0.062
 X1P3          -0.021        -0.114        -0.130        -0.048        -0.016


           Correlations
              Y1            Y2            Y3            X3P1          X2P2
              ________      ________      ________      ________      ________
 Y1             1.000
 Y2             0.369         1.000
 Y3             0.446         0.494         1.000
 X3P1           0.007         0.009         0.080         1.000
 X2P2           0.091        -0.014         0.007         0.189         1.000
 X1P3           0.020         0.031        -0.020         0.098         0.045


           Correlations
              X1P3
              ________
 X1P3           1.000


UNIVARIATE SAMPLE STATISTICS


     UNIVARIATE HIGHER-ORDER MOMENT DESCRIPTIVE STATISTICS

         Variable/         Mean/     Skewness/   Minimum/ % with                Percentiles
        Sample Size      Variance    Kurtosis    Maximum  Min/Max      20%/60%    40%/80%    Median

     X1                    0.000       0.494      -0.380   62.00%      -0.380     -0.380     -0.380
             100.000       0.236      -1.756       0.620   38.00%      -0.380      0.620
     X2                    0.000       0.000      -0.500   50.00%      -0.500     -0.500      0.000
             100.000       0.250      -2.000       0.500   50.00%       0.500      0.500
     X3                    0.000       0.080      -0.480   52.00%      -0.480     -0.480     -0.480
             100.000       0.250      -1.994       0.520   48.00%       0.520      0.520
     M1                    0.000       0.168      -1.830   37.00%      -1.830     -0.830     -0.330
             100.000       2.861      -1.673       2.170   29.00%       1.170      2.170
     M2                    0.000      -0.151      -2.180   26.00%      -2.180     -0.180     -0.180
             100.000       2.628      -1.544       1.820   36.00%       0.820      1.820
     M3                    0.000       0.041      -2.020   26.00%      -2.020     -1.020     -0.020
             100.000       2.540      -1.549       1.980   31.00%      -0.020      1.980
     M4                    0.000       0.099      -1.930   29.00%      -1.930     -0.930      0.070
             100.000       2.585      -1.583       2.070   28.00%       1.070      2.070
     M5                    0.000      -0.169      -2.140   23.00%      -2.140     -0.140     -0.140
             100.000       2.340      -1.462       1.860   27.00%       0.860      1.860
     M6                    0.000      -0.154      -2.150   24.00%      -2.150     -0.150     -0.150
             100.000       2.408      -1.459       1.850   30.00%       0.850      1.850
     M7                    0.000      -0.106      -2.130   23.00%      -2.130     -1.130     -0.130
             100.000       2.433      -1.518       1.870   30.00%       0.870      1.870
     M8                    0.000      -0.206      -2.180   25.00%      -2.180     -0.180     -0.180
             100.000       2.508      -1.511       1.820   31.00%       0.820      1.820
     M9                    0.000      -0.198      -2.080   28.00%      -2.080     -0.080     -0.080
             100.000       2.394      -1.467       1.920   24.00%       0.920      1.920
     M10                   0.000       0.034      -1.980   25.00%      -1.980     -0.980      0.020
             100.000       2.280      -1.406       2.020   25.00%       0.020      2.020
     M11                   0.000       0.114      -1.940   27.00%      -1.940     -0.940      0.060
             100.000       2.496      -1.531       2.060   28.00%       0.060      2.060
     M12                   0.000       0.157      -1.930   22.00%      -1.930     -0.930      0.070
             100.000       2.205      -1.394       2.070   24.00%       0.070      2.070
     Y1                    0.655      -0.152      -1.112    1.00%      -0.080      0.519      0.661
             100.000       0.685      -0.435       2.945    1.00%       0.999      1.420
     Y2                    0.890      -0.007      -1.071    1.00%      -0.031      0.697      0.918
             100.000       0.881      -0.418       3.297    1.00%       1.131      1.754
     Y3                    1.142      -0.152      -1.289    1.00%       0.259      0.819      1.090
             100.000       1.123      -0.570       3.396    1.00%       1.571      2.053
     X3P1                  0.000       0.138      -1.075    1.00%      -0.453     -0.165     -0.035
             100.000       0.213      -0.634       1.005    2.00%       0.095      0.387
     X2P2                  0.000       0.295      -0.925    1.00%      -0.425     -0.160     -0.043
             100.000       0.205      -0.443       1.075    1.00%       0.075      0.340
     X1P3                  0.000       0.243      -0.799    2.00%      -0.419     -0.134     -0.039
             100.000       0.190      -0.357       1.131    2.00%       0.056      0.356


     THIS ANALYSIS MAY HAVE MULTIPLE SOLUTIONS.  EXPLORE THIS USING RANDOM STARTS,
     FOR EXAMPLE, STARTS = 20.  USE A LARGE ENOUGH NUMBER OF STARTS SO THAT THE
     BEST FIT FUNCTION VALUE IS REPLICATED SEVERAL TIMES.


THE MODEL ESTIMATION TERMINATED NORMALLY

     THE STANDARD ERRORS OF THE MODEL PARAMETER ESTIMATES MAY NOT BE
     TRUSTWORTHY FOR SOME PARAMETERS DUE TO A NON-POSITIVE DEFINITE
     FIRST-ORDER DERIVATIVE PRODUCT MATRIX.  THIS MAY BE DUE TO THE STARTING
     VALUES BUT MAY ALSO BE AN INDICATION OF MODEL NONIDENTIFICATION.  THE
     CONDITION NUMBER IS      -0.991D-18.  PROBLEM INVOLVING THE FOLLOWING PARAMETER:
     Parameter 40, X2

     THIS IS MOST LIKELY DUE TO VARIABLE X1 BEING DICHOTOMOUS BUT
     DECLARED AS CONTINUOUS.




MODEL FIT INFORMATION

Number of Free Parameters                       69

Loglikelihood

          H0 Value                       -2937.877
          H0 Scaling Correction Factor      0.8968
            for MLR
          H1 Value                       -2828.104
          H1 Scaling Correction Factor      0.9541
            for MLR

Information Criteria

          Akaike (AIC)                    6013.753
          Bayesian (BIC)                  6193.510
          Sample-Size Adjusted BIC        5975.591
            (n* = (n + 2) / 24)

Chi-Square Test of Model Fit

          Value                            225.023*
          Degrees of Freedom                   183
          P-Value                           0.0187
          Scaling Correction Factor         0.9757
            for MLR

*   The chi-square value for MLM, MLMV, MLR, ULSMV, WLSM and WLSMV cannot be used
    for chi-square difference testing in the regular way.  MLM, MLR and WLSM
    chi-square difference testing is described on the Mplus website.  MLMV, WLSMV,
    and ULSMV difference testing is done using the DIFFTEST option.

RMSEA (Root Mean Square Error Of Approximation)

          Estimate                           0.048
          90 Percent C.I.                    0.021  0.068
          Probability RMSEA <= .05           0.550

CFI/TLI

          CFI                                0.820
          TLI                                0.793

Chi-Square Test of Model Fit for the Baseline Model

          Value                            443.195
          Degrees of Freedom                   210
          P-Value                           0.0000

SRMR (Standardized Root Mean Square Residual)

          Value                              0.078



MODEL RESULTS

                                                    Two-Tailed
                    Estimate       S.E.  Est./S.E.    P-Value

 X        BY
    X3                 1.000      0.000    999.000    999.000
    X2                 0.506      0.191      2.651      0.008
    X1                 0.683      0.459      1.489      0.137

 M        BY
    M12                1.000      0.000    999.000    999.000
    M11                1.004      0.185      5.439      0.000
    M10                0.909      0.259      3.516      0.000
    M9                 0.772      0.225      3.437      0.001
    M8                 0.482      0.166      2.896      0.004
    M7                 0.472      0.237      1.992      0.046
    M6                 0.493      0.174      2.831      0.005
    M5                 0.603      0.203      2.967      0.003
    M4                 0.274      0.199      1.376      0.169
    M3                 0.527      0.174      3.037      0.002
    M2                 0.401      0.193      2.084      0.037
    M1                 0.348      0.201      1.737      0.082

 Y        BY
    Y3                 1.000      0.000    999.000    999.000
    Y2                 0.861      0.212      4.072      0.000
    Y1                 0.606      0.114      5.332      0.000

 XM       BY
    X3P1               1.000      0.000    999.000    999.000
    X2P2               0.831      0.560      1.483      0.138
    X1P3               0.570      0.807      0.706      0.480

 Y        ON
    X                  0.614      0.645      0.952      0.341
    M                  0.326      0.163      2.000      0.045
    XM                 0.969      1.276      0.759      0.448

 X        WITH
    M                  0.118      0.077      1.528      0.127
    XM                -0.001      0.019     -0.035      0.972

 M        WITH
    XM                -0.070      0.053     -1.324      0.186

 Intercepts
    X1                 0.000      0.049      0.000      1.000
    X2                 0.000      0.050      0.000      1.000
    X3                 0.000      0.050      0.000      1.000
    M1                 0.000      0.169      0.000      1.000
    M2                 0.000      0.162      0.000      1.000
    M3                 0.000      0.159      0.000      1.000
    M4                 0.000      0.161      0.000      1.000
    M5                 0.000      0.153      0.000      1.000
    M6                 0.000      0.155      0.000      1.000
    M7                 0.000      0.156      0.000      1.000
    M8                 0.000      0.158      0.000      1.000
    M9                 0.000      0.155      0.000      1.000
    M10                0.000      0.151      0.000      1.000
    M11                0.000      0.158      0.000      1.000
    M12                0.000      0.148      0.000      1.000
    Y1                 0.655      0.083      7.918      0.000
    Y2                 0.890      0.094      9.486      0.000
    Y3                 1.142      0.106     10.777      0.000
    X3P1               0.000      0.046      0.000      1.000
    X2P2               0.000      0.045      0.000      1.000
    X1P3               0.000      0.044      0.000      1.000

 Variances
    X                  0.138      0.082      1.672      0.094
    M                  1.017      0.304      3.345      0.001
    XM                 0.039      0.043      0.907      0.364

 Residual Variances
    X1                 0.171      0.051      3.342      0.001
    X2                 0.215      0.024      9.103      0.000
    X3                 0.112      0.083      1.352      0.176
    M1                 2.738      0.214     12.800      0.000
    M2                 2.464      0.222     11.109      0.000
    M3                 2.257      0.199     11.350      0.000
    M4                 2.509      0.201     12.485      0.000
    M5                 1.971      0.216      9.114      0.000
    M6                 2.160      0.207     10.446      0.000
    M7                 2.207      0.236      9.353      0.000
    M8                 2.272      0.200     11.360      0.000
    M9                 1.788      0.272      6.580      0.000
    M10                1.439      0.287      5.019      0.000
    M11                1.472      0.291      5.050      0.000
    M12                1.189      0.245      4.848      0.000
    Y1                 0.471      0.076      6.165      0.000
    Y2                 0.447      0.124      3.608      0.000
    Y3                 0.539      0.162      3.324      0.001
    X3P1               0.174      0.047      3.732      0.000
    X2P2               0.178      0.041      4.313      0.000
    X1P3               0.177      0.037      4.822      0.000
    Y                  0.385      0.170      2.263      0.024

New/Additional Parameters
    VAR_Y              0.584      0.175      3.343      0.001
    STD_B1             0.299      0.230      1.299      0.194
    STD_B2             0.430      0.196      2.190      0.029
    STD_B3             0.475      0.617      0.769      0.442


QUALITY OF NUMERICAL RESULTS

     Condition Number for the Information Matrix              0.142E-03
       (ratio of smallest to largest eigenvalue)


CONFIDENCE INTERVALS OF MODEL RESULTS

                  Lower .5%  Lower 2.5%    Lower 5%    Estimate    Upper 5%  Upper 2.5%   Upper .5%

 X        BY
    X3               1.000       1.000       1.000       1.000       1.000       1.000       1.000
    X2               0.014       0.132       0.192       0.506       0.820       0.880       0.998
    X1              -0.499      -0.216      -0.072       0.683       1.438       1.582       1.865

 M        BY
    M12              1.000       1.000       1.000       1.000       1.000       1.000       1.000
    M11              0.529       0.642       0.700       1.004       1.308       1.366       1.479
    M10              0.243       0.402       0.484       0.909       1.335       1.416       1.575
    M9               0.193       0.332       0.403       0.772       1.142       1.212       1.351
    M8               0.053       0.156       0.208       0.482       0.755       0.808       0.910
    M7              -0.138       0.008       0.082       0.472       0.862       0.936       1.082
    M6               0.044       0.152       0.207       0.493       0.780       0.835       0.942
    M5               0.080       0.205       0.269       0.603       0.937       1.001       1.126
    M4              -0.239      -0.116      -0.054       0.274       0.602       0.665       0.787
    M3               0.080       0.187       0.242       0.527       0.813       0.867       0.974
    M2              -0.095       0.024       0.085       0.401       0.718       0.779       0.897
    M1              -0.168      -0.045       0.019       0.348       0.678       0.742       0.865

 Y        BY
    Y3               1.000       1.000       1.000       1.000       1.000       1.000       1.000
    Y2               0.317       0.447       0.513       0.861       1.210       1.276       1.406
    Y1               0.313       0.383       0.419       0.606       0.793       0.829       0.899

 XM       BY
    X3P1             1.000       1.000       1.000       1.000       1.000       1.000       1.000
    X2P2            -0.612      -0.267      -0.091       0.831       1.753       1.930       2.275
    X1P3            -1.508      -1.012      -0.757       0.570       1.897       2.151       2.647

 Y        ON
    X               -1.048      -0.651      -0.447       0.614       1.676       1.879       2.277
    M               -0.094       0.007       0.058       0.326       0.594       0.646       0.746
    XM              -2.317      -1.532      -1.130       0.969       3.067       3.469       4.255

 X        WITH
    M               -0.081      -0.033      -0.009       0.118       0.244       0.269       0.316
    XM              -0.049      -0.037      -0.031      -0.001       0.030       0.036       0.047

 M        WITH
    XM              -0.207      -0.174      -0.157      -0.070       0.017       0.034       0.066

 Intercepts
    X1              -0.125      -0.095      -0.080       0.000       0.080       0.095       0.125
    X2              -0.129      -0.098      -0.082       0.000       0.082       0.098       0.129
    X3              -0.129      -0.098      -0.082       0.000       0.082       0.098       0.129
    M1              -0.436      -0.332      -0.278       0.000       0.278       0.332       0.436
    M2              -0.418      -0.318      -0.267       0.000       0.267       0.318       0.418
    M3              -0.410      -0.312      -0.262       0.000       0.262       0.312       0.410
    M4              -0.414      -0.315      -0.264       0.000       0.264       0.315       0.414
    M5              -0.394      -0.300      -0.252       0.000       0.252       0.300       0.394
    M6              -0.400      -0.304      -0.255       0.000       0.255       0.304       0.400
    M7              -0.402      -0.306      -0.257       0.000       0.257       0.306       0.402
    M8              -0.408      -0.310      -0.260       0.000       0.260       0.310       0.408
    M9              -0.399      -0.303      -0.255       0.000       0.255       0.303       0.399
    M10             -0.389      -0.296      -0.248       0.000       0.248       0.296       0.389
    M11             -0.407      -0.310      -0.260       0.000       0.260       0.310       0.407
    M12             -0.382      -0.291      -0.244       0.000       0.244       0.291       0.382
    Y1               0.442       0.493       0.519       0.655       0.792       0.818       0.869
    Y2               0.648       0.706       0.736       0.890       1.045       1.074       1.132
    Y3               0.869       0.934       0.968       1.142       1.316       1.350       1.415
    X3P1            -0.119      -0.091      -0.076       0.000       0.076       0.091       0.119
    X2P2            -0.117      -0.089      -0.074       0.000       0.074       0.089       0.117
    X1P3            -0.112      -0.085      -0.072       0.000       0.072       0.085       0.112

 Variances
    X               -0.075      -0.024       0.002       0.138       0.274       0.300       0.350
    M                0.234       0.421       0.517       1.017       1.516       1.612       1.799
    XM              -0.072      -0.045      -0.032       0.039       0.110       0.123       0.150

 Residual Variances
    X1               0.039       0.071       0.087       0.171       0.256       0.272       0.303
    X2               0.154       0.168       0.176       0.215       0.253       0.261       0.275
    X3              -0.101      -0.050      -0.024       0.112       0.248       0.274       0.324
    M1               2.187       2.318       2.386       2.738       3.089       3.157       3.289
    M2               1.893       2.029       2.099       2.464       2.829       2.899       3.035
    M3               1.745       1.867       1.930       2.257       2.584       2.647       2.769
    M4               1.991       2.115       2.178       2.509       2.839       2.903       3.026
    M5               1.414       1.547       1.615       1.971       2.327       2.395       2.528
    M6               1.628       1.755       1.820       2.160       2.500       2.566       2.693
    M7               1.599       1.744       1.819       2.207       2.595       2.669       2.814
    M8               1.757       1.880       1.943       2.272       2.601       2.664       2.787
    M9               1.088       1.255       1.341       1.788       2.235       2.320       2.487
    M10              0.701       0.877       0.967       1.439       1.911       2.001       2.178
    M11              0.721       0.900       0.992       1.472       1.951       2.043       2.223
    M12              0.557       0.708       0.785       1.189       1.592       1.669       1.820
    Y1               0.274       0.321       0.345       0.471       0.596       0.620       0.667
    Y2               0.128       0.204       0.243       0.447       0.651       0.690       0.766
    Y3               0.121       0.221       0.272       0.539       0.805       0.856       0.956
    X3P1             0.054       0.083       0.098       0.174       0.251       0.266       0.295
    X2P2             0.072       0.097       0.110       0.178       0.245       0.258       0.284
    X1P3             0.082       0.105       0.117       0.177       0.237       0.249       0.271
    Y               -0.053       0.052       0.105       0.385       0.665       0.719       0.824

New/Additional Parameters
    VAR_Y            0.134       0.242       0.297       0.584       0.871       0.926       1.034
    STD_B1          -0.294      -0.152      -0.080       0.299       0.677       0.749       0.891
    STD_B2          -0.076       0.045       0.107       0.430       0.753       0.815       0.936
    STD_B3          -1.115      -0.735      -0.541       0.475       1.490       1.684       2.065


TECHNICAL 1 OUTPUT


     PARAMETER SPECIFICATION


           NU
              X1            X2            X3            M1            M2
              ________      ________      ________      ________      ________
                  1             2             3             4             5


           NU
              M3            M4            M5            M6            M7
              ________      ________      ________      ________      ________
                  6             7             8             9            10


           NU
              M8            M9            M10           M11           M12
              ________      ________      ________      ________      ________
                 11            12            13            14            15


           NU
              Y1            Y2            Y3            X3P1          X2P2
              ________      ________      ________      ________      ________
                 16            17            18            19            20


           NU
              X1P3
              ________
                 21


           LAMBDA
              X             M             Y             XM
              ________      ________      ________      ________
 X1                22             0             0             0
 X2                23             0             0             0
 X3                 0             0             0             0
 M1                 0            24             0             0
 M2                 0            25             0             0
 M3                 0            26             0             0
 M4                 0            27             0             0
 M5                 0            28             0             0
 M6                 0            29             0             0
 M7                 0            30             0             0
 M8                 0            31             0             0
 M9                 0            32             0             0
 M10                0            33             0             0
 M11                0            34             0             0
 M12                0             0             0             0
 Y1                 0             0            35             0
 Y2                 0             0            36             0
 Y3                 0             0             0             0
 X3P1               0             0             0             0
 X2P2               0             0             0            37
 X1P3               0             0             0            38


           THETA
              X1            X2            X3            M1            M2
              ________      ________      ________      ________      ________
 X1                39
 X2                 0            40
 X3                 0             0            41
 M1                 0             0             0            42
 M2                 0             0             0             0            43
 M3                 0             0             0             0             0
 M4                 0             0             0             0             0
 M5                 0             0             0             0             0
 M6                 0             0             0             0             0
 M7                 0             0             0             0             0
 M8                 0             0             0             0             0
 M9                 0             0             0             0             0
 M10                0             0             0             0             0
 M11                0             0             0             0             0
 M12                0             0             0             0             0
 Y1                 0             0             0             0             0
 Y2                 0             0             0             0             0
 Y3                 0             0             0             0             0
 X3P1               0             0             0             0             0
 X2P2               0             0             0             0             0
 X1P3               0             0             0             0             0


           THETA
              M3            M4            M5            M6            M7
              ________      ________      ________      ________      ________
 M3                44
 M4                 0            45
 M5                 0             0            46
 M6                 0             0             0            47
 M7                 0             0             0             0            48
 M8                 0             0             0             0             0
 M9                 0             0             0             0             0
 M10                0             0             0             0             0
 M11                0             0             0             0             0
 M12                0             0             0             0             0
 Y1                 0             0             0             0             0
 Y2                 0             0             0             0             0
 Y3                 0             0             0             0             0
 X3P1               0             0             0             0             0
 X2P2               0             0             0             0             0
 X1P3               0             0             0             0             0


           THETA
              M8            M9            M10           M11           M12
              ________      ________      ________      ________      ________
 M8                49
 M9                 0            50
 M10                0             0            51
 M11                0             0             0            52
 M12                0             0             0             0            53
 Y1                 0             0             0             0             0
 Y2                 0             0             0             0             0
 Y3                 0             0             0             0             0
 X3P1               0             0             0             0             0
 X2P2               0             0             0             0             0
 X1P3               0             0             0             0             0


           THETA
              Y1            Y2            Y3            X3P1          X2P2
              ________      ________      ________      ________      ________
 Y1                54
 Y2                 0            55
 Y3                 0             0            56
 X3P1               0             0             0            57
 X2P2               0             0             0             0            58
 X1P3               0             0             0             0             0


           THETA
              X1P3
              ________
 X1P3              59


           ALPHA
              X             M             Y             XM
              ________      ________      ________      ________
                  0             0             0             0


           BETA
              X             M             Y             XM
              ________      ________      ________      ________
 X                  0             0             0             0
 M                  0             0             0             0
 Y                 60            61             0            62
 XM                 0             0             0             0


           PSI
              X             M             Y             XM
              ________      ________      ________      ________
 X                 63
 M                 64            65
 Y                  0             0            66
 XM                67            68             0            69


     PARAMETER SPECIFICATION FOR THE ADDITIONAL PARAMETERS


           New/Additional Parameters
              VAR_Y         STD_B1        STD_B2        STD_B3
              ________      ________      ________      ________
                   70            71            72            73


     STARTING VALUES


           NU
              X1            X2            X3            M1            M2
              ________      ________      ________      ________      ________
                0.000         0.000         0.000         0.000         0.000


           NU
              M3            M4            M5            M6            M7
              ________      ________      ________      ________      ________
                0.000         0.000         0.000         0.000         0.000


           NU
              M8            M9            M10           M11           M12
              ________      ________      ________      ________      ________
                0.000         0.000         0.000         0.000         0.000


           NU
              Y1            Y2            Y3            X3P1          X2P2
              ________      ________      ________      ________      ________
                0.655         0.890         1.142         0.000         0.000


           NU
              X1P3
              ________
                0.000


           LAMBDA
              X             M             Y             XM
              ________      ________      ________      ________
 X1             0.625         0.000         0.000         0.000
 X2             0.571         0.000         0.000         0.000
 X3             1.000         0.000         0.000         0.000
 M1             0.000         2.062         0.000         0.000
 M2             0.000        -0.026         0.000         0.000
 M3             0.000         1.071         0.000         0.000
 M4             0.000         0.341         0.000         0.000
 M5             0.000         1.553         0.000         0.000
 M6             0.000         0.658         0.000         0.000
 M7             0.000         0.983         0.000         0.000
 M8             0.000         1.140         0.000         0.000
 M9             0.000         0.919         0.000         0.000
 M10            0.000         1.674         0.000         0.000
 M11            0.000         1.573         0.000         0.000
 M12            0.000         1.000         0.000         0.000
 Y1             0.000         0.000         0.583         0.000
 Y2             0.000         0.000         0.733         0.000
 Y3             0.000         0.000         1.000         0.000
 X3P1           0.000         0.000         0.000         1.000
 X2P2           0.000         0.000         0.000         0.452
 X1P3           0.000         0.000         0.000         0.227


           THETA
              X1            X2            X3            M1            M2
              ________      ________      ________      ________      ________
 X1             0.118
 X2             0.000         0.125
 X3             0.000         0.000         0.125
 M1             0.000         0.000         0.000         1.431
 M2             0.000         0.000         0.000         0.000         1.314
 M3             0.000         0.000         0.000         0.000         0.000
 M4             0.000         0.000         0.000         0.000         0.000
 M5             0.000         0.000         0.000         0.000         0.000
 M6             0.000         0.000         0.000         0.000         0.000
 M7             0.000         0.000         0.000         0.000         0.000
 M8             0.000         0.000         0.000         0.000         0.000
 M9             0.000         0.000         0.000         0.000         0.000
 M10            0.000         0.000         0.000         0.000         0.000
 M11            0.000         0.000         0.000         0.000         0.000
 M12            0.000         0.000         0.000         0.000         0.000
 Y1             0.000         0.000         0.000         0.000         0.000
 Y2             0.000         0.000         0.000         0.000         0.000
 Y3             0.000         0.000         0.000         0.000         0.000
 X3P1           0.000         0.000         0.000         0.000         0.000
 X2P2           0.000         0.000         0.000         0.000         0.000
 X1P3           0.000         0.000         0.000         0.000         0.000


           THETA
              M3            M4            M5            M6            M7
              ________      ________      ________      ________      ________
 M3             1.270
 M4             0.000         1.293
 M5             0.000         0.000         1.170
 M6             0.000         0.000         0.000         1.204
 M7             0.000         0.000         0.000         0.000         1.217
 M8             0.000         0.000         0.000         0.000         0.000
 M9             0.000         0.000         0.000         0.000         0.000
 M10            0.000         0.000         0.000         0.000         0.000
 M11            0.000         0.000         0.000         0.000         0.000
 M12            0.000         0.000         0.000         0.000         0.000
 Y1             0.000         0.000         0.000         0.000         0.000
 Y2             0.000         0.000         0.000         0.000         0.000
 Y3             0.000         0.000         0.000         0.000         0.000
 X3P1           0.000         0.000         0.000         0.000         0.000
 X2P2           0.000         0.000         0.000         0.000         0.000
 X1P3           0.000         0.000         0.000         0.000         0.000


           THETA
              M8            M9            M10           M11           M12
              ________      ________      ________      ________      ________
 M8             1.254
 M9             0.000         1.197
 M10            0.000         0.000         1.140
 M11            0.000         0.000         0.000         1.248
 M12            0.000         0.000         0.000         0.000         1.103
 Y1             0.000         0.000         0.000         0.000         0.000
 Y2             0.000         0.000         0.000         0.000         0.000
 Y3             0.000         0.000         0.000         0.000         0.000
 X3P1           0.000         0.000         0.000         0.000         0.000
 X2P2           0.000         0.000         0.000         0.000         0.000
 X1P3           0.000         0.000         0.000         0.000         0.000


           THETA
              Y1            Y2            Y3            X3P1          X2P2
              ________      ________      ________      ________      ________
 Y1             0.343
 Y2             0.000         0.440
 Y3             0.000         0.000         0.561
 X3P1           0.000         0.000         0.000         0.107
 X2P2           0.000         0.000         0.000         0.000         0.102
 X1P3           0.000         0.000         0.000         0.000         0.000


           THETA
              X1P3
              ________
 X1P3           0.095


           ALPHA
              X             M             Y             XM
              ________      ________      ________      ________
                0.000         0.000         0.000         0.000


           BETA
              X             M             Y             XM
              ________      ________      ________      ________
 X              0.000         0.000         0.000         0.000
 M              0.000         0.000         0.000         0.000
 Y              0.000         0.000         0.000         0.000
 XM             0.000         0.000         0.000         0.000


           PSI
              X             M             Y             XM
              ________      ________      ________      ________
 X              0.050
 M              0.000         0.050
 Y              0.000         0.000         0.050
 XM             0.000         0.000         0.000         0.050


     STARTING VALUES FOR THE ADDITIONAL PARAMETERS


           New/Additional Parameters
              VAR_Y         STD_B1        STD_B2        STD_B3
              ________      ________      ________      ________
                0.500         0.500         0.500         0.500


RESULTS SAVING INFORMATION

  Order of data

    Parameter estimates
     (saved in order shown in Technical 1 output)
    Standard errors
     (saved in order shown in Technical 1 output)
    Number of Free Parameters
    H0 Loglikelihood
    H0 Scaling Correction Factor for MLR
    H1 Loglikelihood
    H1 Scaling Correction Factor for MLR
    Akaike (AIC)
    Bayesian (BIC)
    Sample-Size Adjusted BIC
    Chi-square : Value
    Chi-square : Degrees of Freedom
    Chi-square : P-Value
    Chi-square : Scaling Correction Factor for MLR/MLM/WLSM
    CFI
    TLI
    RMSEA : Estimate
    RMSEA : Low CI
    RMSEA : High CI
    RMSEA : Probability
    SRMR
    Condition Number

  Save file
    parcelupi_results_798.dat

  Save file format           Free


     Beginning Time:  21:21:19
        Ending Time:  21:21:20
       Elapsed Time:  00:00:01



MUTHEN & MUTHEN
3463 Stoner Ave.
Los Angeles, CA  90066

Tel: (310) 391-9971
Fax: (310) 391-8971
Web: www.StatModel.com
Support: Support@StatModel.com

Copyright (c) 1998-2022 Muthen & Muthen
