Mplus VERSION 8.8 (Mac)
MUTHEN & MUTHEN
07/27/2025   4:35 PM

INPUT INSTRUCTIONS


    TITLE: Parceling Unconstrained Product Indicator

    DATA:
      FILE = parcelupi_simdat_1288.dat;
      FORMAT IS FREE;

    VARIABLE:
      NAMES = x1 x2 x3
      	    m1 m2 m3 m4 m5 m6
      	    m7 m8 m9 m10 m11 m12
      	    y1 y2 y3
      	    p1 p2 p3
      	    x3p1 x2p2 x1p3;
      USEVARIABLES = x1 x2 x3
      	    m1 m2 m3 m4 m5 m6
      	    m7 m8 m9 m10 m11 m12
      	    y1 y2 y3
      	    x3p1 x2p2 x1p3;

    ANALYSIS:
      TYPE = general;
      ESTIMATOR = MLR;
    MODEL:
      !measurement model
      X BY x3 x2 x1;
      X (var_X);
      M BY m12 m11 m10 m9 m8 m7 m6 m5 m4 m3 m2 m1;
      M (var_M);
      Y BY y3 y2 y1;
      Y (resvar_Y);
      XM BY x3p1 x2p2 x1p3;
      XM (var_XM);

      !covariances between predictors
      X WITH M (cov_XM);
      X WITH XM (cov_XXM);
      M WITH XM (cov_MXM);

      !structural model
      Y ON X (b1);
      Y ON M (b2);
      Y ON XM (b3);

    MODEL CONSTRAINT:

      NEW(var_Y std_b1 std_b2 std_b3);
      var_Y = resvar_Y +
       (b1^2 * var_X +
        b2^2 * var_M +
        b3^2 * var_XM +
        2 * b1 * b2 * cov_XM +
        2 * b1 * b3 * cov_XXM +
        2 * b2 * b3 * cov_MXM);

        std_b1 = b1 * sqrt(var_X) / sqrt(var_Y);
        std_b2 = b2 * sqrt(var_M) / sqrt(var_Y);
        std_b3 = b3 * sqrt(var_X) * sqrt(var_M) / sqrt(var_Y);

    OUTPUT:
      sampstat tech1 CINTERVAL;

    SAVEDATA:
      RESULTS = parcelupi_results_1288.dat;




INPUT READING TERMINATED NORMALLY



Parceling Unconstrained Product Indicator

SUMMARY OF ANALYSIS

Number of groups                                                 1
Number of observations                                         100

Number of dependent variables                                   21
Number of independent variables                                  0
Number of continuous latent variables                            4

Observed dependent variables

  Continuous
   X1          X2          X3          M1          M2          M3
   M4          M5          M6          M7          M8          M9
   M10         M11         M12         Y1          Y2          Y3
   X3P1        X2P2        X1P3

Continuous latent variables
   X           M           Y           XM


Estimator                                                      MLR
Information matrix                                        OBSERVED
Maximum number of iterations                                  1000
Convergence criterion                                    0.500D-04
Maximum number of steepest descent iterations                   20

Input data file(s)
  parcelupi_simdat_1288.dat

Input data format  FREE


SAMPLE STATISTICS


     SAMPLE STATISTICS


           Means
              X1            X2            X3            M1            M2
              ________      ________      ________      ________      ________
                0.000         0.000         0.000         0.000         0.000


           Means
              M3            M4            M5            M6            M7
              ________      ________      ________      ________      ________
                0.000         0.000         0.000         0.000         0.000


           Means
              M8            M9            M10           M11           M12
              ________      ________      ________      ________      ________
                0.000         0.000         0.000         0.000         0.000


           Means
              Y1            Y2            Y3            X3P1          X2P2
              ________      ________      ________      ________      ________
                0.635         0.784         1.107         0.000         0.000


           Means
              X1P3
              ________
                0.000


           Covariances
              X1            X2            X3            M1            M2
              ________      ________      ________      ________      ________
 X1             0.248
 X2             0.095         0.250
 X3             0.077         0.140         0.248
 M1             0.027         0.003        -0.145         2.586
 M2             0.098         0.050         0.032        -0.068         2.738
 M3            -0.027         0.031        -0.014         0.057         0.103
 M4             0.115         0.025        -0.105         0.418         0.180
 M5            -0.027         0.020         0.002         0.055         0.308
 M6             0.269         0.164         0.163        -0.041         0.374
 M7             0.053         0.017         0.035        -0.390         0.278
 M8             0.077         0.108         0.139         0.305        -0.238
 M9             0.106         0.018        -0.029         0.547         0.261
 M10            0.137        -0.008         0.011         0.038         0.417
 M11            0.129         0.176         0.240         0.073         0.494
 M12            0.102         0.150         0.118         0.138         0.422
 Y1             0.074         0.092         0.070        -0.036         0.097
 Y2             0.066         0.134         0.094        -0.269         0.134
 Y3             0.111         0.156         0.120        -0.120         0.204
 X3P1          -0.040        -0.012         0.004        -0.120         0.109
 X2P2           0.026         0.002         0.003        -0.095        -0.020
 X1P3           0.009         0.017        -0.002        -0.021         0.104


           Covariances
              M3            M4            M5            M6            M7
              ________      ________      ________      ________      ________
 M3             2.434
 M4            -0.009         2.470
 M5             0.084         0.364         2.187
 M6             0.412         0.038         0.298         2.588
 M7            -0.025        -0.058         0.465         0.289         2.114
 M8             0.245         0.153         0.231        -0.093         0.101
 M9            -0.012         0.283         0.258         0.420         0.509
 M10            0.376         0.512         0.319         0.557         0.246
 M11            0.161         0.231         0.380         0.806         0.399
 M12            0.017         0.370         0.502         0.866         0.182
 Y1             0.053         0.027        -0.182         0.086         0.002
 Y2             0.105        -0.054        -0.027        -0.018         0.148
 Y3             0.043         0.180        -0.066         0.208         0.071
 X3P1           0.223        -0.010         0.123        -0.097        -0.029
 X2P2           0.096        -0.012         0.057         0.067        -0.079
 X1P3           0.021         0.020         0.006         0.029        -0.003


           Covariances
              M8            M9            M10           M11           M12
              ________      ________      ________      ________      ________
 M8             2.274
 M9             0.786         2.397
 M10            0.624         0.821         2.088
 M11            0.306         0.520         0.660         2.318
 M12            0.658         0.929         0.853         1.086         2.198
 Y1            -0.008        -0.048         0.089         0.127         0.132
 Y2             0.095        -0.205         0.040         0.424         0.257
 Y3             0.270        -0.071         0.163         0.542         0.315
 X3P1          -0.044        -0.021         0.029         0.037        -0.077
 X2P2           0.001         0.004         0.082        -0.014         0.057
 X1P3          -0.001         0.004        -0.012         0.087         0.056


           Covariances
              Y1            Y2            Y3            X3P1          X2P2
              ________      ________      ________      ________      ________
 Y1             0.652
 Y2             0.310         1.177
 Y3             0.378         0.702         1.124
 X3P1          -0.051         0.025         0.061         0.236
 X2P2           0.011         0.053         0.057         0.055         0.187
 X1P3           0.009         0.063         0.074         0.079         0.054


           Covariances
              X1P3
              ________
 X1P3           0.190


           Correlations
              X1            X2            X3            M1            M2
              ________      ________      ________      ________      ________
 X1             1.000
 X2             0.380         1.000
 X3             0.311         0.565         1.000
 M1             0.033         0.004        -0.181         1.000
 M2             0.119         0.060         0.039        -0.026         1.000
 M3            -0.034         0.039        -0.018         0.023         0.040
 M4             0.146         0.032        -0.134         0.165         0.069
 M5            -0.037         0.026         0.003         0.023         0.126
 M6             0.336         0.203         0.203        -0.016         0.141
 M7             0.073         0.023         0.049        -0.167         0.115
 M8             0.103         0.143         0.186         0.126        -0.095
 M9             0.137         0.023        -0.037         0.220         0.102
 M10            0.191        -0.011         0.015         0.016         0.174
 M11            0.171         0.231         0.316         0.030         0.196
 M12            0.137         0.203         0.160         0.058         0.172
 Y1             0.185         0.228         0.174        -0.027         0.073
 Y2             0.122         0.246         0.173        -0.154         0.075
 Y3             0.210         0.293         0.227        -0.070         0.116
 X3P1          -0.163        -0.048         0.016        -0.153         0.136
 X2P2           0.122         0.008         0.015        -0.137        -0.028
 X1P3           0.040         0.079        -0.007        -0.030         0.144


           Correlations
              M3            M4            M5            M6            M7
              ________      ________      ________      ________      ________
 M3             1.000
 M4            -0.004         1.000
 M5             0.036         0.157         1.000
 M6             0.164         0.015         0.125         1.000
 M7            -0.011        -0.025         0.216         0.123         1.000
 M8             0.104         0.065         0.103        -0.039         0.046
 M9            -0.005         0.116         0.113         0.169         0.226
 M10            0.167         0.225         0.149         0.240         0.117
 M11            0.068         0.097         0.169         0.329         0.180
 M12            0.007         0.159         0.229         0.363         0.085
 Y1             0.042         0.021        -0.153         0.066         0.002
 Y2             0.062        -0.032        -0.017        -0.011         0.094
 Y3             0.026         0.108        -0.042         0.122         0.046
 X3P1           0.294        -0.013         0.171        -0.124        -0.041
 X2P2           0.142        -0.018         0.090         0.097        -0.126
 X1P3           0.030         0.029         0.010         0.041        -0.004


           Correlations
              M8            M9            M10           M11           M12
              ________      ________      ________      ________      ________
 M8             1.000
 M9             0.337         1.000
 M10            0.286         0.367         1.000
 M11            0.133         0.221         0.300         1.000
 M12            0.294         0.405         0.398         0.481         1.000
 Y1            -0.006        -0.039         0.076         0.103         0.110
 Y2             0.058        -0.122         0.025         0.257         0.160
 Y3             0.169        -0.043         0.107         0.336         0.201
 X3P1          -0.060        -0.028         0.041         0.051        -0.106
 X2P2           0.002         0.006         0.132        -0.021         0.089
 X1P3          -0.001         0.005        -0.018         0.130         0.087


           Correlations
              Y1            Y2            Y3            X3P1          X2P2
              ________      ________      ________      ________      ________
 Y1             1.000
 Y2             0.354         1.000
 Y3             0.442         0.610         1.000
 X3P1          -0.130         0.048         0.117         1.000
 X2P2           0.032         0.113         0.125         0.260         1.000
 X1P3           0.026         0.132         0.159         0.375         0.287


           Correlations
              X1P3
              ________
 X1P3           1.000


UNIVARIATE SAMPLE STATISTICS


     UNIVARIATE HIGHER-ORDER MOMENT DESCRIPTIVE STATISTICS

         Variable/         Mean/     Skewness/   Minimum/ % with                Percentiles
        Sample Size      Variance    Kurtosis    Maximum  Min/Max      20%/60%    40%/80%    Median

     X1                    0.000       0.161      -0.460   54.00%      -0.460     -0.460     -0.460
             100.000       0.248      -1.974       0.540   46.00%       0.540      0.540
     X2                    0.000       0.040      -0.490   51.00%      -0.490     -0.490     -0.490
             100.000       0.250      -1.998       0.510   49.00%       0.510      0.510
     X3                    0.000      -0.201      -0.550   45.00%      -0.550     -0.550      0.450
             100.000       0.247      -1.960       0.450   55.00%       0.450      0.450
     M1                    0.000       0.242      -1.790   33.00%      -1.790     -0.790     -0.290
             100.000       2.586      -1.524       2.210   26.00%       0.210      2.210
     M2                    0.000       0.037      -1.960   33.00%      -1.960     -0.960      0.040
             100.000       2.738      -1.610       2.040   31.00%       0.040      2.040
     M3                    0.000      -0.133      -2.080   26.00%      -2.080     -1.080     -0.080
             100.000       2.434      -1.523       1.920   26.00%       0.920      1.920
     M4                    0.000      -0.014      -1.990   28.00%      -1.990     -0.990      0.010
             100.000       2.470      -1.533       2.010   26.00%       1.010      2.010
     M5                    0.000      -0.431      -2.450   16.00%      -1.450     -0.450      0.550
             100.000       2.188      -1.236       1.550   36.00%       0.550      1.550
     M6                    0.000       0.158      -1.850   32.00%      -1.850     -0.850      0.150
             100.000       2.588      -1.564       2.150   26.00%       0.150      2.150
     M7                    0.000      -0.215      -2.190   20.00%      -2.190     -0.190     -0.190
             100.000       2.114      -1.274       1.810   26.00%       0.810      1.810
     M8                    0.000      -0.308      -2.310   19.00%      -1.310     -0.310      0.690
             100.000       2.274      -1.360       1.690   32.00%       0.690      1.690
     M9                    0.000      -0.278      -2.270   22.00%      -2.270     -0.270     -0.270
             100.000       2.397      -1.411       1.730   33.00%       0.730      1.730
     M10                   0.000      -0.097      -2.180   17.00%      -1.180     -0.180     -0.180
             100.000       2.088      -1.319       1.820   28.00%       0.820      1.820
     M11                   0.000      -0.067      -2.110   22.00%      -2.110     -0.110     -0.110
             100.000       2.318      -1.439       1.890   29.00%       0.890      1.890
     M12                   0.000       0.042      -2.040   20.00%      -2.040     -1.040     -0.040
             100.000       2.198      -1.412       1.960   26.00%      -0.040      1.960
     Y1                    0.635       0.127      -1.272    1.00%      -0.159      0.473      0.671
             100.000       0.652      -0.098       2.981    1.00%       0.894      1.241
     Y2                    0.784      -0.082      -1.671    1.00%      -0.017      0.578      0.749
             100.000       1.177      -0.282       3.178    1.00%       0.991      1.711
     Y3                    1.107       0.194      -1.275    1.00%       0.216      0.812      1.036
             100.000       1.124      -0.387       3.505    1.00%       1.271      1.970
     X3P1                  0.000       0.095      -1.048    1.00%      -0.420     -0.085      0.030
             100.000       0.236      -0.570       1.152    1.00%       0.052      0.465
     X2P2                  0.000      -0.071      -0.844    2.00%      -0.449     -0.067      0.013
             100.000       0.187      -0.734       0.993    1.00%       0.136      0.381
     X1P3                  0.000      -0.021      -0.959    1.00%      -0.418     -0.073      0.014
             100.000       0.190      -0.596       0.931    2.00%       0.121      0.387


     THIS ANALYSIS MAY HAVE MULTIPLE SOLUTIONS.  EXPLORE THIS USING RANDOM STARTS,
     FOR EXAMPLE, STARTS = 20.  USE A LARGE ENOUGH NUMBER OF STARTS SO THAT THE
     BEST FIT FUNCTION VALUE IS REPLICATED SEVERAL TIMES.


THE MODEL ESTIMATION TERMINATED NORMALLY

     THE STANDARD ERRORS OF THE MODEL PARAMETER ESTIMATES MAY NOT BE
     TRUSTWORTHY FOR SOME PARAMETERS DUE TO A NON-POSITIVE DEFINITE
     FIRST-ORDER DERIVATIVE PRODUCT MATRIX.  THIS MAY BE DUE TO THE STARTING
     VALUES BUT MAY ALSO BE AN INDICATION OF MODEL NONIDENTIFICATION.  THE
     CONDITION NUMBER IS       0.687D-18.  PROBLEM INVOLVING THE FOLLOWING PARAMETER:
     Parameter 40, X2

     THIS IS MOST LIKELY DUE TO VARIABLE X1 BEING DICHOTOMOUS BUT
     DECLARED AS CONTINUOUS.




MODEL FIT INFORMATION

Number of Free Parameters                       69

Loglikelihood

          H0 Value                       -2894.347
          H0 Scaling Correction Factor      0.8885
            for MLR
          H1 Value                       -2797.832
          H1 Scaling Correction Factor      0.9520
            for MLR

Information Criteria

          Akaike (AIC)                    5926.694
          Bayesian (BIC)                  6106.451
          Sample-Size Adjusted BIC        5888.531
            (n* = (n + 2) / 24)

Chi-Square Test of Model Fit

          Value                            197.795*
          Degrees of Freedom                   183
          P-Value                           0.2153
          Scaling Correction Factor         0.9759
            for MLR

*   The chi-square value for MLM, MLMV, MLR, ULSMV, WLSM and WLSMV cannot be used
    for chi-square difference testing in the regular way.  MLM, MLR and WLSM
    chi-square difference testing is described on the Mplus website.  MLMV, WLSMV,
    and ULSMV difference testing is done using the DIFFTEST option.

RMSEA (Root Mean Square Error Of Approximation)

          Estimate                           0.028
          90 Percent C.I.                    0.000  0.054
          Probability RMSEA <= .05           0.912

CFI/TLI

          CFI                                0.945
          TLI                                0.937

Chi-Square Test of Model Fit for the Baseline Model

          Value                            480.999
          Degrees of Freedom                   210
          P-Value                           0.0000

SRMR (Standardized Root Mean Square Residual)

          Value                              0.076



MODEL RESULTS

                                                    Two-Tailed
                    Estimate       S.E.  Est./S.E.    P-Value

 X        BY
    X3                 1.000      0.000    999.000    999.000
    X2                 1.192      0.228      5.236      0.000
    X1                 0.700      0.181      3.867      0.000

 M        BY
    M12                1.000      0.000    999.000    999.000
    M11                0.832      0.147      5.678      0.000
    M10                0.713      0.148      4.809      0.000
    M9                 0.693      0.178      3.887      0.000
    M8                 0.480      0.158      3.045      0.002
    M7                 0.281      0.155      1.814      0.070
    M6                 0.639      0.171      3.736      0.000
    M5                 0.381      0.152      2.508      0.012
    M4                 0.305      0.160      1.906      0.057
    M3                 0.150      0.170      0.883      0.377
    M2                 0.371      0.169      2.192      0.028
    M1                 0.121      0.170      0.712      0.476

 Y        BY
    Y3                 1.000      0.000    999.000    999.000
    Y2                 0.782      0.193      4.061      0.000
    Y1                 0.423      0.104      4.074      0.000

 XM       BY
    X3P1               1.000      0.000    999.000    999.000
    X2P2               0.713      0.258      2.766      0.006
    X1P3               1.046      0.430      2.434      0.015

 Y        ON
    X                  1.005      0.384      2.619      0.009
    M                  0.123      0.118      1.042      0.298
    XM                 0.753      0.525      1.435      0.151

 X        WITH
    M                  0.126      0.062      2.016      0.044
    XM                 0.003      0.015      0.191      0.848

 M        WITH
    XM                 0.028      0.060      0.474      0.636

 Intercepts
    X1                 0.000      0.050      0.000      1.000
    X2                 0.000      0.050      0.000      1.000
    X3                 0.000      0.050      0.000      1.000
    M1                 0.000      0.161      0.000      1.000
    M2                 0.000      0.165      0.000      1.000
    M3                 0.000      0.156      0.000      1.000
    M4                 0.000      0.157      0.000      1.000
    M5                 0.000      0.148      0.000      1.000
    M6                 0.000      0.161      0.000      1.000
    M7                 0.000      0.145      0.000      1.000
    M8                 0.000      0.151      0.000      1.000
    M9                 0.000      0.155      0.000      1.000
    M10                0.000      0.144      0.000      1.000
    M11                0.000      0.152      0.000      1.000
    M12                0.000      0.148      0.000      1.000
    Y1                 0.635      0.081      7.863      0.000
    Y2                 0.784      0.108      7.228      0.000
    Y3                 1.107      0.106     10.441      0.000
    X3P1               0.000      0.049      0.000      1.000
    X2P2               0.000      0.043      0.000      1.000
    X1P3               0.000      0.044      0.000      1.000

 Variances
    X                  0.116      0.031      3.704      0.000
    M                  1.268      0.248      5.119      0.000
    XM                 0.075      0.039      1.941      0.052

 Residual Variances
    X1                 0.192      0.025      7.696      0.000
    X2                 0.085      0.036      2.330      0.020
    X3                 0.131      0.031      4.207      0.000
    M1                 2.567      0.184     13.914      0.000
    M2                 2.564      0.216     11.865      0.000
    M3                 2.405      0.166     14.471      0.000
    M4                 2.352      0.191     12.329      0.000
    M5                 2.003      0.195     10.267      0.000
    M6                 2.070      0.268      7.720      0.000
    M7                 2.014      0.176     11.412      0.000
    M8                 1.982      0.245      8.090      0.000
    M9                 1.788      0.299      5.974      0.000
    M10                1.442      0.213      6.781      0.000
    M11                1.440      0.273      5.278      0.000
    M12                0.930      0.198      4.695      0.000
    Y1                 0.491      0.085      5.759      0.000
    Y2                 0.628      0.176      3.558      0.000
    Y3                 0.225      0.174      1.299      0.194
    X3P1               0.161      0.038      4.283      0.000
    X2P2               0.149      0.024      6.089      0.000
    X1P3               0.108      0.033      3.292      0.001
    Y                  0.679      0.193      3.518      0.000

New/Additional Parameters
    VAR_Y              0.898      0.224      4.019      0.000
    STD_B1             0.361      0.117      3.084      0.002
    STD_B2             0.146      0.139      1.050      0.294
    STD_B3             0.305      0.214      1.424      0.154


QUALITY OF NUMERICAL RESULTS

     Condition Number for the Information Matrix              0.175E-03
       (ratio of smallest to largest eigenvalue)


CONFIDENCE INTERVALS OF MODEL RESULTS

                  Lower .5%  Lower 2.5%    Lower 5%    Estimate    Upper 5%  Upper 2.5%   Upper .5%

 X        BY
    X3               1.000       1.000       1.000       1.000       1.000       1.000       1.000
    X2               0.606       0.746       0.818       1.192       1.567       1.639       1.779
    X1               0.234       0.345       0.402       0.700       0.998       1.055       1.166

 M        BY
    M12              1.000       1.000       1.000       1.000       1.000       1.000       1.000
    M11              0.455       0.545       0.591       0.832       1.073       1.119       1.210
    M10              0.331       0.423       0.469       0.713       0.957       1.004       1.095
    M9               0.234       0.344       0.400       0.693       0.987       1.043       1.153
    M8               0.074       0.171       0.221       0.480       0.739       0.789       0.886
    M7              -0.118      -0.023       0.026       0.281       0.535       0.584       0.680
    M6               0.198       0.304       0.358       0.639       0.920       0.974       1.079
    M5              -0.010       0.083       0.131       0.381       0.631       0.679       0.773
    M4              -0.107      -0.009       0.042       0.305       0.568       0.619       0.717
    M3              -0.288      -0.183      -0.130       0.150       0.430       0.484       0.589
    M2              -0.065       0.039       0.093       0.371       0.650       0.703       0.808
    M1              -0.318      -0.213      -0.159       0.121       0.402       0.456       0.560

 Y        BY
    Y3               1.000       1.000       1.000       1.000       1.000       1.000       1.000
    Y2               0.286       0.405       0.465       0.782       1.099       1.159       1.278
    Y1               0.156       0.220       0.252       0.423       0.594       0.627       0.691

 XM       BY
    X3P1             1.000       1.000       1.000       1.000       1.000       1.000       1.000
    X2P2             0.049       0.208       0.289       0.713       1.138       1.219       1.378
    X1P3            -0.061       0.204       0.339       1.046       1.753       1.888       2.153

 Y        ON
    X                0.017       0.253       0.374       1.005       1.636       1.757       1.993
    M               -0.181      -0.108      -0.071       0.123       0.317       0.354       0.427
    XM              -0.598      -0.275      -0.110       0.753       1.616       1.782       2.105

 X        WITH
    M               -0.035       0.004       0.023       0.126       0.228       0.248       0.286
    XM              -0.036      -0.026      -0.022       0.003       0.027       0.032       0.041

 M        WITH
    XM              -0.125      -0.089      -0.070       0.028       0.126       0.145       0.182

 Intercepts
    X1              -0.128      -0.098      -0.082       0.000       0.082       0.098       0.128
    X2              -0.129      -0.098      -0.082       0.000       0.082       0.098       0.129
    X3              -0.128      -0.098      -0.082       0.000       0.082       0.098       0.128
    M1              -0.414      -0.315      -0.265       0.000       0.265       0.315       0.414
    M2              -0.426      -0.324      -0.272       0.000       0.272       0.324       0.426
    M3              -0.402      -0.306      -0.257       0.000       0.257       0.306       0.402
    M4              -0.405      -0.308      -0.259       0.000       0.259       0.308       0.405
    M5              -0.381      -0.290      -0.243       0.000       0.243       0.290       0.381
    M6              -0.414      -0.315      -0.265       0.000       0.265       0.315       0.414
    M7              -0.375      -0.285      -0.239       0.000       0.239       0.285       0.375
    M8              -0.388      -0.296      -0.248       0.000       0.248       0.296       0.388
    M9              -0.399      -0.303      -0.255       0.000       0.255       0.303       0.399
    M10             -0.372      -0.283      -0.238       0.000       0.238       0.283       0.372
    M11             -0.392      -0.298      -0.250       0.000       0.250       0.298       0.392
    M12             -0.382      -0.291      -0.244       0.000       0.244       0.291       0.382
    Y1               0.427       0.476       0.502       0.635       0.767       0.793       0.843
    Y2               0.505       0.572       0.606       0.784       0.963       0.997       1.064
    Y3               0.834       0.899       0.932       1.107       1.281       1.315       1.380
    X3P1            -0.125      -0.095      -0.080       0.000       0.080       0.095       0.125
    X2P2            -0.111      -0.085      -0.071       0.000       0.071       0.085       0.111
    X1P3            -0.112      -0.085      -0.072       0.000       0.072       0.085       0.112

 Variances
    X                0.035       0.055       0.064       0.116       0.168       0.177       0.197
    M                0.630       0.783       0.861       1.268       1.676       1.754       1.906
    XM              -0.025      -0.001       0.011       0.075       0.139       0.151       0.175

 Residual Variances
    X1               0.127       0.143       0.151       0.192       0.232       0.240       0.256
    X2              -0.009       0.013       0.025       0.085       0.145       0.156       0.179
    X3               0.051       0.070       0.080       0.131       0.183       0.193       0.212
    M1               2.092       2.206       2.264       2.567       2.871       2.929       3.042
    M2               2.007       2.140       2.208       2.564       2.919       2.987       3.120
    M3               1.977       2.079       2.132       2.405       2.678       2.731       2.833
    M4               1.861       1.978       2.038       2.352       2.666       2.726       2.843
    M5               1.501       1.621       1.682       2.003       2.324       2.386       2.506
    M6               1.379       1.544       1.629       2.070       2.511       2.595       2.761
    M7               1.559       1.668       1.724       2.014       2.304       2.360       2.469
    M8               1.351       1.502       1.579       1.982       2.385       2.462       2.613
    M9               1.017       1.201       1.295       1.788       2.280       2.374       2.559
    M10              0.894       1.025       1.092       1.442       1.792       1.859       1.990
    M11              0.737       0.905       0.991       1.440       1.888       1.974       2.142
    M12              0.420       0.542       0.604       0.930       1.256       1.318       1.440
    Y1               0.271       0.324       0.350       0.491       0.631       0.657       0.710
    Y2               0.173       0.282       0.337       0.628       0.918       0.973       1.082
    Y3              -0.222      -0.115      -0.060       0.225       0.511       0.566       0.673
    X3P1             0.064       0.088       0.099       0.161       0.223       0.235       0.259
    X2P2             0.086       0.101       0.109       0.149       0.189       0.197       0.212
    X1P3             0.023       0.044       0.054       0.108       0.162       0.172       0.192
    Y                0.182       0.301       0.361       0.679       0.996       1.057       1.176

New/Additional Parameters
    VAR_Y            0.323       0.460       0.531       0.898       1.266       1.336       1.474
    STD_B1           0.060       0.132       0.168       0.361       0.554       0.591       0.663
    STD_B2          -0.213      -0.127      -0.083       0.146       0.375       0.419       0.505
    STD_B3          -0.246      -0.115      -0.047       0.305       0.657       0.724       0.856


TECHNICAL 1 OUTPUT


     PARAMETER SPECIFICATION


           NU
              X1            X2            X3            M1            M2
              ________      ________      ________      ________      ________
                  1             2             3             4             5


           NU
              M3            M4            M5            M6            M7
              ________      ________      ________      ________      ________
                  6             7             8             9            10


           NU
              M8            M9            M10           M11           M12
              ________      ________      ________      ________      ________
                 11            12            13            14            15


           NU
              Y1            Y2            Y3            X3P1          X2P2
              ________      ________      ________      ________      ________
                 16            17            18            19            20


           NU
              X1P3
              ________
                 21


           LAMBDA
              X             M             Y             XM
              ________      ________      ________      ________
 X1                22             0             0             0
 X2                23             0             0             0
 X3                 0             0             0             0
 M1                 0            24             0             0
 M2                 0            25             0             0
 M3                 0            26             0             0
 M4                 0            27             0             0
 M5                 0            28             0             0
 M6                 0            29             0             0
 M7                 0            30             0             0
 M8                 0            31             0             0
 M9                 0            32             0             0
 M10                0            33             0             0
 M11                0            34             0             0
 M12                0             0             0             0
 Y1                 0             0            35             0
 Y2                 0             0            36             0
 Y3                 0             0             0             0
 X3P1               0             0             0             0
 X2P2               0             0             0            37
 X1P3               0             0             0            38


           THETA
              X1            X2            X3            M1            M2
              ________      ________      ________      ________      ________
 X1                39
 X2                 0            40
 X3                 0             0            41
 M1                 0             0             0            42
 M2                 0             0             0             0            43
 M3                 0             0             0             0             0
 M4                 0             0             0             0             0
 M5                 0             0             0             0             0
 M6                 0             0             0             0             0
 M7                 0             0             0             0             0
 M8                 0             0             0             0             0
 M9                 0             0             0             0             0
 M10                0             0             0             0             0
 M11                0             0             0             0             0
 M12                0             0             0             0             0
 Y1                 0             0             0             0             0
 Y2                 0             0             0             0             0
 Y3                 0             0             0             0             0
 X3P1               0             0             0             0             0
 X2P2               0             0             0             0             0
 X1P3               0             0             0             0             0


           THETA
              M3            M4            M5            M6            M7
              ________      ________      ________      ________      ________
 M3                44
 M4                 0            45
 M5                 0             0            46
 M6                 0             0             0            47
 M7                 0             0             0             0            48
 M8                 0             0             0             0             0
 M9                 0             0             0             0             0
 M10                0             0             0             0             0
 M11                0             0             0             0             0
 M12                0             0             0             0             0
 Y1                 0             0             0             0             0
 Y2                 0             0             0             0             0
 Y3                 0             0             0             0             0
 X3P1               0             0             0             0             0
 X2P2               0             0             0             0             0
 X1P3               0             0             0             0             0


           THETA
              M8            M9            M10           M11           M12
              ________      ________      ________      ________      ________
 M8                49
 M9                 0            50
 M10                0             0            51
 M11                0             0             0            52
 M12                0             0             0             0            53
 Y1                 0             0             0             0             0
 Y2                 0             0             0             0             0
 Y3                 0             0             0             0             0
 X3P1               0             0             0             0             0
 X2P2               0             0             0             0             0
 X1P3               0             0             0             0             0


           THETA
              Y1            Y2            Y3            X3P1          X2P2
              ________      ________      ________      ________      ________
 Y1                54
 Y2                 0            55
 Y3                 0             0            56
 X3P1               0             0             0            57
 X2P2               0             0             0             0            58
 X1P3               0             0             0             0             0


           THETA
              X1P3
              ________
 X1P3              59


           ALPHA
              X             M             Y             XM
              ________      ________      ________      ________
                  0             0             0             0


           BETA
              X             M             Y             XM
              ________      ________      ________      ________
 X                  0             0             0             0
 M                  0             0             0             0
 Y                 60            61             0            62
 XM                 0             0             0             0


           PSI
              X             M             Y             XM
              ________      ________      ________      ________
 X                 63
 M                 64            65
 Y                  0             0            66
 XM                67            68             0            69


     PARAMETER SPECIFICATION FOR THE ADDITIONAL PARAMETERS


           New/Additional Parameters
              VAR_Y         STD_B1        STD_B2        STD_B3
              ________      ________      ________      ________
                   70            71            72            73


     STARTING VALUES


           NU
              X1            X2            X3            M1            M2
              ________      ________      ________      ________      ________
                0.000         0.000         0.000         0.000         0.000


           NU
              M3            M4            M5            M6            M7
              ________      ________      ________      ________      ________
                0.000         0.000         0.000         0.000         0.000


           NU
              M8            M9            M10           M11           M12
              ________      ________      ________      ________      ________
                0.000         0.000         0.000         0.000         0.000


           NU
              Y1            Y2            Y3            X3P1          X2P2
              ________      ________      ________      ________      ________
                0.635         0.784         1.107         0.000         0.000


           NU
              X1P3
              ________
                0.000


           LAMBDA
              X             M             Y             XM
              ________      ________      ________      ________
 X1             0.673         0.000         0.000         0.000
 X2             1.229         0.000         0.000         0.000
 X3             1.000         0.000         0.000         0.000
 M1             0.000         1.506         0.000         0.000
 M2             0.000        -0.129         0.000         0.000
 M3             0.000        -0.077         0.000         0.000
 M4             0.000         0.391         0.000         0.000
 M5             0.000        -0.076         0.000         0.000
 M6             0.000        -0.095         0.000         0.000
 M7             0.000         0.470         0.000         0.000
 M8             0.000         0.842         0.000         0.000
 M9             0.000         0.314         0.000         0.000
 M10            0.000         1.020         0.000         0.000
 M11            0.000        -0.023         0.000         0.000
 M12            0.000         1.000         0.000         0.000
 Y1             0.000         0.000         0.442         0.000
 Y2             0.000         0.000         0.820         0.000
 Y3             0.000         0.000         1.000         0.000
 X3P1           0.000         0.000         0.000         1.000
 X2P2           0.000         0.000         0.000         0.681
 X1P3           0.000         0.000         0.000         0.990


           THETA
              X1            X2            X3            M1            M2
              ________      ________      ________      ________      ________
 X1             0.124
 X2             0.000         0.125
 X3             0.000         0.000         0.124
 M1             0.000         0.000         0.000         1.293
 M2             0.000         0.000         0.000         0.000         1.369
 M3             0.000         0.000         0.000         0.000         0.000
 M4             0.000         0.000         0.000         0.000         0.000
 M5             0.000         0.000         0.000         0.000         0.000
 M6             0.000         0.000         0.000         0.000         0.000
 M7             0.000         0.000         0.000         0.000         0.000
 M8             0.000         0.000         0.000         0.000         0.000
 M9             0.000         0.000         0.000         0.000         0.000
 M10            0.000         0.000         0.000         0.000         0.000
 M11            0.000         0.000         0.000         0.000         0.000
 M12            0.000         0.000         0.000         0.000         0.000
 Y1             0.000         0.000         0.000         0.000         0.000
 Y2             0.000         0.000         0.000         0.000         0.000
 Y3             0.000         0.000         0.000         0.000         0.000
 X3P1           0.000         0.000         0.000         0.000         0.000
 X2P2           0.000         0.000         0.000         0.000         0.000
 X1P3           0.000         0.000         0.000         0.000         0.000


           THETA
              M3            M4            M5            M6            M7
              ________      ________      ________      ________      ________
 M3             1.217
 M4             0.000         1.235
 M5             0.000         0.000         1.094
 M6             0.000         0.000         0.000         1.294
 M7             0.000         0.000         0.000         0.000         1.057
 M8             0.000         0.000         0.000         0.000         0.000
 M9             0.000         0.000         0.000         0.000         0.000
 M10            0.000         0.000         0.000         0.000         0.000
 M11            0.000         0.000         0.000         0.000         0.000
 M12            0.000         0.000         0.000         0.000         0.000
 Y1             0.000         0.000         0.000         0.000         0.000
 Y2             0.000         0.000         0.000         0.000         0.000
 Y3             0.000         0.000         0.000         0.000         0.000
 X3P1           0.000         0.000         0.000         0.000         0.000
 X2P2           0.000         0.000         0.000         0.000         0.000
 X1P3           0.000         0.000         0.000         0.000         0.000


           THETA
              M8            M9            M10           M11           M12
              ________      ________      ________      ________      ________
 M8             1.137
 M9             0.000         1.199
 M10            0.000         0.000         1.044
 M11            0.000         0.000         0.000         1.159
 M12            0.000         0.000         0.000         0.000         1.099
 Y1             0.000         0.000         0.000         0.000         0.000
 Y2             0.000         0.000         0.000         0.000         0.000
 Y3             0.000         0.000         0.000         0.000         0.000
 X3P1           0.000         0.000         0.000         0.000         0.000
 X2P2           0.000         0.000         0.000         0.000         0.000
 X1P3           0.000         0.000         0.000         0.000         0.000


           THETA
              Y1            Y2            Y3            X3P1          X2P2
              ________      ________      ________      ________      ________
 Y1             0.326
 Y2             0.000         0.588
 Y3             0.000         0.000         0.562
 X3P1           0.000         0.000         0.000         0.118
 X2P2           0.000         0.000         0.000         0.000         0.094
 X1P3           0.000         0.000         0.000         0.000         0.000


           THETA
              X1P3
              ________
 X1P3           0.095


           ALPHA
              X             M             Y             XM
              ________      ________      ________      ________
                0.000         0.000         0.000         0.000


           BETA
              X             M             Y             XM
              ________      ________      ________      ________
 X              0.000         0.000         0.000         0.000
 M              0.000         0.000         0.000         0.000
 Y              0.000         0.000         0.000         0.000
 XM             0.000         0.000         0.000         0.000


           PSI
              X             M             Y             XM
              ________      ________      ________      ________
 X              0.050
 M              0.000         0.050
 Y              0.000         0.000         0.050
 XM             0.000         0.000         0.000         0.050


     STARTING VALUES FOR THE ADDITIONAL PARAMETERS


           New/Additional Parameters
              VAR_Y         STD_B1        STD_B2        STD_B3
              ________      ________      ________      ________
                0.500         0.500         0.500         0.500


RESULTS SAVING INFORMATION

  Order of data

    Parameter estimates
     (saved in order shown in Technical 1 output)
    Standard errors
     (saved in order shown in Technical 1 output)
    Number of Free Parameters
    H0 Loglikelihood
    H0 Scaling Correction Factor for MLR
    H1 Loglikelihood
    H1 Scaling Correction Factor for MLR
    Akaike (AIC)
    Bayesian (BIC)
    Sample-Size Adjusted BIC
    Chi-square : Value
    Chi-square : Degrees of Freedom
    Chi-square : P-Value
    Chi-square : Scaling Correction Factor for MLR/MLM/WLSM
    CFI
    TLI
    RMSEA : Estimate
    RMSEA : Low CI
    RMSEA : High CI
    RMSEA : Probability
    SRMR
    Condition Number

  Save file
    parcelupi_results_1288.dat

  Save file format           Free


     Beginning Time:  16:35:23
        Ending Time:  16:35:24
       Elapsed Time:  00:00:01



MUTHEN & MUTHEN
3463 Stoner Ave.
Los Angeles, CA  90066

Tel: (310) 391-9971
Fax: (310) 391-8971
Web: www.StatModel.com
Support: Support@StatModel.com

Copyright (c) 1998-2022 Muthen & Muthen
